-- The C compiler identification is GNU 9.4.0
-- The CXX compiler identification is GNU 9.4.0
-- Check for working C compiler: /usr/bin/cc
-- Check for working C compiler: /usr/bin/cc -- works
-- Detecting C compiler ABI info
-- Detecting C compiler ABI info - done
-- Detecting C compile features
-- Detecting C compile features - done
-- Check for working CXX compiler: /usr/bin/c++
-- Check for working CXX compiler: /usr/bin/c++ -- works
-- Detecting CXX compiler ABI info
-- Detecting CXX compiler ABI info - done
-- Detecting CXX compile features
-- Detecting CXX compile features - done
-- Found ament_cmake: 0.9.12 (/opt/ros/foxy/share/ament_cmake/cmake)
-- Found PythonInterp: /usr/bin/python3 (found suitable version "3.8.10", minimum required is "3") 
-- Using PYTHON_EXECUTABLE: /usr/bin/python3
-- Configuring done
-- Generating done
-- Build files have been written to: /home/isopodin-time/ros2_ws/build/muuv_sim
-- Install configuration: ""
-- Installing: /home/isopodin-time/ros2_ws/install/muuv_sim/share/ament_index/resource_index/package_run_dependencies/muuv_sim
-- Installing: /home/isopodin-time/ros2_ws/install/muuv_sim/share/ament_index/resource_index/parent_prefix_path/muuv_sim
-- Installing: /home/isopodin-time/ros2_ws/install/muuv_sim/share/muuv_sim/environment/ament_prefix_path.sh
-- Installing: /home/isopodin-time/ros2_ws/install/muuv_sim/share/muuv_sim/environment/ament_prefix_path.dsv
-- Installing: /home/isopodin-time/ros2_ws/install/muuv_sim/share/muuv_sim/environment/path.sh
-- Installing: /home/isopodin-time/ros2_ws/install/muuv_sim/share/muuv_sim/environment/path.dsv
-- Installing: /home/isopodin-time/ros2_ws/install/muuv_sim/share/muuv_sim/local_setup.bash
-- Installing: /home/isopodin-time/ros2_ws/install/muuv_sim/share/muuv_sim/local_setup.sh
-- Installing: /home/isopodin-time/ros2_ws/install/muuv_sim/share/muuv_sim/local_setup.zsh
-- Installing: /home/isopodin-time/ros2_ws/install/muuv_sim/share/muuv_sim/local_setup.dsv
-- Installing: /home/isopodin-time/ros2_ws/install/muuv_sim/share/muuv_sim/package.dsv
-- Installing: /home/isopodin-time/ros2_ws/install/muuv_sim/share/ament_index/resource_index/packages/muuv_sim
-- Installing: /home/isopodin-time/ros2_ws/install/muuv_sim/share/muuv_sim/cmake/muuv_simConfig.cmake
-- Installing: /home/isopodin-time/ros2_ws/install/muuv_sim/share/muuv_sim/cmake/muuv_simConfig-version.cmake
-- Installing: /home/isopodin-time/ros2_ws/install/muuv_sim/share/muuv_sim/package.xml
