[0.426s] DEBUG:colcon:Command line arguments: ['/usr/bin/colcon', 'build', '--packages-select', 'uuv_assistants']
[0.427s] DEBUG:colcon:Parsed command line arguments: Namespace(allow_overriding=[], ament_cmake_args=None, base_paths=['.'], build_base='build', catkin_cmake_args=None, catkin_skip_building_tests=False, cmake_args=None, cmake_clean_cache=False, cmake_clean_first=False, cmake_force_configure=False, cmake_target=None, cmake_target_skip_unavailable=False, continue_on_error=False, event_handlers=None, executor='parallel', ignore_user_meta=False, install_base='install', log_base=None, log_level=None, main=<bound method BuildVerb.main of <colcon_core.verb.build.BuildVerb object at 0x7ff6d42aa910>>, merge_install=False, metas=['./colcon.meta'], packages_above=None, packages_above_and_dependencies=None, packages_above_depth=None, packages_end=None, packages_ignore=None, packages_ignore_regex=None, packages_select=['uuv_assistants'], packages_select_build_failed=False, packages_select_by_dep=None, packages_select_regex=None, packages_select_test_failures=False, packages_skip=None, packages_skip_build_finished=False, packages_skip_by_dep=None, packages_skip_regex=None, packages_skip_test_passed=False, packages_skip_up_to=None, packages_start=None, packages_up_to=None, packages_up_to_regex=None, parallel_workers=8, paths=None, symlink_install=False, test_result_base=None, verb_extension=<colcon_core.verb.build.BuildVerb object at 0x7ff6d42aa910>, verb_name='build', verb_parser=<colcon_defaults.argument_parser.defaults.DefaultArgumentsDecorator object at 0x7ff6d42aae80>)
[0.461s] Level 1:colcon.colcon_core.package_discovery:discover_packages(colcon_meta) check parameters
[0.461s] Level 1:colcon.colcon_core.package_discovery:discover_packages(recursive) check parameters
[0.461s] Level 1:colcon.colcon_core.package_discovery:discover_packages(ignore) check parameters
[0.461s] Level 1:colcon.colcon_core.package_discovery:discover_packages(path) check parameters
[0.461s] Level 1:colcon.colcon_core.package_discovery:discover_packages(colcon_meta) discover
[0.462s] Level 1:colcon.colcon_core.package_discovery:discover_packages(recursive) discover
[0.462s] INFO:colcon.colcon_core.package_discovery:Crawling recursively for packages in '/home/isopodin-time/ros2_ws'
[0.462s] Level 1:colcon.colcon_core.package_identification:_identify(.) by extensions ['ignore', 'ignore_ament_install']
[0.462s] Level 1:colcon.colcon_core.package_identification:_identify(.) by extension 'ignore'
[0.462s] Level 1:colcon.colcon_core.package_identification:_identify(.) by extension 'ignore_ament_install'
[0.462s] Level 1:colcon.colcon_core.package_identification:_identify(.) by extensions ['colcon_pkg']
[0.462s] Level 1:colcon.colcon_core.package_identification:_identify(.) by extension 'colcon_pkg'
[0.462s] Level 1:colcon.colcon_core.package_identification:_identify(.) by extensions ['colcon_meta']
[0.462s] Level 1:colcon.colcon_core.package_identification:_identify(.) by extension 'colcon_meta'
[0.462s] Level 1:colcon.colcon_core.package_identification:_identify(.) by extensions ['ros']
[0.462s] Level 1:colcon.colcon_core.package_identification:_identify(.) by extension 'ros'
[0.471s] Level 1:colcon.colcon_core.package_identification:_identify(.) by extensions ['cmake', 'python']
[0.471s] Level 1:colcon.colcon_core.package_identification:_identify(.) by extension 'cmake'
[0.471s] Level 1:colcon.colcon_core.package_identification:_identify(.) by extension 'python'
[0.472s] Level 1:colcon.colcon_core.package_identification:_identify(.) by extensions ['python_setup_py']
[0.472s] Level 1:colcon.colcon_core.package_identification:_identify(.) by extension 'python_setup_py'
[0.472s] Level 1:colcon.colcon_core.package_identification:_identify(build) by extensions ['ignore', 'ignore_ament_install']
[0.472s] Level 1:colcon.colcon_core.package_identification:_identify(build) by extension 'ignore'
[0.472s] Level 1:colcon.colcon_core.package_identification:_identify(build) ignored
[0.472s] Level 1:colcon.colcon_core.package_identification:_identify(install) by extensions ['ignore', 'ignore_ament_install']
[0.472s] Level 1:colcon.colcon_core.package_identification:_identify(install) by extension 'ignore'
[0.472s] Level 1:colcon.colcon_core.package_identification:_identify(install) ignored
[0.472s] Level 1:colcon.colcon_core.package_identification:_identify(log) by extensions ['ignore', 'ignore_ament_install']
[0.473s] Level 1:colcon.colcon_core.package_identification:_identify(log) by extension 'ignore'
[0.473s] Level 1:colcon.colcon_core.package_identification:_identify(log) ignored
[0.473s] Level 1:colcon.colcon_core.package_identification:_identify(src) by extensions ['ignore', 'ignore_ament_install']
[0.473s] Level 1:colcon.colcon_core.package_identification:_identify(src) by extension 'ignore'
[0.473s] Level 1:colcon.colcon_core.package_identification:_identify(src) by extension 'ignore_ament_install'
[0.473s] Level 1:colcon.colcon_core.package_identification:_identify(src) by extensions ['colcon_pkg']
[0.473s] Level 1:colcon.colcon_core.package_identification:_identify(src) by extension 'colcon_pkg'
[0.473s] Level 1:colcon.colcon_core.package_identification:_identify(src) by extensions ['colcon_meta']
[0.473s] Level 1:colcon.colcon_core.package_identification:_identify(src) by extension 'colcon_meta'
[0.473s] Level 1:colcon.colcon_core.package_identification:_identify(src) by extensions ['ros']
[0.473s] Level 1:colcon.colcon_core.package_identification:_identify(src) by extension 'ros'
[0.473s] Level 1:colcon.colcon_core.package_identification:_identify(src) by extensions ['cmake', 'python']
[0.473s] Level 1:colcon.colcon_core.package_identification:_identify(src) by extension 'cmake'
[0.473s] Level 1:colcon.colcon_core.package_identification:_identify(src) by extension 'python'
[0.474s] Level 1:colcon.colcon_core.package_identification:_identify(src) by extensions ['python_setup_py']
[0.474s] Level 1:colcon.colcon_core.package_identification:_identify(src) by extension 'python_setup_py'
[0.474s] Level 1:colcon.colcon_core.package_identification:_identify(src/Muuv_sim) by extensions ['ignore', 'ignore_ament_install']
[0.474s] Level 1:colcon.colcon_core.package_identification:_identify(src/Muuv_sim) by extension 'ignore'
[0.474s] Level 1:colcon.colcon_core.package_identification:_identify(src/Muuv_sim) by extension 'ignore_ament_install'
[0.474s] Level 1:colcon.colcon_core.package_identification:_identify(src/Muuv_sim) by extensions ['colcon_pkg']
[0.474s] Level 1:colcon.colcon_core.package_identification:_identify(src/Muuv_sim) by extension 'colcon_pkg'
[0.474s] Level 1:colcon.colcon_core.package_identification:_identify(src/Muuv_sim) by extensions ['colcon_meta']
[0.474s] Level 1:colcon.colcon_core.package_identification:_identify(src/Muuv_sim) by extension 'colcon_meta'
[0.474s] Level 1:colcon.colcon_core.package_identification:_identify(src/Muuv_sim) by extensions ['ros']
[0.474s] Level 1:colcon.colcon_core.package_identification:_identify(src/Muuv_sim) by extension 'ros'
[0.474s] Level 1:colcon.colcon_core.package_identification:_identify(src/Muuv_sim) by extensions ['cmake', 'python']
[0.474s] Level 1:colcon.colcon_core.package_identification:_identify(src/Muuv_sim) by extension 'cmake'
[0.474s] Level 1:colcon.colcon_core.package_identification:_identify(src/Muuv_sim) by extension 'python'
[0.474s] Level 1:colcon.colcon_core.package_identification:_identify(src/Muuv_sim) by extensions ['python_setup_py']
[0.475s] Level 1:colcon.colcon_core.package_identification:_identify(src/Muuv_sim) by extension 'python_setup_py'
[0.475s] Level 1:colcon.colcon_core.package_identification:_identify(src/Muuv_sim/muuv_sim) by extensions ['ignore', 'ignore_ament_install']
[0.475s] Level 1:colcon.colcon_core.package_identification:_identify(src/Muuv_sim/muuv_sim) by extension 'ignore'
[0.475s] Level 1:colcon.colcon_core.package_identification:_identify(src/Muuv_sim/muuv_sim) by extension 'ignore_ament_install'
[0.475s] Level 1:colcon.colcon_core.package_identification:_identify(src/Muuv_sim/muuv_sim) by extensions ['colcon_pkg']
[0.475s] Level 1:colcon.colcon_core.package_identification:_identify(src/Muuv_sim/muuv_sim) by extension 'colcon_pkg'
[0.475s] Level 1:colcon.colcon_core.package_identification:_identify(src/Muuv_sim/muuv_sim) by extensions ['colcon_meta']
[0.475s] Level 1:colcon.colcon_core.package_identification:_identify(src/Muuv_sim/muuv_sim) by extension 'colcon_meta'
[0.475s] Level 1:colcon.colcon_core.package_identification:_identify(src/Muuv_sim/muuv_sim) by extensions ['ros']
[0.475s] Level 1:colcon.colcon_core.package_identification:_identify(src/Muuv_sim/muuv_sim) by extension 'ros'
[0.477s] DEBUG:colcon.colcon_core.package_identification:Package 'src/Muuv_sim/muuv_sim' with type 'ros.ament_cmake' and name 'muuv_sim'
[0.477s] Level 1:colcon.colcon_core.package_identification:_identify(src/Muuv_sim/muuv_sim_description) by extensions ['ignore', 'ignore_ament_install']
[0.477s] Level 1:colcon.colcon_core.package_identification:_identify(src/Muuv_sim/muuv_sim_description) by extension 'ignore'
[0.477s] Level 1:colcon.colcon_core.package_identification:_identify(src/Muuv_sim/muuv_sim_description) by extension 'ignore_ament_install'
[0.478s] Level 1:colcon.colcon_core.package_identification:_identify(src/Muuv_sim/muuv_sim_description) by extensions ['colcon_pkg']
[0.478s] Level 1:colcon.colcon_core.package_identification:_identify(src/Muuv_sim/muuv_sim_description) by extension 'colcon_pkg'
[0.478s] Level 1:colcon.colcon_core.package_identification:_identify(src/Muuv_sim/muuv_sim_description) by extensions ['colcon_meta']
[0.478s] Level 1:colcon.colcon_core.package_identification:_identify(src/Muuv_sim/muuv_sim_description) by extension 'colcon_meta'
[0.478s] Level 1:colcon.colcon_core.package_identification:_identify(src/Muuv_sim/muuv_sim_description) by extensions ['ros']
[0.478s] Level 1:colcon.colcon_core.package_identification:_identify(src/Muuv_sim/muuv_sim_description) by extension 'ros'
[0.478s] DEBUG:colcon.colcon_core.package_identification:Package 'src/Muuv_sim/muuv_sim_description' with type 'ros.ament_cmake' and name 'muuv_sim_description'
[0.478s] Level 1:colcon.colcon_core.package_identification:_identify(src/Muuv_sim/test_sim) by extensions ['ignore', 'ignore_ament_install']
[0.479s] Level 1:colcon.colcon_core.package_identification:_identify(src/Muuv_sim/test_sim) by extension 'ignore'
[0.479s] Level 1:colcon.colcon_core.package_identification:_identify(src/Muuv_sim/test_sim) by extension 'ignore_ament_install'
[0.479s] Level 1:colcon.colcon_core.package_identification:_identify(src/Muuv_sim/test_sim) by extensions ['colcon_pkg']
[0.479s] Level 1:colcon.colcon_core.package_identification:_identify(src/Muuv_sim/test_sim) by extension 'colcon_pkg'
[0.479s] Level 1:colcon.colcon_core.package_identification:_identify(src/Muuv_sim/test_sim) by extensions ['colcon_meta']
[0.479s] Level 1:colcon.colcon_core.package_identification:_identify(src/Muuv_sim/test_sim) by extension 'colcon_meta'
[0.479s] Level 1:colcon.colcon_core.package_identification:_identify(src/Muuv_sim/test_sim) by extensions ['ros']
[0.479s] Level 1:colcon.colcon_core.package_identification:_identify(src/Muuv_sim/test_sim) by extension 'ros'
[0.479s] DEBUG:colcon.colcon_core.package_identification:Package 'src/Muuv_sim/test_sim' with type 'ros.ament_cmake' and name 'test_sim'
[0.479s] Level 1:colcon.colcon_core.package_identification:_identify(src/Plankton) by extensions ['ignore', 'ignore_ament_install']
[0.480s] Level 1:colcon.colcon_core.package_identification:_identify(src/Plankton) by extension 'ignore'
[0.480s] Level 1:colcon.colcon_core.package_identification:_identify(src/Plankton) by extension 'ignore_ament_install'
[0.480s] Level 1:colcon.colcon_core.package_identification:_identify(src/Plankton) by extensions ['colcon_pkg']
[0.480s] Level 1:colcon.colcon_core.package_identification:_identify(src/Plankton) by extension 'colcon_pkg'
[0.480s] Level 1:colcon.colcon_core.package_identification:_identify(src/Plankton) by extensions ['colcon_meta']
[0.480s] Level 1:colcon.colcon_core.package_identification:_identify(src/Plankton) by extension 'colcon_meta'
[0.480s] Level 1:colcon.colcon_core.package_identification:_identify(src/Plankton) by extensions ['ros']
[0.480s] Level 1:colcon.colcon_core.package_identification:_identify(src/Plankton) by extension 'ros'
[0.480s] Level 1:colcon.colcon_core.package_identification:_identify(src/Plankton) by extensions ['cmake', 'python']
[0.480s] Level 1:colcon.colcon_core.package_identification:_identify(src/Plankton) by extension 'cmake'
[0.480s] Level 1:colcon.colcon_core.package_identification:_identify(src/Plankton) by extension 'python'
[0.480s] Level 1:colcon.colcon_core.package_identification:_identify(src/Plankton) by extensions ['python_setup_py']
[0.480s] Level 1:colcon.colcon_core.package_identification:_identify(src/Plankton) by extension 'python_setup_py'
[0.480s] Level 1:colcon.colcon_core.package_identification:_identify(src/Plankton/plankton) by extensions ['ignore', 'ignore_ament_install']
[0.481s] Level 1:colcon.colcon_core.package_identification:_identify(src/Plankton/plankton) by extension 'ignore'
[0.481s] Level 1:colcon.colcon_core.package_identification:_identify(src/Plankton/plankton) by extension 'ignore_ament_install'
[0.481s] Level 1:colcon.colcon_core.package_identification:_identify(src/Plankton/plankton) by extensions ['colcon_pkg']
[0.481s] Level 1:colcon.colcon_core.package_identification:_identify(src/Plankton/plankton) by extension 'colcon_pkg'
[0.481s] Level 1:colcon.colcon_core.package_identification:_identify(src/Plankton/plankton) by extensions ['colcon_meta']
[0.481s] Level 1:colcon.colcon_core.package_identification:_identify(src/Plankton/plankton) by extension 'colcon_meta'
[0.481s] Level 1:colcon.colcon_core.package_identification:_identify(src/Plankton/plankton) by extensions ['ros']
[0.481s] Level 1:colcon.colcon_core.package_identification:_identify(src/Plankton/plankton) by extension 'ros'
[0.481s] DEBUG:colcon.colcon_core.package_identification:Package 'src/Plankton/plankton' with type 'ros.ament_cmake' and name 'plankton'
[0.482s] Level 1:colcon.colcon_core.package_identification:_identify(src/Plankton/plankton_utils) by extensions ['ignore', 'ignore_ament_install']
[0.482s] Level 1:colcon.colcon_core.package_identification:_identify(src/Plankton/plankton_utils) by extension 'ignore'
[0.482s] Level 1:colcon.colcon_core.package_identification:_identify(src/Plankton/plankton_utils) by extension 'ignore_ament_install'
[0.482s] Level 1:colcon.colcon_core.package_identification:_identify(src/Plankton/plankton_utils) by extensions ['colcon_pkg']
[0.482s] Level 1:colcon.colcon_core.package_identification:_identify(src/Plankton/plankton_utils) by extension 'colcon_pkg'
[0.482s] Level 1:colcon.colcon_core.package_identification:_identify(src/Plankton/plankton_utils) by extensions ['colcon_meta']
[0.482s] Level 1:colcon.colcon_core.package_identification:_identify(src/Plankton/plankton_utils) by extension 'colcon_meta'
[0.482s] Level 1:colcon.colcon_core.package_identification:_identify(src/Plankton/plankton_utils) by extensions ['ros']
[0.482s] Level 1:colcon.colcon_core.package_identification:_identify(src/Plankton/plankton_utils) by extension 'ros'
[0.483s] DEBUG:colcon.colcon_core.package_identification:Package 'src/Plankton/plankton_utils' with type 'ros.ament_cmake' and name 'plankton_utils'
[0.483s] Level 1:colcon.colcon_core.package_identification:_identify(src/Plankton/tools) by extensions ['ignore', 'ignore_ament_install']
[0.483s] Level 1:colcon.colcon_core.package_identification:_identify(src/Plankton/tools) by extension 'ignore'
[0.483s] Level 1:colcon.colcon_core.package_identification:_identify(src/Plankton/tools) by extension 'ignore_ament_install'
[0.483s] Level 1:colcon.colcon_core.package_identification:_identify(src/Plankton/tools) by extensions ['colcon_pkg']
[0.483s] Level 1:colcon.colcon_core.package_identification:_identify(src/Plankton/tools) by extension 'colcon_pkg'
[0.483s] Level 1:colcon.colcon_core.package_identification:_identify(src/Plankton/tools) by extensions ['colcon_meta']
[0.483s] Level 1:colcon.colcon_core.package_identification:_identify(src/Plankton/tools) by extension 'colcon_meta'
[0.483s] Level 1:colcon.colcon_core.package_identification:_identify(src/Plankton/tools) by extensions ['ros']
[0.483s] Level 1:colcon.colcon_core.package_identification:_identify(src/Plankton/tools) by extension 'ros'
[0.483s] Level 1:colcon.colcon_core.package_identification:_identify(src/Plankton/tools) by extensions ['cmake', 'python']
[0.483s] Level 1:colcon.colcon_core.package_identification:_identify(src/Plankton/tools) by extension 'cmake'
[0.483s] Level 1:colcon.colcon_core.package_identification:_identify(src/Plankton/tools) by extension 'python'
[0.484s] Level 1:colcon.colcon_core.package_identification:_identify(src/Plankton/tools) by extensions ['python_setup_py']
[0.484s] Level 1:colcon.colcon_core.package_identification:_identify(src/Plankton/tools) by extension 'python_setup_py'
[0.484s] Level 1:colcon.colcon_core.package_identification:_identify(src/Plankton/user_needs) by extensions ['ignore', 'ignore_ament_install']
[0.484s] Level 1:colcon.colcon_core.package_identification:_identify(src/Plankton/user_needs) by extension 'ignore'
[0.484s] Level 1:colcon.colcon_core.package_identification:_identify(src/Plankton/user_needs) by extension 'ignore_ament_install'
[0.484s] Level 1:colcon.colcon_core.package_identification:_identify(src/Plankton/user_needs) by extensions ['colcon_pkg']
[0.484s] Level 1:colcon.colcon_core.package_identification:_identify(src/Plankton/user_needs) by extension 'colcon_pkg'
[0.484s] Level 1:colcon.colcon_core.package_identification:_identify(src/Plankton/user_needs) by extensions ['colcon_meta']
[0.484s] Level 1:colcon.colcon_core.package_identification:_identify(src/Plankton/user_needs) by extension 'colcon_meta'
[0.484s] Level 1:colcon.colcon_core.package_identification:_identify(src/Plankton/user_needs) by extensions ['ros']
[0.484s] Level 1:colcon.colcon_core.package_identification:_identify(src/Plankton/user_needs) by extension 'ros'
[0.484s] Level 1:colcon.colcon_core.package_identification:_identify(src/Plankton/user_needs) by extensions ['cmake', 'python']
[0.484s] Level 1:colcon.colcon_core.package_identification:_identify(src/Plankton/user_needs) by extension 'cmake'
[0.484s] Level 1:colcon.colcon_core.package_identification:_identify(src/Plankton/user_needs) by extension 'python'
[0.484s] Level 1:colcon.colcon_core.package_identification:_identify(src/Plankton/user_needs) by extensions ['python_setup_py']
[0.484s] Level 1:colcon.colcon_core.package_identification:_identify(src/Plankton/user_needs) by extension 'python_setup_py'
[0.485s] Level 1:colcon.colcon_core.package_identification:_identify(src/Plankton/uuv_assistants) by extensions ['ignore', 'ignore_ament_install']
[0.485s] Level 1:colcon.colcon_core.package_identification:_identify(src/Plankton/uuv_assistants) by extension 'ignore'
[0.485s] Level 1:colcon.colcon_core.package_identification:_identify(src/Plankton/uuv_assistants) by extension 'ignore_ament_install'
[0.485s] Level 1:colcon.colcon_core.package_identification:_identify(src/Plankton/uuv_assistants) by extensions ['colcon_pkg']
[0.485s] Level 1:colcon.colcon_core.package_identification:_identify(src/Plankton/uuv_assistants) by extension 'colcon_pkg'
[0.485s] Level 1:colcon.colcon_core.package_identification:_identify(src/Plankton/uuv_assistants) by extensions ['colcon_meta']
[0.485s] Level 1:colcon.colcon_core.package_identification:_identify(src/Plankton/uuv_assistants) by extension 'colcon_meta'
[0.485s] Level 1:colcon.colcon_core.package_identification:_identify(src/Plankton/uuv_assistants) by extensions ['ros']
[0.485s] Level 1:colcon.colcon_core.package_identification:_identify(src/Plankton/uuv_assistants) by extension 'ros'
[0.486s] DEBUG:colcon.colcon_core.package_identification:Package 'src/Plankton/uuv_assistants' with type 'ros.ament_cmake' and name 'uuv_assistants'
[0.487s] Level 1:colcon.colcon_core.package_identification:_identify(src/Plankton/uuv_control) by extensions ['ignore', 'ignore_ament_install']
[0.487s] Level 1:colcon.colcon_core.package_identification:_identify(src/Plankton/uuv_control) by extension 'ignore'
[0.487s] Level 1:colcon.colcon_core.package_identification:_identify(src/Plankton/uuv_control) by extension 'ignore_ament_install'
[0.487s] Level 1:colcon.colcon_core.package_identification:_identify(src/Plankton/uuv_control) by extensions ['colcon_pkg']
[0.487s] Level 1:colcon.colcon_core.package_identification:_identify(src/Plankton/uuv_control) by extension 'colcon_pkg'
[0.487s] Level 1:colcon.colcon_core.package_identification:_identify(src/Plankton/uuv_control) by extensions ['colcon_meta']
[0.487s] Level 1:colcon.colcon_core.package_identification:_identify(src/Plankton/uuv_control) by extension 'colcon_meta'
[0.487s] Level 1:colcon.colcon_core.package_identification:_identify(src/Plankton/uuv_control) by extensions ['ros']
[0.487s] Level 1:colcon.colcon_core.package_identification:_identify(src/Plankton/uuv_control) by extension 'ros'
[0.487s] Level 1:colcon.colcon_core.package_identification:_identify(src/Plankton/uuv_control) by extensions ['cmake', 'python']
[0.487s] Level 1:colcon.colcon_core.package_identification:_identify(src/Plankton/uuv_control) by extension 'cmake'
[0.487s] Level 1:colcon.colcon_core.package_identification:_identify(src/Plankton/uuv_control) by extension 'python'
[0.487s] Level 1:colcon.colcon_core.package_identification:_identify(src/Plankton/uuv_control) by extensions ['python_setup_py']
[0.487s] Level 1:colcon.colcon_core.package_identification:_identify(src/Plankton/uuv_control) by extension 'python_setup_py'
[0.488s] Level 1:colcon.colcon_core.package_identification:_identify(src/Plankton/uuv_control/uuv_auv_control_allocator) by extensions ['ignore', 'ignore_ament_install']
[0.488s] Level 1:colcon.colcon_core.package_identification:_identify(src/Plankton/uuv_control/uuv_auv_control_allocator) by extension 'ignore'
[0.488s] Level 1:colcon.colcon_core.package_identification:_identify(src/Plankton/uuv_control/uuv_auv_control_allocator) by extension 'ignore_ament_install'
[0.488s] Level 1:colcon.colcon_core.package_identification:_identify(src/Plankton/uuv_control/uuv_auv_control_allocator) by extensions ['colcon_pkg']
[0.488s] Level 1:colcon.colcon_core.package_identification:_identify(src/Plankton/uuv_control/uuv_auv_control_allocator) by extension 'colcon_pkg'
[0.488s] Level 1:colcon.colcon_core.package_identification:_identify(src/Plankton/uuv_control/uuv_auv_control_allocator) by extensions ['colcon_meta']
[0.488s] Level 1:colcon.colcon_core.package_identification:_identify(src/Plankton/uuv_control/uuv_auv_control_allocator) by extension 'colcon_meta'
[0.488s] Level 1:colcon.colcon_core.package_identification:_identify(src/Plankton/uuv_control/uuv_auv_control_allocator) by extensions ['ros']
[0.488s] Level 1:colcon.colcon_core.package_identification:_identify(src/Plankton/uuv_control/uuv_auv_control_allocator) by extension 'ros'
[0.489s] DEBUG:colcon.colcon_core.package_identification:Package 'src/Plankton/uuv_control/uuv_auv_control_allocator' with type 'ros.ament_cmake' and name 'uuv_auv_control_allocator'
[0.489s] Level 1:colcon.colcon_core.package_identification:_identify(src/Plankton/uuv_control/uuv_control_cascaded_pids) by extensions ['ignore', 'ignore_ament_install']
[0.489s] Level 1:colcon.colcon_core.package_identification:_identify(src/Plankton/uuv_control/uuv_control_cascaded_pids) by extension 'ignore'
[0.489s] Level 1:colcon.colcon_core.package_identification:_identify(src/Plankton/uuv_control/uuv_control_cascaded_pids) by extension 'ignore_ament_install'
[0.489s] Level 1:colcon.colcon_core.package_identification:_identify(src/Plankton/uuv_control/uuv_control_cascaded_pids) by extensions ['colcon_pkg']
[0.489s] Level 1:colcon.colcon_core.package_identification:_identify(src/Plankton/uuv_control/uuv_control_cascaded_pids) by extension 'colcon_pkg'
[0.490s] Level 1:colcon.colcon_core.package_identification:_identify(src/Plankton/uuv_control/uuv_control_cascaded_pids) by extensions ['colcon_meta']
[0.490s] Level 1:colcon.colcon_core.package_identification:_identify(src/Plankton/uuv_control/uuv_control_cascaded_pids) by extension 'colcon_meta'
[0.490s] Level 1:colcon.colcon_core.package_identification:_identify(src/Plankton/uuv_control/uuv_control_cascaded_pids) by extensions ['ros']
[0.490s] Level 1:colcon.colcon_core.package_identification:_identify(src/Plankton/uuv_control/uuv_control_cascaded_pids) by extension 'ros'
[0.490s] DEBUG:colcon.colcon_core.package_identification:Package 'src/Plankton/uuv_control/uuv_control_cascaded_pids' with type 'ros.ament_cmake' and name 'uuv_control_cascaded_pid'
[0.490s] Level 1:colcon.colcon_core.package_identification:_identify(src/Plankton/uuv_control/uuv_control_msgs) by extensions ['ignore', 'ignore_ament_install']
[0.491s] Level 1:colcon.colcon_core.package_identification:_identify(src/Plankton/uuv_control/uuv_control_msgs) by extension 'ignore'
[0.491s] Level 1:colcon.colcon_core.package_identification:_identify(src/Plankton/uuv_control/uuv_control_msgs) by extension 'ignore_ament_install'
[0.491s] Level 1:colcon.colcon_core.package_identification:_identify(src/Plankton/uuv_control/uuv_control_msgs) by extensions ['colcon_pkg']
[0.491s] Level 1:colcon.colcon_core.package_identification:_identify(src/Plankton/uuv_control/uuv_control_msgs) by extension 'colcon_pkg'
[0.491s] Level 1:colcon.colcon_core.package_identification:_identify(src/Plankton/uuv_control/uuv_control_msgs) by extensions ['colcon_meta']
[0.491s] Level 1:colcon.colcon_core.package_identification:_identify(src/Plankton/uuv_control/uuv_control_msgs) by extension 'colcon_meta'
[0.491s] Level 1:colcon.colcon_core.package_identification:_identify(src/Plankton/uuv_control/uuv_control_msgs) by extensions ['ros']
[0.491s] Level 1:colcon.colcon_core.package_identification:_identify(src/Plankton/uuv_control/uuv_control_msgs) by extension 'ros'
[0.492s] DEBUG:colcon.colcon_core.package_identification:Package 'src/Plankton/uuv_control/uuv_control_msgs' with type 'ros.ament_cmake' and name 'uuv_control_msgs'
[0.492s] Level 1:colcon.colcon_core.package_identification:_identify(src/Plankton/uuv_control/uuv_control_utils) by extensions ['ignore', 'ignore_ament_install']
[0.492s] Level 1:colcon.colcon_core.package_identification:_identify(src/Plankton/uuv_control/uuv_control_utils) by extension 'ignore'
[0.492s] Level 1:colcon.colcon_core.package_identification:_identify(src/Plankton/uuv_control/uuv_control_utils) by extension 'ignore_ament_install'
[0.493s] Level 1:colcon.colcon_core.package_identification:_identify(src/Plankton/uuv_control/uuv_control_utils) by extensions ['colcon_pkg']
[0.493s] Level 1:colcon.colcon_core.package_identification:_identify(src/Plankton/uuv_control/uuv_control_utils) by extension 'colcon_pkg'
[0.493s] Level 1:colcon.colcon_core.package_identification:_identify(src/Plankton/uuv_control/uuv_control_utils) by extensions ['colcon_meta']
[0.493s] Level 1:colcon.colcon_core.package_identification:_identify(src/Plankton/uuv_control/uuv_control_utils) by extension 'colcon_meta'
[0.493s] Level 1:colcon.colcon_core.package_identification:_identify(src/Plankton/uuv_control/uuv_control_utils) by extensions ['ros']
[0.493s] Level 1:colcon.colcon_core.package_identification:_identify(src/Plankton/uuv_control/uuv_control_utils) by extension 'ros'
[0.494s] DEBUG:colcon.colcon_core.package_identification:Package 'src/Plankton/uuv_control/uuv_control_utils' with type 'ros.ament_cmake' and name 'uuv_control_utils'
[0.494s] Level 1:colcon.colcon_core.package_identification:_identify(src/Plankton/uuv_control/uuv_thruster_manager) by extensions ['ignore', 'ignore_ament_install']
[0.494s] Level 1:colcon.colcon_core.package_identification:_identify(src/Plankton/uuv_control/uuv_thruster_manager) by extension 'ignore'
[0.495s] Level 1:colcon.colcon_core.package_identification:_identify(src/Plankton/uuv_control/uuv_thruster_manager) by extension 'ignore_ament_install'
[0.495s] Level 1:colcon.colcon_core.package_identification:_identify(src/Plankton/uuv_control/uuv_thruster_manager) by extensions ['colcon_pkg']
[0.495s] Level 1:colcon.colcon_core.package_identification:_identify(src/Plankton/uuv_control/uuv_thruster_manager) by extension 'colcon_pkg'
[0.495s] Level 1:colcon.colcon_core.package_identification:_identify(src/Plankton/uuv_control/uuv_thruster_manager) by extensions ['colcon_meta']
[0.495s] Level 1:colcon.colcon_core.package_identification:_identify(src/Plankton/uuv_control/uuv_thruster_manager) by extension 'colcon_meta'
[0.495s] Level 1:colcon.colcon_core.package_identification:_identify(src/Plankton/uuv_control/uuv_thruster_manager) by extensions ['ros']
[0.495s] Level 1:colcon.colcon_core.package_identification:_identify(src/Plankton/uuv_control/uuv_thruster_manager) by extension 'ros'
[0.496s] DEBUG:colcon.colcon_core.package_identification:Package 'src/Plankton/uuv_control/uuv_thruster_manager' with type 'ros.ament_cmake' and name 'uuv_thruster_manager'
[0.496s] Level 1:colcon.colcon_core.package_identification:_identify(src/Plankton/uuv_control/uuv_trajectory_control) by extensions ['ignore', 'ignore_ament_install']
[0.496s] Level 1:colcon.colcon_core.package_identification:_identify(src/Plankton/uuv_control/uuv_trajectory_control) by extension 'ignore'
[0.496s] Level 1:colcon.colcon_core.package_identification:_identify(src/Plankton/uuv_control/uuv_trajectory_control) by extension 'ignore_ament_install'
[0.496s] Level 1:colcon.colcon_core.package_identification:_identify(src/Plankton/uuv_control/uuv_trajectory_control) by extensions ['colcon_pkg']
[0.496s] Level 1:colcon.colcon_core.package_identification:_identify(src/Plankton/uuv_control/uuv_trajectory_control) by extension 'colcon_pkg'
[0.496s] Level 1:colcon.colcon_core.package_identification:_identify(src/Plankton/uuv_control/uuv_trajectory_control) by extensions ['colcon_meta']
[0.496s] Level 1:colcon.colcon_core.package_identification:_identify(src/Plankton/uuv_control/uuv_trajectory_control) by extension 'colcon_meta'
[0.496s] Level 1:colcon.colcon_core.package_identification:_identify(src/Plankton/uuv_control/uuv_trajectory_control) by extensions ['ros']
[0.496s] Level 1:colcon.colcon_core.package_identification:_identify(src/Plankton/uuv_control/uuv_trajectory_control) by extension 'ros'
[0.497s] DEBUG:colcon.colcon_core.package_identification:Package 'src/Plankton/uuv_control/uuv_trajectory_control' with type 'ros.ament_cmake' and name 'uuv_trajectory_control'
[0.497s] Level 1:colcon.colcon_core.package_identification:_identify(src/Plankton/uuv_descriptions) by extensions ['ignore', 'ignore_ament_install']
[0.497s] Level 1:colcon.colcon_core.package_identification:_identify(src/Plankton/uuv_descriptions) by extension 'ignore'
[0.497s] Level 1:colcon.colcon_core.package_identification:_identify(src/Plankton/uuv_descriptions) by extension 'ignore_ament_install'
[0.497s] Level 1:colcon.colcon_core.package_identification:_identify(src/Plankton/uuv_descriptions) by extensions ['colcon_pkg']
[0.498s] Level 1:colcon.colcon_core.package_identification:_identify(src/Plankton/uuv_descriptions) by extension 'colcon_pkg'
[0.498s] Level 1:colcon.colcon_core.package_identification:_identify(src/Plankton/uuv_descriptions) by extensions ['colcon_meta']
[0.498s] Level 1:colcon.colcon_core.package_identification:_identify(src/Plankton/uuv_descriptions) by extension 'colcon_meta'
[0.498s] Level 1:colcon.colcon_core.package_identification:_identify(src/Plankton/uuv_descriptions) by extensions ['ros']
[0.498s] Level 1:colcon.colcon_core.package_identification:_identify(src/Plankton/uuv_descriptions) by extension 'ros'
[0.498s] DEBUG:colcon.colcon_core.package_identification:Package 'src/Plankton/uuv_descriptions' with type 'ros.ament_cmake' and name 'uuv_descriptions'
[0.498s] Level 1:colcon.colcon_core.package_identification:_identify(src/Plankton/uuv_gazebo) by extensions ['ignore', 'ignore_ament_install']
[0.499s] Level 1:colcon.colcon_core.package_identification:_identify(src/Plankton/uuv_gazebo) by extension 'ignore'
[0.499s] Level 1:colcon.colcon_core.package_identification:_identify(src/Plankton/uuv_gazebo) by extension 'ignore_ament_install'
[0.499s] Level 1:colcon.colcon_core.package_identification:_identify(src/Plankton/uuv_gazebo) by extensions ['colcon_pkg']
[0.499s] Level 1:colcon.colcon_core.package_identification:_identify(src/Plankton/uuv_gazebo) by extension 'colcon_pkg'
[0.499s] Level 1:colcon.colcon_core.package_identification:_identify(src/Plankton/uuv_gazebo) by extensions ['colcon_meta']
[0.499s] Level 1:colcon.colcon_core.package_identification:_identify(src/Plankton/uuv_gazebo) by extension 'colcon_meta'
[0.499s] Level 1:colcon.colcon_core.package_identification:_identify(src/Plankton/uuv_gazebo) by extensions ['ros']
[0.499s] Level 1:colcon.colcon_core.package_identification:_identify(src/Plankton/uuv_gazebo) by extension 'ros'
[0.499s] DEBUG:colcon.colcon_core.package_identification:Package 'src/Plankton/uuv_gazebo' with type 'ros.ament_cmake' and name 'uuv_gazebo'
[0.500s] Level 1:colcon.colcon_core.package_identification:_identify(src/Plankton/uuv_gazebo_plugins) by extensions ['ignore', 'ignore_ament_install']
[0.500s] Level 1:colcon.colcon_core.package_identification:_identify(src/Plankton/uuv_gazebo_plugins) by extension 'ignore'
[0.500s] Level 1:colcon.colcon_core.package_identification:_identify(src/Plankton/uuv_gazebo_plugins) by extension 'ignore_ament_install'
[0.500s] Level 1:colcon.colcon_core.package_identification:_identify(src/Plankton/uuv_gazebo_plugins) by extensions ['colcon_pkg']
[0.500s] Level 1:colcon.colcon_core.package_identification:_identify(src/Plankton/uuv_gazebo_plugins) by extension 'colcon_pkg'
[0.500s] Level 1:colcon.colcon_core.package_identification:_identify(src/Plankton/uuv_gazebo_plugins) by extensions ['colcon_meta']
[0.500s] Level 1:colcon.colcon_core.package_identification:_identify(src/Plankton/uuv_gazebo_plugins) by extension 'colcon_meta'
[0.500s] Level 1:colcon.colcon_core.package_identification:_identify(src/Plankton/uuv_gazebo_plugins) by extensions ['ros']
[0.500s] Level 1:colcon.colcon_core.package_identification:_identify(src/Plankton/uuv_gazebo_plugins) by extension 'ros'
[0.500s] Level 1:colcon.colcon_core.package_identification:_identify(src/Plankton/uuv_gazebo_plugins) by extensions ['cmake', 'python']
[0.500s] Level 1:colcon.colcon_core.package_identification:_identify(src/Plankton/uuv_gazebo_plugins) by extension 'cmake'
[0.500s] Level 1:colcon.colcon_core.package_identification:_identify(src/Plankton/uuv_gazebo_plugins) by extension 'python'
[0.500s] Level 1:colcon.colcon_core.package_identification:_identify(src/Plankton/uuv_gazebo_plugins) by extensions ['python_setup_py']
[0.500s] Level 1:colcon.colcon_core.package_identification:_identify(src/Plankton/uuv_gazebo_plugins) by extension 'python_setup_py'
[0.501s] Level 1:colcon.colcon_core.package_identification:_identify(src/Plankton/uuv_gazebo_plugins/uuv_gazebo_plugins) by extensions ['ignore', 'ignore_ament_install']
[0.501s] Level 1:colcon.colcon_core.package_identification:_identify(src/Plankton/uuv_gazebo_plugins/uuv_gazebo_plugins) by extension 'ignore'
[0.501s] Level 1:colcon.colcon_core.package_identification:_identify(src/Plankton/uuv_gazebo_plugins/uuv_gazebo_plugins) by extension 'ignore_ament_install'
[0.501s] Level 1:colcon.colcon_core.package_identification:_identify(src/Plankton/uuv_gazebo_plugins/uuv_gazebo_plugins) by extensions ['colcon_pkg']
[0.501s] Level 1:colcon.colcon_core.package_identification:_identify(src/Plankton/uuv_gazebo_plugins/uuv_gazebo_plugins) by extension 'colcon_pkg'
[0.501s] Level 1:colcon.colcon_core.package_identification:_identify(src/Plankton/uuv_gazebo_plugins/uuv_gazebo_plugins) by extensions ['colcon_meta']
[0.501s] Level 1:colcon.colcon_core.package_identification:_identify(src/Plankton/uuv_gazebo_plugins/uuv_gazebo_plugins) by extension 'colcon_meta'
[0.501s] Level 1:colcon.colcon_core.package_identification:_identify(src/Plankton/uuv_gazebo_plugins/uuv_gazebo_plugins) by extensions ['ros']
[0.501s] Level 1:colcon.colcon_core.package_identification:_identify(src/Plankton/uuv_gazebo_plugins/uuv_gazebo_plugins) by extension 'ros'
[0.502s] DEBUG:colcon.colcon_core.package_identification:Package 'src/Plankton/uuv_gazebo_plugins/uuv_gazebo_plugins' with type 'ros.ament_cmake' and name 'uuv_gazebo_plugins'
[0.502s] Level 1:colcon.colcon_core.package_identification:_identify(src/Plankton/uuv_gazebo_plugins/uuv_gazebo_ros_plugins) by extensions ['ignore', 'ignore_ament_install']
[0.502s] Level 1:colcon.colcon_core.package_identification:_identify(src/Plankton/uuv_gazebo_plugins/uuv_gazebo_ros_plugins) by extension 'ignore'
[0.502s] Level 1:colcon.colcon_core.package_identification:_identify(src/Plankton/uuv_gazebo_plugins/uuv_gazebo_ros_plugins) by extension 'ignore_ament_install'
[0.502s] Level 1:colcon.colcon_core.package_identification:_identify(src/Plankton/uuv_gazebo_plugins/uuv_gazebo_ros_plugins) by extensions ['colcon_pkg']
[0.502s] Level 1:colcon.colcon_core.package_identification:_identify(src/Plankton/uuv_gazebo_plugins/uuv_gazebo_ros_plugins) by extension 'colcon_pkg'
[0.502s] Level 1:colcon.colcon_core.package_identification:_identify(src/Plankton/uuv_gazebo_plugins/uuv_gazebo_ros_plugins) by extensions ['colcon_meta']
[0.502s] Level 1:colcon.colcon_core.package_identification:_identify(src/Plankton/uuv_gazebo_plugins/uuv_gazebo_ros_plugins) by extension 'colcon_meta'
[0.502s] Level 1:colcon.colcon_core.package_identification:_identify(src/Plankton/uuv_gazebo_plugins/uuv_gazebo_ros_plugins) by extensions ['ros']
[0.502s] Level 1:colcon.colcon_core.package_identification:_identify(src/Plankton/uuv_gazebo_plugins/uuv_gazebo_ros_plugins) by extension 'ros'
[0.504s] DEBUG:colcon.colcon_core.package_identification:Package 'src/Plankton/uuv_gazebo_plugins/uuv_gazebo_ros_plugins' with type 'ros.ament_cmake' and name 'uuv_gazebo_ros_plugins'
[0.504s] Level 1:colcon.colcon_core.package_identification:_identify(src/Plankton/uuv_gazebo_plugins/uuv_gazebo_ros_plugins_msgs) by extensions ['ignore', 'ignore_ament_install']
[0.505s] Level 1:colcon.colcon_core.package_identification:_identify(src/Plankton/uuv_gazebo_plugins/uuv_gazebo_ros_plugins_msgs) by extension 'ignore'
[0.505s] Level 1:colcon.colcon_core.package_identification:_identify(src/Plankton/uuv_gazebo_plugins/uuv_gazebo_ros_plugins_msgs) by extension 'ignore_ament_install'
[0.505s] Level 1:colcon.colcon_core.package_identification:_identify(src/Plankton/uuv_gazebo_plugins/uuv_gazebo_ros_plugins_msgs) by extensions ['colcon_pkg']
[0.505s] Level 1:colcon.colcon_core.package_identification:_identify(src/Plankton/uuv_gazebo_plugins/uuv_gazebo_ros_plugins_msgs) by extension 'colcon_pkg'
[0.505s] Level 1:colcon.colcon_core.package_identification:_identify(src/Plankton/uuv_gazebo_plugins/uuv_gazebo_ros_plugins_msgs) by extensions ['colcon_meta']
[0.505s] Level 1:colcon.colcon_core.package_identification:_identify(src/Plankton/uuv_gazebo_plugins/uuv_gazebo_ros_plugins_msgs) by extension 'colcon_meta'
[0.505s] Level 1:colcon.colcon_core.package_identification:_identify(src/Plankton/uuv_gazebo_plugins/uuv_gazebo_ros_plugins_msgs) by extensions ['ros']
[0.505s] Level 1:colcon.colcon_core.package_identification:_identify(src/Plankton/uuv_gazebo_plugins/uuv_gazebo_ros_plugins_msgs) by extension 'ros'
[0.506s] DEBUG:colcon.colcon_core.package_identification:Package 'src/Plankton/uuv_gazebo_plugins/uuv_gazebo_ros_plugins_msgs' with type 'ros.ament_cmake' and name 'uuv_gazebo_ros_plugins_msgs'
[0.506s] Level 1:colcon.colcon_core.package_identification:_identify(src/Plankton/uuv_gazebo_worlds) by extensions ['ignore', 'ignore_ament_install']
[0.506s] Level 1:colcon.colcon_core.package_identification:_identify(src/Plankton/uuv_gazebo_worlds) by extension 'ignore'
[0.506s] Level 1:colcon.colcon_core.package_identification:_identify(src/Plankton/uuv_gazebo_worlds) by extension 'ignore_ament_install'
[0.507s] Level 1:colcon.colcon_core.package_identification:_identify(src/Plankton/uuv_gazebo_worlds) by extensions ['colcon_pkg']
[0.507s] Level 1:colcon.colcon_core.package_identification:_identify(src/Plankton/uuv_gazebo_worlds) by extension 'colcon_pkg'
[0.507s] Level 1:colcon.colcon_core.package_identification:_identify(src/Plankton/uuv_gazebo_worlds) by extensions ['colcon_meta']
[0.507s] Level 1:colcon.colcon_core.package_identification:_identify(src/Plankton/uuv_gazebo_worlds) by extension 'colcon_meta'
[0.507s] Level 1:colcon.colcon_core.package_identification:_identify(src/Plankton/uuv_gazebo_worlds) by extensions ['ros']
[0.507s] Level 1:colcon.colcon_core.package_identification:_identify(src/Plankton/uuv_gazebo_worlds) by extension 'ros'
[0.507s] DEBUG:colcon.colcon_core.package_identification:Package 'src/Plankton/uuv_gazebo_worlds' with type 'ros.ament_cmake' and name 'uuv_gazebo_worlds'
[0.508s] Level 1:colcon.colcon_core.package_identification:_identify(src/Plankton/uuv_sensor_plugins) by extensions ['ignore', 'ignore_ament_install']
[0.508s] Level 1:colcon.colcon_core.package_identification:_identify(src/Plankton/uuv_sensor_plugins) by extension 'ignore'
[0.508s] Level 1:colcon.colcon_core.package_identification:_identify(src/Plankton/uuv_sensor_plugins) by extension 'ignore_ament_install'
[0.508s] Level 1:colcon.colcon_core.package_identification:_identify(src/Plankton/uuv_sensor_plugins) by extensions ['colcon_pkg']
[0.508s] Level 1:colcon.colcon_core.package_identification:_identify(src/Plankton/uuv_sensor_plugins) by extension 'colcon_pkg'
[0.508s] Level 1:colcon.colcon_core.package_identification:_identify(src/Plankton/uuv_sensor_plugins) by extensions ['colcon_meta']
[0.508s] Level 1:colcon.colcon_core.package_identification:_identify(src/Plankton/uuv_sensor_plugins) by extension 'colcon_meta'
[0.508s] Level 1:colcon.colcon_core.package_identification:_identify(src/Plankton/uuv_sensor_plugins) by extensions ['ros']
[0.508s] Level 1:colcon.colcon_core.package_identification:_identify(src/Plankton/uuv_sensor_plugins) by extension 'ros'
[0.508s] Level 1:colcon.colcon_core.package_identification:_identify(src/Plankton/uuv_sensor_plugins) by extensions ['cmake', 'python']
[0.509s] Level 1:colcon.colcon_core.package_identification:_identify(src/Plankton/uuv_sensor_plugins) by extension 'cmake'
[0.509s] Level 1:colcon.colcon_core.package_identification:_identify(src/Plankton/uuv_sensor_plugins) by extension 'python'
[0.509s] Level 1:colcon.colcon_core.package_identification:_identify(src/Plankton/uuv_sensor_plugins) by extensions ['python_setup_py']
[0.509s] Level 1:colcon.colcon_core.package_identification:_identify(src/Plankton/uuv_sensor_plugins) by extension 'python_setup_py'
[0.509s] Level 1:colcon.colcon_core.package_identification:_identify(src/Plankton/uuv_sensor_plugins/uuv_sensor_ros_plugins) by extensions ['ignore', 'ignore_ament_install']
[0.509s] Level 1:colcon.colcon_core.package_identification:_identify(src/Plankton/uuv_sensor_plugins/uuv_sensor_ros_plugins) by extension 'ignore'
[0.509s] Level 1:colcon.colcon_core.package_identification:_identify(src/Plankton/uuv_sensor_plugins/uuv_sensor_ros_plugins) by extension 'ignore_ament_install'
[0.509s] Level 1:colcon.colcon_core.package_identification:_identify(src/Plankton/uuv_sensor_plugins/uuv_sensor_ros_plugins) by extensions ['colcon_pkg']
[0.509s] Level 1:colcon.colcon_core.package_identification:_identify(src/Plankton/uuv_sensor_plugins/uuv_sensor_ros_plugins) by extension 'colcon_pkg'
[0.509s] Level 1:colcon.colcon_core.package_identification:_identify(src/Plankton/uuv_sensor_plugins/uuv_sensor_ros_plugins) by extensions ['colcon_meta']
[0.510s] Level 1:colcon.colcon_core.package_identification:_identify(src/Plankton/uuv_sensor_plugins/uuv_sensor_ros_plugins) by extension 'colcon_meta'
[0.510s] Level 1:colcon.colcon_core.package_identification:_identify(src/Plankton/uuv_sensor_plugins/uuv_sensor_ros_plugins) by extensions ['ros']
[0.510s] Level 1:colcon.colcon_core.package_identification:_identify(src/Plankton/uuv_sensor_plugins/uuv_sensor_ros_plugins) by extension 'ros'
[0.511s] DEBUG:colcon.colcon_core.package_identification:Package 'src/Plankton/uuv_sensor_plugins/uuv_sensor_ros_plugins' with type 'ros.ament_cmake' and name 'uuv_sensor_ros_plugins'
[0.511s] Level 1:colcon.colcon_core.package_identification:_identify(src/Plankton/uuv_sensor_plugins/uuv_sensor_ros_plugins_msgs) by extensions ['ignore', 'ignore_ament_install']
[0.511s] Level 1:colcon.colcon_core.package_identification:_identify(src/Plankton/uuv_sensor_plugins/uuv_sensor_ros_plugins_msgs) by extension 'ignore'
[0.512s] Level 1:colcon.colcon_core.package_identification:_identify(src/Plankton/uuv_sensor_plugins/uuv_sensor_ros_plugins_msgs) by extension 'ignore_ament_install'
[0.512s] Level 1:colcon.colcon_core.package_identification:_identify(src/Plankton/uuv_sensor_plugins/uuv_sensor_ros_plugins_msgs) by extensions ['colcon_pkg']
[0.512s] Level 1:colcon.colcon_core.package_identification:_identify(src/Plankton/uuv_sensor_plugins/uuv_sensor_ros_plugins_msgs) by extension 'colcon_pkg'
[0.512s] Level 1:colcon.colcon_core.package_identification:_identify(src/Plankton/uuv_sensor_plugins/uuv_sensor_ros_plugins_msgs) by extensions ['colcon_meta']
[0.512s] Level 1:colcon.colcon_core.package_identification:_identify(src/Plankton/uuv_sensor_plugins/uuv_sensor_ros_plugins_msgs) by extension 'colcon_meta'
[0.512s] Level 1:colcon.colcon_core.package_identification:_identify(src/Plankton/uuv_sensor_plugins/uuv_sensor_ros_plugins_msgs) by extensions ['ros']
[0.512s] Level 1:colcon.colcon_core.package_identification:_identify(src/Plankton/uuv_sensor_plugins/uuv_sensor_ros_plugins_msgs) by extension 'ros'
[0.513s] DEBUG:colcon.colcon_core.package_identification:Package 'src/Plankton/uuv_sensor_plugins/uuv_sensor_ros_plugins_msgs' with type 'ros.ament_cmake' and name 'uuv_sensor_ros_plugins_msgs'
[0.513s] Level 1:colcon.colcon_core.package_identification:_identify(src/Plankton/uuv_simulator) by extensions ['ignore', 'ignore_ament_install']
[0.513s] Level 1:colcon.colcon_core.package_identification:_identify(src/Plankton/uuv_simulator) by extension 'ignore'
[0.513s] Level 1:colcon.colcon_core.package_identification:_identify(src/Plankton/uuv_simulator) by extension 'ignore_ament_install'
[0.513s] Level 1:colcon.colcon_core.package_identification:_identify(src/Plankton/uuv_simulator) by extensions ['colcon_pkg']
[0.513s] Level 1:colcon.colcon_core.package_identification:_identify(src/Plankton/uuv_simulator) by extension 'colcon_pkg'
[0.513s] Level 1:colcon.colcon_core.package_identification:_identify(src/Plankton/uuv_simulator) by extensions ['colcon_meta']
[0.513s] Level 1:colcon.colcon_core.package_identification:_identify(src/Plankton/uuv_simulator) by extension 'colcon_meta'
[0.513s] Level 1:colcon.colcon_core.package_identification:_identify(src/Plankton/uuv_simulator) by extensions ['ros']
[0.513s] Level 1:colcon.colcon_core.package_identification:_identify(src/Plankton/uuv_simulator) by extension 'ros'
[0.514s] DEBUG:colcon.colcon_core.package_identification:Package 'src/Plankton/uuv_simulator' with type 'ros.ament_cmake' and name 'uuv_simulator'
[0.514s] Level 1:colcon.colcon_core.package_identification:_identify(src/Plankton/uuv_teleop) by extensions ['ignore', 'ignore_ament_install']
[0.514s] Level 1:colcon.colcon_core.package_identification:_identify(src/Plankton/uuv_teleop) by extension 'ignore'
[0.514s] Level 1:colcon.colcon_core.package_identification:_identify(src/Plankton/uuv_teleop) by extension 'ignore_ament_install'
[0.515s] Level 1:colcon.colcon_core.package_identification:_identify(src/Plankton/uuv_teleop) by extensions ['colcon_pkg']
[0.515s] Level 1:colcon.colcon_core.package_identification:_identify(src/Plankton/uuv_teleop) by extension 'colcon_pkg'
[0.515s] Level 1:colcon.colcon_core.package_identification:_identify(src/Plankton/uuv_teleop) by extensions ['colcon_meta']
[0.515s] Level 1:colcon.colcon_core.package_identification:_identify(src/Plankton/uuv_teleop) by extension 'colcon_meta'
[0.515s] Level 1:colcon.colcon_core.package_identification:_identify(src/Plankton/uuv_teleop) by extensions ['ros']
[0.515s] Level 1:colcon.colcon_core.package_identification:_identify(src/Plankton/uuv_teleop) by extension 'ros'
[0.515s] DEBUG:colcon.colcon_core.package_identification:Package 'src/Plankton/uuv_teleop' with type 'ros.ament_cmake' and name 'uuv_teleop'
[0.516s] Level 1:colcon.colcon_core.package_identification:_identify(src/Plankton/uuv_tutorials) by extensions ['ignore', 'ignore_ament_install']
[0.516s] Level 1:colcon.colcon_core.package_identification:_identify(src/Plankton/uuv_tutorials) by extension 'ignore'
[0.516s] Level 1:colcon.colcon_core.package_identification:_identify(src/Plankton/uuv_tutorials) by extension 'ignore_ament_install'
[0.516s] Level 1:colcon.colcon_core.package_identification:_identify(src/Plankton/uuv_tutorials) by extensions ['colcon_pkg']
[0.516s] Level 1:colcon.colcon_core.package_identification:_identify(src/Plankton/uuv_tutorials) by extension 'colcon_pkg'
[0.516s] Level 1:colcon.colcon_core.package_identification:_identify(src/Plankton/uuv_tutorials) by extensions ['colcon_meta']
[0.516s] Level 1:colcon.colcon_core.package_identification:_identify(src/Plankton/uuv_tutorials) by extension 'colcon_meta'
[0.516s] Level 1:colcon.colcon_core.package_identification:_identify(src/Plankton/uuv_tutorials) by extensions ['ros']
[0.516s] Level 1:colcon.colcon_core.package_identification:_identify(src/Plankton/uuv_tutorials) by extension 'ros'
[0.516s] Level 1:colcon.colcon_core.package_identification:_identify(src/Plankton/uuv_tutorials) by extensions ['cmake', 'python']
[0.516s] Level 1:colcon.colcon_core.package_identification:_identify(src/Plankton/uuv_tutorials) by extension 'cmake'
[0.516s] Level 1:colcon.colcon_core.package_identification:_identify(src/Plankton/uuv_tutorials) by extension 'python'
[0.516s] Level 1:colcon.colcon_core.package_identification:_identify(src/Plankton/uuv_tutorials) by extensions ['python_setup_py']
[0.516s] Level 1:colcon.colcon_core.package_identification:_identify(src/Plankton/uuv_tutorials) by extension 'python_setup_py'
[0.517s] Level 1:colcon.colcon_core.package_identification:_identify(src/Plankton/uuv_tutorials/uuv_tutorial_disturbances) by extensions ['ignore', 'ignore_ament_install']
[0.517s] Level 1:colcon.colcon_core.package_identification:_identify(src/Plankton/uuv_tutorials/uuv_tutorial_disturbances) by extension 'ignore'
[0.517s] Level 1:colcon.colcon_core.package_identification:_identify(src/Plankton/uuv_tutorials/uuv_tutorial_disturbances) by extension 'ignore_ament_install'
[0.517s] Level 1:colcon.colcon_core.package_identification:_identify(src/Plankton/uuv_tutorials/uuv_tutorial_disturbances) by extensions ['colcon_pkg']
[0.517s] Level 1:colcon.colcon_core.package_identification:_identify(src/Plankton/uuv_tutorials/uuv_tutorial_disturbances) by extension 'colcon_pkg'
[0.517s] Level 1:colcon.colcon_core.package_identification:_identify(src/Plankton/uuv_tutorials/uuv_tutorial_disturbances) by extensions ['colcon_meta']
[0.517s] Level 1:colcon.colcon_core.package_identification:_identify(src/Plankton/uuv_tutorials/uuv_tutorial_disturbances) by extension 'colcon_meta'
[0.517s] Level 1:colcon.colcon_core.package_identification:_identify(src/Plankton/uuv_tutorials/uuv_tutorial_disturbances) by extensions ['ros']
[0.517s] Level 1:colcon.colcon_core.package_identification:_identify(src/Plankton/uuv_tutorials/uuv_tutorial_disturbances) by extension 'ros'
[0.518s] DEBUG:colcon.colcon_core.package_identification:Package 'src/Plankton/uuv_tutorials/uuv_tutorial_disturbances' with type 'ros.ament_cmake' and name 'uuv_tutorial_disturbances'
[0.518s] Level 1:colcon.colcon_core.package_identification:_identify(src/Plankton/uuv_tutorials/uuv_tutorial_dp_controller) by extensions ['ignore', 'ignore_ament_install']
[0.518s] Level 1:colcon.colcon_core.package_identification:_identify(src/Plankton/uuv_tutorials/uuv_tutorial_dp_controller) by extension 'ignore'
[0.518s] Level 1:colcon.colcon_core.package_identification:_identify(src/Plankton/uuv_tutorials/uuv_tutorial_dp_controller) by extension 'ignore_ament_install'
[0.518s] Level 1:colcon.colcon_core.package_identification:_identify(src/Plankton/uuv_tutorials/uuv_tutorial_dp_controller) by extensions ['colcon_pkg']
[0.518s] Level 1:colcon.colcon_core.package_identification:_identify(src/Plankton/uuv_tutorials/uuv_tutorial_dp_controller) by extension 'colcon_pkg'
[0.518s] Level 1:colcon.colcon_core.package_identification:_identify(src/Plankton/uuv_tutorials/uuv_tutorial_dp_controller) by extensions ['colcon_meta']
[0.518s] Level 1:colcon.colcon_core.package_identification:_identify(src/Plankton/uuv_tutorials/uuv_tutorial_dp_controller) by extension 'colcon_meta'
[0.518s] Level 1:colcon.colcon_core.package_identification:_identify(src/Plankton/uuv_tutorials/uuv_tutorial_dp_controller) by extensions ['ros']
[0.518s] Level 1:colcon.colcon_core.package_identification:_identify(src/Plankton/uuv_tutorials/uuv_tutorial_dp_controller) by extension 'ros'
[0.519s] DEBUG:colcon.colcon_core.package_identification:Package 'src/Plankton/uuv_tutorials/uuv_tutorial_dp_controller' with type 'ros.ament_cmake' and name 'uuv_tutorial_dp_controller'
[0.519s] Level 1:colcon.colcon_core.package_identification:_identify(src/Plankton/uuv_tutorials/uuv_tutorial_rov_model) by extensions ['ignore', 'ignore_ament_install']
[0.519s] Level 1:colcon.colcon_core.package_identification:_identify(src/Plankton/uuv_tutorials/uuv_tutorial_rov_model) by extension 'ignore'
[0.519s] Level 1:colcon.colcon_core.package_identification:_identify(src/Plankton/uuv_tutorials/uuv_tutorial_rov_model) ignored
[0.519s] Level 1:colcon.colcon_core.package_identification:_identify(src/Plankton/uuv_tutorials/uuv_tutorial_seabed_world) by extensions ['ignore', 'ignore_ament_install']
[0.519s] Level 1:colcon.colcon_core.package_identification:_identify(src/Plankton/uuv_tutorials/uuv_tutorial_seabed_world) by extension 'ignore'
[0.520s] Level 1:colcon.colcon_core.package_identification:_identify(src/Plankton/uuv_tutorials/uuv_tutorial_seabed_world) by extension 'ignore_ament_install'
[0.520s] Level 1:colcon.colcon_core.package_identification:_identify(src/Plankton/uuv_tutorials/uuv_tutorial_seabed_world) by extensions ['colcon_pkg']
[0.520s] Level 1:colcon.colcon_core.package_identification:_identify(src/Plankton/uuv_tutorials/uuv_tutorial_seabed_world) by extension 'colcon_pkg'
[0.520s] Level 1:colcon.colcon_core.package_identification:_identify(src/Plankton/uuv_tutorials/uuv_tutorial_seabed_world) by extensions ['colcon_meta']
[0.520s] Level 1:colcon.colcon_core.package_identification:_identify(src/Plankton/uuv_tutorials/uuv_tutorial_seabed_world) by extension 'colcon_meta'
[0.520s] Level 1:colcon.colcon_core.package_identification:_identify(src/Plankton/uuv_tutorials/uuv_tutorial_seabed_world) by extensions ['ros']
[0.520s] Level 1:colcon.colcon_core.package_identification:_identify(src/Plankton/uuv_tutorials/uuv_tutorial_seabed_world) by extension 'ros'
[0.520s] DEBUG:colcon.colcon_core.package_identification:Package 'src/Plankton/uuv_tutorials/uuv_tutorial_seabed_world' with type 'ros.ament_cmake' and name 'uuv_tutorial_seabed_world'
[0.520s] Level 1:colcon.colcon_core.package_identification:_identify(src/Plankton/uuv_tutorials/uuv_tutorials) by extensions ['ignore', 'ignore_ament_install']
[0.521s] Level 1:colcon.colcon_core.package_identification:_identify(src/Plankton/uuv_tutorials/uuv_tutorials) by extension 'ignore'
[0.521s] Level 1:colcon.colcon_core.package_identification:_identify(src/Plankton/uuv_tutorials/uuv_tutorials) by extension 'ignore_ament_install'
[0.521s] Level 1:colcon.colcon_core.package_identification:_identify(src/Plankton/uuv_tutorials/uuv_tutorials) by extensions ['colcon_pkg']
[0.521s] Level 1:colcon.colcon_core.package_identification:_identify(src/Plankton/uuv_tutorials/uuv_tutorials) by extension 'colcon_pkg'
[0.521s] Level 1:colcon.colcon_core.package_identification:_identify(src/Plankton/uuv_tutorials/uuv_tutorials) by extensions ['colcon_meta']
[0.521s] Level 1:colcon.colcon_core.package_identification:_identify(src/Plankton/uuv_tutorials/uuv_tutorials) by extension 'colcon_meta'
[0.521s] Level 1:colcon.colcon_core.package_identification:_identify(src/Plankton/uuv_tutorials/uuv_tutorials) by extensions ['ros']
[0.521s] Level 1:colcon.colcon_core.package_identification:_identify(src/Plankton/uuv_tutorials/uuv_tutorials) by extension 'ros'
[0.521s] DEBUG:colcon.colcon_core.package_identification:Package 'src/Plankton/uuv_tutorials/uuv_tutorials' with type 'ros.ament_cmake' and name 'uuv_tutorials'
[0.522s] Level 1:colcon.colcon_core.package_identification:_identify(src/Plankton/uuv_world_plugins) by extensions ['ignore', 'ignore_ament_install']
[0.522s] Level 1:colcon.colcon_core.package_identification:_identify(src/Plankton/uuv_world_plugins) by extension 'ignore'
[0.522s] Level 1:colcon.colcon_core.package_identification:_identify(src/Plankton/uuv_world_plugins) by extension 'ignore_ament_install'
[0.522s] Level 1:colcon.colcon_core.package_identification:_identify(src/Plankton/uuv_world_plugins) by extensions ['colcon_pkg']
[0.522s] Level 1:colcon.colcon_core.package_identification:_identify(src/Plankton/uuv_world_plugins) by extension 'colcon_pkg'
[0.522s] Level 1:colcon.colcon_core.package_identification:_identify(src/Plankton/uuv_world_plugins) by extensions ['colcon_meta']
[0.522s] Level 1:colcon.colcon_core.package_identification:_identify(src/Plankton/uuv_world_plugins) by extension 'colcon_meta'
[0.522s] Level 1:colcon.colcon_core.package_identification:_identify(src/Plankton/uuv_world_plugins) by extensions ['ros']
[0.522s] Level 1:colcon.colcon_core.package_identification:_identify(src/Plankton/uuv_world_plugins) by extension 'ros'
[0.522s] Level 1:colcon.colcon_core.package_identification:_identify(src/Plankton/uuv_world_plugins) by extensions ['cmake', 'python']
[0.522s] Level 1:colcon.colcon_core.package_identification:_identify(src/Plankton/uuv_world_plugins) by extension 'cmake'
[0.522s] Level 1:colcon.colcon_core.package_identification:_identify(src/Plankton/uuv_world_plugins) by extension 'python'
[0.522s] Level 1:colcon.colcon_core.package_identification:_identify(src/Plankton/uuv_world_plugins) by extensions ['python_setup_py']
[0.522s] Level 1:colcon.colcon_core.package_identification:_identify(src/Plankton/uuv_world_plugins) by extension 'python_setup_py'
[0.523s] Level 1:colcon.colcon_core.package_identification:_identify(src/Plankton/uuv_world_plugins/uuv_world_plugins) by extensions ['ignore', 'ignore_ament_install']
[0.523s] Level 1:colcon.colcon_core.package_identification:_identify(src/Plankton/uuv_world_plugins/uuv_world_plugins) by extension 'ignore'
[0.523s] Level 1:colcon.colcon_core.package_identification:_identify(src/Plankton/uuv_world_plugins/uuv_world_plugins) by extension 'ignore_ament_install'
[0.523s] Level 1:colcon.colcon_core.package_identification:_identify(src/Plankton/uuv_world_plugins/uuv_world_plugins) by extensions ['colcon_pkg']
[0.523s] Level 1:colcon.colcon_core.package_identification:_identify(src/Plankton/uuv_world_plugins/uuv_world_plugins) by extension 'colcon_pkg'
[0.523s] Level 1:colcon.colcon_core.package_identification:_identify(src/Plankton/uuv_world_plugins/uuv_world_plugins) by extensions ['colcon_meta']
[0.523s] Level 1:colcon.colcon_core.package_identification:_identify(src/Plankton/uuv_world_plugins/uuv_world_plugins) by extension 'colcon_meta'
[0.523s] Level 1:colcon.colcon_core.package_identification:_identify(src/Plankton/uuv_world_plugins/uuv_world_plugins) by extensions ['ros']
[0.523s] Level 1:colcon.colcon_core.package_identification:_identify(src/Plankton/uuv_world_plugins/uuv_world_plugins) by extension 'ros'
[0.524s] DEBUG:colcon.colcon_core.package_identification:Package 'src/Plankton/uuv_world_plugins/uuv_world_plugins' with type 'ros.ament_cmake' and name 'uuv_world_plugins'
[0.524s] Level 1:colcon.colcon_core.package_identification:_identify(src/Plankton/uuv_world_plugins/uuv_world_ros_plugins) by extensions ['ignore', 'ignore_ament_install']
[0.524s] Level 1:colcon.colcon_core.package_identification:_identify(src/Plankton/uuv_world_plugins/uuv_world_ros_plugins) by extension 'ignore'
[0.524s] Level 1:colcon.colcon_core.package_identification:_identify(src/Plankton/uuv_world_plugins/uuv_world_ros_plugins) by extension 'ignore_ament_install'
[0.524s] Level 1:colcon.colcon_core.package_identification:_identify(src/Plankton/uuv_world_plugins/uuv_world_ros_plugins) by extensions ['colcon_pkg']
[0.524s] Level 1:colcon.colcon_core.package_identification:_identify(src/Plankton/uuv_world_plugins/uuv_world_ros_plugins) by extension 'colcon_pkg'
[0.524s] Level 1:colcon.colcon_core.package_identification:_identify(src/Plankton/uuv_world_plugins/uuv_world_ros_plugins) by extensions ['colcon_meta']
[0.524s] Level 1:colcon.colcon_core.package_identification:_identify(src/Plankton/uuv_world_plugins/uuv_world_ros_plugins) by extension 'colcon_meta'
[0.525s] Level 1:colcon.colcon_core.package_identification:_identify(src/Plankton/uuv_world_plugins/uuv_world_ros_plugins) by extensions ['ros']
[0.525s] Level 1:colcon.colcon_core.package_identification:_identify(src/Plankton/uuv_world_plugins/uuv_world_ros_plugins) by extension 'ros'
[0.525s] DEBUG:colcon.colcon_core.package_identification:Package 'src/Plankton/uuv_world_plugins/uuv_world_ros_plugins' with type 'ros.ament_cmake' and name 'uuv_world_ros_plugins'
[0.526s] Level 1:colcon.colcon_core.package_identification:_identify(src/Plankton/uuv_world_plugins/uuv_world_ros_plugins_msgs) by extensions ['ignore', 'ignore_ament_install']
[0.526s] Level 1:colcon.colcon_core.package_identification:_identify(src/Plankton/uuv_world_plugins/uuv_world_ros_plugins_msgs) by extension 'ignore'
[0.526s] Level 1:colcon.colcon_core.package_identification:_identify(src/Plankton/uuv_world_plugins/uuv_world_ros_plugins_msgs) by extension 'ignore_ament_install'
[0.526s] Level 1:colcon.colcon_core.package_identification:_identify(src/Plankton/uuv_world_plugins/uuv_world_ros_plugins_msgs) by extensions ['colcon_pkg']
[0.526s] Level 1:colcon.colcon_core.package_identification:_identify(src/Plankton/uuv_world_plugins/uuv_world_ros_plugins_msgs) by extension 'colcon_pkg'
[0.526s] Level 1:colcon.colcon_core.package_identification:_identify(src/Plankton/uuv_world_plugins/uuv_world_ros_plugins_msgs) by extensions ['colcon_meta']
[0.526s] Level 1:colcon.colcon_core.package_identification:_identify(src/Plankton/uuv_world_plugins/uuv_world_ros_plugins_msgs) by extension 'colcon_meta'
[0.526s] Level 1:colcon.colcon_core.package_identification:_identify(src/Plankton/uuv_world_plugins/uuv_world_ros_plugins_msgs) by extensions ['ros']
[0.526s] Level 1:colcon.colcon_core.package_identification:_identify(src/Plankton/uuv_world_plugins/uuv_world_ros_plugins_msgs) by extension 'ros'
[0.527s] DEBUG:colcon.colcon_core.package_identification:Package 'src/Plankton/uuv_world_plugins/uuv_world_ros_plugins_msgs' with type 'ros.ament_cmake' and name 'uuv_world_ros_plugins_msgs'
[0.527s] Level 1:colcon.colcon_core.package_identification:_identify(src/muuv_ros) by extensions ['ignore', 'ignore_ament_install']
[0.527s] Level 1:colcon.colcon_core.package_identification:_identify(src/muuv_ros) by extension 'ignore'
[0.527s] Level 1:colcon.colcon_core.package_identification:_identify(src/muuv_ros) by extension 'ignore_ament_install'
[0.527s] Level 1:colcon.colcon_core.package_identification:_identify(src/muuv_ros) by extensions ['colcon_pkg']
[0.527s] Level 1:colcon.colcon_core.package_identification:_identify(src/muuv_ros) by extension 'colcon_pkg'
[0.528s] Level 1:colcon.colcon_core.package_identification:_identify(src/muuv_ros) by extensions ['colcon_meta']
[0.528s] Level 1:colcon.colcon_core.package_identification:_identify(src/muuv_ros) by extension 'colcon_meta'
[0.528s] Level 1:colcon.colcon_core.package_identification:_identify(src/muuv_ros) by extensions ['ros']
[0.528s] Level 1:colcon.colcon_core.package_identification:_identify(src/muuv_ros) by extension 'ros'
[0.528s] DEBUG:colcon.colcon_core.package_identification:Package 'src/muuv_ros' with type 'ros.ament_cmake' and name 'muuv_ros'
[0.528s] Level 1:colcon.colcon_core.package_discovery:discover_packages(recursive) using defaults
[0.528s] Level 1:colcon.colcon_core.package_discovery:discover_packages(ignore) discover
[0.528s] Level 1:colcon.colcon_core.package_discovery:discover_packages(ignore) using defaults
[0.528s] Level 1:colcon.colcon_core.package_discovery:discover_packages(path) discover
[0.528s] Level 1:colcon.colcon_core.package_discovery:discover_packages(path) using defaults
[0.551s] INFO:colcon.colcon_core.package_selection:Skipping not selected package 'muuv_ros' in 'src/muuv_ros'
[0.551s] INFO:colcon.colcon_core.package_selection:Skipping not selected package 'muuv_sim_description' in 'src/Muuv_sim/muuv_sim_description'
[0.551s] INFO:colcon.colcon_core.package_selection:Skipping not selected package 'plankton_utils' in 'src/Plankton/plankton_utils'
[0.551s] INFO:colcon.colcon_core.package_selection:Skipping not selected package 'test_sim' in 'src/Muuv_sim/test_sim'
[0.552s] INFO:colcon.colcon_core.package_selection:Skipping not selected package 'uuv_control_msgs' in 'src/Plankton/uuv_control/uuv_control_msgs'
[0.552s] INFO:colcon.colcon_core.package_selection:Skipping not selected package 'uuv_gazebo' in 'src/Plankton/uuv_gazebo'
[0.552s] INFO:colcon.colcon_core.package_selection:Skipping not selected package 'uuv_gazebo_plugins' in 'src/Plankton/uuv_gazebo_plugins/uuv_gazebo_plugins'
[0.552s] INFO:colcon.colcon_core.package_selection:Skipping not selected package 'uuv_gazebo_ros_plugins_msgs' in 'src/Plankton/uuv_gazebo_plugins/uuv_gazebo_ros_plugins_msgs'
[0.552s] INFO:colcon.colcon_core.package_selection:Skipping not selected package 'uuv_gazebo_worlds' in 'src/Plankton/uuv_gazebo_worlds'
[0.552s] INFO:colcon.colcon_core.package_selection:Skipping not selected package 'uuv_sensor_ros_plugins_msgs' in 'src/Plankton/uuv_sensor_plugins/uuv_sensor_ros_plugins_msgs'
[0.552s] INFO:colcon.colcon_core.package_selection:Skipping not selected package 'uuv_tutorial_seabed_world' in 'src/Plankton/uuv_tutorials/uuv_tutorial_seabed_world'
[0.552s] INFO:colcon.colcon_core.package_selection:Skipping not selected package 'uuv_world_plugins' in 'src/Plankton/uuv_world_plugins/uuv_world_plugins'
[0.552s] INFO:colcon.colcon_core.package_selection:Skipping not selected package 'uuv_world_ros_plugins_msgs' in 'src/Plankton/uuv_world_plugins/uuv_world_ros_plugins_msgs'
[0.552s] INFO:colcon.colcon_core.package_selection:Skipping not selected package 'muuv_sim' in 'src/Muuv_sim/muuv_sim'
[0.552s] INFO:colcon.colcon_core.package_selection:Skipping not selected package 'uuv_auv_control_allocator' in 'src/Plankton/uuv_control/uuv_auv_control_allocator'
[0.552s] INFO:colcon.colcon_core.package_selection:Skipping not selected package 'uuv_control_cascaded_pid' in 'src/Plankton/uuv_control/uuv_control_cascaded_pids'
[0.552s] INFO:colcon.colcon_core.package_selection:Skipping not selected package 'uuv_gazebo_ros_plugins' in 'src/Plankton/uuv_gazebo_plugins/uuv_gazebo_ros_plugins'
[0.552s] INFO:colcon.colcon_core.package_selection:Skipping not selected package 'uuv_sensor_ros_plugins' in 'src/Plankton/uuv_sensor_plugins/uuv_sensor_ros_plugins'
[0.552s] INFO:colcon.colcon_core.package_selection:Skipping not selected package 'uuv_world_ros_plugins' in 'src/Plankton/uuv_world_plugins/uuv_world_ros_plugins'
[0.552s] INFO:colcon.colcon_core.package_selection:Skipping not selected package 'uuv_descriptions' in 'src/Plankton/uuv_descriptions'
[0.552s] INFO:colcon.colcon_core.package_selection:Skipping not selected package 'uuv_thruster_manager' in 'src/Plankton/uuv_control/uuv_thruster_manager'
[0.552s] INFO:colcon.colcon_core.package_selection:Skipping not selected package 'uuv_trajectory_control' in 'src/Plankton/uuv_control/uuv_trajectory_control'
[0.552s] INFO:colcon.colcon_core.package_selection:Skipping not selected package 'uuv_control_utils' in 'src/Plankton/uuv_control/uuv_control_utils'
[0.552s] INFO:colcon.colcon_core.package_selection:Skipping not selected package 'uuv_teleop' in 'src/Plankton/uuv_teleop'
[0.552s] INFO:colcon.colcon_core.package_selection:Skipping not selected package 'uuv_simulator' in 'src/Plankton/uuv_simulator'
[0.552s] INFO:colcon.colcon_core.package_selection:Skipping not selected package 'uuv_tutorial_disturbances' in 'src/Plankton/uuv_tutorials/uuv_tutorial_disturbances'
[0.552s] INFO:colcon.colcon_core.package_selection:Skipping not selected package 'uuv_tutorial_dp_controller' in 'src/Plankton/uuv_tutorials/uuv_tutorial_dp_controller'
[0.552s] INFO:colcon.colcon_core.package_selection:Skipping not selected package 'plankton' in 'src/Plankton/plankton'
[0.552s] INFO:colcon.colcon_core.package_selection:Skipping not selected package 'uuv_tutorials' in 'src/Plankton/uuv_tutorials/uuv_tutorials'
[0.553s] Level 1:colcon.colcon_core.package_discovery:discover_packages(prefix_path) check parameters
[0.553s] Level 1:colcon.colcon_core.package_discovery:discover_packages(prefix_path) discover
[0.557s] DEBUG:colcon.colcon_installed_package_information.package_discovery:Found 30 installed packages in /home/isopodin-time/ros2_ws/install
[0.560s] DEBUG:colcon.colcon_installed_package_information.package_discovery:Found 303 installed packages in /opt/ros/foxy
[0.561s] Level 1:colcon.colcon_core.package_discovery:discover_packages(prefix_path) using defaults
[0.629s] WARNING:colcon.colcon_core.package_selection:Some selected packages are already built in one or more underlay workspaces:
	'uuv_assistants' is in: /home/isopodin-time/ros2_ws/install/uuv_assistants
If a package in a merged underlay workspace is overridden and it installs headers, then all packages in the overlay must sort their include directories by workspace order. Failure to do so may result in build failures or undefined behavior at run time.
If the overridden package is used by another package in any underlay, then the overriding package in the overlay must be API and ABI compatible or undefined behavior at run time may occur.

If you understand the risks and want to override a package anyways, add the following to the command line:
	--allow-overriding uuv_assistants

This may be promoted to an error in a future release of colcon-override-check.
[0.632s] Level 5:colcon.colcon_core.verb:set package 'uuv_assistants' build argument 'cmake_args' from command line to 'None'
[0.632s] Level 5:colcon.colcon_core.verb:set package 'uuv_assistants' build argument 'cmake_target' from command line to 'None'
[0.632s] Level 5:colcon.colcon_core.verb:set package 'uuv_assistants' build argument 'cmake_target_skip_unavailable' from command line to 'False'
[0.632s] Level 5:colcon.colcon_core.verb:set package 'uuv_assistants' build argument 'cmake_clean_cache' from command line to 'False'
[0.632s] Level 5:colcon.colcon_core.verb:set package 'uuv_assistants' build argument 'cmake_clean_first' from command line to 'False'
[0.632s] Level 5:colcon.colcon_core.verb:set package 'uuv_assistants' build argument 'cmake_force_configure' from command line to 'False'
[0.632s] Level 5:colcon.colcon_core.verb:set package 'uuv_assistants' build argument 'ament_cmake_args' from command line to 'None'
[0.632s] Level 5:colcon.colcon_core.verb:set package 'uuv_assistants' build argument 'catkin_cmake_args' from command line to 'None'
[0.632s] Level 5:colcon.colcon_core.verb:set package 'uuv_assistants' build argument 'catkin_skip_building_tests' from command line to 'False'
[0.632s] DEBUG:colcon.colcon_core.verb:Building package 'uuv_assistants' with the following arguments: {'ament_cmake_args': None, 'build_base': '/home/isopodin-time/ros2_ws/build/uuv_assistants', 'catkin_cmake_args': None, 'catkin_skip_building_tests': False, 'cmake_args': None, 'cmake_clean_cache': False, 'cmake_clean_first': False, 'cmake_force_configure': False, 'cmake_target': None, 'cmake_target_skip_unavailable': False, 'install_base': '/home/isopodin-time/ros2_ws/install/uuv_assistants', 'merge_install': False, 'path': '/home/isopodin-time/ros2_ws/src/Plankton/uuv_assistants', 'symlink_install': False, 'test_result_base': None}
[0.633s] INFO:colcon.colcon_core.executor:Executing jobs using 'parallel' executor
[0.640s] DEBUG:colcon.colcon_parallel_executor.executor.parallel:run_until_complete
[0.641s] INFO:colcon.colcon_ros.task.ament_cmake.build:Building ROS package in '/home/isopodin-time/ros2_ws/src/Plankton/uuv_assistants' with build type 'ament_cmake'
[0.641s] INFO:colcon.colcon_cmake.task.cmake.build:Building CMake package in '/home/isopodin-time/ros2_ws/src/Plankton/uuv_assistants'
[0.653s] INFO:colcon.colcon_core.plugin_system:Skipping extension 'colcon_core.shell.bat': Not used on non-Windows systems
[0.654s] INFO:colcon.colcon_core.shell:Skip shell extension 'powershell' for command environment: Not usable outside of PowerShell
[0.654s] DEBUG:colcon.colcon_core.shell:Skip shell extension 'dsv' for command environment
[0.810s] DEBUG:colcon.colcon_core.event_handler.log_command:Invoking command in '/home/isopodin-time/ros2_ws/build/uuv_assistants': CMAKE_PREFIX_PATH=/home/isopodin-time/ros2_ws/install/plankton_utils:/home/isopodin-time/ros2_ws/install/uuv_tutorials:/home/isopodin-time/ros2_ws/install/uuv_tutorial_dp_controller:/home/isopodin-time/ros2_ws/install/uuv_tutorial_disturbances:/home/isopodin-time/ros2_ws/install/uuv_tutorial_seabed_world:/home/isopodin-time/ros2_ws/install/test_sim:/home/isopodin-time/ros2_ws/install/muuv_sim_description:/home/isopodin-time/ros2_ws/install/plankton:/home/isopodin-time/ros2_ws/install/uuv_simulator:/home/isopodin-time/ros2_ws/install/uuv_world_ros_plugins:/home/isopodin-time/ros2_ws/install/uuv_control_utils:/home/isopodin-time/ros2_ws/install/uuv_world_ros_plugins_msgs:/home/isopodin-time/ros2_ws/install/uuv_world_plugins:/home/isopodin-time/ros2_ws/install/uuv_trajectory_control:/home/isopodin-time/ros2_ws/install/uuv_teleop:/home/isopodin-time/ros2_ws/install/uuv_thruster_manager:/home/isopodin-time/ros2_ws/install/uuv_descriptions:/home/isopodin-time/ros2_ws/install/uuv_sensor_ros_plugins:/home/isopodin-time/ros2_ws/install/uuv_sensor_ros_plugins_msgs:/home/isopodin-time/ros2_ws/install/uuv_gazebo_worlds:/home/isopodin-time/ros2_ws/install/uuv_gazebo_ros_plugins:/home/isopodin-time/ros2_ws/install/uuv_gazebo_ros_plugins_msgs:/home/isopodin-time/ros2_ws/install/uuv_gazebo_plugins:/home/isopodin-time/ros2_ws/install/uuv_gazebo:/home/isopodin-time/ros2_ws/install/uuv_control_msgs:/home/isopodin-time/ros2_ws/install/uuv_control_cascaded_pid:/home/isopodin-time/ros2_ws/install/uuv_auv_control_allocator:/home/isopodin-time/ros2_ws/install/uuv_assistants:/home/isopodin-time/ros2_ws/install/muuv_sim:/home/isopodin-time/ros2_ws/install/muuv_ros:/opt/ros/foxy PYTHONPATH=/home/isopodin-time/ros2_ws/install/plankton_utils/lib/python3.8/site-packages:/home/isopodin-time/ros2_ws/install/uuv_world_ros_plugins_msgs/lib/python3.8/site-packages:/home/isopodin-time/ros2_ws/install/uuv_trajectory_control/lib/python3.8/site-packages:/home/isopodin-time/ros2_ws/install/uuv_thruster_manager/lib/python3.8/site-packages:/home/isopodin-time/ros2_ws/install/uuv_sensor_ros_plugins_msgs/lib/python3.8/site-packages:/home/isopodin-time/ros2_ws/install/uuv_gazebo_ros_plugins_msgs/lib/python3.8/site-packages:/home/isopodin-time/ros2_ws/install/uuv_control_msgs/lib/python3.8/site-packages:/home/isopodin-time/ros2_ws/install/uuv_control_cascaded_pid/lib/python3.8/site-packages:/home/isopodin-time/ros2_ws/install/uuv_auv_control_allocator/lib/python3.8/site-packages:/home/isopodin-time/ros2_ws/install/uuv_assistants/lib/python3.8/site-packages:/opt/ros/foxy/lib/python3.8/site-packages /usr/bin/cmake --build /home/isopodin-time/ros2_ws/build/uuv_assistants -- -j8 -l8
[0.900s] DEBUG:colcon.colcon_core.event_handler.log_command:Invoked command in '/home/isopodin-time/ros2_ws/build/uuv_assistants' returned '0': CMAKE_PREFIX_PATH=/home/isopodin-time/ros2_ws/install/plankton_utils:/home/isopodin-time/ros2_ws/install/uuv_tutorials:/home/isopodin-time/ros2_ws/install/uuv_tutorial_dp_controller:/home/isopodin-time/ros2_ws/install/uuv_tutorial_disturbances:/home/isopodin-time/ros2_ws/install/uuv_tutorial_seabed_world:/home/isopodin-time/ros2_ws/install/test_sim:/home/isopodin-time/ros2_ws/install/muuv_sim_description:/home/isopodin-time/ros2_ws/install/plankton:/home/isopodin-time/ros2_ws/install/uuv_simulator:/home/isopodin-time/ros2_ws/install/uuv_world_ros_plugins:/home/isopodin-time/ros2_ws/install/uuv_control_utils:/home/isopodin-time/ros2_ws/install/uuv_world_ros_plugins_msgs:/home/isopodin-time/ros2_ws/install/uuv_world_plugins:/home/isopodin-time/ros2_ws/install/uuv_trajectory_control:/home/isopodin-time/ros2_ws/install/uuv_teleop:/home/isopodin-time/ros2_ws/install/uuv_thruster_manager:/home/isopodin-time/ros2_ws/install/uuv_descriptions:/home/isopodin-time/ros2_ws/install/uuv_sensor_ros_plugins:/home/isopodin-time/ros2_ws/install/uuv_sensor_ros_plugins_msgs:/home/isopodin-time/ros2_ws/install/uuv_gazebo_worlds:/home/isopodin-time/ros2_ws/install/uuv_gazebo_ros_plugins:/home/isopodin-time/ros2_ws/install/uuv_gazebo_ros_plugins_msgs:/home/isopodin-time/ros2_ws/install/uuv_gazebo_plugins:/home/isopodin-time/ros2_ws/install/uuv_gazebo:/home/isopodin-time/ros2_ws/install/uuv_control_msgs:/home/isopodin-time/ros2_ws/install/uuv_control_cascaded_pid:/home/isopodin-time/ros2_ws/install/uuv_auv_control_allocator:/home/isopodin-time/ros2_ws/install/uuv_assistants:/home/isopodin-time/ros2_ws/install/muuv_sim:/home/isopodin-time/ros2_ws/install/muuv_ros:/opt/ros/foxy PYTHONPATH=/home/isopodin-time/ros2_ws/install/plankton_utils/lib/python3.8/site-packages:/home/isopodin-time/ros2_ws/install/uuv_world_ros_plugins_msgs/lib/python3.8/site-packages:/home/isopodin-time/ros2_ws/install/uuv_trajectory_control/lib/python3.8/site-packages:/home/isopodin-time/ros2_ws/install/uuv_thruster_manager/lib/python3.8/site-packages:/home/isopodin-time/ros2_ws/install/uuv_sensor_ros_plugins_msgs/lib/python3.8/site-packages:/home/isopodin-time/ros2_ws/install/uuv_gazebo_ros_plugins_msgs/lib/python3.8/site-packages:/home/isopodin-time/ros2_ws/install/uuv_control_msgs/lib/python3.8/site-packages:/home/isopodin-time/ros2_ws/install/uuv_control_cascaded_pid/lib/python3.8/site-packages:/home/isopodin-time/ros2_ws/install/uuv_auv_control_allocator/lib/python3.8/site-packages:/home/isopodin-time/ros2_ws/install/uuv_assistants/lib/python3.8/site-packages:/opt/ros/foxy/lib/python3.8/site-packages /usr/bin/cmake --build /home/isopodin-time/ros2_ws/build/uuv_assistants -- -j8 -l8
[0.943s] DEBUG:colcon.colcon_core.event_handler.log_command:Invoking command in '/home/isopodin-time/ros2_ws/build/uuv_assistants': CMAKE_PREFIX_PATH=/home/isopodin-time/ros2_ws/install/plankton_utils:/home/isopodin-time/ros2_ws/install/uuv_tutorials:/home/isopodin-time/ros2_ws/install/uuv_tutorial_dp_controller:/home/isopodin-time/ros2_ws/install/uuv_tutorial_disturbances:/home/isopodin-time/ros2_ws/install/uuv_tutorial_seabed_world:/home/isopodin-time/ros2_ws/install/test_sim:/home/isopodin-time/ros2_ws/install/muuv_sim_description:/home/isopodin-time/ros2_ws/install/plankton:/home/isopodin-time/ros2_ws/install/uuv_simulator:/home/isopodin-time/ros2_ws/install/uuv_world_ros_plugins:/home/isopodin-time/ros2_ws/install/uuv_control_utils:/home/isopodin-time/ros2_ws/install/uuv_world_ros_plugins_msgs:/home/isopodin-time/ros2_ws/install/uuv_world_plugins:/home/isopodin-time/ros2_ws/install/uuv_trajectory_control:/home/isopodin-time/ros2_ws/install/uuv_teleop:/home/isopodin-time/ros2_ws/install/uuv_thruster_manager:/home/isopodin-time/ros2_ws/install/uuv_descriptions:/home/isopodin-time/ros2_ws/install/uuv_sensor_ros_plugins:/home/isopodin-time/ros2_ws/install/uuv_sensor_ros_plugins_msgs:/home/isopodin-time/ros2_ws/install/uuv_gazebo_worlds:/home/isopodin-time/ros2_ws/install/uuv_gazebo_ros_plugins:/home/isopodin-time/ros2_ws/install/uuv_gazebo_ros_plugins_msgs:/home/isopodin-time/ros2_ws/install/uuv_gazebo_plugins:/home/isopodin-time/ros2_ws/install/uuv_gazebo:/home/isopodin-time/ros2_ws/install/uuv_control_msgs:/home/isopodin-time/ros2_ws/install/uuv_control_cascaded_pid:/home/isopodin-time/ros2_ws/install/uuv_auv_control_allocator:/home/isopodin-time/ros2_ws/install/uuv_assistants:/home/isopodin-time/ros2_ws/install/muuv_sim:/home/isopodin-time/ros2_ws/install/muuv_ros:/opt/ros/foxy PYTHONPATH=/home/isopodin-time/ros2_ws/install/plankton_utils/lib/python3.8/site-packages:/home/isopodin-time/ros2_ws/install/uuv_world_ros_plugins_msgs/lib/python3.8/site-packages:/home/isopodin-time/ros2_ws/install/uuv_trajectory_control/lib/python3.8/site-packages:/home/isopodin-time/ros2_ws/install/uuv_thruster_manager/lib/python3.8/site-packages:/home/isopodin-time/ros2_ws/install/uuv_sensor_ros_plugins_msgs/lib/python3.8/site-packages:/home/isopodin-time/ros2_ws/install/uuv_gazebo_ros_plugins_msgs/lib/python3.8/site-packages:/home/isopodin-time/ros2_ws/install/uuv_control_msgs/lib/python3.8/site-packages:/home/isopodin-time/ros2_ws/install/uuv_control_cascaded_pid/lib/python3.8/site-packages:/home/isopodin-time/ros2_ws/install/uuv_auv_control_allocator/lib/python3.8/site-packages:/home/isopodin-time/ros2_ws/install/uuv_assistants/lib/python3.8/site-packages:/opt/ros/foxy/lib/python3.8/site-packages /usr/bin/cmake --install /home/isopodin-time/ros2_ws/build/uuv_assistants
[0.997s] Level 1:colcon.colcon_core.environment:create_environment_scripts_only(uuv_assistants)
[0.998s] DEBUG:colcon.colcon_core.event_handler.log_command:Invoked command in '/home/isopodin-time/ros2_ws/build/uuv_assistants' returned '0': CMAKE_PREFIX_PATH=/home/isopodin-time/ros2_ws/install/plankton_utils:/home/isopodin-time/ros2_ws/install/uuv_tutorials:/home/isopodin-time/ros2_ws/install/uuv_tutorial_dp_controller:/home/isopodin-time/ros2_ws/install/uuv_tutorial_disturbances:/home/isopodin-time/ros2_ws/install/uuv_tutorial_seabed_world:/home/isopodin-time/ros2_ws/install/test_sim:/home/isopodin-time/ros2_ws/install/muuv_sim_description:/home/isopodin-time/ros2_ws/install/plankton:/home/isopodin-time/ros2_ws/install/uuv_simulator:/home/isopodin-time/ros2_ws/install/uuv_world_ros_plugins:/home/isopodin-time/ros2_ws/install/uuv_control_utils:/home/isopodin-time/ros2_ws/install/uuv_world_ros_plugins_msgs:/home/isopodin-time/ros2_ws/install/uuv_world_plugins:/home/isopodin-time/ros2_ws/install/uuv_trajectory_control:/home/isopodin-time/ros2_ws/install/uuv_teleop:/home/isopodin-time/ros2_ws/install/uuv_thruster_manager:/home/isopodin-time/ros2_ws/install/uuv_descriptions:/home/isopodin-time/ros2_ws/install/uuv_sensor_ros_plugins:/home/isopodin-time/ros2_ws/install/uuv_sensor_ros_plugins_msgs:/home/isopodin-time/ros2_ws/install/uuv_gazebo_worlds:/home/isopodin-time/ros2_ws/install/uuv_gazebo_ros_plugins:/home/isopodin-time/ros2_ws/install/uuv_gazebo_ros_plugins_msgs:/home/isopodin-time/ros2_ws/install/uuv_gazebo_plugins:/home/isopodin-time/ros2_ws/install/uuv_gazebo:/home/isopodin-time/ros2_ws/install/uuv_control_msgs:/home/isopodin-time/ros2_ws/install/uuv_control_cascaded_pid:/home/isopodin-time/ros2_ws/install/uuv_auv_control_allocator:/home/isopodin-time/ros2_ws/install/uuv_assistants:/home/isopodin-time/ros2_ws/install/muuv_sim:/home/isopodin-time/ros2_ws/install/muuv_ros:/opt/ros/foxy PYTHONPATH=/home/isopodin-time/ros2_ws/install/plankton_utils/lib/python3.8/site-packages:/home/isopodin-time/ros2_ws/install/uuv_world_ros_plugins_msgs/lib/python3.8/site-packages:/home/isopodin-time/ros2_ws/install/uuv_trajectory_control/lib/python3.8/site-packages:/home/isopodin-time/ros2_ws/install/uuv_thruster_manager/lib/python3.8/site-packages:/home/isopodin-time/ros2_ws/install/uuv_sensor_ros_plugins_msgs/lib/python3.8/site-packages:/home/isopodin-time/ros2_ws/install/uuv_gazebo_ros_plugins_msgs/lib/python3.8/site-packages:/home/isopodin-time/ros2_ws/install/uuv_control_msgs/lib/python3.8/site-packages:/home/isopodin-time/ros2_ws/install/uuv_control_cascaded_pid/lib/python3.8/site-packages:/home/isopodin-time/ros2_ws/install/uuv_auv_control_allocator/lib/python3.8/site-packages:/home/isopodin-time/ros2_ws/install/uuv_assistants/lib/python3.8/site-packages:/opt/ros/foxy/lib/python3.8/site-packages /usr/bin/cmake --install /home/isopodin-time/ros2_ws/build/uuv_assistants
[1.005s] Level 1:colcon.colcon_core.environment:checking '/home/isopodin-time/ros2_ws/install/uuv_assistants' for CMake module files
[1.005s] Level 1:colcon.colcon_core.environment:checking '/home/isopodin-time/ros2_ws/install/uuv_assistants' for CMake config files
[1.006s] Level 1:colcon.colcon_core.shell:create_environment_hook('uuv_assistants', 'cmake_prefix_path')
[1.008s] INFO:colcon.colcon_core.shell:Creating environment hook '/home/isopodin-time/ros2_ws/install/uuv_assistants/share/uuv_assistants/hook/cmake_prefix_path.ps1'
[1.009s] INFO:colcon.colcon_core.shell:Creating environment descriptor '/home/isopodin-time/ros2_ws/install/uuv_assistants/share/uuv_assistants/hook/cmake_prefix_path.dsv'
[1.009s] INFO:colcon.colcon_core.shell:Creating environment hook '/home/isopodin-time/ros2_ws/install/uuv_assistants/share/uuv_assistants/hook/cmake_prefix_path.sh'
[1.010s] Level 1:colcon.colcon_core.environment:checking '/home/isopodin-time/ros2_ws/install/uuv_assistants/lib'
[1.010s] Level 1:colcon.colcon_core.environment:checking '/home/isopodin-time/ros2_ws/install/uuv_assistants/bin'
[1.011s] Level 1:colcon.colcon_core.environment:checking '/home/isopodin-time/ros2_ws/install/uuv_assistants/lib/pkgconfig/uuv_assistants.pc'
[1.011s] Level 1:colcon.colcon_core.environment:checking '/home/isopodin-time/ros2_ws/install/uuv_assistants/lib/python3.8/site-packages'
[1.011s] Level 1:colcon.colcon_core.shell:create_environment_hook('uuv_assistants', 'pythonpath')
[1.014s] INFO:colcon.colcon_core.shell:Creating environment hook '/home/isopodin-time/ros2_ws/install/uuv_assistants/share/uuv_assistants/hook/pythonpath.ps1'
[1.014s] INFO:colcon.colcon_core.shell:Creating environment descriptor '/home/isopodin-time/ros2_ws/install/uuv_assistants/share/uuv_assistants/hook/pythonpath.dsv'
[1.014s] INFO:colcon.colcon_core.shell:Creating environment hook '/home/isopodin-time/ros2_ws/install/uuv_assistants/share/uuv_assistants/hook/pythonpath.sh'
[1.015s] Level 1:colcon.colcon_core.environment:checking '/home/isopodin-time/ros2_ws/install/uuv_assistants/bin'
[1.018s] INFO:colcon.colcon_core.shell:Creating package script '/home/isopodin-time/ros2_ws/install/uuv_assistants/share/uuv_assistants/package.ps1'
[1.018s] INFO:colcon.colcon_core.shell:Creating package descriptor '/home/isopodin-time/ros2_ws/install/uuv_assistants/share/uuv_assistants/package.dsv'
[1.019s] INFO:colcon.colcon_core.shell:Creating package script '/home/isopodin-time/ros2_ws/install/uuv_assistants/share/uuv_assistants/package.sh'
[1.020s] INFO:colcon.colcon_core.shell:Creating package script '/home/isopodin-time/ros2_ws/install/uuv_assistants/share/uuv_assistants/package.bash'
[1.020s] INFO:colcon.colcon_core.shell:Creating package script '/home/isopodin-time/ros2_ws/install/uuv_assistants/share/uuv_assistants/package.zsh'
[1.021s] Level 1:colcon.colcon_core.environment:create_file_with_runtime_dependencies(/home/isopodin-time/ros2_ws/install/uuv_assistants/share/colcon-core/packages/uuv_assistants)
[1.064s] Level 1:colcon.colcon_core.environment:create_environment_scripts_only(uuv_assistants)
[1.069s] Level 1:colcon.colcon_core.environment:checking '/home/isopodin-time/ros2_ws/install/uuv_assistants' for CMake module files
[1.070s] Level 1:colcon.colcon_core.environment:checking '/home/isopodin-time/ros2_ws/install/uuv_assistants' for CMake config files
[1.070s] Level 1:colcon.colcon_core.shell:create_environment_hook('uuv_assistants', 'cmake_prefix_path')
[1.074s] INFO:colcon.colcon_core.shell:Creating environment hook '/home/isopodin-time/ros2_ws/install/uuv_assistants/share/uuv_assistants/hook/cmake_prefix_path.ps1'
[1.075s] INFO:colcon.colcon_core.shell:Creating environment descriptor '/home/isopodin-time/ros2_ws/install/uuv_assistants/share/uuv_assistants/hook/cmake_prefix_path.dsv'
[1.075s] INFO:colcon.colcon_core.shell:Creating environment hook '/home/isopodin-time/ros2_ws/install/uuv_assistants/share/uuv_assistants/hook/cmake_prefix_path.sh'
[1.076s] Level 1:colcon.colcon_core.environment:checking '/home/isopodin-time/ros2_ws/install/uuv_assistants/lib'
[1.077s] Level 1:colcon.colcon_core.environment:checking '/home/isopodin-time/ros2_ws/install/uuv_assistants/bin'
[1.077s] Level 1:colcon.colcon_core.environment:checking '/home/isopodin-time/ros2_ws/install/uuv_assistants/lib/pkgconfig/uuv_assistants.pc'
[1.077s] Level 1:colcon.colcon_core.environment:checking '/home/isopodin-time/ros2_ws/install/uuv_assistants/lib/python3.8/site-packages'
[1.077s] Level 1:colcon.colcon_core.shell:create_environment_hook('uuv_assistants', 'pythonpath')
[1.080s] INFO:colcon.colcon_core.shell:Creating environment hook '/home/isopodin-time/ros2_ws/install/uuv_assistants/share/uuv_assistants/hook/pythonpath.ps1'
[1.081s] INFO:colcon.colcon_core.shell:Creating environment descriptor '/home/isopodin-time/ros2_ws/install/uuv_assistants/share/uuv_assistants/hook/pythonpath.dsv'
[1.082s] INFO:colcon.colcon_core.shell:Creating environment hook '/home/isopodin-time/ros2_ws/install/uuv_assistants/share/uuv_assistants/hook/pythonpath.sh'
[1.083s] Level 1:colcon.colcon_core.environment:checking '/home/isopodin-time/ros2_ws/install/uuv_assistants/bin'
[1.086s] INFO:colcon.colcon_core.shell:Creating package script '/home/isopodin-time/ros2_ws/install/uuv_assistants/share/uuv_assistants/package.ps1'
[1.087s] INFO:colcon.colcon_core.shell:Creating package descriptor '/home/isopodin-time/ros2_ws/install/uuv_assistants/share/uuv_assistants/package.dsv'
[1.087s] INFO:colcon.colcon_core.shell:Creating package script '/home/isopodin-time/ros2_ws/install/uuv_assistants/share/uuv_assistants/package.sh'
[1.088s] INFO:colcon.colcon_core.shell:Creating package script '/home/isopodin-time/ros2_ws/install/uuv_assistants/share/uuv_assistants/package.bash'
[1.088s] INFO:colcon.colcon_core.shell:Creating package script '/home/isopodin-time/ros2_ws/install/uuv_assistants/share/uuv_assistants/package.zsh'
[1.089s] Level 1:colcon.colcon_core.environment:create_file_with_runtime_dependencies(/home/isopodin-time/ros2_ws/install/uuv_assistants/share/colcon-core/packages/uuv_assistants)
[1.089s] DEBUG:colcon.colcon_parallel_executor.executor.parallel:closing loop
[1.090s] DEBUG:colcon.colcon_parallel_executor.executor.parallel:loop closed
[1.090s] DEBUG:colcon.colcon_parallel_executor.executor.parallel:run_until_complete finished with '0'
[1.090s] DEBUG:colcon.colcon_core.event_reactor:joining thread
[1.194s] INFO:colcon.colcon_core.plugin_system:Skipping extension 'colcon_notification.desktop_notification.notify_send': Could not find 'notify-send'
[1.195s] INFO:colcon.colcon_core.plugin_system:Skipping extension 'colcon_notification.desktop_notification.terminal_notifier': Not used on non-Darwin systems
[1.195s] INFO:colcon.colcon_core.plugin_system:Skipping extension 'colcon_notification.desktop_notification.win32': Not used on non-Windows systems
[1.195s] INFO:colcon.colcon_notification.desktop_notification:Sending desktop notification using 'notify2'
[1.195s] DEBUG:colcon.colcon_notification.desktop_notification.notify2:Failed to initialize notify2: org.freedesktop.DBus.Error.FileNotFound: Failed to connect to socket /run/user/1000/bus: No such file or directory
[1.195s] DEBUG:colcon.colcon_core.event_reactor:joined thread
[1.198s] INFO:colcon.colcon_core.shell:Creating prefix script '/home/isopodin-time/ros2_ws/install/local_setup.ps1'
[1.199s] INFO:colcon.colcon_core.shell:Creating prefix util module '/home/isopodin-time/ros2_ws/install/_local_setup_util_ps1.py'
[1.200s] INFO:colcon.colcon_core.shell:Creating prefix chain script '/home/isopodin-time/ros2_ws/install/setup.ps1'
[1.203s] INFO:colcon.colcon_core.shell:Creating prefix script '/home/isopodin-time/ros2_ws/install/local_setup.sh'
[1.205s] INFO:colcon.colcon_core.shell:Creating prefix util module '/home/isopodin-time/ros2_ws/install/_local_setup_util_sh.py'
[1.205s] INFO:colcon.colcon_core.shell:Creating prefix chain script '/home/isopodin-time/ros2_ws/install/setup.sh'
[1.208s] INFO:colcon.colcon_core.shell:Creating prefix script '/home/isopodin-time/ros2_ws/install/local_setup.bash'
[1.208s] INFO:colcon.colcon_core.shell:Creating prefix chain script '/home/isopodin-time/ros2_ws/install/setup.bash'
[1.213s] INFO:colcon.colcon_core.shell:Creating prefix script '/home/isopodin-time/ros2_ws/install/local_setup.zsh'
[1.214s] INFO:colcon.colcon_core.shell:Creating prefix chain script '/home/isopodin-time/ros2_ws/install/setup.zsh'
