-- Found ament_cmake: 0.9.12 (/opt/ros/foxy/share/ament_cmake/cmake)
-- Using PYTHON_EXECUTABLE: /usr/bin/python3
-- Override CMake install command with custom implementation using symlinks instead of copying resources
-- Found rclcpp: 2.4.3 (/opt/ros/foxy/share/rclcpp/cmake)
-- Using all available rosidl_typesupport_c: rosidl_typesupport_fastrtps_c;rosidl_typesupport_introspection_c
-- Found rosidl_adapter: 1.3.1 (/opt/ros/foxy/share/rosidl_adapter/cmake)
-- Using all available rosidl_typesupport_cpp: rosidl_typesupport_fastrtps_cpp;rosidl_typesupport_introspection_cpp
-- Found rmw_implementation_cmake: 1.0.4 (/opt/ros/foxy/share/rmw_implementation_cmake/cmake)
-- Using RMW implementation 'rmw_fastrtps_cpp' as default
-- Found geometry_msgs: 2.0.5 (/opt/ros/foxy/share/geometry_msgs/cmake)
-- Found sensor_msgs: 2.0.5 (/opt/ros/foxy/share/sensor_msgs/cmake)
-- Found control_toolbox: 2.2.0 (/opt/ros/foxy/share/control_toolbox/cmake)
-- Found rclcpp_components: 2.4.3 (/opt/ros/foxy/share/rclcpp_components/cmake)
-- Configuring done
-- Generating done
-- Build files have been written to: /home/isopodin-time/ros2_ws/build/muuv_ros
[ 11%] [32m[1mLinking CXX executable sensors[0m
[ 22%] [32m[1mLinking CXX executable thrusters[0m
[ 44%] Built target pid_component
[ 77%] Built target sensors
[100%] Built target thrusters
-- Install configuration: ""
-- Execute custom install script
-- Symlinking: /home/isopodin-time/ros2_ws/install/muuv_ros/lib/muuv_ros/thrusters
-- Symlinking: /home/isopodin-time/ros2_ws/install/muuv_ros/lib/muuv_ros/sensors
-- Symlinking: /home/isopodin-time/ros2_ws/install/muuv_ros/share/muuv_ros/launch/pid.launch.py
-- Symlinking: /home/isopodin-time/ros2_ws/install/muuv_ros/share/ament_index/resource_index/package_run_dependencies/muuv_ros
-- Symlinking: /home/isopodin-time/ros2_ws/install/muuv_ros/share/ament_index/resource_index/parent_prefix_path/muuv_ros
-- Symlinking: /home/isopodin-time/ros2_ws/install/muuv_ros/share/muuv_ros/environment/ament_prefix_path.sh
-- Symlinking: /home/isopodin-time/ros2_ws/install/muuv_ros/share/muuv_ros/environment/ament_prefix_path.dsv
-- Symlinking: /home/isopodin-time/ros2_ws/install/muuv_ros/share/muuv_ros/environment/path.sh
-- Symlinking: /home/isopodin-time/ros2_ws/install/muuv_ros/share/muuv_ros/environment/path.dsv
-- Symlinking: /home/isopodin-time/ros2_ws/install/muuv_ros/share/muuv_ros/local_setup.bash
-- Symlinking: /home/isopodin-time/ros2_ws/install/muuv_ros/share/muuv_ros/local_setup.sh
-- Symlinking: /home/isopodin-time/ros2_ws/install/muuv_ros/share/muuv_ros/local_setup.zsh
-- Symlinking: /home/isopodin-time/ros2_ws/install/muuv_ros/share/muuv_ros/local_setup.dsv
-- Symlinking: /home/isopodin-time/ros2_ws/install/muuv_ros/share/muuv_ros/package.dsv
-- Symlinking: /home/isopodin-time/ros2_ws/install/muuv_ros/share/ament_index/resource_index/packages/muuv_ros
-- Symlinking: /home/isopodin-time/ros2_ws/install/muuv_ros/share/ament_index/resource_index/rclcpp_components/muuv_ros
-- Symlinking: /home/isopodin-time/ros2_ws/install/muuv_ros/share/muuv_ros/cmake/muuv_rosConfig.cmake
-- Symlinking: /home/isopodin-time/ros2_ws/install/muuv_ros/share/muuv_ros/cmake/muuv_rosConfig-version.cmake
-- Symlinking: /home/isopodin-time/ros2_ws/install/muuv_ros/share/muuv_ros/package.xml
