[0.123s] Invoking command in '/home/isopodin-time/ros2_ws/build/uuv_world_plugins': CMAKE_PREFIX_PATH=${CMAKE_PREFIX_PATH}:/opt/ros/foxy /usr/bin/cmake --build /home/isopodin-time/ros2_ws/build/uuv_world_plugins -- -j8 -l8
[0.354s] [100%] Built target uuv_underwater_current_plugin
[0.412s] Invoked command in '/home/isopodin-time/ros2_ws/build/uuv_world_plugins' returned '0': CMAKE_PREFIX_PATH=${CMAKE_PREFIX_PATH}:/opt/ros/foxy /usr/bin/cmake --build /home/isopodin-time/ros2_ws/build/uuv_world_plugins -- -j8 -l8
[0.530s] Invoking command in '/home/isopodin-time/ros2_ws/build/uuv_world_plugins': CMAKE_PREFIX_PATH=${CMAKE_PREFIX_PATH}:/opt/ros/foxy /usr/bin/cmake --install /home/isopodin-time/ros2_ws/build/uuv_world_plugins
[0.613s] -- Install configuration: ""
[0.613s] -- Up-to-date: /home/isopodin-time/ros2_ws/install/uuv_world_plugins/lib/libuuv_underwater_current_plugin.so
[0.613s] -- Up-to-date: /home/isopodin-time/ros2_ws/install/uuv_world_plugins/include/uuv_world_plugins
[0.613s] -- Up-to-date: /home/isopodin-time/ros2_ws/install/uuv_world_plugins/include/uuv_world_plugins/GaussMarkovProcess.h
[0.614s] -- Up-to-date: /home/isopodin-time/ros2_ws/install/uuv_world_plugins/include/uuv_world_plugins/UnderwaterCurrentPlugin.h
[0.614s] -- Up-to-date: /home/isopodin-time/ros2_ws/install/uuv_world_plugins/share/uuv_world_plugins/environment/library_path.sh
[0.614s] -- Up-to-date: /home/isopodin-time/ros2_ws/install/uuv_world_plugins/share/uuv_world_plugins/environment/library_path.dsv
[0.617s] -- Up-to-date: /home/isopodin-time/ros2_ws/install/uuv_world_plugins/share/ament_index/resource_index/package_run_dependencies/uuv_world_plugins
[0.618s] -- Up-to-date: /home/isopodin-time/ros2_ws/install/uuv_world_plugins/share/ament_index/resource_index/parent_prefix_path/uuv_world_plugins
[0.618s] -- Up-to-date: /home/isopodin-time/ros2_ws/install/uuv_world_plugins/share/uuv_world_plugins/environment/ament_prefix_path.sh
[0.618s] -- Up-to-date: /home/isopodin-time/ros2_ws/install/uuv_world_plugins/share/uuv_world_plugins/environment/ament_prefix_path.dsv
[0.618s] -- Up-to-date: /home/isopodin-time/ros2_ws/install/uuv_world_plugins/share/uuv_world_plugins/environment/path.sh
[0.618s] -- Up-to-date: /home/isopodin-time/ros2_ws/install/uuv_world_plugins/share/uuv_world_plugins/environment/path.dsv
[0.618s] -- Up-to-date: /home/isopodin-time/ros2_ws/install/uuv_world_plugins/share/uuv_world_plugins/local_setup.bash
[0.618s] -- Up-to-date: /home/isopodin-time/ros2_ws/install/uuv_world_plugins/share/uuv_world_plugins/local_setup.sh
[0.618s] -- Up-to-date: /home/isopodin-time/ros2_ws/install/uuv_world_plugins/share/uuv_world_plugins/local_setup.zsh
[0.619s] -- Up-to-date: /home/isopodin-time/ros2_ws/install/uuv_world_plugins/share/uuv_world_plugins/local_setup.dsv
[0.619s] -- Installing: /home/isopodin-time/ros2_ws/install/uuv_world_plugins/share/uuv_world_plugins/package.dsv
[0.619s] -- Up-to-date: /home/isopodin-time/ros2_ws/install/uuv_world_plugins/share/ament_index/resource_index/packages/uuv_world_plugins
[0.619s] -- Up-to-date: /home/isopodin-time/ros2_ws/install/uuv_world_plugins/share/uuv_world_plugins/cmake/ament_cmake_export_dependencies-extras.cmake
[0.619s] -- Up-to-date: /home/isopodin-time/ros2_ws/install/uuv_world_plugins/share/uuv_world_plugins/cmake/ament_cmake_export_include_directories-extras.cmake
[0.619s] -- Up-to-date: /home/isopodin-time/ros2_ws/install/uuv_world_plugins/share/uuv_world_plugins/cmake/ament_cmake_export_libraries-extras.cmake
[0.619s] -- Up-to-date: /home/isopodin-time/ros2_ws/install/uuv_world_plugins/share/uuv_world_plugins/cmake/uuv_world_pluginsConfig.cmake
[0.619s] -- Up-to-date: /home/isopodin-time/ros2_ws/install/uuv_world_plugins/share/uuv_world_plugins/cmake/uuv_world_pluginsConfig-version.cmake
[0.620s] -- Up-to-date: /home/isopodin-time/ros2_ws/install/uuv_world_plugins/share/uuv_world_plugins/package.xml
[0.641s] Invoked command in '/home/isopodin-time/ros2_ws/build/uuv_world_plugins' returned '0': CMAKE_PREFIX_PATH=${CMAKE_PREFIX_PATH}:/opt/ros/foxy /usr/bin/cmake --install /home/isopodin-time/ros2_ws/build/uuv_world_plugins
