[0.023s] Invoking command in '/home/isopodin-time/ros2_ws/build/custom_msg_srv': CMAKE_PREFIX_PATH=${CMAKE_PREFIX_PATH}:/opt/ros/foxy /usr/bin/cmake /home/isopodin-time/ros2_ws/src/custom_msg_srv -DCMAKE_INSTALL_PREFIX=/home/isopodin-time/ros2_ws/install/custom_msg_srv
[0.045s] -- Found ament_cmake: 0.9.12 (/opt/ros/foxy/share/ament_cmake/cmake)
[0.070s] -- Found PythonInterp: /usr/bin/python3 (found suitable version "3.8.10", minimum required is "3") 
[0.070s] -- Using PYTHON_EXECUTABLE: /usr/bin/python3
[0.271s] -- Found std_msgs: 2.0.5 (/opt/ros/foxy/share/std_msgs/cmake)
[0.445s] -- Using all available rosidl_typesupport_c: rosidl_typesupport_fastrtps_c;rosidl_typesupport_introspection_c
[0.448s] -- Found rosidl_adapter: 1.3.1 (/opt/ros/foxy/share/rosidl_adapter/cmake)
[6.782s] -- Using all available rosidl_typesupport_cpp: rosidl_typesupport_fastrtps_cpp;rosidl_typesupport_introspection_cpp
[6.824s] -- Found rosidl_default_generators: 1.0.1 (/opt/ros/foxy/share/rosidl_default_generators/cmake)
[6.860s] -- Found PythonInterp: /usr/bin/python3 (found version "3.8.10") 
[7.030s] CMake Error at /opt/ros/foxy/share/rosidl_adapter/cmake/rosidl_adapt_interfaces.cmake:60 (message):
[7.030s]   execute_process(/usr/bin/python3 -m rosidl_adapter --package-name
[7.030s]   custom_msg_srv --arguments-file
[7.030s]   /home/isopodin-time/ros2_ws/build/custom_msg_srv/rosidl_adapter__arguments__custom_msg_srv.json
[7.030s]   --output-dir
[7.030s]   /home/isopodin-time/ros2_ws/build/custom_msg_srv/rosidl_adapter/custom_msg_srv
[7.030s]   --output-file
[7.030s]   /home/isopodin-time/ros2_ws/build/custom_msg_srv/rosidl_adapter/custom_msg_srv.idls)
[7.030s]   returned error code 1:
[7.030s] 
[7.030s]   Error with: custom_msg_srv Float64Stamped std_msgs/msg/Header
[7.031s] 
[7.031s]   Traceback (most recent call last):
[7.031s] 
[7.031s]     File "/usr/lib/python3.8/runpy.py", line 194, in _run_module_as_main
[7.031s]       return _run_code(code, main_globals, None,
[7.031s]     File "/usr/lib/python3.8/runpy.py", line 87, in _run_code
[7.031s]       exec(code, run_globals)
[7.031s]     File "/opt/ros/foxy/lib/python3.8/site-packages/rosidl_adapter/__main__.py", line 19, in <module>
[7.031s]       sys.exit(main())
[7.031s]     File "/opt/ros/foxy/lib/python3.8/site-packages/rosidl_adapter/main.py", line 53, in main
[7.032s]       abs_idl_file = convert_to_idl(
[7.032s]     File "/opt/ros/foxy/lib/python3.8/site-packages/rosidl_adapter/__init__.py", line 19, in convert_to_idl
[7.032s]       return convert_msg_to_idl(
[7.032s]     File "/opt/ros/foxy/lib/python3.8/site-packages/rosidl_adapter/msg/__init__.py", line 28, in convert_msg_to_idl
[7.032s]       msg = parse_message_string(package_name, input_file.stem, content)
[7.032s]     File "/opt/ros/foxy/lib/python3.8/site-packages/rosidl_adapter/parser.py", line 506, in parse_message_string
[7.032s]       raise InvalidFieldDefinition(line)
[7.032s] 
[7.032s]   rosidl_adapter.parser.InvalidFieldDefinition: std_msgs/msg/Header
[7.032s] 
[7.032s] Call Stack (most recent call first):
[7.032s]   /opt/ros/foxy/share/rosidl_cmake/cmake/rosidl_generate_interfaces.cmake:130 (rosidl_adapt_interfaces)
[7.032s]   CMakeLists.txt:26 (rosidl_generate_interfaces)
[7.032s] 
[7.033s] 
[7.033s] -- Configuring incomplete, errors occurred!
[7.033s] See also "/home/isopodin-time/ros2_ws/build/custom_msg_srv/CMakeFiles/CMakeOutput.log".
[7.038s] Invoked command in '/home/isopodin-time/ros2_ws/build/custom_msg_srv' returned '1': CMAKE_PREFIX_PATH=${CMAKE_PREFIX_PATH}:/opt/ros/foxy /usr/bin/cmake /home/isopodin-time/ros2_ws/src/custom_msg_srv -DCMAKE_INSTALL_PREFIX=/home/isopodin-time/ros2_ws/install/custom_msg_srv
