[0.552s] DEBUG:colcon:Command line arguments: ['/usr/bin/colcon', 'build', '--packages-select', 'custom_msg_srv', 'muuv_ros']
[0.552s] DEBUG:colcon:Parsed command line arguments: Namespace(allow_overriding=[], ament_cmake_args=None, base_paths=['.'], build_base='build', catkin_cmake_args=None, catkin_skip_building_tests=False, cmake_args=None, cmake_clean_cache=False, cmake_clean_first=False, cmake_force_configure=False, cmake_target=None, cmake_target_skip_unavailable=False, continue_on_error=False, event_handlers=None, executor='parallel', ignore_user_meta=False, install_base='install', log_base=None, log_level=None, main=<bound method BuildVerb.main of <colcon_core.verb.build.BuildVerb object at 0x7f7c7b3fcbb0>>, merge_install=False, metas=['./colcon.meta'], packages_above=None, packages_above_and_dependencies=None, packages_above_depth=None, packages_end=None, packages_ignore=None, packages_ignore_regex=None, packages_select=['custom_msg_srv', 'muuv_ros'], packages_select_build_failed=False, packages_select_by_dep=None, packages_select_regex=None, packages_select_test_failures=False, packages_skip=None, packages_skip_build_finished=False, packages_skip_by_dep=None, packages_skip_regex=None, packages_skip_test_passed=False, packages_skip_up_to=None, packages_start=None, packages_up_to=None, packages_up_to_regex=None, parallel_workers=8, paths=None, symlink_install=False, test_result_base=None, verb_extension=<colcon_core.verb.build.BuildVerb object at 0x7f7c7b3fcbb0>, verb_name='build', verb_parser=<colcon_defaults.argument_parser.defaults.DefaultArgumentsDecorator object at 0x7f7c7b40a160>)
[0.596s] Level 1:colcon.colcon_core.package_discovery:discover_packages(colcon_meta) check parameters
[0.597s] Level 1:colcon.colcon_core.package_discovery:discover_packages(recursive) check parameters
[0.597s] Level 1:colcon.colcon_core.package_discovery:discover_packages(ignore) check parameters
[0.597s] Level 1:colcon.colcon_core.package_discovery:discover_packages(path) check parameters
[0.597s] Level 1:colcon.colcon_core.package_discovery:discover_packages(colcon_meta) discover
[0.597s] Level 1:colcon.colcon_core.package_discovery:discover_packages(recursive) discover
[0.597s] INFO:colcon.colcon_core.package_discovery:Crawling recursively for packages in '/home/isopodin-time/ros2_ws'
[0.597s] Level 1:colcon.colcon_core.package_identification:_identify(.) by extensions ['ignore', 'ignore_ament_install']
[0.597s] Level 1:colcon.colcon_core.package_identification:_identify(.) by extension 'ignore'
[0.597s] Level 1:colcon.colcon_core.package_identification:_identify(.) by extension 'ignore_ament_install'
[0.598s] Level 1:colcon.colcon_core.package_identification:_identify(.) by extensions ['colcon_pkg']
[0.598s] Level 1:colcon.colcon_core.package_identification:_identify(.) by extension 'colcon_pkg'
[0.598s] Level 1:colcon.colcon_core.package_identification:_identify(.) by extensions ['colcon_meta']
[0.598s] Level 1:colcon.colcon_core.package_identification:_identify(.) by extension 'colcon_meta'
[0.598s] Level 1:colcon.colcon_core.package_identification:_identify(.) by extensions ['ros']
[0.598s] Level 1:colcon.colcon_core.package_identification:_identify(.) by extension 'ros'
[0.609s] Level 1:colcon.colcon_core.package_identification:_identify(.) by extensions ['cmake', 'python']
[0.609s] Level 1:colcon.colcon_core.package_identification:_identify(.) by extension 'cmake'
[0.609s] Level 1:colcon.colcon_core.package_identification:_identify(.) by extension 'python'
[0.609s] Level 1:colcon.colcon_core.package_identification:_identify(.) by extensions ['python_setup_py']
[0.609s] Level 1:colcon.colcon_core.package_identification:_identify(.) by extension 'python_setup_py'
[0.609s] Level 1:colcon.colcon_core.package_identification:_identify(build) by extensions ['ignore', 'ignore_ament_install']
[0.610s] Level 1:colcon.colcon_core.package_identification:_identify(build) by extension 'ignore'
[0.610s] Level 1:colcon.colcon_core.package_identification:_identify(build) ignored
[0.610s] Level 1:colcon.colcon_core.package_identification:_identify(install) by extensions ['ignore', 'ignore_ament_install']
[0.610s] Level 1:colcon.colcon_core.package_identification:_identify(install) by extension 'ignore'
[0.610s] Level 1:colcon.colcon_core.package_identification:_identify(install) ignored
[0.610s] Level 1:colcon.colcon_core.package_identification:_identify(log) by extensions ['ignore', 'ignore_ament_install']
[0.611s] Level 1:colcon.colcon_core.package_identification:_identify(log) by extension 'ignore'
[0.611s] Level 1:colcon.colcon_core.package_identification:_identify(log) ignored
[0.611s] Level 1:colcon.colcon_core.package_identification:_identify(src) by extensions ['ignore', 'ignore_ament_install']
[0.611s] Level 1:colcon.colcon_core.package_identification:_identify(src) by extension 'ignore'
[0.611s] Level 1:colcon.colcon_core.package_identification:_identify(src) by extension 'ignore_ament_install'
[0.611s] Level 1:colcon.colcon_core.package_identification:_identify(src) by extensions ['colcon_pkg']
[0.611s] Level 1:colcon.colcon_core.package_identification:_identify(src) by extension 'colcon_pkg'
[0.611s] Level 1:colcon.colcon_core.package_identification:_identify(src) by extensions ['colcon_meta']
[0.611s] Level 1:colcon.colcon_core.package_identification:_identify(src) by extension 'colcon_meta'
[0.611s] Level 1:colcon.colcon_core.package_identification:_identify(src) by extensions ['ros']
[0.611s] Level 1:colcon.colcon_core.package_identification:_identify(src) by extension 'ros'
[0.611s] Level 1:colcon.colcon_core.package_identification:_identify(src) by extensions ['cmake', 'python']
[0.612s] Level 1:colcon.colcon_core.package_identification:_identify(src) by extension 'cmake'
[0.612s] Level 1:colcon.colcon_core.package_identification:_identify(src) by extension 'python'
[0.612s] Level 1:colcon.colcon_core.package_identification:_identify(src) by extensions ['python_setup_py']
[0.612s] Level 1:colcon.colcon_core.package_identification:_identify(src) by extension 'python_setup_py'
[0.612s] Level 1:colcon.colcon_core.package_identification:_identify(src/Muuv_sim) by extensions ['ignore', 'ignore_ament_install']
[0.612s] Level 1:colcon.colcon_core.package_identification:_identify(src/Muuv_sim) by extension 'ignore'
[0.612s] Level 1:colcon.colcon_core.package_identification:_identify(src/Muuv_sim) by extension 'ignore_ament_install'
[0.612s] Level 1:colcon.colcon_core.package_identification:_identify(src/Muuv_sim) by extensions ['colcon_pkg']
[0.612s] Level 1:colcon.colcon_core.package_identification:_identify(src/Muuv_sim) by extension 'colcon_pkg'
[0.612s] Level 1:colcon.colcon_core.package_identification:_identify(src/Muuv_sim) by extensions ['colcon_meta']
[0.612s] Level 1:colcon.colcon_core.package_identification:_identify(src/Muuv_sim) by extension 'colcon_meta'
[0.612s] Level 1:colcon.colcon_core.package_identification:_identify(src/Muuv_sim) by extensions ['ros']
[0.612s] Level 1:colcon.colcon_core.package_identification:_identify(src/Muuv_sim) by extension 'ros'
[0.612s] Level 1:colcon.colcon_core.package_identification:_identify(src/Muuv_sim) by extensions ['cmake', 'python']
[0.612s] Level 1:colcon.colcon_core.package_identification:_identify(src/Muuv_sim) by extension 'cmake'
[0.613s] Level 1:colcon.colcon_core.package_identification:_identify(src/Muuv_sim) by extension 'python'
[0.613s] Level 1:colcon.colcon_core.package_identification:_identify(src/Muuv_sim) by extensions ['python_setup_py']
[0.613s] Level 1:colcon.colcon_core.package_identification:_identify(src/Muuv_sim) by extension 'python_setup_py'
[0.613s] Level 1:colcon.colcon_core.package_identification:_identify(src/Muuv_sim/muuv_sim) by extensions ['ignore', 'ignore_ament_install']
[0.613s] Level 1:colcon.colcon_core.package_identification:_identify(src/Muuv_sim/muuv_sim) by extension 'ignore'
[0.613s] Level 1:colcon.colcon_core.package_identification:_identify(src/Muuv_sim/muuv_sim) by extension 'ignore_ament_install'
[0.613s] Level 1:colcon.colcon_core.package_identification:_identify(src/Muuv_sim/muuv_sim) by extensions ['colcon_pkg']
[0.613s] Level 1:colcon.colcon_core.package_identification:_identify(src/Muuv_sim/muuv_sim) by extension 'colcon_pkg'
[0.613s] Level 1:colcon.colcon_core.package_identification:_identify(src/Muuv_sim/muuv_sim) by extensions ['colcon_meta']
[0.613s] Level 1:colcon.colcon_core.package_identification:_identify(src/Muuv_sim/muuv_sim) by extension 'colcon_meta'
[0.613s] Level 1:colcon.colcon_core.package_identification:_identify(src/Muuv_sim/muuv_sim) by extensions ['ros']
[0.613s] Level 1:colcon.colcon_core.package_identification:_identify(src/Muuv_sim/muuv_sim) by extension 'ros'
[0.616s] DEBUG:colcon.colcon_core.package_identification:Package 'src/Muuv_sim/muuv_sim' with type 'ros.ament_cmake' and name 'muuv_sim'
[0.616s] Level 1:colcon.colcon_core.package_identification:_identify(src/Muuv_sim/muuv_sim_control) by extensions ['ignore', 'ignore_ament_install']
[0.616s] Level 1:colcon.colcon_core.package_identification:_identify(src/Muuv_sim/muuv_sim_control) by extension 'ignore'
[0.616s] Level 1:colcon.colcon_core.package_identification:_identify(src/Muuv_sim/muuv_sim_control) by extension 'ignore_ament_install'
[0.616s] Level 1:colcon.colcon_core.package_identification:_identify(src/Muuv_sim/muuv_sim_control) by extensions ['colcon_pkg']
[0.616s] Level 1:colcon.colcon_core.package_identification:_identify(src/Muuv_sim/muuv_sim_control) by extension 'colcon_pkg'
[0.616s] Level 1:colcon.colcon_core.package_identification:_identify(src/Muuv_sim/muuv_sim_control) by extensions ['colcon_meta']
[0.616s] Level 1:colcon.colcon_core.package_identification:_identify(src/Muuv_sim/muuv_sim_control) by extension 'colcon_meta'
[0.616s] Level 1:colcon.colcon_core.package_identification:_identify(src/Muuv_sim/muuv_sim_control) by extensions ['ros']
[0.616s] Level 1:colcon.colcon_core.package_identification:_identify(src/Muuv_sim/muuv_sim_control) by extension 'ros'
[0.617s] DEBUG:colcon.colcon_core.package_identification:Package 'src/Muuv_sim/muuv_sim_control' with type 'ros.ament_cmake' and name 'muuv_sim_control'
[0.617s] Level 1:colcon.colcon_core.package_identification:_identify(src/Muuv_sim/muuv_sim_description) by extensions ['ignore', 'ignore_ament_install']
[0.617s] Level 1:colcon.colcon_core.package_identification:_identify(src/Muuv_sim/muuv_sim_description) by extension 'ignore'
[0.617s] Level 1:colcon.colcon_core.package_identification:_identify(src/Muuv_sim/muuv_sim_description) by extension 'ignore_ament_install'
[0.617s] Level 1:colcon.colcon_core.package_identification:_identify(src/Muuv_sim/muuv_sim_description) by extensions ['colcon_pkg']
[0.618s] Level 1:colcon.colcon_core.package_identification:_identify(src/Muuv_sim/muuv_sim_description) by extension 'colcon_pkg'
[0.618s] Level 1:colcon.colcon_core.package_identification:_identify(src/Muuv_sim/muuv_sim_description) by extensions ['colcon_meta']
[0.618s] Level 1:colcon.colcon_core.package_identification:_identify(src/Muuv_sim/muuv_sim_description) by extension 'colcon_meta'
[0.618s] Level 1:colcon.colcon_core.package_identification:_identify(src/Muuv_sim/muuv_sim_description) by extensions ['ros']
[0.618s] Level 1:colcon.colcon_core.package_identification:_identify(src/Muuv_sim/muuv_sim_description) by extension 'ros'
[0.618s] DEBUG:colcon.colcon_core.package_identification:Package 'src/Muuv_sim/muuv_sim_description' with type 'ros.ament_cmake' and name 'muuv_sim_description'
[0.618s] Level 1:colcon.colcon_core.package_identification:_identify(src/Muuv_sim/test_sim) by extensions ['ignore', 'ignore_ament_install']
[0.618s] Level 1:colcon.colcon_core.package_identification:_identify(src/Muuv_sim/test_sim) by extension 'ignore'
[0.619s] Level 1:colcon.colcon_core.package_identification:_identify(src/Muuv_sim/test_sim) by extension 'ignore_ament_install'
[0.619s] Level 1:colcon.colcon_core.package_identification:_identify(src/Muuv_sim/test_sim) by extensions ['colcon_pkg']
[0.619s] Level 1:colcon.colcon_core.package_identification:_identify(src/Muuv_sim/test_sim) by extension 'colcon_pkg'
[0.619s] Level 1:colcon.colcon_core.package_identification:_identify(src/Muuv_sim/test_sim) by extensions ['colcon_meta']
[0.619s] Level 1:colcon.colcon_core.package_identification:_identify(src/Muuv_sim/test_sim) by extension 'colcon_meta'
[0.619s] Level 1:colcon.colcon_core.package_identification:_identify(src/Muuv_sim/test_sim) by extensions ['ros']
[0.619s] Level 1:colcon.colcon_core.package_identification:_identify(src/Muuv_sim/test_sim) by extension 'ros'
[0.619s] DEBUG:colcon.colcon_core.package_identification:Package 'src/Muuv_sim/test_sim' with type 'ros.ament_cmake' and name 'test_sim'
[0.620s] Level 1:colcon.colcon_core.package_identification:_identify(src/Plankton) by extensions ['ignore', 'ignore_ament_install']
[0.620s] Level 1:colcon.colcon_core.package_identification:_identify(src/Plankton) by extension 'ignore'
[0.620s] Level 1:colcon.colcon_core.package_identification:_identify(src/Plankton) by extension 'ignore_ament_install'
[0.620s] Level 1:colcon.colcon_core.package_identification:_identify(src/Plankton) by extensions ['colcon_pkg']
[0.620s] Level 1:colcon.colcon_core.package_identification:_identify(src/Plankton) by extension 'colcon_pkg'
[0.620s] Level 1:colcon.colcon_core.package_identification:_identify(src/Plankton) by extensions ['colcon_meta']
[0.620s] Level 1:colcon.colcon_core.package_identification:_identify(src/Plankton) by extension 'colcon_meta'
[0.620s] Level 1:colcon.colcon_core.package_identification:_identify(src/Plankton) by extensions ['ros']
[0.620s] Level 1:colcon.colcon_core.package_identification:_identify(src/Plankton) by extension 'ros'
[0.620s] Level 1:colcon.colcon_core.package_identification:_identify(src/Plankton) by extensions ['cmake', 'python']
[0.620s] Level 1:colcon.colcon_core.package_identification:_identify(src/Plankton) by extension 'cmake'
[0.620s] Level 1:colcon.colcon_core.package_identification:_identify(src/Plankton) by extension 'python'
[0.620s] Level 1:colcon.colcon_core.package_identification:_identify(src/Plankton) by extensions ['python_setup_py']
[0.620s] Level 1:colcon.colcon_core.package_identification:_identify(src/Plankton) by extension 'python_setup_py'
[0.620s] Level 1:colcon.colcon_core.package_identification:_identify(src/Plankton/plankton) by extensions ['ignore', 'ignore_ament_install']
[0.621s] Level 1:colcon.colcon_core.package_identification:_identify(src/Plankton/plankton) by extension 'ignore'
[0.621s] Level 1:colcon.colcon_core.package_identification:_identify(src/Plankton/plankton) by extension 'ignore_ament_install'
[0.621s] Level 1:colcon.colcon_core.package_identification:_identify(src/Plankton/plankton) by extensions ['colcon_pkg']
[0.621s] Level 1:colcon.colcon_core.package_identification:_identify(src/Plankton/plankton) by extension 'colcon_pkg'
[0.621s] Level 1:colcon.colcon_core.package_identification:_identify(src/Plankton/plankton) by extensions ['colcon_meta']
[0.621s] Level 1:colcon.colcon_core.package_identification:_identify(src/Plankton/plankton) by extension 'colcon_meta'
[0.621s] Level 1:colcon.colcon_core.package_identification:_identify(src/Plankton/plankton) by extensions ['ros']
[0.621s] Level 1:colcon.colcon_core.package_identification:_identify(src/Plankton/plankton) by extension 'ros'
[0.621s] DEBUG:colcon.colcon_core.package_identification:Package 'src/Plankton/plankton' with type 'ros.ament_cmake' and name 'plankton'
[0.622s] Level 1:colcon.colcon_core.package_identification:_identify(src/Plankton/plankton_utils) by extensions ['ignore', 'ignore_ament_install']
[0.622s] Level 1:colcon.colcon_core.package_identification:_identify(src/Plankton/plankton_utils) by extension 'ignore'
[0.622s] Level 1:colcon.colcon_core.package_identification:_identify(src/Plankton/plankton_utils) by extension 'ignore_ament_install'
[0.622s] Level 1:colcon.colcon_core.package_identification:_identify(src/Plankton/plankton_utils) by extensions ['colcon_pkg']
[0.622s] Level 1:colcon.colcon_core.package_identification:_identify(src/Plankton/plankton_utils) by extension 'colcon_pkg'
[0.622s] Level 1:colcon.colcon_core.package_identification:_identify(src/Plankton/plankton_utils) by extensions ['colcon_meta']
[0.622s] Level 1:colcon.colcon_core.package_identification:_identify(src/Plankton/plankton_utils) by extension 'colcon_meta'
[0.622s] Level 1:colcon.colcon_core.package_identification:_identify(src/Plankton/plankton_utils) by extensions ['ros']
[0.622s] Level 1:colcon.colcon_core.package_identification:_identify(src/Plankton/plankton_utils) by extension 'ros'
[0.623s] DEBUG:colcon.colcon_core.package_identification:Package 'src/Plankton/plankton_utils' with type 'ros.ament_cmake' and name 'plankton_utils'
[0.623s] Level 1:colcon.colcon_core.package_identification:_identify(src/Plankton/tools) by extensions ['ignore', 'ignore_ament_install']
[0.623s] Level 1:colcon.colcon_core.package_identification:_identify(src/Plankton/tools) by extension 'ignore'
[0.623s] Level 1:colcon.colcon_core.package_identification:_identify(src/Plankton/tools) by extension 'ignore_ament_install'
[0.623s] Level 1:colcon.colcon_core.package_identification:_identify(src/Plankton/tools) by extensions ['colcon_pkg']
[0.623s] Level 1:colcon.colcon_core.package_identification:_identify(src/Plankton/tools) by extension 'colcon_pkg'
[0.623s] Level 1:colcon.colcon_core.package_identification:_identify(src/Plankton/tools) by extensions ['colcon_meta']
[0.623s] Level 1:colcon.colcon_core.package_identification:_identify(src/Plankton/tools) by extension 'colcon_meta'
[0.623s] Level 1:colcon.colcon_core.package_identification:_identify(src/Plankton/tools) by extensions ['ros']
[0.623s] Level 1:colcon.colcon_core.package_identification:_identify(src/Plankton/tools) by extension 'ros'
[0.623s] Level 1:colcon.colcon_core.package_identification:_identify(src/Plankton/tools) by extensions ['cmake', 'python']
[0.623s] Level 1:colcon.colcon_core.package_identification:_identify(src/Plankton/tools) by extension 'cmake'
[0.623s] Level 1:colcon.colcon_core.package_identification:_identify(src/Plankton/tools) by extension 'python'
[0.623s] Level 1:colcon.colcon_core.package_identification:_identify(src/Plankton/tools) by extensions ['python_setup_py']
[0.624s] Level 1:colcon.colcon_core.package_identification:_identify(src/Plankton/tools) by extension 'python_setup_py'
[0.624s] Level 1:colcon.colcon_core.package_identification:_identify(src/Plankton/user_needs) by extensions ['ignore', 'ignore_ament_install']
[0.624s] Level 1:colcon.colcon_core.package_identification:_identify(src/Plankton/user_needs) by extension 'ignore'
[0.624s] Level 1:colcon.colcon_core.package_identification:_identify(src/Plankton/user_needs) by extension 'ignore_ament_install'
[0.624s] Level 1:colcon.colcon_core.package_identification:_identify(src/Plankton/user_needs) by extensions ['colcon_pkg']
[0.624s] Level 1:colcon.colcon_core.package_identification:_identify(src/Plankton/user_needs) by extension 'colcon_pkg'
[0.624s] Level 1:colcon.colcon_core.package_identification:_identify(src/Plankton/user_needs) by extensions ['colcon_meta']
[0.624s] Level 1:colcon.colcon_core.package_identification:_identify(src/Plankton/user_needs) by extension 'colcon_meta'
[0.624s] Level 1:colcon.colcon_core.package_identification:_identify(src/Plankton/user_needs) by extensions ['ros']
[0.624s] Level 1:colcon.colcon_core.package_identification:_identify(src/Plankton/user_needs) by extension 'ros'
[0.625s] Level 1:colcon.colcon_core.package_identification:_identify(src/Plankton/user_needs) by extensions ['cmake', 'python']
[0.625s] Level 1:colcon.colcon_core.package_identification:_identify(src/Plankton/user_needs) by extension 'cmake'
[0.625s] Level 1:colcon.colcon_core.package_identification:_identify(src/Plankton/user_needs) by extension 'python'
[0.625s] Level 1:colcon.colcon_core.package_identification:_identify(src/Plankton/user_needs) by extensions ['python_setup_py']
[0.625s] Level 1:colcon.colcon_core.package_identification:_identify(src/Plankton/user_needs) by extension 'python_setup_py'
[0.625s] Level 1:colcon.colcon_core.package_identification:_identify(src/Plankton/uuv_assistants) by extensions ['ignore', 'ignore_ament_install']
[0.625s] Level 1:colcon.colcon_core.package_identification:_identify(src/Plankton/uuv_assistants) by extension 'ignore'
[0.626s] Level 1:colcon.colcon_core.package_identification:_identify(src/Plankton/uuv_assistants) by extension 'ignore_ament_install'
[0.626s] Level 1:colcon.colcon_core.package_identification:_identify(src/Plankton/uuv_assistants) by extensions ['colcon_pkg']
[0.626s] Level 1:colcon.colcon_core.package_identification:_identify(src/Plankton/uuv_assistants) by extension 'colcon_pkg'
[0.626s] Level 1:colcon.colcon_core.package_identification:_identify(src/Plankton/uuv_assistants) by extensions ['colcon_meta']
[0.626s] Level 1:colcon.colcon_core.package_identification:_identify(src/Plankton/uuv_assistants) by extension 'colcon_meta'
[0.626s] Level 1:colcon.colcon_core.package_identification:_identify(src/Plankton/uuv_assistants) by extensions ['ros']
[0.626s] Level 1:colcon.colcon_core.package_identification:_identify(src/Plankton/uuv_assistants) by extension 'ros'
[0.628s] DEBUG:colcon.colcon_core.package_identification:Package 'src/Plankton/uuv_assistants' with type 'ros.ament_cmake' and name 'uuv_assistants'
[0.628s] Level 1:colcon.colcon_core.package_identification:_identify(src/Plankton/uuv_control) by extensions ['ignore', 'ignore_ament_install']
[0.629s] Level 1:colcon.colcon_core.package_identification:_identify(src/Plankton/uuv_control) by extension 'ignore'
[0.629s] Level 1:colcon.colcon_core.package_identification:_identify(src/Plankton/uuv_control) by extension 'ignore_ament_install'
[0.629s] Level 1:colcon.colcon_core.package_identification:_identify(src/Plankton/uuv_control) by extensions ['colcon_pkg']
[0.629s] Level 1:colcon.colcon_core.package_identification:_identify(src/Plankton/uuv_control) by extension 'colcon_pkg'
[0.629s] Level 1:colcon.colcon_core.package_identification:_identify(src/Plankton/uuv_control) by extensions ['colcon_meta']
[0.629s] Level 1:colcon.colcon_core.package_identification:_identify(src/Plankton/uuv_control) by extension 'colcon_meta'
[0.629s] Level 1:colcon.colcon_core.package_identification:_identify(src/Plankton/uuv_control) by extensions ['ros']
[0.629s] Level 1:colcon.colcon_core.package_identification:_identify(src/Plankton/uuv_control) by extension 'ros'
[0.629s] Level 1:colcon.colcon_core.package_identification:_identify(src/Plankton/uuv_control) by extensions ['cmake', 'python']
[0.630s] Level 1:colcon.colcon_core.package_identification:_identify(src/Plankton/uuv_control) by extension 'cmake'
[0.630s] Level 1:colcon.colcon_core.package_identification:_identify(src/Plankton/uuv_control) by extension 'python'
[0.630s] Level 1:colcon.colcon_core.package_identification:_identify(src/Plankton/uuv_control) by extensions ['python_setup_py']
[0.630s] Level 1:colcon.colcon_core.package_identification:_identify(src/Plankton/uuv_control) by extension 'python_setup_py'
[0.630s] Level 1:colcon.colcon_core.package_identification:_identify(src/Plankton/uuv_control/uuv_auv_control_allocator) by extensions ['ignore', 'ignore_ament_install']
[0.630s] Level 1:colcon.colcon_core.package_identification:_identify(src/Plankton/uuv_control/uuv_auv_control_allocator) by extension 'ignore'
[0.631s] Level 1:colcon.colcon_core.package_identification:_identify(src/Plankton/uuv_control/uuv_auv_control_allocator) by extension 'ignore_ament_install'
[0.631s] Level 1:colcon.colcon_core.package_identification:_identify(src/Plankton/uuv_control/uuv_auv_control_allocator) by extensions ['colcon_pkg']
[0.631s] Level 1:colcon.colcon_core.package_identification:_identify(src/Plankton/uuv_control/uuv_auv_control_allocator) by extension 'colcon_pkg'
[0.631s] Level 1:colcon.colcon_core.package_identification:_identify(src/Plankton/uuv_control/uuv_auv_control_allocator) by extensions ['colcon_meta']
[0.631s] Level 1:colcon.colcon_core.package_identification:_identify(src/Plankton/uuv_control/uuv_auv_control_allocator) by extension 'colcon_meta'
[0.632s] Level 1:colcon.colcon_core.package_identification:_identify(src/Plankton/uuv_control/uuv_auv_control_allocator) by extensions ['ros']
[0.632s] Level 1:colcon.colcon_core.package_identification:_identify(src/Plankton/uuv_control/uuv_auv_control_allocator) by extension 'ros'
[0.634s] DEBUG:colcon.colcon_core.package_identification:Package 'src/Plankton/uuv_control/uuv_auv_control_allocator' with type 'ros.ament_cmake' and name 'uuv_auv_control_allocator'
[0.635s] Level 1:colcon.colcon_core.package_identification:_identify(src/Plankton/uuv_control/uuv_control_cascaded_pids) by extensions ['ignore', 'ignore_ament_install']
[0.635s] Level 1:colcon.colcon_core.package_identification:_identify(src/Plankton/uuv_control/uuv_control_cascaded_pids) by extension 'ignore'
[0.635s] Level 1:colcon.colcon_core.package_identification:_identify(src/Plankton/uuv_control/uuv_control_cascaded_pids) by extension 'ignore_ament_install'
[0.635s] Level 1:colcon.colcon_core.package_identification:_identify(src/Plankton/uuv_control/uuv_control_cascaded_pids) by extensions ['colcon_pkg']
[0.635s] Level 1:colcon.colcon_core.package_identification:_identify(src/Plankton/uuv_control/uuv_control_cascaded_pids) by extension 'colcon_pkg'
[0.635s] Level 1:colcon.colcon_core.package_identification:_identify(src/Plankton/uuv_control/uuv_control_cascaded_pids) by extensions ['colcon_meta']
[0.635s] Level 1:colcon.colcon_core.package_identification:_identify(src/Plankton/uuv_control/uuv_control_cascaded_pids) by extension 'colcon_meta'
[0.635s] Level 1:colcon.colcon_core.package_identification:_identify(src/Plankton/uuv_control/uuv_control_cascaded_pids) by extensions ['ros']
[0.635s] Level 1:colcon.colcon_core.package_identification:_identify(src/Plankton/uuv_control/uuv_control_cascaded_pids) by extension 'ros'
[0.636s] DEBUG:colcon.colcon_core.package_identification:Package 'src/Plankton/uuv_control/uuv_control_cascaded_pids' with type 'ros.ament_cmake' and name 'uuv_control_cascaded_pid'
[0.637s] Level 1:colcon.colcon_core.package_identification:_identify(src/Plankton/uuv_control/uuv_control_msgs) by extensions ['ignore', 'ignore_ament_install']
[0.637s] Level 1:colcon.colcon_core.package_identification:_identify(src/Plankton/uuv_control/uuv_control_msgs) by extension 'ignore'
[0.637s] Level 1:colcon.colcon_core.package_identification:_identify(src/Plankton/uuv_control/uuv_control_msgs) by extension 'ignore_ament_install'
[0.637s] Level 1:colcon.colcon_core.package_identification:_identify(src/Plankton/uuv_control/uuv_control_msgs) by extensions ['colcon_pkg']
[0.637s] Level 1:colcon.colcon_core.package_identification:_identify(src/Plankton/uuv_control/uuv_control_msgs) by extension 'colcon_pkg'
[0.637s] Level 1:colcon.colcon_core.package_identification:_identify(src/Plankton/uuv_control/uuv_control_msgs) by extensions ['colcon_meta']
[0.637s] Level 1:colcon.colcon_core.package_identification:_identify(src/Plankton/uuv_control/uuv_control_msgs) by extension 'colcon_meta'
[0.637s] Level 1:colcon.colcon_core.package_identification:_identify(src/Plankton/uuv_control/uuv_control_msgs) by extensions ['ros']
[0.637s] Level 1:colcon.colcon_core.package_identification:_identify(src/Plankton/uuv_control/uuv_control_msgs) by extension 'ros'
[0.638s] DEBUG:colcon.colcon_core.package_identification:Package 'src/Plankton/uuv_control/uuv_control_msgs' with type 'ros.ament_cmake' and name 'uuv_control_msgs'
[0.638s] Level 1:colcon.colcon_core.package_identification:_identify(src/Plankton/uuv_control/uuv_control_utils) by extensions ['ignore', 'ignore_ament_install']
[0.638s] Level 1:colcon.colcon_core.package_identification:_identify(src/Plankton/uuv_control/uuv_control_utils) by extension 'ignore'
[0.638s] Level 1:colcon.colcon_core.package_identification:_identify(src/Plankton/uuv_control/uuv_control_utils) by extension 'ignore_ament_install'
[0.639s] Level 1:colcon.colcon_core.package_identification:_identify(src/Plankton/uuv_control/uuv_control_utils) by extensions ['colcon_pkg']
[0.639s] Level 1:colcon.colcon_core.package_identification:_identify(src/Plankton/uuv_control/uuv_control_utils) by extension 'colcon_pkg'
[0.639s] Level 1:colcon.colcon_core.package_identification:_identify(src/Plankton/uuv_control/uuv_control_utils) by extensions ['colcon_meta']
[0.639s] Level 1:colcon.colcon_core.package_identification:_identify(src/Plankton/uuv_control/uuv_control_utils) by extension 'colcon_meta'
[0.639s] Level 1:colcon.colcon_core.package_identification:_identify(src/Plankton/uuv_control/uuv_control_utils) by extensions ['ros']
[0.639s] Level 1:colcon.colcon_core.package_identification:_identify(src/Plankton/uuv_control/uuv_control_utils) by extension 'ros'
[0.640s] DEBUG:colcon.colcon_core.package_identification:Package 'src/Plankton/uuv_control/uuv_control_utils' with type 'ros.ament_cmake' and name 'uuv_control_utils'
[0.641s] Level 1:colcon.colcon_core.package_identification:_identify(src/Plankton/uuv_control/uuv_thruster_manager) by extensions ['ignore', 'ignore_ament_install']
[0.641s] Level 1:colcon.colcon_core.package_identification:_identify(src/Plankton/uuv_control/uuv_thruster_manager) by extension 'ignore'
[0.641s] Level 1:colcon.colcon_core.package_identification:_identify(src/Plankton/uuv_control/uuv_thruster_manager) by extension 'ignore_ament_install'
[0.641s] Level 1:colcon.colcon_core.package_identification:_identify(src/Plankton/uuv_control/uuv_thruster_manager) by extensions ['colcon_pkg']
[0.641s] Level 1:colcon.colcon_core.package_identification:_identify(src/Plankton/uuv_control/uuv_thruster_manager) by extension 'colcon_pkg'
[0.641s] Level 1:colcon.colcon_core.package_identification:_identify(src/Plankton/uuv_control/uuv_thruster_manager) by extensions ['colcon_meta']
[0.641s] Level 1:colcon.colcon_core.package_identification:_identify(src/Plankton/uuv_control/uuv_thruster_manager) by extension 'colcon_meta'
[0.641s] Level 1:colcon.colcon_core.package_identification:_identify(src/Plankton/uuv_control/uuv_thruster_manager) by extensions ['ros']
[0.641s] Level 1:colcon.colcon_core.package_identification:_identify(src/Plankton/uuv_control/uuv_thruster_manager) by extension 'ros'
[0.643s] DEBUG:colcon.colcon_core.package_identification:Package 'src/Plankton/uuv_control/uuv_thruster_manager' with type 'ros.ament_cmake' and name 'uuv_thruster_manager'
[0.643s] Level 1:colcon.colcon_core.package_identification:_identify(src/Plankton/uuv_control/uuv_trajectory_control) by extensions ['ignore', 'ignore_ament_install']
[0.643s] Level 1:colcon.colcon_core.package_identification:_identify(src/Plankton/uuv_control/uuv_trajectory_control) by extension 'ignore'
[0.643s] Level 1:colcon.colcon_core.package_identification:_identify(src/Plankton/uuv_control/uuv_trajectory_control) by extension 'ignore_ament_install'
[0.643s] Level 1:colcon.colcon_core.package_identification:_identify(src/Plankton/uuv_control/uuv_trajectory_control) by extensions ['colcon_pkg']
[0.643s] Level 1:colcon.colcon_core.package_identification:_identify(src/Plankton/uuv_control/uuv_trajectory_control) by extension 'colcon_pkg'
[0.643s] Level 1:colcon.colcon_core.package_identification:_identify(src/Plankton/uuv_control/uuv_trajectory_control) by extensions ['colcon_meta']
[0.643s] Level 1:colcon.colcon_core.package_identification:_identify(src/Plankton/uuv_control/uuv_trajectory_control) by extension 'colcon_meta'
[0.643s] Level 1:colcon.colcon_core.package_identification:_identify(src/Plankton/uuv_control/uuv_trajectory_control) by extensions ['ros']
[0.644s] Level 1:colcon.colcon_core.package_identification:_identify(src/Plankton/uuv_control/uuv_trajectory_control) by extension 'ros'
[0.644s] DEBUG:colcon.colcon_core.package_identification:Package 'src/Plankton/uuv_control/uuv_trajectory_control' with type 'ros.ament_cmake' and name 'uuv_trajectory_control'
[0.644s] Level 1:colcon.colcon_core.package_identification:_identify(src/Plankton/uuv_descriptions) by extensions ['ignore', 'ignore_ament_install']
[0.645s] Level 1:colcon.colcon_core.package_identification:_identify(src/Plankton/uuv_descriptions) by extension 'ignore'
[0.645s] Level 1:colcon.colcon_core.package_identification:_identify(src/Plankton/uuv_descriptions) by extension 'ignore_ament_install'
[0.645s] Level 1:colcon.colcon_core.package_identification:_identify(src/Plankton/uuv_descriptions) by extensions ['colcon_pkg']
[0.645s] Level 1:colcon.colcon_core.package_identification:_identify(src/Plankton/uuv_descriptions) by extension 'colcon_pkg'
[0.645s] Level 1:colcon.colcon_core.package_identification:_identify(src/Plankton/uuv_descriptions) by extensions ['colcon_meta']
[0.645s] Level 1:colcon.colcon_core.package_identification:_identify(src/Plankton/uuv_descriptions) by extension 'colcon_meta'
[0.645s] Level 1:colcon.colcon_core.package_identification:_identify(src/Plankton/uuv_descriptions) by extensions ['ros']
[0.645s] Level 1:colcon.colcon_core.package_identification:_identify(src/Plankton/uuv_descriptions) by extension 'ros'
[0.646s] DEBUG:colcon.colcon_core.package_identification:Package 'src/Plankton/uuv_descriptions' with type 'ros.ament_cmake' and name 'uuv_descriptions'
[0.646s] Level 1:colcon.colcon_core.package_identification:_identify(src/Plankton/uuv_gazebo) by extensions ['ignore', 'ignore_ament_install']
[0.646s] Level 1:colcon.colcon_core.package_identification:_identify(src/Plankton/uuv_gazebo) by extension 'ignore'
[0.646s] Level 1:colcon.colcon_core.package_identification:_identify(src/Plankton/uuv_gazebo) by extension 'ignore_ament_install'
[0.646s] Level 1:colcon.colcon_core.package_identification:_identify(src/Plankton/uuv_gazebo) by extensions ['colcon_pkg']
[0.646s] Level 1:colcon.colcon_core.package_identification:_identify(src/Plankton/uuv_gazebo) by extension 'colcon_pkg'
[0.646s] Level 1:colcon.colcon_core.package_identification:_identify(src/Plankton/uuv_gazebo) by extensions ['colcon_meta']
[0.646s] Level 1:colcon.colcon_core.package_identification:_identify(src/Plankton/uuv_gazebo) by extension 'colcon_meta'
[0.646s] Level 1:colcon.colcon_core.package_identification:_identify(src/Plankton/uuv_gazebo) by extensions ['ros']
[0.646s] Level 1:colcon.colcon_core.package_identification:_identify(src/Plankton/uuv_gazebo) by extension 'ros'
[0.647s] DEBUG:colcon.colcon_core.package_identification:Package 'src/Plankton/uuv_gazebo' with type 'ros.ament_cmake' and name 'uuv_gazebo'
[0.647s] Level 1:colcon.colcon_core.package_identification:_identify(src/Plankton/uuv_gazebo_plugins) by extensions ['ignore', 'ignore_ament_install']
[0.647s] Level 1:colcon.colcon_core.package_identification:_identify(src/Plankton/uuv_gazebo_plugins) by extension 'ignore'
[0.647s] Level 1:colcon.colcon_core.package_identification:_identify(src/Plankton/uuv_gazebo_plugins) by extension 'ignore_ament_install'
[0.647s] Level 1:colcon.colcon_core.package_identification:_identify(src/Plankton/uuv_gazebo_plugins) by extensions ['colcon_pkg']
[0.647s] Level 1:colcon.colcon_core.package_identification:_identify(src/Plankton/uuv_gazebo_plugins) by extension 'colcon_pkg'
[0.647s] Level 1:colcon.colcon_core.package_identification:_identify(src/Plankton/uuv_gazebo_plugins) by extensions ['colcon_meta']
[0.647s] Level 1:colcon.colcon_core.package_identification:_identify(src/Plankton/uuv_gazebo_plugins) by extension 'colcon_meta'
[0.648s] Level 1:colcon.colcon_core.package_identification:_identify(src/Plankton/uuv_gazebo_plugins) by extensions ['ros']
[0.648s] Level 1:colcon.colcon_core.package_identification:_identify(src/Plankton/uuv_gazebo_plugins) by extension 'ros'
[0.648s] Level 1:colcon.colcon_core.package_identification:_identify(src/Plankton/uuv_gazebo_plugins) by extensions ['cmake', 'python']
[0.648s] Level 1:colcon.colcon_core.package_identification:_identify(src/Plankton/uuv_gazebo_plugins) by extension 'cmake'
[0.648s] Level 1:colcon.colcon_core.package_identification:_identify(src/Plankton/uuv_gazebo_plugins) by extension 'python'
[0.648s] Level 1:colcon.colcon_core.package_identification:_identify(src/Plankton/uuv_gazebo_plugins) by extensions ['python_setup_py']
[0.648s] Level 1:colcon.colcon_core.package_identification:_identify(src/Plankton/uuv_gazebo_plugins) by extension 'python_setup_py'
[0.648s] Level 1:colcon.colcon_core.package_identification:_identify(src/Plankton/uuv_gazebo_plugins/uuv_gazebo_plugins) by extensions ['ignore', 'ignore_ament_install']
[0.648s] Level 1:colcon.colcon_core.package_identification:_identify(src/Plankton/uuv_gazebo_plugins/uuv_gazebo_plugins) by extension 'ignore'
[0.648s] Level 1:colcon.colcon_core.package_identification:_identify(src/Plankton/uuv_gazebo_plugins/uuv_gazebo_plugins) by extension 'ignore_ament_install'
[0.648s] Level 1:colcon.colcon_core.package_identification:_identify(src/Plankton/uuv_gazebo_plugins/uuv_gazebo_plugins) by extensions ['colcon_pkg']
[0.648s] Level 1:colcon.colcon_core.package_identification:_identify(src/Plankton/uuv_gazebo_plugins/uuv_gazebo_plugins) by extension 'colcon_pkg'
[0.648s] Level 1:colcon.colcon_core.package_identification:_identify(src/Plankton/uuv_gazebo_plugins/uuv_gazebo_plugins) by extensions ['colcon_meta']
[0.648s] Level 1:colcon.colcon_core.package_identification:_identify(src/Plankton/uuv_gazebo_plugins/uuv_gazebo_plugins) by extension 'colcon_meta'
[0.648s] Level 1:colcon.colcon_core.package_identification:_identify(src/Plankton/uuv_gazebo_plugins/uuv_gazebo_plugins) by extensions ['ros']
[0.648s] Level 1:colcon.colcon_core.package_identification:_identify(src/Plankton/uuv_gazebo_plugins/uuv_gazebo_plugins) by extension 'ros'
[0.649s] DEBUG:colcon.colcon_core.package_identification:Package 'src/Plankton/uuv_gazebo_plugins/uuv_gazebo_plugins' with type 'ros.ament_cmake' and name 'uuv_gazebo_plugins'
[0.649s] Level 1:colcon.colcon_core.package_identification:_identify(src/Plankton/uuv_gazebo_plugins/uuv_gazebo_ros_plugins) by extensions ['ignore', 'ignore_ament_install']
[0.649s] Level 1:colcon.colcon_core.package_identification:_identify(src/Plankton/uuv_gazebo_plugins/uuv_gazebo_ros_plugins) by extension 'ignore'
[0.650s] Level 1:colcon.colcon_core.package_identification:_identify(src/Plankton/uuv_gazebo_plugins/uuv_gazebo_ros_plugins) by extension 'ignore_ament_install'
[0.650s] Level 1:colcon.colcon_core.package_identification:_identify(src/Plankton/uuv_gazebo_plugins/uuv_gazebo_ros_plugins) by extensions ['colcon_pkg']
[0.650s] Level 1:colcon.colcon_core.package_identification:_identify(src/Plankton/uuv_gazebo_plugins/uuv_gazebo_ros_plugins) by extension 'colcon_pkg'
[0.650s] Level 1:colcon.colcon_core.package_identification:_identify(src/Plankton/uuv_gazebo_plugins/uuv_gazebo_ros_plugins) by extensions ['colcon_meta']
[0.650s] Level 1:colcon.colcon_core.package_identification:_identify(src/Plankton/uuv_gazebo_plugins/uuv_gazebo_ros_plugins) by extension 'colcon_meta'
[0.650s] Level 1:colcon.colcon_core.package_identification:_identify(src/Plankton/uuv_gazebo_plugins/uuv_gazebo_ros_plugins) by extensions ['ros']
[0.650s] Level 1:colcon.colcon_core.package_identification:_identify(src/Plankton/uuv_gazebo_plugins/uuv_gazebo_ros_plugins) by extension 'ros'
[0.651s] DEBUG:colcon.colcon_core.package_identification:Package 'src/Plankton/uuv_gazebo_plugins/uuv_gazebo_ros_plugins' with type 'ros.ament_cmake' and name 'uuv_gazebo_ros_plugins'
[0.651s] Level 1:colcon.colcon_core.package_identification:_identify(src/Plankton/uuv_gazebo_plugins/uuv_gazebo_ros_plugins_msgs) by extensions ['ignore', 'ignore_ament_install']
[0.651s] Level 1:colcon.colcon_core.package_identification:_identify(src/Plankton/uuv_gazebo_plugins/uuv_gazebo_ros_plugins_msgs) by extension 'ignore'
[0.652s] Level 1:colcon.colcon_core.package_identification:_identify(src/Plankton/uuv_gazebo_plugins/uuv_gazebo_ros_plugins_msgs) by extension 'ignore_ament_install'
[0.652s] Level 1:colcon.colcon_core.package_identification:_identify(src/Plankton/uuv_gazebo_plugins/uuv_gazebo_ros_plugins_msgs) by extensions ['colcon_pkg']
[0.652s] Level 1:colcon.colcon_core.package_identification:_identify(src/Plankton/uuv_gazebo_plugins/uuv_gazebo_ros_plugins_msgs) by extension 'colcon_pkg'
[0.652s] Level 1:colcon.colcon_core.package_identification:_identify(src/Plankton/uuv_gazebo_plugins/uuv_gazebo_ros_plugins_msgs) by extensions ['colcon_meta']
[0.652s] Level 1:colcon.colcon_core.package_identification:_identify(src/Plankton/uuv_gazebo_plugins/uuv_gazebo_ros_plugins_msgs) by extension 'colcon_meta'
[0.652s] Level 1:colcon.colcon_core.package_identification:_identify(src/Plankton/uuv_gazebo_plugins/uuv_gazebo_ros_plugins_msgs) by extensions ['ros']
[0.652s] Level 1:colcon.colcon_core.package_identification:_identify(src/Plankton/uuv_gazebo_plugins/uuv_gazebo_ros_plugins_msgs) by extension 'ros'
[0.653s] DEBUG:colcon.colcon_core.package_identification:Package 'src/Plankton/uuv_gazebo_plugins/uuv_gazebo_ros_plugins_msgs' with type 'ros.ament_cmake' and name 'uuv_gazebo_ros_plugins_msgs'
[0.653s] Level 1:colcon.colcon_core.package_identification:_identify(src/Plankton/uuv_gazebo_worlds) by extensions ['ignore', 'ignore_ament_install']
[0.653s] Level 1:colcon.colcon_core.package_identification:_identify(src/Plankton/uuv_gazebo_worlds) by extension 'ignore'
[0.653s] Level 1:colcon.colcon_core.package_identification:_identify(src/Plankton/uuv_gazebo_worlds) by extension 'ignore_ament_install'
[0.653s] Level 1:colcon.colcon_core.package_identification:_identify(src/Plankton/uuv_gazebo_worlds) by extensions ['colcon_pkg']
[0.653s] Level 1:colcon.colcon_core.package_identification:_identify(src/Plankton/uuv_gazebo_worlds) by extension 'colcon_pkg'
[0.653s] Level 1:colcon.colcon_core.package_identification:_identify(src/Plankton/uuv_gazebo_worlds) by extensions ['colcon_meta']
[0.653s] Level 1:colcon.colcon_core.package_identification:_identify(src/Plankton/uuv_gazebo_worlds) by extension 'colcon_meta'
[0.653s] Level 1:colcon.colcon_core.package_identification:_identify(src/Plankton/uuv_gazebo_worlds) by extensions ['ros']
[0.653s] Level 1:colcon.colcon_core.package_identification:_identify(src/Plankton/uuv_gazebo_worlds) by extension 'ros'
[0.654s] DEBUG:colcon.colcon_core.package_identification:Package 'src/Plankton/uuv_gazebo_worlds' with type 'ros.ament_cmake' and name 'uuv_gazebo_worlds'
[0.654s] Level 1:colcon.colcon_core.package_identification:_identify(src/Plankton/uuv_sensor_plugins) by extensions ['ignore', 'ignore_ament_install']
[0.654s] Level 1:colcon.colcon_core.package_identification:_identify(src/Plankton/uuv_sensor_plugins) by extension 'ignore'
[0.654s] Level 1:colcon.colcon_core.package_identification:_identify(src/Plankton/uuv_sensor_plugins) by extension 'ignore_ament_install'
[0.654s] Level 1:colcon.colcon_core.package_identification:_identify(src/Plankton/uuv_sensor_plugins) by extensions ['colcon_pkg']
[0.654s] Level 1:colcon.colcon_core.package_identification:_identify(src/Plankton/uuv_sensor_plugins) by extension 'colcon_pkg'
[0.654s] Level 1:colcon.colcon_core.package_identification:_identify(src/Plankton/uuv_sensor_plugins) by extensions ['colcon_meta']
[0.654s] Level 1:colcon.colcon_core.package_identification:_identify(src/Plankton/uuv_sensor_plugins) by extension 'colcon_meta'
[0.654s] Level 1:colcon.colcon_core.package_identification:_identify(src/Plankton/uuv_sensor_plugins) by extensions ['ros']
[0.654s] Level 1:colcon.colcon_core.package_identification:_identify(src/Plankton/uuv_sensor_plugins) by extension 'ros'
[0.655s] Level 1:colcon.colcon_core.package_identification:_identify(src/Plankton/uuv_sensor_plugins) by extensions ['cmake', 'python']
[0.655s] Level 1:colcon.colcon_core.package_identification:_identify(src/Plankton/uuv_sensor_plugins) by extension 'cmake'
[0.655s] Level 1:colcon.colcon_core.package_identification:_identify(src/Plankton/uuv_sensor_plugins) by extension 'python'
[0.655s] Level 1:colcon.colcon_core.package_identification:_identify(src/Plankton/uuv_sensor_plugins) by extensions ['python_setup_py']
[0.655s] Level 1:colcon.colcon_core.package_identification:_identify(src/Plankton/uuv_sensor_plugins) by extension 'python_setup_py'
[0.655s] Level 1:colcon.colcon_core.package_identification:_identify(src/Plankton/uuv_sensor_plugins/uuv_sensor_ros_plugins) by extensions ['ignore', 'ignore_ament_install']
[0.655s] Level 1:colcon.colcon_core.package_identification:_identify(src/Plankton/uuv_sensor_plugins/uuv_sensor_ros_plugins) by extension 'ignore'
[0.655s] Level 1:colcon.colcon_core.package_identification:_identify(src/Plankton/uuv_sensor_plugins/uuv_sensor_ros_plugins) by extension 'ignore_ament_install'
[0.655s] Level 1:colcon.colcon_core.package_identification:_identify(src/Plankton/uuv_sensor_plugins/uuv_sensor_ros_plugins) by extensions ['colcon_pkg']
[0.655s] Level 1:colcon.colcon_core.package_identification:_identify(src/Plankton/uuv_sensor_plugins/uuv_sensor_ros_plugins) by extension 'colcon_pkg'
[0.655s] Level 1:colcon.colcon_core.package_identification:_identify(src/Plankton/uuv_sensor_plugins/uuv_sensor_ros_plugins) by extensions ['colcon_meta']
[0.655s] Level 1:colcon.colcon_core.package_identification:_identify(src/Plankton/uuv_sensor_plugins/uuv_sensor_ros_plugins) by extension 'colcon_meta'
[0.655s] Level 1:colcon.colcon_core.package_identification:_identify(src/Plankton/uuv_sensor_plugins/uuv_sensor_ros_plugins) by extensions ['ros']
[0.655s] Level 1:colcon.colcon_core.package_identification:_identify(src/Plankton/uuv_sensor_plugins/uuv_sensor_ros_plugins) by extension 'ros'
[0.657s] DEBUG:colcon.colcon_core.package_identification:Package 'src/Plankton/uuv_sensor_plugins/uuv_sensor_ros_plugins' with type 'ros.ament_cmake' and name 'uuv_sensor_ros_plugins'
[0.657s] Level 1:colcon.colcon_core.package_identification:_identify(src/Plankton/uuv_sensor_plugins/uuv_sensor_ros_plugins_msgs) by extensions ['ignore', 'ignore_ament_install']
[0.658s] Level 1:colcon.colcon_core.package_identification:_identify(src/Plankton/uuv_sensor_plugins/uuv_sensor_ros_plugins_msgs) by extension 'ignore'
[0.658s] Level 1:colcon.colcon_core.package_identification:_identify(src/Plankton/uuv_sensor_plugins/uuv_sensor_ros_plugins_msgs) by extension 'ignore_ament_install'
[0.658s] Level 1:colcon.colcon_core.package_identification:_identify(src/Plankton/uuv_sensor_plugins/uuv_sensor_ros_plugins_msgs) by extensions ['colcon_pkg']
[0.658s] Level 1:colcon.colcon_core.package_identification:_identify(src/Plankton/uuv_sensor_plugins/uuv_sensor_ros_plugins_msgs) by extension 'colcon_pkg'
[0.658s] Level 1:colcon.colcon_core.package_identification:_identify(src/Plankton/uuv_sensor_plugins/uuv_sensor_ros_plugins_msgs) by extensions ['colcon_meta']
[0.658s] Level 1:colcon.colcon_core.package_identification:_identify(src/Plankton/uuv_sensor_plugins/uuv_sensor_ros_plugins_msgs) by extension 'colcon_meta'
[0.658s] Level 1:colcon.colcon_core.package_identification:_identify(src/Plankton/uuv_sensor_plugins/uuv_sensor_ros_plugins_msgs) by extensions ['ros']
[0.658s] Level 1:colcon.colcon_core.package_identification:_identify(src/Plankton/uuv_sensor_plugins/uuv_sensor_ros_plugins_msgs) by extension 'ros'
[0.659s] DEBUG:colcon.colcon_core.package_identification:Package 'src/Plankton/uuv_sensor_plugins/uuv_sensor_ros_plugins_msgs' with type 'ros.ament_cmake' and name 'uuv_sensor_ros_plugins_msgs'
[0.659s] Level 1:colcon.colcon_core.package_identification:_identify(src/Plankton/uuv_simulator) by extensions ['ignore', 'ignore_ament_install']
[0.660s] Level 1:colcon.colcon_core.package_identification:_identify(src/Plankton/uuv_simulator) by extension 'ignore'
[0.660s] Level 1:colcon.colcon_core.package_identification:_identify(src/Plankton/uuv_simulator) by extension 'ignore_ament_install'
[0.660s] Level 1:colcon.colcon_core.package_identification:_identify(src/Plankton/uuv_simulator) by extensions ['colcon_pkg']
[0.660s] Level 1:colcon.colcon_core.package_identification:_identify(src/Plankton/uuv_simulator) by extension 'colcon_pkg'
[0.660s] Level 1:colcon.colcon_core.package_identification:_identify(src/Plankton/uuv_simulator) by extensions ['colcon_meta']
[0.660s] Level 1:colcon.colcon_core.package_identification:_identify(src/Plankton/uuv_simulator) by extension 'colcon_meta'
[0.660s] Level 1:colcon.colcon_core.package_identification:_identify(src/Plankton/uuv_simulator) by extensions ['ros']
[0.660s] Level 1:colcon.colcon_core.package_identification:_identify(src/Plankton/uuv_simulator) by extension 'ros'
[0.661s] DEBUG:colcon.colcon_core.package_identification:Package 'src/Plankton/uuv_simulator' with type 'ros.ament_cmake' and name 'uuv_simulator'
[0.661s] Level 1:colcon.colcon_core.package_identification:_identify(src/Plankton/uuv_teleop) by extensions ['ignore', 'ignore_ament_install']
[0.661s] Level 1:colcon.colcon_core.package_identification:_identify(src/Plankton/uuv_teleop) by extension 'ignore'
[0.661s] Level 1:colcon.colcon_core.package_identification:_identify(src/Plankton/uuv_teleop) by extension 'ignore_ament_install'
[0.661s] Level 1:colcon.colcon_core.package_identification:_identify(src/Plankton/uuv_teleop) by extensions ['colcon_pkg']
[0.661s] Level 1:colcon.colcon_core.package_identification:_identify(src/Plankton/uuv_teleop) by extension 'colcon_pkg'
[0.662s] Level 1:colcon.colcon_core.package_identification:_identify(src/Plankton/uuv_teleop) by extensions ['colcon_meta']
[0.662s] Level 1:colcon.colcon_core.package_identification:_identify(src/Plankton/uuv_teleop) by extension 'colcon_meta'
[0.662s] Level 1:colcon.colcon_core.package_identification:_identify(src/Plankton/uuv_teleop) by extensions ['ros']
[0.662s] Level 1:colcon.colcon_core.package_identification:_identify(src/Plankton/uuv_teleop) by extension 'ros'
[0.662s] DEBUG:colcon.colcon_core.package_identification:Package 'src/Plankton/uuv_teleop' with type 'ros.ament_cmake' and name 'uuv_teleop'
[0.663s] Level 1:colcon.colcon_core.package_identification:_identify(src/Plankton/uuv_tutorials) by extensions ['ignore', 'ignore_ament_install']
[0.663s] Level 1:colcon.colcon_core.package_identification:_identify(src/Plankton/uuv_tutorials) by extension 'ignore'
[0.663s] Level 1:colcon.colcon_core.package_identification:_identify(src/Plankton/uuv_tutorials) by extension 'ignore_ament_install'
[0.663s] Level 1:colcon.colcon_core.package_identification:_identify(src/Plankton/uuv_tutorials) by extensions ['colcon_pkg']
[0.663s] Level 1:colcon.colcon_core.package_identification:_identify(src/Plankton/uuv_tutorials) by extension 'colcon_pkg'
[0.663s] Level 1:colcon.colcon_core.package_identification:_identify(src/Plankton/uuv_tutorials) by extensions ['colcon_meta']
[0.663s] Level 1:colcon.colcon_core.package_identification:_identify(src/Plankton/uuv_tutorials) by extension 'colcon_meta'
[0.663s] Level 1:colcon.colcon_core.package_identification:_identify(src/Plankton/uuv_tutorials) by extensions ['ros']
[0.663s] Level 1:colcon.colcon_core.package_identification:_identify(src/Plankton/uuv_tutorials) by extension 'ros'
[0.663s] Level 1:colcon.colcon_core.package_identification:_identify(src/Plankton/uuv_tutorials) by extensions ['cmake', 'python']
[0.663s] Level 1:colcon.colcon_core.package_identification:_identify(src/Plankton/uuv_tutorials) by extension 'cmake'
[0.663s] Level 1:colcon.colcon_core.package_identification:_identify(src/Plankton/uuv_tutorials) by extension 'python'
[0.663s] Level 1:colcon.colcon_core.package_identification:_identify(src/Plankton/uuv_tutorials) by extensions ['python_setup_py']
[0.663s] Level 1:colcon.colcon_core.package_identification:_identify(src/Plankton/uuv_tutorials) by extension 'python_setup_py'
[0.664s] Level 1:colcon.colcon_core.package_identification:_identify(src/Plankton/uuv_tutorials/uuv_tutorial_disturbances) by extensions ['ignore', 'ignore_ament_install']
[0.664s] Level 1:colcon.colcon_core.package_identification:_identify(src/Plankton/uuv_tutorials/uuv_tutorial_disturbances) by extension 'ignore'
[0.664s] Level 1:colcon.colcon_core.package_identification:_identify(src/Plankton/uuv_tutorials/uuv_tutorial_disturbances) by extension 'ignore_ament_install'
[0.664s] Level 1:colcon.colcon_core.package_identification:_identify(src/Plankton/uuv_tutorials/uuv_tutorial_disturbances) by extensions ['colcon_pkg']
[0.664s] Level 1:colcon.colcon_core.package_identification:_identify(src/Plankton/uuv_tutorials/uuv_tutorial_disturbances) by extension 'colcon_pkg'
[0.664s] Level 1:colcon.colcon_core.package_identification:_identify(src/Plankton/uuv_tutorials/uuv_tutorial_disturbances) by extensions ['colcon_meta']
[0.664s] Level 1:colcon.colcon_core.package_identification:_identify(src/Plankton/uuv_tutorials/uuv_tutorial_disturbances) by extension 'colcon_meta'
[0.664s] Level 1:colcon.colcon_core.package_identification:_identify(src/Plankton/uuv_tutorials/uuv_tutorial_disturbances) by extensions ['ros']
[0.664s] Level 1:colcon.colcon_core.package_identification:_identify(src/Plankton/uuv_tutorials/uuv_tutorial_disturbances) by extension 'ros'
[0.665s] DEBUG:colcon.colcon_core.package_identification:Package 'src/Plankton/uuv_tutorials/uuv_tutorial_disturbances' with type 'ros.ament_cmake' and name 'uuv_tutorial_disturbances'
[0.665s] Level 1:colcon.colcon_core.package_identification:_identify(src/Plankton/uuv_tutorials/uuv_tutorial_dp_controller) by extensions ['ignore', 'ignore_ament_install']
[0.665s] Level 1:colcon.colcon_core.package_identification:_identify(src/Plankton/uuv_tutorials/uuv_tutorial_dp_controller) by extension 'ignore'
[0.665s] Level 1:colcon.colcon_core.package_identification:_identify(src/Plankton/uuv_tutorials/uuv_tutorial_dp_controller) by extension 'ignore_ament_install'
[0.665s] Level 1:colcon.colcon_core.package_identification:_identify(src/Plankton/uuv_tutorials/uuv_tutorial_dp_controller) by extensions ['colcon_pkg']
[0.665s] Level 1:colcon.colcon_core.package_identification:_identify(src/Plankton/uuv_tutorials/uuv_tutorial_dp_controller) by extension 'colcon_pkg'
[0.665s] Level 1:colcon.colcon_core.package_identification:_identify(src/Plankton/uuv_tutorials/uuv_tutorial_dp_controller) by extensions ['colcon_meta']
[0.665s] Level 1:colcon.colcon_core.package_identification:_identify(src/Plankton/uuv_tutorials/uuv_tutorial_dp_controller) by extension 'colcon_meta'
[0.665s] Level 1:colcon.colcon_core.package_identification:_identify(src/Plankton/uuv_tutorials/uuv_tutorial_dp_controller) by extensions ['ros']
[0.665s] Level 1:colcon.colcon_core.package_identification:_identify(src/Plankton/uuv_tutorials/uuv_tutorial_dp_controller) by extension 'ros'
[0.666s] DEBUG:colcon.colcon_core.package_identification:Package 'src/Plankton/uuv_tutorials/uuv_tutorial_dp_controller' with type 'ros.ament_cmake' and name 'uuv_tutorial_dp_controller'
[0.666s] Level 1:colcon.colcon_core.package_identification:_identify(src/Plankton/uuv_tutorials/uuv_tutorial_rov_model) by extensions ['ignore', 'ignore_ament_install']
[0.666s] Level 1:colcon.colcon_core.package_identification:_identify(src/Plankton/uuv_tutorials/uuv_tutorial_rov_model) by extension 'ignore'
[0.666s] Level 1:colcon.colcon_core.package_identification:_identify(src/Plankton/uuv_tutorials/uuv_tutorial_rov_model) ignored
[0.666s] Level 1:colcon.colcon_core.package_identification:_identify(src/Plankton/uuv_tutorials/uuv_tutorial_seabed_world) by extensions ['ignore', 'ignore_ament_install']
[0.667s] Level 1:colcon.colcon_core.package_identification:_identify(src/Plankton/uuv_tutorials/uuv_tutorial_seabed_world) by extension 'ignore'
[0.667s] Level 1:colcon.colcon_core.package_identification:_identify(src/Plankton/uuv_tutorials/uuv_tutorial_seabed_world) by extension 'ignore_ament_install'
[0.667s] Level 1:colcon.colcon_core.package_identification:_identify(src/Plankton/uuv_tutorials/uuv_tutorial_seabed_world) by extensions ['colcon_pkg']
[0.667s] Level 1:colcon.colcon_core.package_identification:_identify(src/Plankton/uuv_tutorials/uuv_tutorial_seabed_world) by extension 'colcon_pkg'
[0.667s] Level 1:colcon.colcon_core.package_identification:_identify(src/Plankton/uuv_tutorials/uuv_tutorial_seabed_world) by extensions ['colcon_meta']
[0.667s] Level 1:colcon.colcon_core.package_identification:_identify(src/Plankton/uuv_tutorials/uuv_tutorial_seabed_world) by extension 'colcon_meta'
[0.667s] Level 1:colcon.colcon_core.package_identification:_identify(src/Plankton/uuv_tutorials/uuv_tutorial_seabed_world) by extensions ['ros']
[0.667s] Level 1:colcon.colcon_core.package_identification:_identify(src/Plankton/uuv_tutorials/uuv_tutorial_seabed_world) by extension 'ros'
[0.668s] DEBUG:colcon.colcon_core.package_identification:Package 'src/Plankton/uuv_tutorials/uuv_tutorial_seabed_world' with type 'ros.ament_cmake' and name 'uuv_tutorial_seabed_world'
[0.668s] Level 1:colcon.colcon_core.package_identification:_identify(src/Plankton/uuv_tutorials/uuv_tutorials) by extensions ['ignore', 'ignore_ament_install']
[0.668s] Level 1:colcon.colcon_core.package_identification:_identify(src/Plankton/uuv_tutorials/uuv_tutorials) by extension 'ignore'
[0.668s] Level 1:colcon.colcon_core.package_identification:_identify(src/Plankton/uuv_tutorials/uuv_tutorials) by extension 'ignore_ament_install'
[0.668s] Level 1:colcon.colcon_core.package_identification:_identify(src/Plankton/uuv_tutorials/uuv_tutorials) by extensions ['colcon_pkg']
[0.668s] Level 1:colcon.colcon_core.package_identification:_identify(src/Plankton/uuv_tutorials/uuv_tutorials) by extension 'colcon_pkg'
[0.668s] Level 1:colcon.colcon_core.package_identification:_identify(src/Plankton/uuv_tutorials/uuv_tutorials) by extensions ['colcon_meta']
[0.668s] Level 1:colcon.colcon_core.package_identification:_identify(src/Plankton/uuv_tutorials/uuv_tutorials) by extension 'colcon_meta'
[0.668s] Level 1:colcon.colcon_core.package_identification:_identify(src/Plankton/uuv_tutorials/uuv_tutorials) by extensions ['ros']
[0.668s] Level 1:colcon.colcon_core.package_identification:_identify(src/Plankton/uuv_tutorials/uuv_tutorials) by extension 'ros'
[0.669s] DEBUG:colcon.colcon_core.package_identification:Package 'src/Plankton/uuv_tutorials/uuv_tutorials' with type 'ros.ament_cmake' and name 'uuv_tutorials'
[0.669s] Level 1:colcon.colcon_core.package_identification:_identify(src/Plankton/uuv_world_plugins) by extensions ['ignore', 'ignore_ament_install']
[0.669s] Level 1:colcon.colcon_core.package_identification:_identify(src/Plankton/uuv_world_plugins) by extension 'ignore'
[0.669s] Level 1:colcon.colcon_core.package_identification:_identify(src/Plankton/uuv_world_plugins) by extension 'ignore_ament_install'
[0.669s] Level 1:colcon.colcon_core.package_identification:_identify(src/Plankton/uuv_world_plugins) by extensions ['colcon_pkg']
[0.669s] Level 1:colcon.colcon_core.package_identification:_identify(src/Plankton/uuv_world_plugins) by extension 'colcon_pkg'
[0.669s] Level 1:colcon.colcon_core.package_identification:_identify(src/Plankton/uuv_world_plugins) by extensions ['colcon_meta']
[0.669s] Level 1:colcon.colcon_core.package_identification:_identify(src/Plankton/uuv_world_plugins) by extension 'colcon_meta'
[0.669s] Level 1:colcon.colcon_core.package_identification:_identify(src/Plankton/uuv_world_plugins) by extensions ['ros']
[0.669s] Level 1:colcon.colcon_core.package_identification:_identify(src/Plankton/uuv_world_plugins) by extension 'ros'
[0.670s] Level 1:colcon.colcon_core.package_identification:_identify(src/Plankton/uuv_world_plugins) by extensions ['cmake', 'python']
[0.670s] Level 1:colcon.colcon_core.package_identification:_identify(src/Plankton/uuv_world_plugins) by extension 'cmake'
[0.670s] Level 1:colcon.colcon_core.package_identification:_identify(src/Plankton/uuv_world_plugins) by extension 'python'
[0.670s] Level 1:colcon.colcon_core.package_identification:_identify(src/Plankton/uuv_world_plugins) by extensions ['python_setup_py']
[0.670s] Level 1:colcon.colcon_core.package_identification:_identify(src/Plankton/uuv_world_plugins) by extension 'python_setup_py'
[0.670s] Level 1:colcon.colcon_core.package_identification:_identify(src/Plankton/uuv_world_plugins/uuv_world_plugins) by extensions ['ignore', 'ignore_ament_install']
[0.670s] Level 1:colcon.colcon_core.package_identification:_identify(src/Plankton/uuv_world_plugins/uuv_world_plugins) by extension 'ignore'
[0.670s] Level 1:colcon.colcon_core.package_identification:_identify(src/Plankton/uuv_world_plugins/uuv_world_plugins) by extension 'ignore_ament_install'
[0.670s] Level 1:colcon.colcon_core.package_identification:_identify(src/Plankton/uuv_world_plugins/uuv_world_plugins) by extensions ['colcon_pkg']
[0.670s] Level 1:colcon.colcon_core.package_identification:_identify(src/Plankton/uuv_world_plugins/uuv_world_plugins) by extension 'colcon_pkg'
[0.670s] Level 1:colcon.colcon_core.package_identification:_identify(src/Plankton/uuv_world_plugins/uuv_world_plugins) by extensions ['colcon_meta']
[0.670s] Level 1:colcon.colcon_core.package_identification:_identify(src/Plankton/uuv_world_plugins/uuv_world_plugins) by extension 'colcon_meta'
[0.670s] Level 1:colcon.colcon_core.package_identification:_identify(src/Plankton/uuv_world_plugins/uuv_world_plugins) by extensions ['ros']
[0.670s] Level 1:colcon.colcon_core.package_identification:_identify(src/Plankton/uuv_world_plugins/uuv_world_plugins) by extension 'ros'
[0.671s] DEBUG:colcon.colcon_core.package_identification:Package 'src/Plankton/uuv_world_plugins/uuv_world_plugins' with type 'ros.ament_cmake' and name 'uuv_world_plugins'
[0.671s] Level 1:colcon.colcon_core.package_identification:_identify(src/Plankton/uuv_world_plugins/uuv_world_ros_plugins) by extensions ['ignore', 'ignore_ament_install']
[0.671s] Level 1:colcon.colcon_core.package_identification:_identify(src/Plankton/uuv_world_plugins/uuv_world_ros_plugins) by extension 'ignore'
[0.671s] Level 1:colcon.colcon_core.package_identification:_identify(src/Plankton/uuv_world_plugins/uuv_world_ros_plugins) by extension 'ignore_ament_install'
[0.671s] Level 1:colcon.colcon_core.package_identification:_identify(src/Plankton/uuv_world_plugins/uuv_world_ros_plugins) by extensions ['colcon_pkg']
[0.672s] Level 1:colcon.colcon_core.package_identification:_identify(src/Plankton/uuv_world_plugins/uuv_world_ros_plugins) by extension 'colcon_pkg'
[0.672s] Level 1:colcon.colcon_core.package_identification:_identify(src/Plankton/uuv_world_plugins/uuv_world_ros_plugins) by extensions ['colcon_meta']
[0.672s] Level 1:colcon.colcon_core.package_identification:_identify(src/Plankton/uuv_world_plugins/uuv_world_ros_plugins) by extension 'colcon_meta'
[0.672s] Level 1:colcon.colcon_core.package_identification:_identify(src/Plankton/uuv_world_plugins/uuv_world_ros_plugins) by extensions ['ros']
[0.672s] Level 1:colcon.colcon_core.package_identification:_identify(src/Plankton/uuv_world_plugins/uuv_world_ros_plugins) by extension 'ros'
[0.673s] DEBUG:colcon.colcon_core.package_identification:Package 'src/Plankton/uuv_world_plugins/uuv_world_ros_plugins' with type 'ros.ament_cmake' and name 'uuv_world_ros_plugins'
[0.673s] Level 1:colcon.colcon_core.package_identification:_identify(src/Plankton/uuv_world_plugins/uuv_world_ros_plugins_msgs) by extensions ['ignore', 'ignore_ament_install']
[0.673s] Level 1:colcon.colcon_core.package_identification:_identify(src/Plankton/uuv_world_plugins/uuv_world_ros_plugins_msgs) by extension 'ignore'
[0.673s] Level 1:colcon.colcon_core.package_identification:_identify(src/Plankton/uuv_world_plugins/uuv_world_ros_plugins_msgs) by extension 'ignore_ament_install'
[0.673s] Level 1:colcon.colcon_core.package_identification:_identify(src/Plankton/uuv_world_plugins/uuv_world_ros_plugins_msgs) by extensions ['colcon_pkg']
[0.673s] Level 1:colcon.colcon_core.package_identification:_identify(src/Plankton/uuv_world_plugins/uuv_world_ros_plugins_msgs) by extension 'colcon_pkg'
[0.673s] Level 1:colcon.colcon_core.package_identification:_identify(src/Plankton/uuv_world_plugins/uuv_world_ros_plugins_msgs) by extensions ['colcon_meta']
[0.674s] Level 1:colcon.colcon_core.package_identification:_identify(src/Plankton/uuv_world_plugins/uuv_world_ros_plugins_msgs) by extension 'colcon_meta'
[0.674s] Level 1:colcon.colcon_core.package_identification:_identify(src/Plankton/uuv_world_plugins/uuv_world_ros_plugins_msgs) by extensions ['ros']
[0.674s] Level 1:colcon.colcon_core.package_identification:_identify(src/Plankton/uuv_world_plugins/uuv_world_ros_plugins_msgs) by extension 'ros'
[0.675s] DEBUG:colcon.colcon_core.package_identification:Package 'src/Plankton/uuv_world_plugins/uuv_world_ros_plugins_msgs' with type 'ros.ament_cmake' and name 'uuv_world_ros_plugins_msgs'
[0.675s] Level 1:colcon.colcon_core.package_identification:_identify(src/custom_msg_srv) by extensions ['ignore', 'ignore_ament_install']
[0.676s] Level 1:colcon.colcon_core.package_identification:_identify(src/custom_msg_srv) by extension 'ignore'
[0.676s] Level 1:colcon.colcon_core.package_identification:_identify(src/custom_msg_srv) by extension 'ignore_ament_install'
[0.676s] Level 1:colcon.colcon_core.package_identification:_identify(src/custom_msg_srv) by extensions ['colcon_pkg']
[0.676s] Level 1:colcon.colcon_core.package_identification:_identify(src/custom_msg_srv) by extension 'colcon_pkg'
[0.676s] Level 1:colcon.colcon_core.package_identification:_identify(src/custom_msg_srv) by extensions ['colcon_meta']
[0.676s] Level 1:colcon.colcon_core.package_identification:_identify(src/custom_msg_srv) by extension 'colcon_meta'
[0.676s] Level 1:colcon.colcon_core.package_identification:_identify(src/custom_msg_srv) by extensions ['ros']
[0.676s] Level 1:colcon.colcon_core.package_identification:_identify(src/custom_msg_srv) by extension 'ros'
[0.677s] DEBUG:colcon.colcon_core.package_identification:Package 'src/custom_msg_srv' with type 'ros.ament_cmake' and name 'custom_msg_srv'
[0.677s] Level 1:colcon.colcon_core.package_identification:_identify(src/muuv_ros) by extensions ['ignore', 'ignore_ament_install']
[0.677s] Level 1:colcon.colcon_core.package_identification:_identify(src/muuv_ros) by extension 'ignore'
[0.677s] Level 1:colcon.colcon_core.package_identification:_identify(src/muuv_ros) by extension 'ignore_ament_install'
[0.677s] Level 1:colcon.colcon_core.package_identification:_identify(src/muuv_ros) by extensions ['colcon_pkg']
[0.677s] Level 1:colcon.colcon_core.package_identification:_identify(src/muuv_ros) by extension 'colcon_pkg'
[0.677s] Level 1:colcon.colcon_core.package_identification:_identify(src/muuv_ros) by extensions ['colcon_meta']
[0.677s] Level 1:colcon.colcon_core.package_identification:_identify(src/muuv_ros) by extension 'colcon_meta'
[0.677s] Level 1:colcon.colcon_core.package_identification:_identify(src/muuv_ros) by extensions ['ros']
[0.677s] Level 1:colcon.colcon_core.package_identification:_identify(src/muuv_ros) by extension 'ros'
[0.678s] DEBUG:colcon.colcon_core.package_identification:Package 'src/muuv_ros' with type 'ros.ament_cmake' and name 'muuv_ros'
[0.678s] Level 1:colcon.colcon_core.package_identification:_identify(src/pid_component) by extensions ['ignore', 'ignore_ament_install']
[0.678s] Level 1:colcon.colcon_core.package_identification:_identify(src/pid_component) by extension 'ignore'
[0.678s] Level 1:colcon.colcon_core.package_identification:_identify(src/pid_component) by extension 'ignore_ament_install'
[0.678s] Level 1:colcon.colcon_core.package_identification:_identify(src/pid_component) by extensions ['colcon_pkg']
[0.678s] Level 1:colcon.colcon_core.package_identification:_identify(src/pid_component) by extension 'colcon_pkg'
[0.678s] Level 1:colcon.colcon_core.package_identification:_identify(src/pid_component) by extensions ['colcon_meta']
[0.678s] Level 1:colcon.colcon_core.package_identification:_identify(src/pid_component) by extension 'colcon_meta'
[0.678s] Level 1:colcon.colcon_core.package_identification:_identify(src/pid_component) by extensions ['ros']
[0.679s] Level 1:colcon.colcon_core.package_identification:_identify(src/pid_component) by extension 'ros'
[0.679s] DEBUG:colcon.colcon_core.package_identification:Package 'src/pid_component' with type 'ros.ament_cmake' and name 'pid_component'
[0.679s] Level 1:colcon.colcon_core.package_discovery:discover_packages(recursive) using defaults
[0.679s] Level 1:colcon.colcon_core.package_discovery:discover_packages(ignore) discover
[0.679s] Level 1:colcon.colcon_core.package_discovery:discover_packages(ignore) using defaults
[0.679s] Level 1:colcon.colcon_core.package_discovery:discover_packages(path) discover
[0.679s] Level 1:colcon.colcon_core.package_discovery:discover_packages(path) using defaults
[0.706s] INFO:colcon.colcon_core.package_selection:Skipping not selected package 'muuv_sim_control' in 'src/Muuv_sim/muuv_sim_control'
[0.706s] INFO:colcon.colcon_core.package_selection:Skipping not selected package 'muuv_sim_description' in 'src/Muuv_sim/muuv_sim_description'
[0.706s] INFO:colcon.colcon_core.package_selection:Skipping not selected package 'pid_component' in 'src/pid_component'
[0.706s] INFO:colcon.colcon_core.package_selection:Skipping not selected package 'plankton_utils' in 'src/Plankton/plankton_utils'
[0.706s] INFO:colcon.colcon_core.package_selection:Skipping not selected package 'test_sim' in 'src/Muuv_sim/test_sim'
[0.706s] INFO:colcon.colcon_core.package_selection:Skipping not selected package 'uuv_control_msgs' in 'src/Plankton/uuv_control/uuv_control_msgs'
[0.706s] INFO:colcon.colcon_core.package_selection:Skipping not selected package 'uuv_gazebo' in 'src/Plankton/uuv_gazebo'
[0.706s] INFO:colcon.colcon_core.package_selection:Skipping not selected package 'uuv_gazebo_plugins' in 'src/Plankton/uuv_gazebo_plugins/uuv_gazebo_plugins'
[0.706s] INFO:colcon.colcon_core.package_selection:Skipping not selected package 'uuv_gazebo_ros_plugins_msgs' in 'src/Plankton/uuv_gazebo_plugins/uuv_gazebo_ros_plugins_msgs'
[0.706s] INFO:colcon.colcon_core.package_selection:Skipping not selected package 'uuv_gazebo_worlds' in 'src/Plankton/uuv_gazebo_worlds'
[0.706s] INFO:colcon.colcon_core.package_selection:Skipping not selected package 'uuv_sensor_ros_plugins_msgs' in 'src/Plankton/uuv_sensor_plugins/uuv_sensor_ros_plugins_msgs'
[0.706s] INFO:colcon.colcon_core.package_selection:Skipping not selected package 'uuv_tutorial_seabed_world' in 'src/Plankton/uuv_tutorials/uuv_tutorial_seabed_world'
[0.706s] INFO:colcon.colcon_core.package_selection:Skipping not selected package 'uuv_world_plugins' in 'src/Plankton/uuv_world_plugins/uuv_world_plugins'
[0.706s] INFO:colcon.colcon_core.package_selection:Skipping not selected package 'uuv_world_ros_plugins_msgs' in 'src/Plankton/uuv_world_plugins/uuv_world_ros_plugins_msgs'
[0.706s] INFO:colcon.colcon_core.package_selection:Skipping not selected package 'muuv_sim' in 'src/Muuv_sim/muuv_sim'
[0.706s] INFO:colcon.colcon_core.package_selection:Skipping not selected package 'uuv_assistants' in 'src/Plankton/uuv_assistants'
[0.706s] INFO:colcon.colcon_core.package_selection:Skipping not selected package 'uuv_auv_control_allocator' in 'src/Plankton/uuv_control/uuv_auv_control_allocator'
[0.706s] INFO:colcon.colcon_core.package_selection:Skipping not selected package 'uuv_control_cascaded_pid' in 'src/Plankton/uuv_control/uuv_control_cascaded_pids'
[0.706s] INFO:colcon.colcon_core.package_selection:Skipping not selected package 'uuv_gazebo_ros_plugins' in 'src/Plankton/uuv_gazebo_plugins/uuv_gazebo_ros_plugins'
[0.706s] INFO:colcon.colcon_core.package_selection:Skipping not selected package 'uuv_sensor_ros_plugins' in 'src/Plankton/uuv_sensor_plugins/uuv_sensor_ros_plugins'
[0.706s] INFO:colcon.colcon_core.package_selection:Skipping not selected package 'uuv_world_ros_plugins' in 'src/Plankton/uuv_world_plugins/uuv_world_ros_plugins'
[0.706s] INFO:colcon.colcon_core.package_selection:Skipping not selected package 'uuv_descriptions' in 'src/Plankton/uuv_descriptions'
[0.706s] INFO:colcon.colcon_core.package_selection:Skipping not selected package 'uuv_thruster_manager' in 'src/Plankton/uuv_control/uuv_thruster_manager'
[0.706s] INFO:colcon.colcon_core.package_selection:Skipping not selected package 'uuv_trajectory_control' in 'src/Plankton/uuv_control/uuv_trajectory_control'
[0.706s] INFO:colcon.colcon_core.package_selection:Skipping not selected package 'uuv_control_utils' in 'src/Plankton/uuv_control/uuv_control_utils'
[0.706s] INFO:colcon.colcon_core.package_selection:Skipping not selected package 'uuv_teleop' in 'src/Plankton/uuv_teleop'
[0.707s] INFO:colcon.colcon_core.package_selection:Skipping not selected package 'uuv_simulator' in 'src/Plankton/uuv_simulator'
[0.707s] INFO:colcon.colcon_core.package_selection:Skipping not selected package 'uuv_tutorial_disturbances' in 'src/Plankton/uuv_tutorials/uuv_tutorial_disturbances'
[0.707s] INFO:colcon.colcon_core.package_selection:Skipping not selected package 'uuv_tutorial_dp_controller' in 'src/Plankton/uuv_tutorials/uuv_tutorial_dp_controller'
[0.707s] INFO:colcon.colcon_core.package_selection:Skipping not selected package 'plankton' in 'src/Plankton/plankton'
[0.707s] INFO:colcon.colcon_core.package_selection:Skipping not selected package 'uuv_tutorials' in 'src/Plankton/uuv_tutorials/uuv_tutorials'
[0.708s] Level 1:colcon.colcon_core.package_discovery:discover_packages(prefix_path) check parameters
[0.708s] Level 1:colcon.colcon_core.package_discovery:discover_packages(prefix_path) discover
[0.714s] DEBUG:colcon.colcon_installed_package_information.package_discovery:Found 33 installed packages in /home/isopodin-time/ros2_ws/install
[0.716s] DEBUG:colcon.colcon_installed_package_information.package_discovery:Found 303 installed packages in /opt/ros/foxy
[0.718s] Level 1:colcon.colcon_core.package_discovery:discover_packages(prefix_path) using defaults
[0.807s] Level 5:colcon.colcon_core.verb:set package 'custom_msg_srv' build argument 'cmake_args' from command line to 'None'
[0.807s] Level 5:colcon.colcon_core.verb:set package 'custom_msg_srv' build argument 'cmake_target' from command line to 'None'
[0.808s] Level 5:colcon.colcon_core.verb:set package 'custom_msg_srv' build argument 'cmake_target_skip_unavailable' from command line to 'False'
[0.808s] Level 5:colcon.colcon_core.verb:set package 'custom_msg_srv' build argument 'cmake_clean_cache' from command line to 'False'
[0.808s] Level 5:colcon.colcon_core.verb:set package 'custom_msg_srv' build argument 'cmake_clean_first' from command line to 'False'
[0.808s] Level 5:colcon.colcon_core.verb:set package 'custom_msg_srv' build argument 'cmake_force_configure' from command line to 'False'
[0.808s] Level 5:colcon.colcon_core.verb:set package 'custom_msg_srv' build argument 'ament_cmake_args' from command line to 'None'
[0.808s] Level 5:colcon.colcon_core.verb:set package 'custom_msg_srv' build argument 'catkin_cmake_args' from command line to 'None'
[0.808s] Level 5:colcon.colcon_core.verb:set package 'custom_msg_srv' build argument 'catkin_skip_building_tests' from command line to 'False'
[0.808s] DEBUG:colcon.colcon_core.verb:Building package 'custom_msg_srv' with the following arguments: {'ament_cmake_args': None, 'build_base': '/home/isopodin-time/ros2_ws/build/custom_msg_srv', 'catkin_cmake_args': None, 'catkin_skip_building_tests': False, 'cmake_args': None, 'cmake_clean_cache': False, 'cmake_clean_first': False, 'cmake_force_configure': False, 'cmake_target': None, 'cmake_target_skip_unavailable': False, 'install_base': '/home/isopodin-time/ros2_ws/install/custom_msg_srv', 'merge_install': False, 'path': '/home/isopodin-time/ros2_ws/src/custom_msg_srv', 'symlink_install': False, 'test_result_base': None}
[0.810s] Level 5:colcon.colcon_core.verb:set package 'muuv_ros' build argument 'cmake_args' from command line to 'None'
[0.810s] Level 5:colcon.colcon_core.verb:set package 'muuv_ros' build argument 'cmake_target' from command line to 'None'
[0.810s] Level 5:colcon.colcon_core.verb:set package 'muuv_ros' build argument 'cmake_target_skip_unavailable' from command line to 'False'
[0.810s] Level 5:colcon.colcon_core.verb:set package 'muuv_ros' build argument 'cmake_clean_cache' from command line to 'False'
[0.810s] Level 5:colcon.colcon_core.verb:set package 'muuv_ros' build argument 'cmake_clean_first' from command line to 'False'
[0.810s] Level 5:colcon.colcon_core.verb:set package 'muuv_ros' build argument 'cmake_force_configure' from command line to 'False'
[0.810s] Level 5:colcon.colcon_core.verb:set package 'muuv_ros' build argument 'ament_cmake_args' from command line to 'None'
[0.810s] Level 5:colcon.colcon_core.verb:set package 'muuv_ros' build argument 'catkin_cmake_args' from command line to 'None'
[0.810s] Level 5:colcon.colcon_core.verb:set package 'muuv_ros' build argument 'catkin_skip_building_tests' from command line to 'False'
[0.810s] DEBUG:colcon.colcon_core.verb:Building package 'muuv_ros' with the following arguments: {'ament_cmake_args': None, 'build_base': '/home/isopodin-time/ros2_ws/build/muuv_ros', 'catkin_cmake_args': None, 'catkin_skip_building_tests': False, 'cmake_args': None, 'cmake_clean_cache': False, 'cmake_clean_first': False, 'cmake_force_configure': False, 'cmake_target': None, 'cmake_target_skip_unavailable': False, 'install_base': '/home/isopodin-time/ros2_ws/install/muuv_ros', 'merge_install': False, 'path': '/home/isopodin-time/ros2_ws/src/muuv_ros', 'symlink_install': False, 'test_result_base': None}
[0.811s] INFO:colcon.colcon_core.executor:Executing jobs using 'parallel' executor
[0.818s] DEBUG:colcon.colcon_parallel_executor.executor.parallel:run_until_complete
[0.819s] INFO:colcon.colcon_ros.task.ament_cmake.build:Building ROS package in '/home/isopodin-time/ros2_ws/src/custom_msg_srv' with build type 'ament_cmake'
[0.819s] INFO:colcon.colcon_cmake.task.cmake.build:Building CMake package in '/home/isopodin-time/ros2_ws/src/custom_msg_srv'
[0.829s] INFO:colcon.colcon_core.plugin_system:Skipping extension 'colcon_core.shell.bat': Not used on non-Windows systems
[0.830s] INFO:colcon.colcon_core.shell:Skip shell extension 'powershell' for command environment: Not usable outside of PowerShell
[0.830s] DEBUG:colcon.colcon_core.shell:Skip shell extension 'dsv' for command environment
[0.857s] DEBUG:colcon.colcon_core.event_handler.log_command:Invoking command in '/home/isopodin-time/ros2_ws/build/custom_msg_srv': CMAKE_PREFIX_PATH=${CMAKE_PREFIX_PATH}:/opt/ros/foxy /usr/bin/cmake --build /home/isopodin-time/ros2_ws/build/custom_msg_srv -- -j8 -l8
[1.180s] DEBUG:colcon.colcon_core.event_handler.log_command:Invoked command in '/home/isopodin-time/ros2_ws/build/custom_msg_srv' returned '0': CMAKE_PREFIX_PATH=${CMAKE_PREFIX_PATH}:/opt/ros/foxy /usr/bin/cmake --build /home/isopodin-time/ros2_ws/build/custom_msg_srv -- -j8 -l8
[1.281s] DEBUG:colcon.colcon_core.event_handler.log_command:Invoking command in '/home/isopodin-time/ros2_ws/build/custom_msg_srv': CMAKE_PREFIX_PATH=${CMAKE_PREFIX_PATH}:/opt/ros/foxy /usr/bin/cmake --install /home/isopodin-time/ros2_ws/build/custom_msg_srv
[1.362s] Level 1:colcon.colcon_core.environment:create_environment_scripts_only(custom_msg_srv)
[1.363s] DEBUG:colcon.colcon_core.event_handler.log_command:Invoked command in '/home/isopodin-time/ros2_ws/build/custom_msg_srv' returned '0': CMAKE_PREFIX_PATH=${CMAKE_PREFIX_PATH}:/opt/ros/foxy /usr/bin/cmake --install /home/isopodin-time/ros2_ws/build/custom_msg_srv
[1.371s] Level 1:colcon.colcon_core.environment:checking '/home/isopodin-time/ros2_ws/install/custom_msg_srv' for CMake module files
[1.372s] Level 1:colcon.colcon_core.environment:checking '/home/isopodin-time/ros2_ws/install/custom_msg_srv' for CMake config files
[1.372s] Level 1:colcon.colcon_core.shell:create_environment_hook('custom_msg_srv', 'cmake_prefix_path')
[1.375s] INFO:colcon.colcon_core.shell:Creating environment hook '/home/isopodin-time/ros2_ws/install/custom_msg_srv/share/custom_msg_srv/hook/cmake_prefix_path.ps1'
[1.376s] INFO:colcon.colcon_core.shell:Creating environment descriptor '/home/isopodin-time/ros2_ws/install/custom_msg_srv/share/custom_msg_srv/hook/cmake_prefix_path.dsv'
[1.377s] INFO:colcon.colcon_core.shell:Creating environment hook '/home/isopodin-time/ros2_ws/install/custom_msg_srv/share/custom_msg_srv/hook/cmake_prefix_path.sh'
[1.378s] Level 1:colcon.colcon_core.environment:checking '/home/isopodin-time/ros2_ws/install/custom_msg_srv/lib'
[1.379s] Level 1:colcon.colcon_core.shell:create_environment_hook('custom_msg_srv', 'ld_library_path_lib')
[1.381s] INFO:colcon.colcon_core.shell:Creating environment hook '/home/isopodin-time/ros2_ws/install/custom_msg_srv/share/custom_msg_srv/hook/ld_library_path_lib.ps1'
[1.382s] INFO:colcon.colcon_core.shell:Creating environment descriptor '/home/isopodin-time/ros2_ws/install/custom_msg_srv/share/custom_msg_srv/hook/ld_library_path_lib.dsv'
[1.383s] INFO:colcon.colcon_core.shell:Creating environment hook '/home/isopodin-time/ros2_ws/install/custom_msg_srv/share/custom_msg_srv/hook/ld_library_path_lib.sh'
[1.384s] Level 1:colcon.colcon_core.environment:checking '/home/isopodin-time/ros2_ws/install/custom_msg_srv/bin'
[1.384s] Level 1:colcon.colcon_core.environment:checking '/home/isopodin-time/ros2_ws/install/custom_msg_srv/lib/pkgconfig/custom_msg_srv.pc'
[1.384s] Level 1:colcon.colcon_core.environment:checking '/home/isopodin-time/ros2_ws/install/custom_msg_srv/lib/python3.8/site-packages'
[1.384s] Level 1:colcon.colcon_core.shell:create_environment_hook('custom_msg_srv', 'pythonpath')
[1.387s] INFO:colcon.colcon_core.shell:Creating environment hook '/home/isopodin-time/ros2_ws/install/custom_msg_srv/share/custom_msg_srv/hook/pythonpath.ps1'
[1.388s] INFO:colcon.colcon_core.shell:Creating environment descriptor '/home/isopodin-time/ros2_ws/install/custom_msg_srv/share/custom_msg_srv/hook/pythonpath.dsv'
[1.388s] INFO:colcon.colcon_core.shell:Creating environment hook '/home/isopodin-time/ros2_ws/install/custom_msg_srv/share/custom_msg_srv/hook/pythonpath.sh'
[1.389s] Level 1:colcon.colcon_core.environment:checking '/home/isopodin-time/ros2_ws/install/custom_msg_srv/bin'
[1.393s] INFO:colcon.colcon_core.shell:Creating package script '/home/isopodin-time/ros2_ws/install/custom_msg_srv/share/custom_msg_srv/package.ps1'
[1.394s] INFO:colcon.colcon_core.shell:Creating package descriptor '/home/isopodin-time/ros2_ws/install/custom_msg_srv/share/custom_msg_srv/package.dsv'
[1.395s] INFO:colcon.colcon_core.shell:Creating package script '/home/isopodin-time/ros2_ws/install/custom_msg_srv/share/custom_msg_srv/package.sh'
[1.397s] INFO:colcon.colcon_core.shell:Creating package script '/home/isopodin-time/ros2_ws/install/custom_msg_srv/share/custom_msg_srv/package.bash'
[1.397s] INFO:colcon.colcon_core.shell:Creating package script '/home/isopodin-time/ros2_ws/install/custom_msg_srv/share/custom_msg_srv/package.zsh'
[1.399s] Level 1:colcon.colcon_core.environment:create_file_with_runtime_dependencies(/home/isopodin-time/ros2_ws/install/custom_msg_srv/share/colcon-core/packages/custom_msg_srv)
[1.481s] Level 1:colcon.colcon_core.environment:create_environment_scripts_only(custom_msg_srv)
[1.485s] Level 1:colcon.colcon_core.environment:checking '/home/isopodin-time/ros2_ws/install/custom_msg_srv' for CMake module files
[1.486s] Level 1:colcon.colcon_core.environment:checking '/home/isopodin-time/ros2_ws/install/custom_msg_srv' for CMake config files
[1.486s] Level 1:colcon.colcon_core.shell:create_environment_hook('custom_msg_srv', 'cmake_prefix_path')
[1.489s] INFO:colcon.colcon_core.shell:Creating environment hook '/home/isopodin-time/ros2_ws/install/custom_msg_srv/share/custom_msg_srv/hook/cmake_prefix_path.ps1'
[1.489s] INFO:colcon.colcon_core.shell:Creating environment descriptor '/home/isopodin-time/ros2_ws/install/custom_msg_srv/share/custom_msg_srv/hook/cmake_prefix_path.dsv'
[1.490s] INFO:colcon.colcon_core.shell:Creating environment hook '/home/isopodin-time/ros2_ws/install/custom_msg_srv/share/custom_msg_srv/hook/cmake_prefix_path.sh'
[1.490s] Level 1:colcon.colcon_core.environment:checking '/home/isopodin-time/ros2_ws/install/custom_msg_srv/lib'
[1.491s] Level 1:colcon.colcon_core.shell:create_environment_hook('custom_msg_srv', 'ld_library_path_lib')
[1.493s] INFO:colcon.colcon_core.shell:Creating environment hook '/home/isopodin-time/ros2_ws/install/custom_msg_srv/share/custom_msg_srv/hook/ld_library_path_lib.ps1'
[1.494s] INFO:colcon.colcon_core.shell:Creating environment descriptor '/home/isopodin-time/ros2_ws/install/custom_msg_srv/share/custom_msg_srv/hook/ld_library_path_lib.dsv'
[1.494s] INFO:colcon.colcon_core.shell:Creating environment hook '/home/isopodin-time/ros2_ws/install/custom_msg_srv/share/custom_msg_srv/hook/ld_library_path_lib.sh'
[1.495s] Level 1:colcon.colcon_core.environment:checking '/home/isopodin-time/ros2_ws/install/custom_msg_srv/bin'
[1.495s] Level 1:colcon.colcon_core.environment:checking '/home/isopodin-time/ros2_ws/install/custom_msg_srv/lib/pkgconfig/custom_msg_srv.pc'
[1.495s] Level 1:colcon.colcon_core.environment:checking '/home/isopodin-time/ros2_ws/install/custom_msg_srv/lib/python3.8/site-packages'
[1.495s] Level 1:colcon.colcon_core.shell:create_environment_hook('custom_msg_srv', 'pythonpath')
[1.498s] INFO:colcon.colcon_core.shell:Creating environment hook '/home/isopodin-time/ros2_ws/install/custom_msg_srv/share/custom_msg_srv/hook/pythonpath.ps1'
[1.498s] INFO:colcon.colcon_core.shell:Creating environment descriptor '/home/isopodin-time/ros2_ws/install/custom_msg_srv/share/custom_msg_srv/hook/pythonpath.dsv'
[1.499s] INFO:colcon.colcon_core.shell:Creating environment hook '/home/isopodin-time/ros2_ws/install/custom_msg_srv/share/custom_msg_srv/hook/pythonpath.sh'
[1.499s] Level 1:colcon.colcon_core.environment:checking '/home/isopodin-time/ros2_ws/install/custom_msg_srv/bin'
[1.502s] INFO:colcon.colcon_core.shell:Creating package script '/home/isopodin-time/ros2_ws/install/custom_msg_srv/share/custom_msg_srv/package.ps1'
[1.503s] INFO:colcon.colcon_core.shell:Creating package descriptor '/home/isopodin-time/ros2_ws/install/custom_msg_srv/share/custom_msg_srv/package.dsv'
[1.503s] INFO:colcon.colcon_core.shell:Creating package script '/home/isopodin-time/ros2_ws/install/custom_msg_srv/share/custom_msg_srv/package.sh'
[1.504s] INFO:colcon.colcon_core.shell:Creating package script '/home/isopodin-time/ros2_ws/install/custom_msg_srv/share/custom_msg_srv/package.bash'
[1.504s] INFO:colcon.colcon_core.shell:Creating package script '/home/isopodin-time/ros2_ws/install/custom_msg_srv/share/custom_msg_srv/package.zsh'
[1.505s] Level 1:colcon.colcon_core.environment:create_file_with_runtime_dependencies(/home/isopodin-time/ros2_ws/install/custom_msg_srv/share/colcon-core/packages/custom_msg_srv)
[1.505s] INFO:colcon.colcon_ros.task.ament_cmake.build:Building ROS package in '/home/isopodin-time/ros2_ws/src/muuv_ros' with build type 'ament_cmake'
[1.505s] INFO:colcon.colcon_cmake.task.cmake.build:Building CMake package in '/home/isopodin-time/ros2_ws/src/muuv_ros'
[1.508s] INFO:colcon.colcon_core.shell:Skip shell extension 'powershell' for command environment: Not usable outside of PowerShell
[1.508s] DEBUG:colcon.colcon_core.shell:Skip shell extension 'dsv' for command environment
[1.776s] DEBUG:colcon.colcon_core.event_handler.log_command:Invoking command in '/home/isopodin-time/ros2_ws/build/muuv_ros': CMAKE_PREFIX_PATH=/home/isopodin-time/ros2_ws/install/custom_msg_srv:/home/isopodin-time/ros2_ws/install/pid_component:/home/isopodin-time/ros2_ws/install/plankton:/home/isopodin-time/ros2_ws/install/uuv_simulator:/home/isopodin-time/ros2_ws/install/uuv_world_ros_plugins:/home/isopodin-time/ros2_ws/install/uuv_tutorials:/home/isopodin-time/ros2_ws/install/uuv_tutorial_dp_controller:/home/isopodin-time/ros2_ws/install/uuv_tutorial_disturbances:/home/isopodin-time/ros2_ws/install/uuv_control_utils:/home/isopodin-time/ros2_ws/install/uuv_world_ros_plugins_msgs:/home/isopodin-time/ros2_ws/install/uuv_world_plugins:/home/isopodin-time/ros2_ws/install/uuv_tutorial_seabed_world:/home/isopodin-time/ros2_ws/install/uuv_trajectory_control:/home/isopodin-time/ros2_ws/install/uuv_teleop:/home/isopodin-time/ros2_ws/install/uuv_thruster_manager:/home/isopodin-time/ros2_ws/install/uuv_descriptions:/home/isopodin-time/ros2_ws/install/uuv_sensor_ros_plugins:/home/isopodin-time/ros2_ws/install/uuv_sensor_ros_plugins_msgs:/home/isopodin-time/ros2_ws/install/uuv_gazebo_worlds:/home/isopodin-time/ros2_ws/install/uuv_gazebo_ros_plugins:/home/isopodin-time/ros2_ws/install/uuv_gazebo_ros_plugins_msgs:/home/isopodin-time/ros2_ws/install/uuv_gazebo_plugins:/home/isopodin-time/ros2_ws/install/uuv_gazebo:/home/isopodin-time/ros2_ws/install/uuv_control_msgs:/home/isopodin-time/ros2_ws/install/uuv_control_cascaded_pid:/home/isopodin-time/ros2_ws/install/uuv_auv_control_allocator:/home/isopodin-time/ros2_ws/install/uuv_assistants:/home/isopodin-time/ros2_ws/install/muuv_sim:/home/isopodin-time/ros2_ws/install/test_sim:/home/isopodin-time/ros2_ws/install/plankton_utils:/home/isopodin-time/ros2_ws/install/muuv_sim_description:/home/isopodin-time/ros2_ws/install/muuv_sim_control:/home/isopodin-time/ros2_ws/install/muuv_ros:/opt/ros/foxy LD_LIBRARY_PATH=/home/isopodin-time/ros2_ws/install/custom_msg_srv/lib:/home/isopodin-time/ros2_ws/install/pid_component/lib:/home/isopodin-time/ros2_ws/install/uuv_world_ros_plugins/lib:/home/isopodin-time/ros2_ws/install/uuv_world_ros_plugins_msgs/lib:/home/isopodin-time/ros2_ws/install/uuv_world_plugins/lib:/home/isopodin-time/ros2_ws/install/uuv_thruster_manager/lib:/home/isopodin-time/ros2_ws/install/uuv_sensor_ros_plugins/lib:/home/isopodin-time/ros2_ws/install/uuv_sensor_ros_plugins_msgs/lib:/home/isopodin-time/ros2_ws/install/uuv_gazebo_ros_plugins/lib:/home/isopodin-time/ros2_ws/install/uuv_gazebo_ros_plugins_msgs/lib:/home/isopodin-time/ros2_ws/install/uuv_gazebo_plugins/lib:/home/isopodin-time/ros2_ws/install/uuv_control_msgs/lib:/home/isopodin-time/ros2_ws/install/uuv_auv_control_allocator/lib:/usr/lib/x86_64-linux-gnu/gazebo-11/plugins:/opt/ros/foxy/opt/yaml_cpp_vendor/lib:/opt/ros/foxy/opt/rviz_ogre_vendor/lib:/opt/ros/foxy/lib/x86_64-linux-gnu:/opt/ros/foxy/lib:/usr/lib/x86_64-linux-gnu/gazebo-11/plugins:/usr/lib/x86_64-linux-gnu/gazebo-11/plugins:/usr/lib/x86_64-linux-gnu/gazebo-11/plugins /usr/bin/cmake --build /home/isopodin-time/ros2_ws/build/muuv_ros -- -j8 -l8
[2.011s] DEBUG:colcon.colcon_core.event_handler.log_command:Invoked command in '/home/isopodin-time/ros2_ws/build/muuv_ros' returned '2': CMAKE_PREFIX_PATH=/home/isopodin-time/ros2_ws/install/custom_msg_srv:/home/isopodin-time/ros2_ws/install/pid_component:/home/isopodin-time/ros2_ws/install/plankton:/home/isopodin-time/ros2_ws/install/uuv_simulator:/home/isopodin-time/ros2_ws/install/uuv_world_ros_plugins:/home/isopodin-time/ros2_ws/install/uuv_tutorials:/home/isopodin-time/ros2_ws/install/uuv_tutorial_dp_controller:/home/isopodin-time/ros2_ws/install/uuv_tutorial_disturbances:/home/isopodin-time/ros2_ws/install/uuv_control_utils:/home/isopodin-time/ros2_ws/install/uuv_world_ros_plugins_msgs:/home/isopodin-time/ros2_ws/install/uuv_world_plugins:/home/isopodin-time/ros2_ws/install/uuv_tutorial_seabed_world:/home/isopodin-time/ros2_ws/install/uuv_trajectory_control:/home/isopodin-time/ros2_ws/install/uuv_teleop:/home/isopodin-time/ros2_ws/install/uuv_thruster_manager:/home/isopodin-time/ros2_ws/install/uuv_descriptions:/home/isopodin-time/ros2_ws/install/uuv_sensor_ros_plugins:/home/isopodin-time/ros2_ws/install/uuv_sensor_ros_plugins_msgs:/home/isopodin-time/ros2_ws/install/uuv_gazebo_worlds:/home/isopodin-time/ros2_ws/install/uuv_gazebo_ros_plugins:/home/isopodin-time/ros2_ws/install/uuv_gazebo_ros_plugins_msgs:/home/isopodin-time/ros2_ws/install/uuv_gazebo_plugins:/home/isopodin-time/ros2_ws/install/uuv_gazebo:/home/isopodin-time/ros2_ws/install/uuv_control_msgs:/home/isopodin-time/ros2_ws/install/uuv_control_cascaded_pid:/home/isopodin-time/ros2_ws/install/uuv_auv_control_allocator:/home/isopodin-time/ros2_ws/install/uuv_assistants:/home/isopodin-time/ros2_ws/install/muuv_sim:/home/isopodin-time/ros2_ws/install/test_sim:/home/isopodin-time/ros2_ws/install/plankton_utils:/home/isopodin-time/ros2_ws/install/muuv_sim_description:/home/isopodin-time/ros2_ws/install/muuv_sim_control:/home/isopodin-time/ros2_ws/install/muuv_ros:/opt/ros/foxy LD_LIBRARY_PATH=/home/isopodin-time/ros2_ws/install/custom_msg_srv/lib:/home/isopodin-time/ros2_ws/install/pid_component/lib:/home/isopodin-time/ros2_ws/install/uuv_world_ros_plugins/lib:/home/isopodin-time/ros2_ws/install/uuv_world_ros_plugins_msgs/lib:/home/isopodin-time/ros2_ws/install/uuv_world_plugins/lib:/home/isopodin-time/ros2_ws/install/uuv_thruster_manager/lib:/home/isopodin-time/ros2_ws/install/uuv_sensor_ros_plugins/lib:/home/isopodin-time/ros2_ws/install/uuv_sensor_ros_plugins_msgs/lib:/home/isopodin-time/ros2_ws/install/uuv_gazebo_ros_plugins/lib:/home/isopodin-time/ros2_ws/install/uuv_gazebo_ros_plugins_msgs/lib:/home/isopodin-time/ros2_ws/install/uuv_gazebo_plugins/lib:/home/isopodin-time/ros2_ws/install/uuv_control_msgs/lib:/home/isopodin-time/ros2_ws/install/uuv_auv_control_allocator/lib:/usr/lib/x86_64-linux-gnu/gazebo-11/plugins:/opt/ros/foxy/opt/yaml_cpp_vendor/lib:/opt/ros/foxy/opt/rviz_ogre_vendor/lib:/opt/ros/foxy/lib/x86_64-linux-gnu:/opt/ros/foxy/lib:/usr/lib/x86_64-linux-gnu/gazebo-11/plugins:/usr/lib/x86_64-linux-gnu/gazebo-11/plugins:/usr/lib/x86_64-linux-gnu/gazebo-11/plugins /usr/bin/cmake --build /home/isopodin-time/ros2_ws/build/muuv_ros -- -j8 -l8
[2.067s] Level 1:colcon.colcon_core.environment:create_environment_scripts_only(muuv_ros)
[2.071s] Level 1:colcon.colcon_core.environment:checking '/home/isopodin-time/ros2_ws/install/muuv_ros' for CMake module files
[2.071s] Level 1:colcon.colcon_core.environment:checking '/home/isopodin-time/ros2_ws/install/muuv_ros' for CMake config files
[2.072s] Level 1:colcon.colcon_core.shell:create_environment_hook('muuv_ros', 'cmake_prefix_path')
[2.075s] INFO:colcon.colcon_core.shell:Creating environment hook '/home/isopodin-time/ros2_ws/install/muuv_ros/share/muuv_ros/hook/cmake_prefix_path.ps1'
[2.076s] INFO:colcon.colcon_core.shell:Creating environment descriptor '/home/isopodin-time/ros2_ws/install/muuv_ros/share/muuv_ros/hook/cmake_prefix_path.dsv'
[2.076s] INFO:colcon.colcon_core.shell:Creating environment hook '/home/isopodin-time/ros2_ws/install/muuv_ros/share/muuv_ros/hook/cmake_prefix_path.sh'
[2.077s] Level 1:colcon.colcon_core.environment:checking '/home/isopodin-time/ros2_ws/install/muuv_ros/lib'
[2.077s] Level 1:colcon.colcon_core.environment:checking '/home/isopodin-time/ros2_ws/install/muuv_ros/bin'
[2.077s] Level 1:colcon.colcon_core.environment:checking '/home/isopodin-time/ros2_ws/install/muuv_ros/lib/pkgconfig/muuv_ros.pc'
[2.077s] Level 1:colcon.colcon_core.environment:checking '/home/isopodin-time/ros2_ws/install/muuv_ros/lib/python3.8/site-packages'
[2.078s] Level 1:colcon.colcon_core.environment:checking '/home/isopodin-time/ros2_ws/install/muuv_ros/bin'
[2.080s] INFO:colcon.colcon_core.shell:Creating package script '/home/isopodin-time/ros2_ws/install/muuv_ros/share/muuv_ros/package.ps1'
[2.081s] INFO:colcon.colcon_core.shell:Creating package descriptor '/home/isopodin-time/ros2_ws/install/muuv_ros/share/muuv_ros/package.dsv'
[2.081s] INFO:colcon.colcon_core.shell:Creating package script '/home/isopodin-time/ros2_ws/install/muuv_ros/share/muuv_ros/package.sh'
[2.082s] INFO:colcon.colcon_core.shell:Creating package script '/home/isopodin-time/ros2_ws/install/muuv_ros/share/muuv_ros/package.bash'
[2.082s] INFO:colcon.colcon_core.shell:Creating package script '/home/isopodin-time/ros2_ws/install/muuv_ros/share/muuv_ros/package.zsh'
[2.083s] Level 1:colcon.colcon_core.environment:create_file_with_runtime_dependencies(/home/isopodin-time/ros2_ws/install/muuv_ros/share/colcon-core/packages/muuv_ros)
[2.094s] DEBUG:colcon.colcon_parallel_executor.executor.parallel:closing loop
[2.094s] DEBUG:colcon.colcon_parallel_executor.executor.parallel:loop closed
[2.094s] DEBUG:colcon.colcon_parallel_executor.executor.parallel:run_until_complete finished with '2'
[2.094s] DEBUG:colcon.colcon_core.event_reactor:joining thread
[2.186s] INFO:colcon.colcon_core.plugin_system:Skipping extension 'colcon_notification.desktop_notification.notify_send': Could not find 'notify-send'
[2.186s] INFO:colcon.colcon_core.plugin_system:Skipping extension 'colcon_notification.desktop_notification.terminal_notifier': Not used on non-Darwin systems
[2.186s] INFO:colcon.colcon_core.plugin_system:Skipping extension 'colcon_notification.desktop_notification.win32': Not used on non-Windows systems
[2.186s] INFO:colcon.colcon_notification.desktop_notification:Sending desktop notification using 'notify2'
[2.187s] DEBUG:colcon.colcon_notification.desktop_notification.notify2:Failed to initialize notify2: org.freedesktop.DBus.Error.FileNotFound: Failed to connect to socket /run/user/1000/bus: No such file or directory
[2.187s] DEBUG:colcon.colcon_core.event_reactor:joined thread
[2.191s] INFO:colcon.colcon_core.shell:Creating prefix script '/home/isopodin-time/ros2_ws/install/local_setup.ps1'
[2.193s] INFO:colcon.colcon_core.shell:Creating prefix util module '/home/isopodin-time/ros2_ws/install/_local_setup_util_ps1.py'
[2.195s] INFO:colcon.colcon_core.shell:Creating prefix chain script '/home/isopodin-time/ros2_ws/install/setup.ps1'
[2.200s] INFO:colcon.colcon_core.shell:Creating prefix script '/home/isopodin-time/ros2_ws/install/local_setup.sh'
[2.201s] INFO:colcon.colcon_core.shell:Creating prefix util module '/home/isopodin-time/ros2_ws/install/_local_setup_util_sh.py'
[2.201s] INFO:colcon.colcon_core.shell:Creating prefix chain script '/home/isopodin-time/ros2_ws/install/setup.sh'
[2.206s] INFO:colcon.colcon_core.shell:Creating prefix script '/home/isopodin-time/ros2_ws/install/local_setup.bash'
[2.207s] INFO:colcon.colcon_core.shell:Creating prefix chain script '/home/isopodin-time/ros2_ws/install/setup.bash'
[2.212s] INFO:colcon.colcon_core.shell:Creating prefix script '/home/isopodin-time/ros2_ws/install/local_setup.zsh'
[2.212s] INFO:colcon.colcon_core.shell:Creating prefix chain script '/home/isopodin-time/ros2_ws/install/setup.zsh'
