[35m[1mScanning dependencies of target pid_recombiner[0m
[ 44%] Built target sensors
[ 77%] Built target thrusters
[ 88%] [32mBuilding CXX object CMakeFiles/pid_recombiner.dir/src/muuv_ros/pid_recombiner.cpp.o[0m
[01m[K/home/isopodin-time/ros2_ws/src/muuv_ros/src/muuv_ros/pid_recombiner.cpp:[m[K In constructor ‘[01m[KPid_recombiner::Pid_recombiner()[m[K’:
[01m[K/home/isopodin-time/ros2_ws/src/muuv_ros/src/muuv_ros/pid_recombiner.cpp:50:66:[m[K [01;31m[Kerror: [m[Kno matching function for call to ‘[01m[Kmessage_filters::Synchronizer<message_filters::sync_policies::ApproximateTime<custom_msg_srv::msg::Float64Stamped_<std::allocator<void> >, custom_msg_srv::msg::Float64Stamped_<std::allocator<void> > > >::init(Pid_recombiner::approximate_policy, message_filters::Subscriber<custom_msg_srv::msg::Float64Stamped_<std::allocator<void> > >&, message_filters::Subscriber<custom_msg_srv::msg::Float64Stamped_<std::allocator<void> > >&)[m[K’
   50 |         syncApproximate.init(approximate_policy(10), sub_x, sub_y[01;31m[K)[m[K
      |                                                                  [01;31m[K^[m[K
In file included from [01m[K/opt/ros/foxy/include/message_filters/sync_policies/approximate_time.h:53[m[K,
                 from [01m[K/home/isopodin-time/ros2_ws/src/muuv_ros/src/muuv_ros/pid_recombiner.cpp:11[m[K:
[01m[K/opt/ros/foxy/include/message_filters/synchronizer.h:219:8:[m[K [01;36m[Knote: [m[Kcandidate: ‘[01m[Kvoid message_filters::Synchronizer<Policy>::init() [with Policy = message_filters::sync_policies::ApproximateTime<custom_msg_srv::msg::Float64Stamped_<std::allocator<void> >, custom_msg_srv::msg::Float64Stamped_<std::allocator<void> > >][m[K’
  219 |   void [01;36m[Kinit[m[K()
      |        [01;36m[K^~~~[m[K
[01m[K/opt/ros/foxy/include/message_filters/synchronizer.h:219:8:[m[K [01;36m[Knote: [m[K  candidate expects 0 arguments, 3 provided
/opt/ros/foxy/include/message_filters/synchronizer.h: In instantiation of ‘[01m[Kmessage_filters::Synchronizer<Policy>::Synchronizer() [with Policy = message_filters::sync_policies::ApproximateTime<custom_msg_srv::msg::Float64Stamped_<std::allocator<void> >, custom_msg_srv::msg::Float64Stamped_<std::allocator<void> > >][m[K’:
[01m[K/home/isopodin-time/ros2_ws/src/muuv_ros/src/muuv_ros/pid_recombiner.cpp:31:32:[m[K   required from here
[01m[K/opt/ros/foxy/include/message_filters/synchronizer.h:140:3:[m[K [01;31m[Kerror: [m[Kno matching function for call to ‘[01m[Kmessage_filters::sync_policies::ApproximateTime<custom_msg_srv::msg::Float64Stamped_<std::allocator<void> >, custom_msg_srv::msg::Float64Stamped_<std::allocator<void> > >::ApproximateTime()[m[K’
  140 |   [01;31m[K{[m[K
      |   [01;31m[K^[m[K
In file included from [01m[K/home/isopodin-time/ros2_ws/src/muuv_ros/src/muuv_ros/pid_recombiner.cpp:11[m[K:
[01m[K/opt/ros/foxy/include/message_filters/sync_policies/approximate_time.h:130:3:[m[K [01;36m[Knote: [m[Kcandidate: ‘[01m[Kmessage_filters::sync_policies::ApproximateTime<M0, M1, M2, M3, M4, M5, M6, M7, M8>::ApproximateTime(const message_filters::sync_policies::ApproximateTime<M0, M1, M2, M3, M4, M5, M6, M7, M8>&) [with M0 = custom_msg_srv::msg::Float64Stamped_<std::allocator<void> >; M1 = custom_msg_srv::msg::Float64Stamped_<std::allocator<void> >; M2 = message_filters::NullType; M3 = message_filters::NullType; M4 = message_filters::NullType; M5 = message_filters::NullType; M6 = message_filters::NullType; M7 = message_filters::NullType; M8 = message_filters::NullType][m[K’
  130 |   [01;36m[KApproximateTime[m[K(const ApproximateTime& e)
      |   [01;36m[K^~~~~~~~~~~~~~~[m[K
[01m[K/opt/ros/foxy/include/message_filters/sync_policies/approximate_time.h:130:3:[m[K [01;36m[Knote: [m[K  candidate expects 1 argument, 0 provided
In file included from [01m[K/home/isopodin-time/ros2_ws/src/muuv_ros/src/muuv_ros/pid_recombiner.cpp:11[m[K:
[01m[K/opt/ros/foxy/include/message_filters/sync_policies/approximate_time.h:116:3:[m[K [01;36m[Knote: [m[Kcandidate: ‘[01m[Kmessage_filters::sync_policies::ApproximateTime<M0, M1, M2, M3, M4, M5, M6, M7, M8>::ApproximateTime(uint32_t) [with M0 = custom_msg_srv::msg::Float64Stamped_<std::allocator<void> >; M1 = custom_msg_srv::msg::Float64Stamped_<std::allocator<void> >; M2 = message_filters::NullType; M3 = message_filters::NullType; M4 = message_filters::NullType; M5 = message_filters::NullType; M6 = message_filters::NullType; M7 = message_filters::NullType; M8 = message_filters::NullType; uint32_t = unsigned int][m[K’
  116 |   [01;36m[KApproximateTime[m[K(uint32_t queue_size)
      |   [01;36m[K^~~~~~~~~~~~~~~[m[K
[01m[K/opt/ros/foxy/include/message_filters/sync_policies/approximate_time.h:116:3:[m[K [01;36m[Knote: [m[K  candidate expects 1 argument, 0 provided
make[2]: *** [CMakeFiles/pid_recombiner.dir/build.make:63: CMakeFiles/pid_recombiner.dir/src/muuv_ros/pid_recombiner.cpp.o] Error 1
make[1]: *** [CMakeFiles/Makefile2:109: CMakeFiles/pid_recombiner.dir/all] Error 2
make: *** [Makefile:141: all] Error 2
