-- Found ament_cmake: 0.9.12 (/opt/ros/foxy/share/ament_cmake/cmake)
-- Using PYTHON_EXECUTABLE: /usr/bin/python3
-- Override CMake install command with custom implementation using symlinks instead of copying resources
-- Found rclcpp: 2.4.3 (/opt/ros/foxy/share/rclcpp/cmake)
-- Using all available rosidl_typesupport_c: rosidl_typesupport_fastrtps_c;rosidl_typesupport_introspection_c
-- Found rosidl_adapter: 1.3.1 (/opt/ros/foxy/share/rosidl_adapter/cmake)
-- Using all available rosidl_typesupport_cpp: rosidl_typesupport_fastrtps_cpp;rosidl_typesupport_introspection_cpp
-- Found rmw_implementation_cmake: 1.0.4 (/opt/ros/foxy/share/rmw_implementation_cmake/cmake)
-- Using RMW implementation 'rmw_fastrtps_cpp' as default
-- Found control_toolbox: 2.2.0 (/opt/ros/foxy/share/control_toolbox/cmake)
-- Found rclcpp_components: 2.4.3 (/opt/ros/foxy/share/rclcpp_components/cmake)
-- Found custom_msg_srv: 0.0.0 (/home/isopodin-time/ros2_ws/install/custom_msg_srv/share/custom_msg_srv/cmake)
-- Found muuv_ros: 0.0.0 (/home/isopodin-time/ros2_ws/install/muuv_ros/share/muuv_ros/cmake)
-- Configuring done
-- Generating done
-- Build files have been written to: /home/isopodin-time/ros2_ws/build/pid_component
[ 50%] [32mBuilding CXX object CMakeFiles/pid_component.dir/src/pid_component/pid_component.cpp.o[0m
In file included from [01m[K/home/isopodin-time/ros2_ws/src/pid_component/src/pid_component/pid_component.cpp:1[m[K:
[01m[K/home/isopodin-time/ros2_ws/src/pid_component/include/pid_component/pid_component.hpp:10:10:[m[K [01;31m[Kfatal error: [m[Kqos_profile.hpp: No such file or directory
   10 | #include [01;31m[K"qos_profile.hpp"[m[K
      |          [01;31m[K^~~~~~~~~~~~~~~~~[m[K
compilation terminated.
make[2]: *** [CMakeFiles/pid_component.dir/build.make:63: CMakeFiles/pid_component.dir/src/pid_component/pid_component.cpp.o] Error 1
make[1]: *** [CMakeFiles/Makefile2:78: CMakeFiles/pid_component.dir/all] Error 2
make: *** [Makefile:141: all] Error 2
