[0.047s] Invoking command in '/home/isopodin-time/ros2_ws/build/muuv_sim_description': CMAKE_PREFIX_PATH=${CMAKE_PREFIX_PATH}:/opt/ros/foxy /usr/bin/cmake --build /home/isopodin-time/ros2_ws/build/muuv_sim_description -- -j8 -l8
[0.088s] -- Found ament_cmake: 0.9.12 (/opt/ros/foxy/share/ament_cmake/cmake)
[0.116s] -- Using PYTHON_EXECUTABLE: /usr/bin/python3
[0.336s] -- Override CMake install command with custom implementation using symlinks instead of copying resources
[0.343s] -- Found ament_lint_auto: 0.9.8 (/opt/ros/foxy/share/ament_lint_auto/cmake)
[0.429s] -- Added test 'copyright' to check source files copyright and LICENSE
[0.432s] -- Added test 'lint_cmake' to check CMake code style
[0.435s] -- Added test 'xmllint' to check XML markup files
[0.437s] -- Configuring done
[0.441s] -- Generating done
[0.442s] -- Build files have been written to: /home/isopodin-time/ros2_ws/build/muuv_sim_description
[0.474s] Invoked command in '/home/isopodin-time/ros2_ws/build/muuv_sim_description' returned '0': CMAKE_PREFIX_PATH=${CMAKE_PREFIX_PATH}:/opt/ros/foxy /usr/bin/cmake --build /home/isopodin-time/ros2_ws/build/muuv_sim_description -- -j8 -l8
[0.515s] Invoking command in '/home/isopodin-time/ros2_ws/build/muuv_sim_description': CMAKE_PREFIX_PATH=${CMAKE_PREFIX_PATH}:/opt/ros/foxy /usr/bin/cmake --install /home/isopodin-time/ros2_ws/build/muuv_sim_description
[0.529s] -- Install configuration: ""
[0.529s] -- Execute custom install script
[0.530s] CMake Error at ament_cmake_symlink_install/ament_cmake_symlink_install.cmake:100 (message):
[0.530s]   ament_cmake_symlink_install_directory() can't find
[0.530s]   '/home/isopodin-time/ros2_ws/src/Muuv_sim/muuv_sim_description/description'
[0.530s] Call Stack (most recent call first):
[0.530s]   ament_cmake_symlink_install/ament_cmake_symlink_install.cmake:314 (ament_cmake_symlink_install_directory)
[0.531s]   cmake_install.cmake:41 (include)
[0.531s] 
[0.531s] 
[0.538s] Invoked command in '/home/isopodin-time/ros2_ws/build/muuv_sim_description' returned '1': CMAKE_PREFIX_PATH=${CMAKE_PREFIX_PATH}:/opt/ros/foxy /usr/bin/cmake --install /home/isopodin-time/ros2_ws/build/muuv_sim_description
