[0.041s] Invoking command in '/home/isopodin-time/ros2_ws/build/muuv_ros': CMAKE_PREFIX_PATH=${CMAKE_PREFIX_PATH}:/opt/ros/foxy /usr/bin/cmake --build /home/isopodin-time/ros2_ws/build/muuv_ros -- -j8 -l8
[0.190s] [35m[1mScanning dependencies of target sensors[0m
[0.229s] [ 55%] Built target pid
[0.229s] [ 55%] Built target thrusters
[0.258s] [ 66%] [32mBuilding CXX object CMakeFiles/sensors.dir/src/muuv_ros/sensors.cpp.o[0m
[2.440s] [01m[K/home/isopodin-time/ros2_ws/src/muuv_ros/src/muuv_ros/sensors.cpp:[m[K In constructor ‘[01m[KSensors::Sensors()[m[K’:
[2.441s] [01m[K/home/isopodin-time/ros2_ws/src/muuv_ros/src/muuv_ros/sensors.cpp:9:74:[m[K [01;31m[Kerror: [m[Kcannot convert ‘[01m[Kconst string[m[K’ {aka ‘[01m[Kconst std::__cxx11::basic_string<char>[m[K’} to ‘[01m[Kconst char*[m[K’ in initialization
[2.441s]     9 |     const char * pi_address = [01;31m[Kthis->get_parameter("pi_address").as_string()[m[K;
[2.441s]       |                               [01;31m[K~~~~~~~~~~~~~~~~~~~~~~~~~~~~~~~~~~~~~~~~~~~^~[m[K
[2.441s]       |                                                                          [01;31m[K|[m[K
[2.441s]       |                                                                          [01;31m[Kconst string {aka const std::__cxx11::basic_string<char>}[m[K
[2.441s] [01m[K/home/isopodin-time/ros2_ws/src/muuv_ros/src/muuv_ros/sensors.cpp:10:81:[m[K [01;31m[Kerror: [m[Kinvalid cast from type ‘[01m[Kconst string[m[K’ {aka ‘[01m[Kconst std::__cxx11::basic_string<char>[m[K’} to type ‘[01m[Kconst char*[m[K’
[2.441s]    10 |     pi = pigpio_start((const char *)this->get_parameter("pi_address").as_string([01;31m[K)[m[K, this->get_parameter("pi_port").as_string());
[2.441s]       |                                                                                 [01;31m[K^[m[K
[2.460s] [01m[K/home/isopodin-time/ros2_ws/src/muuv_ros/src/muuv_ros/sensors.cpp:9:18:[m[K [01;35m[Kwarning: [m[Kunused variable ‘[01m[Kpi_address[m[K’ [[01;35m[K-Wunused-variable[m[K]
[2.460s]     9 |     const char * [01;35m[Kpi_address[m[K = this->get_parameter("pi_address").as_string();
[2.460s]       |                  [01;35m[K^~~~~~~~~~[m[K
[3.918s] make[2]: *** [CMakeFiles/sensors.dir/build.make:63: CMakeFiles/sensors.dir/src/muuv_ros/sensors.cpp.o] Error 1
[3.918s] make[1]: *** [CMakeFiles/Makefile2:109: CMakeFiles/sensors.dir/all] Error 2
[3.919s] make: *** [Makefile:141: all] Error 2
[3.925s] Invoked command in '/home/isopodin-time/ros2_ws/build/muuv_ros' returned '2': CMAKE_PREFIX_PATH=${CMAKE_PREFIX_PATH}:/opt/ros/foxy /usr/bin/cmake --build /home/isopodin-time/ros2_ws/build/muuv_ros -- -j8 -l8
