[0.042s] Invoking command in '/home/isopodin-time/ros2_ws/build/muuv_ros': CMAKE_PREFIX_PATH=${CMAKE_PREFIX_PATH}:/opt/ros/foxy /usr/bin/cmake --build /home/isopodin-time/ros2_ws/build/muuv_ros -- -j8 -l8
[0.121s] [35m[1mScanning dependencies of target sensors[0m
[0.161s] [ 33%] Built target thrusters
[0.167s] [ 55%] Built target pid
[0.190s] [ 66%] [32mBuilding CXX object CMakeFiles/sensors.dir/src/muuv_ros/sensors.cpp.o[0m
[5.238s] [ 77%] [32m[1mLinking CXX executable sensors[0m
[5.851s] [100%] Built target sensors
[5.882s] Invoked command in '/home/isopodin-time/ros2_ws/build/muuv_ros' returned '0': CMAKE_PREFIX_PATH=${CMAKE_PREFIX_PATH}:/opt/ros/foxy /usr/bin/cmake --build /home/isopodin-time/ros2_ws/build/muuv_ros -- -j8 -l8
[6.018s] Invoking command in '/home/isopodin-time/ros2_ws/build/muuv_ros': CMAKE_PREFIX_PATH=${CMAKE_PREFIX_PATH}:/opt/ros/foxy /usr/bin/cmake --install /home/isopodin-time/ros2_ws/build/muuv_ros
[6.037s] -- Install configuration: ""
[6.038s] -- Up-to-date: /home/isopodin-time/ros2_ws/install/muuv_ros/lib/muuv_ros/pid
[6.039s] -- Up-to-date: /home/isopodin-time/ros2_ws/install/muuv_ros/lib/muuv_ros/thrusters
[6.040s] -- Installing: /home/isopodin-time/ros2_ws/install/muuv_ros/lib/muuv_ros/sensors
[6.043s] -- Set runtime path of "/home/isopodin-time/ros2_ws/install/muuv_ros/lib/muuv_ros/sensors" to ""
[6.043s] -- Up-to-date: /home/isopodin-time/ros2_ws/install/muuv_ros/share/muuv_ros/launch
[6.044s] -- Up-to-date: /home/isopodin-time/ros2_ws/install/muuv_ros/share/muuv_ros/config
[6.044s] -- Up-to-date: /home/isopodin-time/ros2_ws/install/muuv_ros/share/ament_index/resource_index/package_run_dependencies/muuv_ros
[6.045s] -- Up-to-date: /home/isopodin-time/ros2_ws/install/muuv_ros/share/ament_index/resource_index/parent_prefix_path/muuv_ros
[6.046s] -- Up-to-date: /home/isopodin-time/ros2_ws/install/muuv_ros/share/muuv_ros/environment/ament_prefix_path.sh
[6.046s] -- Up-to-date: /home/isopodin-time/ros2_ws/install/muuv_ros/share/muuv_ros/environment/ament_prefix_path.dsv
[6.046s] -- Up-to-date: /home/isopodin-time/ros2_ws/install/muuv_ros/share/muuv_ros/environment/path.sh
[6.047s] -- Up-to-date: /home/isopodin-time/ros2_ws/install/muuv_ros/share/muuv_ros/environment/path.dsv
[6.047s] -- Up-to-date: /home/isopodin-time/ros2_ws/install/muuv_ros/share/muuv_ros/local_setup.bash
[6.047s] -- Up-to-date: /home/isopodin-time/ros2_ws/install/muuv_ros/share/muuv_ros/local_setup.sh
[6.047s] -- Up-to-date: /home/isopodin-time/ros2_ws/install/muuv_ros/share/muuv_ros/local_setup.zsh
[6.048s] -- Up-to-date: /home/isopodin-time/ros2_ws/install/muuv_ros/share/muuv_ros/local_setup.dsv
[6.048s] -- Installing: /home/isopodin-time/ros2_ws/install/muuv_ros/share/muuv_ros/package.dsv
[6.048s] -- Up-to-date: /home/isopodin-time/ros2_ws/install/muuv_ros/share/ament_index/resource_index/packages/muuv_ros
[6.048s] -- Up-to-date: /home/isopodin-time/ros2_ws/install/muuv_ros/share/muuv_ros/cmake/muuv_rosConfig.cmake
[6.048s] -- Up-to-date: /home/isopodin-time/ros2_ws/install/muuv_ros/share/muuv_ros/cmake/muuv_rosConfig-version.cmake
[6.048s] -- Up-to-date: /home/isopodin-time/ros2_ws/install/muuv_ros/share/muuv_ros/package.xml
[6.053s] Invoked command in '/home/isopodin-time/ros2_ws/build/muuv_ros' returned '0': CMAKE_PREFIX_PATH=${CMAKE_PREFIX_PATH}:/opt/ros/foxy /usr/bin/cmake --install /home/isopodin-time/ros2_ws/build/muuv_ros
