[0.028s] Invoking command in '/home/isopodin-time/ros2_ws/build/custom_msg_srv': CMAKE_PREFIX_PATH=${CMAKE_PREFIX_PATH}:/opt/ros/foxy /usr/bin/cmake --build /home/isopodin-time/ros2_ws/build/custom_msg_srv -- -j8 -l8
[0.104s] [  3%] Built target custom_msg_srv__cpp
[0.108s] [ 12%] Built target custom_msg_srv__rosidl_generator_c
[0.145s] [ 22%] Built target custom_msg_srv__rosidl_typesupport_cpp
[0.150s] [ 32%] Built target custom_msg_srv__rosidl_typesupport_introspection_cpp
[0.150s] [ 41%] Built target custom_msg_srv__rosidl_typesupport_fastrtps_cpp
[0.154s] [ 61%] Built target custom_msg_srv__rosidl_typesupport_introspection_c
[0.154s] [ 61%] Built target custom_msg_srv__rosidl_typesupport_c
[0.185s] [ 70%] Built target custom_msg_srv__rosidl_typesupport_fastrtps_c
[0.212s] [ 70%] Built target custom_msg_srv
[0.244s] [ 74%] Built target custom_msg_srv__py
[0.278s] [ 80%] Built target custom_msg_srv__python
[0.316s] [ 87%] Built target custom_msg_srv__rosidl_typesupport_introspection_c__pyext
[0.323s] [100%] Built target custom_msg_srv__rosidl_typesupport_fastrtps_c__pyext
[0.324s] [100%] Built target custom_msg_srv__rosidl_typesupport_c__pyext
[0.342s] Invoked command in '/home/isopodin-time/ros2_ws/build/custom_msg_srv' returned '0': CMAKE_PREFIX_PATH=${CMAKE_PREFIX_PATH}:/opt/ros/foxy /usr/bin/cmake --build /home/isopodin-time/ros2_ws/build/custom_msg_srv -- -j8 -l8
[0.456s] Invoking command in '/home/isopodin-time/ros2_ws/build/custom_msg_srv': CMAKE_PREFIX_PATH=${CMAKE_PREFIX_PATH}:/opt/ros/foxy /usr/bin/cmake --install /home/isopodin-time/ros2_ws/build/custom_msg_srv
[0.471s] -- Install configuration: ""
[0.471s] -- Up-to-date: /home/isopodin-time/ros2_ws/install/custom_msg_srv/share/ament_index/resource_index/rosidl_interfaces/custom_msg_srv
[0.472s] -- Up-to-date: /home/isopodin-time/ros2_ws/install/custom_msg_srv/include/custom_msg_srv
[0.472s] -- Up-to-date: /home/isopodin-time/ros2_ws/install/custom_msg_srv/include/custom_msg_srv/msg
[0.472s] -- Up-to-date: /home/isopodin-time/ros2_ws/install/custom_msg_srv/include/custom_msg_srv/msg/detail
[0.472s] -- Up-to-date: /home/isopodin-time/ros2_ws/install/custom_msg_srv/include/custom_msg_srv/msg/detail/float64_stamped__struct.h
[0.472s] -- Up-to-date: /home/isopodin-time/ros2_ws/install/custom_msg_srv/include/custom_msg_srv/msg/detail/float64_stamped__type_support.h
[0.472s] -- Up-to-date: /home/isopodin-time/ros2_ws/install/custom_msg_srv/include/custom_msg_srv/msg/detail/float64_stamped__functions.h
[0.473s] -- Up-to-date: /home/isopodin-time/ros2_ws/install/custom_msg_srv/include/custom_msg_srv/msg/detail/float64_stamped__functions.c
[0.473s] -- Up-to-date: /home/isopodin-time/ros2_ws/install/custom_msg_srv/include/custom_msg_srv/msg/float64_stamped.h
[0.473s] -- Up-to-date: /home/isopodin-time/ros2_ws/install/custom_msg_srv/include/custom_msg_srv/msg/rosidl_generator_c__visibility_control.h
[0.473s] -- Up-to-date: /home/isopodin-time/ros2_ws/install/custom_msg_srv/share/custom_msg_srv/environment/library_path.sh
[0.473s] -- Up-to-date: /home/isopodin-time/ros2_ws/install/custom_msg_srv/share/custom_msg_srv/environment/library_path.dsv
[0.474s] -- Up-to-date: /home/isopodin-time/ros2_ws/install/custom_msg_srv/lib/libcustom_msg_srv__rosidl_generator_c.so
[0.474s] -- Up-to-date: /home/isopodin-time/ros2_ws/install/custom_msg_srv/include/custom_msg_srv
[0.474s] -- Up-to-date: /home/isopodin-time/ros2_ws/install/custom_msg_srv/include/custom_msg_srv/msg
[0.474s] -- Up-to-date: /home/isopodin-time/ros2_ws/install/custom_msg_srv/include/custom_msg_srv/msg/rosidl_typesupport_fastrtps_c__visibility_control.h
[0.475s] -- Up-to-date: /home/isopodin-time/ros2_ws/install/custom_msg_srv/include/custom_msg_srv/msg/detail
[0.475s] -- Up-to-date: /home/isopodin-time/ros2_ws/install/custom_msg_srv/include/custom_msg_srv/msg/detail/float64_stamped__rosidl_typesupport_fastrtps_c.h
[0.475s] -- Up-to-date: /home/isopodin-time/ros2_ws/install/custom_msg_srv/lib/libcustom_msg_srv__rosidl_typesupport_fastrtps_c.so
[0.476s] -- Up-to-date: /home/isopodin-time/ros2_ws/install/custom_msg_srv/include/custom_msg_srv
[0.476s] -- Up-to-date: /home/isopodin-time/ros2_ws/install/custom_msg_srv/include/custom_msg_srv/msg
[0.476s] -- Up-to-date: /home/isopodin-time/ros2_ws/install/custom_msg_srv/include/custom_msg_srv/msg/detail
[0.476s] -- Up-to-date: /home/isopodin-time/ros2_ws/install/custom_msg_srv/include/custom_msg_srv/msg/detail/dds_fastrtps
[0.476s] -- Up-to-date: /home/isopodin-time/ros2_ws/install/custom_msg_srv/include/custom_msg_srv/msg/detail/float64_stamped__rosidl_typesupport_fastrtps_cpp.hpp
[0.476s] -- Up-to-date: /home/isopodin-time/ros2_ws/install/custom_msg_srv/include/custom_msg_srv/msg/rosidl_typesupport_fastrtps_cpp__visibility_control.h
[0.476s] -- Up-to-date: /home/isopodin-time/ros2_ws/install/custom_msg_srv/lib/libcustom_msg_srv__rosidl_typesupport_fastrtps_cpp.so
[0.477s] -- Up-to-date: /home/isopodin-time/ros2_ws/install/custom_msg_srv/include/custom_msg_srv
[0.477s] -- Up-to-date: /home/isopodin-time/ros2_ws/install/custom_msg_srv/include/custom_msg_srv/msg
[0.478s] -- Up-to-date: /home/isopodin-time/ros2_ws/install/custom_msg_srv/include/custom_msg_srv/msg/detail
[0.478s] -- Up-to-date: /home/isopodin-time/ros2_ws/install/custom_msg_srv/include/custom_msg_srv/msg/detail/float64_stamped__rosidl_typesupport_introspection_c.h
[0.478s] -- Up-to-date: /home/isopodin-time/ros2_ws/install/custom_msg_srv/include/custom_msg_srv/msg/detail/float64_stamped__type_support.c
[0.479s] -- Up-to-date: /home/isopodin-time/ros2_ws/install/custom_msg_srv/include/custom_msg_srv/msg/rosidl_typesupport_introspection_c__visibility_control.h
[0.479s] -- Up-to-date: /home/isopodin-time/ros2_ws/install/custom_msg_srv/lib/libcustom_msg_srv__rosidl_typesupport_introspection_c.so
[0.479s] -- Up-to-date: /home/isopodin-time/ros2_ws/install/custom_msg_srv/lib/libcustom_msg_srv__rosidl_typesupport_c.so
[0.480s] -- Up-to-date: /home/isopodin-time/ros2_ws/install/custom_msg_srv/include/custom_msg_srv
[0.480s] -- Up-to-date: /home/isopodin-time/ros2_ws/install/custom_msg_srv/include/custom_msg_srv/msg
[0.480s] -- Up-to-date: /home/isopodin-time/ros2_ws/install/custom_msg_srv/include/custom_msg_srv/msg/float64_stamped.hpp
[0.480s] -- Up-to-date: /home/isopodin-time/ros2_ws/install/custom_msg_srv/include/custom_msg_srv/msg/detail
[0.481s] -- Up-to-date: /home/isopodin-time/ros2_ws/install/custom_msg_srv/include/custom_msg_srv/msg/detail/float64_stamped__traits.hpp
[0.481s] -- Up-to-date: /home/isopodin-time/ros2_ws/install/custom_msg_srv/include/custom_msg_srv/msg/detail/float64_stamped__builder.hpp
[0.481s] -- Up-to-date: /home/isopodin-time/ros2_ws/install/custom_msg_srv/include/custom_msg_srv/msg/detail/float64_stamped__type_support.hpp
[0.481s] -- Up-to-date: /home/isopodin-time/ros2_ws/install/custom_msg_srv/include/custom_msg_srv/msg/detail/float64_stamped__struct.hpp
[0.481s] -- Up-to-date: /home/isopodin-time/ros2_ws/install/custom_msg_srv/include/custom_msg_srv/msg/rosidl_generator_cpp__visibility_control.hpp
[0.481s] -- Up-to-date: /home/isopodin-time/ros2_ws/install/custom_msg_srv/include/custom_msg_srv
[0.482s] -- Up-to-date: /home/isopodin-time/ros2_ws/install/custom_msg_srv/include/custom_msg_srv/msg
[0.482s] -- Up-to-date: /home/isopodin-time/ros2_ws/install/custom_msg_srv/include/custom_msg_srv/msg/detail
[0.483s] -- Up-to-date: /home/isopodin-time/ros2_ws/install/custom_msg_srv/include/custom_msg_srv/msg/detail/float64_stamped__type_support.cpp
[0.483s] -- Up-to-date: /home/isopodin-time/ros2_ws/install/custom_msg_srv/include/custom_msg_srv/msg/detail/float64_stamped__rosidl_typesupport_introspection_cpp.hpp
[0.483s] -- Up-to-date: /home/isopodin-time/ros2_ws/install/custom_msg_srv/lib/libcustom_msg_srv__rosidl_typesupport_introspection_cpp.so
[0.484s] -- Up-to-date: /home/isopodin-time/ros2_ws/install/custom_msg_srv/lib/libcustom_msg_srv__rosidl_typesupport_cpp.so
[0.484s] -- Up-to-date: /home/isopodin-time/ros2_ws/install/custom_msg_srv/share/custom_msg_srv/environment/pythonpath.sh
[0.484s] -- Up-to-date: /home/isopodin-time/ros2_ws/install/custom_msg_srv/share/custom_msg_srv/environment/pythonpath.dsv
[0.484s] -- Up-to-date: /home/isopodin-time/ros2_ws/install/custom_msg_srv/lib/python3.8/site-packages/custom_msg_srv/__init__.py
[0.531s] -- Up-to-date: /home/isopodin-time/ros2_ws/install/custom_msg_srv/lib/python3.8/site-packages/custom_msg_srv/msg
[0.532s] -- Up-to-date: /home/isopodin-time/ros2_ws/install/custom_msg_srv/lib/python3.8/site-packages/custom_msg_srv/msg/__init__.py
[0.532s] -- Up-to-date: /home/isopodin-time/ros2_ws/install/custom_msg_srv/lib/python3.8/site-packages/custom_msg_srv/msg/_float64_stamped_s.c
[0.532s] -- Up-to-date: /home/isopodin-time/ros2_ws/install/custom_msg_srv/lib/python3.8/site-packages/custom_msg_srv/msg/_float64_stamped.py
[0.532s] -- Up-to-date: /home/isopodin-time/ros2_ws/install/custom_msg_srv/lib/python3.8/site-packages/custom_msg_srv/custom_msg_srv_s__rosidl_typesupport_fastrtps_c.cpython-38-x86_64-linux-gnu.so
[0.533s] -- Up-to-date: /home/isopodin-time/ros2_ws/install/custom_msg_srv/lib/python3.8/site-packages/custom_msg_srv/custom_msg_srv_s__rosidl_typesupport_introspection_c.cpython-38-x86_64-linux-gnu.so
[0.533s] -- Up-to-date: /home/isopodin-time/ros2_ws/install/custom_msg_srv/lib/python3.8/site-packages/custom_msg_srv/custom_msg_srv_s__rosidl_typesupport_c.cpython-38-x86_64-linux-gnu.so
[0.534s] -- Up-to-date: /home/isopodin-time/ros2_ws/install/custom_msg_srv/lib/libcustom_msg_srv__python.so
[0.534s] -- Up-to-date: /home/isopodin-time/ros2_ws/install/custom_msg_srv/share/custom_msg_srv/msg/Float64Stamped.idl
[0.535s] -- Up-to-date: /home/isopodin-time/ros2_ws/install/custom_msg_srv/share/custom_msg_srv/msg/Float64Stamped.msg
[0.535s] -- Up-to-date: /home/isopodin-time/ros2_ws/install/custom_msg_srv/share/ament_index/resource_index/package_run_dependencies/custom_msg_srv
[0.535s] -- Up-to-date: /home/isopodin-time/ros2_ws/install/custom_msg_srv/share/ament_index/resource_index/parent_prefix_path/custom_msg_srv
[0.536s] -- Up-to-date: /home/isopodin-time/ros2_ws/install/custom_msg_srv/share/custom_msg_srv/environment/ament_prefix_path.sh
[0.536s] -- Up-to-date: /home/isopodin-time/ros2_ws/install/custom_msg_srv/share/custom_msg_srv/environment/ament_prefix_path.dsv
[0.536s] -- Up-to-date: /home/isopodin-time/ros2_ws/install/custom_msg_srv/share/custom_msg_srv/environment/path.sh
[0.537s] -- Up-to-date: /home/isopodin-time/ros2_ws/install/custom_msg_srv/share/custom_msg_srv/environment/path.dsv
[0.537s] -- Up-to-date: /home/isopodin-time/ros2_ws/install/custom_msg_srv/share/custom_msg_srv/local_setup.bash
[0.537s] -- Up-to-date: /home/isopodin-time/ros2_ws/install/custom_msg_srv/share/custom_msg_srv/local_setup.sh
[0.537s] -- Up-to-date: /home/isopodin-time/ros2_ws/install/custom_msg_srv/share/custom_msg_srv/local_setup.zsh
[0.538s] -- Up-to-date: /home/isopodin-time/ros2_ws/install/custom_msg_srv/share/custom_msg_srv/local_setup.dsv
[0.538s] -- Installing: /home/isopodin-time/ros2_ws/install/custom_msg_srv/share/custom_msg_srv/package.dsv
[0.538s] -- Up-to-date: /home/isopodin-time/ros2_ws/install/custom_msg_srv/share/ament_index/resource_index/packages/custom_msg_srv
[0.538s] -- Up-to-date: /home/isopodin-time/ros2_ws/install/custom_msg_srv/share/custom_msg_srv/cmake/custom_msg_srv__rosidl_generator_cExport.cmake
[0.539s] -- Up-to-date: /home/isopodin-time/ros2_ws/install/custom_msg_srv/share/custom_msg_srv/cmake/custom_msg_srv__rosidl_generator_cExport-noconfig.cmake
[0.539s] -- Up-to-date: /home/isopodin-time/ros2_ws/install/custom_msg_srv/share/custom_msg_srv/cmake/custom_msg_srv__rosidl_typesupport_introspection_cExport.cmake
[0.539s] -- Up-to-date: /home/isopodin-time/ros2_ws/install/custom_msg_srv/share/custom_msg_srv/cmake/custom_msg_srv__rosidl_typesupport_introspection_cExport-noconfig.cmake
[0.540s] -- Up-to-date: /home/isopodin-time/ros2_ws/install/custom_msg_srv/share/custom_msg_srv/cmake/custom_msg_srv__rosidl_typesupport_cExport.cmake
[0.540s] -- Up-to-date: /home/isopodin-time/ros2_ws/install/custom_msg_srv/share/custom_msg_srv/cmake/custom_msg_srv__rosidl_typesupport_cExport-noconfig.cmake
[0.540s] -- Up-to-date: /home/isopodin-time/ros2_ws/install/custom_msg_srv/share/custom_msg_srv/cmake/custom_msg_srv__rosidl_generator_cppExport.cmake
[0.540s] -- Up-to-date: /home/isopodin-time/ros2_ws/install/custom_msg_srv/share/custom_msg_srv/cmake/custom_msg_srv__rosidl_typesupport_introspection_cppExport.cmake
[0.541s] -- Up-to-date: /home/isopodin-time/ros2_ws/install/custom_msg_srv/share/custom_msg_srv/cmake/custom_msg_srv__rosidl_typesupport_introspection_cppExport-noconfig.cmake
[0.542s] -- Up-to-date: /home/isopodin-time/ros2_ws/install/custom_msg_srv/share/custom_msg_srv/cmake/custom_msg_srv__rosidl_typesupport_cppExport.cmake
[0.543s] -- Up-to-date: /home/isopodin-time/ros2_ws/install/custom_msg_srv/share/custom_msg_srv/cmake/custom_msg_srv__rosidl_typesupport_cppExport-noconfig.cmake
[0.546s] -- Up-to-date: /home/isopodin-time/ros2_ws/install/custom_msg_srv/share/custom_msg_srv/cmake/rosidl_cmake-extras.cmake
[0.548s] -- Up-to-date: /home/isopodin-time/ros2_ws/install/custom_msg_srv/share/custom_msg_srv/cmake/ament_cmake_export_dependencies-extras.cmake
[0.548s] -- Up-to-date: /home/isopodin-time/ros2_ws/install/custom_msg_srv/share/custom_msg_srv/cmake/ament_cmake_export_libraries-extras.cmake
[0.549s] -- Up-to-date: /home/isopodin-time/ros2_ws/install/custom_msg_srv/share/custom_msg_srv/cmake/ament_cmake_export_targets-extras.cmake
[0.550s] -- Up-to-date: /home/isopodin-time/ros2_ws/install/custom_msg_srv/share/custom_msg_srv/cmake/ament_cmake_export_include_directories-extras.cmake
[0.551s] -- Up-to-date: /home/isopodin-time/ros2_ws/install/custom_msg_srv/share/custom_msg_srv/cmake/rosidl_cmake_export_typesupport_libraries-extras.cmake
[0.551s] -- Up-to-date: /home/isopodin-time/ros2_ws/install/custom_msg_srv/share/custom_msg_srv/cmake/rosidl_cmake_export_typesupport_targets-extras.cmake
[0.551s] -- Up-to-date: /home/isopodin-time/ros2_ws/install/custom_msg_srv/share/custom_msg_srv/cmake/custom_msg_srvConfig.cmake
[0.552s] -- Up-to-date: /home/isopodin-time/ros2_ws/install/custom_msg_srv/share/custom_msg_srv/cmake/custom_msg_srvConfig-version.cmake
[0.552s] -- Up-to-date: /home/isopodin-time/ros2_ws/install/custom_msg_srv/share/custom_msg_srv/package.xml
[0.553s] Invoked command in '/home/isopodin-time/ros2_ws/build/custom_msg_srv' returned '0': CMAKE_PREFIX_PATH=${CMAKE_PREFIX_PATH}:/opt/ros/foxy /usr/bin/cmake --install /home/isopodin-time/ros2_ws/build/custom_msg_srv
