[0.031s] Invoking command in '/home/isopodin-time/ros2_ws/build/custom_msg_srv': CMAKE_PREFIX_PATH=${CMAKE_PREFIX_PATH}:/opt/ros/foxy /usr/bin/cmake --build /home/isopodin-time/ros2_ws/build/custom_msg_srv -- -j8 -l8
[0.105s] [  3%] Built target custom_msg_srv__cpp
[0.106s] [ 12%] Built target custom_msg_srv__rosidl_generator_c
[0.139s] [ 32%] Built target custom_msg_srv__rosidl_typesupport_introspection_cpp
[0.139s] [ 32%] Built target custom_msg_srv__rosidl_typesupport_cpp
[0.143s] [ 41%] Built target custom_msg_srv__rosidl_typesupport_fastrtps_cpp
[0.168s] [ 51%] Built target custom_msg_srv__rosidl_typesupport_c
[0.170s] [ 61%] Built target custom_msg_srv__rosidl_typesupport_introspection_c
[0.177s] [ 70%] Built target custom_msg_srv__rosidl_typesupport_fastrtps_c
[0.204s] [ 70%] Built target custom_msg_srv
[0.233s] [ 74%] Built target custom_msg_srv__py
[0.266s] [ 80%] Built target custom_msg_srv__python
[0.301s] [ 87%] Built target custom_msg_srv__rosidl_typesupport_introspection_c__pyext
[0.305s] [ 93%] Built target custom_msg_srv__rosidl_typesupport_fastrtps_c__pyext
[0.306s] [100%] Built target custom_msg_srv__rosidl_typesupport_c__pyext
[0.328s] Invoked command in '/home/isopodin-time/ros2_ws/build/custom_msg_srv' returned '0': CMAKE_PREFIX_PATH=${CMAKE_PREFIX_PATH}:/opt/ros/foxy /usr/bin/cmake --build /home/isopodin-time/ros2_ws/build/custom_msg_srv -- -j8 -l8
[0.431s] Invoking command in '/home/isopodin-time/ros2_ws/build/custom_msg_srv': CMAKE_PREFIX_PATH=${CMAKE_PREFIX_PATH}:/opt/ros/foxy /usr/bin/cmake --install /home/isopodin-time/ros2_ws/build/custom_msg_srv
[0.442s] -- Install configuration: ""
[0.442s] -- Up-to-date: /home/isopodin-time/ros2_ws/install/custom_msg_srv/share/ament_index/resource_index/rosidl_interfaces/custom_msg_srv
[0.443s] -- Up-to-date: /home/isopodin-time/ros2_ws/install/custom_msg_srv/include/custom_msg_srv
[0.443s] -- Up-to-date: /home/isopodin-time/ros2_ws/install/custom_msg_srv/include/custom_msg_srv/msg
[0.443s] -- Up-to-date: /home/isopodin-time/ros2_ws/install/custom_msg_srv/include/custom_msg_srv/msg/detail
[0.443s] -- Up-to-date: /home/isopodin-time/ros2_ws/install/custom_msg_srv/include/custom_msg_srv/msg/detail/float64_stamped__struct.h
[0.443s] -- Up-to-date: /home/isopodin-time/ros2_ws/install/custom_msg_srv/include/custom_msg_srv/msg/detail/float64_stamped__type_support.h
[0.444s] -- Up-to-date: /home/isopodin-time/ros2_ws/install/custom_msg_srv/include/custom_msg_srv/msg/detail/float64_stamped__functions.h
[0.444s] -- Up-to-date: /home/isopodin-time/ros2_ws/install/custom_msg_srv/include/custom_msg_srv/msg/detail/float64_stamped__functions.c
[0.444s] -- Up-to-date: /home/isopodin-time/ros2_ws/install/custom_msg_srv/include/custom_msg_srv/msg/float64_stamped.h
[0.444s] -- Up-to-date: /home/isopodin-time/ros2_ws/install/custom_msg_srv/include/custom_msg_srv/msg/rosidl_generator_c__visibility_control.h
[0.445s] -- Up-to-date: /home/isopodin-time/ros2_ws/install/custom_msg_srv/share/custom_msg_srv/environment/library_path.sh
[0.445s] -- Up-to-date: /home/isopodin-time/ros2_ws/install/custom_msg_srv/share/custom_msg_srv/environment/library_path.dsv
[0.445s] -- Up-to-date: /home/isopodin-time/ros2_ws/install/custom_msg_srv/lib/libcustom_msg_srv__rosidl_generator_c.so
[0.445s] -- Up-to-date: /home/isopodin-time/ros2_ws/install/custom_msg_srv/include/custom_msg_srv
[0.446s] -- Up-to-date: /home/isopodin-time/ros2_ws/install/custom_msg_srv/include/custom_msg_srv/msg
[0.446s] -- Up-to-date: /home/isopodin-time/ros2_ws/install/custom_msg_srv/include/custom_msg_srv/msg/rosidl_typesupport_fastrtps_c__visibility_control.h
[0.446s] -- Up-to-date: /home/isopodin-time/ros2_ws/install/custom_msg_srv/include/custom_msg_srv/msg/detail
[0.446s] -- Up-to-date: /home/isopodin-time/ros2_ws/install/custom_msg_srv/include/custom_msg_srv/msg/detail/float64_stamped__rosidl_typesupport_fastrtps_c.h
[0.446s] -- Up-to-date: /home/isopodin-time/ros2_ws/install/custom_msg_srv/lib/libcustom_msg_srv__rosidl_typesupport_fastrtps_c.so
[0.447s] -- Up-to-date: /home/isopodin-time/ros2_ws/install/custom_msg_srv/include/custom_msg_srv
[0.447s] -- Up-to-date: /home/isopodin-time/ros2_ws/install/custom_msg_srv/include/custom_msg_srv/msg
[0.447s] -- Up-to-date: /home/isopodin-time/ros2_ws/install/custom_msg_srv/include/custom_msg_srv/msg/detail
[0.447s] -- Up-to-date: /home/isopodin-time/ros2_ws/install/custom_msg_srv/include/custom_msg_srv/msg/detail/dds_fastrtps
[0.447s] -- Up-to-date: /home/isopodin-time/ros2_ws/install/custom_msg_srv/include/custom_msg_srv/msg/detail/float64_stamped__rosidl_typesupport_fastrtps_cpp.hpp
[0.447s] -- Up-to-date: /home/isopodin-time/ros2_ws/install/custom_msg_srv/include/custom_msg_srv/msg/rosidl_typesupport_fastrtps_cpp__visibility_control.h
[0.447s] -- Up-to-date: /home/isopodin-time/ros2_ws/install/custom_msg_srv/lib/libcustom_msg_srv__rosidl_typesupport_fastrtps_cpp.so
[0.447s] -- Up-to-date: /home/isopodin-time/ros2_ws/install/custom_msg_srv/include/custom_msg_srv
[0.448s] -- Up-to-date: /home/isopodin-time/ros2_ws/install/custom_msg_srv/include/custom_msg_srv/msg
[0.448s] -- Up-to-date: /home/isopodin-time/ros2_ws/install/custom_msg_srv/include/custom_msg_srv/msg/detail
[0.448s] -- Up-to-date: /home/isopodin-time/ros2_ws/install/custom_msg_srv/include/custom_msg_srv/msg/detail/float64_stamped__rosidl_typesupport_introspection_c.h
[0.448s] -- Up-to-date: /home/isopodin-time/ros2_ws/install/custom_msg_srv/include/custom_msg_srv/msg/detail/float64_stamped__type_support.c
[0.448s] -- Up-to-date: /home/isopodin-time/ros2_ws/install/custom_msg_srv/include/custom_msg_srv/msg/rosidl_typesupport_introspection_c__visibility_control.h
[0.448s] -- Up-to-date: /home/isopodin-time/ros2_ws/install/custom_msg_srv/lib/libcustom_msg_srv__rosidl_typesupport_introspection_c.so
[0.448s] -- Up-to-date: /home/isopodin-time/ros2_ws/install/custom_msg_srv/lib/libcustom_msg_srv__rosidl_typesupport_c.so
[0.448s] -- Up-to-date: /home/isopodin-time/ros2_ws/install/custom_msg_srv/include/custom_msg_srv
[0.449s] -- Up-to-date: /home/isopodin-time/ros2_ws/install/custom_msg_srv/include/custom_msg_srv/msg
[0.449s] -- Up-to-date: /home/isopodin-time/ros2_ws/install/custom_msg_srv/include/custom_msg_srv/msg/float64_stamped.hpp
[0.449s] -- Up-to-date: /home/isopodin-time/ros2_ws/install/custom_msg_srv/include/custom_msg_srv/msg/detail
[0.449s] -- Up-to-date: /home/isopodin-time/ros2_ws/install/custom_msg_srv/include/custom_msg_srv/msg/detail/float64_stamped__traits.hpp
[0.449s] -- Up-to-date: /home/isopodin-time/ros2_ws/install/custom_msg_srv/include/custom_msg_srv/msg/detail/float64_stamped__builder.hpp
[0.449s] -- Up-to-date: /home/isopodin-time/ros2_ws/install/custom_msg_srv/include/custom_msg_srv/msg/detail/float64_stamped__type_support.hpp
[0.449s] -- Up-to-date: /home/isopodin-time/ros2_ws/install/custom_msg_srv/include/custom_msg_srv/msg/detail/float64_stamped__struct.hpp
[0.449s] -- Up-to-date: /home/isopodin-time/ros2_ws/install/custom_msg_srv/include/custom_msg_srv/msg/rosidl_generator_cpp__visibility_control.hpp
[0.449s] -- Up-to-date: /home/isopodin-time/ros2_ws/install/custom_msg_srv/include/custom_msg_srv
[0.449s] -- Up-to-date: /home/isopodin-time/ros2_ws/install/custom_msg_srv/include/custom_msg_srv/msg
[0.449s] -- Up-to-date: /home/isopodin-time/ros2_ws/install/custom_msg_srv/include/custom_msg_srv/msg/detail
[0.449s] -- Up-to-date: /home/isopodin-time/ros2_ws/install/custom_msg_srv/include/custom_msg_srv/msg/detail/float64_stamped__type_support.cpp
[0.449s] -- Up-to-date: /home/isopodin-time/ros2_ws/install/custom_msg_srv/include/custom_msg_srv/msg/detail/float64_stamped__rosidl_typesupport_introspection_cpp.hpp
[0.449s] -- Up-to-date: /home/isopodin-time/ros2_ws/install/custom_msg_srv/lib/libcustom_msg_srv__rosidl_typesupport_introspection_cpp.so
[0.449s] -- Up-to-date: /home/isopodin-time/ros2_ws/install/custom_msg_srv/lib/libcustom_msg_srv__rosidl_typesupport_cpp.so
[0.449s] -- Up-to-date: /home/isopodin-time/ros2_ws/install/custom_msg_srv/share/custom_msg_srv/environment/pythonpath.sh
[0.450s] -- Up-to-date: /home/isopodin-time/ros2_ws/install/custom_msg_srv/share/custom_msg_srv/environment/pythonpath.dsv
[0.450s] -- Up-to-date: /home/isopodin-time/ros2_ws/install/custom_msg_srv/lib/python3.8/site-packages/custom_msg_srv/__init__.py
[0.492s] -- Up-to-date: /home/isopodin-time/ros2_ws/install/custom_msg_srv/lib/python3.8/site-packages/custom_msg_srv/msg
[0.492s] -- Up-to-date: /home/isopodin-time/ros2_ws/install/custom_msg_srv/lib/python3.8/site-packages/custom_msg_srv/msg/__init__.py
[0.492s] -- Up-to-date: /home/isopodin-time/ros2_ws/install/custom_msg_srv/lib/python3.8/site-packages/custom_msg_srv/msg/_float64_stamped_s.c
[0.492s] -- Up-to-date: /home/isopodin-time/ros2_ws/install/custom_msg_srv/lib/python3.8/site-packages/custom_msg_srv/msg/_float64_stamped.py
[0.492s] -- Up-to-date: /home/isopodin-time/ros2_ws/install/custom_msg_srv/lib/python3.8/site-packages/custom_msg_srv/custom_msg_srv_s__rosidl_typesupport_fastrtps_c.cpython-38-x86_64-linux-gnu.so
[0.493s] -- Up-to-date: /home/isopodin-time/ros2_ws/install/custom_msg_srv/lib/python3.8/site-packages/custom_msg_srv/custom_msg_srv_s__rosidl_typesupport_introspection_c.cpython-38-x86_64-linux-gnu.so
[0.494s] -- Up-to-date: /home/isopodin-time/ros2_ws/install/custom_msg_srv/lib/python3.8/site-packages/custom_msg_srv/custom_msg_srv_s__rosidl_typesupport_c.cpython-38-x86_64-linux-gnu.so
[0.494s] -- Up-to-date: /home/isopodin-time/ros2_ws/install/custom_msg_srv/lib/libcustom_msg_srv__python.so
[0.495s] -- Up-to-date: /home/isopodin-time/ros2_ws/install/custom_msg_srv/share/custom_msg_srv/msg/Float64Stamped.idl
[0.496s] -- Up-to-date: /home/isopodin-time/ros2_ws/install/custom_msg_srv/share/custom_msg_srv/msg/Float64Stamped.msg
[0.496s] -- Up-to-date: /home/isopodin-time/ros2_ws/install/custom_msg_srv/share/ament_index/resource_index/package_run_dependencies/custom_msg_srv
[0.496s] -- Up-to-date: /home/isopodin-time/ros2_ws/install/custom_msg_srv/share/ament_index/resource_index/parent_prefix_path/custom_msg_srv
[0.496s] -- Up-to-date: /home/isopodin-time/ros2_ws/install/custom_msg_srv/share/custom_msg_srv/environment/ament_prefix_path.sh
[0.497s] -- Up-to-date: /home/isopodin-time/ros2_ws/install/custom_msg_srv/share/custom_msg_srv/environment/ament_prefix_path.dsv
[0.497s] -- Up-to-date: /home/isopodin-time/ros2_ws/install/custom_msg_srv/share/custom_msg_srv/environment/path.sh
[0.497s] -- Up-to-date: /home/isopodin-time/ros2_ws/install/custom_msg_srv/share/custom_msg_srv/environment/path.dsv
[0.497s] -- Up-to-date: /home/isopodin-time/ros2_ws/install/custom_msg_srv/share/custom_msg_srv/local_setup.bash
[0.497s] -- Up-to-date: /home/isopodin-time/ros2_ws/install/custom_msg_srv/share/custom_msg_srv/local_setup.sh
[0.498s] -- Up-to-date: /home/isopodin-time/ros2_ws/install/custom_msg_srv/share/custom_msg_srv/local_setup.zsh
[0.498s] -- Up-to-date: /home/isopodin-time/ros2_ws/install/custom_msg_srv/share/custom_msg_srv/local_setup.dsv
[0.498s] -- Installing: /home/isopodin-time/ros2_ws/install/custom_msg_srv/share/custom_msg_srv/package.dsv
[0.498s] -- Up-to-date: /home/isopodin-time/ros2_ws/install/custom_msg_srv/share/ament_index/resource_index/packages/custom_msg_srv
[0.499s] -- Up-to-date: /home/isopodin-time/ros2_ws/install/custom_msg_srv/share/custom_msg_srv/cmake/custom_msg_srv__rosidl_generator_cExport.cmake
[0.499s] -- Up-to-date: /home/isopodin-time/ros2_ws/install/custom_msg_srv/share/custom_msg_srv/cmake/custom_msg_srv__rosidl_generator_cExport-noconfig.cmake
[0.499s] -- Up-to-date: /home/isopodin-time/ros2_ws/install/custom_msg_srv/share/custom_msg_srv/cmake/custom_msg_srv__rosidl_typesupport_introspection_cExport.cmake
[0.499s] -- Up-to-date: /home/isopodin-time/ros2_ws/install/custom_msg_srv/share/custom_msg_srv/cmake/custom_msg_srv__rosidl_typesupport_introspection_cExport-noconfig.cmake
[0.500s] -- Up-to-date: /home/isopodin-time/ros2_ws/install/custom_msg_srv/share/custom_msg_srv/cmake/custom_msg_srv__rosidl_typesupport_cExport.cmake
[0.500s] -- Up-to-date: /home/isopodin-time/ros2_ws/install/custom_msg_srv/share/custom_msg_srv/cmake/custom_msg_srv__rosidl_typesupport_cExport-noconfig.cmake
[0.500s] -- Up-to-date: /home/isopodin-time/ros2_ws/install/custom_msg_srv/share/custom_msg_srv/cmake/custom_msg_srv__rosidl_generator_cppExport.cmake
[0.500s] -- Up-to-date: /home/isopodin-time/ros2_ws/install/custom_msg_srv/share/custom_msg_srv/cmake/custom_msg_srv__rosidl_typesupport_introspection_cppExport.cmake
[0.500s] -- Up-to-date: /home/isopodin-time/ros2_ws/install/custom_msg_srv/share/custom_msg_srv/cmake/custom_msg_srv__rosidl_typesupport_introspection_cppExport-noconfig.cmake
[0.500s] -- Up-to-date: /home/isopodin-time/ros2_ws/install/custom_msg_srv/share/custom_msg_srv/cmake/custom_msg_srv__rosidl_typesupport_cppExport.cmake
[0.500s] -- Up-to-date: /home/isopodin-time/ros2_ws/install/custom_msg_srv/share/custom_msg_srv/cmake/custom_msg_srv__rosidl_typesupport_cppExport-noconfig.cmake
[0.500s] -- Up-to-date: /home/isopodin-time/ros2_ws/install/custom_msg_srv/share/custom_msg_srv/cmake/rosidl_cmake-extras.cmake
[0.501s] -- Up-to-date: /home/isopodin-time/ros2_ws/install/custom_msg_srv/share/custom_msg_srv/cmake/ament_cmake_export_dependencies-extras.cmake
[0.501s] -- Up-to-date: /home/isopodin-time/ros2_ws/install/custom_msg_srv/share/custom_msg_srv/cmake/ament_cmake_export_libraries-extras.cmake
[0.501s] -- Up-to-date: /home/isopodin-time/ros2_ws/install/custom_msg_srv/share/custom_msg_srv/cmake/ament_cmake_export_targets-extras.cmake
[0.501s] -- Up-to-date: /home/isopodin-time/ros2_ws/install/custom_msg_srv/share/custom_msg_srv/cmake/ament_cmake_export_include_directories-extras.cmake
[0.502s] -- Up-to-date: /home/isopodin-time/ros2_ws/install/custom_msg_srv/share/custom_msg_srv/cmake/rosidl_cmake_export_typesupport_libraries-extras.cmake
[0.502s] -- Up-to-date: /home/isopodin-time/ros2_ws/install/custom_msg_srv/share/custom_msg_srv/cmake/rosidl_cmake_export_typesupport_targets-extras.cmake
[0.503s] -- Up-to-date: /home/isopodin-time/ros2_ws/install/custom_msg_srv/share/custom_msg_srv/cmake/custom_msg_srvConfig.cmake
[0.503s] -- Up-to-date: /home/isopodin-time/ros2_ws/install/custom_msg_srv/share/custom_msg_srv/cmake/custom_msg_srvConfig-version.cmake
[0.503s] -- Up-to-date: /home/isopodin-time/ros2_ws/install/custom_msg_srv/share/custom_msg_srv/package.xml
[0.505s] Invoked command in '/home/isopodin-time/ros2_ws/build/custom_msg_srv' returned '0': CMAKE_PREFIX_PATH=${CMAKE_PREFIX_PATH}:/opt/ros/foxy /usr/bin/cmake --install /home/isopodin-time/ros2_ws/build/custom_msg_srv
