[0.275s] Invoking command in '/home/isopodin-time/ros2_ws/build/muuv_ros': CMAKE_PREFIX_PATH=/home/isopodin-time/ros2_ws/install/custom_msg_srv:/home/isopodin-time/ros2_ws/install/pid_component:/home/isopodin-time/ros2_ws/install/plankton:/home/isopodin-time/ros2_ws/install/uuv_simulator:/home/isopodin-time/ros2_ws/install/uuv_world_ros_plugins:/home/isopodin-time/ros2_ws/install/uuv_tutorials:/home/isopodin-time/ros2_ws/install/uuv_tutorial_dp_controller:/home/isopodin-time/ros2_ws/install/uuv_tutorial_disturbances:/home/isopodin-time/ros2_ws/install/uuv_control_utils:/home/isopodin-time/ros2_ws/install/uuv_world_ros_plugins_msgs:/home/isopodin-time/ros2_ws/install/uuv_world_plugins:/home/isopodin-time/ros2_ws/install/uuv_tutorial_seabed_world:/home/isopodin-time/ros2_ws/install/uuv_trajectory_control:/home/isopodin-time/ros2_ws/install/uuv_teleop:/home/isopodin-time/ros2_ws/install/uuv_thruster_manager:/home/isopodin-time/ros2_ws/install/uuv_descriptions:/home/isopodin-time/ros2_ws/install/uuv_sensor_ros_plugins:/home/isopodin-time/ros2_ws/install/uuv_sensor_ros_plugins_msgs:/home/isopodin-time/ros2_ws/install/uuv_gazebo_worlds:/home/isopodin-time/ros2_ws/install/uuv_gazebo_ros_plugins:/home/isopodin-time/ros2_ws/install/uuv_gazebo_ros_plugins_msgs:/home/isopodin-time/ros2_ws/install/uuv_gazebo_plugins:/home/isopodin-time/ros2_ws/install/uuv_gazebo:/home/isopodin-time/ros2_ws/install/uuv_control_msgs:/home/isopodin-time/ros2_ws/install/uuv_control_cascaded_pid:/home/isopodin-time/ros2_ws/install/uuv_auv_control_allocator:/home/isopodin-time/ros2_ws/install/uuv_assistants:/home/isopodin-time/ros2_ws/install/muuv_sim:/home/isopodin-time/ros2_ws/install/test_sim:/home/isopodin-time/ros2_ws/install/plankton_utils:/home/isopodin-time/ros2_ws/install/muuv_sim_description:/home/isopodin-time/ros2_ws/install/muuv_sim_control:/home/isopodin-time/ros2_ws/install/muuv_ros:/opt/ros/foxy LD_LIBRARY_PATH=/home/isopodin-time/ros2_ws/install/custom_msg_srv/lib:/home/isopodin-time/ros2_ws/install/pid_component/lib:/home/isopodin-time/ros2_ws/install/uuv_world_ros_plugins/lib:/home/isopodin-time/ros2_ws/install/uuv_world_ros_plugins_msgs/lib:/home/isopodin-time/ros2_ws/install/uuv_world_plugins/lib:/home/isopodin-time/ros2_ws/install/uuv_thruster_manager/lib:/home/isopodin-time/ros2_ws/install/uuv_sensor_ros_plugins/lib:/home/isopodin-time/ros2_ws/install/uuv_sensor_ros_plugins_msgs/lib:/home/isopodin-time/ros2_ws/install/uuv_gazebo_ros_plugins/lib:/home/isopodin-time/ros2_ws/install/uuv_gazebo_ros_plugins_msgs/lib:/home/isopodin-time/ros2_ws/install/uuv_gazebo_plugins/lib:/home/isopodin-time/ros2_ws/install/uuv_control_msgs/lib:/home/isopodin-time/ros2_ws/install/uuv_auv_control_allocator/lib:/usr/lib/x86_64-linux-gnu/gazebo-11/plugins:/opt/ros/foxy/opt/yaml_cpp_vendor/lib:/opt/ros/foxy/opt/rviz_ogre_vendor/lib:/opt/ros/foxy/lib/x86_64-linux-gnu:/opt/ros/foxy/lib:/usr/lib/x86_64-linux-gnu/gazebo-11/plugins:/usr/lib/x86_64-linux-gnu/gazebo-11/plugins:/usr/lib/x86_64-linux-gnu/gazebo-11/plugins:/usr/lib/x86_64-linux-gnu/gazebo-11/plugins:/usr/lib/x86_64-linux-gnu/gazebo-11/plugins:/usr/lib/x86_64-linux-gnu/gazebo-11/plugins /usr/bin/cmake --build /home/isopodin-time/ros2_ws/build/muuv_ros -- -j8 -l8
[0.365s] [35m[1mScanning dependencies of target pid_recombiner[0m
[0.395s] [ 66%] Built target thrusters
[0.396s] [ 77%] Built target sensors
[0.415s] [ 88%] [32mBuilding CXX object CMakeFiles/pid_recombiner.dir/src/muuv_ros/pid_recombiner.cpp.o[0m
[1.993s] [01m[K/home/isopodin-time/ros2_ws/src/muuv_ros/src/muuv_ros/pid_recombiner.cpp:68:5:[m[K [01;31m[Kerror: [m[K‘[01m[Kcustom_qos_profile[m[K’ does not name a type
[1.993s]    68 |     [01;31m[Kcustom_qos_profile[m[K.depth = 1;
[1.993s]       |     [01;31m[K^~~~~~~~~~~~~~~~~~[m[K
[1.997s] [01m[K/home/isopodin-time/ros2_ws/src/muuv_ros/src/muuv_ros/pid_recombiner.cpp:69:5:[m[K [01;31m[Kerror: [m[K‘[01m[Kcustom_qos_profile[m[K’ does not name a type
[1.997s]    69 |     [01;31m[Kcustom_qos_profile[m[K.reliability = rmw_qos_reliability_policy_t::RMW_QOS_POLICY_RELIABILITY_BEST_EFFORT;
[1.997s]       |     [01;31m[K^~~~~~~~~~~~~~~~~~[m[K
[2.001s] [01m[K/home/isopodin-time/ros2_ws/src/muuv_ros/src/muuv_ros/pid_recombiner.cpp:70:5:[m[K [01;31m[Kerror: [m[K‘[01m[Kcustom_qos_profile[m[K’ does not name a type
[2.001s]    70 |     [01;31m[Kcustom_qos_profile[m[K.history = rmw_qos_history_policy_t::RMW_QOS_POLICY_HISTORY_KEEP_LAST;
[2.001s]       |     [01;31m[K^~~~~~~~~~~~~~~~~~[m[K
[2.004s] [01m[K/home/isopodin-time/ros2_ws/src/muuv_ros/src/muuv_ros/pid_recombiner.cpp:71:5:[m[K [01;31m[Kerror: [m[K‘[01m[Kcustom_qos_profile[m[K’ does not name a type
[2.005s]    71 |     [01;31m[Kcustom_qos_profile[m[K.durability = rmw_qos_durability_policy_t::RMW_QOS_POLICY_DURABILITY_TRANSIENT_LOCAL;
[2.005s]       |     [01;31m[K^~~~~~~~~~~~~~~~~~[m[K
[2.010s] [01m[K/home/isopodin-time/ros2_ws/src/muuv_ros/src/muuv_ros/pid_recombiner.cpp:[m[K In constructor ‘[01m[KPid_recombiner::Pid_recombiner()[m[K’:
[2.011s] [01m[K/home/isopodin-time/ros2_ws/src/muuv_ros/src/muuv_ros/pid_recombiner.cpp:30:101:[m[K [01;31m[Kerror: [m[Kno matching function for call to ‘[01m[KPid_recombiner::create_subscription<StampedFloatMsg>(Pid_recombiner*, const char [14], rmw_qos_profile_t&)[m[K’
[2.011s]    30 |         sub_x = this->create_subscription<StampedFloatMsg>(this, "ctrl_effort_x", custom_qos_profile[01;31m[K)[m[K;
[2.011s]       |                                                                                                     [01;31m[K^[m[K
[2.012s] In file included from [01m[K/opt/ros/foxy/include/rclcpp/executors/single_threaded_executor.hpp:28[m[K,
[2.012s]                  from [01m[K/opt/ros/foxy/include/rclcpp/executors.hpp:22[m[K,
[2.012s]                  from [01m[K/opt/ros/foxy/include/rclcpp/rclcpp.hpp:146[m[K,
[2.012s]                  from [01m[K/home/isopodin-time/ros2_ws/src/muuv_ros/src/muuv_ros/pid_recombiner.cpp:8[m[K:
[2.012s] [01m[K/opt/ros/foxy/include/rclcpp/node.hpp:213:3:[m[K [01;36m[Knote: [m[Kcandidate: ‘[01m[Ktemplate<class MessageT, class CallbackT, class AllocatorT, class CallbackMessageT, class SubscriptionT, class MessageMemoryStrategyT> std::shared_ptr<SubscriptionT> rclcpp::Node::create_subscription(const string&, const rclcpp::QoS&, CallbackT&&, const rclcpp::SubscriptionOptionsWithAllocator<AllocatorT>&, typename MessageMemoryStrategyT::SharedPtr)[m[K’
[2.012s]   213 |   [01;36m[Kcreate_subscription[m[K(
[2.013s]       |   [01;36m[K^~~~~~~~~~~~~~~~~~~[m[K
[2.013s] [01m[K/opt/ros/foxy/include/rclcpp/node.hpp:213:3:[m[K [01;36m[Knote: [m[K  template argument deduction/substitution failed:
[2.013s] [01m[K/opt/ros/foxy/include/rclcpp/node.hpp:204:5:[m[K [01;31m[Kerror: [m[Kno type named ‘[01m[Ktype[m[K’ in ‘[01m[Kstruct std::enable_if<false, void>[m[K’
[2.013s]   204 |     [01;31m[Ktypename[m[K CallbackMessageT =
[2.013s]       |     [01;31m[K^~~~~~~~[m[K
[2.013s] [01m[K/home/isopodin-time/ros2_ws/src/muuv_ros/src/muuv_ros/pid_recombiner.cpp:31:101:[m[K [01;31m[Kerror: [m[Kno matching function for call to ‘[01m[KPid_recombiner::create_subscription<StampedFloatMsg>(Pid_recombiner*, const char [14], rmw_qos_profile_t&)[m[K’
[2.013s]    31 |         sub_y = this->create_subscription<StampedFloatMsg>(this, "ctrl_effort_y", custom_qos_profile[01;31m[K)[m[K;
[2.014s]       |                                                                                                     [01;31m[K^[m[K
[2.014s] In file included from [01m[K/opt/ros/foxy/include/rclcpp/executors/single_threaded_executor.hpp:28[m[K,
[2.014s]                  from [01m[K/opt/ros/foxy/include/rclcpp/executors.hpp:22[m[K,
[2.014s]                  from [01m[K/opt/ros/foxy/include/rclcpp/rclcpp.hpp:146[m[K,
[2.014s]                  from [01m[K/home/isopodin-time/ros2_ws/src/muuv_ros/src/muuv_ros/pid_recombiner.cpp:8[m[K:
[2.014s] [01m[K/opt/ros/foxy/include/rclcpp/node.hpp:213:3:[m[K [01;36m[Knote: [m[Kcandidate: ‘[01m[Ktemplate<class MessageT, class CallbackT, class AllocatorT, class CallbackMessageT, class SubscriptionT, class MessageMemoryStrategyT> std::shared_ptr<SubscriptionT> rclcpp::Node::create_subscription(const string&, const rclcpp::QoS&, CallbackT&&, const rclcpp::SubscriptionOptionsWithAllocator<AllocatorT>&, typename MessageMemoryStrategyT::SharedPtr)[m[K’
[2.015s]   213 |   [01;36m[Kcreate_subscription[m[K(
[2.015s]       |   [01;36m[K^~~~~~~~~~~~~~~~~~~[m[K
[2.015s] [01m[K/opt/ros/foxy/include/rclcpp/node.hpp:213:3:[m[K [01;36m[Knote: [m[K  template argument deduction/substitution failed:
[2.015s] [01m[K/opt/ros/foxy/include/rclcpp/node.hpp:204:5:[m[K [01;31m[Kerror: [m[Kno type named ‘[01m[Ktype[m[K’ in ‘[01m[Kstruct std::enable_if<false, void>[m[K’
[2.015s]   204 |     [01;31m[Ktypename[m[K CallbackMessageT =
[2.015s]       |     [01;31m[K^~~~~~~~[m[K
[2.016s] [01m[K/home/isopodin-time/ros2_ws/src/muuv_ros/src/muuv_ros/pid_recombiner.cpp:32:101:[m[K [01;31m[Kerror: [m[Kno matching function for call to ‘[01m[KPid_recombiner::create_subscription<StampedFloatMsg>(Pid_recombiner*, const char [14], rmw_qos_profile_t&)[m[K’
[2.016s]    32 |         sub_z = this->create_subscription<StampedFloatMsg>(this, "ctrl_effort_z", custom_qos_profile[01;31m[K)[m[K;
[2.016s]       |                                                                                                     [01;31m[K^[m[K
[2.016s] In file included from [01m[K/opt/ros/foxy/include/rclcpp/executors/single_threaded_executor.hpp:28[m[K,
[2.016s]                  from [01m[K/opt/ros/foxy/include/rclcpp/executors.hpp:22[m[K,
[2.016s]                  from [01m[K/opt/ros/foxy/include/rclcpp/rclcpp.hpp:146[m[K,
[2.016s]                  from [01m[K/home/isopodin-time/ros2_ws/src/muuv_ros/src/muuv_ros/pid_recombiner.cpp:8[m[K:
[2.016s] [01m[K/opt/ros/foxy/include/rclcpp/node.hpp:213:3:[m[K [01;36m[Knote: [m[Kcandidate: ‘[01m[Ktemplate<class MessageT, class CallbackT, class AllocatorT, class CallbackMessageT, class SubscriptionT, class MessageMemoryStrategyT> std::shared_ptr<SubscriptionT> rclcpp::Node::create_subscription(const string&, const rclcpp::QoS&, CallbackT&&, const rclcpp::SubscriptionOptionsWithAllocator<AllocatorT>&, typename MessageMemoryStrategyT::SharedPtr)[m[K’
[2.017s]   213 |   [01;36m[Kcreate_subscription[m[K(
[2.017s]       |   [01;36m[K^~~~~~~~~~~~~~~~~~~[m[K
[2.017s] [01m[K/opt/ros/foxy/include/rclcpp/node.hpp:213:3:[m[K [01;36m[Knote: [m[K  template argument deduction/substitution failed:
[2.017s] [01m[K/opt/ros/foxy/include/rclcpp/node.hpp:204:5:[m[K [01;31m[Kerror: [m[Kno type named ‘[01m[Ktype[m[K’ in ‘[01m[Kstruct std::enable_if<false, void>[m[K’
[2.017s]   204 |     [01;31m[Ktypename[m[K CallbackMessageT =
[2.017s]       |     [01;31m[K^~~~~~~~[m[K
[2.017s] [01m[K/home/isopodin-time/ros2_ws/src/muuv_ros/src/muuv_ros/pid_recombiner.cpp:33:103:[m[K [01;31m[Kerror: [m[Kno matching function for call to ‘[01m[KPid_recombiner::create_subscription<StampedFloatMsg>(Pid_recombiner*, const char [15], rmw_qos_profile_t&)[m[K’
[2.017s]    33 |         sub_rx = this->create_subscription<StampedFloatMsg>(this, "ctrl_effort_rx", custom_qos_profile[01;31m[K)[m[K;
[2.018s]       |                                                                                                       [01;31m[K^[m[K
[2.018s] In file included from [01m[K/opt/ros/foxy/include/rclcpp/executors/single_threaded_executor.hpp:28[m[K,
[2.018s]                  from [01m[K/opt/ros/foxy/include/rclcpp/executors.hpp:22[m[K,
[2.018s]                  from [01m[K/opt/ros/foxy/include/rclcpp/rclcpp.hpp:146[m[K,
[2.018s]                  from [01m[K/home/isopodin-time/ros2_ws/src/muuv_ros/src/muuv_ros/pid_recombiner.cpp:8[m[K:
[2.019s] [01m[K/opt/ros/foxy/include/rclcpp/node.hpp:213:3:[m[K [01;36m[Knote: [m[Kcandidate: ‘[01m[Ktemplate<class MessageT, class CallbackT, class AllocatorT, class CallbackMessageT, class SubscriptionT, class MessageMemoryStrategyT> std::shared_ptr<SubscriptionT> rclcpp::Node::create_subscription(const string&, const rclcpp::QoS&, CallbackT&&, const rclcpp::SubscriptionOptionsWithAllocator<AllocatorT>&, typename MessageMemoryStrategyT::SharedPtr)[m[K’
[2.019s]   213 |   [01;36m[Kcreate_subscription[m[K(
[2.019s]       |   [01;36m[K^~~~~~~~~~~~~~~~~~~[m[K
[2.019s] [01m[K/opt/ros/foxy/include/rclcpp/node.hpp:213:3:[m[K [01;36m[Knote: [m[K  template argument deduction/substitution failed:
[2.020s] [01m[K/opt/ros/foxy/include/rclcpp/node.hpp:204:5:[m[K [01;31m[Kerror: [m[Kno type named ‘[01m[Ktype[m[K’ in ‘[01m[Kstruct std::enable_if<false, void>[m[K’
[2.020s]   204 |     [01;31m[Ktypename[m[K CallbackMessageT =
[2.020s]       |     [01;31m[K^~~~~~~~[m[K
[2.020s] [01m[K/home/isopodin-time/ros2_ws/src/muuv_ros/src/muuv_ros/pid_recombiner.cpp:34:103:[m[K [01;31m[Kerror: [m[Kno matching function for call to ‘[01m[KPid_recombiner::create_subscription<StampedFloatMsg>(Pid_recombiner*, const char [15], rmw_qos_profile_t&)[m[K’
[2.020s]    34 |         sub_ry = this->create_subscription<StampedFloatMsg>(this, "ctrl_effort_ry", custom_qos_profile[01;31m[K)[m[K;
[2.020s]       |                                                                                                       [01;31m[K^[m[K
[2.021s] In file included from [01m[K/opt/ros/foxy/include/rclcpp/executors/single_threaded_executor.hpp:28[m[K,
[2.021s]                  from [01m[K/opt/ros/foxy/include/rclcpp/executors.hpp:22[m[K,
[2.021s]                  from [01m[K/opt/ros/foxy/include/rclcpp/rclcpp.hpp:146[m[K,
[2.021s]                  from [01m[K/home/isopodin-time/ros2_ws/src/muuv_ros/src/muuv_ros/pid_recombiner.cpp:8[m[K:
[2.021s] [01m[K/opt/ros/foxy/include/rclcpp/node.hpp:213:3:[m[K [01;36m[Knote: [m[Kcandidate: ‘[01m[Ktemplate<class MessageT, class CallbackT, class AllocatorT, class CallbackMessageT, class SubscriptionT, class MessageMemoryStrategyT> std::shared_ptr<SubscriptionT> rclcpp::Node::create_subscription(const string&, const rclcpp::QoS&, CallbackT&&, const rclcpp::SubscriptionOptionsWithAllocator<AllocatorT>&, typename MessageMemoryStrategyT::SharedPtr)[m[K’
[2.021s]   213 |   [01;36m[Kcreate_subscription[m[K(
[2.022s]       |   [01;36m[K^~~~~~~~~~~~~~~~~~~[m[K
[2.022s] [01m[K/opt/ros/foxy/include/rclcpp/node.hpp:213:3:[m[K [01;36m[Knote: [m[K  template argument deduction/substitution failed:
[2.022s] [01m[K/opt/ros/foxy/include/rclcpp/node.hpp:204:5:[m[K [01;31m[Kerror: [m[Kno type named ‘[01m[Ktype[m[K’ in ‘[01m[Kstruct std::enable_if<false, void>[m[K’
[2.022s]   204 |     [01;31m[Ktypename[m[K CallbackMessageT =
[2.022s]       |     [01;31m[K^~~~~~~~[m[K
[2.022s] [01m[K/home/isopodin-time/ros2_ws/src/muuv_ros/src/muuv_ros/pid_recombiner.cpp:35:103:[m[K [01;31m[Kerror: [m[Kno matching function for call to ‘[01m[KPid_recombiner::create_subscription<StampedFloatMsg>(Pid_recombiner*, const char [15], rmw_qos_profile_t&)[m[K’
[2.022s]    35 |         sub_rz = this->create_subscription<StampedFloatMsg>(this, "ctrl_effort_rz", custom_qos_profile[01;31m[K)[m[K;
[2.022s]       |                                                                                                       [01;31m[K^[m[K
[2.022s] In file included from [01m[K/opt/ros/foxy/include/rclcpp/executors/single_threaded_executor.hpp:28[m[K,
[2.022s]                  from [01m[K/opt/ros/foxy/include/rclcpp/executors.hpp:22[m[K,
[2.023s]                  from [01m[K/opt/ros/foxy/include/rclcpp/rclcpp.hpp:146[m[K,
[2.023s]                  from [01m[K/home/isopodin-time/ros2_ws/src/muuv_ros/src/muuv_ros/pid_recombiner.cpp:8[m[K:
[2.023s] [01m[K/opt/ros/foxy/include/rclcpp/node.hpp:213:3:[m[K [01;36m[Knote: [m[Kcandidate: ‘[01m[Ktemplate<class MessageT, class CallbackT, class AllocatorT, class CallbackMessageT, class SubscriptionT, class MessageMemoryStrategyT> std::shared_ptr<SubscriptionT> rclcpp::Node::create_subscription(const string&, const rclcpp::QoS&, CallbackT&&, const rclcpp::SubscriptionOptionsWithAllocator<AllocatorT>&, typename MessageMemoryStrategyT::SharedPtr)[m[K’
[2.023s]   213 |   [01;36m[Kcreate_subscription[m[K(
[2.023s]       |   [01;36m[K^~~~~~~~~~~~~~~~~~~[m[K
[2.024s] [01m[K/opt/ros/foxy/include/rclcpp/node.hpp:213:3:[m[K [01;36m[Knote: [m[K  template argument deduction/substitution failed:
[2.024s] [01m[K/opt/ros/foxy/include/rclcpp/node.hpp:204:5:[m[K [01;31m[Kerror: [m[Kno type named ‘[01m[Ktype[m[K’ in ‘[01m[Kstruct std::enable_if<false, void>[m[K’
[2.024s]   204 |     [01;31m[Ktypename[m[K CallbackMessageT =
[2.024s]       |     [01;31m[K^~~~~~~~[m[K
[2.092s] [01m[K/home/isopodin-time/ros2_ws/src/muuv_ros/src/muuv_ros/pid_recombiner.cpp:40:42:[m[K [01;31m[Kerror: [m[Kinvalid use of non-static member function ‘[01m[Kvoid Pid_recombiner::ctrl_effort_callback(custom_msg_srv::msg::Float64Stamped_<std::allocator<void> >::SharedPtr, custom_msg_srv::msg::Float64Stamped_<std::allocator<void> >::SharedPtr, custom_msg_srv::msg::Float64Stamped_<std::allocator<void> >::SharedPtr, custom_msg_srv::msg::Float64Stamped_<std::allocator<void> >::SharedPtr, custom_msg_srv::msg::Float64Stamped_<std::allocator<void> >::SharedPtr, custom_msg_srv::msg::Float64Stamped_<std::allocator<void> >::SharedPtr)[m[K’
[2.092s]    40 |         syncApproximate.registerCallback([01;31m[Kctrl_effort_callback[m[K);
[2.092s]       |                                          [01;31m[K^~~~~~~~~~~~~~~~~~~~[m[K
[2.093s] [01m[K/home/isopodin-time/ros2_ws/src/muuv_ros/src/muuv_ros/pid_recombiner.cpp:44:10:[m[K [01;36m[Knote: [m[Kdeclared here
[2.093s]    44 |     void [01;36m[Kctrl_effort_callback[m[K(const StampedFloatMsg::SharedPtr msg_x, const StampedFloatMsg::SharedPtr msg_rx,
[2.093s]       |          [01;36m[K^~~~~~~~~~~~~~~~~~~~[m[K
[3.877s] make[2]: *** [CMakeFiles/pid_recombiner.dir/build.make:63: CMakeFiles/pid_recombiner.dir/src/muuv_ros/pid_recombiner.cpp.o] Error 1
[3.877s] make[1]: *** [CMakeFiles/Makefile2:109: CMakeFiles/pid_recombiner.dir/all] Error 2
[3.878s] make: *** [Makefile:141: all] Error 2
[3.881s] Invoked command in '/home/isopodin-time/ros2_ws/build/muuv_ros' returned '2': CMAKE_PREFIX_PATH=/home/isopodin-time/ros2_ws/install/custom_msg_srv:/home/isopodin-time/ros2_ws/install/pid_component:/home/isopodin-time/ros2_ws/install/plankton:/home/isopodin-time/ros2_ws/install/uuv_simulator:/home/isopodin-time/ros2_ws/install/uuv_world_ros_plugins:/home/isopodin-time/ros2_ws/install/uuv_tutorials:/home/isopodin-time/ros2_ws/install/uuv_tutorial_dp_controller:/home/isopodin-time/ros2_ws/install/uuv_tutorial_disturbances:/home/isopodin-time/ros2_ws/install/uuv_control_utils:/home/isopodin-time/ros2_ws/install/uuv_world_ros_plugins_msgs:/home/isopodin-time/ros2_ws/install/uuv_world_plugins:/home/isopodin-time/ros2_ws/install/uuv_tutorial_seabed_world:/home/isopodin-time/ros2_ws/install/uuv_trajectory_control:/home/isopodin-time/ros2_ws/install/uuv_teleop:/home/isopodin-time/ros2_ws/install/uuv_thruster_manager:/home/isopodin-time/ros2_ws/install/uuv_descriptions:/home/isopodin-time/ros2_ws/install/uuv_sensor_ros_plugins:/home/isopodin-time/ros2_ws/install/uuv_sensor_ros_plugins_msgs:/home/isopodin-time/ros2_ws/install/uuv_gazebo_worlds:/home/isopodin-time/ros2_ws/install/uuv_gazebo_ros_plugins:/home/isopodin-time/ros2_ws/install/uuv_gazebo_ros_plugins_msgs:/home/isopodin-time/ros2_ws/install/uuv_gazebo_plugins:/home/isopodin-time/ros2_ws/install/uuv_gazebo:/home/isopodin-time/ros2_ws/install/uuv_control_msgs:/home/isopodin-time/ros2_ws/install/uuv_control_cascaded_pid:/home/isopodin-time/ros2_ws/install/uuv_auv_control_allocator:/home/isopodin-time/ros2_ws/install/uuv_assistants:/home/isopodin-time/ros2_ws/install/muuv_sim:/home/isopodin-time/ros2_ws/install/test_sim:/home/isopodin-time/ros2_ws/install/plankton_utils:/home/isopodin-time/ros2_ws/install/muuv_sim_description:/home/isopodin-time/ros2_ws/install/muuv_sim_control:/home/isopodin-time/ros2_ws/install/muuv_ros:/opt/ros/foxy LD_LIBRARY_PATH=/home/isopodin-time/ros2_ws/install/custom_msg_srv/lib:/home/isopodin-time/ros2_ws/install/pid_component/lib:/home/isopodin-time/ros2_ws/install/uuv_world_ros_plugins/lib:/home/isopodin-time/ros2_ws/install/uuv_world_ros_plugins_msgs/lib:/home/isopodin-time/ros2_ws/install/uuv_world_plugins/lib:/home/isopodin-time/ros2_ws/install/uuv_thruster_manager/lib:/home/isopodin-time/ros2_ws/install/uuv_sensor_ros_plugins/lib:/home/isopodin-time/ros2_ws/install/uuv_sensor_ros_plugins_msgs/lib:/home/isopodin-time/ros2_ws/install/uuv_gazebo_ros_plugins/lib:/home/isopodin-time/ros2_ws/install/uuv_gazebo_ros_plugins_msgs/lib:/home/isopodin-time/ros2_ws/install/uuv_gazebo_plugins/lib:/home/isopodin-time/ros2_ws/install/uuv_control_msgs/lib:/home/isopodin-time/ros2_ws/install/uuv_auv_control_allocator/lib:/usr/lib/x86_64-linux-gnu/gazebo-11/plugins:/opt/ros/foxy/opt/yaml_cpp_vendor/lib:/opt/ros/foxy/opt/rviz_ogre_vendor/lib:/opt/ros/foxy/lib/x86_64-linux-gnu:/opt/ros/foxy/lib:/usr/lib/x86_64-linux-gnu/gazebo-11/plugins:/usr/lib/x86_64-linux-gnu/gazebo-11/plugins:/usr/lib/x86_64-linux-gnu/gazebo-11/plugins:/usr/lib/x86_64-linux-gnu/gazebo-11/plugins:/usr/lib/x86_64-linux-gnu/gazebo-11/plugins:/usr/lib/x86_64-linux-gnu/gazebo-11/plugins /usr/bin/cmake --build /home/isopodin-time/ros2_ws/build/muuv_ros -- -j8 -l8
