[0.504s] DEBUG:colcon:Command line arguments: ['/usr/bin/colcon', 'build', '--symlink-install', '--packages-select', 'pid_component']
[0.504s] DEBUG:colcon:Parsed command line arguments: Namespace(allow_overriding=[], ament_cmake_args=None, base_paths=['.'], build_base='build', catkin_cmake_args=None, catkin_skip_building_tests=False, cmake_args=None, cmake_clean_cache=False, cmake_clean_first=False, cmake_force_configure=False, cmake_target=None, cmake_target_skip_unavailable=False, continue_on_error=False, event_handlers=None, executor='parallel', ignore_user_meta=False, install_base='install', log_base=None, log_level=None, main=<bound method BuildVerb.main of <colcon_core.verb.build.BuildVerb object at 0x7fbbd7652eb0>>, merge_install=False, metas=['./colcon.meta'], packages_above=None, packages_above_and_dependencies=None, packages_above_depth=None, packages_end=None, packages_ignore=None, packages_ignore_regex=None, packages_select=['pid_component'], packages_select_build_failed=False, packages_select_by_dep=None, packages_select_regex=None, packages_select_test_failures=False, packages_skip=None, packages_skip_build_finished=False, packages_skip_by_dep=None, packages_skip_regex=None, packages_skip_test_passed=False, packages_skip_up_to=None, packages_start=None, packages_up_to=None, packages_up_to_regex=None, parallel_workers=8, paths=None, symlink_install=True, test_result_base=None, verb_extension=<colcon_core.verb.build.BuildVerb object at 0x7fbbd7652eb0>, verb_name='build', verb_parser=<colcon_defaults.argument_parser.defaults.DefaultArgumentsDecorator object at 0x7fbbd765e460>)
[0.543s] Level 1:colcon.colcon_core.package_discovery:discover_packages(colcon_meta) check parameters
[0.543s] Level 1:colcon.colcon_core.package_discovery:discover_packages(recursive) check parameters
[0.543s] Level 1:colcon.colcon_core.package_discovery:discover_packages(ignore) check parameters
[0.543s] Level 1:colcon.colcon_core.package_discovery:discover_packages(path) check parameters
[0.543s] Level 1:colcon.colcon_core.package_discovery:discover_packages(colcon_meta) discover
[0.543s] Level 1:colcon.colcon_core.package_discovery:discover_packages(recursive) discover
[0.543s] INFO:colcon.colcon_core.package_discovery:Crawling recursively for packages in '/home/isopodin-time/ros2_ws'
[0.543s] Level 1:colcon.colcon_core.package_identification:_identify(.) by extensions ['ignore', 'ignore_ament_install']
[0.544s] Level 1:colcon.colcon_core.package_identification:_identify(.) by extension 'ignore'
[0.544s] Level 1:colcon.colcon_core.package_identification:_identify(.) by extension 'ignore_ament_install'
[0.544s] Level 1:colcon.colcon_core.package_identification:_identify(.) by extensions ['colcon_pkg']
[0.544s] Level 1:colcon.colcon_core.package_identification:_identify(.) by extension 'colcon_pkg'
[0.544s] Level 1:colcon.colcon_core.package_identification:_identify(.) by extensions ['colcon_meta']
[0.544s] Level 1:colcon.colcon_core.package_identification:_identify(.) by extension 'colcon_meta'
[0.544s] Level 1:colcon.colcon_core.package_identification:_identify(.) by extensions ['ros']
[0.544s] Level 1:colcon.colcon_core.package_identification:_identify(.) by extension 'ros'
[0.556s] Level 1:colcon.colcon_core.package_identification:_identify(.) by extensions ['cmake', 'python']
[0.556s] Level 1:colcon.colcon_core.package_identification:_identify(.) by extension 'cmake'
[0.556s] Level 1:colcon.colcon_core.package_identification:_identify(.) by extension 'python'
[0.556s] Level 1:colcon.colcon_core.package_identification:_identify(.) by extensions ['python_setup_py']
[0.556s] Level 1:colcon.colcon_core.package_identification:_identify(.) by extension 'python_setup_py'
[0.557s] Level 1:colcon.colcon_core.package_identification:_identify(build) by extensions ['ignore', 'ignore_ament_install']
[0.557s] Level 1:colcon.colcon_core.package_identification:_identify(build) by extension 'ignore'
[0.557s] Level 1:colcon.colcon_core.package_identification:_identify(build) ignored
[0.557s] Level 1:colcon.colcon_core.package_identification:_identify(install) by extensions ['ignore', 'ignore_ament_install']
[0.557s] Level 1:colcon.colcon_core.package_identification:_identify(install) by extension 'ignore'
[0.557s] Level 1:colcon.colcon_core.package_identification:_identify(install) ignored
[0.557s] Level 1:colcon.colcon_core.package_identification:_identify(log) by extensions ['ignore', 'ignore_ament_install']
[0.557s] Level 1:colcon.colcon_core.package_identification:_identify(log) by extension 'ignore'
[0.557s] Level 1:colcon.colcon_core.package_identification:_identify(log) ignored
[0.557s] Level 1:colcon.colcon_core.package_identification:_identify(src) by extensions ['ignore', 'ignore_ament_install']
[0.558s] Level 1:colcon.colcon_core.package_identification:_identify(src) by extension 'ignore'
[0.558s] Level 1:colcon.colcon_core.package_identification:_identify(src) by extension 'ignore_ament_install'
[0.558s] Level 1:colcon.colcon_core.package_identification:_identify(src) by extensions ['colcon_pkg']
[0.558s] Level 1:colcon.colcon_core.package_identification:_identify(src) by extension 'colcon_pkg'
[0.558s] Level 1:colcon.colcon_core.package_identification:_identify(src) by extensions ['colcon_meta']
[0.558s] Level 1:colcon.colcon_core.package_identification:_identify(src) by extension 'colcon_meta'
[0.558s] Level 1:colcon.colcon_core.package_identification:_identify(src) by extensions ['ros']
[0.558s] Level 1:colcon.colcon_core.package_identification:_identify(src) by extension 'ros'
[0.558s] Level 1:colcon.colcon_core.package_identification:_identify(src) by extensions ['cmake', 'python']
[0.558s] Level 1:colcon.colcon_core.package_identification:_identify(src) by extension 'cmake'
[0.558s] Level 1:colcon.colcon_core.package_identification:_identify(src) by extension 'python'
[0.558s] Level 1:colcon.colcon_core.package_identification:_identify(src) by extensions ['python_setup_py']
[0.558s] Level 1:colcon.colcon_core.package_identification:_identify(src) by extension 'python_setup_py'
[0.558s] Level 1:colcon.colcon_core.package_identification:_identify(src/Muuv_sim) by extensions ['ignore', 'ignore_ament_install']
[0.559s] Level 1:colcon.colcon_core.package_identification:_identify(src/Muuv_sim) by extension 'ignore'
[0.559s] Level 1:colcon.colcon_core.package_identification:_identify(src/Muuv_sim) by extension 'ignore_ament_install'
[0.559s] Level 1:colcon.colcon_core.package_identification:_identify(src/Muuv_sim) by extensions ['colcon_pkg']
[0.559s] Level 1:colcon.colcon_core.package_identification:_identify(src/Muuv_sim) by extension 'colcon_pkg'
[0.559s] Level 1:colcon.colcon_core.package_identification:_identify(src/Muuv_sim) by extensions ['colcon_meta']
[0.559s] Level 1:colcon.colcon_core.package_identification:_identify(src/Muuv_sim) by extension 'colcon_meta'
[0.559s] Level 1:colcon.colcon_core.package_identification:_identify(src/Muuv_sim) by extensions ['ros']
[0.559s] Level 1:colcon.colcon_core.package_identification:_identify(src/Muuv_sim) by extension 'ros'
[0.559s] Level 1:colcon.colcon_core.package_identification:_identify(src/Muuv_sim) by extensions ['cmake', 'python']
[0.559s] Level 1:colcon.colcon_core.package_identification:_identify(src/Muuv_sim) by extension 'cmake'
[0.559s] Level 1:colcon.colcon_core.package_identification:_identify(src/Muuv_sim) by extension 'python'
[0.559s] Level 1:colcon.colcon_core.package_identification:_identify(src/Muuv_sim) by extensions ['python_setup_py']
[0.559s] Level 1:colcon.colcon_core.package_identification:_identify(src/Muuv_sim) by extension 'python_setup_py'
[0.559s] Level 1:colcon.colcon_core.package_identification:_identify(src/Muuv_sim/muuv_sim) by extensions ['ignore', 'ignore_ament_install']
[0.560s] Level 1:colcon.colcon_core.package_identification:_identify(src/Muuv_sim/muuv_sim) by extension 'ignore'
[0.560s] Level 1:colcon.colcon_core.package_identification:_identify(src/Muuv_sim/muuv_sim) by extension 'ignore_ament_install'
[0.560s] Level 1:colcon.colcon_core.package_identification:_identify(src/Muuv_sim/muuv_sim) by extensions ['colcon_pkg']
[0.560s] Level 1:colcon.colcon_core.package_identification:_identify(src/Muuv_sim/muuv_sim) by extension 'colcon_pkg'
[0.560s] Level 1:colcon.colcon_core.package_identification:_identify(src/Muuv_sim/muuv_sim) by extensions ['colcon_meta']
[0.560s] Level 1:colcon.colcon_core.package_identification:_identify(src/Muuv_sim/muuv_sim) by extension 'colcon_meta'
[0.560s] Level 1:colcon.colcon_core.package_identification:_identify(src/Muuv_sim/muuv_sim) by extensions ['ros']
[0.560s] Level 1:colcon.colcon_core.package_identification:_identify(src/Muuv_sim/muuv_sim) by extension 'ros'
[0.562s] DEBUG:colcon.colcon_core.package_identification:Package 'src/Muuv_sim/muuv_sim' with type 'ros.ament_cmake' and name 'muuv_sim'
[0.563s] Level 1:colcon.colcon_core.package_identification:_identify(src/Muuv_sim/muuv_sim_control) by extensions ['ignore', 'ignore_ament_install']
[0.563s] Level 1:colcon.colcon_core.package_identification:_identify(src/Muuv_sim/muuv_sim_control) by extension 'ignore'
[0.563s] Level 1:colcon.colcon_core.package_identification:_identify(src/Muuv_sim/muuv_sim_control) by extension 'ignore_ament_install'
[0.563s] Level 1:colcon.colcon_core.package_identification:_identify(src/Muuv_sim/muuv_sim_control) by extensions ['colcon_pkg']
[0.563s] Level 1:colcon.colcon_core.package_identification:_identify(src/Muuv_sim/muuv_sim_control) by extension 'colcon_pkg'
[0.563s] Level 1:colcon.colcon_core.package_identification:_identify(src/Muuv_sim/muuv_sim_control) by extensions ['colcon_meta']
[0.563s] Level 1:colcon.colcon_core.package_identification:_identify(src/Muuv_sim/muuv_sim_control) by extension 'colcon_meta'
[0.563s] Level 1:colcon.colcon_core.package_identification:_identify(src/Muuv_sim/muuv_sim_control) by extensions ['ros']
[0.563s] Level 1:colcon.colcon_core.package_identification:_identify(src/Muuv_sim/muuv_sim_control) by extension 'ros'
[0.564s] DEBUG:colcon.colcon_core.package_identification:Package 'src/Muuv_sim/muuv_sim_control' with type 'ros.ament_cmake' and name 'muuv_sim_control'
[0.564s] Level 1:colcon.colcon_core.package_identification:_identify(src/Muuv_sim/muuv_sim_description) by extensions ['ignore', 'ignore_ament_install']
[0.564s] Level 1:colcon.colcon_core.package_identification:_identify(src/Muuv_sim/muuv_sim_description) by extension 'ignore'
[0.564s] Level 1:colcon.colcon_core.package_identification:_identify(src/Muuv_sim/muuv_sim_description) by extension 'ignore_ament_install'
[0.564s] Level 1:colcon.colcon_core.package_identification:_identify(src/Muuv_sim/muuv_sim_description) by extensions ['colcon_pkg']
[0.564s] Level 1:colcon.colcon_core.package_identification:_identify(src/Muuv_sim/muuv_sim_description) by extension 'colcon_pkg'
[0.564s] Level 1:colcon.colcon_core.package_identification:_identify(src/Muuv_sim/muuv_sim_description) by extensions ['colcon_meta']
[0.564s] Level 1:colcon.colcon_core.package_identification:_identify(src/Muuv_sim/muuv_sim_description) by extension 'colcon_meta'
[0.564s] Level 1:colcon.colcon_core.package_identification:_identify(src/Muuv_sim/muuv_sim_description) by extensions ['ros']
[0.564s] Level 1:colcon.colcon_core.package_identification:_identify(src/Muuv_sim/muuv_sim_description) by extension 'ros'
[0.565s] DEBUG:colcon.colcon_core.package_identification:Package 'src/Muuv_sim/muuv_sim_description' with type 'ros.ament_cmake' and name 'muuv_sim_description'
[0.565s] Level 1:colcon.colcon_core.package_identification:_identify(src/Muuv_sim/test_sim) by extensions ['ignore', 'ignore_ament_install']
[0.565s] Level 1:colcon.colcon_core.package_identification:_identify(src/Muuv_sim/test_sim) by extension 'ignore'
[0.565s] Level 1:colcon.colcon_core.package_identification:_identify(src/Muuv_sim/test_sim) by extension 'ignore_ament_install'
[0.565s] Level 1:colcon.colcon_core.package_identification:_identify(src/Muuv_sim/test_sim) by extensions ['colcon_pkg']
[0.565s] Level 1:colcon.colcon_core.package_identification:_identify(src/Muuv_sim/test_sim) by extension 'colcon_pkg'
[0.565s] Level 1:colcon.colcon_core.package_identification:_identify(src/Muuv_sim/test_sim) by extensions ['colcon_meta']
[0.565s] Level 1:colcon.colcon_core.package_identification:_identify(src/Muuv_sim/test_sim) by extension 'colcon_meta'
[0.566s] Level 1:colcon.colcon_core.package_identification:_identify(src/Muuv_sim/test_sim) by extensions ['ros']
[0.566s] Level 1:colcon.colcon_core.package_identification:_identify(src/Muuv_sim/test_sim) by extension 'ros'
[0.566s] DEBUG:colcon.colcon_core.package_identification:Package 'src/Muuv_sim/test_sim' with type 'ros.ament_cmake' and name 'test_sim'
[0.567s] Level 1:colcon.colcon_core.package_identification:_identify(src/Plankton) by extensions ['ignore', 'ignore_ament_install']
[0.567s] Level 1:colcon.colcon_core.package_identification:_identify(src/Plankton) by extension 'ignore'
[0.567s] Level 1:colcon.colcon_core.package_identification:_identify(src/Plankton) by extension 'ignore_ament_install'
[0.567s] Level 1:colcon.colcon_core.package_identification:_identify(src/Plankton) by extensions ['colcon_pkg']
[0.567s] Level 1:colcon.colcon_core.package_identification:_identify(src/Plankton) by extension 'colcon_pkg'
[0.567s] Level 1:colcon.colcon_core.package_identification:_identify(src/Plankton) by extensions ['colcon_meta']
[0.567s] Level 1:colcon.colcon_core.package_identification:_identify(src/Plankton) by extension 'colcon_meta'
[0.567s] Level 1:colcon.colcon_core.package_identification:_identify(src/Plankton) by extensions ['ros']
[0.567s] Level 1:colcon.colcon_core.package_identification:_identify(src/Plankton) by extension 'ros'
[0.567s] Level 1:colcon.colcon_core.package_identification:_identify(src/Plankton) by extensions ['cmake', 'python']
[0.567s] Level 1:colcon.colcon_core.package_identification:_identify(src/Plankton) by extension 'cmake'
[0.567s] Level 1:colcon.colcon_core.package_identification:_identify(src/Plankton) by extension 'python'
[0.568s] Level 1:colcon.colcon_core.package_identification:_identify(src/Plankton) by extensions ['python_setup_py']
[0.568s] Level 1:colcon.colcon_core.package_identification:_identify(src/Plankton) by extension 'python_setup_py'
[0.568s] Level 1:colcon.colcon_core.package_identification:_identify(src/Plankton/plankton) by extensions ['ignore', 'ignore_ament_install']
[0.568s] Level 1:colcon.colcon_core.package_identification:_identify(src/Plankton/plankton) by extension 'ignore'
[0.568s] Level 1:colcon.colcon_core.package_identification:_identify(src/Plankton/plankton) by extension 'ignore_ament_install'
[0.568s] Level 1:colcon.colcon_core.package_identification:_identify(src/Plankton/plankton) by extensions ['colcon_pkg']
[0.568s] Level 1:colcon.colcon_core.package_identification:_identify(src/Plankton/plankton) by extension 'colcon_pkg'
[0.568s] Level 1:colcon.colcon_core.package_identification:_identify(src/Plankton/plankton) by extensions ['colcon_meta']
[0.568s] Level 1:colcon.colcon_core.package_identification:_identify(src/Plankton/plankton) by extension 'colcon_meta'
[0.568s] Level 1:colcon.colcon_core.package_identification:_identify(src/Plankton/plankton) by extensions ['ros']
[0.568s] Level 1:colcon.colcon_core.package_identification:_identify(src/Plankton/plankton) by extension 'ros'
[0.569s] DEBUG:colcon.colcon_core.package_identification:Package 'src/Plankton/plankton' with type 'ros.ament_cmake' and name 'plankton'
[0.569s] Level 1:colcon.colcon_core.package_identification:_identify(src/Plankton/plankton_utils) by extensions ['ignore', 'ignore_ament_install']
[0.569s] Level 1:colcon.colcon_core.package_identification:_identify(src/Plankton/plankton_utils) by extension 'ignore'
[0.569s] Level 1:colcon.colcon_core.package_identification:_identify(src/Plankton/plankton_utils) by extension 'ignore_ament_install'
[0.569s] Level 1:colcon.colcon_core.package_identification:_identify(src/Plankton/plankton_utils) by extensions ['colcon_pkg']
[0.569s] Level 1:colcon.colcon_core.package_identification:_identify(src/Plankton/plankton_utils) by extension 'colcon_pkg'
[0.569s] Level 1:colcon.colcon_core.package_identification:_identify(src/Plankton/plankton_utils) by extensions ['colcon_meta']
[0.569s] Level 1:colcon.colcon_core.package_identification:_identify(src/Plankton/plankton_utils) by extension 'colcon_meta'
[0.570s] Level 1:colcon.colcon_core.package_identification:_identify(src/Plankton/plankton_utils) by extensions ['ros']
[0.570s] Level 1:colcon.colcon_core.package_identification:_identify(src/Plankton/plankton_utils) by extension 'ros'
[0.570s] DEBUG:colcon.colcon_core.package_identification:Package 'src/Plankton/plankton_utils' with type 'ros.ament_cmake' and name 'plankton_utils'
[0.570s] Level 1:colcon.colcon_core.package_identification:_identify(src/Plankton/tools) by extensions ['ignore', 'ignore_ament_install']
[0.570s] Level 1:colcon.colcon_core.package_identification:_identify(src/Plankton/tools) by extension 'ignore'
[0.570s] Level 1:colcon.colcon_core.package_identification:_identify(src/Plankton/tools) by extension 'ignore_ament_install'
[0.570s] Level 1:colcon.colcon_core.package_identification:_identify(src/Plankton/tools) by extensions ['colcon_pkg']
[0.571s] Level 1:colcon.colcon_core.package_identification:_identify(src/Plankton/tools) by extension 'colcon_pkg'
[0.571s] Level 1:colcon.colcon_core.package_identification:_identify(src/Plankton/tools) by extensions ['colcon_meta']
[0.571s] Level 1:colcon.colcon_core.package_identification:_identify(src/Plankton/tools) by extension 'colcon_meta'
[0.571s] Level 1:colcon.colcon_core.package_identification:_identify(src/Plankton/tools) by extensions ['ros']
[0.571s] Level 1:colcon.colcon_core.package_identification:_identify(src/Plankton/tools) by extension 'ros'
[0.571s] Level 1:colcon.colcon_core.package_identification:_identify(src/Plankton/tools) by extensions ['cmake', 'python']
[0.571s] Level 1:colcon.colcon_core.package_identification:_identify(src/Plankton/tools) by extension 'cmake'
[0.571s] Level 1:colcon.colcon_core.package_identification:_identify(src/Plankton/tools) by extension 'python'
[0.571s] Level 1:colcon.colcon_core.package_identification:_identify(src/Plankton/tools) by extensions ['python_setup_py']
[0.571s] Level 1:colcon.colcon_core.package_identification:_identify(src/Plankton/tools) by extension 'python_setup_py'
[0.571s] Level 1:colcon.colcon_core.package_identification:_identify(src/Plankton/user_needs) by extensions ['ignore', 'ignore_ament_install']
[0.571s] Level 1:colcon.colcon_core.package_identification:_identify(src/Plankton/user_needs) by extension 'ignore'
[0.571s] Level 1:colcon.colcon_core.package_identification:_identify(src/Plankton/user_needs) by extension 'ignore_ament_install'
[0.571s] Level 1:colcon.colcon_core.package_identification:_identify(src/Plankton/user_needs) by extensions ['colcon_pkg']
[0.571s] Level 1:colcon.colcon_core.package_identification:_identify(src/Plankton/user_needs) by extension 'colcon_pkg'
[0.571s] Level 1:colcon.colcon_core.package_identification:_identify(src/Plankton/user_needs) by extensions ['colcon_meta']
[0.571s] Level 1:colcon.colcon_core.package_identification:_identify(src/Plankton/user_needs) by extension 'colcon_meta'
[0.572s] Level 1:colcon.colcon_core.package_identification:_identify(src/Plankton/user_needs) by extensions ['ros']
[0.572s] Level 1:colcon.colcon_core.package_identification:_identify(src/Plankton/user_needs) by extension 'ros'
[0.572s] Level 1:colcon.colcon_core.package_identification:_identify(src/Plankton/user_needs) by extensions ['cmake', 'python']
[0.572s] Level 1:colcon.colcon_core.package_identification:_identify(src/Plankton/user_needs) by extension 'cmake'
[0.572s] Level 1:colcon.colcon_core.package_identification:_identify(src/Plankton/user_needs) by extension 'python'
[0.572s] Level 1:colcon.colcon_core.package_identification:_identify(src/Plankton/user_needs) by extensions ['python_setup_py']
[0.572s] Level 1:colcon.colcon_core.package_identification:_identify(src/Plankton/user_needs) by extension 'python_setup_py'
[0.572s] Level 1:colcon.colcon_core.package_identification:_identify(src/Plankton/uuv_assistants) by extensions ['ignore', 'ignore_ament_install']
[0.572s] Level 1:colcon.colcon_core.package_identification:_identify(src/Plankton/uuv_assistants) by extension 'ignore'
[0.572s] Level 1:colcon.colcon_core.package_identification:_identify(src/Plankton/uuv_assistants) by extension 'ignore_ament_install'
[0.572s] Level 1:colcon.colcon_core.package_identification:_identify(src/Plankton/uuv_assistants) by extensions ['colcon_pkg']
[0.572s] Level 1:colcon.colcon_core.package_identification:_identify(src/Plankton/uuv_assistants) by extension 'colcon_pkg'
[0.572s] Level 1:colcon.colcon_core.package_identification:_identify(src/Plankton/uuv_assistants) by extensions ['colcon_meta']
[0.572s] Level 1:colcon.colcon_core.package_identification:_identify(src/Plankton/uuv_assistants) by extension 'colcon_meta'
[0.573s] Level 1:colcon.colcon_core.package_identification:_identify(src/Plankton/uuv_assistants) by extensions ['ros']
[0.573s] Level 1:colcon.colcon_core.package_identification:_identify(src/Plankton/uuv_assistants) by extension 'ros'
[0.574s] DEBUG:colcon.colcon_core.package_identification:Package 'src/Plankton/uuv_assistants' with type 'ros.ament_cmake' and name 'uuv_assistants'
[0.574s] Level 1:colcon.colcon_core.package_identification:_identify(src/Plankton/uuv_control) by extensions ['ignore', 'ignore_ament_install']
[0.574s] Level 1:colcon.colcon_core.package_identification:_identify(src/Plankton/uuv_control) by extension 'ignore'
[0.574s] Level 1:colcon.colcon_core.package_identification:_identify(src/Plankton/uuv_control) by extension 'ignore_ament_install'
[0.574s] Level 1:colcon.colcon_core.package_identification:_identify(src/Plankton/uuv_control) by extensions ['colcon_pkg']
[0.574s] Level 1:colcon.colcon_core.package_identification:_identify(src/Plankton/uuv_control) by extension 'colcon_pkg'
[0.574s] Level 1:colcon.colcon_core.package_identification:_identify(src/Plankton/uuv_control) by extensions ['colcon_meta']
[0.574s] Level 1:colcon.colcon_core.package_identification:_identify(src/Plankton/uuv_control) by extension 'colcon_meta'
[0.574s] Level 1:colcon.colcon_core.package_identification:_identify(src/Plankton/uuv_control) by extensions ['ros']
[0.574s] Level 1:colcon.colcon_core.package_identification:_identify(src/Plankton/uuv_control) by extension 'ros'
[0.574s] Level 1:colcon.colcon_core.package_identification:_identify(src/Plankton/uuv_control) by extensions ['cmake', 'python']
[0.574s] Level 1:colcon.colcon_core.package_identification:_identify(src/Plankton/uuv_control) by extension 'cmake'
[0.574s] Level 1:colcon.colcon_core.package_identification:_identify(src/Plankton/uuv_control) by extension 'python'
[0.575s] Level 1:colcon.colcon_core.package_identification:_identify(src/Plankton/uuv_control) by extensions ['python_setup_py']
[0.575s] Level 1:colcon.colcon_core.package_identification:_identify(src/Plankton/uuv_control) by extension 'python_setup_py'
[0.575s] Level 1:colcon.colcon_core.package_identification:_identify(src/Plankton/uuv_control/uuv_auv_control_allocator) by extensions ['ignore', 'ignore_ament_install']
[0.575s] Level 1:colcon.colcon_core.package_identification:_identify(src/Plankton/uuv_control/uuv_auv_control_allocator) by extension 'ignore'
[0.575s] Level 1:colcon.colcon_core.package_identification:_identify(src/Plankton/uuv_control/uuv_auv_control_allocator) by extension 'ignore_ament_install'
[0.575s] Level 1:colcon.colcon_core.package_identification:_identify(src/Plankton/uuv_control/uuv_auv_control_allocator) by extensions ['colcon_pkg']
[0.575s] Level 1:colcon.colcon_core.package_identification:_identify(src/Plankton/uuv_control/uuv_auv_control_allocator) by extension 'colcon_pkg'
[0.575s] Level 1:colcon.colcon_core.package_identification:_identify(src/Plankton/uuv_control/uuv_auv_control_allocator) by extensions ['colcon_meta']
[0.575s] Level 1:colcon.colcon_core.package_identification:_identify(src/Plankton/uuv_control/uuv_auv_control_allocator) by extension 'colcon_meta'
[0.575s] Level 1:colcon.colcon_core.package_identification:_identify(src/Plankton/uuv_control/uuv_auv_control_allocator) by extensions ['ros']
[0.575s] Level 1:colcon.colcon_core.package_identification:_identify(src/Plankton/uuv_control/uuv_auv_control_allocator) by extension 'ros'
[0.576s] DEBUG:colcon.colcon_core.package_identification:Package 'src/Plankton/uuv_control/uuv_auv_control_allocator' with type 'ros.ament_cmake' and name 'uuv_auv_control_allocator'
[0.576s] Level 1:colcon.colcon_core.package_identification:_identify(src/Plankton/uuv_control/uuv_control_cascaded_pids) by extensions ['ignore', 'ignore_ament_install']
[0.576s] Level 1:colcon.colcon_core.package_identification:_identify(src/Plankton/uuv_control/uuv_control_cascaded_pids) by extension 'ignore'
[0.576s] Level 1:colcon.colcon_core.package_identification:_identify(src/Plankton/uuv_control/uuv_control_cascaded_pids) by extension 'ignore_ament_install'
[0.576s] Level 1:colcon.colcon_core.package_identification:_identify(src/Plankton/uuv_control/uuv_control_cascaded_pids) by extensions ['colcon_pkg']
[0.576s] Level 1:colcon.colcon_core.package_identification:_identify(src/Plankton/uuv_control/uuv_control_cascaded_pids) by extension 'colcon_pkg'
[0.576s] Level 1:colcon.colcon_core.package_identification:_identify(src/Plankton/uuv_control/uuv_control_cascaded_pids) by extensions ['colcon_meta']
[0.577s] Level 1:colcon.colcon_core.package_identification:_identify(src/Plankton/uuv_control/uuv_control_cascaded_pids) by extension 'colcon_meta'
[0.577s] Level 1:colcon.colcon_core.package_identification:_identify(src/Plankton/uuv_control/uuv_control_cascaded_pids) by extensions ['ros']
[0.577s] Level 1:colcon.colcon_core.package_identification:_identify(src/Plankton/uuv_control/uuv_control_cascaded_pids) by extension 'ros'
[0.577s] DEBUG:colcon.colcon_core.package_identification:Package 'src/Plankton/uuv_control/uuv_control_cascaded_pids' with type 'ros.ament_cmake' and name 'uuv_control_cascaded_pid'
[0.577s] Level 1:colcon.colcon_core.package_identification:_identify(src/Plankton/uuv_control/uuv_control_msgs) by extensions ['ignore', 'ignore_ament_install']
[0.577s] Level 1:colcon.colcon_core.package_identification:_identify(src/Plankton/uuv_control/uuv_control_msgs) by extension 'ignore'
[0.577s] Level 1:colcon.colcon_core.package_identification:_identify(src/Plankton/uuv_control/uuv_control_msgs) by extension 'ignore_ament_install'
[0.578s] Level 1:colcon.colcon_core.package_identification:_identify(src/Plankton/uuv_control/uuv_control_msgs) by extensions ['colcon_pkg']
[0.578s] Level 1:colcon.colcon_core.package_identification:_identify(src/Plankton/uuv_control/uuv_control_msgs) by extension 'colcon_pkg'
[0.578s] Level 1:colcon.colcon_core.package_identification:_identify(src/Plankton/uuv_control/uuv_control_msgs) by extensions ['colcon_meta']
[0.578s] Level 1:colcon.colcon_core.package_identification:_identify(src/Plankton/uuv_control/uuv_control_msgs) by extension 'colcon_meta'
[0.578s] Level 1:colcon.colcon_core.package_identification:_identify(src/Plankton/uuv_control/uuv_control_msgs) by extensions ['ros']
[0.578s] Level 1:colcon.colcon_core.package_identification:_identify(src/Plankton/uuv_control/uuv_control_msgs) by extension 'ros'
[0.578s] DEBUG:colcon.colcon_core.package_identification:Package 'src/Plankton/uuv_control/uuv_control_msgs' with type 'ros.ament_cmake' and name 'uuv_control_msgs'
[0.579s] Level 1:colcon.colcon_core.package_identification:_identify(src/Plankton/uuv_control/uuv_control_utils) by extensions ['ignore', 'ignore_ament_install']
[0.579s] Level 1:colcon.colcon_core.package_identification:_identify(src/Plankton/uuv_control/uuv_control_utils) by extension 'ignore'
[0.579s] Level 1:colcon.colcon_core.package_identification:_identify(src/Plankton/uuv_control/uuv_control_utils) by extension 'ignore_ament_install'
[0.579s] Level 1:colcon.colcon_core.package_identification:_identify(src/Plankton/uuv_control/uuv_control_utils) by extensions ['colcon_pkg']
[0.579s] Level 1:colcon.colcon_core.package_identification:_identify(src/Plankton/uuv_control/uuv_control_utils) by extension 'colcon_pkg'
[0.579s] Level 1:colcon.colcon_core.package_identification:_identify(src/Plankton/uuv_control/uuv_control_utils) by extensions ['colcon_meta']
[0.579s] Level 1:colcon.colcon_core.package_identification:_identify(src/Plankton/uuv_control/uuv_control_utils) by extension 'colcon_meta'
[0.579s] Level 1:colcon.colcon_core.package_identification:_identify(src/Plankton/uuv_control/uuv_control_utils) by extensions ['ros']
[0.579s] Level 1:colcon.colcon_core.package_identification:_identify(src/Plankton/uuv_control/uuv_control_utils) by extension 'ros'
[0.581s] DEBUG:colcon.colcon_core.package_identification:Package 'src/Plankton/uuv_control/uuv_control_utils' with type 'ros.ament_cmake' and name 'uuv_control_utils'
[0.581s] Level 1:colcon.colcon_core.package_identification:_identify(src/Plankton/uuv_control/uuv_thruster_manager) by extensions ['ignore', 'ignore_ament_install']
[0.581s] Level 1:colcon.colcon_core.package_identification:_identify(src/Plankton/uuv_control/uuv_thruster_manager) by extension 'ignore'
[0.581s] Level 1:colcon.colcon_core.package_identification:_identify(src/Plankton/uuv_control/uuv_thruster_manager) by extension 'ignore_ament_install'
[0.582s] Level 1:colcon.colcon_core.package_identification:_identify(src/Plankton/uuv_control/uuv_thruster_manager) by extensions ['colcon_pkg']
[0.582s] Level 1:colcon.colcon_core.package_identification:_identify(src/Plankton/uuv_control/uuv_thruster_manager) by extension 'colcon_pkg'
[0.582s] Level 1:colcon.colcon_core.package_identification:_identify(src/Plankton/uuv_control/uuv_thruster_manager) by extensions ['colcon_meta']
[0.582s] Level 1:colcon.colcon_core.package_identification:_identify(src/Plankton/uuv_control/uuv_thruster_manager) by extension 'colcon_meta'
[0.582s] Level 1:colcon.colcon_core.package_identification:_identify(src/Plankton/uuv_control/uuv_thruster_manager) by extensions ['ros']
[0.582s] Level 1:colcon.colcon_core.package_identification:_identify(src/Plankton/uuv_control/uuv_thruster_manager) by extension 'ros'
[0.584s] DEBUG:colcon.colcon_core.package_identification:Package 'src/Plankton/uuv_control/uuv_thruster_manager' with type 'ros.ament_cmake' and name 'uuv_thruster_manager'
[0.584s] Level 1:colcon.colcon_core.package_identification:_identify(src/Plankton/uuv_control/uuv_trajectory_control) by extensions ['ignore', 'ignore_ament_install']
[0.585s] Level 1:colcon.colcon_core.package_identification:_identify(src/Plankton/uuv_control/uuv_trajectory_control) by extension 'ignore'
[0.585s] Level 1:colcon.colcon_core.package_identification:_identify(src/Plankton/uuv_control/uuv_trajectory_control) by extension 'ignore_ament_install'
[0.585s] Level 1:colcon.colcon_core.package_identification:_identify(src/Plankton/uuv_control/uuv_trajectory_control) by extensions ['colcon_pkg']
[0.585s] Level 1:colcon.colcon_core.package_identification:_identify(src/Plankton/uuv_control/uuv_trajectory_control) by extension 'colcon_pkg'
[0.585s] Level 1:colcon.colcon_core.package_identification:_identify(src/Plankton/uuv_control/uuv_trajectory_control) by extensions ['colcon_meta']
[0.585s] Level 1:colcon.colcon_core.package_identification:_identify(src/Plankton/uuv_control/uuv_trajectory_control) by extension 'colcon_meta'
[0.585s] Level 1:colcon.colcon_core.package_identification:_identify(src/Plankton/uuv_control/uuv_trajectory_control) by extensions ['ros']
[0.585s] Level 1:colcon.colcon_core.package_identification:_identify(src/Plankton/uuv_control/uuv_trajectory_control) by extension 'ros'
[0.587s] DEBUG:colcon.colcon_core.package_identification:Package 'src/Plankton/uuv_control/uuv_trajectory_control' with type 'ros.ament_cmake' and name 'uuv_trajectory_control'
[0.587s] Level 1:colcon.colcon_core.package_identification:_identify(src/Plankton/uuv_descriptions) by extensions ['ignore', 'ignore_ament_install']
[0.587s] Level 1:colcon.colcon_core.package_identification:_identify(src/Plankton/uuv_descriptions) by extension 'ignore'
[0.587s] Level 1:colcon.colcon_core.package_identification:_identify(src/Plankton/uuv_descriptions) by extension 'ignore_ament_install'
[0.587s] Level 1:colcon.colcon_core.package_identification:_identify(src/Plankton/uuv_descriptions) by extensions ['colcon_pkg']
[0.587s] Level 1:colcon.colcon_core.package_identification:_identify(src/Plankton/uuv_descriptions) by extension 'colcon_pkg'
[0.587s] Level 1:colcon.colcon_core.package_identification:_identify(src/Plankton/uuv_descriptions) by extensions ['colcon_meta']
[0.587s] Level 1:colcon.colcon_core.package_identification:_identify(src/Plankton/uuv_descriptions) by extension 'colcon_meta'
[0.588s] Level 1:colcon.colcon_core.package_identification:_identify(src/Plankton/uuv_descriptions) by extensions ['ros']
[0.588s] Level 1:colcon.colcon_core.package_identification:_identify(src/Plankton/uuv_descriptions) by extension 'ros'
[0.588s] DEBUG:colcon.colcon_core.package_identification:Package 'src/Plankton/uuv_descriptions' with type 'ros.ament_cmake' and name 'uuv_descriptions'
[0.588s] Level 1:colcon.colcon_core.package_identification:_identify(src/Plankton/uuv_gazebo) by extensions ['ignore', 'ignore_ament_install']
[0.589s] Level 1:colcon.colcon_core.package_identification:_identify(src/Plankton/uuv_gazebo) by extension 'ignore'
[0.589s] Level 1:colcon.colcon_core.package_identification:_identify(src/Plankton/uuv_gazebo) by extension 'ignore_ament_install'
[0.589s] Level 1:colcon.colcon_core.package_identification:_identify(src/Plankton/uuv_gazebo) by extensions ['colcon_pkg']
[0.589s] Level 1:colcon.colcon_core.package_identification:_identify(src/Plankton/uuv_gazebo) by extension 'colcon_pkg'
[0.589s] Level 1:colcon.colcon_core.package_identification:_identify(src/Plankton/uuv_gazebo) by extensions ['colcon_meta']
[0.589s] Level 1:colcon.colcon_core.package_identification:_identify(src/Plankton/uuv_gazebo) by extension 'colcon_meta'
[0.589s] Level 1:colcon.colcon_core.package_identification:_identify(src/Plankton/uuv_gazebo) by extensions ['ros']
[0.589s] Level 1:colcon.colcon_core.package_identification:_identify(src/Plankton/uuv_gazebo) by extension 'ros'
[0.589s] DEBUG:colcon.colcon_core.package_identification:Package 'src/Plankton/uuv_gazebo' with type 'ros.ament_cmake' and name 'uuv_gazebo'
[0.590s] Level 1:colcon.colcon_core.package_identification:_identify(src/Plankton/uuv_gazebo_plugins) by extensions ['ignore', 'ignore_ament_install']
[0.590s] Level 1:colcon.colcon_core.package_identification:_identify(src/Plankton/uuv_gazebo_plugins) by extension 'ignore'
[0.590s] Level 1:colcon.colcon_core.package_identification:_identify(src/Plankton/uuv_gazebo_plugins) by extension 'ignore_ament_install'
[0.590s] Level 1:colcon.colcon_core.package_identification:_identify(src/Plankton/uuv_gazebo_plugins) by extensions ['colcon_pkg']
[0.590s] Level 1:colcon.colcon_core.package_identification:_identify(src/Plankton/uuv_gazebo_plugins) by extension 'colcon_pkg'
[0.590s] Level 1:colcon.colcon_core.package_identification:_identify(src/Plankton/uuv_gazebo_plugins) by extensions ['colcon_meta']
[0.590s] Level 1:colcon.colcon_core.package_identification:_identify(src/Plankton/uuv_gazebo_plugins) by extension 'colcon_meta'
[0.590s] Level 1:colcon.colcon_core.package_identification:_identify(src/Plankton/uuv_gazebo_plugins) by extensions ['ros']
[0.590s] Level 1:colcon.colcon_core.package_identification:_identify(src/Plankton/uuv_gazebo_plugins) by extension 'ros'
[0.590s] Level 1:colcon.colcon_core.package_identification:_identify(src/Plankton/uuv_gazebo_plugins) by extensions ['cmake', 'python']
[0.590s] Level 1:colcon.colcon_core.package_identification:_identify(src/Plankton/uuv_gazebo_plugins) by extension 'cmake'
[0.590s] Level 1:colcon.colcon_core.package_identification:_identify(src/Plankton/uuv_gazebo_plugins) by extension 'python'
[0.590s] Level 1:colcon.colcon_core.package_identification:_identify(src/Plankton/uuv_gazebo_plugins) by extensions ['python_setup_py']
[0.590s] Level 1:colcon.colcon_core.package_identification:_identify(src/Plankton/uuv_gazebo_plugins) by extension 'python_setup_py'
[0.591s] Level 1:colcon.colcon_core.package_identification:_identify(src/Plankton/uuv_gazebo_plugins/uuv_gazebo_plugins) by extensions ['ignore', 'ignore_ament_install']
[0.591s] Level 1:colcon.colcon_core.package_identification:_identify(src/Plankton/uuv_gazebo_plugins/uuv_gazebo_plugins) by extension 'ignore'
[0.591s] Level 1:colcon.colcon_core.package_identification:_identify(src/Plankton/uuv_gazebo_plugins/uuv_gazebo_plugins) by extension 'ignore_ament_install'
[0.591s] Level 1:colcon.colcon_core.package_identification:_identify(src/Plankton/uuv_gazebo_plugins/uuv_gazebo_plugins) by extensions ['colcon_pkg']
[0.591s] Level 1:colcon.colcon_core.package_identification:_identify(src/Plankton/uuv_gazebo_plugins/uuv_gazebo_plugins) by extension 'colcon_pkg'
[0.591s] Level 1:colcon.colcon_core.package_identification:_identify(src/Plankton/uuv_gazebo_plugins/uuv_gazebo_plugins) by extensions ['colcon_meta']
[0.591s] Level 1:colcon.colcon_core.package_identification:_identify(src/Plankton/uuv_gazebo_plugins/uuv_gazebo_plugins) by extension 'colcon_meta'
[0.591s] Level 1:colcon.colcon_core.package_identification:_identify(src/Plankton/uuv_gazebo_plugins/uuv_gazebo_plugins) by extensions ['ros']
[0.591s] Level 1:colcon.colcon_core.package_identification:_identify(src/Plankton/uuv_gazebo_plugins/uuv_gazebo_plugins) by extension 'ros'
[0.592s] DEBUG:colcon.colcon_core.package_identification:Package 'src/Plankton/uuv_gazebo_plugins/uuv_gazebo_plugins' with type 'ros.ament_cmake' and name 'uuv_gazebo_plugins'
[0.592s] Level 1:colcon.colcon_core.package_identification:_identify(src/Plankton/uuv_gazebo_plugins/uuv_gazebo_ros_plugins) by extensions ['ignore', 'ignore_ament_install']
[0.592s] Level 1:colcon.colcon_core.package_identification:_identify(src/Plankton/uuv_gazebo_plugins/uuv_gazebo_ros_plugins) by extension 'ignore'
[0.592s] Level 1:colcon.colcon_core.package_identification:_identify(src/Plankton/uuv_gazebo_plugins/uuv_gazebo_ros_plugins) by extension 'ignore_ament_install'
[0.592s] Level 1:colcon.colcon_core.package_identification:_identify(src/Plankton/uuv_gazebo_plugins/uuv_gazebo_ros_plugins) by extensions ['colcon_pkg']
[0.592s] Level 1:colcon.colcon_core.package_identification:_identify(src/Plankton/uuv_gazebo_plugins/uuv_gazebo_ros_plugins) by extension 'colcon_pkg'
[0.592s] Level 1:colcon.colcon_core.package_identification:_identify(src/Plankton/uuv_gazebo_plugins/uuv_gazebo_ros_plugins) by extensions ['colcon_meta']
[0.592s] Level 1:colcon.colcon_core.package_identification:_identify(src/Plankton/uuv_gazebo_plugins/uuv_gazebo_ros_plugins) by extension 'colcon_meta'
[0.593s] Level 1:colcon.colcon_core.package_identification:_identify(src/Plankton/uuv_gazebo_plugins/uuv_gazebo_ros_plugins) by extensions ['ros']
[0.593s] Level 1:colcon.colcon_core.package_identification:_identify(src/Plankton/uuv_gazebo_plugins/uuv_gazebo_ros_plugins) by extension 'ros'
[0.594s] DEBUG:colcon.colcon_core.package_identification:Package 'src/Plankton/uuv_gazebo_plugins/uuv_gazebo_ros_plugins' with type 'ros.ament_cmake' and name 'uuv_gazebo_ros_plugins'
[0.594s] Level 1:colcon.colcon_core.package_identification:_identify(src/Plankton/uuv_gazebo_plugins/uuv_gazebo_ros_plugins_msgs) by extensions ['ignore', 'ignore_ament_install']
[0.594s] Level 1:colcon.colcon_core.package_identification:_identify(src/Plankton/uuv_gazebo_plugins/uuv_gazebo_ros_plugins_msgs) by extension 'ignore'
[0.594s] Level 1:colcon.colcon_core.package_identification:_identify(src/Plankton/uuv_gazebo_plugins/uuv_gazebo_ros_plugins_msgs) by extension 'ignore_ament_install'
[0.595s] Level 1:colcon.colcon_core.package_identification:_identify(src/Plankton/uuv_gazebo_plugins/uuv_gazebo_ros_plugins_msgs) by extensions ['colcon_pkg']
[0.595s] Level 1:colcon.colcon_core.package_identification:_identify(src/Plankton/uuv_gazebo_plugins/uuv_gazebo_ros_plugins_msgs) by extension 'colcon_pkg'
[0.595s] Level 1:colcon.colcon_core.package_identification:_identify(src/Plankton/uuv_gazebo_plugins/uuv_gazebo_ros_plugins_msgs) by extensions ['colcon_meta']
[0.595s] Level 1:colcon.colcon_core.package_identification:_identify(src/Plankton/uuv_gazebo_plugins/uuv_gazebo_ros_plugins_msgs) by extension 'colcon_meta'
[0.595s] Level 1:colcon.colcon_core.package_identification:_identify(src/Plankton/uuv_gazebo_plugins/uuv_gazebo_ros_plugins_msgs) by extensions ['ros']
[0.595s] Level 1:colcon.colcon_core.package_identification:_identify(src/Plankton/uuv_gazebo_plugins/uuv_gazebo_ros_plugins_msgs) by extension 'ros'
[0.595s] DEBUG:colcon.colcon_core.package_identification:Package 'src/Plankton/uuv_gazebo_plugins/uuv_gazebo_ros_plugins_msgs' with type 'ros.ament_cmake' and name 'uuv_gazebo_ros_plugins_msgs'
[0.596s] Level 1:colcon.colcon_core.package_identification:_identify(src/Plankton/uuv_gazebo_worlds) by extensions ['ignore', 'ignore_ament_install']
[0.596s] Level 1:colcon.colcon_core.package_identification:_identify(src/Plankton/uuv_gazebo_worlds) by extension 'ignore'
[0.596s] Level 1:colcon.colcon_core.package_identification:_identify(src/Plankton/uuv_gazebo_worlds) by extension 'ignore_ament_install'
[0.596s] Level 1:colcon.colcon_core.package_identification:_identify(src/Plankton/uuv_gazebo_worlds) by extensions ['colcon_pkg']
[0.596s] Level 1:colcon.colcon_core.package_identification:_identify(src/Plankton/uuv_gazebo_worlds) by extension 'colcon_pkg'
[0.596s] Level 1:colcon.colcon_core.package_identification:_identify(src/Plankton/uuv_gazebo_worlds) by extensions ['colcon_meta']
[0.596s] Level 1:colcon.colcon_core.package_identification:_identify(src/Plankton/uuv_gazebo_worlds) by extension 'colcon_meta'
[0.596s] Level 1:colcon.colcon_core.package_identification:_identify(src/Plankton/uuv_gazebo_worlds) by extensions ['ros']
[0.596s] Level 1:colcon.colcon_core.package_identification:_identify(src/Plankton/uuv_gazebo_worlds) by extension 'ros'
[0.597s] DEBUG:colcon.colcon_core.package_identification:Package 'src/Plankton/uuv_gazebo_worlds' with type 'ros.ament_cmake' and name 'uuv_gazebo_worlds'
[0.597s] Level 1:colcon.colcon_core.package_identification:_identify(src/Plankton/uuv_sensor_plugins) by extensions ['ignore', 'ignore_ament_install']
[0.597s] Level 1:colcon.colcon_core.package_identification:_identify(src/Plankton/uuv_sensor_plugins) by extension 'ignore'
[0.597s] Level 1:colcon.colcon_core.package_identification:_identify(src/Plankton/uuv_sensor_plugins) by extension 'ignore_ament_install'
[0.597s] Level 1:colcon.colcon_core.package_identification:_identify(src/Plankton/uuv_sensor_plugins) by extensions ['colcon_pkg']
[0.597s] Level 1:colcon.colcon_core.package_identification:_identify(src/Plankton/uuv_sensor_plugins) by extension 'colcon_pkg'
[0.597s] Level 1:colcon.colcon_core.package_identification:_identify(src/Plankton/uuv_sensor_plugins) by extensions ['colcon_meta']
[0.597s] Level 1:colcon.colcon_core.package_identification:_identify(src/Plankton/uuv_sensor_plugins) by extension 'colcon_meta'
[0.598s] Level 1:colcon.colcon_core.package_identification:_identify(src/Plankton/uuv_sensor_plugins) by extensions ['ros']
[0.598s] Level 1:colcon.colcon_core.package_identification:_identify(src/Plankton/uuv_sensor_plugins) by extension 'ros'
[0.598s] Level 1:colcon.colcon_core.package_identification:_identify(src/Plankton/uuv_sensor_plugins) by extensions ['cmake', 'python']
[0.598s] Level 1:colcon.colcon_core.package_identification:_identify(src/Plankton/uuv_sensor_plugins) by extension 'cmake'
[0.598s] Level 1:colcon.colcon_core.package_identification:_identify(src/Plankton/uuv_sensor_plugins) by extension 'python'
[0.598s] Level 1:colcon.colcon_core.package_identification:_identify(src/Plankton/uuv_sensor_plugins) by extensions ['python_setup_py']
[0.598s] Level 1:colcon.colcon_core.package_identification:_identify(src/Plankton/uuv_sensor_plugins) by extension 'python_setup_py'
[0.598s] Level 1:colcon.colcon_core.package_identification:_identify(src/Plankton/uuv_sensor_plugins/uuv_sensor_ros_plugins) by extensions ['ignore', 'ignore_ament_install']
[0.598s] Level 1:colcon.colcon_core.package_identification:_identify(src/Plankton/uuv_sensor_plugins/uuv_sensor_ros_plugins) by extension 'ignore'
[0.598s] Level 1:colcon.colcon_core.package_identification:_identify(src/Plankton/uuv_sensor_plugins/uuv_sensor_ros_plugins) by extension 'ignore_ament_install'
[0.598s] Level 1:colcon.colcon_core.package_identification:_identify(src/Plankton/uuv_sensor_plugins/uuv_sensor_ros_plugins) by extensions ['colcon_pkg']
[0.598s] Level 1:colcon.colcon_core.package_identification:_identify(src/Plankton/uuv_sensor_plugins/uuv_sensor_ros_plugins) by extension 'colcon_pkg'
[0.598s] Level 1:colcon.colcon_core.package_identification:_identify(src/Plankton/uuv_sensor_plugins/uuv_sensor_ros_plugins) by extensions ['colcon_meta']
[0.599s] Level 1:colcon.colcon_core.package_identification:_identify(src/Plankton/uuv_sensor_plugins/uuv_sensor_ros_plugins) by extension 'colcon_meta'
[0.599s] Level 1:colcon.colcon_core.package_identification:_identify(src/Plankton/uuv_sensor_plugins/uuv_sensor_ros_plugins) by extensions ['ros']
[0.599s] Level 1:colcon.colcon_core.package_identification:_identify(src/Plankton/uuv_sensor_plugins/uuv_sensor_ros_plugins) by extension 'ros'
[0.601s] DEBUG:colcon.colcon_core.package_identification:Package 'src/Plankton/uuv_sensor_plugins/uuv_sensor_ros_plugins' with type 'ros.ament_cmake' and name 'uuv_sensor_ros_plugins'
[0.601s] Level 1:colcon.colcon_core.package_identification:_identify(src/Plankton/uuv_sensor_plugins/uuv_sensor_ros_plugins_msgs) by extensions ['ignore', 'ignore_ament_install']
[0.602s] Level 1:colcon.colcon_core.package_identification:_identify(src/Plankton/uuv_sensor_plugins/uuv_sensor_ros_plugins_msgs) by extension 'ignore'
[0.602s] Level 1:colcon.colcon_core.package_identification:_identify(src/Plankton/uuv_sensor_plugins/uuv_sensor_ros_plugins_msgs) by extension 'ignore_ament_install'
[0.602s] Level 1:colcon.colcon_core.package_identification:_identify(src/Plankton/uuv_sensor_plugins/uuv_sensor_ros_plugins_msgs) by extensions ['colcon_pkg']
[0.602s] Level 1:colcon.colcon_core.package_identification:_identify(src/Plankton/uuv_sensor_plugins/uuv_sensor_ros_plugins_msgs) by extension 'colcon_pkg'
[0.602s] Level 1:colcon.colcon_core.package_identification:_identify(src/Plankton/uuv_sensor_plugins/uuv_sensor_ros_plugins_msgs) by extensions ['colcon_meta']
[0.602s] Level 1:colcon.colcon_core.package_identification:_identify(src/Plankton/uuv_sensor_plugins/uuv_sensor_ros_plugins_msgs) by extension 'colcon_meta'
[0.602s] Level 1:colcon.colcon_core.package_identification:_identify(src/Plankton/uuv_sensor_plugins/uuv_sensor_ros_plugins_msgs) by extensions ['ros']
[0.602s] Level 1:colcon.colcon_core.package_identification:_identify(src/Plankton/uuv_sensor_plugins/uuv_sensor_ros_plugins_msgs) by extension 'ros'
[0.603s] DEBUG:colcon.colcon_core.package_identification:Package 'src/Plankton/uuv_sensor_plugins/uuv_sensor_ros_plugins_msgs' with type 'ros.ament_cmake' and name 'uuv_sensor_ros_plugins_msgs'
[0.603s] Level 1:colcon.colcon_core.package_identification:_identify(src/Plankton/uuv_simulator) by extensions ['ignore', 'ignore_ament_install']
[0.603s] Level 1:colcon.colcon_core.package_identification:_identify(src/Plankton/uuv_simulator) by extension 'ignore'
[0.603s] Level 1:colcon.colcon_core.package_identification:_identify(src/Plankton/uuv_simulator) by extension 'ignore_ament_install'
[0.603s] Level 1:colcon.colcon_core.package_identification:_identify(src/Plankton/uuv_simulator) by extensions ['colcon_pkg']
[0.604s] Level 1:colcon.colcon_core.package_identification:_identify(src/Plankton/uuv_simulator) by extension 'colcon_pkg'
[0.604s] Level 1:colcon.colcon_core.package_identification:_identify(src/Plankton/uuv_simulator) by extensions ['colcon_meta']
[0.604s] Level 1:colcon.colcon_core.package_identification:_identify(src/Plankton/uuv_simulator) by extension 'colcon_meta'
[0.604s] Level 1:colcon.colcon_core.package_identification:_identify(src/Plankton/uuv_simulator) by extensions ['ros']
[0.604s] Level 1:colcon.colcon_core.package_identification:_identify(src/Plankton/uuv_simulator) by extension 'ros'
[0.604s] DEBUG:colcon.colcon_core.package_identification:Package 'src/Plankton/uuv_simulator' with type 'ros.ament_cmake' and name 'uuv_simulator'
[0.605s] Level 1:colcon.colcon_core.package_identification:_identify(src/Plankton/uuv_teleop) by extensions ['ignore', 'ignore_ament_install']
[0.605s] Level 1:colcon.colcon_core.package_identification:_identify(src/Plankton/uuv_teleop) by extension 'ignore'
[0.605s] Level 1:colcon.colcon_core.package_identification:_identify(src/Plankton/uuv_teleop) by extension 'ignore_ament_install'
[0.605s] Level 1:colcon.colcon_core.package_identification:_identify(src/Plankton/uuv_teleop) by extensions ['colcon_pkg']
[0.605s] Level 1:colcon.colcon_core.package_identification:_identify(src/Plankton/uuv_teleop) by extension 'colcon_pkg'
[0.605s] Level 1:colcon.colcon_core.package_identification:_identify(src/Plankton/uuv_teleop) by extensions ['colcon_meta']
[0.605s] Level 1:colcon.colcon_core.package_identification:_identify(src/Plankton/uuv_teleop) by extension 'colcon_meta'
[0.605s] Level 1:colcon.colcon_core.package_identification:_identify(src/Plankton/uuv_teleop) by extensions ['ros']
[0.605s] Level 1:colcon.colcon_core.package_identification:_identify(src/Plankton/uuv_teleop) by extension 'ros'
[0.606s] DEBUG:colcon.colcon_core.package_identification:Package 'src/Plankton/uuv_teleop' with type 'ros.ament_cmake' and name 'uuv_teleop'
[0.606s] Level 1:colcon.colcon_core.package_identification:_identify(src/Plankton/uuv_tutorials) by extensions ['ignore', 'ignore_ament_install']
[0.606s] Level 1:colcon.colcon_core.package_identification:_identify(src/Plankton/uuv_tutorials) by extension 'ignore'
[0.606s] Level 1:colcon.colcon_core.package_identification:_identify(src/Plankton/uuv_tutorials) by extension 'ignore_ament_install'
[0.606s] Level 1:colcon.colcon_core.package_identification:_identify(src/Plankton/uuv_tutorials) by extensions ['colcon_pkg']
[0.606s] Level 1:colcon.colcon_core.package_identification:_identify(src/Plankton/uuv_tutorials) by extension 'colcon_pkg'
[0.607s] Level 1:colcon.colcon_core.package_identification:_identify(src/Plankton/uuv_tutorials) by extensions ['colcon_meta']
[0.607s] Level 1:colcon.colcon_core.package_identification:_identify(src/Plankton/uuv_tutorials) by extension 'colcon_meta'
[0.607s] Level 1:colcon.colcon_core.package_identification:_identify(src/Plankton/uuv_tutorials) by extensions ['ros']
[0.607s] Level 1:colcon.colcon_core.package_identification:_identify(src/Plankton/uuv_tutorials) by extension 'ros'
[0.607s] Level 1:colcon.colcon_core.package_identification:_identify(src/Plankton/uuv_tutorials) by extensions ['cmake', 'python']
[0.607s] Level 1:colcon.colcon_core.package_identification:_identify(src/Plankton/uuv_tutorials) by extension 'cmake'
[0.607s] Level 1:colcon.colcon_core.package_identification:_identify(src/Plankton/uuv_tutorials) by extension 'python'
[0.607s] Level 1:colcon.colcon_core.package_identification:_identify(src/Plankton/uuv_tutorials) by extensions ['python_setup_py']
[0.607s] Level 1:colcon.colcon_core.package_identification:_identify(src/Plankton/uuv_tutorials) by extension 'python_setup_py'
[0.607s] Level 1:colcon.colcon_core.package_identification:_identify(src/Plankton/uuv_tutorials/uuv_tutorial_disturbances) by extensions ['ignore', 'ignore_ament_install']
[0.607s] Level 1:colcon.colcon_core.package_identification:_identify(src/Plankton/uuv_tutorials/uuv_tutorial_disturbances) by extension 'ignore'
[0.607s] Level 1:colcon.colcon_core.package_identification:_identify(src/Plankton/uuv_tutorials/uuv_tutorial_disturbances) by extension 'ignore_ament_install'
[0.607s] Level 1:colcon.colcon_core.package_identification:_identify(src/Plankton/uuv_tutorials/uuv_tutorial_disturbances) by extensions ['colcon_pkg']
[0.607s] Level 1:colcon.colcon_core.package_identification:_identify(src/Plankton/uuv_tutorials/uuv_tutorial_disturbances) by extension 'colcon_pkg'
[0.607s] Level 1:colcon.colcon_core.package_identification:_identify(src/Plankton/uuv_tutorials/uuv_tutorial_disturbances) by extensions ['colcon_meta']
[0.607s] Level 1:colcon.colcon_core.package_identification:_identify(src/Plankton/uuv_tutorials/uuv_tutorial_disturbances) by extension 'colcon_meta'
[0.607s] Level 1:colcon.colcon_core.package_identification:_identify(src/Plankton/uuv_tutorials/uuv_tutorial_disturbances) by extensions ['ros']
[0.608s] Level 1:colcon.colcon_core.package_identification:_identify(src/Plankton/uuv_tutorials/uuv_tutorial_disturbances) by extension 'ros'
[0.608s] DEBUG:colcon.colcon_core.package_identification:Package 'src/Plankton/uuv_tutorials/uuv_tutorial_disturbances' with type 'ros.ament_cmake' and name 'uuv_tutorial_disturbances'
[0.608s] Level 1:colcon.colcon_core.package_identification:_identify(src/Plankton/uuv_tutorials/uuv_tutorial_dp_controller) by extensions ['ignore', 'ignore_ament_install']
[0.608s] Level 1:colcon.colcon_core.package_identification:_identify(src/Plankton/uuv_tutorials/uuv_tutorial_dp_controller) by extension 'ignore'
[0.609s] Level 1:colcon.colcon_core.package_identification:_identify(src/Plankton/uuv_tutorials/uuv_tutorial_dp_controller) by extension 'ignore_ament_install'
[0.609s] Level 1:colcon.colcon_core.package_identification:_identify(src/Plankton/uuv_tutorials/uuv_tutorial_dp_controller) by extensions ['colcon_pkg']
[0.609s] Level 1:colcon.colcon_core.package_identification:_identify(src/Plankton/uuv_tutorials/uuv_tutorial_dp_controller) by extension 'colcon_pkg'
[0.609s] Level 1:colcon.colcon_core.package_identification:_identify(src/Plankton/uuv_tutorials/uuv_tutorial_dp_controller) by extensions ['colcon_meta']
[0.609s] Level 1:colcon.colcon_core.package_identification:_identify(src/Plankton/uuv_tutorials/uuv_tutorial_dp_controller) by extension 'colcon_meta'
[0.609s] Level 1:colcon.colcon_core.package_identification:_identify(src/Plankton/uuv_tutorials/uuv_tutorial_dp_controller) by extensions ['ros']
[0.609s] Level 1:colcon.colcon_core.package_identification:_identify(src/Plankton/uuv_tutorials/uuv_tutorial_dp_controller) by extension 'ros'
[0.609s] DEBUG:colcon.colcon_core.package_identification:Package 'src/Plankton/uuv_tutorials/uuv_tutorial_dp_controller' with type 'ros.ament_cmake' and name 'uuv_tutorial_dp_controller'
[0.610s] Level 1:colcon.colcon_core.package_identification:_identify(src/Plankton/uuv_tutorials/uuv_tutorial_rov_model) by extensions ['ignore', 'ignore_ament_install']
[0.610s] Level 1:colcon.colcon_core.package_identification:_identify(src/Plankton/uuv_tutorials/uuv_tutorial_rov_model) by extension 'ignore'
[0.610s] Level 1:colcon.colcon_core.package_identification:_identify(src/Plankton/uuv_tutorials/uuv_tutorial_rov_model) ignored
[0.610s] Level 1:colcon.colcon_core.package_identification:_identify(src/Plankton/uuv_tutorials/uuv_tutorial_seabed_world) by extensions ['ignore', 'ignore_ament_install']
[0.610s] Level 1:colcon.colcon_core.package_identification:_identify(src/Plankton/uuv_tutorials/uuv_tutorial_seabed_world) by extension 'ignore'
[0.610s] Level 1:colcon.colcon_core.package_identification:_identify(src/Plankton/uuv_tutorials/uuv_tutorial_seabed_world) by extension 'ignore_ament_install'
[0.610s] Level 1:colcon.colcon_core.package_identification:_identify(src/Plankton/uuv_tutorials/uuv_tutorial_seabed_world) by extensions ['colcon_pkg']
[0.610s] Level 1:colcon.colcon_core.package_identification:_identify(src/Plankton/uuv_tutorials/uuv_tutorial_seabed_world) by extension 'colcon_pkg'
[0.610s] Level 1:colcon.colcon_core.package_identification:_identify(src/Plankton/uuv_tutorials/uuv_tutorial_seabed_world) by extensions ['colcon_meta']
[0.610s] Level 1:colcon.colcon_core.package_identification:_identify(src/Plankton/uuv_tutorials/uuv_tutorial_seabed_world) by extension 'colcon_meta'
[0.610s] Level 1:colcon.colcon_core.package_identification:_identify(src/Plankton/uuv_tutorials/uuv_tutorial_seabed_world) by extensions ['ros']
[0.611s] Level 1:colcon.colcon_core.package_identification:_identify(src/Plankton/uuv_tutorials/uuv_tutorial_seabed_world) by extension 'ros'
[0.611s] DEBUG:colcon.colcon_core.package_identification:Package 'src/Plankton/uuv_tutorials/uuv_tutorial_seabed_world' with type 'ros.ament_cmake' and name 'uuv_tutorial_seabed_world'
[0.611s] Level 1:colcon.colcon_core.package_identification:_identify(src/Plankton/uuv_tutorials/uuv_tutorials) by extensions ['ignore', 'ignore_ament_install']
[0.611s] Level 1:colcon.colcon_core.package_identification:_identify(src/Plankton/uuv_tutorials/uuv_tutorials) by extension 'ignore'
[0.612s] Level 1:colcon.colcon_core.package_identification:_identify(src/Plankton/uuv_tutorials/uuv_tutorials) by extension 'ignore_ament_install'
[0.612s] Level 1:colcon.colcon_core.package_identification:_identify(src/Plankton/uuv_tutorials/uuv_tutorials) by extensions ['colcon_pkg']
[0.612s] Level 1:colcon.colcon_core.package_identification:_identify(src/Plankton/uuv_tutorials/uuv_tutorials) by extension 'colcon_pkg'
[0.612s] Level 1:colcon.colcon_core.package_identification:_identify(src/Plankton/uuv_tutorials/uuv_tutorials) by extensions ['colcon_meta']
[0.612s] Level 1:colcon.colcon_core.package_identification:_identify(src/Plankton/uuv_tutorials/uuv_tutorials) by extension 'colcon_meta'
[0.612s] Level 1:colcon.colcon_core.package_identification:_identify(src/Plankton/uuv_tutorials/uuv_tutorials) by extensions ['ros']
[0.612s] Level 1:colcon.colcon_core.package_identification:_identify(src/Plankton/uuv_tutorials/uuv_tutorials) by extension 'ros'
[0.612s] DEBUG:colcon.colcon_core.package_identification:Package 'src/Plankton/uuv_tutorials/uuv_tutorials' with type 'ros.ament_cmake' and name 'uuv_tutorials'
[0.613s] Level 1:colcon.colcon_core.package_identification:_identify(src/Plankton/uuv_world_plugins) by extensions ['ignore', 'ignore_ament_install']
[0.613s] Level 1:colcon.colcon_core.package_identification:_identify(src/Plankton/uuv_world_plugins) by extension 'ignore'
[0.613s] Level 1:colcon.colcon_core.package_identification:_identify(src/Plankton/uuv_world_plugins) by extension 'ignore_ament_install'
[0.613s] Level 1:colcon.colcon_core.package_identification:_identify(src/Plankton/uuv_world_plugins) by extensions ['colcon_pkg']
[0.613s] Level 1:colcon.colcon_core.package_identification:_identify(src/Plankton/uuv_world_plugins) by extension 'colcon_pkg'
[0.613s] Level 1:colcon.colcon_core.package_identification:_identify(src/Plankton/uuv_world_plugins) by extensions ['colcon_meta']
[0.613s] Level 1:colcon.colcon_core.package_identification:_identify(src/Plankton/uuv_world_plugins) by extension 'colcon_meta'
[0.613s] Level 1:colcon.colcon_core.package_identification:_identify(src/Plankton/uuv_world_plugins) by extensions ['ros']
[0.613s] Level 1:colcon.colcon_core.package_identification:_identify(src/Plankton/uuv_world_plugins) by extension 'ros'
[0.613s] Level 1:colcon.colcon_core.package_identification:_identify(src/Plankton/uuv_world_plugins) by extensions ['cmake', 'python']
[0.613s] Level 1:colcon.colcon_core.package_identification:_identify(src/Plankton/uuv_world_plugins) by extension 'cmake'
[0.613s] Level 1:colcon.colcon_core.package_identification:_identify(src/Plankton/uuv_world_plugins) by extension 'python'
[0.614s] Level 1:colcon.colcon_core.package_identification:_identify(src/Plankton/uuv_world_plugins) by extensions ['python_setup_py']
[0.614s] Level 1:colcon.colcon_core.package_identification:_identify(src/Plankton/uuv_world_plugins) by extension 'python_setup_py'
[0.614s] Level 1:colcon.colcon_core.package_identification:_identify(src/Plankton/uuv_world_plugins/uuv_world_plugins) by extensions ['ignore', 'ignore_ament_install']
[0.614s] Level 1:colcon.colcon_core.package_identification:_identify(src/Plankton/uuv_world_plugins/uuv_world_plugins) by extension 'ignore'
[0.614s] Level 1:colcon.colcon_core.package_identification:_identify(src/Plankton/uuv_world_plugins/uuv_world_plugins) by extension 'ignore_ament_install'
[0.614s] Level 1:colcon.colcon_core.package_identification:_identify(src/Plankton/uuv_world_plugins/uuv_world_plugins) by extensions ['colcon_pkg']
[0.614s] Level 1:colcon.colcon_core.package_identification:_identify(src/Plankton/uuv_world_plugins/uuv_world_plugins) by extension 'colcon_pkg'
[0.614s] Level 1:colcon.colcon_core.package_identification:_identify(src/Plankton/uuv_world_plugins/uuv_world_plugins) by extensions ['colcon_meta']
[0.614s] Level 1:colcon.colcon_core.package_identification:_identify(src/Plankton/uuv_world_plugins/uuv_world_plugins) by extension 'colcon_meta'
[0.614s] Level 1:colcon.colcon_core.package_identification:_identify(src/Plankton/uuv_world_plugins/uuv_world_plugins) by extensions ['ros']
[0.614s] Level 1:colcon.colcon_core.package_identification:_identify(src/Plankton/uuv_world_plugins/uuv_world_plugins) by extension 'ros'
[0.615s] DEBUG:colcon.colcon_core.package_identification:Package 'src/Plankton/uuv_world_plugins/uuv_world_plugins' with type 'ros.ament_cmake' and name 'uuv_world_plugins'
[0.615s] Level 1:colcon.colcon_core.package_identification:_identify(src/Plankton/uuv_world_plugins/uuv_world_ros_plugins) by extensions ['ignore', 'ignore_ament_install']
[0.615s] Level 1:colcon.colcon_core.package_identification:_identify(src/Plankton/uuv_world_plugins/uuv_world_ros_plugins) by extension 'ignore'
[0.615s] Level 1:colcon.colcon_core.package_identification:_identify(src/Plankton/uuv_world_plugins/uuv_world_ros_plugins) by extension 'ignore_ament_install'
[0.615s] Level 1:colcon.colcon_core.package_identification:_identify(src/Plankton/uuv_world_plugins/uuv_world_ros_plugins) by extensions ['colcon_pkg']
[0.615s] Level 1:colcon.colcon_core.package_identification:_identify(src/Plankton/uuv_world_plugins/uuv_world_ros_plugins) by extension 'colcon_pkg'
[0.616s] Level 1:colcon.colcon_core.package_identification:_identify(src/Plankton/uuv_world_plugins/uuv_world_ros_plugins) by extensions ['colcon_meta']
[0.616s] Level 1:colcon.colcon_core.package_identification:_identify(src/Plankton/uuv_world_plugins/uuv_world_ros_plugins) by extension 'colcon_meta'
[0.616s] Level 1:colcon.colcon_core.package_identification:_identify(src/Plankton/uuv_world_plugins/uuv_world_ros_plugins) by extensions ['ros']
[0.616s] Level 1:colcon.colcon_core.package_identification:_identify(src/Plankton/uuv_world_plugins/uuv_world_ros_plugins) by extension 'ros'
[0.617s] DEBUG:colcon.colcon_core.package_identification:Package 'src/Plankton/uuv_world_plugins/uuv_world_ros_plugins' with type 'ros.ament_cmake' and name 'uuv_world_ros_plugins'
[0.617s] Level 1:colcon.colcon_core.package_identification:_identify(src/Plankton/uuv_world_plugins/uuv_world_ros_plugins_msgs) by extensions ['ignore', 'ignore_ament_install']
[0.618s] Level 1:colcon.colcon_core.package_identification:_identify(src/Plankton/uuv_world_plugins/uuv_world_ros_plugins_msgs) by extension 'ignore'
[0.618s] Level 1:colcon.colcon_core.package_identification:_identify(src/Plankton/uuv_world_plugins/uuv_world_ros_plugins_msgs) by extension 'ignore_ament_install'
[0.618s] Level 1:colcon.colcon_core.package_identification:_identify(src/Plankton/uuv_world_plugins/uuv_world_ros_plugins_msgs) by extensions ['colcon_pkg']
[0.618s] Level 1:colcon.colcon_core.package_identification:_identify(src/Plankton/uuv_world_plugins/uuv_world_ros_plugins_msgs) by extension 'colcon_pkg'
[0.618s] Level 1:colcon.colcon_core.package_identification:_identify(src/Plankton/uuv_world_plugins/uuv_world_ros_plugins_msgs) by extensions ['colcon_meta']
[0.618s] Level 1:colcon.colcon_core.package_identification:_identify(src/Plankton/uuv_world_plugins/uuv_world_ros_plugins_msgs) by extension 'colcon_meta'
[0.618s] Level 1:colcon.colcon_core.package_identification:_identify(src/Plankton/uuv_world_plugins/uuv_world_ros_plugins_msgs) by extensions ['ros']
[0.618s] Level 1:colcon.colcon_core.package_identification:_identify(src/Plankton/uuv_world_plugins/uuv_world_ros_plugins_msgs) by extension 'ros'
[0.619s] DEBUG:colcon.colcon_core.package_identification:Package 'src/Plankton/uuv_world_plugins/uuv_world_ros_plugins_msgs' with type 'ros.ament_cmake' and name 'uuv_world_ros_plugins_msgs'
[0.619s] Level 1:colcon.colcon_core.package_identification:_identify(src/muuv_ros) by extensions ['ignore', 'ignore_ament_install']
[0.619s] Level 1:colcon.colcon_core.package_identification:_identify(src/muuv_ros) by extension 'ignore'
[0.619s] Level 1:colcon.colcon_core.package_identification:_identify(src/muuv_ros) by extension 'ignore_ament_install'
[0.619s] Level 1:colcon.colcon_core.package_identification:_identify(src/muuv_ros) by extensions ['colcon_pkg']
[0.620s] Level 1:colcon.colcon_core.package_identification:_identify(src/muuv_ros) by extension 'colcon_pkg'
[0.620s] Level 1:colcon.colcon_core.package_identification:_identify(src/muuv_ros) by extensions ['colcon_meta']
[0.620s] Level 1:colcon.colcon_core.package_identification:_identify(src/muuv_ros) by extension 'colcon_meta'
[0.620s] Level 1:colcon.colcon_core.package_identification:_identify(src/muuv_ros) by extensions ['ros']
[0.620s] Level 1:colcon.colcon_core.package_identification:_identify(src/muuv_ros) by extension 'ros'
[0.620s] DEBUG:colcon.colcon_core.package_identification:Package 'src/muuv_ros' with type 'ros.ament_cmake' and name 'muuv_ros'
[0.620s] Level 1:colcon.colcon_core.package_identification:_identify(src/pid_component) by extensions ['ignore', 'ignore_ament_install']
[0.621s] Level 1:colcon.colcon_core.package_identification:_identify(src/pid_component) by extension 'ignore'
[0.621s] Level 1:colcon.colcon_core.package_identification:_identify(src/pid_component) by extension 'ignore_ament_install'
[0.621s] Level 1:colcon.colcon_core.package_identification:_identify(src/pid_component) by extensions ['colcon_pkg']
[0.621s] Level 1:colcon.colcon_core.package_identification:_identify(src/pid_component) by extension 'colcon_pkg'
[0.621s] Level 1:colcon.colcon_core.package_identification:_identify(src/pid_component) by extensions ['colcon_meta']
[0.621s] Level 1:colcon.colcon_core.package_identification:_identify(src/pid_component) by extension 'colcon_meta'
[0.621s] Level 1:colcon.colcon_core.package_identification:_identify(src/pid_component) by extensions ['ros']
[0.621s] Level 1:colcon.colcon_core.package_identification:_identify(src/pid_component) by extension 'ros'
[0.622s] DEBUG:colcon.colcon_core.package_identification:Package 'src/pid_component' with type 'ros.ament_cmake' and name 'pid_component'
[0.622s] Level 1:colcon.colcon_core.package_discovery:discover_packages(recursive) using defaults
[0.622s] Level 1:colcon.colcon_core.package_discovery:discover_packages(ignore) discover
[0.622s] Level 1:colcon.colcon_core.package_discovery:discover_packages(ignore) using defaults
[0.622s] Level 1:colcon.colcon_core.package_discovery:discover_packages(path) discover
[0.622s] Level 1:colcon.colcon_core.package_discovery:discover_packages(path) using defaults
[0.651s] INFO:colcon.colcon_core.package_selection:Skipping not selected package 'muuv_ros' in 'src/muuv_ros'
[0.651s] INFO:colcon.colcon_core.package_selection:Skipping not selected package 'muuv_sim_control' in 'src/Muuv_sim/muuv_sim_control'
[0.651s] INFO:colcon.colcon_core.package_selection:Skipping not selected package 'muuv_sim_description' in 'src/Muuv_sim/muuv_sim_description'
[0.651s] INFO:colcon.colcon_core.package_selection:Skipping not selected package 'plankton_utils' in 'src/Plankton/plankton_utils'
[0.651s] INFO:colcon.colcon_core.package_selection:Skipping not selected package 'test_sim' in 'src/Muuv_sim/test_sim'
[0.651s] INFO:colcon.colcon_core.package_selection:Skipping not selected package 'uuv_control_msgs' in 'src/Plankton/uuv_control/uuv_control_msgs'
[0.651s] INFO:colcon.colcon_core.package_selection:Skipping not selected package 'uuv_gazebo' in 'src/Plankton/uuv_gazebo'
[0.651s] INFO:colcon.colcon_core.package_selection:Skipping not selected package 'uuv_gazebo_plugins' in 'src/Plankton/uuv_gazebo_plugins/uuv_gazebo_plugins'
[0.651s] INFO:colcon.colcon_core.package_selection:Skipping not selected package 'uuv_gazebo_ros_plugins_msgs' in 'src/Plankton/uuv_gazebo_plugins/uuv_gazebo_ros_plugins_msgs'
[0.651s] INFO:colcon.colcon_core.package_selection:Skipping not selected package 'uuv_gazebo_worlds' in 'src/Plankton/uuv_gazebo_worlds'
[0.651s] INFO:colcon.colcon_core.package_selection:Skipping not selected package 'uuv_sensor_ros_plugins_msgs' in 'src/Plankton/uuv_sensor_plugins/uuv_sensor_ros_plugins_msgs'
[0.651s] INFO:colcon.colcon_core.package_selection:Skipping not selected package 'uuv_tutorial_seabed_world' in 'src/Plankton/uuv_tutorials/uuv_tutorial_seabed_world'
[0.651s] INFO:colcon.colcon_core.package_selection:Skipping not selected package 'uuv_world_plugins' in 'src/Plankton/uuv_world_plugins/uuv_world_plugins'
[0.651s] INFO:colcon.colcon_core.package_selection:Skipping not selected package 'uuv_world_ros_plugins_msgs' in 'src/Plankton/uuv_world_plugins/uuv_world_ros_plugins_msgs'
[0.651s] INFO:colcon.colcon_core.package_selection:Skipping not selected package 'muuv_sim' in 'src/Muuv_sim/muuv_sim'
[0.651s] INFO:colcon.colcon_core.package_selection:Skipping not selected package 'uuv_assistants' in 'src/Plankton/uuv_assistants'
[0.651s] INFO:colcon.colcon_core.package_selection:Skipping not selected package 'uuv_auv_control_allocator' in 'src/Plankton/uuv_control/uuv_auv_control_allocator'
[0.651s] INFO:colcon.colcon_core.package_selection:Skipping not selected package 'uuv_control_cascaded_pid' in 'src/Plankton/uuv_control/uuv_control_cascaded_pids'
[0.651s] INFO:colcon.colcon_core.package_selection:Skipping not selected package 'uuv_gazebo_ros_plugins' in 'src/Plankton/uuv_gazebo_plugins/uuv_gazebo_ros_plugins'
[0.651s] INFO:colcon.colcon_core.package_selection:Skipping not selected package 'uuv_sensor_ros_plugins' in 'src/Plankton/uuv_sensor_plugins/uuv_sensor_ros_plugins'
[0.651s] INFO:colcon.colcon_core.package_selection:Skipping not selected package 'uuv_world_ros_plugins' in 'src/Plankton/uuv_world_plugins/uuv_world_ros_plugins'
[0.651s] INFO:colcon.colcon_core.package_selection:Skipping not selected package 'uuv_descriptions' in 'src/Plankton/uuv_descriptions'
[0.651s] INFO:colcon.colcon_core.package_selection:Skipping not selected package 'uuv_thruster_manager' in 'src/Plankton/uuv_control/uuv_thruster_manager'
[0.651s] INFO:colcon.colcon_core.package_selection:Skipping not selected package 'uuv_trajectory_control' in 'src/Plankton/uuv_control/uuv_trajectory_control'
[0.651s] INFO:colcon.colcon_core.package_selection:Skipping not selected package 'uuv_control_utils' in 'src/Plankton/uuv_control/uuv_control_utils'
[0.651s] INFO:colcon.colcon_core.package_selection:Skipping not selected package 'uuv_teleop' in 'src/Plankton/uuv_teleop'
[0.651s] INFO:colcon.colcon_core.package_selection:Skipping not selected package 'uuv_simulator' in 'src/Plankton/uuv_simulator'
[0.651s] INFO:colcon.colcon_core.package_selection:Skipping not selected package 'uuv_tutorial_disturbances' in 'src/Plankton/uuv_tutorials/uuv_tutorial_disturbances'
[0.651s] INFO:colcon.colcon_core.package_selection:Skipping not selected package 'uuv_tutorial_dp_controller' in 'src/Plankton/uuv_tutorials/uuv_tutorial_dp_controller'
[0.651s] INFO:colcon.colcon_core.package_selection:Skipping not selected package 'plankton' in 'src/Plankton/plankton'
[0.651s] INFO:colcon.colcon_core.package_selection:Skipping not selected package 'uuv_tutorials' in 'src/Plankton/uuv_tutorials/uuv_tutorials'
[0.652s] Level 1:colcon.colcon_core.package_discovery:discover_packages(prefix_path) check parameters
[0.652s] Level 1:colcon.colcon_core.package_discovery:discover_packages(prefix_path) discover
[0.658s] DEBUG:colcon.colcon_installed_package_information.package_discovery:Found 32 installed packages in /home/isopodin-time/ros2_ws/install
[0.660s] DEBUG:colcon.colcon_installed_package_information.package_discovery:Found 303 installed packages in /opt/ros/foxy
[0.662s] Level 1:colcon.colcon_core.package_discovery:discover_packages(prefix_path) using defaults
[0.738s] Level 5:colcon.colcon_core.verb:set package 'pid_component' build argument 'cmake_args' from command line to 'None'
[0.739s] Level 5:colcon.colcon_core.verb:set package 'pid_component' build argument 'cmake_target' from command line to 'None'
[0.739s] Level 5:colcon.colcon_core.verb:set package 'pid_component' build argument 'cmake_target_skip_unavailable' from command line to 'False'
[0.739s] Level 5:colcon.colcon_core.verb:set package 'pid_component' build argument 'cmake_clean_cache' from command line to 'False'
[0.739s] Level 5:colcon.colcon_core.verb:set package 'pid_component' build argument 'cmake_clean_first' from command line to 'False'
[0.739s] Level 5:colcon.colcon_core.verb:set package 'pid_component' build argument 'cmake_force_configure' from command line to 'False'
[0.739s] Level 5:colcon.colcon_core.verb:set package 'pid_component' build argument 'ament_cmake_args' from command line to 'None'
[0.739s] Level 5:colcon.colcon_core.verb:set package 'pid_component' build argument 'catkin_cmake_args' from command line to 'None'
[0.739s] Level 5:colcon.colcon_core.verb:set package 'pid_component' build argument 'catkin_skip_building_tests' from command line to 'False'
[0.739s] DEBUG:colcon.colcon_core.verb:Building package 'pid_component' with the following arguments: {'ament_cmake_args': None, 'build_base': '/home/isopodin-time/ros2_ws/build/pid_component', 'catkin_cmake_args': None, 'catkin_skip_building_tests': False, 'cmake_args': None, 'cmake_clean_cache': False, 'cmake_clean_first': False, 'cmake_force_configure': False, 'cmake_target': None, 'cmake_target_skip_unavailable': False, 'install_base': '/home/isopodin-time/ros2_ws/install/pid_component', 'merge_install': False, 'path': '/home/isopodin-time/ros2_ws/src/pid_component', 'symlink_install': True, 'test_result_base': None}
[0.740s] INFO:colcon.colcon_core.executor:Executing jobs using 'parallel' executor
[0.746s] DEBUG:colcon.colcon_parallel_executor.executor.parallel:run_until_complete
[0.746s] INFO:colcon.colcon_ros.task.ament_cmake.build:Building ROS package in '/home/isopodin-time/ros2_ws/src/pid_component' with build type 'ament_cmake'
[0.747s] INFO:colcon.colcon_cmake.task.cmake.build:Building CMake package in '/home/isopodin-time/ros2_ws/src/pid_component'
[0.755s] INFO:colcon.colcon_core.plugin_system:Skipping extension 'colcon_core.shell.bat': Not used on non-Windows systems
[0.755s] INFO:colcon.colcon_core.shell:Skip shell extension 'powershell' for command environment: Not usable outside of PowerShell
[0.756s] DEBUG:colcon.colcon_core.shell:Skip shell extension 'dsv' for command environment
[0.776s] DEBUG:colcon.colcon_core.event_handler.log_command:Invoking command in '/home/isopodin-time/ros2_ws/build/pid_component': CMAKE_PREFIX_PATH=${CMAKE_PREFIX_PATH}:/opt/ros/foxy /usr/bin/cmake --build /home/isopodin-time/ros2_ws/build/pid_component -- -j8 -l8
[6.654s] DEBUG:colcon.colcon_core.event_handler.log_command:Invoked command in '/home/isopodin-time/ros2_ws/build/pid_component' returned '0': CMAKE_PREFIX_PATH=${CMAKE_PREFIX_PATH}:/opt/ros/foxy /usr/bin/cmake --build /home/isopodin-time/ros2_ws/build/pid_component -- -j8 -l8
[6.708s] DEBUG:colcon.colcon_core.event_handler.log_command:Invoking command in '/home/isopodin-time/ros2_ws/build/pid_component': CMAKE_PREFIX_PATH=${CMAKE_PREFIX_PATH}:/opt/ros/foxy /usr/bin/cmake --install /home/isopodin-time/ros2_ws/build/pid_component
[6.741s] Level 1:colcon.colcon_core.environment:create_environment_scripts_only(pid_component)
[6.743s] DEBUG:colcon.colcon_core.event_handler.log_command:Invoked command in '/home/isopodin-time/ros2_ws/build/pid_component' returned '0': CMAKE_PREFIX_PATH=${CMAKE_PREFIX_PATH}:/opt/ros/foxy /usr/bin/cmake --install /home/isopodin-time/ros2_ws/build/pid_component
[6.750s] Level 1:colcon.colcon_core.environment:checking '/home/isopodin-time/ros2_ws/install/pid_component' for CMake module files
[6.751s] Level 1:colcon.colcon_core.environment:checking '/home/isopodin-time/ros2_ws/install/pid_component' for CMake config files
[6.752s] Level 1:colcon.colcon_core.shell:create_environment_hook('pid_component', 'cmake_prefix_path')
[6.755s] INFO:colcon.colcon_core.shell:Creating environment hook '/home/isopodin-time/ros2_ws/install/pid_component/share/pid_component/hook/cmake_prefix_path.ps1'
[6.756s] INFO:colcon.colcon_core.shell:Creating environment descriptor '/home/isopodin-time/ros2_ws/install/pid_component/share/pid_component/hook/cmake_prefix_path.dsv'
[6.757s] INFO:colcon.colcon_core.shell:Creating environment hook '/home/isopodin-time/ros2_ws/install/pid_component/share/pid_component/hook/cmake_prefix_path.sh'
[6.757s] Level 1:colcon.colcon_core.environment:checking '/home/isopodin-time/ros2_ws/install/pid_component/lib'
[6.758s] Level 1:colcon.colcon_core.shell:create_environment_hook('pid_component', 'ld_library_path_lib')
[6.760s] INFO:colcon.colcon_core.shell:Creating environment hook '/home/isopodin-time/ros2_ws/install/pid_component/share/pid_component/hook/ld_library_path_lib.ps1'
[6.761s] INFO:colcon.colcon_core.shell:Creating environment descriptor '/home/isopodin-time/ros2_ws/install/pid_component/share/pid_component/hook/ld_library_path_lib.dsv'
[6.761s] INFO:colcon.colcon_core.shell:Creating environment hook '/home/isopodin-time/ros2_ws/install/pid_component/share/pid_component/hook/ld_library_path_lib.sh'
[6.762s] Level 1:colcon.colcon_core.environment:checking '/home/isopodin-time/ros2_ws/install/pid_component/bin'
[6.762s] Level 1:colcon.colcon_core.environment:checking '/home/isopodin-time/ros2_ws/install/pid_component/lib/pkgconfig/pid_component.pc'
[6.762s] Level 1:colcon.colcon_core.environment:checking '/home/isopodin-time/ros2_ws/install/pid_component/lib/python3.8/site-packages'
[6.763s] Level 1:colcon.colcon_core.environment:checking '/home/isopodin-time/ros2_ws/install/pid_component/bin'
[6.765s] INFO:colcon.colcon_core.shell:Creating package script '/home/isopodin-time/ros2_ws/install/pid_component/share/pid_component/package.ps1'
[6.767s] INFO:colcon.colcon_core.shell:Creating package descriptor '/home/isopodin-time/ros2_ws/install/pid_component/share/pid_component/package.dsv'
[6.768s] INFO:colcon.colcon_core.shell:Creating package script '/home/isopodin-time/ros2_ws/install/pid_component/share/pid_component/package.sh'
[6.769s] INFO:colcon.colcon_core.shell:Creating package script '/home/isopodin-time/ros2_ws/install/pid_component/share/pid_component/package.bash'
[6.769s] INFO:colcon.colcon_core.shell:Creating package script '/home/isopodin-time/ros2_ws/install/pid_component/share/pid_component/package.zsh'
[6.770s] Level 1:colcon.colcon_core.environment:create_file_with_runtime_dependencies(/home/isopodin-time/ros2_ws/install/pid_component/share/colcon-core/packages/pid_component)
[6.811s] Level 1:colcon.colcon_core.environment:create_environment_scripts_only(pid_component)
[6.816s] Level 1:colcon.colcon_core.environment:checking '/home/isopodin-time/ros2_ws/install/pid_component' for CMake module files
[6.817s] Level 1:colcon.colcon_core.environment:checking '/home/isopodin-time/ros2_ws/install/pid_component' for CMake config files
[6.817s] Level 1:colcon.colcon_core.shell:create_environment_hook('pid_component', 'cmake_prefix_path')
[6.820s] INFO:colcon.colcon_core.shell:Creating environment hook '/home/isopodin-time/ros2_ws/install/pid_component/share/pid_component/hook/cmake_prefix_path.ps1'
[6.820s] INFO:colcon.colcon_core.shell:Creating environment descriptor '/home/isopodin-time/ros2_ws/install/pid_component/share/pid_component/hook/cmake_prefix_path.dsv'
[6.821s] INFO:colcon.colcon_core.shell:Creating environment hook '/home/isopodin-time/ros2_ws/install/pid_component/share/pid_component/hook/cmake_prefix_path.sh'
[6.821s] Level 1:colcon.colcon_core.environment:checking '/home/isopodin-time/ros2_ws/install/pid_component/lib'
[6.821s] Level 1:colcon.colcon_core.shell:create_environment_hook('pid_component', 'ld_library_path_lib')
[6.830s] INFO:colcon.colcon_core.shell:Creating environment hook '/home/isopodin-time/ros2_ws/install/pid_component/share/pid_component/hook/ld_library_path_lib.ps1'
[6.830s] INFO:colcon.colcon_core.shell:Creating environment descriptor '/home/isopodin-time/ros2_ws/install/pid_component/share/pid_component/hook/ld_library_path_lib.dsv'
[6.831s] INFO:colcon.colcon_core.shell:Creating environment hook '/home/isopodin-time/ros2_ws/install/pid_component/share/pid_component/hook/ld_library_path_lib.sh'
[6.831s] Level 1:colcon.colcon_core.environment:checking '/home/isopodin-time/ros2_ws/install/pid_component/bin'
[6.831s] Level 1:colcon.colcon_core.environment:checking '/home/isopodin-time/ros2_ws/install/pid_component/lib/pkgconfig/pid_component.pc'
[6.831s] Level 1:colcon.colcon_core.environment:checking '/home/isopodin-time/ros2_ws/install/pid_component/lib/python3.8/site-packages'
[6.831s] Level 1:colcon.colcon_core.environment:checking '/home/isopodin-time/ros2_ws/install/pid_component/bin'
[6.835s] INFO:colcon.colcon_core.shell:Creating package script '/home/isopodin-time/ros2_ws/install/pid_component/share/pid_component/package.ps1'
[6.836s] INFO:colcon.colcon_core.shell:Creating package descriptor '/home/isopodin-time/ros2_ws/install/pid_component/share/pid_component/package.dsv'
[6.836s] INFO:colcon.colcon_core.shell:Creating package script '/home/isopodin-time/ros2_ws/install/pid_component/share/pid_component/package.sh'
[6.837s] INFO:colcon.colcon_core.shell:Creating package script '/home/isopodin-time/ros2_ws/install/pid_component/share/pid_component/package.bash'
[6.837s] INFO:colcon.colcon_core.shell:Creating package script '/home/isopodin-time/ros2_ws/install/pid_component/share/pid_component/package.zsh'
[6.837s] Level 1:colcon.colcon_core.environment:create_file_with_runtime_dependencies(/home/isopodin-time/ros2_ws/install/pid_component/share/colcon-core/packages/pid_component)
[6.838s] DEBUG:colcon.colcon_parallel_executor.executor.parallel:closing loop
[6.838s] DEBUG:colcon.colcon_parallel_executor.executor.parallel:loop closed
[6.838s] DEBUG:colcon.colcon_parallel_executor.executor.parallel:run_until_complete finished with '0'
[6.838s] DEBUG:colcon.colcon_core.event_reactor:joining thread
[6.943s] INFO:colcon.colcon_core.plugin_system:Skipping extension 'colcon_notification.desktop_notification.notify_send': Could not find 'notify-send'
[6.944s] INFO:colcon.colcon_core.plugin_system:Skipping extension 'colcon_notification.desktop_notification.terminal_notifier': Not used on non-Darwin systems
[6.944s] INFO:colcon.colcon_core.plugin_system:Skipping extension 'colcon_notification.desktop_notification.win32': Not used on non-Windows systems
[6.944s] INFO:colcon.colcon_notification.desktop_notification:Sending desktop notification using 'notify2'
[6.944s] DEBUG:colcon.colcon_notification.desktop_notification.notify2:Failed to initialize notify2: org.freedesktop.DBus.Error.FileNotFound: Failed to connect to socket /run/user/1000/bus: No such file or directory
[6.944s] DEBUG:colcon.colcon_core.event_reactor:joined thread
[6.947s] INFO:colcon.colcon_core.shell:Creating prefix script '/home/isopodin-time/ros2_ws/install/local_setup.ps1'
[6.948s] INFO:colcon.colcon_core.shell:Creating prefix util module '/home/isopodin-time/ros2_ws/install/_local_setup_util_ps1.py'
[6.950s] INFO:colcon.colcon_core.shell:Creating prefix chain script '/home/isopodin-time/ros2_ws/install/setup.ps1'
[6.953s] INFO:colcon.colcon_core.shell:Creating prefix script '/home/isopodin-time/ros2_ws/install/local_setup.sh'
[6.955s] INFO:colcon.colcon_core.shell:Creating prefix util module '/home/isopodin-time/ros2_ws/install/_local_setup_util_sh.py'
[6.955s] INFO:colcon.colcon_core.shell:Creating prefix chain script '/home/isopodin-time/ros2_ws/install/setup.sh'
[6.958s] INFO:colcon.colcon_core.shell:Creating prefix script '/home/isopodin-time/ros2_ws/install/local_setup.bash'
[6.959s] INFO:colcon.colcon_core.shell:Creating prefix chain script '/home/isopodin-time/ros2_ws/install/setup.bash'
[6.962s] INFO:colcon.colcon_core.shell:Creating prefix script '/home/isopodin-time/ros2_ws/install/local_setup.zsh'
[6.962s] INFO:colcon.colcon_core.shell:Creating prefix chain script '/home/isopodin-time/ros2_ws/install/setup.zsh'
