[0.864s] Invoking command in '/home/isopodin-time/ros2_ws/build/uuv_thruster_manager': CMAKE_PREFIX_PATH=/home/isopodin-time/ros2_ws/install/uuv_assistants:/home/isopodin-time/ros2_ws/install/uuv_gazebo_ros_plugins_msgs:/home/isopodin-time/ros2_ws/install/plankton_utils:/home/isopodin-time/ros2_ws/install/plankton:/home/isopodin-time/ros2_ws/install/uuv_simulator:/home/isopodin-time/ros2_ws/install/uuv_world_ros_plugins:/home/isopodin-time/ros2_ws/install/uuv_control_utils:/home/isopodin-time/ros2_ws/install/uuv_world_ros_plugins_msgs:/home/isopodin-time/ros2_ws/install/uuv_world_plugins:/home/isopodin-time/ros2_ws/install/uuv_trajectory_control:/home/isopodin-time/ros2_ws/install/uuv_teleop:/home/isopodin-time/ros2_ws/install/uuv_thruster_manager:/home/isopodin-time/ros2_ws/install/uuv_descriptions:/home/isopodin-time/ros2_ws/install/uuv_sensor_ros_plugins:/home/isopodin-time/ros2_ws/install/uuv_sensor_ros_plugins_msgs:/home/isopodin-time/ros2_ws/install/uuv_gazebo_worlds:/home/isopodin-time/ros2_ws/install/uuv_gazebo_ros_plugins:/home/isopodin-time/ros2_ws/install/uuv_gazebo_plugins:/home/isopodin-time/ros2_ws/install/uuv_gazebo:/home/isopodin-time/ros2_ws/install/uuv_control_msgs:/home/isopodin-time/ros2_ws/install/uuv_control_cascaded_pid:/home/isopodin-time/ros2_ws/install/uuv_auv_control_allocator:/home/isopodin-time/ros2_ws/install/muuv_sim:/home/isopodin-time/ros2_ws/install/muuv_ros:/opt/ros/foxy LD_LIBRARY_PATH=/home/isopodin-time/ros2_ws/install/uuv_gazebo_ros_plugins_msgs/lib:/home/isopodin-time/ros2_ws/install/uuv_world_ros_plugins/lib:/home/isopodin-time/ros2_ws/install/uuv_world_ros_plugins_msgs/lib:/home/isopodin-time/ros2_ws/install/uuv_world_plugins/lib:/home/isopodin-time/ros2_ws/install/uuv_thruster_manager/lib:/home/isopodin-time/ros2_ws/install/uuv_sensor_ros_plugins/lib:/home/isopodin-time/ros2_ws/install/uuv_sensor_ros_plugins_msgs/lib:/home/isopodin-time/ros2_ws/install/uuv_gazebo_ros_plugins/lib:/home/isopodin-time/ros2_ws/install/uuv_gazebo_plugins/lib:/home/isopodin-time/ros2_ws/install/uuv_control_msgs/lib:/home/isopodin-time/ros2_ws/install/uuv_auv_control_allocator/lib:/usr/lib/x86_64-linux-gnu/gazebo-11/plugins:/opt/ros/foxy/opt/yaml_cpp_vendor/lib:/opt/ros/foxy/opt/rviz_ogre_vendor/lib:/opt/ros/foxy/lib/x86_64-linux-gnu:/opt/ros/foxy/lib:/usr/lib/x86_64-linux-gnu/gazebo-11/plugins PYTHONPATH=/home/isopodin-time/ros2_ws/install/uuv_assistants/lib/python3.8/site-packages:/home/isopodin-time/ros2_ws/install/uuv_gazebo_ros_plugins_msgs/lib/python3.8/site-packages:/home/isopodin-time/ros2_ws/install/plankton_utils/lib/python3.8/site-packages:/home/isopodin-time/ros2_ws/install/uuv_world_ros_plugins_msgs/lib/python3.8/site-packages:/home/isopodin-time/ros2_ws/install/uuv_trajectory_control/lib/python3.8/site-packages:/home/isopodin-time/ros2_ws/install/uuv_thruster_manager/lib/python3.8/site-packages:/home/isopodin-time/ros2_ws/install/uuv_sensor_ros_plugins_msgs/lib/python3.8/site-packages:/home/isopodin-time/ros2_ws/install/uuv_control_msgs/lib/python3.8/site-packages:/home/isopodin-time/ros2_ws/install/uuv_control_cascaded_pid/lib/python3.8/site-packages:/home/isopodin-time/ros2_ws/install/uuv_auv_control_allocator/lib/python3.8/site-packages:/opt/ros/foxy/lib/python3.8/site-packages /usr/bin/cmake --build /home/isopodin-time/ros2_ws/build/uuv_thruster_manager -- -j8 -l8
[1.061s] [  1%] Built target uuv_thruster_manager__cpp
[1.113s] [ 12%] Built target uuv_thruster_manager__rosidl_generator_c
[1.160s] [ 23%] Built target uuv_thruster_manager__rosidl_typesupport_introspection_cpp
[1.172s] [ 34%] Built target uuv_thruster_manager__rosidl_typesupport_introspection_c
[1.182s] [ 45%] Built target uuv_thruster_manager__rosidl_typesupport_cpp
[1.198s] [ 56%] Built target uuv_thruster_manager__rosidl_typesupport_fastrtps_cpp
[1.202s] [ 67%] Built target uuv_thruster_manager__rosidl_typesupport_c
[1.277s] [ 78%] Built target uuv_thruster_manager__rosidl_typesupport_fastrtps_c
[1.316s] [ 78%] Built target uuv_thruster_manager
[1.363s] [ 80%] Built target uuv_thruster_manager__py
[1.410s] [ 89%] Built target uuv_thruster_manager__python
[1.478s] [ 92%] Built target uuv_thruster_manager__rosidl_typesupport_c__pyext
[1.479s] [100%] Built target uuv_thruster_manager__rosidl_typesupport_fastrtps_c__pyext
[1.480s] [100%] Built target uuv_thruster_manager__rosidl_typesupport_introspection_c__pyext
[1.609s] Invoked command in '/home/isopodin-time/ros2_ws/build/uuv_thruster_manager' returned '0': CMAKE_PREFIX_PATH=/home/isopodin-time/ros2_ws/install/uuv_assistants:/home/isopodin-time/ros2_ws/install/uuv_gazebo_ros_plugins_msgs:/home/isopodin-time/ros2_ws/install/plankton_utils:/home/isopodin-time/ros2_ws/install/plankton:/home/isopodin-time/ros2_ws/install/uuv_simulator:/home/isopodin-time/ros2_ws/install/uuv_world_ros_plugins:/home/isopodin-time/ros2_ws/install/uuv_control_utils:/home/isopodin-time/ros2_ws/install/uuv_world_ros_plugins_msgs:/home/isopodin-time/ros2_ws/install/uuv_world_plugins:/home/isopodin-time/ros2_ws/install/uuv_trajectory_control:/home/isopodin-time/ros2_ws/install/uuv_teleop:/home/isopodin-time/ros2_ws/install/uuv_thruster_manager:/home/isopodin-time/ros2_ws/install/uuv_descriptions:/home/isopodin-time/ros2_ws/install/uuv_sensor_ros_plugins:/home/isopodin-time/ros2_ws/install/uuv_sensor_ros_plugins_msgs:/home/isopodin-time/ros2_ws/install/uuv_gazebo_worlds:/home/isopodin-time/ros2_ws/install/uuv_gazebo_ros_plugins:/home/isopodin-time/ros2_ws/install/uuv_gazebo_plugins:/home/isopodin-time/ros2_ws/install/uuv_gazebo:/home/isopodin-time/ros2_ws/install/uuv_control_msgs:/home/isopodin-time/ros2_ws/install/uuv_control_cascaded_pid:/home/isopodin-time/ros2_ws/install/uuv_auv_control_allocator:/home/isopodin-time/ros2_ws/install/muuv_sim:/home/isopodin-time/ros2_ws/install/muuv_ros:/opt/ros/foxy LD_LIBRARY_PATH=/home/isopodin-time/ros2_ws/install/uuv_gazebo_ros_plugins_msgs/lib:/home/isopodin-time/ros2_ws/install/uuv_world_ros_plugins/lib:/home/isopodin-time/ros2_ws/install/uuv_world_ros_plugins_msgs/lib:/home/isopodin-time/ros2_ws/install/uuv_world_plugins/lib:/home/isopodin-time/ros2_ws/install/uuv_thruster_manager/lib:/home/isopodin-time/ros2_ws/install/uuv_sensor_ros_plugins/lib:/home/isopodin-time/ros2_ws/install/uuv_sensor_ros_plugins_msgs/lib:/home/isopodin-time/ros2_ws/install/uuv_gazebo_ros_plugins/lib:/home/isopodin-time/ros2_ws/install/uuv_gazebo_plugins/lib:/home/isopodin-time/ros2_ws/install/uuv_control_msgs/lib:/home/isopodin-time/ros2_ws/install/uuv_auv_control_allocator/lib:/usr/lib/x86_64-linux-gnu/gazebo-11/plugins:/opt/ros/foxy/opt/yaml_cpp_vendor/lib:/opt/ros/foxy/opt/rviz_ogre_vendor/lib:/opt/ros/foxy/lib/x86_64-linux-gnu:/opt/ros/foxy/lib:/usr/lib/x86_64-linux-gnu/gazebo-11/plugins PYTHONPATH=/home/isopodin-time/ros2_ws/install/uuv_assistants/lib/python3.8/site-packages:/home/isopodin-time/ros2_ws/install/uuv_gazebo_ros_plugins_msgs/lib/python3.8/site-packages:/home/isopodin-time/ros2_ws/install/plankton_utils/lib/python3.8/site-packages:/home/isopodin-time/ros2_ws/install/uuv_world_ros_plugins_msgs/lib/python3.8/site-packages:/home/isopodin-time/ros2_ws/install/uuv_trajectory_control/lib/python3.8/site-packages:/home/isopodin-time/ros2_ws/install/uuv_thruster_manager/lib/python3.8/site-packages:/home/isopodin-time/ros2_ws/install/uuv_sensor_ros_plugins_msgs/lib/python3.8/site-packages:/home/isopodin-time/ros2_ws/install/uuv_control_msgs/lib/python3.8/site-packages:/home/isopodin-time/ros2_ws/install/uuv_control_cascaded_pid/lib/python3.8/site-packages:/home/isopodin-time/ros2_ws/install/uuv_auv_control_allocator/lib/python3.8/site-packages:/opt/ros/foxy/lib/python3.8/site-packages /usr/bin/cmake --build /home/isopodin-time/ros2_ws/build/uuv_thruster_manager -- -j8 -l8
[1.927s] Invoking command in '/home/isopodin-time/ros2_ws/build/uuv_thruster_manager': CMAKE_PREFIX_PATH=/home/isopodin-time/ros2_ws/install/uuv_assistants:/home/isopodin-time/ros2_ws/install/uuv_gazebo_ros_plugins_msgs:/home/isopodin-time/ros2_ws/install/plankton_utils:/home/isopodin-time/ros2_ws/install/plankton:/home/isopodin-time/ros2_ws/install/uuv_simulator:/home/isopodin-time/ros2_ws/install/uuv_world_ros_plugins:/home/isopodin-time/ros2_ws/install/uuv_control_utils:/home/isopodin-time/ros2_ws/install/uuv_world_ros_plugins_msgs:/home/isopodin-time/ros2_ws/install/uuv_world_plugins:/home/isopodin-time/ros2_ws/install/uuv_trajectory_control:/home/isopodin-time/ros2_ws/install/uuv_teleop:/home/isopodin-time/ros2_ws/install/uuv_thruster_manager:/home/isopodin-time/ros2_ws/install/uuv_descriptions:/home/isopodin-time/ros2_ws/install/uuv_sensor_ros_plugins:/home/isopodin-time/ros2_ws/install/uuv_sensor_ros_plugins_msgs:/home/isopodin-time/ros2_ws/install/uuv_gazebo_worlds:/home/isopodin-time/ros2_ws/install/uuv_gazebo_ros_plugins:/home/isopodin-time/ros2_ws/install/uuv_gazebo_plugins:/home/isopodin-time/ros2_ws/install/uuv_gazebo:/home/isopodin-time/ros2_ws/install/uuv_control_msgs:/home/isopodin-time/ros2_ws/install/uuv_control_cascaded_pid:/home/isopodin-time/ros2_ws/install/uuv_auv_control_allocator:/home/isopodin-time/ros2_ws/install/muuv_sim:/home/isopodin-time/ros2_ws/install/muuv_ros:/opt/ros/foxy LD_LIBRARY_PATH=/home/isopodin-time/ros2_ws/install/uuv_gazebo_ros_plugins_msgs/lib:/home/isopodin-time/ros2_ws/install/uuv_world_ros_plugins/lib:/home/isopodin-time/ros2_ws/install/uuv_world_ros_plugins_msgs/lib:/home/isopodin-time/ros2_ws/install/uuv_world_plugins/lib:/home/isopodin-time/ros2_ws/install/uuv_thruster_manager/lib:/home/isopodin-time/ros2_ws/install/uuv_sensor_ros_plugins/lib:/home/isopodin-time/ros2_ws/install/uuv_sensor_ros_plugins_msgs/lib:/home/isopodin-time/ros2_ws/install/uuv_gazebo_ros_plugins/lib:/home/isopodin-time/ros2_ws/install/uuv_gazebo_plugins/lib:/home/isopodin-time/ros2_ws/install/uuv_control_msgs/lib:/home/isopodin-time/ros2_ws/install/uuv_auv_control_allocator/lib:/usr/lib/x86_64-linux-gnu/gazebo-11/plugins:/opt/ros/foxy/opt/yaml_cpp_vendor/lib:/opt/ros/foxy/opt/rviz_ogre_vendor/lib:/opt/ros/foxy/lib/x86_64-linux-gnu:/opt/ros/foxy/lib:/usr/lib/x86_64-linux-gnu/gazebo-11/plugins PYTHONPATH=/home/isopodin-time/ros2_ws/install/uuv_assistants/lib/python3.8/site-packages:/home/isopodin-time/ros2_ws/install/uuv_gazebo_ros_plugins_msgs/lib/python3.8/site-packages:/home/isopodin-time/ros2_ws/install/plankton_utils/lib/python3.8/site-packages:/home/isopodin-time/ros2_ws/install/uuv_world_ros_plugins_msgs/lib/python3.8/site-packages:/home/isopodin-time/ros2_ws/install/uuv_trajectory_control/lib/python3.8/site-packages:/home/isopodin-time/ros2_ws/install/uuv_thruster_manager/lib/python3.8/site-packages:/home/isopodin-time/ros2_ws/install/uuv_sensor_ros_plugins_msgs/lib/python3.8/site-packages:/home/isopodin-time/ros2_ws/install/uuv_control_msgs/lib/python3.8/site-packages:/home/isopodin-time/ros2_ws/install/uuv_control_cascaded_pid/lib/python3.8/site-packages:/home/isopodin-time/ros2_ws/install/uuv_auv_control_allocator/lib/python3.8/site-packages:/opt/ros/foxy/lib/python3.8/site-packages /usr/bin/cmake --install /home/isopodin-time/ros2_ws/build/uuv_thruster_manager
[1.980s] -- Install configuration: ""
[1.983s] -- Up-to-date: /home/isopodin-time/ros2_ws/install/uuv_thruster_manager/share/ament_index/resource_index/rosidl_interfaces/uuv_thruster_manager
[1.983s] -- Up-to-date: /home/isopodin-time/ros2_ws/install/uuv_thruster_manager/include/uuv_thruster_manager
[1.983s] -- Up-to-date: /home/isopodin-time/ros2_ws/install/uuv_thruster_manager/include/uuv_thruster_manager/msg
[1.984s] -- Up-to-date: /home/isopodin-time/ros2_ws/install/uuv_thruster_manager/include/uuv_thruster_manager/msg/rosidl_generator_c__visibility_control.h
[1.984s] -- Up-to-date: /home/isopodin-time/ros2_ws/install/uuv_thruster_manager/include/uuv_thruster_manager/srv
[1.985s] -- Up-to-date: /home/isopodin-time/ros2_ws/install/uuv_thruster_manager/include/uuv_thruster_manager/srv/get_thruster_curve.h
[1.986s] -- Up-to-date: /home/isopodin-time/ros2_ws/install/uuv_thruster_manager/include/uuv_thruster_manager/srv/detail
[1.987s] -- Up-to-date: /home/isopodin-time/ros2_ws/install/uuv_thruster_manager/include/uuv_thruster_manager/srv/detail/get_thruster_manager_config__type_support.h
[1.987s] -- Up-to-date: /home/isopodin-time/ros2_ws/install/uuv_thruster_manager/include/uuv_thruster_manager/srv/detail/get_thruster_curve__type_support.h
[1.987s] -- Up-to-date: /home/isopodin-time/ros2_ws/install/uuv_thruster_manager/include/uuv_thruster_manager/srv/detail/get_thruster_manager_config__struct.h
[1.988s] -- Up-to-date: /home/isopodin-time/ros2_ws/install/uuv_thruster_manager/include/uuv_thruster_manager/srv/detail/thruster_manager_info__functions.h
[1.988s] -- Up-to-date: /home/isopodin-time/ros2_ws/install/uuv_thruster_manager/include/uuv_thruster_manager/srv/detail/thruster_manager_info__type_support.h
[1.988s] -- Up-to-date: /home/isopodin-time/ros2_ws/install/uuv_thruster_manager/include/uuv_thruster_manager/srv/detail/get_thruster_curve__functions.h
[1.988s] -- Up-to-date: /home/isopodin-time/ros2_ws/install/uuv_thruster_manager/include/uuv_thruster_manager/srv/detail/set_thruster_manager_config__functions.c
[1.988s] -- Up-to-date: /home/isopodin-time/ros2_ws/install/uuv_thruster_manager/include/uuv_thruster_manager/srv/detail/set_thruster_manager_config__struct.h
[1.989s] -- Up-to-date: /home/isopodin-time/ros2_ws/install/uuv_thruster_manager/include/uuv_thruster_manager/srv/detail/get_thruster_manager_config__functions.c
[1.989s] -- Up-to-date: /home/isopodin-time/ros2_ws/install/uuv_thruster_manager/include/uuv_thruster_manager/srv/detail/thruster_manager_info__functions.c
[1.989s] -- Up-to-date: /home/isopodin-time/ros2_ws/install/uuv_thruster_manager/include/uuv_thruster_manager/srv/detail/thruster_manager_info__struct.h
[1.989s] -- Up-to-date: /home/isopodin-time/ros2_ws/install/uuv_thruster_manager/include/uuv_thruster_manager/srv/detail/get_thruster_curve__functions.c
[1.989s] -- Up-to-date: /home/isopodin-time/ros2_ws/install/uuv_thruster_manager/include/uuv_thruster_manager/srv/detail/set_thruster_manager_config__functions.h
[1.990s] -- Up-to-date: /home/isopodin-time/ros2_ws/install/uuv_thruster_manager/include/uuv_thruster_manager/srv/detail/set_thruster_manager_config__type_support.h
[1.990s] -- Up-to-date: /home/isopodin-time/ros2_ws/install/uuv_thruster_manager/include/uuv_thruster_manager/srv/detail/get_thruster_curve__struct.h
[1.990s] -- Up-to-date: /home/isopodin-time/ros2_ws/install/uuv_thruster_manager/include/uuv_thruster_manager/srv/detail/get_thruster_manager_config__functions.h
[1.990s] -- Up-to-date: /home/isopodin-time/ros2_ws/install/uuv_thruster_manager/include/uuv_thruster_manager/srv/get_thruster_manager_config.h
[1.990s] -- Up-to-date: /home/isopodin-time/ros2_ws/install/uuv_thruster_manager/include/uuv_thruster_manager/srv/thruster_manager_info.h
[1.990s] -- Up-to-date: /home/isopodin-time/ros2_ws/install/uuv_thruster_manager/include/uuv_thruster_manager/srv/set_thruster_manager_config.h
[1.990s] -- Up-to-date: /home/isopodin-time/ros2_ws/install/uuv_thruster_manager/share/uuv_thruster_manager/environment/library_path.sh
[1.990s] -- Up-to-date: /home/isopodin-time/ros2_ws/install/uuv_thruster_manager/share/uuv_thruster_manager/environment/library_path.dsv
[1.990s] -- Up-to-date: /home/isopodin-time/ros2_ws/install/uuv_thruster_manager/lib/libuuv_thruster_manager__rosidl_generator_c.so
[1.990s] -- Up-to-date: /home/isopodin-time/ros2_ws/install/uuv_thruster_manager/include/uuv_thruster_manager
[1.991s] -- Up-to-date: /home/isopodin-time/ros2_ws/install/uuv_thruster_manager/include/uuv_thruster_manager/msg
[1.991s] -- Up-to-date: /home/isopodin-time/ros2_ws/install/uuv_thruster_manager/include/uuv_thruster_manager/msg/rosidl_typesupport_fastrtps_c__visibility_control.h
[1.991s] -- Up-to-date: /home/isopodin-time/ros2_ws/install/uuv_thruster_manager/include/uuv_thruster_manager/srv
[1.991s] -- Up-to-date: /home/isopodin-time/ros2_ws/install/uuv_thruster_manager/include/uuv_thruster_manager/srv/detail
[1.991s] -- Up-to-date: /home/isopodin-time/ros2_ws/install/uuv_thruster_manager/include/uuv_thruster_manager/srv/detail/set_thruster_manager_config__rosidl_typesupport_fastrtps_c.h
[1.991s] -- Up-to-date: /home/isopodin-time/ros2_ws/install/uuv_thruster_manager/include/uuv_thruster_manager/srv/detail/thruster_manager_info__rosidl_typesupport_fastrtps_c.h
[1.991s] -- Up-to-date: /home/isopodin-time/ros2_ws/install/uuv_thruster_manager/include/uuv_thruster_manager/srv/detail/get_thruster_curve__rosidl_typesupport_fastrtps_c.h
[1.991s] -- Up-to-date: /home/isopodin-time/ros2_ws/install/uuv_thruster_manager/include/uuv_thruster_manager/srv/detail/get_thruster_manager_config__rosidl_typesupport_fastrtps_c.h
[1.992s] -- Up-to-date: /home/isopodin-time/ros2_ws/install/uuv_thruster_manager/lib/libuuv_thruster_manager__rosidl_typesupport_fastrtps_c.so
[1.992s] -- Up-to-date: /home/isopodin-time/ros2_ws/install/uuv_thruster_manager/include/uuv_thruster_manager
[1.992s] -- Up-to-date: /home/isopodin-time/ros2_ws/install/uuv_thruster_manager/include/uuv_thruster_manager/msg
[1.992s] -- Up-to-date: /home/isopodin-time/ros2_ws/install/uuv_thruster_manager/include/uuv_thruster_manager/msg/rosidl_typesupport_fastrtps_cpp__visibility_control.h
[1.992s] -- Up-to-date: /home/isopodin-time/ros2_ws/install/uuv_thruster_manager/include/uuv_thruster_manager/srv
[1.992s] -- Up-to-date: /home/isopodin-time/ros2_ws/install/uuv_thruster_manager/include/uuv_thruster_manager/srv/detail
[1.992s] -- Up-to-date: /home/isopodin-time/ros2_ws/install/uuv_thruster_manager/include/uuv_thruster_manager/srv/detail/set_thruster_manager_config__rosidl_typesupport_fastrtps_cpp.hpp
[1.992s] -- Up-to-date: /home/isopodin-time/ros2_ws/install/uuv_thruster_manager/include/uuv_thruster_manager/srv/detail/dds_fastrtps
[1.992s] -- Up-to-date: /home/isopodin-time/ros2_ws/install/uuv_thruster_manager/include/uuv_thruster_manager/srv/detail/get_thruster_manager_config__rosidl_typesupport_fastrtps_cpp.hpp
[1.993s] -- Up-to-date: /home/isopodin-time/ros2_ws/install/uuv_thruster_manager/include/uuv_thruster_manager/srv/detail/get_thruster_curve__rosidl_typesupport_fastrtps_cpp.hpp
[1.993s] -- Up-to-date: /home/isopodin-time/ros2_ws/install/uuv_thruster_manager/include/uuv_thruster_manager/srv/detail/thruster_manager_info__rosidl_typesupport_fastrtps_cpp.hpp
[1.993s] -- Up-to-date: /home/isopodin-time/ros2_ws/install/uuv_thruster_manager/lib/libuuv_thruster_manager__rosidl_typesupport_fastrtps_cpp.so
[1.993s] -- Up-to-date: /home/isopodin-time/ros2_ws/install/uuv_thruster_manager/include/uuv_thruster_manager
[1.993s] -- Up-to-date: /home/isopodin-time/ros2_ws/install/uuv_thruster_manager/include/uuv_thruster_manager/msg
[1.993s] -- Up-to-date: /home/isopodin-time/ros2_ws/install/uuv_thruster_manager/include/uuv_thruster_manager/msg/rosidl_typesupport_introspection_c__visibility_control.h
[1.993s] -- Up-to-date: /home/isopodin-time/ros2_ws/install/uuv_thruster_manager/include/uuv_thruster_manager/srv
[1.993s] -- Up-to-date: /home/isopodin-time/ros2_ws/install/uuv_thruster_manager/include/uuv_thruster_manager/srv/detail
[1.994s] -- Up-to-date: /home/isopodin-time/ros2_ws/install/uuv_thruster_manager/include/uuv_thruster_manager/srv/detail/get_thruster_curve__type_support.c
[1.994s] -- Up-to-date: /home/isopodin-time/ros2_ws/install/uuv_thruster_manager/include/uuv_thruster_manager/srv/detail/get_thruster_manager_config__rosidl_typesupport_introspection_c.h
[1.994s] -- Up-to-date: /home/isopodin-time/ros2_ws/install/uuv_thruster_manager/include/uuv_thruster_manager/srv/detail/get_thruster_curve__rosidl_typesupport_introspection_c.h
[1.994s] -- Up-to-date: /home/isopodin-time/ros2_ws/install/uuv_thruster_manager/include/uuv_thruster_manager/srv/detail/get_thruster_manager_config__type_support.c
[1.994s] -- Up-to-date: /home/isopodin-time/ros2_ws/install/uuv_thruster_manager/include/uuv_thruster_manager/srv/detail/thruster_manager_info__rosidl_typesupport_introspection_c.h
[1.994s] -- Up-to-date: /home/isopodin-time/ros2_ws/install/uuv_thruster_manager/include/uuv_thruster_manager/srv/detail/set_thruster_manager_config__type_support.c
[1.994s] -- Up-to-date: /home/isopodin-time/ros2_ws/install/uuv_thruster_manager/include/uuv_thruster_manager/srv/detail/thruster_manager_info__type_support.c
[1.994s] -- Up-to-date: /home/isopodin-time/ros2_ws/install/uuv_thruster_manager/include/uuv_thruster_manager/srv/detail/set_thruster_manager_config__rosidl_typesupport_introspection_c.h
[1.995s] -- Up-to-date: /home/isopodin-time/ros2_ws/install/uuv_thruster_manager/lib/libuuv_thruster_manager__rosidl_typesupport_introspection_c.so
[1.995s] -- Up-to-date: /home/isopodin-time/ros2_ws/install/uuv_thruster_manager/lib/libuuv_thruster_manager__rosidl_typesupport_c.so
[1.995s] -- Up-to-date: /home/isopodin-time/ros2_ws/install/uuv_thruster_manager/include/uuv_thruster_manager
[1.995s] -- Up-to-date: /home/isopodin-time/ros2_ws/install/uuv_thruster_manager/include/uuv_thruster_manager/msg
[1.995s] -- Up-to-date: /home/isopodin-time/ros2_ws/install/uuv_thruster_manager/include/uuv_thruster_manager/msg/rosidl_generator_cpp__visibility_control.hpp
[1.995s] -- Up-to-date: /home/isopodin-time/ros2_ws/install/uuv_thruster_manager/include/uuv_thruster_manager/srv
[1.995s] -- Up-to-date: /home/isopodin-time/ros2_ws/install/uuv_thruster_manager/include/uuv_thruster_manager/srv/set_thruster_manager_config.hpp
[1.995s] -- Up-to-date: /home/isopodin-time/ros2_ws/install/uuv_thruster_manager/include/uuv_thruster_manager/srv/get_thruster_curve.hpp
[1.996s] -- Up-to-date: /home/isopodin-time/ros2_ws/install/uuv_thruster_manager/include/uuv_thruster_manager/srv/detail
[1.996s] -- Up-to-date: /home/isopodin-time/ros2_ws/install/uuv_thruster_manager/include/uuv_thruster_manager/srv/detail/get_thruster_curve__struct.hpp
[1.996s] -- Up-to-date: /home/isopodin-time/ros2_ws/install/uuv_thruster_manager/include/uuv_thruster_manager/srv/detail/get_thruster_curve__traits.hpp
[1.996s] -- Up-to-date: /home/isopodin-time/ros2_ws/install/uuv_thruster_manager/include/uuv_thruster_manager/srv/detail/set_thruster_manager_config__type_support.hpp
[1.996s] -- Up-to-date: /home/isopodin-time/ros2_ws/install/uuv_thruster_manager/include/uuv_thruster_manager/srv/detail/set_thruster_manager_config__traits.hpp
[1.996s] -- Up-to-date: /home/isopodin-time/ros2_ws/install/uuv_thruster_manager/include/uuv_thruster_manager/srv/detail/get_thruster_curve__type_support.hpp
[1.996s] -- Up-to-date: /home/isopodin-time/ros2_ws/install/uuv_thruster_manager/include/uuv_thruster_manager/srv/detail/get_thruster_manager_config__builder.hpp
[1.997s] -- Up-to-date: /home/isopodin-time/ros2_ws/install/uuv_thruster_manager/include/uuv_thruster_manager/srv/detail/thruster_manager_info__builder.hpp
[1.997s] -- Up-to-date: /home/isopodin-time/ros2_ws/install/uuv_thruster_manager/include/uuv_thruster_manager/srv/detail/set_thruster_manager_config__struct.hpp
[1.997s] -- Up-to-date: /home/isopodin-time/ros2_ws/install/uuv_thruster_manager/include/uuv_thruster_manager/srv/detail/thruster_manager_info__traits.hpp
[1.997s] -- Up-to-date: /home/isopodin-time/ros2_ws/install/uuv_thruster_manager/include/uuv_thruster_manager/srv/detail/get_thruster_manager_config__struct.hpp
[1.997s] -- Up-to-date: /home/isopodin-time/ros2_ws/install/uuv_thruster_manager/include/uuv_thruster_manager/srv/detail/thruster_manager_info__type_support.hpp
[1.997s] -- Up-to-date: /home/isopodin-time/ros2_ws/install/uuv_thruster_manager/include/uuv_thruster_manager/srv/detail/get_thruster_manager_config__type_support.hpp
[1.997s] -- Up-to-date: /home/isopodin-time/ros2_ws/install/uuv_thruster_manager/include/uuv_thruster_manager/srv/detail/set_thruster_manager_config__builder.hpp
[1.997s] -- Up-to-date: /home/isopodin-time/ros2_ws/install/uuv_thruster_manager/include/uuv_thruster_manager/srv/detail/get_thruster_manager_config__traits.hpp
[1.998s] -- Up-to-date: /home/isopodin-time/ros2_ws/install/uuv_thruster_manager/include/uuv_thruster_manager/srv/detail/get_thruster_curve__builder.hpp
[1.998s] -- Up-to-date: /home/isopodin-time/ros2_ws/install/uuv_thruster_manager/include/uuv_thruster_manager/srv/detail/thruster_manager_info__struct.hpp
[1.998s] -- Up-to-date: /home/isopodin-time/ros2_ws/install/uuv_thruster_manager/include/uuv_thruster_manager/srv/get_thruster_manager_config.hpp
[1.998s] -- Up-to-date: /home/isopodin-time/ros2_ws/install/uuv_thruster_manager/include/uuv_thruster_manager/srv/thruster_manager_info.hpp
[1.998s] -- Up-to-date: /home/isopodin-time/ros2_ws/install/uuv_thruster_manager/include/uuv_thruster_manager
[1.998s] -- Up-to-date: /home/isopodin-time/ros2_ws/install/uuv_thruster_manager/include/uuv_thruster_manager/srv
[1.998s] -- Up-to-date: /home/isopodin-time/ros2_ws/install/uuv_thruster_manager/include/uuv_thruster_manager/srv/detail
[1.999s] -- Up-to-date: /home/isopodin-time/ros2_ws/install/uuv_thruster_manager/include/uuv_thruster_manager/srv/detail/get_thruster_curve__type_support.cpp
[1.999s] -- Up-to-date: /home/isopodin-time/ros2_ws/install/uuv_thruster_manager/include/uuv_thruster_manager/srv/detail/get_thruster_manager_config__type_support.cpp
[1.999s] -- Up-to-date: /home/isopodin-time/ros2_ws/install/uuv_thruster_manager/include/uuv_thruster_manager/srv/detail/thruster_manager_info__type_support.cpp
[1.999s] -- Up-to-date: /home/isopodin-time/ros2_ws/install/uuv_thruster_manager/include/uuv_thruster_manager/srv/detail/get_thruster_curve__rosidl_typesupport_introspection_cpp.hpp
[1.999s] -- Up-to-date: /home/isopodin-time/ros2_ws/install/uuv_thruster_manager/include/uuv_thruster_manager/srv/detail/set_thruster_manager_config__rosidl_typesupport_introspection_cpp.hpp
[1.999s] -- Up-to-date: /home/isopodin-time/ros2_ws/install/uuv_thruster_manager/include/uuv_thruster_manager/srv/detail/set_thruster_manager_config__type_support.cpp
[1.999s] -- Up-to-date: /home/isopodin-time/ros2_ws/install/uuv_thruster_manager/include/uuv_thruster_manager/srv/detail/thruster_manager_info__rosidl_typesupport_introspection_cpp.hpp
[1.999s] -- Up-to-date: /home/isopodin-time/ros2_ws/install/uuv_thruster_manager/include/uuv_thruster_manager/srv/detail/get_thruster_manager_config__rosidl_typesupport_introspection_cpp.hpp
[2.000s] -- Up-to-date: /home/isopodin-time/ros2_ws/install/uuv_thruster_manager/lib/libuuv_thruster_manager__rosidl_typesupport_introspection_cpp.so
[2.000s] -- Up-to-date: /home/isopodin-time/ros2_ws/install/uuv_thruster_manager/lib/libuuv_thruster_manager__rosidl_typesupport_cpp.so
[2.000s] -- Up-to-date: /home/isopodin-time/ros2_ws/install/uuv_thruster_manager/share/uuv_thruster_manager/environment/pythonpath.sh
[2.000s] -- Up-to-date: /home/isopodin-time/ros2_ws/install/uuv_thruster_manager/share/uuv_thruster_manager/environment/pythonpath.dsv
[2.001s] -- Up-to-date: /home/isopodin-time/ros2_ws/install/uuv_thruster_manager/lib/python3.8/site-packages/uuv_thruster_manager/__init__.py
[2.082s] -- Up-to-date: /home/isopodin-time/ros2_ws/install/uuv_thruster_manager/lib/python3.8/site-packages/uuv_thruster_manager/srv
[2.082s] -- Up-to-date: /home/isopodin-time/ros2_ws/install/uuv_thruster_manager/lib/python3.8/site-packages/uuv_thruster_manager/srv/_get_thruster_manager_config_s.c
[2.082s] -- Up-to-date: /home/isopodin-time/ros2_ws/install/uuv_thruster_manager/lib/python3.8/site-packages/uuv_thruster_manager/srv/_get_thruster_manager_config.py
[2.082s] -- Up-to-date: /home/isopodin-time/ros2_ws/install/uuv_thruster_manager/lib/python3.8/site-packages/uuv_thruster_manager/srv/__init__.py
[2.083s] -- Up-to-date: /home/isopodin-time/ros2_ws/install/uuv_thruster_manager/lib/python3.8/site-packages/uuv_thruster_manager/srv/_set_thruster_manager_config.py
[2.083s] -- Up-to-date: /home/isopodin-time/ros2_ws/install/uuv_thruster_manager/lib/python3.8/site-packages/uuv_thruster_manager/srv/_get_thruster_curve_s.c
[2.083s] -- Up-to-date: /home/isopodin-time/ros2_ws/install/uuv_thruster_manager/lib/python3.8/site-packages/uuv_thruster_manager/srv/_get_thruster_curve.py
[2.083s] -- Up-to-date: /home/isopodin-time/ros2_ws/install/uuv_thruster_manager/lib/python3.8/site-packages/uuv_thruster_manager/srv/_set_thruster_manager_config_s.c
[2.083s] -- Up-to-date: /home/isopodin-time/ros2_ws/install/uuv_thruster_manager/lib/python3.8/site-packages/uuv_thruster_manager/srv/_thruster_manager_info_s.c
[2.083s] -- Up-to-date: /home/isopodin-time/ros2_ws/install/uuv_thruster_manager/lib/python3.8/site-packages/uuv_thruster_manager/srv/_thruster_manager_info.py
[2.083s] -- Up-to-date: /home/isopodin-time/ros2_ws/install/uuv_thruster_manager/lib/python3.8/site-packages/uuv_thruster_manager/uuv_thruster_manager_s__rosidl_typesupport_fastrtps_c.cpython-38-x86_64-linux-gnu.so
[2.084s] -- Up-to-date: /home/isopodin-time/ros2_ws/install/uuv_thruster_manager/lib/python3.8/site-packages/uuv_thruster_manager/uuv_thruster_manager_s__rosidl_typesupport_introspection_c.cpython-38-x86_64-linux-gnu.so
[2.085s] -- Up-to-date: /home/isopodin-time/ros2_ws/install/uuv_thruster_manager/lib/python3.8/site-packages/uuv_thruster_manager/uuv_thruster_manager_s__rosidl_typesupport_c.cpython-38-x86_64-linux-gnu.so
[2.085s] -- Up-to-date: /home/isopodin-time/ros2_ws/install/uuv_thruster_manager/lib/libuuv_thruster_manager__python.so
[2.086s] -- Up-to-date: /home/isopodin-time/ros2_ws/install/uuv_thruster_manager/share/uuv_thruster_manager/srv/GetThrusterCurve.idl
[2.086s] -- Up-to-date: /home/isopodin-time/ros2_ws/install/uuv_thruster_manager/share/uuv_thruster_manager/srv/ThrusterManagerInfo.idl
[2.086s] -- Up-to-date: /home/isopodin-time/ros2_ws/install/uuv_thruster_manager/share/uuv_thruster_manager/srv/SetThrusterManagerConfig.idl
[2.087s] -- Up-to-date: /home/isopodin-time/ros2_ws/install/uuv_thruster_manager/share/uuv_thruster_manager/srv/GetThrusterManagerConfig.idl
[2.087s] -- Up-to-date: /home/isopodin-time/ros2_ws/install/uuv_thruster_manager/share/uuv_thruster_manager/srv/GetThrusterCurve.srv
[2.087s] -- Up-to-date: /home/isopodin-time/ros2_ws/install/uuv_thruster_manager/share/uuv_thruster_manager/srv/GetThrusterCurve_Request.msg
[2.088s] -- Up-to-date: /home/isopodin-time/ros2_ws/install/uuv_thruster_manager/share/uuv_thruster_manager/srv/GetThrusterCurve_Response.msg
[2.088s] -- Up-to-date: /home/isopodin-time/ros2_ws/install/uuv_thruster_manager/share/uuv_thruster_manager/srv/ThrusterManagerInfo.srv
[2.088s] -- Up-to-date: /home/isopodin-time/ros2_ws/install/uuv_thruster_manager/share/uuv_thruster_manager/srv/ThrusterManagerInfo_Request.msg
[2.089s] -- Up-to-date: /home/isopodin-time/ros2_ws/install/uuv_thruster_manager/share/uuv_thruster_manager/srv/ThrusterManagerInfo_Response.msg
[2.089s] -- Up-to-date: /home/isopodin-time/ros2_ws/install/uuv_thruster_manager/share/uuv_thruster_manager/srv/SetThrusterManagerConfig.srv
[2.089s] -- Up-to-date: /home/isopodin-time/ros2_ws/install/uuv_thruster_manager/share/uuv_thruster_manager/srv/SetThrusterManagerConfig_Request.msg
[2.089s] -- Up-to-date: /home/isopodin-time/ros2_ws/install/uuv_thruster_manager/share/uuv_thruster_manager/srv/SetThrusterManagerConfig_Response.msg
[2.089s] -- Up-to-date: /home/isopodin-time/ros2_ws/install/uuv_thruster_manager/share/uuv_thruster_manager/srv/GetThrusterManagerConfig.srv
[2.089s] -- Up-to-date: /home/isopodin-time/ros2_ws/install/uuv_thruster_manager/share/uuv_thruster_manager/srv/GetThrusterManagerConfig_Request.msg
[2.089s] -- Up-to-date: /home/isopodin-time/ros2_ws/install/uuv_thruster_manager/share/uuv_thruster_manager/srv/GetThrusterManagerConfig_Response.msg
[2.089s] -- Up-to-date: /home/isopodin-time/ros2_ws/install/uuv_thruster_manager/lib/python3.8/site-packages/uuv_thrusters
[2.090s] -- Up-to-date: /home/isopodin-time/ros2_ws/install/uuv_thruster_manager/lib/python3.8/site-packages/uuv_thrusters/__init__.py
[2.090s] -- Up-to-date: /home/isopodin-time/ros2_ws/install/uuv_thruster_manager/lib/python3.8/site-packages/uuv_thrusters/models
[2.090s] -- Up-to-date: /home/isopodin-time/ros2_ws/install/uuv_thruster_manager/lib/python3.8/site-packages/uuv_thrusters/models/thruster_proportional.py
[2.090s] -- Up-to-date: /home/isopodin-time/ros2_ws/install/uuv_thruster_manager/lib/python3.8/site-packages/uuv_thrusters/models/__init__.py
[2.090s] -- Up-to-date: /home/isopodin-time/ros2_ws/install/uuv_thruster_manager/lib/python3.8/site-packages/uuv_thrusters/models/thruster.py
[2.090s] -- Up-to-date: /home/isopodin-time/ros2_ws/install/uuv_thruster_manager/lib/python3.8/site-packages/uuv_thrusters/models/thruster_custom.py
[2.090s] -- Up-to-date: /home/isopodin-time/ros2_ws/install/uuv_thruster_manager/lib/python3.8/site-packages/uuv_thrusters/thruster_manager.py
[2.185s] Listing '/home/isopodin-time/ros2_ws/install/uuv_thruster_manager/lib/python3.8/site-packages/uuv_thrusters'...
[2.185s] Listing '/home/isopodin-time/ros2_ws/install/uuv_thruster_manager/lib/python3.8/site-packages/uuv_thrusters/models'...
[2.205s] -- Up-to-date: /home/isopodin-time/ros2_ws/install/uuv_thruster_manager/lib/python3.8/site-packages/uuv_thrusters.models
[2.205s] -- Up-to-date: /home/isopodin-time/ros2_ws/install/uuv_thruster_manager/lib/python3.8/site-packages/uuv_thrusters.models/thruster_proportional.py
[2.205s] -- Up-to-date: /home/isopodin-time/ros2_ws/install/uuv_thruster_manager/lib/python3.8/site-packages/uuv_thrusters.models/__init__.py
[2.205s] -- Up-to-date: /home/isopodin-time/ros2_ws/install/uuv_thruster_manager/lib/python3.8/site-packages/uuv_thrusters.models/thruster.py
[2.206s] -- Up-to-date: /home/isopodin-time/ros2_ws/install/uuv_thruster_manager/lib/python3.8/site-packages/uuv_thrusters.models/thruster_custom.py
[2.283s] Listing '/home/isopodin-time/ros2_ws/install/uuv_thruster_manager/lib/python3.8/site-packages/uuv_thrusters.models'...
[2.284s] -- Up-to-date: /home/isopodin-time/ros2_ws/install/uuv_thruster_manager/lib/uuv_thruster_manager/thruster_allocator.py
[2.285s] -- Up-to-date: /home/isopodin-time/ros2_ws/install/uuv_thruster_manager/share/uuv_thruster_manager/launch
[2.285s] -- Up-to-date: /home/isopodin-time/ros2_ws/install/uuv_thruster_manager/share/uuv_thruster_manager/launch/thruster_manager.launch
[2.286s] -- Up-to-date: /home/isopodin-time/ros2_ws/install/uuv_thruster_manager/share/uuv_thruster_manager/config
[2.287s] -- Up-to-date: /home/isopodin-time/ros2_ws/install/uuv_thruster_manager/share/uuv_thruster_manager/config/rexrov
[2.287s] -- Up-to-date: /home/isopodin-time/ros2_ws/install/uuv_thruster_manager/share/uuv_thruster_manager/config/rexrov/thruster_manager.yaml
[2.287s] -- Up-to-date: /home/isopodin-time/ros2_ws/install/uuv_thruster_manager/share/uuv_thruster_manager/config/rexrov/TAM.yaml
[2.287s] -- Up-to-date: /home/isopodin-time/ros2_ws/install/uuv_thruster_manager/share/ament_index/resource_index/package_run_dependencies/uuv_thruster_manager
[2.288s] -- Up-to-date: /home/isopodin-time/ros2_ws/install/uuv_thruster_manager/share/ament_index/resource_index/parent_prefix_path/uuv_thruster_manager
[2.288s] -- Up-to-date: /home/isopodin-time/ros2_ws/install/uuv_thruster_manager/share/uuv_thruster_manager/environment/ament_prefix_path.sh
[2.288s] -- Up-to-date: /home/isopodin-time/ros2_ws/install/uuv_thruster_manager/share/uuv_thruster_manager/environment/ament_prefix_path.dsv
[2.289s] -- Up-to-date: /home/isopodin-time/ros2_ws/install/uuv_thruster_manager/share/uuv_thruster_manager/environment/path.sh
[2.289s] -- Up-to-date: /home/isopodin-time/ros2_ws/install/uuv_thruster_manager/share/uuv_thruster_manager/environment/path.dsv
[2.289s] -- Up-to-date: /home/isopodin-time/ros2_ws/install/uuv_thruster_manager/share/uuv_thruster_manager/local_setup.bash
[2.289s] -- Up-to-date: /home/isopodin-time/ros2_ws/install/uuv_thruster_manager/share/uuv_thruster_manager/local_setup.sh
[2.289s] -- Up-to-date: /home/isopodin-time/ros2_ws/install/uuv_thruster_manager/share/uuv_thruster_manager/local_setup.zsh
[2.290s] -- Up-to-date: /home/isopodin-time/ros2_ws/install/uuv_thruster_manager/share/uuv_thruster_manager/local_setup.dsv
[2.290s] -- Installing: /home/isopodin-time/ros2_ws/install/uuv_thruster_manager/share/uuv_thruster_manager/package.dsv
[2.290s] -- Up-to-date: /home/isopodin-time/ros2_ws/install/uuv_thruster_manager/share/ament_index/resource_index/packages/uuv_thruster_manager
[2.290s] -- Up-to-date: /home/isopodin-time/ros2_ws/install/uuv_thruster_manager/share/uuv_thruster_manager/cmake/uuv_thruster_manager__rosidl_generator_cExport.cmake
[2.291s] -- Up-to-date: /home/isopodin-time/ros2_ws/install/uuv_thruster_manager/share/uuv_thruster_manager/cmake/uuv_thruster_manager__rosidl_generator_cExport-noconfig.cmake
[2.291s] -- Up-to-date: /home/isopodin-time/ros2_ws/install/uuv_thruster_manager/share/uuv_thruster_manager/cmake/uuv_thruster_manager__rosidl_typesupport_introspection_cExport.cmake
[2.291s] -- Up-to-date: /home/isopodin-time/ros2_ws/install/uuv_thruster_manager/share/uuv_thruster_manager/cmake/uuv_thruster_manager__rosidl_typesupport_introspection_cExport-noconfig.cmake
[2.291s] -- Up-to-date: /home/isopodin-time/ros2_ws/install/uuv_thruster_manager/share/uuv_thruster_manager/cmake/uuv_thruster_manager__rosidl_typesupport_cExport.cmake
[2.294s] -- Up-to-date: /home/isopodin-time/ros2_ws/install/uuv_thruster_manager/share/uuv_thruster_manager/cmake/uuv_thruster_manager__rosidl_typesupport_cExport-noconfig.cmake
[2.295s] -- Up-to-date: /home/isopodin-time/ros2_ws/install/uuv_thruster_manager/share/uuv_thruster_manager/cmake/uuv_thruster_manager__rosidl_generator_cppExport.cmake
[2.302s] -- Up-to-date: /home/isopodin-time/ros2_ws/install/uuv_thruster_manager/share/uuv_thruster_manager/cmake/uuv_thruster_manager__rosidl_typesupport_introspection_cppExport.cmake
[2.306s] -- Up-to-date: /home/isopodin-time/ros2_ws/install/uuv_thruster_manager/share/uuv_thruster_manager/cmake/uuv_thruster_manager__rosidl_typesupport_introspection_cppExport-noconfig.cmake
[2.306s] -- Up-to-date: /home/isopodin-time/ros2_ws/install/uuv_thruster_manager/share/uuv_thruster_manager/cmake/uuv_thruster_manager__rosidl_typesupport_cppExport.cmake
[2.306s] -- Up-to-date: /home/isopodin-time/ros2_ws/install/uuv_thruster_manager/share/uuv_thruster_manager/cmake/uuv_thruster_manager__rosidl_typesupport_cppExport-noconfig.cmake
[2.307s] -- Up-to-date: /home/isopodin-time/ros2_ws/install/uuv_thruster_manager/share/uuv_thruster_manager/cmake/rosidl_cmake-extras.cmake
[2.307s] -- Up-to-date: /home/isopodin-time/ros2_ws/install/uuv_thruster_manager/share/uuv_thruster_manager/cmake/ament_cmake_export_dependencies-extras.cmake
[2.307s] -- Up-to-date: /home/isopodin-time/ros2_ws/install/uuv_thruster_manager/share/uuv_thruster_manager/cmake/ament_cmake_export_libraries-extras.cmake
[2.307s] -- Up-to-date: /home/isopodin-time/ros2_ws/install/uuv_thruster_manager/share/uuv_thruster_manager/cmake/ament_cmake_export_targets-extras.cmake
[2.308s] -- Up-to-date: /home/isopodin-time/ros2_ws/install/uuv_thruster_manager/share/uuv_thruster_manager/cmake/ament_cmake_export_include_directories-extras.cmake
[2.308s] -- Up-to-date: /home/isopodin-time/ros2_ws/install/uuv_thruster_manager/share/uuv_thruster_manager/cmake/rosidl_cmake_export_typesupport_libraries-extras.cmake
[2.308s] -- Up-to-date: /home/isopodin-time/ros2_ws/install/uuv_thruster_manager/share/uuv_thruster_manager/cmake/rosidl_cmake_export_typesupport_targets-extras.cmake
[2.308s] -- Up-to-date: /home/isopodin-time/ros2_ws/install/uuv_thruster_manager/share/uuv_thruster_manager/cmake/uuv_thruster_managerConfig.cmake
[2.309s] -- Up-to-date: /home/isopodin-time/ros2_ws/install/uuv_thruster_manager/share/uuv_thruster_manager/cmake/uuv_thruster_managerConfig-version.cmake
[2.309s] -- Up-to-date: /home/isopodin-time/ros2_ws/install/uuv_thruster_manager/share/uuv_thruster_manager/package.xml
[2.309s] Invoked command in '/home/isopodin-time/ros2_ws/build/uuv_thruster_manager' returned '0': CMAKE_PREFIX_PATH=/home/isopodin-time/ros2_ws/install/uuv_assistants:/home/isopodin-time/ros2_ws/install/uuv_gazebo_ros_plugins_msgs:/home/isopodin-time/ros2_ws/install/plankton_utils:/home/isopodin-time/ros2_ws/install/plankton:/home/isopodin-time/ros2_ws/install/uuv_simulator:/home/isopodin-time/ros2_ws/install/uuv_world_ros_plugins:/home/isopodin-time/ros2_ws/install/uuv_control_utils:/home/isopodin-time/ros2_ws/install/uuv_world_ros_plugins_msgs:/home/isopodin-time/ros2_ws/install/uuv_world_plugins:/home/isopodin-time/ros2_ws/install/uuv_trajectory_control:/home/isopodin-time/ros2_ws/install/uuv_teleop:/home/isopodin-time/ros2_ws/install/uuv_thruster_manager:/home/isopodin-time/ros2_ws/install/uuv_descriptions:/home/isopodin-time/ros2_ws/install/uuv_sensor_ros_plugins:/home/isopodin-time/ros2_ws/install/uuv_sensor_ros_plugins_msgs:/home/isopodin-time/ros2_ws/install/uuv_gazebo_worlds:/home/isopodin-time/ros2_ws/install/uuv_gazebo_ros_plugins:/home/isopodin-time/ros2_ws/install/uuv_gazebo_plugins:/home/isopodin-time/ros2_ws/install/uuv_gazebo:/home/isopodin-time/ros2_ws/install/uuv_control_msgs:/home/isopodin-time/ros2_ws/install/uuv_control_cascaded_pid:/home/isopodin-time/ros2_ws/install/uuv_auv_control_allocator:/home/isopodin-time/ros2_ws/install/muuv_sim:/home/isopodin-time/ros2_ws/install/muuv_ros:/opt/ros/foxy LD_LIBRARY_PATH=/home/isopodin-time/ros2_ws/install/uuv_gazebo_ros_plugins_msgs/lib:/home/isopodin-time/ros2_ws/install/uuv_world_ros_plugins/lib:/home/isopodin-time/ros2_ws/install/uuv_world_ros_plugins_msgs/lib:/home/isopodin-time/ros2_ws/install/uuv_world_plugins/lib:/home/isopodin-time/ros2_ws/install/uuv_thruster_manager/lib:/home/isopodin-time/ros2_ws/install/uuv_sensor_ros_plugins/lib:/home/isopodin-time/ros2_ws/install/uuv_sensor_ros_plugins_msgs/lib:/home/isopodin-time/ros2_ws/install/uuv_gazebo_ros_plugins/lib:/home/isopodin-time/ros2_ws/install/uuv_gazebo_plugins/lib:/home/isopodin-time/ros2_ws/install/uuv_control_msgs/lib:/home/isopodin-time/ros2_ws/install/uuv_auv_control_allocator/lib:/usr/lib/x86_64-linux-gnu/gazebo-11/plugins:/opt/ros/foxy/opt/yaml_cpp_vendor/lib:/opt/ros/foxy/opt/rviz_ogre_vendor/lib:/opt/ros/foxy/lib/x86_64-linux-gnu:/opt/ros/foxy/lib:/usr/lib/x86_64-linux-gnu/gazebo-11/plugins PYTHONPATH=/home/isopodin-time/ros2_ws/install/uuv_assistants/lib/python3.8/site-packages:/home/isopodin-time/ros2_ws/install/uuv_gazebo_ros_plugins_msgs/lib/python3.8/site-packages:/home/isopodin-time/ros2_ws/install/plankton_utils/lib/python3.8/site-packages:/home/isopodin-time/ros2_ws/install/uuv_world_ros_plugins_msgs/lib/python3.8/site-packages:/home/isopodin-time/ros2_ws/install/uuv_trajectory_control/lib/python3.8/site-packages:/home/isopodin-time/ros2_ws/install/uuv_thruster_manager/lib/python3.8/site-packages:/home/isopodin-time/ros2_ws/install/uuv_sensor_ros_plugins_msgs/lib/python3.8/site-packages:/home/isopodin-time/ros2_ws/install/uuv_control_msgs/lib/python3.8/site-packages:/home/isopodin-time/ros2_ws/install/uuv_control_cascaded_pid/lib/python3.8/site-packages:/home/isopodin-time/ros2_ws/install/uuv_auv_control_allocator/lib/python3.8/site-packages:/opt/ros/foxy/lib/python3.8/site-packages /usr/bin/cmake --install /home/isopodin-time/ros2_ws/build/uuv_thruster_manager
