[0.266s] Invoking command in '/home/isopodin-time/ros2_ws/build/plankton_utils': CMAKE_PREFIX_PATH=${CMAKE_PREFIX_PATH}:/opt/ros/foxy /usr/bin/cmake --build /home/isopodin-time/ros2_ws/build/plankton_utils -- -j8 -l8
[0.413s] [100%] Built target plankton_global_sim_time
[0.463s] Invoked command in '/home/isopodin-time/ros2_ws/build/plankton_utils' returned '0': CMAKE_PREFIX_PATH=${CMAKE_PREFIX_PATH}:/opt/ros/foxy /usr/bin/cmake --build /home/isopodin-time/ros2_ws/build/plankton_utils -- -j8 -l8
[0.871s] Invoking command in '/home/isopodin-time/ros2_ws/build/plankton_utils': CMAKE_PREFIX_PATH=${CMAKE_PREFIX_PATH}:/opt/ros/foxy /usr/bin/cmake --install /home/isopodin-time/ros2_ws/build/plankton_utils
[0.902s] -- Install configuration: ""
[0.904s] -- Up-to-date: /home/isopodin-time/ros2_ws/install/plankton_utils/lib/plankton_utils/plankton_global_sim_time
[0.911s] -- Up-to-date: /home/isopodin-time/ros2_ws/install/plankton_utils/share/plankton_utils/environment/pythonpath.sh
[0.911s] -- Up-to-date: /home/isopodin-time/ros2_ws/install/plankton_utils/share/plankton_utils/environment/pythonpath.dsv
[0.911s] -- Up-to-date: /home/isopodin-time/ros2_ws/install/plankton_utils/lib/python3.8/site-packages/plankton_utils
[0.912s] -- Up-to-date: /home/isopodin-time/ros2_ws/install/plankton_utils/lib/python3.8/site-packages/plankton_utils/time.py
[0.913s] -- Up-to-date: /home/isopodin-time/ros2_ws/install/plankton_utils/lib/python3.8/site-packages/plankton_utils/__init__.py
[0.913s] -- Up-to-date: /home/isopodin-time/ros2_ws/install/plankton_utils/lib/python3.8/site-packages/plankton_utils/param_helper.py
[0.994s] Listing '/home/isopodin-time/ros2_ws/install/plankton_utils/lib/python3.8/site-packages/plankton_utils'...
[1.010s] -- Up-to-date: /home/isopodin-time/ros2_ws/install/plankton_utils/share/ament_index/resource_index/package_run_dependencies/plankton_utils
[1.010s] -- Up-to-date: /home/isopodin-time/ros2_ws/install/plankton_utils/share/ament_index/resource_index/parent_prefix_path/plankton_utils
[1.010s] -- Up-to-date: /home/isopodin-time/ros2_ws/install/plankton_utils/share/plankton_utils/environment/ament_prefix_path.sh
[1.010s] -- Up-to-date: /home/isopodin-time/ros2_ws/install/plankton_utils/share/plankton_utils/environment/ament_prefix_path.dsv
[1.010s] -- Up-to-date: /home/isopodin-time/ros2_ws/install/plankton_utils/share/plankton_utils/environment/path.sh
[1.010s] -- Up-to-date: /home/isopodin-time/ros2_ws/install/plankton_utils/share/plankton_utils/environment/path.dsv
[1.011s] -- Up-to-date: /home/isopodin-time/ros2_ws/install/plankton_utils/share/plankton_utils/local_setup.bash
[1.011s] -- Up-to-date: /home/isopodin-time/ros2_ws/install/plankton_utils/share/plankton_utils/local_setup.sh
[1.011s] -- Up-to-date: /home/isopodin-time/ros2_ws/install/plankton_utils/share/plankton_utils/local_setup.zsh
[1.011s] -- Up-to-date: /home/isopodin-time/ros2_ws/install/plankton_utils/share/plankton_utils/local_setup.dsv
[1.011s] -- Installing: /home/isopodin-time/ros2_ws/install/plankton_utils/share/plankton_utils/package.dsv
[1.011s] -- Up-to-date: /home/isopodin-time/ros2_ws/install/plankton_utils/share/ament_index/resource_index/packages/plankton_utils
[1.011s] -- Up-to-date: /home/isopodin-time/ros2_ws/install/plankton_utils/share/plankton_utils/cmake/plankton_utilsConfig.cmake
[1.011s] -- Up-to-date: /home/isopodin-time/ros2_ws/install/plankton_utils/share/plankton_utils/cmake/plankton_utilsConfig-version.cmake
[1.012s] -- Up-to-date: /home/isopodin-time/ros2_ws/install/plankton_utils/share/plankton_utils/package.xml
[1.029s] Invoked command in '/home/isopodin-time/ros2_ws/build/plankton_utils' returned '0': CMAKE_PREFIX_PATH=${CMAKE_PREFIX_PATH}:/opt/ros/foxy /usr/bin/cmake --install /home/isopodin-time/ros2_ws/build/plankton_utils
