[0.800s] DEBUG:colcon:Command line arguments: ['/usr/bin/colcon', 'build', '--packages-select', 'muuv_ros']
[0.800s] DEBUG:colcon:Parsed command line arguments: Namespace(allow_overriding=[], ament_cmake_args=None, base_paths=['.'], build_base='build', catkin_cmake_args=None, catkin_skip_building_tests=False, cmake_args=None, cmake_clean_cache=False, cmake_clean_first=False, cmake_force_configure=False, cmake_target=None, cmake_target_skip_unavailable=False, continue_on_error=False, event_handlers=None, executor='parallel', ignore_user_meta=False, install_base='install', log_base=None, log_level=None, main=<bound method BuildVerb.main of <colcon_core.verb.build.BuildVerb object at 0x7f1debd2dfd0>>, merge_install=False, metas=['./colcon.meta'], packages_above=None, packages_above_and_dependencies=None, packages_above_depth=None, packages_end=None, packages_ignore=None, packages_ignore_regex=None, packages_select=['muuv_ros'], packages_select_build_failed=False, packages_select_by_dep=None, packages_select_regex=None, packages_select_test_failures=False, packages_skip=None, packages_skip_build_finished=False, packages_skip_by_dep=None, packages_skip_regex=None, packages_skip_test_passed=False, packages_skip_up_to=None, packages_start=None, packages_up_to=None, packages_up_to_regex=None, parallel_workers=8, paths=None, symlink_install=False, test_result_base=None, verb_extension=<colcon_core.verb.build.BuildVerb object at 0x7f1debd2dfd0>, verb_name='build', verb_parser=<colcon_defaults.argument_parser.defaults.DefaultArgumentsDecorator object at 0x7f1debd3a490>)
[0.848s] Level 1:colcon.colcon_core.package_discovery:discover_packages(colcon_meta) check parameters
[0.848s] Level 1:colcon.colcon_core.package_discovery:discover_packages(recursive) check parameters
[0.848s] Level 1:colcon.colcon_core.package_discovery:discover_packages(ignore) check parameters
[0.848s] Level 1:colcon.colcon_core.package_discovery:discover_packages(path) check parameters
[0.848s] Level 1:colcon.colcon_core.package_discovery:discover_packages(colcon_meta) discover
[0.848s] Level 1:colcon.colcon_core.package_discovery:discover_packages(recursive) discover
[0.848s] INFO:colcon.colcon_core.package_discovery:Crawling recursively for packages in '/home/isopodin-time/ros2_ws'
[0.848s] Level 1:colcon.colcon_core.package_identification:_identify(.) by extensions ['ignore', 'ignore_ament_install']
[0.849s] Level 1:colcon.colcon_core.package_identification:_identify(.) by extension 'ignore'
[0.849s] Level 1:colcon.colcon_core.package_identification:_identify(.) by extension 'ignore_ament_install'
[0.849s] Level 1:colcon.colcon_core.package_identification:_identify(.) by extensions ['colcon_pkg']
[0.849s] Level 1:colcon.colcon_core.package_identification:_identify(.) by extension 'colcon_pkg'
[0.849s] Level 1:colcon.colcon_core.package_identification:_identify(.) by extensions ['colcon_meta']
[0.849s] Level 1:colcon.colcon_core.package_identification:_identify(.) by extension 'colcon_meta'
[0.849s] Level 1:colcon.colcon_core.package_identification:_identify(.) by extensions ['ros']
[0.849s] Level 1:colcon.colcon_core.package_identification:_identify(.) by extension 'ros'
[0.863s] Level 1:colcon.colcon_core.package_identification:_identify(.) by extensions ['cmake', 'python']
[0.863s] Level 1:colcon.colcon_core.package_identification:_identify(.) by extension 'cmake'
[0.863s] Level 1:colcon.colcon_core.package_identification:_identify(.) by extension 'python'
[0.863s] Level 1:colcon.colcon_core.package_identification:_identify(.) by extensions ['python_setup_py']
[0.863s] Level 1:colcon.colcon_core.package_identification:_identify(.) by extension 'python_setup_py'
[0.864s] Level 1:colcon.colcon_core.package_identification:_identify(build) by extensions ['ignore', 'ignore_ament_install']
[0.864s] Level 1:colcon.colcon_core.package_identification:_identify(build) by extension 'ignore'
[0.864s] Level 1:colcon.colcon_core.package_identification:_identify(build) ignored
[0.864s] Level 1:colcon.colcon_core.package_identification:_identify(install) by extensions ['ignore', 'ignore_ament_install']
[0.864s] Level 1:colcon.colcon_core.package_identification:_identify(install) by extension 'ignore'
[0.864s] Level 1:colcon.colcon_core.package_identification:_identify(install) ignored
[0.865s] Level 1:colcon.colcon_core.package_identification:_identify(log) by extensions ['ignore', 'ignore_ament_install']
[0.865s] Level 1:colcon.colcon_core.package_identification:_identify(log) by extension 'ignore'
[0.865s] Level 1:colcon.colcon_core.package_identification:_identify(log) ignored
[0.865s] Level 1:colcon.colcon_core.package_identification:_identify(src) by extensions ['ignore', 'ignore_ament_install']
[0.866s] Level 1:colcon.colcon_core.package_identification:_identify(src) by extension 'ignore'
[0.866s] Level 1:colcon.colcon_core.package_identification:_identify(src) by extension 'ignore_ament_install'
[0.866s] Level 1:colcon.colcon_core.package_identification:_identify(src) by extensions ['colcon_pkg']
[0.866s] Level 1:colcon.colcon_core.package_identification:_identify(src) by extension 'colcon_pkg'
[0.866s] Level 1:colcon.colcon_core.package_identification:_identify(src) by extensions ['colcon_meta']
[0.866s] Level 1:colcon.colcon_core.package_identification:_identify(src) by extension 'colcon_meta'
[0.866s] Level 1:colcon.colcon_core.package_identification:_identify(src) by extensions ['ros']
[0.866s] Level 1:colcon.colcon_core.package_identification:_identify(src) by extension 'ros'
[0.866s] Level 1:colcon.colcon_core.package_identification:_identify(src) by extensions ['cmake', 'python']
[0.866s] Level 1:colcon.colcon_core.package_identification:_identify(src) by extension 'cmake'
[0.866s] Level 1:colcon.colcon_core.package_identification:_identify(src) by extension 'python'
[0.866s] Level 1:colcon.colcon_core.package_identification:_identify(src) by extensions ['python_setup_py']
[0.866s] Level 1:colcon.colcon_core.package_identification:_identify(src) by extension 'python_setup_py'
[0.867s] Level 1:colcon.colcon_core.package_identification:_identify(src/Muuv_sim) by extensions ['ignore', 'ignore_ament_install']
[0.867s] Level 1:colcon.colcon_core.package_identification:_identify(src/Muuv_sim) by extension 'ignore'
[0.867s] Level 1:colcon.colcon_core.package_identification:_identify(src/Muuv_sim) by extension 'ignore_ament_install'
[0.867s] Level 1:colcon.colcon_core.package_identification:_identify(src/Muuv_sim) by extensions ['colcon_pkg']
[0.867s] Level 1:colcon.colcon_core.package_identification:_identify(src/Muuv_sim) by extension 'colcon_pkg'
[0.867s] Level 1:colcon.colcon_core.package_identification:_identify(src/Muuv_sim) by extensions ['colcon_meta']
[0.867s] Level 1:colcon.colcon_core.package_identification:_identify(src/Muuv_sim) by extension 'colcon_meta'
[0.867s] Level 1:colcon.colcon_core.package_identification:_identify(src/Muuv_sim) by extensions ['ros']
[0.867s] Level 1:colcon.colcon_core.package_identification:_identify(src/Muuv_sim) by extension 'ros'
[0.867s] Level 1:colcon.colcon_core.package_identification:_identify(src/Muuv_sim) by extensions ['cmake', 'python']
[0.868s] Level 1:colcon.colcon_core.package_identification:_identify(src/Muuv_sim) by extension 'cmake'
[0.868s] Level 1:colcon.colcon_core.package_identification:_identify(src/Muuv_sim) by extension 'python'
[0.868s] Level 1:colcon.colcon_core.package_identification:_identify(src/Muuv_sim) by extensions ['python_setup_py']
[0.868s] Level 1:colcon.colcon_core.package_identification:_identify(src/Muuv_sim) by extension 'python_setup_py'
[0.868s] Level 1:colcon.colcon_core.package_identification:_identify(src/Muuv_sim/muuv_sim) by extensions ['ignore', 'ignore_ament_install']
[0.868s] Level 1:colcon.colcon_core.package_identification:_identify(src/Muuv_sim/muuv_sim) by extension 'ignore'
[0.868s] Level 1:colcon.colcon_core.package_identification:_identify(src/Muuv_sim/muuv_sim) by extension 'ignore_ament_install'
[0.868s] Level 1:colcon.colcon_core.package_identification:_identify(src/Muuv_sim/muuv_sim) by extensions ['colcon_pkg']
[0.868s] Level 1:colcon.colcon_core.package_identification:_identify(src/Muuv_sim/muuv_sim) by extension 'colcon_pkg'
[0.868s] Level 1:colcon.colcon_core.package_identification:_identify(src/Muuv_sim/muuv_sim) by extensions ['colcon_meta']
[0.869s] Level 1:colcon.colcon_core.package_identification:_identify(src/Muuv_sim/muuv_sim) by extension 'colcon_meta'
[0.869s] Level 1:colcon.colcon_core.package_identification:_identify(src/Muuv_sim/muuv_sim) by extensions ['ros']
[0.869s] Level 1:colcon.colcon_core.package_identification:_identify(src/Muuv_sim/muuv_sim) by extension 'ros'
[0.872s] DEBUG:colcon.colcon_core.package_identification:Package 'src/Muuv_sim/muuv_sim' with type 'ros.ament_cmake' and name 'muuv_sim'
[0.872s] Level 1:colcon.colcon_core.package_identification:_identify(src/Muuv_sim/muuv_sim_control) by extensions ['ignore', 'ignore_ament_install']
[0.873s] Level 1:colcon.colcon_core.package_identification:_identify(src/Muuv_sim/muuv_sim_control) by extension 'ignore'
[0.873s] Level 1:colcon.colcon_core.package_identification:_identify(src/Muuv_sim/muuv_sim_control) by extension 'ignore_ament_install'
[0.873s] Level 1:colcon.colcon_core.package_identification:_identify(src/Muuv_sim/muuv_sim_control) by extensions ['colcon_pkg']
[0.873s] Level 1:colcon.colcon_core.package_identification:_identify(src/Muuv_sim/muuv_sim_control) by extension 'colcon_pkg'
[0.873s] Level 1:colcon.colcon_core.package_identification:_identify(src/Muuv_sim/muuv_sim_control) by extensions ['colcon_meta']
[0.873s] Level 1:colcon.colcon_core.package_identification:_identify(src/Muuv_sim/muuv_sim_control) by extension 'colcon_meta'
[0.873s] Level 1:colcon.colcon_core.package_identification:_identify(src/Muuv_sim/muuv_sim_control) by extensions ['ros']
[0.873s] Level 1:colcon.colcon_core.package_identification:_identify(src/Muuv_sim/muuv_sim_control) by extension 'ros'
[0.874s] DEBUG:colcon.colcon_core.package_identification:Package 'src/Muuv_sim/muuv_sim_control' with type 'ros.ament_cmake' and name 'muuv_sim_control'
[0.874s] Level 1:colcon.colcon_core.package_identification:_identify(src/Muuv_sim/muuv_sim_description) by extensions ['ignore', 'ignore_ament_install']
[0.874s] Level 1:colcon.colcon_core.package_identification:_identify(src/Muuv_sim/muuv_sim_description) by extension 'ignore'
[0.874s] Level 1:colcon.colcon_core.package_identification:_identify(src/Muuv_sim/muuv_sim_description) by extension 'ignore_ament_install'
[0.874s] Level 1:colcon.colcon_core.package_identification:_identify(src/Muuv_sim/muuv_sim_description) by extensions ['colcon_pkg']
[0.874s] Level 1:colcon.colcon_core.package_identification:_identify(src/Muuv_sim/muuv_sim_description) by extension 'colcon_pkg'
[0.874s] Level 1:colcon.colcon_core.package_identification:_identify(src/Muuv_sim/muuv_sim_description) by extensions ['colcon_meta']
[0.874s] Level 1:colcon.colcon_core.package_identification:_identify(src/Muuv_sim/muuv_sim_description) by extension 'colcon_meta'
[0.875s] Level 1:colcon.colcon_core.package_identification:_identify(src/Muuv_sim/muuv_sim_description) by extensions ['ros']
[0.875s] Level 1:colcon.colcon_core.package_identification:_identify(src/Muuv_sim/muuv_sim_description) by extension 'ros'
[0.875s] DEBUG:colcon.colcon_core.package_identification:Package 'src/Muuv_sim/muuv_sim_description' with type 'ros.ament_cmake' and name 'muuv_sim_description'
[0.875s] Level 1:colcon.colcon_core.package_identification:_identify(src/Muuv_sim/test_sim) by extensions ['ignore', 'ignore_ament_install']
[0.876s] Level 1:colcon.colcon_core.package_identification:_identify(src/Muuv_sim/test_sim) by extension 'ignore'
[0.876s] Level 1:colcon.colcon_core.package_identification:_identify(src/Muuv_sim/test_sim) by extension 'ignore_ament_install'
[0.876s] Level 1:colcon.colcon_core.package_identification:_identify(src/Muuv_sim/test_sim) by extensions ['colcon_pkg']
[0.876s] Level 1:colcon.colcon_core.package_identification:_identify(src/Muuv_sim/test_sim) by extension 'colcon_pkg'
[0.876s] Level 1:colcon.colcon_core.package_identification:_identify(src/Muuv_sim/test_sim) by extensions ['colcon_meta']
[0.876s] Level 1:colcon.colcon_core.package_identification:_identify(src/Muuv_sim/test_sim) by extension 'colcon_meta'
[0.876s] Level 1:colcon.colcon_core.package_identification:_identify(src/Muuv_sim/test_sim) by extensions ['ros']
[0.876s] Level 1:colcon.colcon_core.package_identification:_identify(src/Muuv_sim/test_sim) by extension 'ros'
[0.877s] DEBUG:colcon.colcon_core.package_identification:Package 'src/Muuv_sim/test_sim' with type 'ros.ament_cmake' and name 'test_sim'
[0.877s] Level 1:colcon.colcon_core.package_identification:_identify(src/Plankton) by extensions ['ignore', 'ignore_ament_install']
[0.877s] Level 1:colcon.colcon_core.package_identification:_identify(src/Plankton) by extension 'ignore'
[0.877s] Level 1:colcon.colcon_core.package_identification:_identify(src/Plankton) by extension 'ignore_ament_install'
[0.877s] Level 1:colcon.colcon_core.package_identification:_identify(src/Plankton) by extensions ['colcon_pkg']
[0.877s] Level 1:colcon.colcon_core.package_identification:_identify(src/Plankton) by extension 'colcon_pkg'
[0.877s] Level 1:colcon.colcon_core.package_identification:_identify(src/Plankton) by extensions ['colcon_meta']
[0.877s] Level 1:colcon.colcon_core.package_identification:_identify(src/Plankton) by extension 'colcon_meta'
[0.877s] Level 1:colcon.colcon_core.package_identification:_identify(src/Plankton) by extensions ['ros']
[0.877s] Level 1:colcon.colcon_core.package_identification:_identify(src/Plankton) by extension 'ros'
[0.878s] Level 1:colcon.colcon_core.package_identification:_identify(src/Plankton) by extensions ['cmake', 'python']
[0.878s] Level 1:colcon.colcon_core.package_identification:_identify(src/Plankton) by extension 'cmake'
[0.878s] Level 1:colcon.colcon_core.package_identification:_identify(src/Plankton) by extension 'python'
[0.878s] Level 1:colcon.colcon_core.package_identification:_identify(src/Plankton) by extensions ['python_setup_py']
[0.878s] Level 1:colcon.colcon_core.package_identification:_identify(src/Plankton) by extension 'python_setup_py'
[0.878s] Level 1:colcon.colcon_core.package_identification:_identify(src/Plankton/plankton) by extensions ['ignore', 'ignore_ament_install']
[0.878s] Level 1:colcon.colcon_core.package_identification:_identify(src/Plankton/plankton) by extension 'ignore'
[0.878s] Level 1:colcon.colcon_core.package_identification:_identify(src/Plankton/plankton) by extension 'ignore_ament_install'
[0.878s] Level 1:colcon.colcon_core.package_identification:_identify(src/Plankton/plankton) by extensions ['colcon_pkg']
[0.878s] Level 1:colcon.colcon_core.package_identification:_identify(src/Plankton/plankton) by extension 'colcon_pkg'
[0.878s] Level 1:colcon.colcon_core.package_identification:_identify(src/Plankton/plankton) by extensions ['colcon_meta']
[0.878s] Level 1:colcon.colcon_core.package_identification:_identify(src/Plankton/plankton) by extension 'colcon_meta'
[0.879s] Level 1:colcon.colcon_core.package_identification:_identify(src/Plankton/plankton) by extensions ['ros']
[0.879s] Level 1:colcon.colcon_core.package_identification:_identify(src/Plankton/plankton) by extension 'ros'
[0.879s] DEBUG:colcon.colcon_core.package_identification:Package 'src/Plankton/plankton' with type 'ros.ament_cmake' and name 'plankton'
[0.879s] Level 1:colcon.colcon_core.package_identification:_identify(src/Plankton/plankton_utils) by extensions ['ignore', 'ignore_ament_install']
[0.880s] Level 1:colcon.colcon_core.package_identification:_identify(src/Plankton/plankton_utils) by extension 'ignore'
[0.880s] Level 1:colcon.colcon_core.package_identification:_identify(src/Plankton/plankton_utils) by extension 'ignore_ament_install'
[0.880s] Level 1:colcon.colcon_core.package_identification:_identify(src/Plankton/plankton_utils) by extensions ['colcon_pkg']
[0.880s] Level 1:colcon.colcon_core.package_identification:_identify(src/Plankton/plankton_utils) by extension 'colcon_pkg'
[0.880s] Level 1:colcon.colcon_core.package_identification:_identify(src/Plankton/plankton_utils) by extensions ['colcon_meta']
[0.880s] Level 1:colcon.colcon_core.package_identification:_identify(src/Plankton/plankton_utils) by extension 'colcon_meta'
[0.880s] Level 1:colcon.colcon_core.package_identification:_identify(src/Plankton/plankton_utils) by extensions ['ros']
[0.880s] Level 1:colcon.colcon_core.package_identification:_identify(src/Plankton/plankton_utils) by extension 'ros'
[0.881s] DEBUG:colcon.colcon_core.package_identification:Package 'src/Plankton/plankton_utils' with type 'ros.ament_cmake' and name 'plankton_utils'
[0.881s] Level 1:colcon.colcon_core.package_identification:_identify(src/Plankton/tools) by extensions ['ignore', 'ignore_ament_install']
[0.881s] Level 1:colcon.colcon_core.package_identification:_identify(src/Plankton/tools) by extension 'ignore'
[0.881s] Level 1:colcon.colcon_core.package_identification:_identify(src/Plankton/tools) by extension 'ignore_ament_install'
[0.881s] Level 1:colcon.colcon_core.package_identification:_identify(src/Plankton/tools) by extensions ['colcon_pkg']
[0.881s] Level 1:colcon.colcon_core.package_identification:_identify(src/Plankton/tools) by extension 'colcon_pkg'
[0.881s] Level 1:colcon.colcon_core.package_identification:_identify(src/Plankton/tools) by extensions ['colcon_meta']
[0.881s] Level 1:colcon.colcon_core.package_identification:_identify(src/Plankton/tools) by extension 'colcon_meta'
[0.882s] Level 1:colcon.colcon_core.package_identification:_identify(src/Plankton/tools) by extensions ['ros']
[0.882s] Level 1:colcon.colcon_core.package_identification:_identify(src/Plankton/tools) by extension 'ros'
[0.882s] Level 1:colcon.colcon_core.package_identification:_identify(src/Plankton/tools) by extensions ['cmake', 'python']
[0.882s] Level 1:colcon.colcon_core.package_identification:_identify(src/Plankton/tools) by extension 'cmake'
[0.882s] Level 1:colcon.colcon_core.package_identification:_identify(src/Plankton/tools) by extension 'python'
[0.882s] Level 1:colcon.colcon_core.package_identification:_identify(src/Plankton/tools) by extensions ['python_setup_py']
[0.882s] Level 1:colcon.colcon_core.package_identification:_identify(src/Plankton/tools) by extension 'python_setup_py'
[0.882s] Level 1:colcon.colcon_core.package_identification:_identify(src/Plankton/user_needs) by extensions ['ignore', 'ignore_ament_install']
[0.882s] Level 1:colcon.colcon_core.package_identification:_identify(src/Plankton/user_needs) by extension 'ignore'
[0.882s] Level 1:colcon.colcon_core.package_identification:_identify(src/Plankton/user_needs) by extension 'ignore_ament_install'
[0.882s] Level 1:colcon.colcon_core.package_identification:_identify(src/Plankton/user_needs) by extensions ['colcon_pkg']
[0.882s] Level 1:colcon.colcon_core.package_identification:_identify(src/Plankton/user_needs) by extension 'colcon_pkg'
[0.882s] Level 1:colcon.colcon_core.package_identification:_identify(src/Plankton/user_needs) by extensions ['colcon_meta']
[0.883s] Level 1:colcon.colcon_core.package_identification:_identify(src/Plankton/user_needs) by extension 'colcon_meta'
[0.883s] Level 1:colcon.colcon_core.package_identification:_identify(src/Plankton/user_needs) by extensions ['ros']
[0.883s] Level 1:colcon.colcon_core.package_identification:_identify(src/Plankton/user_needs) by extension 'ros'
[0.883s] Level 1:colcon.colcon_core.package_identification:_identify(src/Plankton/user_needs) by extensions ['cmake', 'python']
[0.883s] Level 1:colcon.colcon_core.package_identification:_identify(src/Plankton/user_needs) by extension 'cmake'
[0.883s] Level 1:colcon.colcon_core.package_identification:_identify(src/Plankton/user_needs) by extension 'python'
[0.883s] Level 1:colcon.colcon_core.package_identification:_identify(src/Plankton/user_needs) by extensions ['python_setup_py']
[0.883s] Level 1:colcon.colcon_core.package_identification:_identify(src/Plankton/user_needs) by extension 'python_setup_py'
[0.883s] Level 1:colcon.colcon_core.package_identification:_identify(src/Plankton/uuv_assistants) by extensions ['ignore', 'ignore_ament_install']
[0.883s] Level 1:colcon.colcon_core.package_identification:_identify(src/Plankton/uuv_assistants) by extension 'ignore'
[0.883s] Level 1:colcon.colcon_core.package_identification:_identify(src/Plankton/uuv_assistants) by extension 'ignore_ament_install'
[0.883s] Level 1:colcon.colcon_core.package_identification:_identify(src/Plankton/uuv_assistants) by extensions ['colcon_pkg']
[0.884s] Level 1:colcon.colcon_core.package_identification:_identify(src/Plankton/uuv_assistants) by extension 'colcon_pkg'
[0.884s] Level 1:colcon.colcon_core.package_identification:_identify(src/Plankton/uuv_assistants) by extensions ['colcon_meta']
[0.884s] Level 1:colcon.colcon_core.package_identification:_identify(src/Plankton/uuv_assistants) by extension 'colcon_meta'
[0.884s] Level 1:colcon.colcon_core.package_identification:_identify(src/Plankton/uuv_assistants) by extensions ['ros']
[0.884s] Level 1:colcon.colcon_core.package_identification:_identify(src/Plankton/uuv_assistants) by extension 'ros'
[0.885s] DEBUG:colcon.colcon_core.package_identification:Package 'src/Plankton/uuv_assistants' with type 'ros.ament_cmake' and name 'uuv_assistants'
[0.885s] Level 1:colcon.colcon_core.package_identification:_identify(src/Plankton/uuv_control) by extensions ['ignore', 'ignore_ament_install']
[0.886s] Level 1:colcon.colcon_core.package_identification:_identify(src/Plankton/uuv_control) by extension 'ignore'
[0.886s] Level 1:colcon.colcon_core.package_identification:_identify(src/Plankton/uuv_control) by extension 'ignore_ament_install'
[0.886s] Level 1:colcon.colcon_core.package_identification:_identify(src/Plankton/uuv_control) by extensions ['colcon_pkg']
[0.886s] Level 1:colcon.colcon_core.package_identification:_identify(src/Plankton/uuv_control) by extension 'colcon_pkg'
[0.886s] Level 1:colcon.colcon_core.package_identification:_identify(src/Plankton/uuv_control) by extensions ['colcon_meta']
[0.886s] Level 1:colcon.colcon_core.package_identification:_identify(src/Plankton/uuv_control) by extension 'colcon_meta'
[0.886s] Level 1:colcon.colcon_core.package_identification:_identify(src/Plankton/uuv_control) by extensions ['ros']
[0.886s] Level 1:colcon.colcon_core.package_identification:_identify(src/Plankton/uuv_control) by extension 'ros'
[0.886s] Level 1:colcon.colcon_core.package_identification:_identify(src/Plankton/uuv_control) by extensions ['cmake', 'python']
[0.886s] Level 1:colcon.colcon_core.package_identification:_identify(src/Plankton/uuv_control) by extension 'cmake'
[0.886s] Level 1:colcon.colcon_core.package_identification:_identify(src/Plankton/uuv_control) by extension 'python'
[0.886s] Level 1:colcon.colcon_core.package_identification:_identify(src/Plankton/uuv_control) by extensions ['python_setup_py']
[0.887s] Level 1:colcon.colcon_core.package_identification:_identify(src/Plankton/uuv_control) by extension 'python_setup_py'
[0.887s] Level 1:colcon.colcon_core.package_identification:_identify(src/Plankton/uuv_control/uuv_auv_control_allocator) by extensions ['ignore', 'ignore_ament_install']
[0.887s] Level 1:colcon.colcon_core.package_identification:_identify(src/Plankton/uuv_control/uuv_auv_control_allocator) by extension 'ignore'
[0.887s] Level 1:colcon.colcon_core.package_identification:_identify(src/Plankton/uuv_control/uuv_auv_control_allocator) by extension 'ignore_ament_install'
[0.887s] Level 1:colcon.colcon_core.package_identification:_identify(src/Plankton/uuv_control/uuv_auv_control_allocator) by extensions ['colcon_pkg']
[0.887s] Level 1:colcon.colcon_core.package_identification:_identify(src/Plankton/uuv_control/uuv_auv_control_allocator) by extension 'colcon_pkg'
[0.887s] Level 1:colcon.colcon_core.package_identification:_identify(src/Plankton/uuv_control/uuv_auv_control_allocator) by extensions ['colcon_meta']
[0.887s] Level 1:colcon.colcon_core.package_identification:_identify(src/Plankton/uuv_control/uuv_auv_control_allocator) by extension 'colcon_meta'
[0.887s] Level 1:colcon.colcon_core.package_identification:_identify(src/Plankton/uuv_control/uuv_auv_control_allocator) by extensions ['ros']
[0.887s] Level 1:colcon.colcon_core.package_identification:_identify(src/Plankton/uuv_control/uuv_auv_control_allocator) by extension 'ros'
[0.888s] DEBUG:colcon.colcon_core.package_identification:Package 'src/Plankton/uuv_control/uuv_auv_control_allocator' with type 'ros.ament_cmake' and name 'uuv_auv_control_allocator'
[0.888s] Level 1:colcon.colcon_core.package_identification:_identify(src/Plankton/uuv_control/uuv_control_cascaded_pids) by extensions ['ignore', 'ignore_ament_install']
[0.889s] Level 1:colcon.colcon_core.package_identification:_identify(src/Plankton/uuv_control/uuv_control_cascaded_pids) by extension 'ignore'
[0.889s] Level 1:colcon.colcon_core.package_identification:_identify(src/Plankton/uuv_control/uuv_control_cascaded_pids) by extension 'ignore_ament_install'
[0.889s] Level 1:colcon.colcon_core.package_identification:_identify(src/Plankton/uuv_control/uuv_control_cascaded_pids) by extensions ['colcon_pkg']
[0.889s] Level 1:colcon.colcon_core.package_identification:_identify(src/Plankton/uuv_control/uuv_control_cascaded_pids) by extension 'colcon_pkg'
[0.889s] Level 1:colcon.colcon_core.package_identification:_identify(src/Plankton/uuv_control/uuv_control_cascaded_pids) by extensions ['colcon_meta']
[0.889s] Level 1:colcon.colcon_core.package_identification:_identify(src/Plankton/uuv_control/uuv_control_cascaded_pids) by extension 'colcon_meta'
[0.889s] Level 1:colcon.colcon_core.package_identification:_identify(src/Plankton/uuv_control/uuv_control_cascaded_pids) by extensions ['ros']
[0.889s] Level 1:colcon.colcon_core.package_identification:_identify(src/Plankton/uuv_control/uuv_control_cascaded_pids) by extension 'ros'
[0.890s] DEBUG:colcon.colcon_core.package_identification:Package 'src/Plankton/uuv_control/uuv_control_cascaded_pids' with type 'ros.ament_cmake' and name 'uuv_control_cascaded_pid'
[0.890s] Level 1:colcon.colcon_core.package_identification:_identify(src/Plankton/uuv_control/uuv_control_msgs) by extensions ['ignore', 'ignore_ament_install']
[0.890s] Level 1:colcon.colcon_core.package_identification:_identify(src/Plankton/uuv_control/uuv_control_msgs) by extension 'ignore'
[0.890s] Level 1:colcon.colcon_core.package_identification:_identify(src/Plankton/uuv_control/uuv_control_msgs) by extension 'ignore_ament_install'
[0.890s] Level 1:colcon.colcon_core.package_identification:_identify(src/Plankton/uuv_control/uuv_control_msgs) by extensions ['colcon_pkg']
[0.890s] Level 1:colcon.colcon_core.package_identification:_identify(src/Plankton/uuv_control/uuv_control_msgs) by extension 'colcon_pkg'
[0.891s] Level 1:colcon.colcon_core.package_identification:_identify(src/Plankton/uuv_control/uuv_control_msgs) by extensions ['colcon_meta']
[0.891s] Level 1:colcon.colcon_core.package_identification:_identify(src/Plankton/uuv_control/uuv_control_msgs) by extension 'colcon_meta'
[0.891s] Level 1:colcon.colcon_core.package_identification:_identify(src/Plankton/uuv_control/uuv_control_msgs) by extensions ['ros']
[0.891s] Level 1:colcon.colcon_core.package_identification:_identify(src/Plankton/uuv_control/uuv_control_msgs) by extension 'ros'
[0.892s] DEBUG:colcon.colcon_core.package_identification:Package 'src/Plankton/uuv_control/uuv_control_msgs' with type 'ros.ament_cmake' and name 'uuv_control_msgs'
[0.892s] Level 1:colcon.colcon_core.package_identification:_identify(src/Plankton/uuv_control/uuv_control_utils) by extensions ['ignore', 'ignore_ament_install']
[0.892s] Level 1:colcon.colcon_core.package_identification:_identify(src/Plankton/uuv_control/uuv_control_utils) by extension 'ignore'
[0.892s] Level 1:colcon.colcon_core.package_identification:_identify(src/Plankton/uuv_control/uuv_control_utils) by extension 'ignore_ament_install'
[0.892s] Level 1:colcon.colcon_core.package_identification:_identify(src/Plankton/uuv_control/uuv_control_utils) by extensions ['colcon_pkg']
[0.892s] Level 1:colcon.colcon_core.package_identification:_identify(src/Plankton/uuv_control/uuv_control_utils) by extension 'colcon_pkg'
[0.892s] Level 1:colcon.colcon_core.package_identification:_identify(src/Plankton/uuv_control/uuv_control_utils) by extensions ['colcon_meta']
[0.892s] Level 1:colcon.colcon_core.package_identification:_identify(src/Plankton/uuv_control/uuv_control_utils) by extension 'colcon_meta'
[0.892s] Level 1:colcon.colcon_core.package_identification:_identify(src/Plankton/uuv_control/uuv_control_utils) by extensions ['ros']
[0.892s] Level 1:colcon.colcon_core.package_identification:_identify(src/Plankton/uuv_control/uuv_control_utils) by extension 'ros'
[0.894s] DEBUG:colcon.colcon_core.package_identification:Package 'src/Plankton/uuv_control/uuv_control_utils' with type 'ros.ament_cmake' and name 'uuv_control_utils'
[0.895s] Level 1:colcon.colcon_core.package_identification:_identify(src/Plankton/uuv_control/uuv_thruster_manager) by extensions ['ignore', 'ignore_ament_install']
[0.895s] Level 1:colcon.colcon_core.package_identification:_identify(src/Plankton/uuv_control/uuv_thruster_manager) by extension 'ignore'
[0.895s] Level 1:colcon.colcon_core.package_identification:_identify(src/Plankton/uuv_control/uuv_thruster_manager) by extension 'ignore_ament_install'
[0.895s] Level 1:colcon.colcon_core.package_identification:_identify(src/Plankton/uuv_control/uuv_thruster_manager) by extensions ['colcon_pkg']
[0.895s] Level 1:colcon.colcon_core.package_identification:_identify(src/Plankton/uuv_control/uuv_thruster_manager) by extension 'colcon_pkg'
[0.895s] Level 1:colcon.colcon_core.package_identification:_identify(src/Plankton/uuv_control/uuv_thruster_manager) by extensions ['colcon_meta']
[0.895s] Level 1:colcon.colcon_core.package_identification:_identify(src/Plankton/uuv_control/uuv_thruster_manager) by extension 'colcon_meta'
[0.895s] Level 1:colcon.colcon_core.package_identification:_identify(src/Plankton/uuv_control/uuv_thruster_manager) by extensions ['ros']
[0.895s] Level 1:colcon.colcon_core.package_identification:_identify(src/Plankton/uuv_control/uuv_thruster_manager) by extension 'ros'
[0.896s] DEBUG:colcon.colcon_core.package_identification:Package 'src/Plankton/uuv_control/uuv_thruster_manager' with type 'ros.ament_cmake' and name 'uuv_thruster_manager'
[0.897s] Level 1:colcon.colcon_core.package_identification:_identify(src/Plankton/uuv_control/uuv_trajectory_control) by extensions ['ignore', 'ignore_ament_install']
[0.897s] Level 1:colcon.colcon_core.package_identification:_identify(src/Plankton/uuv_control/uuv_trajectory_control) by extension 'ignore'
[0.897s] Level 1:colcon.colcon_core.package_identification:_identify(src/Plankton/uuv_control/uuv_trajectory_control) by extension 'ignore_ament_install'
[0.897s] Level 1:colcon.colcon_core.package_identification:_identify(src/Plankton/uuv_control/uuv_trajectory_control) by extensions ['colcon_pkg']
[0.897s] Level 1:colcon.colcon_core.package_identification:_identify(src/Plankton/uuv_control/uuv_trajectory_control) by extension 'colcon_pkg'
[0.897s] Level 1:colcon.colcon_core.package_identification:_identify(src/Plankton/uuv_control/uuv_trajectory_control) by extensions ['colcon_meta']
[0.897s] Level 1:colcon.colcon_core.package_identification:_identify(src/Plankton/uuv_control/uuv_trajectory_control) by extension 'colcon_meta'
[0.897s] Level 1:colcon.colcon_core.package_identification:_identify(src/Plankton/uuv_control/uuv_trajectory_control) by extensions ['ros']
[0.897s] Level 1:colcon.colcon_core.package_identification:_identify(src/Plankton/uuv_control/uuv_trajectory_control) by extension 'ros'
[0.898s] DEBUG:colcon.colcon_core.package_identification:Package 'src/Plankton/uuv_control/uuv_trajectory_control' with type 'ros.ament_cmake' and name 'uuv_trajectory_control'
[0.898s] Level 1:colcon.colcon_core.package_identification:_identify(src/Plankton/uuv_descriptions) by extensions ['ignore', 'ignore_ament_install']
[0.898s] Level 1:colcon.colcon_core.package_identification:_identify(src/Plankton/uuv_descriptions) by extension 'ignore'
[0.899s] Level 1:colcon.colcon_core.package_identification:_identify(src/Plankton/uuv_descriptions) by extension 'ignore_ament_install'
[0.899s] Level 1:colcon.colcon_core.package_identification:_identify(src/Plankton/uuv_descriptions) by extensions ['colcon_pkg']
[0.899s] Level 1:colcon.colcon_core.package_identification:_identify(src/Plankton/uuv_descriptions) by extension 'colcon_pkg'
[0.899s] Level 1:colcon.colcon_core.package_identification:_identify(src/Plankton/uuv_descriptions) by extensions ['colcon_meta']
[0.899s] Level 1:colcon.colcon_core.package_identification:_identify(src/Plankton/uuv_descriptions) by extension 'colcon_meta'
[0.899s] Level 1:colcon.colcon_core.package_identification:_identify(src/Plankton/uuv_descriptions) by extensions ['ros']
[0.899s] Level 1:colcon.colcon_core.package_identification:_identify(src/Plankton/uuv_descriptions) by extension 'ros'
[0.900s] DEBUG:colcon.colcon_core.package_identification:Package 'src/Plankton/uuv_descriptions' with type 'ros.ament_cmake' and name 'uuv_descriptions'
[0.900s] Level 1:colcon.colcon_core.package_identification:_identify(src/Plankton/uuv_gazebo) by extensions ['ignore', 'ignore_ament_install']
[0.900s] Level 1:colcon.colcon_core.package_identification:_identify(src/Plankton/uuv_gazebo) by extension 'ignore'
[0.900s] Level 1:colcon.colcon_core.package_identification:_identify(src/Plankton/uuv_gazebo) by extension 'ignore_ament_install'
[0.900s] Level 1:colcon.colcon_core.package_identification:_identify(src/Plankton/uuv_gazebo) by extensions ['colcon_pkg']
[0.900s] Level 1:colcon.colcon_core.package_identification:_identify(src/Plankton/uuv_gazebo) by extension 'colcon_pkg'
[0.900s] Level 1:colcon.colcon_core.package_identification:_identify(src/Plankton/uuv_gazebo) by extensions ['colcon_meta']
[0.900s] Level 1:colcon.colcon_core.package_identification:_identify(src/Plankton/uuv_gazebo) by extension 'colcon_meta'
[0.901s] Level 1:colcon.colcon_core.package_identification:_identify(src/Plankton/uuv_gazebo) by extensions ['ros']
[0.901s] Level 1:colcon.colcon_core.package_identification:_identify(src/Plankton/uuv_gazebo) by extension 'ros'
[0.901s] DEBUG:colcon.colcon_core.package_identification:Package 'src/Plankton/uuv_gazebo' with type 'ros.ament_cmake' and name 'uuv_gazebo'
[0.901s] Level 1:colcon.colcon_core.package_identification:_identify(src/Plankton/uuv_gazebo_plugins) by extensions ['ignore', 'ignore_ament_install']
[0.902s] Level 1:colcon.colcon_core.package_identification:_identify(src/Plankton/uuv_gazebo_plugins) by extension 'ignore'
[0.902s] Level 1:colcon.colcon_core.package_identification:_identify(src/Plankton/uuv_gazebo_plugins) by extension 'ignore_ament_install'
[0.902s] Level 1:colcon.colcon_core.package_identification:_identify(src/Plankton/uuv_gazebo_plugins) by extensions ['colcon_pkg']
[0.902s] Level 1:colcon.colcon_core.package_identification:_identify(src/Plankton/uuv_gazebo_plugins) by extension 'colcon_pkg'
[0.902s] Level 1:colcon.colcon_core.package_identification:_identify(src/Plankton/uuv_gazebo_plugins) by extensions ['colcon_meta']
[0.902s] Level 1:colcon.colcon_core.package_identification:_identify(src/Plankton/uuv_gazebo_plugins) by extension 'colcon_meta'
[0.902s] Level 1:colcon.colcon_core.package_identification:_identify(src/Plankton/uuv_gazebo_plugins) by extensions ['ros']
[0.902s] Level 1:colcon.colcon_core.package_identification:_identify(src/Plankton/uuv_gazebo_plugins) by extension 'ros'
[0.902s] Level 1:colcon.colcon_core.package_identification:_identify(src/Plankton/uuv_gazebo_plugins) by extensions ['cmake', 'python']
[0.902s] Level 1:colcon.colcon_core.package_identification:_identify(src/Plankton/uuv_gazebo_plugins) by extension 'cmake'
[0.902s] Level 1:colcon.colcon_core.package_identification:_identify(src/Plankton/uuv_gazebo_plugins) by extension 'python'
[0.902s] Level 1:colcon.colcon_core.package_identification:_identify(src/Plankton/uuv_gazebo_plugins) by extensions ['python_setup_py']
[0.902s] Level 1:colcon.colcon_core.package_identification:_identify(src/Plankton/uuv_gazebo_plugins) by extension 'python_setup_py'
[0.902s] Level 1:colcon.colcon_core.package_identification:_identify(src/Plankton/uuv_gazebo_plugins/uuv_gazebo_plugins) by extensions ['ignore', 'ignore_ament_install']
[0.903s] Level 1:colcon.colcon_core.package_identification:_identify(src/Plankton/uuv_gazebo_plugins/uuv_gazebo_plugins) by extension 'ignore'
[0.903s] Level 1:colcon.colcon_core.package_identification:_identify(src/Plankton/uuv_gazebo_plugins/uuv_gazebo_plugins) by extension 'ignore_ament_install'
[0.903s] Level 1:colcon.colcon_core.package_identification:_identify(src/Plankton/uuv_gazebo_plugins/uuv_gazebo_plugins) by extensions ['colcon_pkg']
[0.903s] Level 1:colcon.colcon_core.package_identification:_identify(src/Plankton/uuv_gazebo_plugins/uuv_gazebo_plugins) by extension 'colcon_pkg'
[0.903s] Level 1:colcon.colcon_core.package_identification:_identify(src/Plankton/uuv_gazebo_plugins/uuv_gazebo_plugins) by extensions ['colcon_meta']
[0.903s] Level 1:colcon.colcon_core.package_identification:_identify(src/Plankton/uuv_gazebo_plugins/uuv_gazebo_plugins) by extension 'colcon_meta'
[0.903s] Level 1:colcon.colcon_core.package_identification:_identify(src/Plankton/uuv_gazebo_plugins/uuv_gazebo_plugins) by extensions ['ros']
[0.903s] Level 1:colcon.colcon_core.package_identification:_identify(src/Plankton/uuv_gazebo_plugins/uuv_gazebo_plugins) by extension 'ros'
[0.904s] DEBUG:colcon.colcon_core.package_identification:Package 'src/Plankton/uuv_gazebo_plugins/uuv_gazebo_plugins' with type 'ros.ament_cmake' and name 'uuv_gazebo_plugins'
[0.904s] Level 1:colcon.colcon_core.package_identification:_identify(src/Plankton/uuv_gazebo_plugins/uuv_gazebo_ros_plugins) by extensions ['ignore', 'ignore_ament_install']
[0.904s] Level 1:colcon.colcon_core.package_identification:_identify(src/Plankton/uuv_gazebo_plugins/uuv_gazebo_ros_plugins) by extension 'ignore'
[0.904s] Level 1:colcon.colcon_core.package_identification:_identify(src/Plankton/uuv_gazebo_plugins/uuv_gazebo_ros_plugins) by extension 'ignore_ament_install'
[0.905s] Level 1:colcon.colcon_core.package_identification:_identify(src/Plankton/uuv_gazebo_plugins/uuv_gazebo_ros_plugins) by extensions ['colcon_pkg']
[0.905s] Level 1:colcon.colcon_core.package_identification:_identify(src/Plankton/uuv_gazebo_plugins/uuv_gazebo_ros_plugins) by extension 'colcon_pkg'
[0.905s] Level 1:colcon.colcon_core.package_identification:_identify(src/Plankton/uuv_gazebo_plugins/uuv_gazebo_ros_plugins) by extensions ['colcon_meta']
[0.905s] Level 1:colcon.colcon_core.package_identification:_identify(src/Plankton/uuv_gazebo_plugins/uuv_gazebo_ros_plugins) by extension 'colcon_meta'
[0.905s] Level 1:colcon.colcon_core.package_identification:_identify(src/Plankton/uuv_gazebo_plugins/uuv_gazebo_ros_plugins) by extensions ['ros']
[0.905s] Level 1:colcon.colcon_core.package_identification:_identify(src/Plankton/uuv_gazebo_plugins/uuv_gazebo_ros_plugins) by extension 'ros'
[0.907s] DEBUG:colcon.colcon_core.package_identification:Package 'src/Plankton/uuv_gazebo_plugins/uuv_gazebo_ros_plugins' with type 'ros.ament_cmake' and name 'uuv_gazebo_ros_plugins'
[0.907s] Level 1:colcon.colcon_core.package_identification:_identify(src/Plankton/uuv_gazebo_plugins/uuv_gazebo_ros_plugins_msgs) by extensions ['ignore', 'ignore_ament_install']
[0.907s] Level 1:colcon.colcon_core.package_identification:_identify(src/Plankton/uuv_gazebo_plugins/uuv_gazebo_ros_plugins_msgs) by extension 'ignore'
[0.907s] Level 1:colcon.colcon_core.package_identification:_identify(src/Plankton/uuv_gazebo_plugins/uuv_gazebo_ros_plugins_msgs) by extension 'ignore_ament_install'
[0.907s] Level 1:colcon.colcon_core.package_identification:_identify(src/Plankton/uuv_gazebo_plugins/uuv_gazebo_ros_plugins_msgs) by extensions ['colcon_pkg']
[0.907s] Level 1:colcon.colcon_core.package_identification:_identify(src/Plankton/uuv_gazebo_plugins/uuv_gazebo_ros_plugins_msgs) by extension 'colcon_pkg'
[0.907s] Level 1:colcon.colcon_core.package_identification:_identify(src/Plankton/uuv_gazebo_plugins/uuv_gazebo_ros_plugins_msgs) by extensions ['colcon_meta']
[0.907s] Level 1:colcon.colcon_core.package_identification:_identify(src/Plankton/uuv_gazebo_plugins/uuv_gazebo_ros_plugins_msgs) by extension 'colcon_meta'
[0.907s] Level 1:colcon.colcon_core.package_identification:_identify(src/Plankton/uuv_gazebo_plugins/uuv_gazebo_ros_plugins_msgs) by extensions ['ros']
[0.907s] Level 1:colcon.colcon_core.package_identification:_identify(src/Plankton/uuv_gazebo_plugins/uuv_gazebo_ros_plugins_msgs) by extension 'ros'
[0.908s] DEBUG:colcon.colcon_core.package_identification:Package 'src/Plankton/uuv_gazebo_plugins/uuv_gazebo_ros_plugins_msgs' with type 'ros.ament_cmake' and name 'uuv_gazebo_ros_plugins_msgs'
[0.908s] Level 1:colcon.colcon_core.package_identification:_identify(src/Plankton/uuv_gazebo_worlds) by extensions ['ignore', 'ignore_ament_install']
[0.908s] Level 1:colcon.colcon_core.package_identification:_identify(src/Plankton/uuv_gazebo_worlds) by extension 'ignore'
[0.909s] Level 1:colcon.colcon_core.package_identification:_identify(src/Plankton/uuv_gazebo_worlds) by extension 'ignore_ament_install'
[0.909s] Level 1:colcon.colcon_core.package_identification:_identify(src/Plankton/uuv_gazebo_worlds) by extensions ['colcon_pkg']
[0.909s] Level 1:colcon.colcon_core.package_identification:_identify(src/Plankton/uuv_gazebo_worlds) by extension 'colcon_pkg'
[0.909s] Level 1:colcon.colcon_core.package_identification:_identify(src/Plankton/uuv_gazebo_worlds) by extensions ['colcon_meta']
[0.909s] Level 1:colcon.colcon_core.package_identification:_identify(src/Plankton/uuv_gazebo_worlds) by extension 'colcon_meta'
[0.909s] Level 1:colcon.colcon_core.package_identification:_identify(src/Plankton/uuv_gazebo_worlds) by extensions ['ros']
[0.909s] Level 1:colcon.colcon_core.package_identification:_identify(src/Plankton/uuv_gazebo_worlds) by extension 'ros'
[0.910s] DEBUG:colcon.colcon_core.package_identification:Package 'src/Plankton/uuv_gazebo_worlds' with type 'ros.ament_cmake' and name 'uuv_gazebo_worlds'
[0.910s] Level 1:colcon.colcon_core.package_identification:_identify(src/Plankton/uuv_sensor_plugins) by extensions ['ignore', 'ignore_ament_install']
[0.910s] Level 1:colcon.colcon_core.package_identification:_identify(src/Plankton/uuv_sensor_plugins) by extension 'ignore'
[0.910s] Level 1:colcon.colcon_core.package_identification:_identify(src/Plankton/uuv_sensor_plugins) by extension 'ignore_ament_install'
[0.910s] Level 1:colcon.colcon_core.package_identification:_identify(src/Plankton/uuv_sensor_plugins) by extensions ['colcon_pkg']
[0.910s] Level 1:colcon.colcon_core.package_identification:_identify(src/Plankton/uuv_sensor_plugins) by extension 'colcon_pkg'
[0.910s] Level 1:colcon.colcon_core.package_identification:_identify(src/Plankton/uuv_sensor_plugins) by extensions ['colcon_meta']
[0.910s] Level 1:colcon.colcon_core.package_identification:_identify(src/Plankton/uuv_sensor_plugins) by extension 'colcon_meta'
[0.910s] Level 1:colcon.colcon_core.package_identification:_identify(src/Plankton/uuv_sensor_plugins) by extensions ['ros']
[0.910s] Level 1:colcon.colcon_core.package_identification:_identify(src/Plankton/uuv_sensor_plugins) by extension 'ros'
[0.910s] Level 1:colcon.colcon_core.package_identification:_identify(src/Plankton/uuv_sensor_plugins) by extensions ['cmake', 'python']
[0.911s] Level 1:colcon.colcon_core.package_identification:_identify(src/Plankton/uuv_sensor_plugins) by extension 'cmake'
[0.911s] Level 1:colcon.colcon_core.package_identification:_identify(src/Plankton/uuv_sensor_plugins) by extension 'python'
[0.911s] Level 1:colcon.colcon_core.package_identification:_identify(src/Plankton/uuv_sensor_plugins) by extensions ['python_setup_py']
[0.911s] Level 1:colcon.colcon_core.package_identification:_identify(src/Plankton/uuv_sensor_plugins) by extension 'python_setup_py'
[0.911s] Level 1:colcon.colcon_core.package_identification:_identify(src/Plankton/uuv_sensor_plugins/uuv_sensor_ros_plugins) by extensions ['ignore', 'ignore_ament_install']
[0.911s] Level 1:colcon.colcon_core.package_identification:_identify(src/Plankton/uuv_sensor_plugins/uuv_sensor_ros_plugins) by extension 'ignore'
[0.911s] Level 1:colcon.colcon_core.package_identification:_identify(src/Plankton/uuv_sensor_plugins/uuv_sensor_ros_plugins) by extension 'ignore_ament_install'
[0.911s] Level 1:colcon.colcon_core.package_identification:_identify(src/Plankton/uuv_sensor_plugins/uuv_sensor_ros_plugins) by extensions ['colcon_pkg']
[0.911s] Level 1:colcon.colcon_core.package_identification:_identify(src/Plankton/uuv_sensor_plugins/uuv_sensor_ros_plugins) by extension 'colcon_pkg'
[0.911s] Level 1:colcon.colcon_core.package_identification:_identify(src/Plankton/uuv_sensor_plugins/uuv_sensor_ros_plugins) by extensions ['colcon_meta']
[0.911s] Level 1:colcon.colcon_core.package_identification:_identify(src/Plankton/uuv_sensor_plugins/uuv_sensor_ros_plugins) by extension 'colcon_meta'
[0.911s] Level 1:colcon.colcon_core.package_identification:_identify(src/Plankton/uuv_sensor_plugins/uuv_sensor_ros_plugins) by extensions ['ros']
[0.911s] Level 1:colcon.colcon_core.package_identification:_identify(src/Plankton/uuv_sensor_plugins/uuv_sensor_ros_plugins) by extension 'ros'
[0.913s] DEBUG:colcon.colcon_core.package_identification:Package 'src/Plankton/uuv_sensor_plugins/uuv_sensor_ros_plugins' with type 'ros.ament_cmake' and name 'uuv_sensor_ros_plugins'
[0.913s] Level 1:colcon.colcon_core.package_identification:_identify(src/Plankton/uuv_sensor_plugins/uuv_sensor_ros_plugins_msgs) by extensions ['ignore', 'ignore_ament_install']
[0.914s] Level 1:colcon.colcon_core.package_identification:_identify(src/Plankton/uuv_sensor_plugins/uuv_sensor_ros_plugins_msgs) by extension 'ignore'
[0.914s] Level 1:colcon.colcon_core.package_identification:_identify(src/Plankton/uuv_sensor_plugins/uuv_sensor_ros_plugins_msgs) by extension 'ignore_ament_install'
[0.914s] Level 1:colcon.colcon_core.package_identification:_identify(src/Plankton/uuv_sensor_plugins/uuv_sensor_ros_plugins_msgs) by extensions ['colcon_pkg']
[0.914s] Level 1:colcon.colcon_core.package_identification:_identify(src/Plankton/uuv_sensor_plugins/uuv_sensor_ros_plugins_msgs) by extension 'colcon_pkg'
[0.914s] Level 1:colcon.colcon_core.package_identification:_identify(src/Plankton/uuv_sensor_plugins/uuv_sensor_ros_plugins_msgs) by extensions ['colcon_meta']
[0.914s] Level 1:colcon.colcon_core.package_identification:_identify(src/Plankton/uuv_sensor_plugins/uuv_sensor_ros_plugins_msgs) by extension 'colcon_meta'
[0.914s] Level 1:colcon.colcon_core.package_identification:_identify(src/Plankton/uuv_sensor_plugins/uuv_sensor_ros_plugins_msgs) by extensions ['ros']
[0.914s] Level 1:colcon.colcon_core.package_identification:_identify(src/Plankton/uuv_sensor_plugins/uuv_sensor_ros_plugins_msgs) by extension 'ros'
[0.915s] DEBUG:colcon.colcon_core.package_identification:Package 'src/Plankton/uuv_sensor_plugins/uuv_sensor_ros_plugins_msgs' with type 'ros.ament_cmake' and name 'uuv_sensor_ros_plugins_msgs'
[0.915s] Level 1:colcon.colcon_core.package_identification:_identify(src/Plankton/uuv_simulator) by extensions ['ignore', 'ignore_ament_install']
[0.915s] Level 1:colcon.colcon_core.package_identification:_identify(src/Plankton/uuv_simulator) by extension 'ignore'
[0.915s] Level 1:colcon.colcon_core.package_identification:_identify(src/Plankton/uuv_simulator) by extension 'ignore_ament_install'
[0.915s] Level 1:colcon.colcon_core.package_identification:_identify(src/Plankton/uuv_simulator) by extensions ['colcon_pkg']
[0.915s] Level 1:colcon.colcon_core.package_identification:_identify(src/Plankton/uuv_simulator) by extension 'colcon_pkg'
[0.915s] Level 1:colcon.colcon_core.package_identification:_identify(src/Plankton/uuv_simulator) by extensions ['colcon_meta']
[0.915s] Level 1:colcon.colcon_core.package_identification:_identify(src/Plankton/uuv_simulator) by extension 'colcon_meta'
[0.916s] Level 1:colcon.colcon_core.package_identification:_identify(src/Plankton/uuv_simulator) by extensions ['ros']
[0.916s] Level 1:colcon.colcon_core.package_identification:_identify(src/Plankton/uuv_simulator) by extension 'ros'
[0.916s] DEBUG:colcon.colcon_core.package_identification:Package 'src/Plankton/uuv_simulator' with type 'ros.ament_cmake' and name 'uuv_simulator'
[0.917s] Level 1:colcon.colcon_core.package_identification:_identify(src/Plankton/uuv_teleop) by extensions ['ignore', 'ignore_ament_install']
[0.917s] Level 1:colcon.colcon_core.package_identification:_identify(src/Plankton/uuv_teleop) by extension 'ignore'
[0.917s] Level 1:colcon.colcon_core.package_identification:_identify(src/Plankton/uuv_teleop) by extension 'ignore_ament_install'
[0.917s] Level 1:colcon.colcon_core.package_identification:_identify(src/Plankton/uuv_teleop) by extensions ['colcon_pkg']
[0.917s] Level 1:colcon.colcon_core.package_identification:_identify(src/Plankton/uuv_teleop) by extension 'colcon_pkg'
[0.917s] Level 1:colcon.colcon_core.package_identification:_identify(src/Plankton/uuv_teleop) by extensions ['colcon_meta']
[0.917s] Level 1:colcon.colcon_core.package_identification:_identify(src/Plankton/uuv_teleop) by extension 'colcon_meta'
[0.917s] Level 1:colcon.colcon_core.package_identification:_identify(src/Plankton/uuv_teleop) by extensions ['ros']
[0.917s] Level 1:colcon.colcon_core.package_identification:_identify(src/Plankton/uuv_teleop) by extension 'ros'
[0.918s] DEBUG:colcon.colcon_core.package_identification:Package 'src/Plankton/uuv_teleop' with type 'ros.ament_cmake' and name 'uuv_teleop'
[0.918s] Level 1:colcon.colcon_core.package_identification:_identify(src/Plankton/uuv_tutorials) by extensions ['ignore', 'ignore_ament_install']
[0.918s] Level 1:colcon.colcon_core.package_identification:_identify(src/Plankton/uuv_tutorials) by extension 'ignore'
[0.918s] Level 1:colcon.colcon_core.package_identification:_identify(src/Plankton/uuv_tutorials) by extension 'ignore_ament_install'
[0.919s] Level 1:colcon.colcon_core.package_identification:_identify(src/Plankton/uuv_tutorials) by extensions ['colcon_pkg']
[0.919s] Level 1:colcon.colcon_core.package_identification:_identify(src/Plankton/uuv_tutorials) by extension 'colcon_pkg'
[0.919s] Level 1:colcon.colcon_core.package_identification:_identify(src/Plankton/uuv_tutorials) by extensions ['colcon_meta']
[0.919s] Level 1:colcon.colcon_core.package_identification:_identify(src/Plankton/uuv_tutorials) by extension 'colcon_meta'
[0.919s] Level 1:colcon.colcon_core.package_identification:_identify(src/Plankton/uuv_tutorials) by extensions ['ros']
[0.919s] Level 1:colcon.colcon_core.package_identification:_identify(src/Plankton/uuv_tutorials) by extension 'ros'
[0.919s] Level 1:colcon.colcon_core.package_identification:_identify(src/Plankton/uuv_tutorials) by extensions ['cmake', 'python']
[0.919s] Level 1:colcon.colcon_core.package_identification:_identify(src/Plankton/uuv_tutorials) by extension 'cmake'
[0.919s] Level 1:colcon.colcon_core.package_identification:_identify(src/Plankton/uuv_tutorials) by extension 'python'
[0.919s] Level 1:colcon.colcon_core.package_identification:_identify(src/Plankton/uuv_tutorials) by extensions ['python_setup_py']
[0.919s] Level 1:colcon.colcon_core.package_identification:_identify(src/Plankton/uuv_tutorials) by extension 'python_setup_py'
[0.919s] Level 1:colcon.colcon_core.package_identification:_identify(src/Plankton/uuv_tutorials/uuv_tutorial_disturbances) by extensions ['ignore', 'ignore_ament_install']
[0.919s] Level 1:colcon.colcon_core.package_identification:_identify(src/Plankton/uuv_tutorials/uuv_tutorial_disturbances) by extension 'ignore'
[0.919s] Level 1:colcon.colcon_core.package_identification:_identify(src/Plankton/uuv_tutorials/uuv_tutorial_disturbances) by extension 'ignore_ament_install'
[0.920s] Level 1:colcon.colcon_core.package_identification:_identify(src/Plankton/uuv_tutorials/uuv_tutorial_disturbances) by extensions ['colcon_pkg']
[0.920s] Level 1:colcon.colcon_core.package_identification:_identify(src/Plankton/uuv_tutorials/uuv_tutorial_disturbances) by extension 'colcon_pkg'
[0.920s] Level 1:colcon.colcon_core.package_identification:_identify(src/Plankton/uuv_tutorials/uuv_tutorial_disturbances) by extensions ['colcon_meta']
[0.920s] Level 1:colcon.colcon_core.package_identification:_identify(src/Plankton/uuv_tutorials/uuv_tutorial_disturbances) by extension 'colcon_meta'
[0.920s] Level 1:colcon.colcon_core.package_identification:_identify(src/Plankton/uuv_tutorials/uuv_tutorial_disturbances) by extensions ['ros']
[0.920s] Level 1:colcon.colcon_core.package_identification:_identify(src/Plankton/uuv_tutorials/uuv_tutorial_disturbances) by extension 'ros'
[0.921s] DEBUG:colcon.colcon_core.package_identification:Package 'src/Plankton/uuv_tutorials/uuv_tutorial_disturbances' with type 'ros.ament_cmake' and name 'uuv_tutorial_disturbances'
[0.921s] Level 1:colcon.colcon_core.package_identification:_identify(src/Plankton/uuv_tutorials/uuv_tutorial_dp_controller) by extensions ['ignore', 'ignore_ament_install']
[0.921s] Level 1:colcon.colcon_core.package_identification:_identify(src/Plankton/uuv_tutorials/uuv_tutorial_dp_controller) by extension 'ignore'
[0.921s] Level 1:colcon.colcon_core.package_identification:_identify(src/Plankton/uuv_tutorials/uuv_tutorial_dp_controller) by extension 'ignore_ament_install'
[0.921s] Level 1:colcon.colcon_core.package_identification:_identify(src/Plankton/uuv_tutorials/uuv_tutorial_dp_controller) by extensions ['colcon_pkg']
[0.921s] Level 1:colcon.colcon_core.package_identification:_identify(src/Plankton/uuv_tutorials/uuv_tutorial_dp_controller) by extension 'colcon_pkg'
[0.921s] Level 1:colcon.colcon_core.package_identification:_identify(src/Plankton/uuv_tutorials/uuv_tutorial_dp_controller) by extensions ['colcon_meta']
[0.921s] Level 1:colcon.colcon_core.package_identification:_identify(src/Plankton/uuv_tutorials/uuv_tutorial_dp_controller) by extension 'colcon_meta'
[0.921s] Level 1:colcon.colcon_core.package_identification:_identify(src/Plankton/uuv_tutorials/uuv_tutorial_dp_controller) by extensions ['ros']
[0.921s] Level 1:colcon.colcon_core.package_identification:_identify(src/Plankton/uuv_tutorials/uuv_tutorial_dp_controller) by extension 'ros'
[0.922s] DEBUG:colcon.colcon_core.package_identification:Package 'src/Plankton/uuv_tutorials/uuv_tutorial_dp_controller' with type 'ros.ament_cmake' and name 'uuv_tutorial_dp_controller'
[0.922s] Level 1:colcon.colcon_core.package_identification:_identify(src/Plankton/uuv_tutorials/uuv_tutorial_rov_model) by extensions ['ignore', 'ignore_ament_install']
[0.922s] Level 1:colcon.colcon_core.package_identification:_identify(src/Plankton/uuv_tutorials/uuv_tutorial_rov_model) by extension 'ignore'
[0.922s] Level 1:colcon.colcon_core.package_identification:_identify(src/Plankton/uuv_tutorials/uuv_tutorial_rov_model) ignored
[0.922s] Level 1:colcon.colcon_core.package_identification:_identify(src/Plankton/uuv_tutorials/uuv_tutorial_seabed_world) by extensions ['ignore', 'ignore_ament_install']
[0.923s] Level 1:colcon.colcon_core.package_identification:_identify(src/Plankton/uuv_tutorials/uuv_tutorial_seabed_world) by extension 'ignore'
[0.923s] Level 1:colcon.colcon_core.package_identification:_identify(src/Plankton/uuv_tutorials/uuv_tutorial_seabed_world) by extension 'ignore_ament_install'
[0.923s] Level 1:colcon.colcon_core.package_identification:_identify(src/Plankton/uuv_tutorials/uuv_tutorial_seabed_world) by extensions ['colcon_pkg']
[0.923s] Level 1:colcon.colcon_core.package_identification:_identify(src/Plankton/uuv_tutorials/uuv_tutorial_seabed_world) by extension 'colcon_pkg'
[0.923s] Level 1:colcon.colcon_core.package_identification:_identify(src/Plankton/uuv_tutorials/uuv_tutorial_seabed_world) by extensions ['colcon_meta']
[0.923s] Level 1:colcon.colcon_core.package_identification:_identify(src/Plankton/uuv_tutorials/uuv_tutorial_seabed_world) by extension 'colcon_meta'
[0.923s] Level 1:colcon.colcon_core.package_identification:_identify(src/Plankton/uuv_tutorials/uuv_tutorial_seabed_world) by extensions ['ros']
[0.923s] Level 1:colcon.colcon_core.package_identification:_identify(src/Plankton/uuv_tutorials/uuv_tutorial_seabed_world) by extension 'ros'
[0.924s] DEBUG:colcon.colcon_core.package_identification:Package 'src/Plankton/uuv_tutorials/uuv_tutorial_seabed_world' with type 'ros.ament_cmake' and name 'uuv_tutorial_seabed_world'
[0.924s] Level 1:colcon.colcon_core.package_identification:_identify(src/Plankton/uuv_tutorials/uuv_tutorials) by extensions ['ignore', 'ignore_ament_install']
[0.924s] Level 1:colcon.colcon_core.package_identification:_identify(src/Plankton/uuv_tutorials/uuv_tutorials) by extension 'ignore'
[0.924s] Level 1:colcon.colcon_core.package_identification:_identify(src/Plankton/uuv_tutorials/uuv_tutorials) by extension 'ignore_ament_install'
[0.924s] Level 1:colcon.colcon_core.package_identification:_identify(src/Plankton/uuv_tutorials/uuv_tutorials) by extensions ['colcon_pkg']
[0.924s] Level 1:colcon.colcon_core.package_identification:_identify(src/Plankton/uuv_tutorials/uuv_tutorials) by extension 'colcon_pkg'
[0.924s] Level 1:colcon.colcon_core.package_identification:_identify(src/Plankton/uuv_tutorials/uuv_tutorials) by extensions ['colcon_meta']
[0.924s] Level 1:colcon.colcon_core.package_identification:_identify(src/Plankton/uuv_tutorials/uuv_tutorials) by extension 'colcon_meta'
[0.924s] Level 1:colcon.colcon_core.package_identification:_identify(src/Plankton/uuv_tutorials/uuv_tutorials) by extensions ['ros']
[0.925s] Level 1:colcon.colcon_core.package_identification:_identify(src/Plankton/uuv_tutorials/uuv_tutorials) by extension 'ros'
[0.925s] DEBUG:colcon.colcon_core.package_identification:Package 'src/Plankton/uuv_tutorials/uuv_tutorials' with type 'ros.ament_cmake' and name 'uuv_tutorials'
[0.925s] Level 1:colcon.colcon_core.package_identification:_identify(src/Plankton/uuv_world_plugins) by extensions ['ignore', 'ignore_ament_install']
[0.926s] Level 1:colcon.colcon_core.package_identification:_identify(src/Plankton/uuv_world_plugins) by extension 'ignore'
[0.926s] Level 1:colcon.colcon_core.package_identification:_identify(src/Plankton/uuv_world_plugins) by extension 'ignore_ament_install'
[0.926s] Level 1:colcon.colcon_core.package_identification:_identify(src/Plankton/uuv_world_plugins) by extensions ['colcon_pkg']
[0.926s] Level 1:colcon.colcon_core.package_identification:_identify(src/Plankton/uuv_world_plugins) by extension 'colcon_pkg'
[0.926s] Level 1:colcon.colcon_core.package_identification:_identify(src/Plankton/uuv_world_plugins) by extensions ['colcon_meta']
[0.926s] Level 1:colcon.colcon_core.package_identification:_identify(src/Plankton/uuv_world_plugins) by extension 'colcon_meta'
[0.926s] Level 1:colcon.colcon_core.package_identification:_identify(src/Plankton/uuv_world_plugins) by extensions ['ros']
[0.926s] Level 1:colcon.colcon_core.package_identification:_identify(src/Plankton/uuv_world_plugins) by extension 'ros'
[0.926s] Level 1:colcon.colcon_core.package_identification:_identify(src/Plankton/uuv_world_plugins) by extensions ['cmake', 'python']
[0.926s] Level 1:colcon.colcon_core.package_identification:_identify(src/Plankton/uuv_world_plugins) by extension 'cmake'
[0.926s] Level 1:colcon.colcon_core.package_identification:_identify(src/Plankton/uuv_world_plugins) by extension 'python'
[0.926s] Level 1:colcon.colcon_core.package_identification:_identify(src/Plankton/uuv_world_plugins) by extensions ['python_setup_py']
[0.926s] Level 1:colcon.colcon_core.package_identification:_identify(src/Plankton/uuv_world_plugins) by extension 'python_setup_py'
[0.926s] Level 1:colcon.colcon_core.package_identification:_identify(src/Plankton/uuv_world_plugins/uuv_world_plugins) by extensions ['ignore', 'ignore_ament_install']
[0.927s] Level 1:colcon.colcon_core.package_identification:_identify(src/Plankton/uuv_world_plugins/uuv_world_plugins) by extension 'ignore'
[0.927s] Level 1:colcon.colcon_core.package_identification:_identify(src/Plankton/uuv_world_plugins/uuv_world_plugins) by extension 'ignore_ament_install'
[0.927s] Level 1:colcon.colcon_core.package_identification:_identify(src/Plankton/uuv_world_plugins/uuv_world_plugins) by extensions ['colcon_pkg']
[0.927s] Level 1:colcon.colcon_core.package_identification:_identify(src/Plankton/uuv_world_plugins/uuv_world_plugins) by extension 'colcon_pkg'
[0.927s] Level 1:colcon.colcon_core.package_identification:_identify(src/Plankton/uuv_world_plugins/uuv_world_plugins) by extensions ['colcon_meta']
[0.927s] Level 1:colcon.colcon_core.package_identification:_identify(src/Plankton/uuv_world_plugins/uuv_world_plugins) by extension 'colcon_meta'
[0.927s] Level 1:colcon.colcon_core.package_identification:_identify(src/Plankton/uuv_world_plugins/uuv_world_plugins) by extensions ['ros']
[0.927s] Level 1:colcon.colcon_core.package_identification:_identify(src/Plankton/uuv_world_plugins/uuv_world_plugins) by extension 'ros'
[0.928s] DEBUG:colcon.colcon_core.package_identification:Package 'src/Plankton/uuv_world_plugins/uuv_world_plugins' with type 'ros.ament_cmake' and name 'uuv_world_plugins'
[0.928s] Level 1:colcon.colcon_core.package_identification:_identify(src/Plankton/uuv_world_plugins/uuv_world_ros_plugins) by extensions ['ignore', 'ignore_ament_install']
[0.928s] Level 1:colcon.colcon_core.package_identification:_identify(src/Plankton/uuv_world_plugins/uuv_world_ros_plugins) by extension 'ignore'
[0.928s] Level 1:colcon.colcon_core.package_identification:_identify(src/Plankton/uuv_world_plugins/uuv_world_ros_plugins) by extension 'ignore_ament_install'
[0.928s] Level 1:colcon.colcon_core.package_identification:_identify(src/Plankton/uuv_world_plugins/uuv_world_ros_plugins) by extensions ['colcon_pkg']
[0.928s] Level 1:colcon.colcon_core.package_identification:_identify(src/Plankton/uuv_world_plugins/uuv_world_ros_plugins) by extension 'colcon_pkg'
[0.928s] Level 1:colcon.colcon_core.package_identification:_identify(src/Plankton/uuv_world_plugins/uuv_world_ros_plugins) by extensions ['colcon_meta']
[0.928s] Level 1:colcon.colcon_core.package_identification:_identify(src/Plankton/uuv_world_plugins/uuv_world_ros_plugins) by extension 'colcon_meta'
[0.929s] Level 1:colcon.colcon_core.package_identification:_identify(src/Plankton/uuv_world_plugins/uuv_world_ros_plugins) by extensions ['ros']
[0.929s] Level 1:colcon.colcon_core.package_identification:_identify(src/Plankton/uuv_world_plugins/uuv_world_ros_plugins) by extension 'ros'
[0.930s] DEBUG:colcon.colcon_core.package_identification:Package 'src/Plankton/uuv_world_plugins/uuv_world_ros_plugins' with type 'ros.ament_cmake' and name 'uuv_world_ros_plugins'
[0.930s] Level 1:colcon.colcon_core.package_identification:_identify(src/Plankton/uuv_world_plugins/uuv_world_ros_plugins_msgs) by extensions ['ignore', 'ignore_ament_install']
[0.930s] Level 1:colcon.colcon_core.package_identification:_identify(src/Plankton/uuv_world_plugins/uuv_world_ros_plugins_msgs) by extension 'ignore'
[0.930s] Level 1:colcon.colcon_core.package_identification:_identify(src/Plankton/uuv_world_plugins/uuv_world_ros_plugins_msgs) by extension 'ignore_ament_install'
[0.930s] Level 1:colcon.colcon_core.package_identification:_identify(src/Plankton/uuv_world_plugins/uuv_world_ros_plugins_msgs) by extensions ['colcon_pkg']
[0.930s] Level 1:colcon.colcon_core.package_identification:_identify(src/Plankton/uuv_world_plugins/uuv_world_ros_plugins_msgs) by extension 'colcon_pkg'
[0.930s] Level 1:colcon.colcon_core.package_identification:_identify(src/Plankton/uuv_world_plugins/uuv_world_ros_plugins_msgs) by extensions ['colcon_meta']
[0.930s] Level 1:colcon.colcon_core.package_identification:_identify(src/Plankton/uuv_world_plugins/uuv_world_ros_plugins_msgs) by extension 'colcon_meta'
[0.930s] Level 1:colcon.colcon_core.package_identification:_identify(src/Plankton/uuv_world_plugins/uuv_world_ros_plugins_msgs) by extensions ['ros']
[0.930s] Level 1:colcon.colcon_core.package_identification:_identify(src/Plankton/uuv_world_plugins/uuv_world_ros_plugins_msgs) by extension 'ros'
[0.931s] DEBUG:colcon.colcon_core.package_identification:Package 'src/Plankton/uuv_world_plugins/uuv_world_ros_plugins_msgs' with type 'ros.ament_cmake' and name 'uuv_world_ros_plugins_msgs'
[0.931s] Level 1:colcon.colcon_core.package_identification:_identify(src/muuv_ros) by extensions ['ignore', 'ignore_ament_install']
[0.932s] Level 1:colcon.colcon_core.package_identification:_identify(src/muuv_ros) by extension 'ignore'
[0.932s] Level 1:colcon.colcon_core.package_identification:_identify(src/muuv_ros) by extension 'ignore_ament_install'
[0.932s] Level 1:colcon.colcon_core.package_identification:_identify(src/muuv_ros) by extensions ['colcon_pkg']
[0.932s] Level 1:colcon.colcon_core.package_identification:_identify(src/muuv_ros) by extension 'colcon_pkg'
[0.932s] Level 1:colcon.colcon_core.package_identification:_identify(src/muuv_ros) by extensions ['colcon_meta']
[0.932s] Level 1:colcon.colcon_core.package_identification:_identify(src/muuv_ros) by extension 'colcon_meta'
[0.932s] Level 1:colcon.colcon_core.package_identification:_identify(src/muuv_ros) by extensions ['ros']
[0.932s] Level 1:colcon.colcon_core.package_identification:_identify(src/muuv_ros) by extension 'ros'
[0.933s] DEBUG:colcon.colcon_core.package_identification:Package 'src/muuv_ros' with type 'ros.ament_cmake' and name 'muuv_ros'
[0.933s] Level 1:colcon.colcon_core.package_discovery:discover_packages(recursive) using defaults
[0.933s] Level 1:colcon.colcon_core.package_discovery:discover_packages(ignore) discover
[0.933s] Level 1:colcon.colcon_core.package_discovery:discover_packages(ignore) using defaults
[0.933s] Level 1:colcon.colcon_core.package_discovery:discover_packages(path) discover
[0.933s] Level 1:colcon.colcon_core.package_discovery:discover_packages(path) using defaults
[0.965s] INFO:colcon.colcon_core.package_selection:Skipping not selected package 'muuv_sim_control' in 'src/Muuv_sim/muuv_sim_control'
[0.965s] INFO:colcon.colcon_core.package_selection:Skipping not selected package 'muuv_sim_description' in 'src/Muuv_sim/muuv_sim_description'
[0.965s] INFO:colcon.colcon_core.package_selection:Skipping not selected package 'plankton_utils' in 'src/Plankton/plankton_utils'
[0.965s] INFO:colcon.colcon_core.package_selection:Skipping not selected package 'test_sim' in 'src/Muuv_sim/test_sim'
[0.965s] INFO:colcon.colcon_core.package_selection:Skipping not selected package 'uuv_control_msgs' in 'src/Plankton/uuv_control/uuv_control_msgs'
[0.965s] INFO:colcon.colcon_core.package_selection:Skipping not selected package 'uuv_gazebo' in 'src/Plankton/uuv_gazebo'
[0.965s] INFO:colcon.colcon_core.package_selection:Skipping not selected package 'uuv_gazebo_plugins' in 'src/Plankton/uuv_gazebo_plugins/uuv_gazebo_plugins'
[0.965s] INFO:colcon.colcon_core.package_selection:Skipping not selected package 'uuv_gazebo_ros_plugins_msgs' in 'src/Plankton/uuv_gazebo_plugins/uuv_gazebo_ros_plugins_msgs'
[0.965s] INFO:colcon.colcon_core.package_selection:Skipping not selected package 'uuv_gazebo_worlds' in 'src/Plankton/uuv_gazebo_worlds'
[0.965s] INFO:colcon.colcon_core.package_selection:Skipping not selected package 'uuv_sensor_ros_plugins_msgs' in 'src/Plankton/uuv_sensor_plugins/uuv_sensor_ros_plugins_msgs'
[0.965s] INFO:colcon.colcon_core.package_selection:Skipping not selected package 'uuv_tutorial_seabed_world' in 'src/Plankton/uuv_tutorials/uuv_tutorial_seabed_world'
[0.965s] INFO:colcon.colcon_core.package_selection:Skipping not selected package 'uuv_world_plugins' in 'src/Plankton/uuv_world_plugins/uuv_world_plugins'
[0.965s] INFO:colcon.colcon_core.package_selection:Skipping not selected package 'uuv_world_ros_plugins_msgs' in 'src/Plankton/uuv_world_plugins/uuv_world_ros_plugins_msgs'
[0.965s] INFO:colcon.colcon_core.package_selection:Skipping not selected package 'muuv_sim' in 'src/Muuv_sim/muuv_sim'
[0.965s] INFO:colcon.colcon_core.package_selection:Skipping not selected package 'uuv_assistants' in 'src/Plankton/uuv_assistants'
[0.965s] INFO:colcon.colcon_core.package_selection:Skipping not selected package 'uuv_auv_control_allocator' in 'src/Plankton/uuv_control/uuv_auv_control_allocator'
[0.965s] INFO:colcon.colcon_core.package_selection:Skipping not selected package 'uuv_control_cascaded_pid' in 'src/Plankton/uuv_control/uuv_control_cascaded_pids'
[0.965s] INFO:colcon.colcon_core.package_selection:Skipping not selected package 'uuv_gazebo_ros_plugins' in 'src/Plankton/uuv_gazebo_plugins/uuv_gazebo_ros_plugins'
[0.965s] INFO:colcon.colcon_core.package_selection:Skipping not selected package 'uuv_sensor_ros_plugins' in 'src/Plankton/uuv_sensor_plugins/uuv_sensor_ros_plugins'
[0.965s] INFO:colcon.colcon_core.package_selection:Skipping not selected package 'uuv_world_ros_plugins' in 'src/Plankton/uuv_world_plugins/uuv_world_ros_plugins'
[0.965s] INFO:colcon.colcon_core.package_selection:Skipping not selected package 'uuv_descriptions' in 'src/Plankton/uuv_descriptions'
[0.966s] INFO:colcon.colcon_core.package_selection:Skipping not selected package 'uuv_thruster_manager' in 'src/Plankton/uuv_control/uuv_thruster_manager'
[0.966s] INFO:colcon.colcon_core.package_selection:Skipping not selected package 'uuv_trajectory_control' in 'src/Plankton/uuv_control/uuv_trajectory_control'
[0.966s] INFO:colcon.colcon_core.package_selection:Skipping not selected package 'uuv_control_utils' in 'src/Plankton/uuv_control/uuv_control_utils'
[0.966s] INFO:colcon.colcon_core.package_selection:Skipping not selected package 'uuv_teleop' in 'src/Plankton/uuv_teleop'
[0.966s] INFO:colcon.colcon_core.package_selection:Skipping not selected package 'uuv_simulator' in 'src/Plankton/uuv_simulator'
[0.966s] INFO:colcon.colcon_core.package_selection:Skipping not selected package 'uuv_tutorial_disturbances' in 'src/Plankton/uuv_tutorials/uuv_tutorial_disturbances'
[0.966s] INFO:colcon.colcon_core.package_selection:Skipping not selected package 'uuv_tutorial_dp_controller' in 'src/Plankton/uuv_tutorials/uuv_tutorial_dp_controller'
[0.966s] INFO:colcon.colcon_core.package_selection:Skipping not selected package 'plankton' in 'src/Plankton/plankton'
[0.966s] INFO:colcon.colcon_core.package_selection:Skipping not selected package 'uuv_tutorials' in 'src/Plankton/uuv_tutorials/uuv_tutorials'
[0.967s] Level 1:colcon.colcon_core.package_discovery:discover_packages(prefix_path) check parameters
[0.967s] Level 1:colcon.colcon_core.package_discovery:discover_packages(prefix_path) discover
[0.975s] DEBUG:colcon.colcon_installed_package_information.package_discovery:Found 31 installed packages in /home/isopodin-time/ros2_ws/install
[0.980s] DEBUG:colcon.colcon_installed_package_information.package_discovery:Found 303 installed packages in /opt/ros/foxy
[0.982s] Level 1:colcon.colcon_core.package_discovery:discover_packages(prefix_path) using defaults
[1.099s] Level 5:colcon.colcon_core.verb:set package 'muuv_ros' build argument 'cmake_args' from command line to 'None'
[1.099s] Level 5:colcon.colcon_core.verb:set package 'muuv_ros' build argument 'cmake_target' from command line to 'None'
[1.099s] Level 5:colcon.colcon_core.verb:set package 'muuv_ros' build argument 'cmake_target_skip_unavailable' from command line to 'False'
[1.099s] Level 5:colcon.colcon_core.verb:set package 'muuv_ros' build argument 'cmake_clean_cache' from command line to 'False'
[1.100s] Level 5:colcon.colcon_core.verb:set package 'muuv_ros' build argument 'cmake_clean_first' from command line to 'False'
[1.100s] Level 5:colcon.colcon_core.verb:set package 'muuv_ros' build argument 'cmake_force_configure' from command line to 'False'
[1.100s] Level 5:colcon.colcon_core.verb:set package 'muuv_ros' build argument 'ament_cmake_args' from command line to 'None'
[1.100s] Level 5:colcon.colcon_core.verb:set package 'muuv_ros' build argument 'catkin_cmake_args' from command line to 'None'
[1.100s] Level 5:colcon.colcon_core.verb:set package 'muuv_ros' build argument 'catkin_skip_building_tests' from command line to 'False'
[1.100s] DEBUG:colcon.colcon_core.verb:Building package 'muuv_ros' with the following arguments: {'ament_cmake_args': None, 'build_base': '/home/isopodin-time/ros2_ws/build/muuv_ros', 'catkin_cmake_args': None, 'catkin_skip_building_tests': False, 'cmake_args': None, 'cmake_clean_cache': False, 'cmake_clean_first': False, 'cmake_force_configure': False, 'cmake_target': None, 'cmake_target_skip_unavailable': False, 'install_base': '/home/isopodin-time/ros2_ws/install/muuv_ros', 'merge_install': False, 'path': '/home/isopodin-time/ros2_ws/src/muuv_ros', 'symlink_install': False, 'test_result_base': None}
[1.101s] INFO:colcon.colcon_core.executor:Executing jobs using 'parallel' executor
[1.109s] DEBUG:colcon.colcon_parallel_executor.executor.parallel:run_until_complete
[1.109s] INFO:colcon.colcon_ros.task.ament_cmake.build:Building ROS package in '/home/isopodin-time/ros2_ws/src/muuv_ros' with build type 'ament_cmake'
[1.109s] INFO:colcon.colcon_cmake.task.cmake.build:Building CMake package in '/home/isopodin-time/ros2_ws/src/muuv_ros'
[1.121s] INFO:colcon.colcon_core.plugin_system:Skipping extension 'colcon_core.shell.bat': Not used on non-Windows systems
[1.121s] INFO:colcon.colcon_core.shell:Skip shell extension 'powershell' for command environment: Not usable outside of PowerShell
[1.121s] DEBUG:colcon.colcon_core.shell:Skip shell extension 'dsv' for command environment
[1.150s] DEBUG:colcon.colcon_core.event_handler.log_command:Invoking command in '/home/isopodin-time/ros2_ws/build/muuv_ros': CMAKE_PREFIX_PATH=${CMAKE_PREFIX_PATH}:/opt/ros/foxy /usr/bin/cmake --build /home/isopodin-time/ros2_ws/build/muuv_ros -- -j8 -l8
[18.241s] DEBUG:colcon.colcon_core.event_handler.log_command:Invoked command in '/home/isopodin-time/ros2_ws/build/muuv_ros' returned '0': CMAKE_PREFIX_PATH=${CMAKE_PREFIX_PATH}:/opt/ros/foxy /usr/bin/cmake --build /home/isopodin-time/ros2_ws/build/muuv_ros -- -j8 -l8
[18.410s] DEBUG:colcon.colcon_core.event_handler.log_command:Invoking command in '/home/isopodin-time/ros2_ws/build/muuv_ros': CMAKE_PREFIX_PATH=${CMAKE_PREFIX_PATH}:/opt/ros/foxy /usr/bin/cmake --install /home/isopodin-time/ros2_ws/build/muuv_ros
[18.444s] Level 1:colcon.colcon_core.environment:create_environment_scripts_only(muuv_ros)
[18.446s] DEBUG:colcon.colcon_core.event_handler.log_command:Invoked command in '/home/isopodin-time/ros2_ws/build/muuv_ros' returned '0': CMAKE_PREFIX_PATH=${CMAKE_PREFIX_PATH}:/opt/ros/foxy /usr/bin/cmake --install /home/isopodin-time/ros2_ws/build/muuv_ros
[18.464s] Level 1:colcon.colcon_core.environment:checking '/home/isopodin-time/ros2_ws/install/muuv_ros' for CMake module files
[18.465s] Level 1:colcon.colcon_core.environment:checking '/home/isopodin-time/ros2_ws/install/muuv_ros' for CMake config files
[18.466s] Level 1:colcon.colcon_core.shell:create_environment_hook('muuv_ros', 'cmake_prefix_path')
[18.472s] INFO:colcon.colcon_core.shell:Creating environment hook '/home/isopodin-time/ros2_ws/install/muuv_ros/share/muuv_ros/hook/cmake_prefix_path.ps1'
[18.473s] INFO:colcon.colcon_core.shell:Creating environment descriptor '/home/isopodin-time/ros2_ws/install/muuv_ros/share/muuv_ros/hook/cmake_prefix_path.dsv'
[18.474s] INFO:colcon.colcon_core.shell:Creating environment hook '/home/isopodin-time/ros2_ws/install/muuv_ros/share/muuv_ros/hook/cmake_prefix_path.sh'
[18.476s] Level 1:colcon.colcon_core.environment:checking '/home/isopodin-time/ros2_ws/install/muuv_ros/lib'
[18.477s] Level 1:colcon.colcon_core.environment:checking '/home/isopodin-time/ros2_ws/install/muuv_ros/bin'
[18.477s] Level 1:colcon.colcon_core.environment:checking '/home/isopodin-time/ros2_ws/install/muuv_ros/lib/pkgconfig/muuv_ros.pc'
[18.478s] Level 1:colcon.colcon_core.environment:checking '/home/isopodin-time/ros2_ws/install/muuv_ros/lib/python3.8/site-packages'
[18.478s] Level 1:colcon.colcon_core.environment:checking '/home/isopodin-time/ros2_ws/install/muuv_ros/bin'
[18.484s] INFO:colcon.colcon_core.shell:Creating package script '/home/isopodin-time/ros2_ws/install/muuv_ros/share/muuv_ros/package.ps1'
[18.487s] INFO:colcon.colcon_core.shell:Creating package descriptor '/home/isopodin-time/ros2_ws/install/muuv_ros/share/muuv_ros/package.dsv'
[18.488s] INFO:colcon.colcon_core.shell:Creating package script '/home/isopodin-time/ros2_ws/install/muuv_ros/share/muuv_ros/package.sh'
[18.489s] INFO:colcon.colcon_core.shell:Creating package script '/home/isopodin-time/ros2_ws/install/muuv_ros/share/muuv_ros/package.bash'
[18.491s] INFO:colcon.colcon_core.shell:Creating package script '/home/isopodin-time/ros2_ws/install/muuv_ros/share/muuv_ros/package.zsh'
[18.492s] Level 1:colcon.colcon_core.environment:create_file_with_runtime_dependencies(/home/isopodin-time/ros2_ws/install/muuv_ros/share/colcon-core/packages/muuv_ros)
[18.606s] Level 1:colcon.colcon_core.environment:create_environment_scripts_only(muuv_ros)
[18.615s] Level 1:colcon.colcon_core.environment:checking '/home/isopodin-time/ros2_ws/install/muuv_ros' for CMake module files
[18.617s] Level 1:colcon.colcon_core.environment:checking '/home/isopodin-time/ros2_ws/install/muuv_ros' for CMake config files
[18.617s] Level 1:colcon.colcon_core.shell:create_environment_hook('muuv_ros', 'cmake_prefix_path')
[18.623s] INFO:colcon.colcon_core.shell:Creating environment hook '/home/isopodin-time/ros2_ws/install/muuv_ros/share/muuv_ros/hook/cmake_prefix_path.ps1'
[18.626s] INFO:colcon.colcon_core.shell:Creating environment descriptor '/home/isopodin-time/ros2_ws/install/muuv_ros/share/muuv_ros/hook/cmake_prefix_path.dsv'
[18.627s] INFO:colcon.colcon_core.shell:Creating environment hook '/home/isopodin-time/ros2_ws/install/muuv_ros/share/muuv_ros/hook/cmake_prefix_path.sh'
[18.628s] Level 1:colcon.colcon_core.environment:checking '/home/isopodin-time/ros2_ws/install/muuv_ros/lib'
[18.629s] Level 1:colcon.colcon_core.environment:checking '/home/isopodin-time/ros2_ws/install/muuv_ros/bin'
[18.629s] Level 1:colcon.colcon_core.environment:checking '/home/isopodin-time/ros2_ws/install/muuv_ros/lib/pkgconfig/muuv_ros.pc'
[18.629s] Level 1:colcon.colcon_core.environment:checking '/home/isopodin-time/ros2_ws/install/muuv_ros/lib/python3.8/site-packages'
[18.630s] Level 1:colcon.colcon_core.environment:checking '/home/isopodin-time/ros2_ws/install/muuv_ros/bin'
[18.637s] INFO:colcon.colcon_core.shell:Creating package script '/home/isopodin-time/ros2_ws/install/muuv_ros/share/muuv_ros/package.ps1'
[18.639s] INFO:colcon.colcon_core.shell:Creating package descriptor '/home/isopodin-time/ros2_ws/install/muuv_ros/share/muuv_ros/package.dsv'
[18.640s] INFO:colcon.colcon_core.shell:Creating package script '/home/isopodin-time/ros2_ws/install/muuv_ros/share/muuv_ros/package.sh'
[18.642s] INFO:colcon.colcon_core.shell:Creating package script '/home/isopodin-time/ros2_ws/install/muuv_ros/share/muuv_ros/package.bash'
[18.644s] INFO:colcon.colcon_core.shell:Creating package script '/home/isopodin-time/ros2_ws/install/muuv_ros/share/muuv_ros/package.zsh'
[18.645s] Level 1:colcon.colcon_core.environment:create_file_with_runtime_dependencies(/home/isopodin-time/ros2_ws/install/muuv_ros/share/colcon-core/packages/muuv_ros)
[18.646s] DEBUG:colcon.colcon_parallel_executor.executor.parallel:closing loop
[18.647s] DEBUG:colcon.colcon_parallel_executor.executor.parallel:loop closed
[18.647s] DEBUG:colcon.colcon_parallel_executor.executor.parallel:run_until_complete finished with '0'
[18.647s] DEBUG:colcon.colcon_core.event_reactor:joining thread
[18.839s] INFO:colcon.colcon_core.plugin_system:Skipping extension 'colcon_notification.desktop_notification.notify_send': Could not find 'notify-send'
[18.839s] INFO:colcon.colcon_core.plugin_system:Skipping extension 'colcon_notification.desktop_notification.terminal_notifier': Not used on non-Darwin systems
[18.840s] INFO:colcon.colcon_core.plugin_system:Skipping extension 'colcon_notification.desktop_notification.win32': Not used on non-Windows systems
[18.840s] INFO:colcon.colcon_notification.desktop_notification:Sending desktop notification using 'notify2'
[18.840s] DEBUG:colcon.colcon_notification.desktop_notification.notify2:Failed to initialize notify2: org.freedesktop.DBus.Error.FileNotFound: Failed to connect to socket /run/user/1000/bus: No such file or directory
[18.841s] DEBUG:colcon.colcon_core.event_reactor:joined thread
[18.850s] INFO:colcon.colcon_core.shell:Creating prefix script '/home/isopodin-time/ros2_ws/install/local_setup.ps1'
[18.852s] INFO:colcon.colcon_core.shell:Creating prefix util module '/home/isopodin-time/ros2_ws/install/_local_setup_util_ps1.py'
[18.856s] INFO:colcon.colcon_core.shell:Creating prefix chain script '/home/isopodin-time/ros2_ws/install/setup.ps1'
[18.865s] INFO:colcon.colcon_core.shell:Creating prefix script '/home/isopodin-time/ros2_ws/install/local_setup.sh'
[18.866s] INFO:colcon.colcon_core.shell:Creating prefix util module '/home/isopodin-time/ros2_ws/install/_local_setup_util_sh.py'
[18.867s] INFO:colcon.colcon_core.shell:Creating prefix chain script '/home/isopodin-time/ros2_ws/install/setup.sh'
[18.874s] INFO:colcon.colcon_core.shell:Creating prefix script '/home/isopodin-time/ros2_ws/install/local_setup.bash'
[18.875s] INFO:colcon.colcon_core.shell:Creating prefix chain script '/home/isopodin-time/ros2_ws/install/setup.bash'
[18.881s] INFO:colcon.colcon_core.shell:Creating prefix script '/home/isopodin-time/ros2_ws/install/local_setup.zsh'
[18.884s] INFO:colcon.colcon_core.shell:Creating prefix chain script '/home/isopodin-time/ros2_ws/install/setup.zsh'
