[0.025s] Invoking command in '/home/isopodin-time/ros2_ws/build/custom_msg_srv': CMAKE_PREFIX_PATH=${CMAKE_PREFIX_PATH}:/opt/ros/foxy /usr/bin/cmake --build /home/isopodin-time/ros2_ws/build/custom_msg_srv -- -j8 -l8
[0.076s] -- Found ament_cmake: 0.9.12 (/opt/ros/foxy/share/ament_cmake/cmake)
[0.123s] -- Found PythonInterp: /usr/bin/python3 (found suitable version "3.8.10", minimum required is "3") 
[0.124s] -- Using PYTHON_EXECUTABLE: /usr/bin/python3
[0.350s] -- Found std_msgs: 2.0.5 (/opt/ros/foxy/share/std_msgs/cmake)
[0.615s] -- Using all available rosidl_typesupport_c: rosidl_typesupport_fastrtps_c;rosidl_typesupport_introspection_c
[0.619s] -- Found rosidl_adapter: 1.3.1 (/opt/ros/foxy/share/rosidl_adapter/cmake)
[6.726s] -- Using all available rosidl_typesupport_cpp: rosidl_typesupport_fastrtps_cpp;rosidl_typesupport_introspection_cpp
[6.770s] -- Found rosidl_default_generators: 1.0.1 (/opt/ros/foxy/share/rosidl_default_generators/cmake)
[6.806s] -- Found PythonInterp: /usr/bin/python3 (found version "3.8.10") 
[6.987s] CMake Error at /opt/ros/foxy/share/rosidl_adapter/cmake/rosidl_adapt_interfaces.cmake:60 (message):
[6.988s]   execute_process(/usr/bin/python3 -m rosidl_adapter --package-name
[6.988s]   custom_msg_srv --arguments-file
[6.988s]   /home/isopodin-time/ros2_ws/build/custom_msg_srv/rosidl_adapter__arguments__custom_msg_srv.json
[6.988s]   --output-dir
[6.988s]   /home/isopodin-time/ros2_ws/build/custom_msg_srv/rosidl_adapter/custom_msg_srv
[6.988s]   --output-file
[6.988s]   /home/isopodin-time/ros2_ws/build/custom_msg_srv/rosidl_adapter/custom_msg_srv.idls)
[6.988s]   returned error code 1:
[6.988s] 
[6.988s]   Traceback (most recent call last):
[6.988s] 
[6.988s]     File "/usr/lib/python3.8/runpy.py", line 194, in _run_module_as_main
[6.988s]       return _run_code(code, main_globals, None,
[6.988s]     File "/usr/lib/python3.8/runpy.py", line 87, in _run_code
[6.988s]       exec(code, run_globals)
[6.988s]     File "/opt/ros/foxy/lib/python3.8/site-packages/rosidl_adapter/__main__.py", line 19, in <module>
[6.989s]       sys.exit(main())
[6.989s]     File "/opt/ros/foxy/lib/python3.8/site-packages/rosidl_adapter/main.py", line 53, in main
[6.989s]       abs_idl_file = convert_to_idl(
[6.989s]     File "/opt/ros/foxy/lib/python3.8/site-packages/rosidl_adapter/__init__.py", line 19, in convert_to_idl
[6.989s]       return convert_msg_to_idl(
[6.989s]     File "/opt/ros/foxy/lib/python3.8/site-packages/rosidl_adapter/msg/__init__.py", line 28, in convert_msg_to_idl
[6.989s]       msg = parse_message_string(package_name, input_file.stem, content)
[6.989s]     File "/opt/ros/foxy/lib/python3.8/site-packages/rosidl_adapter/parser.py", line 540, in parse_message_string
[6.989s]       msg = MessageSpecification(pkg_name, msg_name, fields, constants)
[6.989s]     File "/opt/ros/foxy/lib/python3.8/site-packages/rosidl_adapter/parser.py", line 387, in __init__
[6.990s]       self.base_type = BaseType(
[6.990s]     File "/opt/ros/foxy/lib/python3.8/site-packages/rosidl_adapter/parser.py", line 204, in __init__
[6.990s]       raise InvalidResourceName(
[6.990s] 
[6.990s]   rosidl_adapter.parser.InvalidResourceName: 'Float64_Stamped' is an invalid
[6.990s]   message name.  It should have the pattern '^[A-Z][A-Za-z0-9]*$'
[6.990s] 
[6.990s] Call Stack (most recent call first):
[6.990s]   /opt/ros/foxy/share/rosidl_cmake/cmake/rosidl_generate_interfaces.cmake:130 (rosidl_adapt_interfaces)
[6.990s]   CMakeLists.txt:26 (rosidl_generate_interfaces)
[6.990s] 
[6.990s] 
[6.990s] -- Configuring incomplete, errors occurred!
[6.991s] See also "/home/isopodin-time/ros2_ws/build/custom_msg_srv/CMakeFiles/CMakeOutput.log".
[6.996s] make: *** [Makefile:748: cmake_check_build_system] Error 1
[6.999s] Invoked command in '/home/isopodin-time/ros2_ws/build/custom_msg_srv' returned '2': CMAKE_PREFIX_PATH=${CMAKE_PREFIX_PATH}:/opt/ros/foxy /usr/bin/cmake --build /home/isopodin-time/ros2_ws/build/custom_msg_srv -- -j8 -l8
