[0.026s] Invoking command in '/home/isopodin-time/ros2_ws/build/pid_component': CMAKE_PREFIX_PATH=${CMAKE_PREFIX_PATH}:/opt/ros/foxy /usr/bin/cmake --build /home/isopodin-time/ros2_ws/build/pid_component -- -j8 -l8
[0.088s] [35m[1mScanning dependencies of target pid_component[0m
[0.124s] [ 50%] [32mBuilding CXX object CMakeFiles/pid_component.dir/src/pid_component/pid_component.cpp.o[0m
[5.412s] [100%] [32m[1mLinking CXX shared library libpid_component.so[0m
[5.887s] [100%] Built target pid_component
[5.904s] Invoked command in '/home/isopodin-time/ros2_ws/build/pid_component' returned '0': CMAKE_PREFIX_PATH=${CMAKE_PREFIX_PATH}:/opt/ros/foxy /usr/bin/cmake --build /home/isopodin-time/ros2_ws/build/pid_component -- -j8 -l8
[5.958s] Invoking command in '/home/isopodin-time/ros2_ws/build/pid_component': CMAKE_PREFIX_PATH=${CMAKE_PREFIX_PATH}:/opt/ros/foxy /usr/bin/cmake --install /home/isopodin-time/ros2_ws/build/pid_component
[5.969s] -- Install configuration: ""
[5.970s] -- Execute custom install script
[5.970s] -- Up-to-date symlink: /home/isopodin-time/ros2_ws/install/pid_component/include/pid_component/pid_component.hpp
[5.970s] -- Up-to-date symlink: /home/isopodin-time/ros2_ws/install/pid_component/include/pid_component/visibility_control.h
[5.971s] -- Up-to-date symlink: /home/isopodin-time/ros2_ws/install/pid_component/share/pid_component/launch/pid.launch.py
[5.972s] -- Up-to-date symlink: /home/isopodin-time/ros2_ws/install/pid_component/share/ament_index/resource_index/package_run_dependencies/pid_component
[5.972s] -- Up-to-date symlink: /home/isopodin-time/ros2_ws/install/pid_component/share/ament_index/resource_index/parent_prefix_path/pid_component
[5.972s] -- Up-to-date symlink: /home/isopodin-time/ros2_ws/install/pid_component/share/pid_component/environment/ament_prefix_path.sh
[5.973s] -- Up-to-date symlink: /home/isopodin-time/ros2_ws/install/pid_component/share/pid_component/environment/ament_prefix_path.dsv
[5.973s] -- Up-to-date symlink: /home/isopodin-time/ros2_ws/install/pid_component/share/pid_component/environment/path.sh
[5.974s] -- Up-to-date symlink: /home/isopodin-time/ros2_ws/install/pid_component/share/pid_component/environment/path.dsv
[5.974s] -- Up-to-date symlink: /home/isopodin-time/ros2_ws/install/pid_component/share/pid_component/local_setup.bash
[5.974s] -- Up-to-date symlink: /home/isopodin-time/ros2_ws/install/pid_component/share/pid_component/local_setup.sh
[5.975s] -- Up-to-date symlink: /home/isopodin-time/ros2_ws/install/pid_component/share/pid_component/local_setup.zsh
[5.975s] -- Up-to-date symlink: /home/isopodin-time/ros2_ws/install/pid_component/share/pid_component/local_setup.dsv
[5.976s] -- Symlinking: /home/isopodin-time/ros2_ws/install/pid_component/share/pid_component/package.dsv
[5.988s] -- Up-to-date symlink: /home/isopodin-time/ros2_ws/install/pid_component/share/ament_index/resource_index/packages/pid_component
[5.988s] -- Up-to-date symlink: /home/isopodin-time/ros2_ws/install/pid_component/share/ament_index/resource_index/rclcpp_components/pid_component
[5.988s] -- Up-to-date symlink: /home/isopodin-time/ros2_ws/install/pid_component/share/pid_component/cmake/pid_componentConfig.cmake
[5.989s] -- Up-to-date symlink: /home/isopodin-time/ros2_ws/install/pid_component/share/pid_component/cmake/pid_componentConfig-version.cmake
[5.989s] -- Up-to-date symlink: /home/isopodin-time/ros2_ws/install/pid_component/share/pid_component/package.xml
[5.992s] Invoked command in '/home/isopodin-time/ros2_ws/build/pid_component' returned '0': CMAKE_PREFIX_PATH=${CMAKE_PREFIX_PATH}:/opt/ros/foxy /usr/bin/cmake --install /home/isopodin-time/ros2_ws/build/pid_component
