[0.461s] Invoking command in '/home/isopodin-time/ros2_ws/build/uuv_tutorial_seabed_world': CMAKE_PREFIX_PATH=${CMAKE_PREFIX_PATH}:/opt/ros/foxy /usr/bin/cmake --build /home/isopodin-time/ros2_ws/build/uuv_tutorial_seabed_world -- -j8 -l8
[0.654s] Invoked command in '/home/isopodin-time/ros2_ws/build/uuv_tutorial_seabed_world' returned '0': CMAKE_PREFIX_PATH=${CMAKE_PREFIX_PATH}:/opt/ros/foxy /usr/bin/cmake --build /home/isopodin-time/ros2_ws/build/uuv_tutorial_seabed_world -- -j8 -l8
[0.877s] Invoking command in '/home/isopodin-time/ros2_ws/build/uuv_tutorial_seabed_world': CMAKE_PREFIX_PATH=${CMAKE_PREFIX_PATH}:/opt/ros/foxy /usr/bin/cmake --install /home/isopodin-time/ros2_ws/build/uuv_tutorial_seabed_world
[0.910s] -- Install configuration: ""
[0.911s] -- Up-to-date: /home/isopodin-time/ros2_ws/install/uuv_tutorial_seabed_world/share/uuv_tutorial_seabed_world/launch
[0.911s] -- Up-to-date: /home/isopodin-time/ros2_ws/install/uuv_tutorial_seabed_world/share/uuv_tutorial_seabed_world/launch/tutorial_seabed_world.launch
[0.912s] -- Up-to-date: /home/isopodin-time/ros2_ws/install/uuv_tutorial_seabed_world/share/uuv_tutorial_seabed_world/worlds
[0.912s] -- Up-to-date: /home/isopodin-time/ros2_ws/install/uuv_tutorial_seabed_world/share/uuv_tutorial_seabed_world/worlds/example_underwater.world
[0.913s] -- Up-to-date: /home/isopodin-time/ros2_ws/install/uuv_tutorial_seabed_world/share/uuv_tutorial_seabed_world/models
[0.913s] -- Up-to-date: /home/isopodin-time/ros2_ws/install/uuv_tutorial_seabed_world/share/uuv_tutorial_seabed_world/models/tutorial_seabed
[0.913s] -- Up-to-date: /home/isopodin-time/ros2_ws/install/uuv_tutorial_seabed_world/share/uuv_tutorial_seabed_world/models/tutorial_seabed/model.sdf
[0.914s] -- Up-to-date: /home/isopodin-time/ros2_ws/install/uuv_tutorial_seabed_world/share/uuv_tutorial_seabed_world/models/tutorial_seabed/model.config
[0.914s] -- Up-to-date: /home/isopodin-time/ros2_ws/install/uuv_tutorial_seabed_world/share/uuv_tutorial_seabed_world/models/tutorial_seabed/meshes
[0.914s] -- Up-to-date: /home/isopodin-time/ros2_ws/install/uuv_tutorial_seabed_world/share/uuv_tutorial_seabed_world/models/tutorial_seabed/meshes/seabed.stl
[0.914s] -- Up-to-date: /home/isopodin-time/ros2_ws/install/uuv_tutorial_seabed_world/share/ament_index/resource_index/package_run_dependencies/uuv_tutorial_seabed_world
[0.914s] -- Up-to-date: /home/isopodin-time/ros2_ws/install/uuv_tutorial_seabed_world/share/ament_index/resource_index/parent_prefix_path/uuv_tutorial_seabed_world
[0.914s] -- Up-to-date: /home/isopodin-time/ros2_ws/install/uuv_tutorial_seabed_world/share/uuv_tutorial_seabed_world/environment/ament_prefix_path.sh
[0.915s] -- Up-to-date: /home/isopodin-time/ros2_ws/install/uuv_tutorial_seabed_world/share/uuv_tutorial_seabed_world/environment/ament_prefix_path.dsv
[0.915s] -- Up-to-date: /home/isopodin-time/ros2_ws/install/uuv_tutorial_seabed_world/share/uuv_tutorial_seabed_world/environment/path.sh
[0.915s] -- Up-to-date: /home/isopodin-time/ros2_ws/install/uuv_tutorial_seabed_world/share/uuv_tutorial_seabed_world/environment/path.dsv
[0.915s] -- Up-to-date: /home/isopodin-time/ros2_ws/install/uuv_tutorial_seabed_world/share/uuv_tutorial_seabed_world/local_setup.bash
[0.918s] -- Up-to-date: /home/isopodin-time/ros2_ws/install/uuv_tutorial_seabed_world/share/uuv_tutorial_seabed_world/local_setup.sh
[0.919s] -- Up-to-date: /home/isopodin-time/ros2_ws/install/uuv_tutorial_seabed_world/share/uuv_tutorial_seabed_world/local_setup.zsh
[0.919s] -- Up-to-date: /home/isopodin-time/ros2_ws/install/uuv_tutorial_seabed_world/share/uuv_tutorial_seabed_world/local_setup.dsv
[0.919s] -- Installing: /home/isopodin-time/ros2_ws/install/uuv_tutorial_seabed_world/share/uuv_tutorial_seabed_world/package.dsv
[0.936s] -- Up-to-date: /home/isopodin-time/ros2_ws/install/uuv_tutorial_seabed_world/share/ament_index/resource_index/packages/uuv_tutorial_seabed_world
[0.939s] -- Up-to-date: /home/isopodin-time/ros2_ws/install/uuv_tutorial_seabed_world/share/uuv_tutorial_seabed_world/cmake/uuv_tutorial_seabed_worldConfig.cmake
[0.939s] -- Up-to-date: /home/isopodin-time/ros2_ws/install/uuv_tutorial_seabed_world/share/uuv_tutorial_seabed_world/cmake/uuv_tutorial_seabed_worldConfig-version.cmake
[0.939s] -- Up-to-date: /home/isopodin-time/ros2_ws/install/uuv_tutorial_seabed_world/share/uuv_tutorial_seabed_world/package.xml
[0.942s] Invoked command in '/home/isopodin-time/ros2_ws/build/uuv_tutorial_seabed_world' returned '0': CMAKE_PREFIX_PATH=${CMAKE_PREFIX_PATH}:/opt/ros/foxy /usr/bin/cmake --install /home/isopodin-time/ros2_ws/build/uuv_tutorial_seabed_world
