[0.169s] Invoking command in '/home/isopodin-time/ros2_ws/build/uuv_sensor_ros_plugins_msgs': CMAKE_PREFIX_PATH=${CMAKE_PREFIX_PATH}:/opt/ros/foxy /usr/bin/cmake --build /home/isopodin-time/ros2_ws/build/uuv_sensor_ros_plugins_msgs -- -j8 -l8
[0.295s] [  1%] Built target uuv_sensor_ros_plugins_msgs__cpp
[0.374s] [ 12%] Built target uuv_sensor_ros_plugins_msgs__rosidl_generator_c
[0.450s] [ 24%] Built target uuv_sensor_ros_plugins_msgs__rosidl_typesupport_cpp
[0.469s] [ 35%] Built target uuv_sensor_ros_plugins_msgs__rosidl_typesupport_introspection_cpp
[0.496s] [ 46%] Built target uuv_sensor_ros_plugins_msgs__rosidl_typesupport_fastrtps_cpp
[0.541s] [ 58%] Built target uuv_sensor_ros_plugins_msgs__rosidl_typesupport_introspection_c
[0.617s] [ 69%] Built target uuv_sensor_ros_plugins_msgs__rosidl_typesupport_c
[0.624s] [ 81%] Built target uuv_sensor_ros_plugins_msgs__rosidl_typesupport_fastrtps_c
[0.672s] [ 81%] Built target uuv_sensor_ros_plugins_msgs
[0.725s] [ 82%] Built target uuv_sensor_ros_plugins_msgs__py
[0.786s] [ 92%] Built target uuv_sensor_ros_plugins_msgs__python
[0.861s] [ 97%] Built target uuv_sensor_ros_plugins_msgs__rosidl_typesupport_c__pyext
[0.862s] [ 97%] Built target uuv_sensor_ros_plugins_msgs__rosidl_typesupport_introspection_c__pyext
[0.871s] [100%] Built target uuv_sensor_ros_plugins_msgs__rosidl_typesupport_fastrtps_c__pyext
[1.100s] Invoked command in '/home/isopodin-time/ros2_ws/build/uuv_sensor_ros_plugins_msgs' returned '0': CMAKE_PREFIX_PATH=${CMAKE_PREFIX_PATH}:/opt/ros/foxy /usr/bin/cmake --build /home/isopodin-time/ros2_ws/build/uuv_sensor_ros_plugins_msgs -- -j8 -l8
[1.480s] Invoking command in '/home/isopodin-time/ros2_ws/build/uuv_sensor_ros_plugins_msgs': CMAKE_PREFIX_PATH=${CMAKE_PREFIX_PATH}:/opt/ros/foxy /usr/bin/cmake --install /home/isopodin-time/ros2_ws/build/uuv_sensor_ros_plugins_msgs
[1.510s] -- Install configuration: ""
[1.510s] -- Up-to-date: /home/isopodin-time/ros2_ws/install/uuv_sensor_ros_plugins_msgs/share/ament_index/resource_index/rosidl_interfaces/uuv_sensor_ros_plugins_msgs
[1.516s] -- Up-to-date: /home/isopodin-time/ros2_ws/install/uuv_sensor_ros_plugins_msgs/include/uuv_sensor_ros_plugins_msgs
[1.517s] -- Up-to-date: /home/isopodin-time/ros2_ws/install/uuv_sensor_ros_plugins_msgs/include/uuv_sensor_ros_plugins_msgs/msg
[1.517s] -- Up-to-date: /home/isopodin-time/ros2_ws/install/uuv_sensor_ros_plugins_msgs/include/uuv_sensor_ros_plugins_msgs/msg/position_with_covariance.h
[1.518s] -- Up-to-date: /home/isopodin-time/ros2_ws/install/uuv_sensor_ros_plugins_msgs/include/uuv_sensor_ros_plugins_msgs/msg/dvl_beam.h
[1.518s] -- Up-to-date: /home/isopodin-time/ros2_ws/install/uuv_sensor_ros_plugins_msgs/include/uuv_sensor_ros_plugins_msgs/msg/position_with_covariance_stamped.h
[1.518s] -- Up-to-date: /home/isopodin-time/ros2_ws/install/uuv_sensor_ros_plugins_msgs/include/uuv_sensor_ros_plugins_msgs/msg/salinity.h
[1.518s] -- Up-to-date: /home/isopodin-time/ros2_ws/install/uuv_sensor_ros_plugins_msgs/include/uuv_sensor_ros_plugins_msgs/msg/detail
[1.523s] -- Up-to-date: /home/isopodin-time/ros2_ws/install/uuv_sensor_ros_plugins_msgs/include/uuv_sensor_ros_plugins_msgs/msg/detail/salinity__type_support.h
[1.524s] -- Up-to-date: /home/isopodin-time/ros2_ws/install/uuv_sensor_ros_plugins_msgs/include/uuv_sensor_ros_plugins_msgs/msg/detail/dvl_beam__struct.h
[1.524s] -- Up-to-date: /home/isopodin-time/ros2_ws/install/uuv_sensor_ros_plugins_msgs/include/uuv_sensor_ros_plugins_msgs/msg/detail/dvl_beam__functions.h
[1.524s] -- Up-to-date: /home/isopodin-time/ros2_ws/install/uuv_sensor_ros_plugins_msgs/include/uuv_sensor_ros_plugins_msgs/msg/detail/chemical_particle_concentration__functions.c
[1.524s] -- Up-to-date: /home/isopodin-time/ros2_ws/install/uuv_sensor_ros_plugins_msgs/include/uuv_sensor_ros_plugins_msgs/msg/detail/salinity__functions.c
[1.524s] -- Up-to-date: /home/isopodin-time/ros2_ws/install/uuv_sensor_ros_plugins_msgs/include/uuv_sensor_ros_plugins_msgs/msg/detail/dvl__type_support.h
[1.525s] -- Up-to-date: /home/isopodin-time/ros2_ws/install/uuv_sensor_ros_plugins_msgs/include/uuv_sensor_ros_plugins_msgs/msg/detail/chemical_particle_concentration__struct.h
[1.525s] -- Up-to-date: /home/isopodin-time/ros2_ws/install/uuv_sensor_ros_plugins_msgs/include/uuv_sensor_ros_plugins_msgs/msg/detail/position_with_covariance__functions.c
[1.525s] -- Up-to-date: /home/isopodin-time/ros2_ws/install/uuv_sensor_ros_plugins_msgs/include/uuv_sensor_ros_plugins_msgs/msg/detail/chemical_particle_concentration__type_support.h
[1.525s] -- Up-to-date: /home/isopodin-time/ros2_ws/install/uuv_sensor_ros_plugins_msgs/include/uuv_sensor_ros_plugins_msgs/msg/detail/dvl_beam__type_support.h
[1.526s] -- Up-to-date: /home/isopodin-time/ros2_ws/install/uuv_sensor_ros_plugins_msgs/include/uuv_sensor_ros_plugins_msgs/msg/detail/dvl_beam__functions.c
[1.526s] -- Up-to-date: /home/isopodin-time/ros2_ws/install/uuv_sensor_ros_plugins_msgs/include/uuv_sensor_ros_plugins_msgs/msg/detail/dvl__functions.h
[1.526s] -- Up-to-date: /home/isopodin-time/ros2_ws/install/uuv_sensor_ros_plugins_msgs/include/uuv_sensor_ros_plugins_msgs/msg/detail/position_with_covariance_stamped__functions.c
[1.528s] -- Up-to-date: /home/isopodin-time/ros2_ws/install/uuv_sensor_ros_plugins_msgs/include/uuv_sensor_ros_plugins_msgs/msg/detail/chemical_particle_concentration__functions.h
[1.528s] -- Up-to-date: /home/isopodin-time/ros2_ws/install/uuv_sensor_ros_plugins_msgs/include/uuv_sensor_ros_plugins_msgs/msg/detail/salinity__functions.h
[1.530s] -- Up-to-date: /home/isopodin-time/ros2_ws/install/uuv_sensor_ros_plugins_msgs/include/uuv_sensor_ros_plugins_msgs/msg/detail/position_with_covariance__functions.h
[1.530s] -- Up-to-date: /home/isopodin-time/ros2_ws/install/uuv_sensor_ros_plugins_msgs/include/uuv_sensor_ros_plugins_msgs/msg/detail/dvl__struct.h
[1.530s] -- Up-to-date: /home/isopodin-time/ros2_ws/install/uuv_sensor_ros_plugins_msgs/include/uuv_sensor_ros_plugins_msgs/msg/detail/salinity__struct.h
[1.531s] -- Up-to-date: /home/isopodin-time/ros2_ws/install/uuv_sensor_ros_plugins_msgs/include/uuv_sensor_ros_plugins_msgs/msg/detail/position_with_covariance__struct.h
[1.532s] -- Up-to-date: /home/isopodin-time/ros2_ws/install/uuv_sensor_ros_plugins_msgs/include/uuv_sensor_ros_plugins_msgs/msg/detail/position_with_covariance_stamped__struct.h
[1.532s] -- Up-to-date: /home/isopodin-time/ros2_ws/install/uuv_sensor_ros_plugins_msgs/include/uuv_sensor_ros_plugins_msgs/msg/detail/position_with_covariance__type_support.h
[1.532s] -- Up-to-date: /home/isopodin-time/ros2_ws/install/uuv_sensor_ros_plugins_msgs/include/uuv_sensor_ros_plugins_msgs/msg/detail/position_with_covariance_stamped__type_support.h
[1.532s] -- Up-to-date: /home/isopodin-time/ros2_ws/install/uuv_sensor_ros_plugins_msgs/include/uuv_sensor_ros_plugins_msgs/msg/detail/position_with_covariance_stamped__functions.h
[1.533s] -- Up-to-date: /home/isopodin-time/ros2_ws/install/uuv_sensor_ros_plugins_msgs/include/uuv_sensor_ros_plugins_msgs/msg/detail/dvl__functions.c
[1.533s] -- Up-to-date: /home/isopodin-time/ros2_ws/install/uuv_sensor_ros_plugins_msgs/include/uuv_sensor_ros_plugins_msgs/msg/dvl.h
[1.533s] -- Up-to-date: /home/isopodin-time/ros2_ws/install/uuv_sensor_ros_plugins_msgs/include/uuv_sensor_ros_plugins_msgs/msg/chemical_particle_concentration.h
[1.534s] -- Up-to-date: /home/isopodin-time/ros2_ws/install/uuv_sensor_ros_plugins_msgs/include/uuv_sensor_ros_plugins_msgs/msg/rosidl_generator_c__visibility_control.h
[1.534s] -- Up-to-date: /home/isopodin-time/ros2_ws/install/uuv_sensor_ros_plugins_msgs/include/uuv_sensor_ros_plugins_msgs/srv
[1.534s] -- Up-to-date: /home/isopodin-time/ros2_ws/install/uuv_sensor_ros_plugins_msgs/include/uuv_sensor_ros_plugins_msgs/srv/detail
[1.534s] -- Up-to-date: /home/isopodin-time/ros2_ws/install/uuv_sensor_ros_plugins_msgs/include/uuv_sensor_ros_plugins_msgs/srv/detail/change_sensor_state__struct.h
[1.534s] -- Up-to-date: /home/isopodin-time/ros2_ws/install/uuv_sensor_ros_plugins_msgs/include/uuv_sensor_ros_plugins_msgs/srv/detail/change_sensor_state__type_support.h
[1.535s] -- Up-to-date: /home/isopodin-time/ros2_ws/install/uuv_sensor_ros_plugins_msgs/include/uuv_sensor_ros_plugins_msgs/srv/detail/change_sensor_state__functions.c
[1.535s] -- Up-to-date: /home/isopodin-time/ros2_ws/install/uuv_sensor_ros_plugins_msgs/include/uuv_sensor_ros_plugins_msgs/srv/detail/change_sensor_state__functions.h
[1.536s] -- Up-to-date: /home/isopodin-time/ros2_ws/install/uuv_sensor_ros_plugins_msgs/include/uuv_sensor_ros_plugins_msgs/srv/change_sensor_state.h
[1.544s] -- Up-to-date: /home/isopodin-time/ros2_ws/install/uuv_sensor_ros_plugins_msgs/share/uuv_sensor_ros_plugins_msgs/environment/library_path.sh
[1.546s] -- Up-to-date: /home/isopodin-time/ros2_ws/install/uuv_sensor_ros_plugins_msgs/share/uuv_sensor_ros_plugins_msgs/environment/library_path.dsv
[1.577s] -- Up-to-date: /home/isopodin-time/ros2_ws/install/uuv_sensor_ros_plugins_msgs/lib/libuuv_sensor_ros_plugins_msgs__rosidl_generator_c.so
[1.578s] -- Up-to-date: /home/isopodin-time/ros2_ws/install/uuv_sensor_ros_plugins_msgs/include/uuv_sensor_ros_plugins_msgs
[1.578s] -- Up-to-date: /home/isopodin-time/ros2_ws/install/uuv_sensor_ros_plugins_msgs/include/uuv_sensor_ros_plugins_msgs/msg
[1.579s] -- Up-to-date: /home/isopodin-time/ros2_ws/install/uuv_sensor_ros_plugins_msgs/include/uuv_sensor_ros_plugins_msgs/msg/rosidl_typesupport_fastrtps_c__visibility_control.h
[1.580s] -- Up-to-date: /home/isopodin-time/ros2_ws/install/uuv_sensor_ros_plugins_msgs/include/uuv_sensor_ros_plugins_msgs/msg/detail
[1.580s] -- Up-to-date: /home/isopodin-time/ros2_ws/install/uuv_sensor_ros_plugins_msgs/include/uuv_sensor_ros_plugins_msgs/msg/detail/dvl_beam__rosidl_typesupport_fastrtps_c.h
[1.580s] -- Up-to-date: /home/isopodin-time/ros2_ws/install/uuv_sensor_ros_plugins_msgs/include/uuv_sensor_ros_plugins_msgs/msg/detail/position_with_covariance__rosidl_typesupport_fastrtps_c.h
[1.581s] -- Up-to-date: /home/isopodin-time/ros2_ws/install/uuv_sensor_ros_plugins_msgs/include/uuv_sensor_ros_plugins_msgs/msg/detail/salinity__rosidl_typesupport_fastrtps_c.h
[1.581s] -- Up-to-date: /home/isopodin-time/ros2_ws/install/uuv_sensor_ros_plugins_msgs/include/uuv_sensor_ros_plugins_msgs/msg/detail/dvl__rosidl_typesupport_fastrtps_c.h
[1.581s] -- Up-to-date: /home/isopodin-time/ros2_ws/install/uuv_sensor_ros_plugins_msgs/include/uuv_sensor_ros_plugins_msgs/msg/detail/chemical_particle_concentration__rosidl_typesupport_fastrtps_c.h
[1.581s] -- Up-to-date: /home/isopodin-time/ros2_ws/install/uuv_sensor_ros_plugins_msgs/include/uuv_sensor_ros_plugins_msgs/msg/detail/position_with_covariance_stamped__rosidl_typesupport_fastrtps_c.h
[1.582s] -- Up-to-date: /home/isopodin-time/ros2_ws/install/uuv_sensor_ros_plugins_msgs/include/uuv_sensor_ros_plugins_msgs/srv
[1.585s] -- Up-to-date: /home/isopodin-time/ros2_ws/install/uuv_sensor_ros_plugins_msgs/include/uuv_sensor_ros_plugins_msgs/srv/detail
[1.585s] -- Up-to-date: /home/isopodin-time/ros2_ws/install/uuv_sensor_ros_plugins_msgs/include/uuv_sensor_ros_plugins_msgs/srv/detail/change_sensor_state__rosidl_typesupport_fastrtps_c.h
[1.586s] -- Up-to-date: /home/isopodin-time/ros2_ws/install/uuv_sensor_ros_plugins_msgs/lib/libuuv_sensor_ros_plugins_msgs__rosidl_typesupport_fastrtps_c.so
[1.586s] -- Up-to-date: /home/isopodin-time/ros2_ws/install/uuv_sensor_ros_plugins_msgs/include/uuv_sensor_ros_plugins_msgs
[1.586s] -- Up-to-date: /home/isopodin-time/ros2_ws/install/uuv_sensor_ros_plugins_msgs/include/uuv_sensor_ros_plugins_msgs/msg
[1.586s] -- Up-to-date: /home/isopodin-time/ros2_ws/install/uuv_sensor_ros_plugins_msgs/include/uuv_sensor_ros_plugins_msgs/msg/detail
[1.586s] -- Up-to-date: /home/isopodin-time/ros2_ws/install/uuv_sensor_ros_plugins_msgs/include/uuv_sensor_ros_plugins_msgs/msg/detail/position_with_covariance__rosidl_typesupport_fastrtps_cpp.hpp
[1.589s] -- Up-to-date: /home/isopodin-time/ros2_ws/install/uuv_sensor_ros_plugins_msgs/include/uuv_sensor_ros_plugins_msgs/msg/detail/dvl__rosidl_typesupport_fastrtps_cpp.hpp
[1.594s] -- Up-to-date: /home/isopodin-time/ros2_ws/install/uuv_sensor_ros_plugins_msgs/include/uuv_sensor_ros_plugins_msgs/msg/detail/dds_fastrtps
[1.595s] -- Up-to-date: /home/isopodin-time/ros2_ws/install/uuv_sensor_ros_plugins_msgs/include/uuv_sensor_ros_plugins_msgs/msg/detail/position_with_covariance_stamped__rosidl_typesupport_fastrtps_cpp.hpp
[1.596s] -- Up-to-date: /home/isopodin-time/ros2_ws/install/uuv_sensor_ros_plugins_msgs/include/uuv_sensor_ros_plugins_msgs/msg/detail/salinity__rosidl_typesupport_fastrtps_cpp.hpp
[1.596s] -- Up-to-date: /home/isopodin-time/ros2_ws/install/uuv_sensor_ros_plugins_msgs/include/uuv_sensor_ros_plugins_msgs/msg/detail/chemical_particle_concentration__rosidl_typesupport_fastrtps_cpp.hpp
[1.596s] -- Up-to-date: /home/isopodin-time/ros2_ws/install/uuv_sensor_ros_plugins_msgs/include/uuv_sensor_ros_plugins_msgs/msg/detail/dvl_beam__rosidl_typesupport_fastrtps_cpp.hpp
[1.596s] -- Up-to-date: /home/isopodin-time/ros2_ws/install/uuv_sensor_ros_plugins_msgs/include/uuv_sensor_ros_plugins_msgs/msg/rosidl_typesupport_fastrtps_cpp__visibility_control.h
[1.596s] -- Up-to-date: /home/isopodin-time/ros2_ws/install/uuv_sensor_ros_plugins_msgs/include/uuv_sensor_ros_plugins_msgs/srv
[1.596s] -- Up-to-date: /home/isopodin-time/ros2_ws/install/uuv_sensor_ros_plugins_msgs/include/uuv_sensor_ros_plugins_msgs/srv/detail
[1.597s] -- Up-to-date: /home/isopodin-time/ros2_ws/install/uuv_sensor_ros_plugins_msgs/include/uuv_sensor_ros_plugins_msgs/srv/detail/dds_fastrtps
[1.597s] -- Up-to-date: /home/isopodin-time/ros2_ws/install/uuv_sensor_ros_plugins_msgs/include/uuv_sensor_ros_plugins_msgs/srv/detail/change_sensor_state__rosidl_typesupport_fastrtps_cpp.hpp
[1.602s] -- Up-to-date: /home/isopodin-time/ros2_ws/install/uuv_sensor_ros_plugins_msgs/lib/libuuv_sensor_ros_plugins_msgs__rosidl_typesupport_fastrtps_cpp.so
[1.602s] -- Up-to-date: /home/isopodin-time/ros2_ws/install/uuv_sensor_ros_plugins_msgs/include/uuv_sensor_ros_plugins_msgs
[1.603s] -- Up-to-date: /home/isopodin-time/ros2_ws/install/uuv_sensor_ros_plugins_msgs/include/uuv_sensor_ros_plugins_msgs/msg
[1.603s] -- Up-to-date: /home/isopodin-time/ros2_ws/install/uuv_sensor_ros_plugins_msgs/include/uuv_sensor_ros_plugins_msgs/msg/detail
[1.603s] -- Up-to-date: /home/isopodin-time/ros2_ws/install/uuv_sensor_ros_plugins_msgs/include/uuv_sensor_ros_plugins_msgs/msg/detail/dvl__rosidl_typesupport_introspection_c.h
[1.603s] -- Up-to-date: /home/isopodin-time/ros2_ws/install/uuv_sensor_ros_plugins_msgs/include/uuv_sensor_ros_plugins_msgs/msg/detail/dvl__type_support.c
[1.604s] -- Up-to-date: /home/isopodin-time/ros2_ws/install/uuv_sensor_ros_plugins_msgs/include/uuv_sensor_ros_plugins_msgs/msg/detail/dvl_beam__rosidl_typesupport_introspection_c.h
[1.604s] -- Up-to-date: /home/isopodin-time/ros2_ws/install/uuv_sensor_ros_plugins_msgs/include/uuv_sensor_ros_plugins_msgs/msg/detail/position_with_covariance_stamped__type_support.c
[1.605s] -- Up-to-date: /home/isopodin-time/ros2_ws/install/uuv_sensor_ros_plugins_msgs/include/uuv_sensor_ros_plugins_msgs/msg/detail/chemical_particle_concentration__type_support.c
[1.605s] -- Up-to-date: /home/isopodin-time/ros2_ws/install/uuv_sensor_ros_plugins_msgs/include/uuv_sensor_ros_plugins_msgs/msg/detail/chemical_particle_concentration__rosidl_typesupport_introspection_c.h
[1.605s] -- Up-to-date: /home/isopodin-time/ros2_ws/install/uuv_sensor_ros_plugins_msgs/include/uuv_sensor_ros_plugins_msgs/msg/detail/dvl_beam__type_support.c
[1.605s] -- Up-to-date: /home/isopodin-time/ros2_ws/install/uuv_sensor_ros_plugins_msgs/include/uuv_sensor_ros_plugins_msgs/msg/detail/salinity__type_support.c
[1.606s] -- Up-to-date: /home/isopodin-time/ros2_ws/install/uuv_sensor_ros_plugins_msgs/include/uuv_sensor_ros_plugins_msgs/msg/detail/position_with_covariance__type_support.c
[1.606s] -- Up-to-date: /home/isopodin-time/ros2_ws/install/uuv_sensor_ros_plugins_msgs/include/uuv_sensor_ros_plugins_msgs/msg/detail/position_with_covariance_stamped__rosidl_typesupport_introspection_c.h
[1.606s] -- Up-to-date: /home/isopodin-time/ros2_ws/install/uuv_sensor_ros_plugins_msgs/include/uuv_sensor_ros_plugins_msgs/msg/detail/position_with_covariance__rosidl_typesupport_introspection_c.h
[1.606s] -- Up-to-date: /home/isopodin-time/ros2_ws/install/uuv_sensor_ros_plugins_msgs/include/uuv_sensor_ros_plugins_msgs/msg/detail/salinity__rosidl_typesupport_introspection_c.h
[1.607s] -- Up-to-date: /home/isopodin-time/ros2_ws/install/uuv_sensor_ros_plugins_msgs/include/uuv_sensor_ros_plugins_msgs/msg/rosidl_typesupport_introspection_c__visibility_control.h
[1.607s] -- Up-to-date: /home/isopodin-time/ros2_ws/install/uuv_sensor_ros_plugins_msgs/include/uuv_sensor_ros_plugins_msgs/srv
[1.607s] -- Up-to-date: /home/isopodin-time/ros2_ws/install/uuv_sensor_ros_plugins_msgs/include/uuv_sensor_ros_plugins_msgs/srv/detail
[1.607s] -- Up-to-date: /home/isopodin-time/ros2_ws/install/uuv_sensor_ros_plugins_msgs/include/uuv_sensor_ros_plugins_msgs/srv/detail/change_sensor_state__rosidl_typesupport_introspection_c.h
[1.607s] -- Up-to-date: /home/isopodin-time/ros2_ws/install/uuv_sensor_ros_plugins_msgs/include/uuv_sensor_ros_plugins_msgs/srv/detail/change_sensor_state__type_support.c
[1.608s] -- Up-to-date: /home/isopodin-time/ros2_ws/install/uuv_sensor_ros_plugins_msgs/lib/libuuv_sensor_ros_plugins_msgs__rosidl_typesupport_introspection_c.so
[1.608s] -- Up-to-date: /home/isopodin-time/ros2_ws/install/uuv_sensor_ros_plugins_msgs/lib/libuuv_sensor_ros_plugins_msgs__rosidl_typesupport_c.so
[1.608s] -- Up-to-date: /home/isopodin-time/ros2_ws/install/uuv_sensor_ros_plugins_msgs/include/uuv_sensor_ros_plugins_msgs
[1.608s] -- Up-to-date: /home/isopodin-time/ros2_ws/install/uuv_sensor_ros_plugins_msgs/include/uuv_sensor_ros_plugins_msgs/msg
[1.608s] -- Up-to-date: /home/isopodin-time/ros2_ws/install/uuv_sensor_ros_plugins_msgs/include/uuv_sensor_ros_plugins_msgs/msg/position_with_covariance.hpp
[1.609s] -- Up-to-date: /home/isopodin-time/ros2_ws/install/uuv_sensor_ros_plugins_msgs/include/uuv_sensor_ros_plugins_msgs/msg/salinity.hpp
[1.609s] -- Up-to-date: /home/isopodin-time/ros2_ws/install/uuv_sensor_ros_plugins_msgs/include/uuv_sensor_ros_plugins_msgs/msg/detail
[1.609s] -- Up-to-date: /home/isopodin-time/ros2_ws/install/uuv_sensor_ros_plugins_msgs/include/uuv_sensor_ros_plugins_msgs/msg/detail/dvl_beam__type_support.hpp
[1.609s] -- Up-to-date: /home/isopodin-time/ros2_ws/install/uuv_sensor_ros_plugins_msgs/include/uuv_sensor_ros_plugins_msgs/msg/detail/chemical_particle_concentration__type_support.hpp
[1.609s] -- Up-to-date: /home/isopodin-time/ros2_ws/install/uuv_sensor_ros_plugins_msgs/include/uuv_sensor_ros_plugins_msgs/msg/detail/dvl__type_support.hpp
[1.610s] -- Up-to-date: /home/isopodin-time/ros2_ws/install/uuv_sensor_ros_plugins_msgs/include/uuv_sensor_ros_plugins_msgs/msg/detail/position_with_covariance_stamped__builder.hpp
[1.610s] -- Up-to-date: /home/isopodin-time/ros2_ws/install/uuv_sensor_ros_plugins_msgs/include/uuv_sensor_ros_plugins_msgs/msg/detail/dvl__struct.hpp
[1.610s] -- Up-to-date: /home/isopodin-time/ros2_ws/install/uuv_sensor_ros_plugins_msgs/include/uuv_sensor_ros_plugins_msgs/msg/detail/position_with_covariance_stamped__struct.hpp
[1.610s] -- Up-to-date: /home/isopodin-time/ros2_ws/install/uuv_sensor_ros_plugins_msgs/include/uuv_sensor_ros_plugins_msgs/msg/detail/position_with_covariance_stamped__type_support.hpp
[1.611s] -- Up-to-date: /home/isopodin-time/ros2_ws/install/uuv_sensor_ros_plugins_msgs/include/uuv_sensor_ros_plugins_msgs/msg/detail/position_with_covariance_stamped__traits.hpp
[1.611s] -- Up-to-date: /home/isopodin-time/ros2_ws/install/uuv_sensor_ros_plugins_msgs/include/uuv_sensor_ros_plugins_msgs/msg/detail/dvl_beam__struct.hpp
[1.611s] -- Up-to-date: /home/isopodin-time/ros2_ws/install/uuv_sensor_ros_plugins_msgs/include/uuv_sensor_ros_plugins_msgs/msg/detail/dvl_beam__traits.hpp
[1.611s] -- Up-to-date: /home/isopodin-time/ros2_ws/install/uuv_sensor_ros_plugins_msgs/include/uuv_sensor_ros_plugins_msgs/msg/detail/salinity__traits.hpp
[1.611s] -- Up-to-date: /home/isopodin-time/ros2_ws/install/uuv_sensor_ros_plugins_msgs/include/uuv_sensor_ros_plugins_msgs/msg/detail/chemical_particle_concentration__builder.hpp
[1.611s] -- Up-to-date: /home/isopodin-time/ros2_ws/install/uuv_sensor_ros_plugins_msgs/include/uuv_sensor_ros_plugins_msgs/msg/detail/dvl_beam__builder.hpp
[1.612s] -- Up-to-date: /home/isopodin-time/ros2_ws/install/uuv_sensor_ros_plugins_msgs/include/uuv_sensor_ros_plugins_msgs/msg/detail/chemical_particle_concentration__struct.hpp
[1.612s] -- Up-to-date: /home/isopodin-time/ros2_ws/install/uuv_sensor_ros_plugins_msgs/include/uuv_sensor_ros_plugins_msgs/msg/detail/chemical_particle_concentration__traits.hpp
[1.612s] -- Up-to-date: /home/isopodin-time/ros2_ws/install/uuv_sensor_ros_plugins_msgs/include/uuv_sensor_ros_plugins_msgs/msg/detail/salinity__builder.hpp
[1.612s] -- Up-to-date: /home/isopodin-time/ros2_ws/install/uuv_sensor_ros_plugins_msgs/include/uuv_sensor_ros_plugins_msgs/msg/detail/position_with_covariance__struct.hpp
[1.612s] -- Up-to-date: /home/isopodin-time/ros2_ws/install/uuv_sensor_ros_plugins_msgs/include/uuv_sensor_ros_plugins_msgs/msg/detail/position_with_covariance__traits.hpp
[1.612s] -- Up-to-date: /home/isopodin-time/ros2_ws/install/uuv_sensor_ros_plugins_msgs/include/uuv_sensor_ros_plugins_msgs/msg/detail/dvl__traits.hpp
[1.612s] -- Up-to-date: /home/isopodin-time/ros2_ws/install/uuv_sensor_ros_plugins_msgs/include/uuv_sensor_ros_plugins_msgs/msg/detail/salinity__struct.hpp
[1.613s] -- Up-to-date: /home/isopodin-time/ros2_ws/install/uuv_sensor_ros_plugins_msgs/include/uuv_sensor_ros_plugins_msgs/msg/detail/position_with_covariance__type_support.hpp
[1.613s] -- Up-to-date: /home/isopodin-time/ros2_ws/install/uuv_sensor_ros_plugins_msgs/include/uuv_sensor_ros_plugins_msgs/msg/detail/dvl__builder.hpp
[1.613s] -- Up-to-date: /home/isopodin-time/ros2_ws/install/uuv_sensor_ros_plugins_msgs/include/uuv_sensor_ros_plugins_msgs/msg/detail/position_with_covariance__builder.hpp
[1.613s] -- Up-to-date: /home/isopodin-time/ros2_ws/install/uuv_sensor_ros_plugins_msgs/include/uuv_sensor_ros_plugins_msgs/msg/detail/salinity__type_support.hpp
[1.613s] -- Up-to-date: /home/isopodin-time/ros2_ws/install/uuv_sensor_ros_plugins_msgs/include/uuv_sensor_ros_plugins_msgs/msg/dvl_beam.hpp
[1.613s] -- Up-to-date: /home/isopodin-time/ros2_ws/install/uuv_sensor_ros_plugins_msgs/include/uuv_sensor_ros_plugins_msgs/msg/rosidl_generator_cpp__visibility_control.hpp
[1.613s] -- Up-to-date: /home/isopodin-time/ros2_ws/install/uuv_sensor_ros_plugins_msgs/include/uuv_sensor_ros_plugins_msgs/msg/chemical_particle_concentration.hpp
[1.614s] -- Up-to-date: /home/isopodin-time/ros2_ws/install/uuv_sensor_ros_plugins_msgs/include/uuv_sensor_ros_plugins_msgs/msg/position_with_covariance_stamped.hpp
[1.614s] -- Up-to-date: /home/isopodin-time/ros2_ws/install/uuv_sensor_ros_plugins_msgs/include/uuv_sensor_ros_plugins_msgs/msg/dvl.hpp
[1.614s] -- Up-to-date: /home/isopodin-time/ros2_ws/install/uuv_sensor_ros_plugins_msgs/include/uuv_sensor_ros_plugins_msgs/srv
[1.614s] -- Up-to-date: /home/isopodin-time/ros2_ws/install/uuv_sensor_ros_plugins_msgs/include/uuv_sensor_ros_plugins_msgs/srv/detail
[1.614s] -- Up-to-date: /home/isopodin-time/ros2_ws/install/uuv_sensor_ros_plugins_msgs/include/uuv_sensor_ros_plugins_msgs/srv/detail/change_sensor_state__traits.hpp
[1.614s] -- Up-to-date: /home/isopodin-time/ros2_ws/install/uuv_sensor_ros_plugins_msgs/include/uuv_sensor_ros_plugins_msgs/srv/detail/change_sensor_state__builder.hpp
[1.615s] -- Up-to-date: /home/isopodin-time/ros2_ws/install/uuv_sensor_ros_plugins_msgs/include/uuv_sensor_ros_plugins_msgs/srv/detail/change_sensor_state__struct.hpp
[1.615s] -- Up-to-date: /home/isopodin-time/ros2_ws/install/uuv_sensor_ros_plugins_msgs/include/uuv_sensor_ros_plugins_msgs/srv/detail/change_sensor_state__type_support.hpp
[1.615s] -- Up-to-date: /home/isopodin-time/ros2_ws/install/uuv_sensor_ros_plugins_msgs/include/uuv_sensor_ros_plugins_msgs/srv/change_sensor_state.hpp
[1.615s] -- Up-to-date: /home/isopodin-time/ros2_ws/install/uuv_sensor_ros_plugins_msgs/include/uuv_sensor_ros_plugins_msgs
[1.616s] -- Up-to-date: /home/isopodin-time/ros2_ws/install/uuv_sensor_ros_plugins_msgs/include/uuv_sensor_ros_plugins_msgs/msg
[1.616s] -- Up-to-date: /home/isopodin-time/ros2_ws/install/uuv_sensor_ros_plugins_msgs/include/uuv_sensor_ros_plugins_msgs/msg/detail
[1.618s] -- Up-to-date: /home/isopodin-time/ros2_ws/install/uuv_sensor_ros_plugins_msgs/include/uuv_sensor_ros_plugins_msgs/msg/detail/dvl__type_support.cpp
[1.619s] -- Up-to-date: /home/isopodin-time/ros2_ws/install/uuv_sensor_ros_plugins_msgs/include/uuv_sensor_ros_plugins_msgs/msg/detail/position_with_covariance_stamped__rosidl_typesupport_introspection_cpp.hpp
[1.625s] -- Up-to-date: /home/isopodin-time/ros2_ws/install/uuv_sensor_ros_plugins_msgs/include/uuv_sensor_ros_plugins_msgs/msg/detail/salinity__rosidl_typesupport_introspection_cpp.hpp
[1.625s] -- Up-to-date: /home/isopodin-time/ros2_ws/install/uuv_sensor_ros_plugins_msgs/include/uuv_sensor_ros_plugins_msgs/msg/detail/position_with_covariance__rosidl_typesupport_introspection_cpp.hpp
[1.625s] -- Up-to-date: /home/isopodin-time/ros2_ws/install/uuv_sensor_ros_plugins_msgs/include/uuv_sensor_ros_plugins_msgs/msg/detail/chemical_particle_concentration__rosidl_typesupport_introspection_cpp.hpp
[1.626s] -- Up-to-date: /home/isopodin-time/ros2_ws/install/uuv_sensor_ros_plugins_msgs/include/uuv_sensor_ros_plugins_msgs/msg/detail/dvl__rosidl_typesupport_introspection_cpp.hpp
[1.626s] -- Up-to-date: /home/isopodin-time/ros2_ws/install/uuv_sensor_ros_plugins_msgs/include/uuv_sensor_ros_plugins_msgs/msg/detail/dvl_beam__rosidl_typesupport_introspection_cpp.hpp
[1.626s] -- Up-to-date: /home/isopodin-time/ros2_ws/install/uuv_sensor_ros_plugins_msgs/include/uuv_sensor_ros_plugins_msgs/msg/detail/chemical_particle_concentration__type_support.cpp
[1.627s] -- Up-to-date: /home/isopodin-time/ros2_ws/install/uuv_sensor_ros_plugins_msgs/include/uuv_sensor_ros_plugins_msgs/msg/detail/dvl_beam__type_support.cpp
[1.627s] -- Up-to-date: /home/isopodin-time/ros2_ws/install/uuv_sensor_ros_plugins_msgs/include/uuv_sensor_ros_plugins_msgs/msg/detail/position_with_covariance__type_support.cpp
[1.628s] -- Up-to-date: /home/isopodin-time/ros2_ws/install/uuv_sensor_ros_plugins_msgs/include/uuv_sensor_ros_plugins_msgs/msg/detail/position_with_covariance_stamped__type_support.cpp
[1.629s] -- Up-to-date: /home/isopodin-time/ros2_ws/install/uuv_sensor_ros_plugins_msgs/include/uuv_sensor_ros_plugins_msgs/msg/detail/salinity__type_support.cpp
[1.630s] -- Up-to-date: /home/isopodin-time/ros2_ws/install/uuv_sensor_ros_plugins_msgs/include/uuv_sensor_ros_plugins_msgs/srv
[1.631s] -- Up-to-date: /home/isopodin-time/ros2_ws/install/uuv_sensor_ros_plugins_msgs/include/uuv_sensor_ros_plugins_msgs/srv/detail
[1.631s] -- Up-to-date: /home/isopodin-time/ros2_ws/install/uuv_sensor_ros_plugins_msgs/include/uuv_sensor_ros_plugins_msgs/srv/detail/change_sensor_state__type_support.cpp
[1.631s] -- Up-to-date: /home/isopodin-time/ros2_ws/install/uuv_sensor_ros_plugins_msgs/include/uuv_sensor_ros_plugins_msgs/srv/detail/change_sensor_state__rosidl_typesupport_introspection_cpp.hpp
[1.631s] -- Up-to-date: /home/isopodin-time/ros2_ws/install/uuv_sensor_ros_plugins_msgs/lib/libuuv_sensor_ros_plugins_msgs__rosidl_typesupport_introspection_cpp.so
[1.631s] -- Up-to-date: /home/isopodin-time/ros2_ws/install/uuv_sensor_ros_plugins_msgs/lib/libuuv_sensor_ros_plugins_msgs__rosidl_typesupport_cpp.so
[1.632s] -- Up-to-date: /home/isopodin-time/ros2_ws/install/uuv_sensor_ros_plugins_msgs/share/uuv_sensor_ros_plugins_msgs/environment/pythonpath.sh
[1.632s] -- Up-to-date: /home/isopodin-time/ros2_ws/install/uuv_sensor_ros_plugins_msgs/share/uuv_sensor_ros_plugins_msgs/environment/pythonpath.dsv
[1.632s] -- Up-to-date: /home/isopodin-time/ros2_ws/install/uuv_sensor_ros_plugins_msgs/lib/python3.8/site-packages/uuv_sensor_ros_plugins_msgs/__init__.py
[1.846s] -- Up-to-date: /home/isopodin-time/ros2_ws/install/uuv_sensor_ros_plugins_msgs/lib/python3.8/site-packages/uuv_sensor_ros_plugins_msgs/msg
[1.847s] -- Up-to-date: /home/isopodin-time/ros2_ws/install/uuv_sensor_ros_plugins_msgs/lib/python3.8/site-packages/uuv_sensor_ros_plugins_msgs/msg/_chemical_particle_concentration_s.c
[1.848s] -- Up-to-date: /home/isopodin-time/ros2_ws/install/uuv_sensor_ros_plugins_msgs/lib/python3.8/site-packages/uuv_sensor_ros_plugins_msgs/msg/_dvl.py
[1.849s] -- Up-to-date: /home/isopodin-time/ros2_ws/install/uuv_sensor_ros_plugins_msgs/lib/python3.8/site-packages/uuv_sensor_ros_plugins_msgs/msg/_dvl_beam_s.c
[1.849s] -- Up-to-date: /home/isopodin-time/ros2_ws/install/uuv_sensor_ros_plugins_msgs/lib/python3.8/site-packages/uuv_sensor_ros_plugins_msgs/msg/_position_with_covariance_s.c
[1.850s] -- Up-to-date: /home/isopodin-time/ros2_ws/install/uuv_sensor_ros_plugins_msgs/lib/python3.8/site-packages/uuv_sensor_ros_plugins_msgs/msg/__init__.py
[1.851s] -- Up-to-date: /home/isopodin-time/ros2_ws/install/uuv_sensor_ros_plugins_msgs/lib/python3.8/site-packages/uuv_sensor_ros_plugins_msgs/msg/_dvl_s.c
[1.852s] -- Up-to-date: /home/isopodin-time/ros2_ws/install/uuv_sensor_ros_plugins_msgs/lib/python3.8/site-packages/uuv_sensor_ros_plugins_msgs/msg/_dvl_beam.py
[1.852s] -- Up-to-date: /home/isopodin-time/ros2_ws/install/uuv_sensor_ros_plugins_msgs/lib/python3.8/site-packages/uuv_sensor_ros_plugins_msgs/msg/_position_with_covariance.py
[1.852s] -- Up-to-date: /home/isopodin-time/ros2_ws/install/uuv_sensor_ros_plugins_msgs/lib/python3.8/site-packages/uuv_sensor_ros_plugins_msgs/msg/_position_with_covariance_stamped.py
[1.852s] -- Up-to-date: /home/isopodin-time/ros2_ws/install/uuv_sensor_ros_plugins_msgs/lib/python3.8/site-packages/uuv_sensor_ros_plugins_msgs/msg/_salinity.py
[1.853s] -- Up-to-date: /home/isopodin-time/ros2_ws/install/uuv_sensor_ros_plugins_msgs/lib/python3.8/site-packages/uuv_sensor_ros_plugins_msgs/msg/_position_with_covariance_stamped_s.c
[1.854s] -- Up-to-date: /home/isopodin-time/ros2_ws/install/uuv_sensor_ros_plugins_msgs/lib/python3.8/site-packages/uuv_sensor_ros_plugins_msgs/msg/_chemical_particle_concentration.py
[1.854s] -- Up-to-date: /home/isopodin-time/ros2_ws/install/uuv_sensor_ros_plugins_msgs/lib/python3.8/site-packages/uuv_sensor_ros_plugins_msgs/msg/_salinity_s.c
[1.855s] -- Up-to-date: /home/isopodin-time/ros2_ws/install/uuv_sensor_ros_plugins_msgs/lib/python3.8/site-packages/uuv_sensor_ros_plugins_msgs/srv
[1.856s] -- Up-to-date: /home/isopodin-time/ros2_ws/install/uuv_sensor_ros_plugins_msgs/lib/python3.8/site-packages/uuv_sensor_ros_plugins_msgs/srv/_change_sensor_state.py
[1.857s] -- Up-to-date: /home/isopodin-time/ros2_ws/install/uuv_sensor_ros_plugins_msgs/lib/python3.8/site-packages/uuv_sensor_ros_plugins_msgs/srv/_change_sensor_state_s.c
[1.857s] -- Up-to-date: /home/isopodin-time/ros2_ws/install/uuv_sensor_ros_plugins_msgs/lib/python3.8/site-packages/uuv_sensor_ros_plugins_msgs/srv/__init__.py
[1.857s] -- Up-to-date: /home/isopodin-time/ros2_ws/install/uuv_sensor_ros_plugins_msgs/lib/python3.8/site-packages/uuv_sensor_ros_plugins_msgs/uuv_sensor_ros_plugins_msgs_s__rosidl_typesupport_fastrtps_c.cpython-38-x86_64-linux-gnu.so
[1.858s] -- Up-to-date: /home/isopodin-time/ros2_ws/install/uuv_sensor_ros_plugins_msgs/lib/python3.8/site-packages/uuv_sensor_ros_plugins_msgs/uuv_sensor_ros_plugins_msgs_s__rosidl_typesupport_introspection_c.cpython-38-x86_64-linux-gnu.so
[1.858s] -- Up-to-date: /home/isopodin-time/ros2_ws/install/uuv_sensor_ros_plugins_msgs/lib/python3.8/site-packages/uuv_sensor_ros_plugins_msgs/uuv_sensor_ros_plugins_msgs_s__rosidl_typesupport_c.cpython-38-x86_64-linux-gnu.so
[1.858s] -- Up-to-date: /home/isopodin-time/ros2_ws/install/uuv_sensor_ros_plugins_msgs/lib/libuuv_sensor_ros_plugins_msgs__python.so
[1.859s] -- Up-to-date: /home/isopodin-time/ros2_ws/install/uuv_sensor_ros_plugins_msgs/share/uuv_sensor_ros_plugins_msgs/msg/DVL.idl
[1.859s] -- Up-to-date: /home/isopodin-time/ros2_ws/install/uuv_sensor_ros_plugins_msgs/share/uuv_sensor_ros_plugins_msgs/msg/DVLBeam.idl
[1.859s] -- Up-to-date: /home/isopodin-time/ros2_ws/install/uuv_sensor_ros_plugins_msgs/share/uuv_sensor_ros_plugins_msgs/msg/PositionWithCovariance.idl
[1.887s] -- Up-to-date: /home/isopodin-time/ros2_ws/install/uuv_sensor_ros_plugins_msgs/share/uuv_sensor_ros_plugins_msgs/msg/PositionWithCovarianceStamped.idl
[1.887s] -- Up-to-date: /home/isopodin-time/ros2_ws/install/uuv_sensor_ros_plugins_msgs/share/uuv_sensor_ros_plugins_msgs/msg/ChemicalParticleConcentration.idl
[1.888s] -- Up-to-date: /home/isopodin-time/ros2_ws/install/uuv_sensor_ros_plugins_msgs/share/uuv_sensor_ros_plugins_msgs/msg/Salinity.idl
[1.888s] -- Up-to-date: /home/isopodin-time/ros2_ws/install/uuv_sensor_ros_plugins_msgs/share/uuv_sensor_ros_plugins_msgs/srv/ChangeSensorState.idl
[1.889s] -- Up-to-date: /home/isopodin-time/ros2_ws/install/uuv_sensor_ros_plugins_msgs/share/uuv_sensor_ros_plugins_msgs/msg/DVL.msg
[1.889s] -- Up-to-date: /home/isopodin-time/ros2_ws/install/uuv_sensor_ros_plugins_msgs/share/uuv_sensor_ros_plugins_msgs/msg/DVLBeam.msg
[1.889s] -- Up-to-date: /home/isopodin-time/ros2_ws/install/uuv_sensor_ros_plugins_msgs/share/uuv_sensor_ros_plugins_msgs/msg/PositionWithCovariance.msg
[1.890s] -- Up-to-date: /home/isopodin-time/ros2_ws/install/uuv_sensor_ros_plugins_msgs/share/uuv_sensor_ros_plugins_msgs/msg/PositionWithCovarianceStamped.msg
[1.890s] -- Up-to-date: /home/isopodin-time/ros2_ws/install/uuv_sensor_ros_plugins_msgs/share/uuv_sensor_ros_plugins_msgs/msg/ChemicalParticleConcentration.msg
[1.890s] -- Up-to-date: /home/isopodin-time/ros2_ws/install/uuv_sensor_ros_plugins_msgs/share/uuv_sensor_ros_plugins_msgs/msg/Salinity.msg
[1.890s] -- Up-to-date: /home/isopodin-time/ros2_ws/install/uuv_sensor_ros_plugins_msgs/share/uuv_sensor_ros_plugins_msgs/srv/ChangeSensorState.srv
[1.891s] -- Up-to-date: /home/isopodin-time/ros2_ws/install/uuv_sensor_ros_plugins_msgs/share/uuv_sensor_ros_plugins_msgs/srv/ChangeSensorState_Request.msg
[1.891s] -- Up-to-date: /home/isopodin-time/ros2_ws/install/uuv_sensor_ros_plugins_msgs/share/uuv_sensor_ros_plugins_msgs/srv/ChangeSensorState_Response.msg
[1.891s] -- Up-to-date: /home/isopodin-time/ros2_ws/install/uuv_sensor_ros_plugins_msgs/share/ament_index/resource_index/package_run_dependencies/uuv_sensor_ros_plugins_msgs
[1.891s] -- Up-to-date: /home/isopodin-time/ros2_ws/install/uuv_sensor_ros_plugins_msgs/share/ament_index/resource_index/parent_prefix_path/uuv_sensor_ros_plugins_msgs
[1.892s] -- Up-to-date: /home/isopodin-time/ros2_ws/install/uuv_sensor_ros_plugins_msgs/share/uuv_sensor_ros_plugins_msgs/environment/ament_prefix_path.sh
[1.892s] -- Up-to-date: /home/isopodin-time/ros2_ws/install/uuv_sensor_ros_plugins_msgs/share/uuv_sensor_ros_plugins_msgs/environment/ament_prefix_path.dsv
[1.892s] -- Up-to-date: /home/isopodin-time/ros2_ws/install/uuv_sensor_ros_plugins_msgs/share/uuv_sensor_ros_plugins_msgs/environment/path.sh
[1.892s] -- Up-to-date: /home/isopodin-time/ros2_ws/install/uuv_sensor_ros_plugins_msgs/share/uuv_sensor_ros_plugins_msgs/environment/path.dsv
[1.892s] -- Up-to-date: /home/isopodin-time/ros2_ws/install/uuv_sensor_ros_plugins_msgs/share/uuv_sensor_ros_plugins_msgs/local_setup.bash
[1.892s] -- Up-to-date: /home/isopodin-time/ros2_ws/install/uuv_sensor_ros_plugins_msgs/share/uuv_sensor_ros_plugins_msgs/local_setup.sh
[1.893s] -- Up-to-date: /home/isopodin-time/ros2_ws/install/uuv_sensor_ros_plugins_msgs/share/uuv_sensor_ros_plugins_msgs/local_setup.zsh
[1.893s] -- Up-to-date: /home/isopodin-time/ros2_ws/install/uuv_sensor_ros_plugins_msgs/share/uuv_sensor_ros_plugins_msgs/local_setup.dsv
[1.893s] -- Installing: /home/isopodin-time/ros2_ws/install/uuv_sensor_ros_plugins_msgs/share/uuv_sensor_ros_plugins_msgs/package.dsv
[1.893s] -- Up-to-date: /home/isopodin-time/ros2_ws/install/uuv_sensor_ros_plugins_msgs/share/ament_index/resource_index/packages/uuv_sensor_ros_plugins_msgs
[1.893s] -- Up-to-date: /home/isopodin-time/ros2_ws/install/uuv_sensor_ros_plugins_msgs/share/uuv_sensor_ros_plugins_msgs/cmake/uuv_sensor_ros_plugins_msgs__rosidl_generator_cExport.cmake
[1.893s] -- Up-to-date: /home/isopodin-time/ros2_ws/install/uuv_sensor_ros_plugins_msgs/share/uuv_sensor_ros_plugins_msgs/cmake/uuv_sensor_ros_plugins_msgs__rosidl_generator_cExport-noconfig.cmake
[1.894s] -- Up-to-date: /home/isopodin-time/ros2_ws/install/uuv_sensor_ros_plugins_msgs/share/uuv_sensor_ros_plugins_msgs/cmake/uuv_sensor_ros_plugins_msgs__rosidl_typesupport_introspection_cExport.cmake
[1.894s] -- Up-to-date: /home/isopodin-time/ros2_ws/install/uuv_sensor_ros_plugins_msgs/share/uuv_sensor_ros_plugins_msgs/cmake/uuv_sensor_ros_plugins_msgs__rosidl_typesupport_introspection_cExport-noconfig.cmake
[1.894s] -- Up-to-date: /home/isopodin-time/ros2_ws/install/uuv_sensor_ros_plugins_msgs/share/uuv_sensor_ros_plugins_msgs/cmake/uuv_sensor_ros_plugins_msgs__rosidl_typesupport_cExport.cmake
[1.894s] -- Up-to-date: /home/isopodin-time/ros2_ws/install/uuv_sensor_ros_plugins_msgs/share/uuv_sensor_ros_plugins_msgs/cmake/uuv_sensor_ros_plugins_msgs__rosidl_typesupport_cExport-noconfig.cmake
[1.894s] -- Up-to-date: /home/isopodin-time/ros2_ws/install/uuv_sensor_ros_plugins_msgs/share/uuv_sensor_ros_plugins_msgs/cmake/uuv_sensor_ros_plugins_msgs__rosidl_generator_cppExport.cmake
[1.894s] -- Up-to-date: /home/isopodin-time/ros2_ws/install/uuv_sensor_ros_plugins_msgs/share/uuv_sensor_ros_plugins_msgs/cmake/uuv_sensor_ros_plugins_msgs__rosidl_typesupport_introspection_cppExport.cmake
[1.894s] -- Up-to-date: /home/isopodin-time/ros2_ws/install/uuv_sensor_ros_plugins_msgs/share/uuv_sensor_ros_plugins_msgs/cmake/uuv_sensor_ros_plugins_msgs__rosidl_typesupport_introspection_cppExport-noconfig.cmake
[1.895s] -- Up-to-date: /home/isopodin-time/ros2_ws/install/uuv_sensor_ros_plugins_msgs/share/uuv_sensor_ros_plugins_msgs/cmake/uuv_sensor_ros_plugins_msgs__rosidl_typesupport_cppExport.cmake
[1.895s] -- Up-to-date: /home/isopodin-time/ros2_ws/install/uuv_sensor_ros_plugins_msgs/share/uuv_sensor_ros_plugins_msgs/cmake/uuv_sensor_ros_plugins_msgs__rosidl_typesupport_cppExport-noconfig.cmake
[1.895s] -- Up-to-date: /home/isopodin-time/ros2_ws/install/uuv_sensor_ros_plugins_msgs/share/uuv_sensor_ros_plugins_msgs/cmake/rosidl_cmake-extras.cmake
[1.895s] -- Up-to-date: /home/isopodin-time/ros2_ws/install/uuv_sensor_ros_plugins_msgs/share/uuv_sensor_ros_plugins_msgs/cmake/ament_cmake_export_dependencies-extras.cmake
[1.895s] -- Up-to-date: /home/isopodin-time/ros2_ws/install/uuv_sensor_ros_plugins_msgs/share/uuv_sensor_ros_plugins_msgs/cmake/ament_cmake_export_libraries-extras.cmake
[1.896s] -- Up-to-date: /home/isopodin-time/ros2_ws/install/uuv_sensor_ros_plugins_msgs/share/uuv_sensor_ros_plugins_msgs/cmake/ament_cmake_export_targets-extras.cmake
[1.896s] -- Up-to-date: /home/isopodin-time/ros2_ws/install/uuv_sensor_ros_plugins_msgs/share/uuv_sensor_ros_plugins_msgs/cmake/ament_cmake_export_include_directories-extras.cmake
[1.896s] -- Up-to-date: /home/isopodin-time/ros2_ws/install/uuv_sensor_ros_plugins_msgs/share/uuv_sensor_ros_plugins_msgs/cmake/rosidl_cmake_export_typesupport_libraries-extras.cmake
[1.896s] -- Up-to-date: /home/isopodin-time/ros2_ws/install/uuv_sensor_ros_plugins_msgs/share/uuv_sensor_ros_plugins_msgs/cmake/rosidl_cmake_export_typesupport_targets-extras.cmake
[1.896s] -- Up-to-date: /home/isopodin-time/ros2_ws/install/uuv_sensor_ros_plugins_msgs/share/uuv_sensor_ros_plugins_msgs/cmake/uuv_sensor_ros_plugins_msgsConfig.cmake
[1.896s] -- Up-to-date: /home/isopodin-time/ros2_ws/install/uuv_sensor_ros_plugins_msgs/share/uuv_sensor_ros_plugins_msgs/cmake/uuv_sensor_ros_plugins_msgsConfig-version.cmake
[1.897s] -- Up-to-date: /home/isopodin-time/ros2_ws/install/uuv_sensor_ros_plugins_msgs/share/uuv_sensor_ros_plugins_msgs/package.xml
[1.928s] Invoked command in '/home/isopodin-time/ros2_ws/build/uuv_sensor_ros_plugins_msgs' returned '0': CMAKE_PREFIX_PATH=${CMAKE_PREFIX_PATH}:/opt/ros/foxy /usr/bin/cmake --install /home/isopodin-time/ros2_ws/build/uuv_sensor_ros_plugins_msgs
