[0.437s] Invoking command in '/home/isopodin-time/ros2_ws/build/muuv_ros': CMAKE_PREFIX_PATH=${CMAKE_PREFIX_PATH}:/opt/ros/foxy LD_LIBRARY_PATH=/home/isopodin-time/ros2_ws/install/custom_msg_srv/lib:/home/isopodin-time/ros2_ws/install/pid_component/lib:/home/isopodin-time/ros2_ws/install/uuv_world_ros_plugins/lib:/home/isopodin-time/ros2_ws/install/uuv_world_ros_plugins_msgs/lib:/home/isopodin-time/ros2_ws/install/uuv_world_plugins/lib:/home/isopodin-time/ros2_ws/install/uuv_thruster_manager/lib:/home/isopodin-time/ros2_ws/install/uuv_sensor_ros_plugins/lib:/home/isopodin-time/ros2_ws/install/uuv_sensor_ros_plugins_msgs/lib:/home/isopodin-time/ros2_ws/install/uuv_gazebo_ros_plugins/lib:/home/isopodin-time/ros2_ws/install/uuv_gazebo_ros_plugins_msgs/lib:/home/isopodin-time/ros2_ws/install/uuv_gazebo_plugins/lib:/home/isopodin-time/ros2_ws/install/uuv_control_msgs/lib:/home/isopodin-time/ros2_ws/install/uuv_auv_control_allocator/lib:/usr/lib/x86_64-linux-gnu/gazebo-11/plugins:/opt/ros/foxy/opt/yaml_cpp_vendor/lib:/opt/ros/foxy/opt/rviz_ogre_vendor/lib:/opt/ros/foxy/lib/x86_64-linux-gnu:/opt/ros/foxy/lib:/usr/lib/x86_64-linux-gnu/gazebo-11/plugins:/usr/lib/x86_64-linux-gnu/gazebo-11/plugins:/usr/lib/x86_64-linux-gnu/gazebo-11/plugins:/usr/lib/x86_64-linux-gnu/gazebo-11/plugins:/usr/lib/x86_64-linux-gnu/gazebo-11/plugins:/usr/lib/x86_64-linux-gnu/gazebo-11/plugins:/usr/lib/x86_64-linux-gnu/gazebo-11/plugins:/usr/lib/x86_64-linux-gnu/gazebo-11/plugins:/usr/lib/x86_64-linux-gnu/gazebo-11/plugins:/usr/lib/x86_64-linux-gnu/gazebo-11/plugins:/usr/lib/x86_64-linux-gnu/gazebo-11/plugins:/usr/lib/x86_64-linux-gnu/gazebo-11/plugins:/usr/lib/x86_64-linux-gnu/gazebo-11/plugins:/usr/lib/x86_64-linux-gnu/gazebo-11/plugins:/usr/lib/x86_64-linux-gnu/gazebo-11/plugins /usr/bin/cmake --build /home/isopodin-time/ros2_ws/build/muuv_ros -- -j8 -l8
[0.574s] [35m[1mScanning dependencies of target pid_recombiner[0m
[0.630s] [ 33%] Built target thrusters
[0.633s] [ 77%] Built target sensors
[0.676s] [ 88%] [32mBuilding CXX object CMakeFiles/pid_recombiner.dir/src/muuv_ros/pid_recombiner.cpp.o[0m
[3.155s] [01m[K/home/isopodin-time/ros2_ws/src/muuv_ros/src/muuv_ros/pid_recombiner.cpp:[m[K In constructor ‘[01m[KPid_recombiner::Pid_recombiner()[m[K’:
[3.155s] [01m[K/home/isopodin-time/ros2_ws/src/muuv_ros/src/muuv_ros/pid_recombiner.cpp:45:113:[m[K [01;31m[Kerror: [m[K‘[01m[Ksub_z[m[K’ was not declared in this scope; did you mean ‘[01m[Ksub_x[m[K’?
[3.155s]    45 |         message_filters::Synchronizer<approximate_policy> syncApproximate(approximate_policy(10), sub_x, sub_y, [01;31m[Ksub_z[m[K,
[3.155s]       |                                                                                                                 [01;31m[K^~~~~[m[K
[3.155s]       |                                                                                                                 [32m[Ksub_x[m[K
[3.156s] [01m[K/home/isopodin-time/ros2_ws/src/muuv_ros/src/muuv_ros/pid_recombiner.cpp:46:75:[m[K [01;31m[Kerror: [m[K‘[01m[Ksub_rx[m[K’ was not declared in this scope; did you mean ‘[01m[Ksub_x[m[K’?
[3.156s]    46 |                                                                           [01;31m[Ksub_rx[m[K, sub_ry, sub_rz);
[3.156s]       |                                                                           [01;31m[K^~~~~~[m[K
[3.157s]       |                                                                           [32m[Ksub_x[m[K
[3.158s] [01m[K/home/isopodin-time/ros2_ws/src/muuv_ros/src/muuv_ros/pid_recombiner.cpp:46:83:[m[K [01;31m[Kerror: [m[K‘[01m[Ksub_ry[m[K’ was not declared in this scope; did you mean ‘[01m[Ksub_y[m[K’?
[3.158s]    46 |                                                                           sub_rx, [01;31m[Ksub_ry[m[K, sub_rz);
[3.158s]       |                                                                                   [01;31m[K^~~~~~[m[K
[3.158s]       |                                                                                   [32m[Ksub_y[m[K
[3.160s] [01m[K/home/isopodin-time/ros2_ws/src/muuv_ros/src/muuv_ros/pid_recombiner.cpp:46:91:[m[K [01;31m[Kerror: [m[K‘[01m[Ksub_rz[m[K’ was not declared in this scope; did you mean ‘[01m[Ksub_x[m[K’?
[3.160s]    46 |                                                                           sub_rx, sub_ry, [01;31m[Ksub_rz[m[K);
[3.160s]       |                                                                                           [01;31m[K^~~~~~[m[K
[3.160s]       |                                                                                           [32m[Ksub_x[m[K
[3.160s] [01m[K/home/isopodin-time/ros2_ws/src/muuv_ros/src/muuv_ros/pid_recombiner.cpp:47:59:[m[K [01;31m[Kerror: [m[Kredeclaration of ‘[01m[Kmessage_filters::Synchronizer<message_filters::sync_policies::ApproximateTime<custom_msg_srv::msg::Float64Stamped_<std::allocator<void> >, custom_msg_srv::msg::Float64Stamped_<std::allocator<void> > > > syncApproximate[m[K’
[3.161s]    47 |         message_filters::Synchronizer<approximate_policy> [01;31m[KsyncApproximate[m[K(approximate_policy(10), sub_x, sub_y);
[3.161s]       |                                                           [01;31m[K^~~~~~~~~~~~~~~[m[K
[3.161s] [01m[K/home/isopodin-time/ros2_ws/src/muuv_ros/src/muuv_ros/pid_recombiner.cpp:45:59:[m[K [01;36m[Knote: [m[K‘[01m[Kmessage_filters::Synchronizer<message_filters::sync_policies::ApproximateTime<custom_msg_srv::msg::Float64Stamped_<std::allocator<void> >, custom_msg_srv::msg::Float64Stamped_<std::allocator<void> > > > syncApproximate[m[K’ previously declared here
[3.161s]    45 |         message_filters::Synchronizer<approximate_policy> [01;36m[KsyncApproximate[m[K(approximate_policy(10), sub_x, sub_y, sub_z,
[3.161s]       |                                                           [01;36m[K^~~~~~~~~~~~~~~[m[K
[5.857s] make[2]: *** [CMakeFiles/pid_recombiner.dir/build.make:63: CMakeFiles/pid_recombiner.dir/src/muuv_ros/pid_recombiner.cpp.o] Error 1
[5.857s] make[1]: *** [CMakeFiles/Makefile2:109: CMakeFiles/pid_recombiner.dir/all] Error 2
[5.858s] make: *** [Makefile:141: all] Error 2
[5.861s] Invoked command in '/home/isopodin-time/ros2_ws/build/muuv_ros' returned '2': CMAKE_PREFIX_PATH=${CMAKE_PREFIX_PATH}:/opt/ros/foxy LD_LIBRARY_PATH=/home/isopodin-time/ros2_ws/install/custom_msg_srv/lib:/home/isopodin-time/ros2_ws/install/pid_component/lib:/home/isopodin-time/ros2_ws/install/uuv_world_ros_plugins/lib:/home/isopodin-time/ros2_ws/install/uuv_world_ros_plugins_msgs/lib:/home/isopodin-time/ros2_ws/install/uuv_world_plugins/lib:/home/isopodin-time/ros2_ws/install/uuv_thruster_manager/lib:/home/isopodin-time/ros2_ws/install/uuv_sensor_ros_plugins/lib:/home/isopodin-time/ros2_ws/install/uuv_sensor_ros_plugins_msgs/lib:/home/isopodin-time/ros2_ws/install/uuv_gazebo_ros_plugins/lib:/home/isopodin-time/ros2_ws/install/uuv_gazebo_ros_plugins_msgs/lib:/home/isopodin-time/ros2_ws/install/uuv_gazebo_plugins/lib:/home/isopodin-time/ros2_ws/install/uuv_control_msgs/lib:/home/isopodin-time/ros2_ws/install/uuv_auv_control_allocator/lib:/usr/lib/x86_64-linux-gnu/gazebo-11/plugins:/opt/ros/foxy/opt/yaml_cpp_vendor/lib:/opt/ros/foxy/opt/rviz_ogre_vendor/lib:/opt/ros/foxy/lib/x86_64-linux-gnu:/opt/ros/foxy/lib:/usr/lib/x86_64-linux-gnu/gazebo-11/plugins:/usr/lib/x86_64-linux-gnu/gazebo-11/plugins:/usr/lib/x86_64-linux-gnu/gazebo-11/plugins:/usr/lib/x86_64-linux-gnu/gazebo-11/plugins:/usr/lib/x86_64-linux-gnu/gazebo-11/plugins:/usr/lib/x86_64-linux-gnu/gazebo-11/plugins:/usr/lib/x86_64-linux-gnu/gazebo-11/plugins:/usr/lib/x86_64-linux-gnu/gazebo-11/plugins:/usr/lib/x86_64-linux-gnu/gazebo-11/plugins:/usr/lib/x86_64-linux-gnu/gazebo-11/plugins:/usr/lib/x86_64-linux-gnu/gazebo-11/plugins:/usr/lib/x86_64-linux-gnu/gazebo-11/plugins:/usr/lib/x86_64-linux-gnu/gazebo-11/plugins:/usr/lib/x86_64-linux-gnu/gazebo-11/plugins:/usr/lib/x86_64-linux-gnu/gazebo-11/plugins /usr/bin/cmake --build /home/isopodin-time/ros2_ws/build/muuv_ros -- -j8 -l8
