[0.177s] Invoking command in '/home/isopodin-time/ros2_ws/build/uuv_control_msgs': CMAKE_PREFIX_PATH=${CMAKE_PREFIX_PATH}:/opt/ros/foxy /usr/bin/cmake --build /home/isopodin-time/ros2_ws/build/uuv_control_msgs -- -j8 -l8
[0.452s] [  0%] Built target uuv_control_msgs__cpp
[0.467s] [ 12%] Built target uuv_control_msgs__rosidl_generator_c
[0.604s] [ 25%] Built target uuv_control_msgs__rosidl_typesupport_introspection_cpp
[0.694s] [ 38%] Built target uuv_control_msgs__rosidl_typesupport_introspection_c
[0.706s] [ 50%] Built target uuv_control_msgs__rosidl_typesupport_cpp
[0.741s] [ 62%] Built target uuv_control_msgs__rosidl_typesupport_fastrtps_cpp
[0.752s] [ 74%] Built target uuv_control_msgs__rosidl_typesupport_c
[0.843s] [ 86%] Built target uuv_control_msgs__rosidl_typesupport_fastrtps_c
[0.920s] [ 86%] Built target uuv_control_msgs
[0.979s] [ 86%] Built target uuv_control_msgs__py
[1.163s] [ 98%] Built target uuv_control_msgs__python
[1.264s] [ 99%] Built target uuv_control_msgs__rosidl_typesupport_c__pyext
[1.266s] [100%] Built target uuv_control_msgs__rosidl_typesupport_fastrtps_c__pyext
[1.267s] [100%] Built target uuv_control_msgs__rosidl_typesupport_introspection_c__pyext
[1.498s] Invoked command in '/home/isopodin-time/ros2_ws/build/uuv_control_msgs' returned '0': CMAKE_PREFIX_PATH=${CMAKE_PREFIX_PATH}:/opt/ros/foxy /usr/bin/cmake --build /home/isopodin-time/ros2_ws/build/uuv_control_msgs -- -j8 -l8
[3.071s] Invoking command in '/home/isopodin-time/ros2_ws/build/uuv_control_msgs': CMAKE_PREFIX_PATH=${CMAKE_PREFIX_PATH}:/opt/ros/foxy /usr/bin/cmake --install /home/isopodin-time/ros2_ws/build/uuv_control_msgs
[3.115s] -- Install configuration: ""
[3.116s] -- Up-to-date: /home/isopodin-time/ros2_ws/install/uuv_control_msgs/share/ament_index/resource_index/rosidl_interfaces/uuv_control_msgs
[3.116s] -- Up-to-date: /home/isopodin-time/ros2_ws/install/uuv_control_msgs/include/uuv_control_msgs
[3.116s] -- Up-to-date: /home/isopodin-time/ros2_ws/install/uuv_control_msgs/include/uuv_control_msgs/msg
[3.116s] -- Up-to-date: /home/isopodin-time/ros2_ws/install/uuv_control_msgs/include/uuv_control_msgs/msg/waypoint.h
[3.117s] -- Up-to-date: /home/isopodin-time/ros2_ws/install/uuv_control_msgs/include/uuv_control_msgs/msg/trajectory_point.h
[3.117s] -- Up-to-date: /home/isopodin-time/ros2_ws/install/uuv_control_msgs/include/uuv_control_msgs/msg/detail
[3.117s] -- Up-to-date: /home/isopodin-time/ros2_ws/install/uuv_control_msgs/include/uuv_control_msgs/msg/detail/waypoint_set__functions.c
[3.118s] -- Up-to-date: /home/isopodin-time/ros2_ws/install/uuv_control_msgs/include/uuv_control_msgs/msg/detail/waypoint__functions.c
[3.118s] -- Up-to-date: /home/isopodin-time/ros2_ws/install/uuv_control_msgs/include/uuv_control_msgs/msg/detail/trajectory__functions.h
[3.118s] -- Up-to-date: /home/isopodin-time/ros2_ws/install/uuv_control_msgs/include/uuv_control_msgs/msg/detail/trajectory_point__type_support.h
[3.118s] -- Up-to-date: /home/isopodin-time/ros2_ws/install/uuv_control_msgs/include/uuv_control_msgs/msg/detail/waypoint_set__type_support.h
[3.118s] -- Up-to-date: /home/isopodin-time/ros2_ws/install/uuv_control_msgs/include/uuv_control_msgs/msg/detail/waypoint__functions.h
[3.118s] -- Up-to-date: /home/isopodin-time/ros2_ws/install/uuv_control_msgs/include/uuv_control_msgs/msg/detail/waypoint__type_support.h
[3.118s] -- Up-to-date: /home/isopodin-time/ros2_ws/install/uuv_control_msgs/include/uuv_control_msgs/msg/detail/trajectory_point__struct.h
[3.119s] -- Up-to-date: /home/isopodin-time/ros2_ws/install/uuv_control_msgs/include/uuv_control_msgs/msg/detail/trajectory__struct.h
[3.119s] -- Up-to-date: /home/isopodin-time/ros2_ws/install/uuv_control_msgs/include/uuv_control_msgs/msg/detail/trajectory_point__functions.c
[3.122s] -- Up-to-date: /home/isopodin-time/ros2_ws/install/uuv_control_msgs/include/uuv_control_msgs/msg/detail/trajectory_point__functions.h
[3.123s] -- Up-to-date: /home/isopodin-time/ros2_ws/install/uuv_control_msgs/include/uuv_control_msgs/msg/detail/waypoint__struct.h
[3.123s] -- Up-to-date: /home/isopodin-time/ros2_ws/install/uuv_control_msgs/include/uuv_control_msgs/msg/detail/trajectory__type_support.h
[3.123s] -- Up-to-date: /home/isopodin-time/ros2_ws/install/uuv_control_msgs/include/uuv_control_msgs/msg/detail/waypoint_set__struct.h
[3.123s] -- Up-to-date: /home/isopodin-time/ros2_ws/install/uuv_control_msgs/include/uuv_control_msgs/msg/detail/trajectory__functions.c
[3.124s] -- Up-to-date: /home/isopodin-time/ros2_ws/install/uuv_control_msgs/include/uuv_control_msgs/msg/detail/waypoint_set__functions.h
[3.124s] -- Up-to-date: /home/isopodin-time/ros2_ws/install/uuv_control_msgs/include/uuv_control_msgs/msg/waypoint_set.h
[3.124s] -- Up-to-date: /home/isopodin-time/ros2_ws/install/uuv_control_msgs/include/uuv_control_msgs/msg/trajectory.h
[3.124s] -- Up-to-date: /home/isopodin-time/ros2_ws/install/uuv_control_msgs/include/uuv_control_msgs/msg/rosidl_generator_c__visibility_control.h
[3.124s] -- Up-to-date: /home/isopodin-time/ros2_ws/install/uuv_control_msgs/include/uuv_control_msgs/srv
[3.124s] -- Up-to-date: /home/isopodin-time/ros2_ws/install/uuv_control_msgs/include/uuv_control_msgs/srv/switch_to_automatic.h
[3.125s] -- Up-to-date: /home/isopodin-time/ros2_ws/install/uuv_control_msgs/include/uuv_control_msgs/srv/start_trajectory.h
[3.125s] -- Up-to-date: /home/isopodin-time/ros2_ws/install/uuv_control_msgs/include/uuv_control_msgs/srv/init_waypoints_from_file.h
[3.125s] -- Up-to-date: /home/isopodin-time/ros2_ws/install/uuv_control_msgs/include/uuv_control_msgs/srv/get_sm_controller_params.h
[3.127s] -- Up-to-date: /home/isopodin-time/ros2_ws/install/uuv_control_msgs/include/uuv_control_msgs/srv/is_running_trajectory.h
[3.127s] -- Up-to-date: /home/isopodin-time/ros2_ws/install/uuv_control_msgs/include/uuv_control_msgs/srv/reset_controller.h
[3.128s] -- Up-to-date: /home/isopodin-time/ros2_ws/install/uuv_control_msgs/include/uuv_control_msgs/srv/set_sm_controller_params.h
[3.128s] -- Up-to-date: /home/isopodin-time/ros2_ws/install/uuv_control_msgs/include/uuv_control_msgs/srv/clear_waypoints.h
[3.128s] -- Up-to-date: /home/isopodin-time/ros2_ws/install/uuv_control_msgs/include/uuv_control_msgs/srv/get_pid_params.h
[3.128s] -- Up-to-date: /home/isopodin-time/ros2_ws/install/uuv_control_msgs/include/uuv_control_msgs/srv/detail
[3.128s] -- Up-to-date: /home/isopodin-time/ros2_ws/install/uuv_control_msgs/include/uuv_control_msgs/srv/detail/get_waypoints__functions.c
[3.129s] -- Up-to-date: /home/isopodin-time/ros2_ws/install/uuv_control_msgs/include/uuv_control_msgs/srv/detail/reset_controller__functions.c
[3.130s] -- Up-to-date: /home/isopodin-time/ros2_ws/install/uuv_control_msgs/include/uuv_control_msgs/srv/detail/get_pid_params__struct.h
[3.130s] -- Up-to-date: /home/isopodin-time/ros2_ws/install/uuv_control_msgs/include/uuv_control_msgs/srv/detail/start_trajectory__struct.h
[3.130s] -- Up-to-date: /home/isopodin-time/ros2_ws/install/uuv_control_msgs/include/uuv_control_msgs/srv/detail/switch_to_manual__functions.h
[3.130s] -- Up-to-date: /home/isopodin-time/ros2_ws/install/uuv_control_msgs/include/uuv_control_msgs/srv/detail/get_waypoints__functions.h
[3.130s] -- Up-to-date: /home/isopodin-time/ros2_ws/install/uuv_control_msgs/include/uuv_control_msgs/srv/detail/init_rect_trajectory__functions.h
[3.131s] -- Up-to-date: /home/isopodin-time/ros2_ws/install/uuv_control_msgs/include/uuv_control_msgs/srv/detail/is_running_trajectory__functions.c
[3.131s] -- Up-to-date: /home/isopodin-time/ros2_ws/install/uuv_control_msgs/include/uuv_control_msgs/srv/detail/add_waypoint__functions.h
[3.131s] -- Up-to-date: /home/isopodin-time/ros2_ws/install/uuv_control_msgs/include/uuv_control_msgs/srv/detail/go_to_incremental__functions.c
[3.131s] -- Up-to-date: /home/isopodin-time/ros2_ws/install/uuv_control_msgs/include/uuv_control_msgs/srv/detail/reset_controller__functions.h
[3.131s] -- Up-to-date: /home/isopodin-time/ros2_ws/install/uuv_control_msgs/include/uuv_control_msgs/srv/detail/get_mbsm_controller_params__functions.h
[3.132s] -- Up-to-date: /home/isopodin-time/ros2_ws/install/uuv_control_msgs/include/uuv_control_msgs/srv/detail/get_waypoints__struct.h
[3.132s] -- Up-to-date: /home/isopodin-time/ros2_ws/install/uuv_control_msgs/include/uuv_control_msgs/srv/detail/hold__type_support.h
[3.132s] -- Up-to-date: /home/isopodin-time/ros2_ws/install/uuv_control_msgs/include/uuv_control_msgs/srv/detail/add_waypoint__functions.c
[3.132s] -- Up-to-date: /home/isopodin-time/ros2_ws/install/uuv_control_msgs/include/uuv_control_msgs/srv/detail/set_mbsm_controller_params__struct.h
[3.132s] -- Up-to-date: /home/isopodin-time/ros2_ws/install/uuv_control_msgs/include/uuv_control_msgs/srv/detail/clear_waypoints__struct.h
[3.132s] -- Up-to-date: /home/isopodin-time/ros2_ws/install/uuv_control_msgs/include/uuv_control_msgs/srv/detail/go_to__functions.h
[3.133s] -- Up-to-date: /home/isopodin-time/ros2_ws/install/uuv_control_msgs/include/uuv_control_msgs/srv/detail/set_sm_controller_params__struct.h
[3.133s] -- Up-to-date: /home/isopodin-time/ros2_ws/install/uuv_control_msgs/include/uuv_control_msgs/srv/detail/init_waypoints_from_file__functions.c
[3.133s] -- Up-to-date: /home/isopodin-time/ros2_ws/install/uuv_control_msgs/include/uuv_control_msgs/srv/detail/init_helical_trajectory__functions.h
[3.133s] -- Up-to-date: /home/isopodin-time/ros2_ws/install/uuv_control_msgs/include/uuv_control_msgs/srv/detail/set_mbsm_controller_params__functions.h
[3.133s] -- Up-to-date: /home/isopodin-time/ros2_ws/install/uuv_control_msgs/include/uuv_control_msgs/srv/detail/set_sm_controller_params__type_support.h
[3.133s] -- Up-to-date: /home/isopodin-time/ros2_ws/install/uuv_control_msgs/include/uuv_control_msgs/srv/detail/switch_to_automatic__functions.c
[3.134s] -- Up-to-date: /home/isopodin-time/ros2_ws/install/uuv_control_msgs/include/uuv_control_msgs/srv/detail/init_rect_trajectory__type_support.h
[3.134s] -- Up-to-date: /home/isopodin-time/ros2_ws/install/uuv_control_msgs/include/uuv_control_msgs/srv/detail/set_mbsm_controller_params__type_support.h
[3.150s] -- Up-to-date: /home/isopodin-time/ros2_ws/install/uuv_control_msgs/include/uuv_control_msgs/srv/detail/set_sm_controller_params__functions.h
[3.150s] -- Up-to-date: /home/isopodin-time/ros2_ws/install/uuv_control_msgs/include/uuv_control_msgs/srv/detail/get_pid_params__functions.c
[3.152s] -- Up-to-date: /home/isopodin-time/ros2_ws/install/uuv_control_msgs/include/uuv_control_msgs/srv/detail/get_mbsm_controller_params__struct.h
[3.153s] -- Up-to-date: /home/isopodin-time/ros2_ws/install/uuv_control_msgs/include/uuv_control_msgs/srv/detail/get_sm_controller_params__functions.h
[3.154s] -- Up-to-date: /home/isopodin-time/ros2_ws/install/uuv_control_msgs/include/uuv_control_msgs/srv/detail/init_waypoints_from_file__struct.h
[3.154s] -- Up-to-date: /home/isopodin-time/ros2_ws/install/uuv_control_msgs/include/uuv_control_msgs/srv/detail/is_running_trajectory__type_support.h
[3.154s] -- Up-to-date: /home/isopodin-time/ros2_ws/install/uuv_control_msgs/include/uuv_control_msgs/srv/detail/start_trajectory__functions.c
[3.154s] -- Up-to-date: /home/isopodin-time/ros2_ws/install/uuv_control_msgs/include/uuv_control_msgs/srv/detail/get_mbsm_controller_params__functions.c
[3.166s] -- Up-to-date: /home/isopodin-time/ros2_ws/install/uuv_control_msgs/include/uuv_control_msgs/srv/detail/switch_to_automatic__type_support.h
[3.166s] -- Up-to-date: /home/isopodin-time/ros2_ws/install/uuv_control_msgs/include/uuv_control_msgs/srv/detail/reset_controller__struct.h
[3.166s] -- Up-to-date: /home/isopodin-time/ros2_ws/install/uuv_control_msgs/include/uuv_control_msgs/srv/detail/get_pid_params__type_support.h
[3.167s] -- Up-to-date: /home/isopodin-time/ros2_ws/install/uuv_control_msgs/include/uuv_control_msgs/srv/detail/go_to_incremental__functions.h
[3.167s] -- Up-to-date: /home/isopodin-time/ros2_ws/install/uuv_control_msgs/include/uuv_control_msgs/srv/detail/go_to_incremental__struct.h
[3.167s] -- Up-to-date: /home/isopodin-time/ros2_ws/install/uuv_control_msgs/include/uuv_control_msgs/srv/detail/init_circular_trajectory__struct.h
[3.167s] -- Up-to-date: /home/isopodin-time/ros2_ws/install/uuv_control_msgs/include/uuv_control_msgs/srv/detail/get_pid_params__functions.h
[3.167s] -- Up-to-date: /home/isopodin-time/ros2_ws/install/uuv_control_msgs/include/uuv_control_msgs/srv/detail/get_waypoints__type_support.h
[3.167s] -- Up-to-date: /home/isopodin-time/ros2_ws/install/uuv_control_msgs/include/uuv_control_msgs/srv/detail/is_running_trajectory__functions.h
[3.167s] -- Up-to-date: /home/isopodin-time/ros2_ws/install/uuv_control_msgs/include/uuv_control_msgs/srv/detail/init_waypoints_from_file__type_support.h
[3.168s] -- Up-to-date: /home/isopodin-time/ros2_ws/install/uuv_control_msgs/include/uuv_control_msgs/srv/detail/set_pid_params__functions.h
[3.168s] -- Up-to-date: /home/isopodin-time/ros2_ws/install/uuv_control_msgs/include/uuv_control_msgs/srv/detail/init_circular_trajectory__type_support.h
[3.168s] -- Up-to-date: /home/isopodin-time/ros2_ws/install/uuv_control_msgs/include/uuv_control_msgs/srv/detail/switch_to_manual__functions.c
[3.168s] -- Up-to-date: /home/isopodin-time/ros2_ws/install/uuv_control_msgs/include/uuv_control_msgs/srv/detail/set_sm_controller_params__functions.c
[3.168s] -- Up-to-date: /home/isopodin-time/ros2_ws/install/uuv_control_msgs/include/uuv_control_msgs/srv/detail/init_helical_trajectory__type_support.h
[3.169s] -- Up-to-date: /home/isopodin-time/ros2_ws/install/uuv_control_msgs/include/uuv_control_msgs/srv/detail/init_rect_trajectory__functions.c
[3.169s] -- Up-to-date: /home/isopodin-time/ros2_ws/install/uuv_control_msgs/include/uuv_control_msgs/srv/detail/reset_controller__type_support.h
[3.169s] -- Up-to-date: /home/isopodin-time/ros2_ws/install/uuv_control_msgs/include/uuv_control_msgs/srv/detail/get_sm_controller_params__functions.c
[3.171s] -- Up-to-date: /home/isopodin-time/ros2_ws/install/uuv_control_msgs/include/uuv_control_msgs/srv/detail/set_pid_params__struct.h
[3.172s] -- Up-to-date: /home/isopodin-time/ros2_ws/install/uuv_control_msgs/include/uuv_control_msgs/srv/detail/clear_waypoints__type_support.h
[3.172s] -- Up-to-date: /home/isopodin-time/ros2_ws/install/uuv_control_msgs/include/uuv_control_msgs/srv/detail/switch_to_manual__type_support.h
[3.172s] -- Up-to-date: /home/isopodin-time/ros2_ws/install/uuv_control_msgs/include/uuv_control_msgs/srv/detail/go_to__type_support.h
[3.172s] -- Up-to-date: /home/isopodin-time/ros2_ws/install/uuv_control_msgs/include/uuv_control_msgs/srv/detail/is_running_trajectory__struct.h
[3.172s] -- Up-to-date: /home/isopodin-time/ros2_ws/install/uuv_control_msgs/include/uuv_control_msgs/srv/detail/get_sm_controller_params__struct.h
[3.172s] -- Up-to-date: /home/isopodin-time/ros2_ws/install/uuv_control_msgs/include/uuv_control_msgs/srv/detail/init_waypoint_set__functions.h
[3.172s] -- Up-to-date: /home/isopodin-time/ros2_ws/install/uuv_control_msgs/include/uuv_control_msgs/srv/detail/set_pid_params__functions.c
[3.173s] -- Up-to-date: /home/isopodin-time/ros2_ws/install/uuv_control_msgs/include/uuv_control_msgs/srv/detail/set_mbsm_controller_params__functions.c
[3.173s] -- Up-to-date: /home/isopodin-time/ros2_ws/install/uuv_control_msgs/include/uuv_control_msgs/srv/detail/add_waypoint__type_support.h
[3.173s] -- Up-to-date: /home/isopodin-time/ros2_ws/install/uuv_control_msgs/include/uuv_control_msgs/srv/detail/init_rect_trajectory__struct.h
[3.173s] -- Up-to-date: /home/isopodin-time/ros2_ws/install/uuv_control_msgs/include/uuv_control_msgs/srv/detail/get_sm_controller_params__type_support.h
[3.173s] -- Up-to-date: /home/isopodin-time/ros2_ws/install/uuv_control_msgs/include/uuv_control_msgs/srv/detail/init_waypoint_set__struct.h
[3.173s] -- Up-to-date: /home/isopodin-time/ros2_ws/install/uuv_control_msgs/include/uuv_control_msgs/srv/detail/start_trajectory__functions.h
[3.174s] -- Up-to-date: /home/isopodin-time/ros2_ws/install/uuv_control_msgs/include/uuv_control_msgs/srv/detail/set_pid_params__type_support.h
[3.174s] -- Up-to-date: /home/isopodin-time/ros2_ws/install/uuv_control_msgs/include/uuv_control_msgs/srv/detail/hold__functions.c
[3.174s] -- Up-to-date: /home/isopodin-time/ros2_ws/install/uuv_control_msgs/include/uuv_control_msgs/srv/detail/go_to__functions.c
[3.174s] -- Up-to-date: /home/isopodin-time/ros2_ws/install/uuv_control_msgs/include/uuv_control_msgs/srv/detail/switch_to_automatic__functions.h
[3.174s] -- Up-to-date: /home/isopodin-time/ros2_ws/install/uuv_control_msgs/include/uuv_control_msgs/srv/detail/clear_waypoints__functions.c
[3.174s] -- Up-to-date: /home/isopodin-time/ros2_ws/install/uuv_control_msgs/include/uuv_control_msgs/srv/detail/clear_waypoints__functions.h
[3.174s] -- Up-to-date: /home/isopodin-time/ros2_ws/install/uuv_control_msgs/include/uuv_control_msgs/srv/detail/hold__struct.h
[3.175s] -- Up-to-date: /home/isopodin-time/ros2_ws/install/uuv_control_msgs/include/uuv_control_msgs/srv/detail/start_trajectory__type_support.h
[3.175s] -- Up-to-date: /home/isopodin-time/ros2_ws/install/uuv_control_msgs/include/uuv_control_msgs/srv/detail/get_mbsm_controller_params__type_support.h
[3.175s] -- Up-to-date: /home/isopodin-time/ros2_ws/install/uuv_control_msgs/include/uuv_control_msgs/srv/detail/init_waypoint_set__functions.c
[3.175s] -- Up-to-date: /home/isopodin-time/ros2_ws/install/uuv_control_msgs/include/uuv_control_msgs/srv/detail/init_waypoints_from_file__functions.h
[3.175s] -- Up-to-date: /home/isopodin-time/ros2_ws/install/uuv_control_msgs/include/uuv_control_msgs/srv/detail/go_to_incremental__type_support.h
[3.176s] -- Up-to-date: /home/isopodin-time/ros2_ws/install/uuv_control_msgs/include/uuv_control_msgs/srv/detail/add_waypoint__struct.h
[3.176s] -- Up-to-date: /home/isopodin-time/ros2_ws/install/uuv_control_msgs/include/uuv_control_msgs/srv/detail/init_circular_trajectory__functions.h
[3.176s] -- Up-to-date: /home/isopodin-time/ros2_ws/install/uuv_control_msgs/include/uuv_control_msgs/srv/detail/init_circular_trajectory__functions.c
[3.176s] -- Up-to-date: /home/isopodin-time/ros2_ws/install/uuv_control_msgs/include/uuv_control_msgs/srv/detail/init_helical_trajectory__functions.c
[3.176s] -- Up-to-date: /home/isopodin-time/ros2_ws/install/uuv_control_msgs/include/uuv_control_msgs/srv/detail/switch_to_automatic__struct.h
[3.176s] -- Up-to-date: /home/isopodin-time/ros2_ws/install/uuv_control_msgs/include/uuv_control_msgs/srv/detail/init_waypoint_set__type_support.h
[3.176s] -- Up-to-date: /home/isopodin-time/ros2_ws/install/uuv_control_msgs/include/uuv_control_msgs/srv/detail/switch_to_manual__struct.h
[3.177s] -- Up-to-date: /home/isopodin-time/ros2_ws/install/uuv_control_msgs/include/uuv_control_msgs/srv/detail/hold__functions.h
[3.177s] -- Up-to-date: /home/isopodin-time/ros2_ws/install/uuv_control_msgs/include/uuv_control_msgs/srv/detail/init_helical_trajectory__struct.h
[3.177s] -- Up-to-date: /home/isopodin-time/ros2_ws/install/uuv_control_msgs/include/uuv_control_msgs/srv/detail/go_to__struct.h
[3.177s] -- Up-to-date: /home/isopodin-time/ros2_ws/install/uuv_control_msgs/include/uuv_control_msgs/srv/init_helical_trajectory.h
[3.177s] -- Up-to-date: /home/isopodin-time/ros2_ws/install/uuv_control_msgs/include/uuv_control_msgs/srv/init_circular_trajectory.h
[3.178s] -- Up-to-date: /home/isopodin-time/ros2_ws/install/uuv_control_msgs/include/uuv_control_msgs/srv/set_pid_params.h
[3.178s] -- Up-to-date: /home/isopodin-time/ros2_ws/install/uuv_control_msgs/include/uuv_control_msgs/srv/init_waypoint_set.h
[3.178s] -- Up-to-date: /home/isopodin-time/ros2_ws/install/uuv_control_msgs/include/uuv_control_msgs/srv/hold.h
[3.178s] -- Up-to-date: /home/isopodin-time/ros2_ws/install/uuv_control_msgs/include/uuv_control_msgs/srv/add_waypoint.h
[3.178s] -- Up-to-date: /home/isopodin-time/ros2_ws/install/uuv_control_msgs/include/uuv_control_msgs/srv/go_to.h
[3.178s] -- Up-to-date: /home/isopodin-time/ros2_ws/install/uuv_control_msgs/include/uuv_control_msgs/srv/go_to_incremental.h
[3.179s] -- Up-to-date: /home/isopodin-time/ros2_ws/install/uuv_control_msgs/include/uuv_control_msgs/srv/set_mbsm_controller_params.h
[3.179s] -- Up-to-date: /home/isopodin-time/ros2_ws/install/uuv_control_msgs/include/uuv_control_msgs/srv/init_rect_trajectory.h
[3.179s] -- Up-to-date: /home/isopodin-time/ros2_ws/install/uuv_control_msgs/include/uuv_control_msgs/srv/switch_to_manual.h
[3.179s] -- Up-to-date: /home/isopodin-time/ros2_ws/install/uuv_control_msgs/include/uuv_control_msgs/srv/get_mbsm_controller_params.h
[3.179s] -- Up-to-date: /home/isopodin-time/ros2_ws/install/uuv_control_msgs/include/uuv_control_msgs/srv/get_waypoints.h
[3.179s] -- Up-to-date: /home/isopodin-time/ros2_ws/install/uuv_control_msgs/share/uuv_control_msgs/environment/library_path.sh
[3.180s] -- Up-to-date: /home/isopodin-time/ros2_ws/install/uuv_control_msgs/share/uuv_control_msgs/environment/library_path.dsv
[3.180s] -- Up-to-date: /home/isopodin-time/ros2_ws/install/uuv_control_msgs/lib/libuuv_control_msgs__rosidl_generator_c.so
[3.180s] -- Up-to-date: /home/isopodin-time/ros2_ws/install/uuv_control_msgs/include/uuv_control_msgs
[3.180s] -- Up-to-date: /home/isopodin-time/ros2_ws/install/uuv_control_msgs/include/uuv_control_msgs/msg
[3.181s] -- Up-to-date: /home/isopodin-time/ros2_ws/install/uuv_control_msgs/include/uuv_control_msgs/msg/rosidl_typesupport_fastrtps_c__visibility_control.h
[3.181s] -- Up-to-date: /home/isopodin-time/ros2_ws/install/uuv_control_msgs/include/uuv_control_msgs/msg/detail
[3.181s] -- Up-to-date: /home/isopodin-time/ros2_ws/install/uuv_control_msgs/include/uuv_control_msgs/msg/detail/waypoint__rosidl_typesupport_fastrtps_c.h
[3.182s] -- Up-to-date: /home/isopodin-time/ros2_ws/install/uuv_control_msgs/include/uuv_control_msgs/msg/detail/waypoint_set__rosidl_typesupport_fastrtps_c.h
[3.182s] -- Up-to-date: /home/isopodin-time/ros2_ws/install/uuv_control_msgs/include/uuv_control_msgs/msg/detail/trajectory__rosidl_typesupport_fastrtps_c.h
[3.183s] -- Up-to-date: /home/isopodin-time/ros2_ws/install/uuv_control_msgs/include/uuv_control_msgs/msg/detail/trajectory_point__rosidl_typesupport_fastrtps_c.h
[3.184s] -- Up-to-date: /home/isopodin-time/ros2_ws/install/uuv_control_msgs/include/uuv_control_msgs/srv
[3.184s] -- Up-to-date: /home/isopodin-time/ros2_ws/install/uuv_control_msgs/include/uuv_control_msgs/srv/detail
[3.184s] -- Up-to-date: /home/isopodin-time/ros2_ws/install/uuv_control_msgs/include/uuv_control_msgs/srv/detail/set_pid_params__rosidl_typesupport_fastrtps_c.h
[3.184s] -- Up-to-date: /home/isopodin-time/ros2_ws/install/uuv_control_msgs/include/uuv_control_msgs/srv/detail/get_sm_controller_params__rosidl_typesupport_fastrtps_c.h
[3.185s] -- Up-to-date: /home/isopodin-time/ros2_ws/install/uuv_control_msgs/include/uuv_control_msgs/srv/detail/init_waypoints_from_file__rosidl_typesupport_fastrtps_c.h
[3.185s] -- Up-to-date: /home/isopodin-time/ros2_ws/install/uuv_control_msgs/include/uuv_control_msgs/srv/detail/hold__rosidl_typesupport_fastrtps_c.h
[3.185s] -- Up-to-date: /home/isopodin-time/ros2_ws/install/uuv_control_msgs/include/uuv_control_msgs/srv/detail/go_to_incremental__rosidl_typesupport_fastrtps_c.h
[3.186s] -- Up-to-date: /home/isopodin-time/ros2_ws/install/uuv_control_msgs/include/uuv_control_msgs/srv/detail/clear_waypoints__rosidl_typesupport_fastrtps_c.h
[3.186s] -- Up-to-date: /home/isopodin-time/ros2_ws/install/uuv_control_msgs/include/uuv_control_msgs/srv/detail/set_mbsm_controller_params__rosidl_typesupport_fastrtps_c.h
[3.186s] -- Up-to-date: /home/isopodin-time/ros2_ws/install/uuv_control_msgs/include/uuv_control_msgs/srv/detail/get_waypoints__rosidl_typesupport_fastrtps_c.h
[3.186s] -- Up-to-date: /home/isopodin-time/ros2_ws/install/uuv_control_msgs/include/uuv_control_msgs/srv/detail/init_rect_trajectory__rosidl_typesupport_fastrtps_c.h
[3.187s] -- Up-to-date: /home/isopodin-time/ros2_ws/install/uuv_control_msgs/include/uuv_control_msgs/srv/detail/go_to__rosidl_typesupport_fastrtps_c.h
[3.187s] -- Up-to-date: /home/isopodin-time/ros2_ws/install/uuv_control_msgs/include/uuv_control_msgs/srv/detail/set_sm_controller_params__rosidl_typesupport_fastrtps_c.h
[3.187s] -- Up-to-date: /home/isopodin-time/ros2_ws/install/uuv_control_msgs/include/uuv_control_msgs/srv/detail/start_trajectory__rosidl_typesupport_fastrtps_c.h
[3.188s] -- Up-to-date: /home/isopodin-time/ros2_ws/install/uuv_control_msgs/include/uuv_control_msgs/srv/detail/is_running_trajectory__rosidl_typesupport_fastrtps_c.h
[3.189s] -- Up-to-date: /home/isopodin-time/ros2_ws/install/uuv_control_msgs/include/uuv_control_msgs/srv/detail/switch_to_manual__rosidl_typesupport_fastrtps_c.h
[3.190s] -- Up-to-date: /home/isopodin-time/ros2_ws/install/uuv_control_msgs/include/uuv_control_msgs/srv/detail/get_mbsm_controller_params__rosidl_typesupport_fastrtps_c.h
[3.192s] -- Up-to-date: /home/isopodin-time/ros2_ws/install/uuv_control_msgs/include/uuv_control_msgs/srv/detail/reset_controller__rosidl_typesupport_fastrtps_c.h
[3.192s] -- Up-to-date: /home/isopodin-time/ros2_ws/install/uuv_control_msgs/include/uuv_control_msgs/srv/detail/add_waypoint__rosidl_typesupport_fastrtps_c.h
[3.192s] -- Up-to-date: /home/isopodin-time/ros2_ws/install/uuv_control_msgs/include/uuv_control_msgs/srv/detail/switch_to_automatic__rosidl_typesupport_fastrtps_c.h
[3.193s] -- Up-to-date: /home/isopodin-time/ros2_ws/install/uuv_control_msgs/include/uuv_control_msgs/srv/detail/init_circular_trajectory__rosidl_typesupport_fastrtps_c.h
[3.193s] -- Up-to-date: /home/isopodin-time/ros2_ws/install/uuv_control_msgs/include/uuv_control_msgs/srv/detail/init_helical_trajectory__rosidl_typesupport_fastrtps_c.h
[3.193s] -- Up-to-date: /home/isopodin-time/ros2_ws/install/uuv_control_msgs/include/uuv_control_msgs/srv/detail/init_waypoint_set__rosidl_typesupport_fastrtps_c.h
[3.193s] -- Up-to-date: /home/isopodin-time/ros2_ws/install/uuv_control_msgs/include/uuv_control_msgs/srv/detail/get_pid_params__rosidl_typesupport_fastrtps_c.h
[3.193s] -- Up-to-date: /home/isopodin-time/ros2_ws/install/uuv_control_msgs/lib/libuuv_control_msgs__rosidl_typesupport_fastrtps_c.so
[3.193s] -- Up-to-date: /home/isopodin-time/ros2_ws/install/uuv_control_msgs/include/uuv_control_msgs
[3.193s] -- Up-to-date: /home/isopodin-time/ros2_ws/install/uuv_control_msgs/include/uuv_control_msgs/msg
[3.194s] -- Up-to-date: /home/isopodin-time/ros2_ws/install/uuv_control_msgs/include/uuv_control_msgs/msg/detail
[3.195s] -- Up-to-date: /home/isopodin-time/ros2_ws/install/uuv_control_msgs/include/uuv_control_msgs/msg/detail/dds_fastrtps
[3.195s] -- Up-to-date: /home/isopodin-time/ros2_ws/install/uuv_control_msgs/include/uuv_control_msgs/msg/detail/trajectory__rosidl_typesupport_fastrtps_cpp.hpp
[3.195s] -- Up-to-date: /home/isopodin-time/ros2_ws/install/uuv_control_msgs/include/uuv_control_msgs/msg/detail/waypoint__rosidl_typesupport_fastrtps_cpp.hpp
[3.196s] -- Up-to-date: /home/isopodin-time/ros2_ws/install/uuv_control_msgs/include/uuv_control_msgs/msg/detail/trajectory_point__rosidl_typesupport_fastrtps_cpp.hpp
[3.196s] -- Up-to-date: /home/isopodin-time/ros2_ws/install/uuv_control_msgs/include/uuv_control_msgs/msg/detail/waypoint_set__rosidl_typesupport_fastrtps_cpp.hpp
[3.196s] -- Up-to-date: /home/isopodin-time/ros2_ws/install/uuv_control_msgs/include/uuv_control_msgs/msg/rosidl_typesupport_fastrtps_cpp__visibility_control.h
[3.197s] -- Up-to-date: /home/isopodin-time/ros2_ws/install/uuv_control_msgs/include/uuv_control_msgs/srv
[3.197s] -- Up-to-date: /home/isopodin-time/ros2_ws/install/uuv_control_msgs/include/uuv_control_msgs/srv/detail
[3.197s] -- Up-to-date: /home/isopodin-time/ros2_ws/install/uuv_control_msgs/include/uuv_control_msgs/srv/detail/init_rect_trajectory__rosidl_typesupport_fastrtps_cpp.hpp
[3.197s] -- Up-to-date: /home/isopodin-time/ros2_ws/install/uuv_control_msgs/include/uuv_control_msgs/srv/detail/get_mbsm_controller_params__rosidl_typesupport_fastrtps_cpp.hpp
[3.198s] -- Up-to-date: /home/isopodin-time/ros2_ws/install/uuv_control_msgs/include/uuv_control_msgs/srv/detail/reset_controller__rosidl_typesupport_fastrtps_cpp.hpp
[3.198s] -- Up-to-date: /home/isopodin-time/ros2_ws/install/uuv_control_msgs/include/uuv_control_msgs/srv/detail/go_to__rosidl_typesupport_fastrtps_cpp.hpp
[3.198s] -- Up-to-date: /home/isopodin-time/ros2_ws/install/uuv_control_msgs/include/uuv_control_msgs/srv/detail/set_mbsm_controller_params__rosidl_typesupport_fastrtps_cpp.hpp
[3.198s] -- Up-to-date: /home/isopodin-time/ros2_ws/install/uuv_control_msgs/include/uuv_control_msgs/srv/detail/is_running_trajectory__rosidl_typesupport_fastrtps_cpp.hpp
[3.200s] -- Up-to-date: /home/isopodin-time/ros2_ws/install/uuv_control_msgs/include/uuv_control_msgs/srv/detail/hold__rosidl_typesupport_fastrtps_cpp.hpp
[3.200s] -- Up-to-date: /home/isopodin-time/ros2_ws/install/uuv_control_msgs/include/uuv_control_msgs/srv/detail/init_circular_trajectory__rosidl_typesupport_fastrtps_cpp.hpp
[3.200s] -- Up-to-date: /home/isopodin-time/ros2_ws/install/uuv_control_msgs/include/uuv_control_msgs/srv/detail/dds_fastrtps
[3.201s] -- Up-to-date: /home/isopodin-time/ros2_ws/install/uuv_control_msgs/include/uuv_control_msgs/srv/detail/init_waypoint_set__rosidl_typesupport_fastrtps_cpp.hpp
[3.201s] -- Up-to-date: /home/isopodin-time/ros2_ws/install/uuv_control_msgs/include/uuv_control_msgs/srv/detail/get_sm_controller_params__rosidl_typesupport_fastrtps_cpp.hpp
[3.201s] -- Up-to-date: /home/isopodin-time/ros2_ws/install/uuv_control_msgs/include/uuv_control_msgs/srv/detail/clear_waypoints__rosidl_typesupport_fastrtps_cpp.hpp
[3.201s] -- Up-to-date: /home/isopodin-time/ros2_ws/install/uuv_control_msgs/include/uuv_control_msgs/srv/detail/init_helical_trajectory__rosidl_typesupport_fastrtps_cpp.hpp
[3.202s] -- Up-to-date: /home/isopodin-time/ros2_ws/install/uuv_control_msgs/include/uuv_control_msgs/srv/detail/init_waypoints_from_file__rosidl_typesupport_fastrtps_cpp.hpp
[3.202s] -- Up-to-date: /home/isopodin-time/ros2_ws/install/uuv_control_msgs/include/uuv_control_msgs/srv/detail/get_waypoints__rosidl_typesupport_fastrtps_cpp.hpp
[3.202s] -- Up-to-date: /home/isopodin-time/ros2_ws/install/uuv_control_msgs/include/uuv_control_msgs/srv/detail/switch_to_automatic__rosidl_typesupport_fastrtps_cpp.hpp
[3.202s] -- Up-to-date: /home/isopodin-time/ros2_ws/install/uuv_control_msgs/include/uuv_control_msgs/srv/detail/set_sm_controller_params__rosidl_typesupport_fastrtps_cpp.hpp
[3.202s] -- Up-to-date: /home/isopodin-time/ros2_ws/install/uuv_control_msgs/include/uuv_control_msgs/srv/detail/add_waypoint__rosidl_typesupport_fastrtps_cpp.hpp
[3.203s] -- Up-to-date: /home/isopodin-time/ros2_ws/install/uuv_control_msgs/include/uuv_control_msgs/srv/detail/set_pid_params__rosidl_typesupport_fastrtps_cpp.hpp
[3.203s] -- Up-to-date: /home/isopodin-time/ros2_ws/install/uuv_control_msgs/include/uuv_control_msgs/srv/detail/get_pid_params__rosidl_typesupport_fastrtps_cpp.hpp
[3.203s] -- Up-to-date: /home/isopodin-time/ros2_ws/install/uuv_control_msgs/include/uuv_control_msgs/srv/detail/start_trajectory__rosidl_typesupport_fastrtps_cpp.hpp
[3.203s] -- Up-to-date: /home/isopodin-time/ros2_ws/install/uuv_control_msgs/include/uuv_control_msgs/srv/detail/go_to_incremental__rosidl_typesupport_fastrtps_cpp.hpp
[3.203s] -- Up-to-date: /home/isopodin-time/ros2_ws/install/uuv_control_msgs/include/uuv_control_msgs/srv/detail/switch_to_manual__rosidl_typesupport_fastrtps_cpp.hpp
[3.203s] -- Up-to-date: /home/isopodin-time/ros2_ws/install/uuv_control_msgs/lib/libuuv_control_msgs__rosidl_typesupport_fastrtps_cpp.so
[3.203s] -- Up-to-date: /home/isopodin-time/ros2_ws/install/uuv_control_msgs/include/uuv_control_msgs
[3.204s] -- Up-to-date: /home/isopodin-time/ros2_ws/install/uuv_control_msgs/include/uuv_control_msgs/msg
[3.204s] -- Up-to-date: /home/isopodin-time/ros2_ws/install/uuv_control_msgs/include/uuv_control_msgs/msg/detail
[3.204s] -- Up-to-date: /home/isopodin-time/ros2_ws/install/uuv_control_msgs/include/uuv_control_msgs/msg/detail/waypoint__rosidl_typesupport_introspection_c.h
[3.204s] -- Up-to-date: /home/isopodin-time/ros2_ws/install/uuv_control_msgs/include/uuv_control_msgs/msg/detail/trajectory_point__rosidl_typesupport_introspection_c.h
[3.204s] -- Up-to-date: /home/isopodin-time/ros2_ws/install/uuv_control_msgs/include/uuv_control_msgs/msg/detail/trajectory__rosidl_typesupport_introspection_c.h
[3.204s] -- Up-to-date: /home/isopodin-time/ros2_ws/install/uuv_control_msgs/include/uuv_control_msgs/msg/detail/trajectory_point__type_support.c
[3.205s] -- Up-to-date: /home/isopodin-time/ros2_ws/install/uuv_control_msgs/include/uuv_control_msgs/msg/detail/trajectory__type_support.c
[3.205s] -- Up-to-date: /home/isopodin-time/ros2_ws/install/uuv_control_msgs/include/uuv_control_msgs/msg/detail/waypoint__type_support.c
[3.205s] -- Up-to-date: /home/isopodin-time/ros2_ws/install/uuv_control_msgs/include/uuv_control_msgs/msg/detail/waypoint_set__type_support.c
[3.205s] -- Up-to-date: /home/isopodin-time/ros2_ws/install/uuv_control_msgs/include/uuv_control_msgs/msg/detail/waypoint_set__rosidl_typesupport_introspection_c.h
[3.205s] -- Up-to-date: /home/isopodin-time/ros2_ws/install/uuv_control_msgs/include/uuv_control_msgs/msg/rosidl_typesupport_introspection_c__visibility_control.h
[3.205s] -- Up-to-date: /home/isopodin-time/ros2_ws/install/uuv_control_msgs/include/uuv_control_msgs/srv
[3.206s] -- Up-to-date: /home/isopodin-time/ros2_ws/install/uuv_control_msgs/include/uuv_control_msgs/srv/detail
[3.206s] -- Up-to-date: /home/isopodin-time/ros2_ws/install/uuv_control_msgs/include/uuv_control_msgs/srv/detail/set_sm_controller_params__type_support.c
[3.206s] -- Up-to-date: /home/isopodin-time/ros2_ws/install/uuv_control_msgs/include/uuv_control_msgs/srv/detail/init_waypoint_set__type_support.c
[3.206s] -- Up-to-date: /home/isopodin-time/ros2_ws/install/uuv_control_msgs/include/uuv_control_msgs/srv/detail/get_pid_params__type_support.c
[3.206s] -- Up-to-date: /home/isopodin-time/ros2_ws/install/uuv_control_msgs/include/uuv_control_msgs/srv/detail/set_mbsm_controller_params__rosidl_typesupport_introspection_c.h
[3.206s] -- Up-to-date: /home/isopodin-time/ros2_ws/install/uuv_control_msgs/include/uuv_control_msgs/srv/detail/init_waypoints_from_file__rosidl_typesupport_introspection_c.h
[3.206s] -- Up-to-date: /home/isopodin-time/ros2_ws/install/uuv_control_msgs/include/uuv_control_msgs/srv/detail/go_to_incremental__type_support.c
[3.207s] -- Up-to-date: /home/isopodin-time/ros2_ws/install/uuv_control_msgs/include/uuv_control_msgs/srv/detail/hold__type_support.c
[3.207s] -- Up-to-date: /home/isopodin-time/ros2_ws/install/uuv_control_msgs/include/uuv_control_msgs/srv/detail/init_circular_trajectory__rosidl_typesupport_introspection_c.h
[3.207s] -- Up-to-date: /home/isopodin-time/ros2_ws/install/uuv_control_msgs/include/uuv_control_msgs/srv/detail/init_helical_trajectory__rosidl_typesupport_introspection_c.h
[3.207s] -- Up-to-date: /home/isopodin-time/ros2_ws/install/uuv_control_msgs/include/uuv_control_msgs/srv/detail/set_sm_controller_params__rosidl_typesupport_introspection_c.h
[3.207s] -- Up-to-date: /home/isopodin-time/ros2_ws/install/uuv_control_msgs/include/uuv_control_msgs/srv/detail/hold__rosidl_typesupport_introspection_c.h
[3.208s] -- Up-to-date: /home/isopodin-time/ros2_ws/install/uuv_control_msgs/include/uuv_control_msgs/srv/detail/switch_to_automatic__type_support.c
[3.208s] -- Up-to-date: /home/isopodin-time/ros2_ws/install/uuv_control_msgs/include/uuv_control_msgs/srv/detail/is_running_trajectory__type_support.c
[3.208s] -- Up-to-date: /home/isopodin-time/ros2_ws/install/uuv_control_msgs/include/uuv_control_msgs/srv/detail/start_trajectory__type_support.c
[3.209s] -- Up-to-date: /home/isopodin-time/ros2_ws/install/uuv_control_msgs/include/uuv_control_msgs/srv/detail/init_rect_trajectory__rosidl_typesupport_introspection_c.h
[3.209s] -- Up-to-date: /home/isopodin-time/ros2_ws/install/uuv_control_msgs/include/uuv_control_msgs/srv/detail/switch_to_manual__rosidl_typesupport_introspection_c.h
[3.209s] -- Up-to-date: /home/isopodin-time/ros2_ws/install/uuv_control_msgs/include/uuv_control_msgs/srv/detail/set_pid_params__type_support.c
[3.209s] -- Up-to-date: /home/isopodin-time/ros2_ws/install/uuv_control_msgs/include/uuv_control_msgs/srv/detail/clear_waypoints__type_support.c
[3.210s] -- Up-to-date: /home/isopodin-time/ros2_ws/install/uuv_control_msgs/include/uuv_control_msgs/srv/detail/get_pid_params__rosidl_typesupport_introspection_c.h
[3.211s] -- Up-to-date: /home/isopodin-time/ros2_ws/install/uuv_control_msgs/include/uuv_control_msgs/srv/detail/init_helical_trajectory__type_support.c
[3.211s] -- Up-to-date: /home/isopodin-time/ros2_ws/install/uuv_control_msgs/include/uuv_control_msgs/srv/detail/set_pid_params__rosidl_typesupport_introspection_c.h
[3.211s] -- Up-to-date: /home/isopodin-time/ros2_ws/install/uuv_control_msgs/include/uuv_control_msgs/srv/detail/go_to_incremental__rosidl_typesupport_introspection_c.h
[3.212s] -- Up-to-date: /home/isopodin-time/ros2_ws/install/uuv_control_msgs/include/uuv_control_msgs/srv/detail/go_to__type_support.c
[3.212s] -- Up-to-date: /home/isopodin-time/ros2_ws/install/uuv_control_msgs/include/uuv_control_msgs/srv/detail/get_waypoints__type_support.c
[3.213s] -- Up-to-date: /home/isopodin-time/ros2_ws/install/uuv_control_msgs/include/uuv_control_msgs/srv/detail/reset_controller__rosidl_typesupport_introspection_c.h
[3.214s] -- Up-to-date: /home/isopodin-time/ros2_ws/install/uuv_control_msgs/include/uuv_control_msgs/srv/detail/get_mbsm_controller_params__type_support.c
[3.215s] -- Up-to-date: /home/isopodin-time/ros2_ws/install/uuv_control_msgs/include/uuv_control_msgs/srv/detail/set_mbsm_controller_params__type_support.c
[3.215s] -- Up-to-date: /home/isopodin-time/ros2_ws/install/uuv_control_msgs/include/uuv_control_msgs/srv/detail/get_sm_controller_params__rosidl_typesupport_introspection_c.h
[3.215s] -- Up-to-date: /home/isopodin-time/ros2_ws/install/uuv_control_msgs/include/uuv_control_msgs/srv/detail/init_circular_trajectory__type_support.c
[3.215s] -- Up-to-date: /home/isopodin-time/ros2_ws/install/uuv_control_msgs/include/uuv_control_msgs/srv/detail/clear_waypoints__rosidl_typesupport_introspection_c.h
[3.216s] -- Up-to-date: /home/isopodin-time/ros2_ws/install/uuv_control_msgs/include/uuv_control_msgs/srv/detail/add_waypoint__rosidl_typesupport_introspection_c.h
[3.216s] -- Up-to-date: /home/isopodin-time/ros2_ws/install/uuv_control_msgs/include/uuv_control_msgs/srv/detail/init_waypoint_set__rosidl_typesupport_introspection_c.h
[3.216s] -- Up-to-date: /home/isopodin-time/ros2_ws/install/uuv_control_msgs/include/uuv_control_msgs/srv/detail/init_waypoints_from_file__type_support.c
[3.216s] -- Up-to-date: /home/isopodin-time/ros2_ws/install/uuv_control_msgs/include/uuv_control_msgs/srv/detail/switch_to_automatic__rosidl_typesupport_introspection_c.h
[3.217s] -- Up-to-date: /home/isopodin-time/ros2_ws/install/uuv_control_msgs/include/uuv_control_msgs/srv/detail/switch_to_manual__type_support.c
[3.217s] -- Up-to-date: /home/isopodin-time/ros2_ws/install/uuv_control_msgs/include/uuv_control_msgs/srv/detail/init_rect_trajectory__type_support.c
[3.217s] -- Up-to-date: /home/isopodin-time/ros2_ws/install/uuv_control_msgs/include/uuv_control_msgs/srv/detail/get_mbsm_controller_params__rosidl_typesupport_introspection_c.h
[3.218s] -- Up-to-date: /home/isopodin-time/ros2_ws/install/uuv_control_msgs/include/uuv_control_msgs/srv/detail/get_sm_controller_params__type_support.c
[3.218s] -- Up-to-date: /home/isopodin-time/ros2_ws/install/uuv_control_msgs/include/uuv_control_msgs/srv/detail/reset_controller__type_support.c
[3.218s] -- Up-to-date: /home/isopodin-time/ros2_ws/install/uuv_control_msgs/include/uuv_control_msgs/srv/detail/go_to__rosidl_typesupport_introspection_c.h
[3.221s] -- Up-to-date: /home/isopodin-time/ros2_ws/install/uuv_control_msgs/include/uuv_control_msgs/srv/detail/start_trajectory__rosidl_typesupport_introspection_c.h
[3.222s] -- Up-to-date: /home/isopodin-time/ros2_ws/install/uuv_control_msgs/include/uuv_control_msgs/srv/detail/is_running_trajectory__rosidl_typesupport_introspection_c.h
[3.222s] -- Up-to-date: /home/isopodin-time/ros2_ws/install/uuv_control_msgs/include/uuv_control_msgs/srv/detail/get_waypoints__rosidl_typesupport_introspection_c.h
[3.222s] -- Up-to-date: /home/isopodin-time/ros2_ws/install/uuv_control_msgs/include/uuv_control_msgs/srv/detail/add_waypoint__type_support.c
[3.222s] -- Up-to-date: /home/isopodin-time/ros2_ws/install/uuv_control_msgs/lib/libuuv_control_msgs__rosidl_typesupport_introspection_c.so
[3.223s] -- Up-to-date: /home/isopodin-time/ros2_ws/install/uuv_control_msgs/lib/libuuv_control_msgs__rosidl_typesupport_c.so
[3.223s] -- Up-to-date: /home/isopodin-time/ros2_ws/install/uuv_control_msgs/include/uuv_control_msgs
[3.223s] -- Up-to-date: /home/isopodin-time/ros2_ws/install/uuv_control_msgs/include/uuv_control_msgs/msg
[3.223s] -- Up-to-date: /home/isopodin-time/ros2_ws/install/uuv_control_msgs/include/uuv_control_msgs/msg/waypoint_set.hpp
[3.223s] -- Up-to-date: /home/isopodin-time/ros2_ws/install/uuv_control_msgs/include/uuv_control_msgs/msg/waypoint.hpp
[3.223s] -- Up-to-date: /home/isopodin-time/ros2_ws/install/uuv_control_msgs/include/uuv_control_msgs/msg/trajectory_point.hpp
[3.223s] -- Up-to-date: /home/isopodin-time/ros2_ws/install/uuv_control_msgs/include/uuv_control_msgs/msg/detail
[3.224s] -- Up-to-date: /home/isopodin-time/ros2_ws/install/uuv_control_msgs/include/uuv_control_msgs/msg/detail/waypoint_set__struct.hpp
[3.224s] -- Up-to-date: /home/isopodin-time/ros2_ws/install/uuv_control_msgs/include/uuv_control_msgs/msg/detail/trajectory_point__type_support.hpp
[3.224s] -- Up-to-date: /home/isopodin-time/ros2_ws/install/uuv_control_msgs/include/uuv_control_msgs/msg/detail/trajectory__traits.hpp
[3.224s] -- Up-to-date: /home/isopodin-time/ros2_ws/install/uuv_control_msgs/include/uuv_control_msgs/msg/detail/waypoint__struct.hpp
[3.224s] -- Up-to-date: /home/isopodin-time/ros2_ws/install/uuv_control_msgs/include/uuv_control_msgs/msg/detail/trajectory__struct.hpp
[3.225s] -- Up-to-date: /home/isopodin-time/ros2_ws/install/uuv_control_msgs/include/uuv_control_msgs/msg/detail/trajectory__type_support.hpp
[3.225s] -- Up-to-date: /home/isopodin-time/ros2_ws/install/uuv_control_msgs/include/uuv_control_msgs/msg/detail/waypoint_set__traits.hpp
[3.225s] -- Up-to-date: /home/isopodin-time/ros2_ws/install/uuv_control_msgs/include/uuv_control_msgs/msg/detail/trajectory_point__traits.hpp
[3.226s] -- Up-to-date: /home/isopodin-time/ros2_ws/install/uuv_control_msgs/include/uuv_control_msgs/msg/detail/waypoint__traits.hpp
[3.226s] -- Up-to-date: /home/isopodin-time/ros2_ws/install/uuv_control_msgs/include/uuv_control_msgs/msg/detail/waypoint__builder.hpp
[3.226s] -- Up-to-date: /home/isopodin-time/ros2_ws/install/uuv_control_msgs/include/uuv_control_msgs/msg/detail/trajectory_point__struct.hpp
[3.226s] -- Up-to-date: /home/isopodin-time/ros2_ws/install/uuv_control_msgs/include/uuv_control_msgs/msg/detail/waypoint_set__builder.hpp
[3.226s] -- Up-to-date: /home/isopodin-time/ros2_ws/install/uuv_control_msgs/include/uuv_control_msgs/msg/detail/trajectory__builder.hpp
[3.226s] -- Up-to-date: /home/isopodin-time/ros2_ws/install/uuv_control_msgs/include/uuv_control_msgs/msg/detail/waypoint__type_support.hpp
[3.226s] -- Up-to-date: /home/isopodin-time/ros2_ws/install/uuv_control_msgs/include/uuv_control_msgs/msg/detail/waypoint_set__type_support.hpp
[3.226s] -- Up-to-date: /home/isopodin-time/ros2_ws/install/uuv_control_msgs/include/uuv_control_msgs/msg/detail/trajectory_point__builder.hpp
[3.226s] -- Up-to-date: /home/isopodin-time/ros2_ws/install/uuv_control_msgs/include/uuv_control_msgs/msg/rosidl_generator_cpp__visibility_control.hpp
[3.227s] -- Up-to-date: /home/isopodin-time/ros2_ws/install/uuv_control_msgs/include/uuv_control_msgs/msg/trajectory.hpp
[3.227s] -- Up-to-date: /home/isopodin-time/ros2_ws/install/uuv_control_msgs/include/uuv_control_msgs/srv
[3.227s] -- Up-to-date: /home/isopodin-time/ros2_ws/install/uuv_control_msgs/include/uuv_control_msgs/srv/hold.hpp
[3.227s] -- Up-to-date: /home/isopodin-time/ros2_ws/install/uuv_control_msgs/include/uuv_control_msgs/srv/set_sm_controller_params.hpp
[3.227s] -- Up-to-date: /home/isopodin-time/ros2_ws/install/uuv_control_msgs/include/uuv_control_msgs/srv/set_pid_params.hpp
[3.227s] -- Up-to-date: /home/isopodin-time/ros2_ws/install/uuv_control_msgs/include/uuv_control_msgs/srv/clear_waypoints.hpp
[3.227s] -- Up-to-date: /home/isopodin-time/ros2_ws/install/uuv_control_msgs/include/uuv_control_msgs/srv/get_mbsm_controller_params.hpp
[3.227s] -- Up-to-date: /home/isopodin-time/ros2_ws/install/uuv_control_msgs/include/uuv_control_msgs/srv/set_mbsm_controller_params.hpp
[3.228s] -- Up-to-date: /home/isopodin-time/ros2_ws/install/uuv_control_msgs/include/uuv_control_msgs/srv/init_waypoints_from_file.hpp
[3.228s] -- Up-to-date: /home/isopodin-time/ros2_ws/install/uuv_control_msgs/include/uuv_control_msgs/srv/get_waypoints.hpp
[3.228s] -- Up-to-date: /home/isopodin-time/ros2_ws/install/uuv_control_msgs/include/uuv_control_msgs/srv/init_rect_trajectory.hpp
[3.228s] -- Up-to-date: /home/isopodin-time/ros2_ws/install/uuv_control_msgs/include/uuv_control_msgs/srv/detail
[3.228s] -- Up-to-date: /home/isopodin-time/ros2_ws/install/uuv_control_msgs/include/uuv_control_msgs/srv/detail/get_mbsm_controller_params__type_support.hpp
[3.228s] -- Up-to-date: /home/isopodin-time/ros2_ws/install/uuv_control_msgs/include/uuv_control_msgs/srv/detail/init_waypoint_set__struct.hpp
[3.228s] -- Up-to-date: /home/isopodin-time/ros2_ws/install/uuv_control_msgs/include/uuv_control_msgs/srv/detail/init_circular_trajectory__struct.hpp
[3.228s] -- Up-to-date: /home/isopodin-time/ros2_ws/install/uuv_control_msgs/include/uuv_control_msgs/srv/detail/set_sm_controller_params__traits.hpp
[3.229s] -- Up-to-date: /home/isopodin-time/ros2_ws/install/uuv_control_msgs/include/uuv_control_msgs/srv/detail/get_sm_controller_params__struct.hpp
[3.229s] -- Up-to-date: /home/isopodin-time/ros2_ws/install/uuv_control_msgs/include/uuv_control_msgs/srv/detail/clear_waypoints__type_support.hpp
[3.229s] -- Up-to-date: /home/isopodin-time/ros2_ws/install/uuv_control_msgs/include/uuv_control_msgs/srv/detail/get_waypoints__struct.hpp
[3.229s] -- Up-to-date: /home/isopodin-time/ros2_ws/install/uuv_control_msgs/include/uuv_control_msgs/srv/detail/init_waypoint_set__builder.hpp
[3.229s] -- Up-to-date: /home/isopodin-time/ros2_ws/install/uuv_control_msgs/include/uuv_control_msgs/srv/detail/init_helical_trajectory__traits.hpp
[3.229s] -- Up-to-date: /home/isopodin-time/ros2_ws/install/uuv_control_msgs/include/uuv_control_msgs/srv/detail/set_pid_params__type_support.hpp
[3.229s] -- Up-to-date: /home/isopodin-time/ros2_ws/install/uuv_control_msgs/include/uuv_control_msgs/srv/detail/add_waypoint__type_support.hpp
[3.229s] -- Up-to-date: /home/isopodin-time/ros2_ws/install/uuv_control_msgs/include/uuv_control_msgs/srv/detail/set_pid_params__struct.hpp
[3.230s] -- Up-to-date: /home/isopodin-time/ros2_ws/install/uuv_control_msgs/include/uuv_control_msgs/srv/detail/init_waypoint_set__traits.hpp
[3.230s] -- Up-to-date: /home/isopodin-time/ros2_ws/install/uuv_control_msgs/include/uuv_control_msgs/srv/detail/go_to__struct.hpp
[3.230s] -- Up-to-date: /home/isopodin-time/ros2_ws/install/uuv_control_msgs/include/uuv_control_msgs/srv/detail/set_pid_params__builder.hpp
[3.230s] -- Up-to-date: /home/isopodin-time/ros2_ws/install/uuv_control_msgs/include/uuv_control_msgs/srv/detail/start_trajectory__struct.hpp
[3.230s] -- Up-to-date: /home/isopodin-time/ros2_ws/install/uuv_control_msgs/include/uuv_control_msgs/srv/detail/add_waypoint__traits.hpp
[3.230s] -- Up-to-date: /home/isopodin-time/ros2_ws/install/uuv_control_msgs/include/uuv_control_msgs/srv/detail/get_waypoints__traits.hpp
[3.230s] -- Up-to-date: /home/isopodin-time/ros2_ws/install/uuv_control_msgs/include/uuv_control_msgs/srv/detail/hold__struct.hpp
[3.231s] -- Up-to-date: /home/isopodin-time/ros2_ws/install/uuv_control_msgs/include/uuv_control_msgs/srv/detail/is_running_trajectory__builder.hpp
[3.231s] -- Up-to-date: /home/isopodin-time/ros2_ws/install/uuv_control_msgs/include/uuv_control_msgs/srv/detail/reset_controller__type_support.hpp
[3.231s] -- Up-to-date: /home/isopodin-time/ros2_ws/install/uuv_control_msgs/include/uuv_control_msgs/srv/detail/init_rect_trajectory__builder.hpp
[3.231s] -- Up-to-date: /home/isopodin-time/ros2_ws/install/uuv_control_msgs/include/uuv_control_msgs/srv/detail/get_pid_params__traits.hpp
[3.231s] -- Up-to-date: /home/isopodin-time/ros2_ws/install/uuv_control_msgs/include/uuv_control_msgs/srv/detail/set_mbsm_controller_params__traits.hpp
[3.231s] -- Up-to-date: /home/isopodin-time/ros2_ws/install/uuv_control_msgs/include/uuv_control_msgs/srv/detail/init_waypoints_from_file__type_support.hpp
[3.231s] -- Up-to-date: /home/isopodin-time/ros2_ws/install/uuv_control_msgs/include/uuv_control_msgs/srv/detail/go_to__traits.hpp
[3.231s] -- Up-to-date: /home/isopodin-time/ros2_ws/install/uuv_control_msgs/include/uuv_control_msgs/srv/detail/get_sm_controller_params__type_support.hpp
[3.232s] -- Up-to-date: /home/isopodin-time/ros2_ws/install/uuv_control_msgs/include/uuv_control_msgs/srv/detail/init_circular_trajectory__traits.hpp
[3.232s] -- Up-to-date: /home/isopodin-time/ros2_ws/install/uuv_control_msgs/include/uuv_control_msgs/srv/detail/is_running_trajectory__traits.hpp
[3.232s] -- Up-to-date: /home/isopodin-time/ros2_ws/install/uuv_control_msgs/include/uuv_control_msgs/srv/detail/init_waypoints_from_file__builder.hpp
[3.232s] -- Up-to-date: /home/isopodin-time/ros2_ws/install/uuv_control_msgs/include/uuv_control_msgs/srv/detail/init_rect_trajectory__type_support.hpp
[3.232s] -- Up-to-date: /home/isopodin-time/ros2_ws/install/uuv_control_msgs/include/uuv_control_msgs/srv/detail/get_pid_params__builder.hpp
[3.232s] -- Up-to-date: /home/isopodin-time/ros2_ws/install/uuv_control_msgs/include/uuv_control_msgs/srv/detail/init_waypoint_set__type_support.hpp
[3.232s] -- Up-to-date: /home/isopodin-time/ros2_ws/install/uuv_control_msgs/include/uuv_control_msgs/srv/detail/get_pid_params__struct.hpp
[3.232s] -- Up-to-date: /home/isopodin-time/ros2_ws/install/uuv_control_msgs/include/uuv_control_msgs/srv/detail/switch_to_automatic__struct.hpp
[3.233s] -- Up-to-date: /home/isopodin-time/ros2_ws/install/uuv_control_msgs/include/uuv_control_msgs/srv/detail/get_waypoints__builder.hpp
[3.233s] -- Up-to-date: /home/isopodin-time/ros2_ws/install/uuv_control_msgs/include/uuv_control_msgs/srv/detail/get_mbsm_controller_params__traits.hpp
[3.236s] -- Up-to-date: /home/isopodin-time/ros2_ws/install/uuv_control_msgs/include/uuv_control_msgs/srv/detail/get_pid_params__type_support.hpp
[3.238s] -- Up-to-date: /home/isopodin-time/ros2_ws/install/uuv_control_msgs/include/uuv_control_msgs/srv/detail/init_helical_trajectory__builder.hpp
[3.238s] -- Up-to-date: /home/isopodin-time/ros2_ws/install/uuv_control_msgs/include/uuv_control_msgs/srv/detail/go_to_incremental__struct.hpp
[3.238s] -- Up-to-date: /home/isopodin-time/ros2_ws/install/uuv_control_msgs/include/uuv_control_msgs/srv/detail/go_to__type_support.hpp
[3.239s] -- Up-to-date: /home/isopodin-time/ros2_ws/install/uuv_control_msgs/include/uuv_control_msgs/srv/detail/init_helical_trajectory__struct.hpp
[3.239s] -- Up-to-date: /home/isopodin-time/ros2_ws/install/uuv_control_msgs/include/uuv_control_msgs/srv/detail/switch_to_manual__struct.hpp
[3.239s] -- Up-to-date: /home/isopodin-time/ros2_ws/install/uuv_control_msgs/include/uuv_control_msgs/srv/detail/set_sm_controller_params__struct.hpp
[3.239s] -- Up-to-date: /home/isopodin-time/ros2_ws/install/uuv_control_msgs/include/uuv_control_msgs/srv/detail/switch_to_manual__traits.hpp
[3.239s] -- Up-to-date: /home/isopodin-time/ros2_ws/install/uuv_control_msgs/include/uuv_control_msgs/srv/detail/get_sm_controller_params__builder.hpp
[3.243s] -- Up-to-date: /home/isopodin-time/ros2_ws/install/uuv_control_msgs/include/uuv_control_msgs/srv/detail/hold__type_support.hpp
[3.245s] -- Up-to-date: /home/isopodin-time/ros2_ws/install/uuv_control_msgs/include/uuv_control_msgs/srv/detail/go_to_incremental__builder.hpp
[3.245s] -- Up-to-date: /home/isopodin-time/ros2_ws/install/uuv_control_msgs/include/uuv_control_msgs/srv/detail/go_to_incremental__traits.hpp
[3.246s] -- Up-to-date: /home/isopodin-time/ros2_ws/install/uuv_control_msgs/include/uuv_control_msgs/srv/detail/set_pid_params__traits.hpp
[3.246s] -- Up-to-date: /home/isopodin-time/ros2_ws/install/uuv_control_msgs/include/uuv_control_msgs/srv/detail/add_waypoint__struct.hpp
[3.246s] -- Up-to-date: /home/isopodin-time/ros2_ws/install/uuv_control_msgs/include/uuv_control_msgs/srv/detail/reset_controller__struct.hpp
[3.246s] -- Up-to-date: /home/isopodin-time/ros2_ws/install/uuv_control_msgs/include/uuv_control_msgs/srv/detail/set_sm_controller_params__type_support.hpp
[3.246s] -- Up-to-date: /home/isopodin-time/ros2_ws/install/uuv_control_msgs/include/uuv_control_msgs/srv/detail/init_helical_trajectory__type_support.hpp
[3.246s] -- Up-to-date: /home/isopodin-time/ros2_ws/install/uuv_control_msgs/include/uuv_control_msgs/srv/detail/init_waypoints_from_file__traits.hpp
[3.246s] -- Up-to-date: /home/isopodin-time/ros2_ws/install/uuv_control_msgs/include/uuv_control_msgs/srv/detail/switch_to_manual__builder.hpp
[3.247s] -- Up-to-date: /home/isopodin-time/ros2_ws/install/uuv_control_msgs/include/uuv_control_msgs/srv/detail/is_running_trajectory__struct.hpp
[3.247s] -- Up-to-date: /home/isopodin-time/ros2_ws/install/uuv_control_msgs/include/uuv_control_msgs/srv/detail/init_circular_trajectory__type_support.hpp
[3.247s] -- Up-to-date: /home/isopodin-time/ros2_ws/install/uuv_control_msgs/include/uuv_control_msgs/srv/detail/reset_controller__traits.hpp
[3.247s] -- Up-to-date: /home/isopodin-time/ros2_ws/install/uuv_control_msgs/include/uuv_control_msgs/srv/detail/set_mbsm_controller_params__struct.hpp
[3.257s] -- Up-to-date: /home/isopodin-time/ros2_ws/install/uuv_control_msgs/include/uuv_control_msgs/srv/detail/init_circular_trajectory__builder.hpp
[3.257s] -- Up-to-date: /home/isopodin-time/ros2_ws/install/uuv_control_msgs/include/uuv_control_msgs/srv/detail/switch_to_automatic__builder.hpp
[3.257s] -- Up-to-date: /home/isopodin-time/ros2_ws/install/uuv_control_msgs/include/uuv_control_msgs/srv/detail/switch_to_automatic__type_support.hpp
[3.258s] -- Up-to-date: /home/isopodin-time/ros2_ws/install/uuv_control_msgs/include/uuv_control_msgs/srv/detail/get_waypoints__type_support.hpp
[3.258s] -- Up-to-date: /home/isopodin-time/ros2_ws/install/uuv_control_msgs/include/uuv_control_msgs/srv/detail/init_rect_trajectory__traits.hpp
[3.258s] -- Up-to-date: /home/isopodin-time/ros2_ws/install/uuv_control_msgs/include/uuv_control_msgs/srv/detail/init_waypoints_from_file__struct.hpp
[3.258s] -- Up-to-date: /home/isopodin-time/ros2_ws/install/uuv_control_msgs/include/uuv_control_msgs/srv/detail/hold__traits.hpp
[3.258s] -- Up-to-date: /home/isopodin-time/ros2_ws/install/uuv_control_msgs/include/uuv_control_msgs/srv/detail/start_trajectory__traits.hpp
[3.258s] -- Up-to-date: /home/isopodin-time/ros2_ws/install/uuv_control_msgs/include/uuv_control_msgs/srv/detail/clear_waypoints__builder.hpp
[3.259s] -- Up-to-date: /home/isopodin-time/ros2_ws/install/uuv_control_msgs/include/uuv_control_msgs/srv/detail/set_sm_controller_params__builder.hpp
[3.259s] -- Up-to-date: /home/isopodin-time/ros2_ws/install/uuv_control_msgs/include/uuv_control_msgs/srv/detail/clear_waypoints__struct.hpp
[3.260s] -- Up-to-date: /home/isopodin-time/ros2_ws/install/uuv_control_msgs/include/uuv_control_msgs/srv/detail/switch_to_automatic__traits.hpp
[3.260s] -- Up-to-date: /home/isopodin-time/ros2_ws/install/uuv_control_msgs/include/uuv_control_msgs/srv/detail/get_sm_controller_params__traits.hpp
[3.277s] -- Up-to-date: /home/isopodin-time/ros2_ws/install/uuv_control_msgs/include/uuv_control_msgs/srv/detail/switch_to_manual__type_support.hpp
[3.278s] -- Up-to-date: /home/isopodin-time/ros2_ws/install/uuv_control_msgs/include/uuv_control_msgs/srv/detail/add_waypoint__builder.hpp
[3.278s] -- Up-to-date: /home/isopodin-time/ros2_ws/install/uuv_control_msgs/include/uuv_control_msgs/srv/detail/get_mbsm_controller_params__builder.hpp
[3.278s] -- Up-to-date: /home/isopodin-time/ros2_ws/install/uuv_control_msgs/include/uuv_control_msgs/srv/detail/reset_controller__builder.hpp
[3.279s] -- Up-to-date: /home/isopodin-time/ros2_ws/install/uuv_control_msgs/include/uuv_control_msgs/srv/detail/start_trajectory__builder.hpp
[3.279s] -- Up-to-date: /home/isopodin-time/ros2_ws/install/uuv_control_msgs/include/uuv_control_msgs/srv/detail/go_to_incremental__type_support.hpp
[3.279s] -- Up-to-date: /home/isopodin-time/ros2_ws/install/uuv_control_msgs/include/uuv_control_msgs/srv/detail/set_mbsm_controller_params__type_support.hpp
[3.280s] -- Up-to-date: /home/isopodin-time/ros2_ws/install/uuv_control_msgs/include/uuv_control_msgs/srv/detail/go_to__builder.hpp
[3.280s] -- Up-to-date: /home/isopodin-time/ros2_ws/install/uuv_control_msgs/include/uuv_control_msgs/srv/detail/start_trajectory__type_support.hpp
[3.280s] -- Up-to-date: /home/isopodin-time/ros2_ws/install/uuv_control_msgs/include/uuv_control_msgs/srv/detail/set_mbsm_controller_params__builder.hpp
[3.282s] -- Up-to-date: /home/isopodin-time/ros2_ws/install/uuv_control_msgs/include/uuv_control_msgs/srv/detail/hold__builder.hpp
[3.282s] -- Up-to-date: /home/isopodin-time/ros2_ws/install/uuv_control_msgs/include/uuv_control_msgs/srv/detail/get_mbsm_controller_params__struct.hpp
[3.283s] -- Up-to-date: /home/isopodin-time/ros2_ws/install/uuv_control_msgs/include/uuv_control_msgs/srv/detail/init_rect_trajectory__struct.hpp
[3.283s] -- Up-to-date: /home/isopodin-time/ros2_ws/install/uuv_control_msgs/include/uuv_control_msgs/srv/detail/clear_waypoints__traits.hpp
[3.283s] -- Up-to-date: /home/isopodin-time/ros2_ws/install/uuv_control_msgs/include/uuv_control_msgs/srv/detail/is_running_trajectory__type_support.hpp
[3.284s] -- Up-to-date: /home/isopodin-time/ros2_ws/install/uuv_control_msgs/include/uuv_control_msgs/srv/init_helical_trajectory.hpp
[3.285s] -- Up-to-date: /home/isopodin-time/ros2_ws/install/uuv_control_msgs/include/uuv_control_msgs/srv/switch_to_manual.hpp
[3.285s] -- Up-to-date: /home/isopodin-time/ros2_ws/install/uuv_control_msgs/include/uuv_control_msgs/srv/init_circular_trajectory.hpp
[3.285s] -- Up-to-date: /home/isopodin-time/ros2_ws/install/uuv_control_msgs/include/uuv_control_msgs/srv/reset_controller.hpp
[3.285s] -- Up-to-date: /home/isopodin-time/ros2_ws/install/uuv_control_msgs/include/uuv_control_msgs/srv/switch_to_automatic.hpp
[3.286s] -- Up-to-date: /home/isopodin-time/ros2_ws/install/uuv_control_msgs/include/uuv_control_msgs/srv/go_to.hpp
[3.286s] -- Up-to-date: /home/isopodin-time/ros2_ws/install/uuv_control_msgs/include/uuv_control_msgs/srv/get_sm_controller_params.hpp
[3.286s] -- Up-to-date: /home/isopodin-time/ros2_ws/install/uuv_control_msgs/include/uuv_control_msgs/srv/is_running_trajectory.hpp
[3.286s] -- Up-to-date: /home/isopodin-time/ros2_ws/install/uuv_control_msgs/include/uuv_control_msgs/srv/get_pid_params.hpp
[3.286s] -- Up-to-date: /home/isopodin-time/ros2_ws/install/uuv_control_msgs/include/uuv_control_msgs/srv/add_waypoint.hpp
[3.287s] -- Up-to-date: /home/isopodin-time/ros2_ws/install/uuv_control_msgs/include/uuv_control_msgs/srv/init_waypoint_set.hpp
[3.287s] -- Up-to-date: /home/isopodin-time/ros2_ws/install/uuv_control_msgs/include/uuv_control_msgs/srv/start_trajectory.hpp
[3.288s] -- Up-to-date: /home/isopodin-time/ros2_ws/install/uuv_control_msgs/include/uuv_control_msgs/srv/go_to_incremental.hpp
[3.288s] -- Up-to-date: /home/isopodin-time/ros2_ws/install/uuv_control_msgs/include/uuv_control_msgs
[3.288s] -- Up-to-date: /home/isopodin-time/ros2_ws/install/uuv_control_msgs/include/uuv_control_msgs/msg
[3.288s] -- Up-to-date: /home/isopodin-time/ros2_ws/install/uuv_control_msgs/include/uuv_control_msgs/msg/detail
[3.288s] -- Up-to-date: /home/isopodin-time/ros2_ws/install/uuv_control_msgs/include/uuv_control_msgs/msg/detail/trajectory_point__rosidl_typesupport_introspection_cpp.hpp
[3.289s] -- Up-to-date: /home/isopodin-time/ros2_ws/install/uuv_control_msgs/include/uuv_control_msgs/msg/detail/trajectory__type_support.cpp
[3.289s] -- Up-to-date: /home/isopodin-time/ros2_ws/install/uuv_control_msgs/include/uuv_control_msgs/msg/detail/waypoint_set__rosidl_typesupport_introspection_cpp.hpp
[3.289s] -- Up-to-date: /home/isopodin-time/ros2_ws/install/uuv_control_msgs/include/uuv_control_msgs/msg/detail/waypoint__rosidl_typesupport_introspection_cpp.hpp
[3.289s] -- Up-to-date: /home/isopodin-time/ros2_ws/install/uuv_control_msgs/include/uuv_control_msgs/msg/detail/waypoint__type_support.cpp
[3.290s] -- Up-to-date: /home/isopodin-time/ros2_ws/install/uuv_control_msgs/include/uuv_control_msgs/msg/detail/trajectory_point__type_support.cpp
[3.290s] -- Up-to-date: /home/isopodin-time/ros2_ws/install/uuv_control_msgs/include/uuv_control_msgs/msg/detail/waypoint_set__type_support.cpp
[3.291s] -- Up-to-date: /home/isopodin-time/ros2_ws/install/uuv_control_msgs/include/uuv_control_msgs/msg/detail/trajectory__rosidl_typesupport_introspection_cpp.hpp
[3.291s] -- Up-to-date: /home/isopodin-time/ros2_ws/install/uuv_control_msgs/include/uuv_control_msgs/srv
[3.292s] -- Up-to-date: /home/isopodin-time/ros2_ws/install/uuv_control_msgs/include/uuv_control_msgs/srv/detail
[3.292s] -- Up-to-date: /home/isopodin-time/ros2_ws/install/uuv_control_msgs/include/uuv_control_msgs/srv/detail/hold__type_support.cpp
[3.293s] -- Up-to-date: /home/isopodin-time/ros2_ws/install/uuv_control_msgs/include/uuv_control_msgs/srv/detail/add_waypoint__rosidl_typesupport_introspection_cpp.hpp
[3.293s] -- Up-to-date: /home/isopodin-time/ros2_ws/install/uuv_control_msgs/include/uuv_control_msgs/srv/detail/reset_controller__type_support.cpp
[3.299s] -- Up-to-date: /home/isopodin-time/ros2_ws/install/uuv_control_msgs/include/uuv_control_msgs/srv/detail/go_to_incremental__rosidl_typesupport_introspection_cpp.hpp
[3.301s] -- Up-to-date: /home/isopodin-time/ros2_ws/install/uuv_control_msgs/include/uuv_control_msgs/srv/detail/set_pid_params__rosidl_typesupport_introspection_cpp.hpp
[3.301s] -- Up-to-date: /home/isopodin-time/ros2_ws/install/uuv_control_msgs/include/uuv_control_msgs/srv/detail/add_waypoint__type_support.cpp
[3.302s] -- Up-to-date: /home/isopodin-time/ros2_ws/install/uuv_control_msgs/include/uuv_control_msgs/srv/detail/set_pid_params__type_support.cpp
[3.302s] -- Up-to-date: /home/isopodin-time/ros2_ws/install/uuv_control_msgs/include/uuv_control_msgs/srv/detail/switch_to_automatic__rosidl_typesupport_introspection_cpp.hpp
[3.304s] -- Up-to-date: /home/isopodin-time/ros2_ws/install/uuv_control_msgs/include/uuv_control_msgs/srv/detail/get_mbsm_controller_params__type_support.cpp
[3.304s] -- Up-to-date: /home/isopodin-time/ros2_ws/install/uuv_control_msgs/include/uuv_control_msgs/srv/detail/get_pid_params__rosidl_typesupport_introspection_cpp.hpp
[3.304s] -- Up-to-date: /home/isopodin-time/ros2_ws/install/uuv_control_msgs/include/uuv_control_msgs/srv/detail/get_pid_params__type_support.cpp
[3.305s] -- Up-to-date: /home/isopodin-time/ros2_ws/install/uuv_control_msgs/include/uuv_control_msgs/srv/detail/set_mbsm_controller_params__rosidl_typesupport_introspection_cpp.hpp
[3.305s] -- Up-to-date: /home/isopodin-time/ros2_ws/install/uuv_control_msgs/include/uuv_control_msgs/srv/detail/init_circular_trajectory__rosidl_typesupport_introspection_cpp.hpp
[3.305s] -- Up-to-date: /home/isopodin-time/ros2_ws/install/uuv_control_msgs/include/uuv_control_msgs/srv/detail/init_rect_trajectory__rosidl_typesupport_introspection_cpp.hpp
[3.306s] -- Up-to-date: /home/isopodin-time/ros2_ws/install/uuv_control_msgs/include/uuv_control_msgs/srv/detail/start_trajectory__rosidl_typesupport_introspection_cpp.hpp
[3.307s] -- Up-to-date: /home/isopodin-time/ros2_ws/install/uuv_control_msgs/include/uuv_control_msgs/srv/detail/init_helical_trajectory__rosidl_typesupport_introspection_cpp.hpp
[3.308s] -- Up-to-date: /home/isopodin-time/ros2_ws/install/uuv_control_msgs/include/uuv_control_msgs/srv/detail/get_sm_controller_params__rosidl_typesupport_introspection_cpp.hpp
[3.309s] -- Up-to-date: /home/isopodin-time/ros2_ws/install/uuv_control_msgs/include/uuv_control_msgs/srv/detail/go_to__type_support.cpp
[3.309s] -- Up-to-date: /home/isopodin-time/ros2_ws/install/uuv_control_msgs/include/uuv_control_msgs/srv/detail/get_waypoints__type_support.cpp
[3.309s] -- Up-to-date: /home/isopodin-time/ros2_ws/install/uuv_control_msgs/include/uuv_control_msgs/srv/detail/go_to__rosidl_typesupport_introspection_cpp.hpp
[3.310s] -- Up-to-date: /home/isopodin-time/ros2_ws/install/uuv_control_msgs/include/uuv_control_msgs/srv/detail/set_sm_controller_params__rosidl_typesupport_introspection_cpp.hpp
[3.310s] -- Up-to-date: /home/isopodin-time/ros2_ws/install/uuv_control_msgs/include/uuv_control_msgs/srv/detail/init_waypoint_set__rosidl_typesupport_introspection_cpp.hpp
[3.315s] -- Up-to-date: /home/isopodin-time/ros2_ws/install/uuv_control_msgs/include/uuv_control_msgs/srv/detail/go_to_incremental__type_support.cpp
[3.315s] -- Up-to-date: /home/isopodin-time/ros2_ws/install/uuv_control_msgs/include/uuv_control_msgs/srv/detail/switch_to_automatic__type_support.cpp
[3.316s] -- Up-to-date: /home/isopodin-time/ros2_ws/install/uuv_control_msgs/include/uuv_control_msgs/srv/detail/switch_to_manual__rosidl_typesupport_introspection_cpp.hpp
[3.316s] -- Up-to-date: /home/isopodin-time/ros2_ws/install/uuv_control_msgs/include/uuv_control_msgs/srv/detail/init_rect_trajectory__type_support.cpp
[3.317s] -- Up-to-date: /home/isopodin-time/ros2_ws/install/uuv_control_msgs/include/uuv_control_msgs/srv/detail/init_waypoint_set__type_support.cpp
[3.317s] -- Up-to-date: /home/isopodin-time/ros2_ws/install/uuv_control_msgs/include/uuv_control_msgs/srv/detail/init_helical_trajectory__type_support.cpp
[3.317s] -- Up-to-date: /home/isopodin-time/ros2_ws/install/uuv_control_msgs/include/uuv_control_msgs/srv/detail/init_waypoints_from_file__rosidl_typesupport_introspection_cpp.hpp
[3.318s] -- Up-to-date: /home/isopodin-time/ros2_ws/install/uuv_control_msgs/include/uuv_control_msgs/srv/detail/init_circular_trajectory__type_support.cpp
[3.318s] -- Up-to-date: /home/isopodin-time/ros2_ws/install/uuv_control_msgs/include/uuv_control_msgs/srv/detail/clear_waypoints__rosidl_typesupport_introspection_cpp.hpp
[3.318s] -- Up-to-date: /home/isopodin-time/ros2_ws/install/uuv_control_msgs/include/uuv_control_msgs/srv/detail/get_mbsm_controller_params__rosidl_typesupport_introspection_cpp.hpp
[3.319s] -- Up-to-date: /home/isopodin-time/ros2_ws/install/uuv_control_msgs/include/uuv_control_msgs/srv/detail/init_waypoints_from_file__type_support.cpp
[3.319s] -- Up-to-date: /home/isopodin-time/ros2_ws/install/uuv_control_msgs/include/uuv_control_msgs/srv/detail/get_sm_controller_params__type_support.cpp
[3.320s] -- Up-to-date: /home/isopodin-time/ros2_ws/install/uuv_control_msgs/include/uuv_control_msgs/srv/detail/set_mbsm_controller_params__type_support.cpp
[3.321s] -- Up-to-date: /home/isopodin-time/ros2_ws/install/uuv_control_msgs/include/uuv_control_msgs/srv/detail/set_sm_controller_params__type_support.cpp
[3.321s] -- Up-to-date: /home/isopodin-time/ros2_ws/install/uuv_control_msgs/include/uuv_control_msgs/srv/detail/is_running_trajectory__rosidl_typesupport_introspection_cpp.hpp
[3.322s] -- Up-to-date: /home/isopodin-time/ros2_ws/install/uuv_control_msgs/include/uuv_control_msgs/srv/detail/start_trajectory__type_support.cpp
[3.322s] -- Up-to-date: /home/isopodin-time/ros2_ws/install/uuv_control_msgs/include/uuv_control_msgs/srv/detail/get_waypoints__rosidl_typesupport_introspection_cpp.hpp
[3.322s] -- Up-to-date: /home/isopodin-time/ros2_ws/install/uuv_control_msgs/include/uuv_control_msgs/srv/detail/is_running_trajectory__type_support.cpp
[3.324s] -- Up-to-date: /home/isopodin-time/ros2_ws/install/uuv_control_msgs/include/uuv_control_msgs/srv/detail/switch_to_manual__type_support.cpp
[3.324s] -- Up-to-date: /home/isopodin-time/ros2_ws/install/uuv_control_msgs/include/uuv_control_msgs/srv/detail/reset_controller__rosidl_typesupport_introspection_cpp.hpp
[3.330s] -- Up-to-date: /home/isopodin-time/ros2_ws/install/uuv_control_msgs/include/uuv_control_msgs/srv/detail/hold__rosidl_typesupport_introspection_cpp.hpp
[3.330s] -- Up-to-date: /home/isopodin-time/ros2_ws/install/uuv_control_msgs/include/uuv_control_msgs/srv/detail/clear_waypoints__type_support.cpp
[3.331s] -- Up-to-date: /home/isopodin-time/ros2_ws/install/uuv_control_msgs/lib/libuuv_control_msgs__rosidl_typesupport_introspection_cpp.so
[3.331s] -- Up-to-date: /home/isopodin-time/ros2_ws/install/uuv_control_msgs/lib/libuuv_control_msgs__rosidl_typesupport_cpp.so
[3.331s] -- Up-to-date: /home/isopodin-time/ros2_ws/install/uuv_control_msgs/share/uuv_control_msgs/environment/pythonpath.sh
[3.332s] -- Up-to-date: /home/isopodin-time/ros2_ws/install/uuv_control_msgs/share/uuv_control_msgs/environment/pythonpath.dsv
[3.333s] -- Up-to-date: /home/isopodin-time/ros2_ws/install/uuv_control_msgs/lib/python3.8/site-packages/uuv_control_msgs/__init__.py
[3.368s] -- Up-to-date: /home/isopodin-time/ros2_ws/install/uuv_control_msgs/lib/python3.8/site-packages/uuv_control_msgs/msg
[3.368s] -- Up-to-date: /home/isopodin-time/ros2_ws/install/uuv_control_msgs/lib/python3.8/site-packages/uuv_control_msgs/msg/_waypoint_s.c
[3.368s] -- Up-to-date: /home/isopodin-time/ros2_ws/install/uuv_control_msgs/lib/python3.8/site-packages/uuv_control_msgs/msg/_waypoint_set_s.c
[3.368s] -- Up-to-date: /home/isopodin-time/ros2_ws/install/uuv_control_msgs/lib/python3.8/site-packages/uuv_control_msgs/msg/_trajectory_point_s.c
[3.369s] -- Up-to-date: /home/isopodin-time/ros2_ws/install/uuv_control_msgs/lib/python3.8/site-packages/uuv_control_msgs/msg/__init__.py
[3.369s] -- Up-to-date: /home/isopodin-time/ros2_ws/install/uuv_control_msgs/lib/python3.8/site-packages/uuv_control_msgs/msg/_trajectory_point.py
[3.369s] -- Up-to-date: /home/isopodin-time/ros2_ws/install/uuv_control_msgs/lib/python3.8/site-packages/uuv_control_msgs/msg/_trajectory.py
[3.370s] -- Up-to-date: /home/isopodin-time/ros2_ws/install/uuv_control_msgs/lib/python3.8/site-packages/uuv_control_msgs/msg/_waypoint.py
[3.373s] -- Up-to-date: /home/isopodin-time/ros2_ws/install/uuv_control_msgs/lib/python3.8/site-packages/uuv_control_msgs/msg/_waypoint_set.py
[3.374s] -- Up-to-date: /home/isopodin-time/ros2_ws/install/uuv_control_msgs/lib/python3.8/site-packages/uuv_control_msgs/msg/_trajectory_s.c
[3.374s] -- Up-to-date: /home/isopodin-time/ros2_ws/install/uuv_control_msgs/lib/python3.8/site-packages/uuv_control_msgs/srv
[3.379s] -- Up-to-date: /home/isopodin-time/ros2_ws/install/uuv_control_msgs/lib/python3.8/site-packages/uuv_control_msgs/srv/_init_waypoints_from_file.py
[3.380s] -- Up-to-date: /home/isopodin-time/ros2_ws/install/uuv_control_msgs/lib/python3.8/site-packages/uuv_control_msgs/srv/_get_pid_params.py
[3.380s] -- Up-to-date: /home/isopodin-time/ros2_ws/install/uuv_control_msgs/lib/python3.8/site-packages/uuv_control_msgs/srv/_set_sm_controller_params_s.c
[3.381s] -- Up-to-date: /home/isopodin-time/ros2_ws/install/uuv_control_msgs/lib/python3.8/site-packages/uuv_control_msgs/srv/_switch_to_automatic_s.c
[3.384s] -- Up-to-date: /home/isopodin-time/ros2_ws/install/uuv_control_msgs/lib/python3.8/site-packages/uuv_control_msgs/srv/_get_pid_params_s.c
[3.386s] -- Up-to-date: /home/isopodin-time/ros2_ws/install/uuv_control_msgs/lib/python3.8/site-packages/uuv_control_msgs/srv/_go_to.py
[3.386s] -- Up-to-date: /home/isopodin-time/ros2_ws/install/uuv_control_msgs/lib/python3.8/site-packages/uuv_control_msgs/srv/_init_waypoints_from_file_s.c
[3.386s] -- Up-to-date: /home/isopodin-time/ros2_ws/install/uuv_control_msgs/lib/python3.8/site-packages/uuv_control_msgs/srv/_switch_to_manual.py
[3.386s] -- Up-to-date: /home/isopodin-time/ros2_ws/install/uuv_control_msgs/lib/python3.8/site-packages/uuv_control_msgs/srv/_go_to_incremental_s.c
[3.386s] -- Up-to-date: /home/isopodin-time/ros2_ws/install/uuv_control_msgs/lib/python3.8/site-packages/uuv_control_msgs/srv/__init__.py
[3.386s] -- Up-to-date: /home/isopodin-time/ros2_ws/install/uuv_control_msgs/lib/python3.8/site-packages/uuv_control_msgs/srv/_get_mbsm_controller_params.py
[3.386s] -- Up-to-date: /home/isopodin-time/ros2_ws/install/uuv_control_msgs/lib/python3.8/site-packages/uuv_control_msgs/srv/_set_sm_controller_params.py
[3.387s] -- Up-to-date: /home/isopodin-time/ros2_ws/install/uuv_control_msgs/lib/python3.8/site-packages/uuv_control_msgs/srv/_add_waypoint_s.c
[3.387s] -- Up-to-date: /home/isopodin-time/ros2_ws/install/uuv_control_msgs/lib/python3.8/site-packages/uuv_control_msgs/srv/_set_pid_params_s.c
[3.387s] -- Up-to-date: /home/isopodin-time/ros2_ws/install/uuv_control_msgs/lib/python3.8/site-packages/uuv_control_msgs/srv/_hold_s.c
[3.387s] -- Up-to-date: /home/isopodin-time/ros2_ws/install/uuv_control_msgs/lib/python3.8/site-packages/uuv_control_msgs/srv/_go_to_s.c
[3.387s] -- Up-to-date: /home/isopodin-time/ros2_ws/install/uuv_control_msgs/lib/python3.8/site-packages/uuv_control_msgs/srv/_get_waypoints.py
[3.387s] -- Up-to-date: /home/isopodin-time/ros2_ws/install/uuv_control_msgs/lib/python3.8/site-packages/uuv_control_msgs/srv/_get_sm_controller_params_s.c
[3.387s] -- Up-to-date: /home/isopodin-time/ros2_ws/install/uuv_control_msgs/lib/python3.8/site-packages/uuv_control_msgs/srv/_get_waypoints_s.c
[3.388s] -- Up-to-date: /home/isopodin-time/ros2_ws/install/uuv_control_msgs/lib/python3.8/site-packages/uuv_control_msgs/srv/_init_rect_trajectory.py
[3.388s] -- Up-to-date: /home/isopodin-time/ros2_ws/install/uuv_control_msgs/lib/python3.8/site-packages/uuv_control_msgs/srv/_clear_waypoints.py
[3.388s] -- Up-to-date: /home/isopodin-time/ros2_ws/install/uuv_control_msgs/lib/python3.8/site-packages/uuv_control_msgs/srv/_is_running_trajectory.py
[3.388s] -- Up-to-date: /home/isopodin-time/ros2_ws/install/uuv_control_msgs/lib/python3.8/site-packages/uuv_control_msgs/srv/_get_mbsm_controller_params_s.c
[3.388s] -- Up-to-date: /home/isopodin-time/ros2_ws/install/uuv_control_msgs/lib/python3.8/site-packages/uuv_control_msgs/srv/_init_waypoint_set.py
[3.388s] -- Up-to-date: /home/isopodin-time/ros2_ws/install/uuv_control_msgs/lib/python3.8/site-packages/uuv_control_msgs/srv/_init_circular_trajectory.py
[3.388s] -- Up-to-date: /home/isopodin-time/ros2_ws/install/uuv_control_msgs/lib/python3.8/site-packages/uuv_control_msgs/srv/_reset_controller.py
[3.388s] -- Up-to-date: /home/isopodin-time/ros2_ws/install/uuv_control_msgs/lib/python3.8/site-packages/uuv_control_msgs/srv/_go_to_incremental.py
[3.389s] -- Up-to-date: /home/isopodin-time/ros2_ws/install/uuv_control_msgs/lib/python3.8/site-packages/uuv_control_msgs/srv/_init_circular_trajectory_s.c
[3.389s] -- Up-to-date: /home/isopodin-time/ros2_ws/install/uuv_control_msgs/lib/python3.8/site-packages/uuv_control_msgs/srv/_clear_waypoints_s.c
[3.389s] -- Up-to-date: /home/isopodin-time/ros2_ws/install/uuv_control_msgs/lib/python3.8/site-packages/uuv_control_msgs/srv/_start_trajectory.py
[3.389s] -- Up-to-date: /home/isopodin-time/ros2_ws/install/uuv_control_msgs/lib/python3.8/site-packages/uuv_control_msgs/srv/_switch_to_manual_s.c
[3.389s] -- Up-to-date: /home/isopodin-time/ros2_ws/install/uuv_control_msgs/lib/python3.8/site-packages/uuv_control_msgs/srv/_start_trajectory_s.c
[3.389s] -- Up-to-date: /home/isopodin-time/ros2_ws/install/uuv_control_msgs/lib/python3.8/site-packages/uuv_control_msgs/srv/_reset_controller_s.c
[3.390s] -- Up-to-date: /home/isopodin-time/ros2_ws/install/uuv_control_msgs/lib/python3.8/site-packages/uuv_control_msgs/srv/_is_running_trajectory_s.c
[3.390s] -- Up-to-date: /home/isopodin-time/ros2_ws/install/uuv_control_msgs/lib/python3.8/site-packages/uuv_control_msgs/srv/_hold.py
[3.390s] -- Up-to-date: /home/isopodin-time/ros2_ws/install/uuv_control_msgs/lib/python3.8/site-packages/uuv_control_msgs/srv/_init_helical_trajectory_s.c
[3.390s] -- Up-to-date: /home/isopodin-time/ros2_ws/install/uuv_control_msgs/lib/python3.8/site-packages/uuv_control_msgs/srv/_set_pid_params.py
[3.390s] -- Up-to-date: /home/isopodin-time/ros2_ws/install/uuv_control_msgs/lib/python3.8/site-packages/uuv_control_msgs/srv/_get_sm_controller_params.py
[3.390s] -- Up-to-date: /home/isopodin-time/ros2_ws/install/uuv_control_msgs/lib/python3.8/site-packages/uuv_control_msgs/srv/_init_waypoint_set_s.c
[3.391s] -- Up-to-date: /home/isopodin-time/ros2_ws/install/uuv_control_msgs/lib/python3.8/site-packages/uuv_control_msgs/srv/_set_mbsm_controller_params_s.c
[3.391s] -- Up-to-date: /home/isopodin-time/ros2_ws/install/uuv_control_msgs/lib/python3.8/site-packages/uuv_control_msgs/srv/_switch_to_automatic.py
[3.391s] -- Up-to-date: /home/isopodin-time/ros2_ws/install/uuv_control_msgs/lib/python3.8/site-packages/uuv_control_msgs/srv/_init_helical_trajectory.py
[3.391s] -- Up-to-date: /home/isopodin-time/ros2_ws/install/uuv_control_msgs/lib/python3.8/site-packages/uuv_control_msgs/srv/_add_waypoint.py
[3.391s] -- Up-to-date: /home/isopodin-time/ros2_ws/install/uuv_control_msgs/lib/python3.8/site-packages/uuv_control_msgs/srv/_init_rect_trajectory_s.c
[3.391s] -- Up-to-date: /home/isopodin-time/ros2_ws/install/uuv_control_msgs/lib/python3.8/site-packages/uuv_control_msgs/srv/_set_mbsm_controller_params.py
[3.391s] -- Up-to-date: /home/isopodin-time/ros2_ws/install/uuv_control_msgs/lib/python3.8/site-packages/uuv_control_msgs/uuv_control_msgs_s__rosidl_typesupport_fastrtps_c.cpython-38-x86_64-linux-gnu.so
[3.392s] -- Up-to-date: /home/isopodin-time/ros2_ws/install/uuv_control_msgs/lib/python3.8/site-packages/uuv_control_msgs/uuv_control_msgs_s__rosidl_typesupport_introspection_c.cpython-38-x86_64-linux-gnu.so
[3.392s] -- Up-to-date: /home/isopodin-time/ros2_ws/install/uuv_control_msgs/lib/python3.8/site-packages/uuv_control_msgs/uuv_control_msgs_s__rosidl_typesupport_c.cpython-38-x86_64-linux-gnu.so
[3.392s] -- Up-to-date: /home/isopodin-time/ros2_ws/install/uuv_control_msgs/lib/libuuv_control_msgs__python.so
[3.392s] -- Up-to-date: /home/isopodin-time/ros2_ws/install/uuv_control_msgs/share/uuv_control_msgs/msg/Trajectory.idl
[3.392s] -- Up-to-date: /home/isopodin-time/ros2_ws/install/uuv_control_msgs/share/uuv_control_msgs/msg/TrajectoryPoint.idl
[3.392s] -- Up-to-date: /home/isopodin-time/ros2_ws/install/uuv_control_msgs/share/uuv_control_msgs/msg/Waypoint.idl
[3.393s] -- Up-to-date: /home/isopodin-time/ros2_ws/install/uuv_control_msgs/share/uuv_control_msgs/msg/WaypointSet.idl
[3.393s] -- Up-to-date: /home/isopodin-time/ros2_ws/install/uuv_control_msgs/share/uuv_control_msgs/srv/AddWaypoint.idl
[3.393s] -- Up-to-date: /home/isopodin-time/ros2_ws/install/uuv_control_msgs/share/uuv_control_msgs/srv/ClearWaypoints.idl
[3.393s] -- Up-to-date: /home/isopodin-time/ros2_ws/install/uuv_control_msgs/share/uuv_control_msgs/srv/InitCircularTrajectory.idl
[3.393s] -- Up-to-date: /home/isopodin-time/ros2_ws/install/uuv_control_msgs/share/uuv_control_msgs/srv/InitHelicalTrajectory.idl
[3.393s] -- Up-to-date: /home/isopodin-time/ros2_ws/install/uuv_control_msgs/share/uuv_control_msgs/srv/InitWaypointsFromFile.idl
[3.394s] -- Up-to-date: /home/isopodin-time/ros2_ws/install/uuv_control_msgs/share/uuv_control_msgs/srv/GetWaypoints.idl
[3.397s] -- Up-to-date: /home/isopodin-time/ros2_ws/install/uuv_control_msgs/share/uuv_control_msgs/srv/GoTo.idl
[3.397s] -- Up-to-date: /home/isopodin-time/ros2_ws/install/uuv_control_msgs/share/uuv_control_msgs/srv/GoToIncremental.idl
[3.397s] -- Up-to-date: /home/isopodin-time/ros2_ws/install/uuv_control_msgs/share/uuv_control_msgs/srv/Hold.idl
[3.398s] -- Up-to-date: /home/isopodin-time/ros2_ws/install/uuv_control_msgs/share/uuv_control_msgs/srv/IsRunningTrajectory.idl
[3.398s] -- Up-to-date: /home/isopodin-time/ros2_ws/install/uuv_control_msgs/share/uuv_control_msgs/srv/InitWaypointSet.idl
[3.398s] -- Up-to-date: /home/isopodin-time/ros2_ws/install/uuv_control_msgs/share/uuv_control_msgs/srv/InitRectTrajectory.idl
[3.398s] -- Up-to-date: /home/isopodin-time/ros2_ws/install/uuv_control_msgs/share/uuv_control_msgs/srv/StartTrajectory.idl
[3.398s] -- Up-to-date: /home/isopodin-time/ros2_ws/install/uuv_control_msgs/share/uuv_control_msgs/srv/SwitchToAutomatic.idl
[3.398s] -- Up-to-date: /home/isopodin-time/ros2_ws/install/uuv_control_msgs/share/uuv_control_msgs/srv/SwitchToManual.idl
[3.398s] -- Up-to-date: /home/isopodin-time/ros2_ws/install/uuv_control_msgs/share/uuv_control_msgs/srv/SetPIDParams.idl
[3.398s] -- Up-to-date: /home/isopodin-time/ros2_ws/install/uuv_control_msgs/share/uuv_control_msgs/srv/GetPIDParams.idl
[3.399s] -- Up-to-date: /home/isopodin-time/ros2_ws/install/uuv_control_msgs/share/uuv_control_msgs/srv/SetSMControllerParams.idl
[3.399s] -- Up-to-date: /home/isopodin-time/ros2_ws/install/uuv_control_msgs/share/uuv_control_msgs/srv/GetSMControllerParams.idl
[3.399s] -- Up-to-date: /home/isopodin-time/ros2_ws/install/uuv_control_msgs/share/uuv_control_msgs/srv/SetMBSMControllerParams.idl
[3.399s] -- Up-to-date: /home/isopodin-time/ros2_ws/install/uuv_control_msgs/share/uuv_control_msgs/srv/GetMBSMControllerParams.idl
[3.399s] -- Up-to-date: /home/isopodin-time/ros2_ws/install/uuv_control_msgs/share/uuv_control_msgs/srv/ResetController.idl
[3.399s] -- Up-to-date: /home/isopodin-time/ros2_ws/install/uuv_control_msgs/share/uuv_control_msgs/msg/Trajectory.msg
[3.399s] -- Up-to-date: /home/isopodin-time/ros2_ws/install/uuv_control_msgs/share/uuv_control_msgs/msg/TrajectoryPoint.msg
[3.399s] -- Up-to-date: /home/isopodin-time/ros2_ws/install/uuv_control_msgs/share/uuv_control_msgs/msg/Waypoint.msg
[3.400s] -- Up-to-date: /home/isopodin-time/ros2_ws/install/uuv_control_msgs/share/uuv_control_msgs/msg/WaypointSet.msg
[3.400s] -- Up-to-date: /home/isopodin-time/ros2_ws/install/uuv_control_msgs/share/uuv_control_msgs/srv/AddWaypoint.srv
[3.400s] -- Up-to-date: /home/isopodin-time/ros2_ws/install/uuv_control_msgs/share/uuv_control_msgs/srv/AddWaypoint_Request.msg
[3.400s] -- Up-to-date: /home/isopodin-time/ros2_ws/install/uuv_control_msgs/share/uuv_control_msgs/srv/AddWaypoint_Response.msg
[3.400s] -- Up-to-date: /home/isopodin-time/ros2_ws/install/uuv_control_msgs/share/uuv_control_msgs/srv/ClearWaypoints.srv
[3.400s] -- Up-to-date: /home/isopodin-time/ros2_ws/install/uuv_control_msgs/share/uuv_control_msgs/srv/ClearWaypoints_Request.msg
[3.400s] -- Up-to-date: /home/isopodin-time/ros2_ws/install/uuv_control_msgs/share/uuv_control_msgs/srv/ClearWaypoints_Response.msg
[3.400s] -- Up-to-date: /home/isopodin-time/ros2_ws/install/uuv_control_msgs/share/uuv_control_msgs/srv/InitCircularTrajectory.srv
[3.400s] -- Up-to-date: /home/isopodin-time/ros2_ws/install/uuv_control_msgs/share/uuv_control_msgs/srv/InitCircularTrajectory_Request.msg
[3.401s] -- Up-to-date: /home/isopodin-time/ros2_ws/install/uuv_control_msgs/share/uuv_control_msgs/srv/InitCircularTrajectory_Response.msg
[3.401s] -- Up-to-date: /home/isopodin-time/ros2_ws/install/uuv_control_msgs/share/uuv_control_msgs/srv/InitHelicalTrajectory.srv
[3.412s] -- Up-to-date: /home/isopodin-time/ros2_ws/install/uuv_control_msgs/share/uuv_control_msgs/srv/InitHelicalTrajectory_Request.msg
[3.426s] -- Up-to-date: /home/isopodin-time/ros2_ws/install/uuv_control_msgs/share/uuv_control_msgs/srv/InitHelicalTrajectory_Response.msg
[3.428s] -- Up-to-date: /home/isopodin-time/ros2_ws/install/uuv_control_msgs/share/uuv_control_msgs/srv/InitWaypointsFromFile.srv
[3.447s] -- Up-to-date: /home/isopodin-time/ros2_ws/install/uuv_control_msgs/share/uuv_control_msgs/srv/InitWaypointsFromFile_Request.msg
[3.447s] -- Up-to-date: /home/isopodin-time/ros2_ws/install/uuv_control_msgs/share/uuv_control_msgs/srv/InitWaypointsFromFile_Response.msg
[3.448s] -- Up-to-date: /home/isopodin-time/ros2_ws/install/uuv_control_msgs/share/uuv_control_msgs/srv/GetWaypoints.srv
[3.448s] -- Up-to-date: /home/isopodin-time/ros2_ws/install/uuv_control_msgs/share/uuv_control_msgs/srv/GetWaypoints_Request.msg
[3.449s] -- Up-to-date: /home/isopodin-time/ros2_ws/install/uuv_control_msgs/share/uuv_control_msgs/srv/GetWaypoints_Response.msg
[3.449s] -- Up-to-date: /home/isopodin-time/ros2_ws/install/uuv_control_msgs/share/uuv_control_msgs/srv/GoTo.srv
[3.450s] -- Up-to-date: /home/isopodin-time/ros2_ws/install/uuv_control_msgs/share/uuv_control_msgs/srv/GoTo_Request.msg
[3.450s] -- Up-to-date: /home/isopodin-time/ros2_ws/install/uuv_control_msgs/share/uuv_control_msgs/srv/GoTo_Response.msg
[3.450s] -- Up-to-date: /home/isopodin-time/ros2_ws/install/uuv_control_msgs/share/uuv_control_msgs/srv/GoToIncremental.srv
[3.450s] -- Up-to-date: /home/isopodin-time/ros2_ws/install/uuv_control_msgs/share/uuv_control_msgs/srv/GoToIncremental_Request.msg
[3.450s] -- Up-to-date: /home/isopodin-time/ros2_ws/install/uuv_control_msgs/share/uuv_control_msgs/srv/GoToIncremental_Response.msg
[3.450s] -- Up-to-date: /home/isopodin-time/ros2_ws/install/uuv_control_msgs/share/uuv_control_msgs/srv/Hold.srv
[3.451s] -- Up-to-date: /home/isopodin-time/ros2_ws/install/uuv_control_msgs/share/uuv_control_msgs/srv/Hold_Request.msg
[3.451s] -- Up-to-date: /home/isopodin-time/ros2_ws/install/uuv_control_msgs/share/uuv_control_msgs/srv/Hold_Response.msg
[3.452s] -- Up-to-date: /home/isopodin-time/ros2_ws/install/uuv_control_msgs/share/uuv_control_msgs/srv/IsRunningTrajectory.srv
[3.452s] -- Up-to-date: /home/isopodin-time/ros2_ws/install/uuv_control_msgs/share/uuv_control_msgs/srv/IsRunningTrajectory_Request.msg
[3.455s] -- Up-to-date: /home/isopodin-time/ros2_ws/install/uuv_control_msgs/share/uuv_control_msgs/srv/IsRunningTrajectory_Response.msg
[3.455s] -- Up-to-date: /home/isopodin-time/ros2_ws/install/uuv_control_msgs/share/uuv_control_msgs/srv/InitWaypointSet.srv
[3.456s] -- Up-to-date: /home/isopodin-time/ros2_ws/install/uuv_control_msgs/share/uuv_control_msgs/srv/InitWaypointSet_Request.msg
[3.457s] -- Up-to-date: /home/isopodin-time/ros2_ws/install/uuv_control_msgs/share/uuv_control_msgs/srv/InitWaypointSet_Response.msg
[3.459s] -- Up-to-date: /home/isopodin-time/ros2_ws/install/uuv_control_msgs/share/uuv_control_msgs/srv/InitRectTrajectory.srv
[3.459s] -- Up-to-date: /home/isopodin-time/ros2_ws/install/uuv_control_msgs/share/uuv_control_msgs/srv/InitRectTrajectory_Request.msg
[3.459s] -- Up-to-date: /home/isopodin-time/ros2_ws/install/uuv_control_msgs/share/uuv_control_msgs/srv/InitRectTrajectory_Response.msg
[3.460s] -- Up-to-date: /home/isopodin-time/ros2_ws/install/uuv_control_msgs/share/uuv_control_msgs/srv/StartTrajectory.srv
[3.460s] -- Up-to-date: /home/isopodin-time/ros2_ws/install/uuv_control_msgs/share/uuv_control_msgs/srv/StartTrajectory_Request.msg
[3.471s] -- Up-to-date: /home/isopodin-time/ros2_ws/install/uuv_control_msgs/share/uuv_control_msgs/srv/StartTrajectory_Response.msg
[3.471s] -- Up-to-date: /home/isopodin-time/ros2_ws/install/uuv_control_msgs/share/uuv_control_msgs/srv/SwitchToAutomatic.srv
[3.471s] -- Up-to-date: /home/isopodin-time/ros2_ws/install/uuv_control_msgs/share/uuv_control_msgs/srv/SwitchToAutomatic_Request.msg
[3.471s] -- Up-to-date: /home/isopodin-time/ros2_ws/install/uuv_control_msgs/share/uuv_control_msgs/srv/SwitchToAutomatic_Response.msg
[3.471s] -- Up-to-date: /home/isopodin-time/ros2_ws/install/uuv_control_msgs/share/uuv_control_msgs/srv/SwitchToManual.srv
[3.472s] -- Up-to-date: /home/isopodin-time/ros2_ws/install/uuv_control_msgs/share/uuv_control_msgs/srv/SwitchToManual_Request.msg
[3.472s] -- Up-to-date: /home/isopodin-time/ros2_ws/install/uuv_control_msgs/share/uuv_control_msgs/srv/SwitchToManual_Response.msg
[3.472s] -- Up-to-date: /home/isopodin-time/ros2_ws/install/uuv_control_msgs/share/uuv_control_msgs/srv/SetPIDParams.srv
[3.472s] -- Up-to-date: /home/isopodin-time/ros2_ws/install/uuv_control_msgs/share/uuv_control_msgs/srv/SetPIDParams_Request.msg
[3.473s] -- Up-to-date: /home/isopodin-time/ros2_ws/install/uuv_control_msgs/share/uuv_control_msgs/srv/SetPIDParams_Response.msg
[3.473s] -- Up-to-date: /home/isopodin-time/ros2_ws/install/uuv_control_msgs/share/uuv_control_msgs/srv/GetPIDParams.srv
[3.473s] -- Up-to-date: /home/isopodin-time/ros2_ws/install/uuv_control_msgs/share/uuv_control_msgs/srv/GetPIDParams_Request.msg
[3.474s] -- Up-to-date: /home/isopodin-time/ros2_ws/install/uuv_control_msgs/share/uuv_control_msgs/srv/GetPIDParams_Response.msg
[3.475s] -- Up-to-date: /home/isopodin-time/ros2_ws/install/uuv_control_msgs/share/uuv_control_msgs/srv/SetSMControllerParams.srv
[3.477s] -- Up-to-date: /home/isopodin-time/ros2_ws/install/uuv_control_msgs/share/uuv_control_msgs/srv/SetSMControllerParams_Request.msg
[3.480s] -- Up-to-date: /home/isopodin-time/ros2_ws/install/uuv_control_msgs/share/uuv_control_msgs/srv/SetSMControllerParams_Response.msg
[3.483s] -- Up-to-date: /home/isopodin-time/ros2_ws/install/uuv_control_msgs/share/uuv_control_msgs/srv/GetSMControllerParams.srv
[3.484s] -- Up-to-date: /home/isopodin-time/ros2_ws/install/uuv_control_msgs/share/uuv_control_msgs/srv/GetSMControllerParams_Request.msg
[3.485s] -- Up-to-date: /home/isopodin-time/ros2_ws/install/uuv_control_msgs/share/uuv_control_msgs/srv/GetSMControllerParams_Response.msg
[3.485s] -- Up-to-date: /home/isopodin-time/ros2_ws/install/uuv_control_msgs/share/uuv_control_msgs/srv/SetMBSMControllerParams.srv
[3.485s] -- Up-to-date: /home/isopodin-time/ros2_ws/install/uuv_control_msgs/share/uuv_control_msgs/srv/SetMBSMControllerParams_Request.msg
[3.485s] -- Up-to-date: /home/isopodin-time/ros2_ws/install/uuv_control_msgs/share/uuv_control_msgs/srv/SetMBSMControllerParams_Response.msg
[3.486s] -- Up-to-date: /home/isopodin-time/ros2_ws/install/uuv_control_msgs/share/uuv_control_msgs/srv/GetMBSMControllerParams.srv
[3.486s] -- Up-to-date: /home/isopodin-time/ros2_ws/install/uuv_control_msgs/share/uuv_control_msgs/srv/GetMBSMControllerParams_Request.msg
[3.486s] -- Up-to-date: /home/isopodin-time/ros2_ws/install/uuv_control_msgs/share/uuv_control_msgs/srv/GetMBSMControllerParams_Response.msg
[3.486s] -- Up-to-date: /home/isopodin-time/ros2_ws/install/uuv_control_msgs/share/uuv_control_msgs/srv/ResetController.srv
[3.486s] -- Up-to-date: /home/isopodin-time/ros2_ws/install/uuv_control_msgs/share/uuv_control_msgs/srv/ResetController_Request.msg
[3.486s] -- Up-to-date: /home/isopodin-time/ros2_ws/install/uuv_control_msgs/share/uuv_control_msgs/srv/ResetController_Response.msg
[3.487s] -- Up-to-date: /home/isopodin-time/ros2_ws/install/uuv_control_msgs/share/ament_index/resource_index/package_run_dependencies/uuv_control_msgs
[3.487s] -- Up-to-date: /home/isopodin-time/ros2_ws/install/uuv_control_msgs/share/ament_index/resource_index/parent_prefix_path/uuv_control_msgs
[3.487s] -- Up-to-date: /home/isopodin-time/ros2_ws/install/uuv_control_msgs/share/uuv_control_msgs/environment/ament_prefix_path.sh
[3.487s] -- Up-to-date: /home/isopodin-time/ros2_ws/install/uuv_control_msgs/share/uuv_control_msgs/environment/ament_prefix_path.dsv
[3.487s] -- Up-to-date: /home/isopodin-time/ros2_ws/install/uuv_control_msgs/share/uuv_control_msgs/environment/path.sh
[3.487s] -- Up-to-date: /home/isopodin-time/ros2_ws/install/uuv_control_msgs/share/uuv_control_msgs/environment/path.dsv
[3.488s] -- Up-to-date: /home/isopodin-time/ros2_ws/install/uuv_control_msgs/share/uuv_control_msgs/local_setup.bash
[3.488s] -- Up-to-date: /home/isopodin-time/ros2_ws/install/uuv_control_msgs/share/uuv_control_msgs/local_setup.sh
[3.488s] -- Up-to-date: /home/isopodin-time/ros2_ws/install/uuv_control_msgs/share/uuv_control_msgs/local_setup.zsh
[3.489s] -- Up-to-date: /home/isopodin-time/ros2_ws/install/uuv_control_msgs/share/uuv_control_msgs/local_setup.dsv
[3.494s] -- Installing: /home/isopodin-time/ros2_ws/install/uuv_control_msgs/share/uuv_control_msgs/package.dsv
[3.494s] -- Up-to-date: /home/isopodin-time/ros2_ws/install/uuv_control_msgs/share/ament_index/resource_index/packages/uuv_control_msgs
[3.494s] -- Up-to-date: /home/isopodin-time/ros2_ws/install/uuv_control_msgs/share/uuv_control_msgs/cmake/uuv_control_msgs__rosidl_generator_cExport.cmake
[3.495s] -- Up-to-date: /home/isopodin-time/ros2_ws/install/uuv_control_msgs/share/uuv_control_msgs/cmake/uuv_control_msgs__rosidl_generator_cExport-noconfig.cmake
[3.495s] -- Up-to-date: /home/isopodin-time/ros2_ws/install/uuv_control_msgs/share/uuv_control_msgs/cmake/uuv_control_msgs__rosidl_typesupport_introspection_cExport.cmake
[3.496s] -- Up-to-date: /home/isopodin-time/ros2_ws/install/uuv_control_msgs/share/uuv_control_msgs/cmake/uuv_control_msgs__rosidl_typesupport_introspection_cExport-noconfig.cmake
[3.496s] -- Up-to-date: /home/isopodin-time/ros2_ws/install/uuv_control_msgs/share/uuv_control_msgs/cmake/uuv_control_msgs__rosidl_typesupport_cExport.cmake
[3.496s] -- Up-to-date: /home/isopodin-time/ros2_ws/install/uuv_control_msgs/share/uuv_control_msgs/cmake/uuv_control_msgs__rosidl_typesupport_cExport-noconfig.cmake
[3.496s] -- Up-to-date: /home/isopodin-time/ros2_ws/install/uuv_control_msgs/share/uuv_control_msgs/cmake/uuv_control_msgs__rosidl_generator_cppExport.cmake
[3.497s] -- Up-to-date: /home/isopodin-time/ros2_ws/install/uuv_control_msgs/share/uuv_control_msgs/cmake/uuv_control_msgs__rosidl_typesupport_introspection_cppExport.cmake
[3.497s] -- Up-to-date: /home/isopodin-time/ros2_ws/install/uuv_control_msgs/share/uuv_control_msgs/cmake/uuv_control_msgs__rosidl_typesupport_introspection_cppExport-noconfig.cmake
[3.497s] -- Up-to-date: /home/isopodin-time/ros2_ws/install/uuv_control_msgs/share/uuv_control_msgs/cmake/uuv_control_msgs__rosidl_typesupport_cppExport.cmake
[3.497s] -- Up-to-date: /home/isopodin-time/ros2_ws/install/uuv_control_msgs/share/uuv_control_msgs/cmake/uuv_control_msgs__rosidl_typesupport_cppExport-noconfig.cmake
[3.497s] -- Up-to-date: /home/isopodin-time/ros2_ws/install/uuv_control_msgs/share/uuv_control_msgs/cmake/rosidl_cmake-extras.cmake
[3.498s] -- Up-to-date: /home/isopodin-time/ros2_ws/install/uuv_control_msgs/share/uuv_control_msgs/cmake/ament_cmake_export_dependencies-extras.cmake
[3.498s] -- Up-to-date: /home/isopodin-time/ros2_ws/install/uuv_control_msgs/share/uuv_control_msgs/cmake/ament_cmake_export_libraries-extras.cmake
[3.498s] -- Up-to-date: /home/isopodin-time/ros2_ws/install/uuv_control_msgs/share/uuv_control_msgs/cmake/ament_cmake_export_targets-extras.cmake
[3.499s] -- Up-to-date: /home/isopodin-time/ros2_ws/install/uuv_control_msgs/share/uuv_control_msgs/cmake/ament_cmake_export_include_directories-extras.cmake
[3.499s] -- Up-to-date: /home/isopodin-time/ros2_ws/install/uuv_control_msgs/share/uuv_control_msgs/cmake/rosidl_cmake_export_typesupport_libraries-extras.cmake
[3.499s] -- Up-to-date: /home/isopodin-time/ros2_ws/install/uuv_control_msgs/share/uuv_control_msgs/cmake/rosidl_cmake_export_typesupport_targets-extras.cmake
[3.500s] -- Up-to-date: /home/isopodin-time/ros2_ws/install/uuv_control_msgs/share/uuv_control_msgs/cmake/uuv_control_msgsConfig.cmake
[3.500s] -- Up-to-date: /home/isopodin-time/ros2_ws/install/uuv_control_msgs/share/uuv_control_msgs/cmake/uuv_control_msgsConfig-version.cmake
[3.501s] -- Up-to-date: /home/isopodin-time/ros2_ws/install/uuv_control_msgs/share/uuv_control_msgs/package.xml
[3.646s] Invoked command in '/home/isopodin-time/ros2_ws/build/uuv_control_msgs' returned '0': CMAKE_PREFIX_PATH=${CMAKE_PREFIX_PATH}:/opt/ros/foxy /usr/bin/cmake --install /home/isopodin-time/ros2_ws/build/uuv_control_msgs
