[0.382s] Invoking command in '/home/isopodin-time/ros2_ws/build/uuv_sensor_ros_plugins': CMAKE_PREFIX_PATH=/home/isopodin-time/ros2_ws/install/uuv_sensor_ros_plugins_msgs:/home/isopodin-time/ros2_ws/install/uuv_gazebo_plugins:/home/isopodin-time/ros2_ws/install/plankton:/home/isopodin-time/ros2_ws/install/uuv_simulator:/home/isopodin-time/ros2_ws/install/uuv_world_ros_plugins:/home/isopodin-time/ros2_ws/install/uuv_control_utils:/home/isopodin-time/ros2_ws/install/uuv_world_ros_plugins_msgs:/home/isopodin-time/ros2_ws/install/uuv_world_plugins:/home/isopodin-time/ros2_ws/install/uuv_trajectory_control:/home/isopodin-time/ros2_ws/install/uuv_teleop:/home/isopodin-time/ros2_ws/install/uuv_thruster_manager:/home/isopodin-time/ros2_ws/install/uuv_descriptions:/home/isopodin-time/ros2_ws/install/uuv_sensor_ros_plugins:/home/isopodin-time/ros2_ws/install/uuv_gazebo_worlds:/home/isopodin-time/ros2_ws/install/uuv_gazebo_ros_plugins:/home/isopodin-time/ros2_ws/install/uuv_gazebo_ros_plugins_msgs:/home/isopodin-time/ros2_ws/install/uuv_gazebo:/home/isopodin-time/ros2_ws/install/uuv_control_msgs:/home/isopodin-time/ros2_ws/install/uuv_control_cascaded_pid:/home/isopodin-time/ros2_ws/install/uuv_auv_control_allocator:/home/isopodin-time/ros2_ws/install/uuv_assistants:/home/isopodin-time/ros2_ws/install/plankton_utils:/home/isopodin-time/ros2_ws/install/muuv_sim:/home/isopodin-time/ros2_ws/install/muuv_ros:/opt/ros/foxy LD_LIBRARY_PATH=/home/isopodin-time/ros2_ws/install/uuv_sensor_ros_plugins_msgs/lib:/home/isopodin-time/ros2_ws/install/uuv_gazebo_plugins/lib:/home/isopodin-time/ros2_ws/install/uuv_world_ros_plugins/lib:/home/isopodin-time/ros2_ws/install/uuv_world_ros_plugins_msgs/lib:/home/isopodin-time/ros2_ws/install/uuv_world_plugins/lib:/home/isopodin-time/ros2_ws/install/uuv_thruster_manager/lib:/home/isopodin-time/ros2_ws/install/uuv_sensor_ros_plugins/lib:/home/isopodin-time/ros2_ws/install/uuv_gazebo_ros_plugins/lib:/home/isopodin-time/ros2_ws/install/uuv_gazebo_ros_plugins_msgs/lib:/home/isopodin-time/ros2_ws/install/uuv_control_msgs/lib:/home/isopodin-time/ros2_ws/install/uuv_auv_control_allocator/lib:/usr/lib/x86_64-linux-gnu/gazebo-11/plugins:/opt/ros/foxy/opt/yaml_cpp_vendor/lib:/opt/ros/foxy/opt/rviz_ogre_vendor/lib:/opt/ros/foxy/lib/x86_64-linux-gnu:/opt/ros/foxy/lib:/usr/lib/x86_64-linux-gnu/gazebo-11/plugins PYTHONPATH=/home/isopodin-time/ros2_ws/install/uuv_sensor_ros_plugins_msgs/lib/python3.8/site-packages:/home/isopodin-time/ros2_ws/install/uuv_world_ros_plugins_msgs/lib/python3.8/site-packages:/home/isopodin-time/ros2_ws/install/uuv_trajectory_control/lib/python3.8/site-packages:/home/isopodin-time/ros2_ws/install/uuv_thruster_manager/lib/python3.8/site-packages:/home/isopodin-time/ros2_ws/install/uuv_gazebo_ros_plugins_msgs/lib/python3.8/site-packages:/home/isopodin-time/ros2_ws/install/uuv_control_msgs/lib/python3.8/site-packages:/home/isopodin-time/ros2_ws/install/uuv_control_cascaded_pid/lib/python3.8/site-packages:/home/isopodin-time/ros2_ws/install/uuv_auv_control_allocator/lib/python3.8/site-packages:/home/isopodin-time/ros2_ws/install/uuv_assistants/lib/python3.8/site-packages:/home/isopodin-time/ros2_ws/install/plankton_utils/lib/python3.8/site-packages:/opt/ros/foxy/lib/python3.8/site-packages /usr/bin/cmake /home/isopodin-time/ros2_ws/src/Plankton/uuv_sensor_plugins/uuv_sensor_ros_plugins -DCMAKE_INSTALL_PREFIX=/home/isopodin-time/ros2_ws/install/uuv_sensor_ros_plugins
[0.678s] -- The C compiler identification is GNU 9.4.0
[1.152s] -- The CXX compiler identification is GNU 9.4.0
[1.350s] -- Check for working C compiler: /usr/bin/cc
[1.610s] -- Check for working C compiler: /usr/bin/cc -- works
[1.610s] -- Detecting C compiler ABI info
[1.900s] -- Detecting C compiler ABI info - done
[1.907s] -- Detecting C compile features
[1.908s] -- Detecting C compile features - done
[1.915s] -- Check for working CXX compiler: /usr/bin/c++
[2.238s] -- Check for working CXX compiler: /usr/bin/c++ -- works
[2.250s] -- Detecting CXX compiler ABI info
[2.530s] -- Detecting CXX compiler ABI info - done
[2.539s] -- Detecting CXX compile features
[2.541s] -- Detecting CXX compile features - done
[2.542s] -- PROTOBUF_IMPORT_DIRS = 
[2.549s] -- Found image_transport: 2.4.0 (/opt/ros/foxy/share/image_transport/cmake)
[2.597s] -- Found PythonInterp: /usr/bin/python3 (found suitable version "3.8.10", minimum required is "3") 
[2.598s] -- Using PYTHON_EXECUTABLE: /usr/bin/python3
[3.325s] -- Using all available rosidl_typesupport_c: rosidl_typesupport_fastrtps_c;rosidl_typesupport_introspection_c
[3.347s] -- Found rosidl_adapter: 1.3.1 (/opt/ros/foxy/share/rosidl_adapter/cmake)
[5.419s] -- Found OpenSSL: /usr/lib/x86_64-linux-gnu/libcrypto.so (found version "1.1.1f")  
[7.412s] -- Found FastRTPS: /opt/ros/foxy/include  
[10.567s] -- Using all available rosidl_typesupport_cpp: rosidl_typesupport_fastrtps_cpp;rosidl_typesupport_introspection_cpp
[10.673s] -- Found rmw_implementation_cmake: 1.0.4 (/opt/ros/foxy/share/rmw_implementation_cmake/cmake)
[10.676s] -- Using RMW implementation 'rmw_fastrtps_cpp' as default
[10.677s] -- Looking for pthread.h
[10.935s] -- Looking for pthread.h - found
[10.935s] -- Performing Test CMAKE_HAVE_LIBC_PTHREAD
[11.192s] -- Performing Test CMAKE_HAVE_LIBC_PTHREAD - Failed
[11.193s] -- Looking for pthread_create in pthreads
[11.432s] -- Looking for pthread_create in pthreads - not found
[11.433s] -- Looking for pthread_create in pthread
[11.670s] -- Looking for pthread_create in pthread - found
[11.672s] -- Found Threads: TRUE  
[13.942s] -- Found nav_msgs: 2.0.5 (/opt/ros/foxy/share/nav_msgs/cmake)
[14.084s] -- Found uuv_gazebo_plugins: 0.6.1 (/home/isopodin-time/ros2_ws/install/uuv_gazebo_plugins/share/uuv_gazebo_plugins/cmake)
[14.099s] -- Found PkgConfig: /usr/bin/pkg-config (found version "0.29.1") 
[14.101s] -- Checking for module 'bullet>=2.82'
[14.129s] --   Found bullet, version 2.88
[16.303s] -- Found ccd: /usr/include (found suitable version "2.0", minimum required is "2.0") 
[16.456s] -- Found fcl: /usr/include (found suitable version "0.5.0", minimum required is "0.3.2") 
[16.661s] -- Found assimp: /usr/include (found version "5.0.0") 
[16.700s] -- Found DART: /usr/include (Required is at least version "6.6") found components: dart 
[16.738s] -- Found Boost: /usr/lib/x86_64-linux-gnu/cmake/Boost-1.71.0/BoostConfig.cmake (found suitable version "1.71.0", minimum required is "1.40.0") found components: thread system filesystem program_options regex iostreams date_time 
[17.431s] -- Found Protobuf: /usr/lib/x86_64-linux-gnu/libprotobuf.so;-lpthread (found version "3.6.1") 
[17.441s] -- Looking for ignition-math6 -- found version 6.14.0
[17.450s] -- Searching for dependencies of ignition-math6
[17.453s] -- Looking for OGRE...
[17.453s] -- OGRE_PREFIX_WATCH changed.
[17.460s] -- Checking for module 'OGRE'
[17.486s] --   Found OGRE, version 1.9.0
[17.661s] -- Found Ogre Ghadamon (1.9.0)
[18.900s] -- Found OGRE: optimized;/usr/lib/x86_64-linux-gnu/libOgreMain.so;debug;/usr/lib/x86_64-linux-gnu/libOgreMain.so
[18.921s] -- Looking for OGRE_Paging...
[19.589s] -- Found OGRE_Paging: optimized;/usr/lib/x86_64-linux-gnu/libOgrePaging.so;debug;/usr/lib/x86_64-linux-gnu/libOgrePaging.so
[19.589s] -- Looking for OGRE_Terrain...
[20.203s] -- Found OGRE_Terrain: optimized;/usr/lib/x86_64-linux-gnu/libOgreTerrain.so;debug;/usr/lib/x86_64-linux-gnu/libOgreTerrain.so
[20.203s] -- Looking for OGRE_Property...
[20.876s] -- Found OGRE_Property: optimized;/usr/lib/x86_64-linux-gnu/libOgreProperty.so;debug;/usr/lib/x86_64-linux-gnu/libOgreProperty.so
[20.877s] -- Looking for OGRE_RTShaderSystem...
[21.451s] -- Found OGRE_RTShaderSystem: optimized;/usr/lib/x86_64-linux-gnu/libOgreRTShaderSystem.so;debug;/usr/lib/x86_64-linux-gnu/libOgreRTShaderSystem.so
[21.451s] -- Looking for OGRE_Volume...
[22.059s] -- Found OGRE_Volume: optimized;/usr/lib/x86_64-linux-gnu/libOgreVolume.so;debug;/usr/lib/x86_64-linux-gnu/libOgreVolume.so
[22.059s] -- Looking for OGRE_Overlay...
[22.629s] -- Found OGRE_Overlay: optimized;/usr/lib/x86_64-linux-gnu/libOgreOverlay.so;debug;/usr/lib/x86_64-linux-gnu/libOgreOverlay.so
[51.993s] -- Looking for ignition-math6 -- found version 6.14.0
[52.000s] -- Looking for ignition-transport8 -- found version 8.4.0
[52.001s] -- Searching for dependencies of ignition-transport8
[53.531s] -- Found Protobuf: /usr/lib/x86_64-linux-gnu/libprotobuf.so;-lpthread (found suitable version "3.6.1", minimum required is "3") 
[54.979s] -- Config-file not installed for ZeroMQ -- checking for pkg-config
[54.986s] -- Checking for module 'libzmq >= 4'
[55.014s] --   Found libzmq , version 4.3.2
[55.181s] -- Found ZeroMQ: TRUE (Required is at least version "4") 
[55.242s] -- Checking for module 'uuid'
[55.267s] --   Found uuid, version 2.34.0
[55.437s] -- Found UUID: TRUE  
[55.441s] -- Looking for ignition-msgs5 -- found version 5.11.0
[55.442s] -- Searching for dependencies of ignition-msgs5
[56.837s] -- Looking for ignition-math6 -- found version 6.14.0
[56.845s] -- Checking for module 'tinyxml2'
[56.872s] --   Found tinyxml2, version 6.2.0
[57.052s] -- Looking for ignition-msgs5 -- found version 5.11.0
[57.055s] -- Looking for ignition-common3 -- found version 3.16.0
[57.056s] -- Searching for dependencies of ignition-common3
[57.118s] -- Looking for dlfcn.h - found
[57.180s] -- Looking for libdl - found
[57.182s] -- Found DL: TRUE  
[57.316s] -- Searching for <ignition-common3> component [graphics]
[57.319s] -- Looking for ignition-common3-graphics -- found version 3.16.0
[57.320s] -- Searching for dependencies of ignition-common3-graphics
[57.320s] -- Looking for ignition-math6 -- found version 6.14.0
[57.324s] -- Looking for ignition-fuel_tools4 -- found version 4.9.0
[57.325s] -- Searching for dependencies of ignition-fuel_tools4
[57.785s] -- Found CURL: /usr/lib/x86_64-linux-gnu/libcurl.so (found version "7.68.0")  
[57.798s] -- Checking for module 'jsoncpp'
[57.821s] --   Found jsoncpp, version 1.7.4
[58.014s] -- Found JSONCPP: TRUE  
[58.026s] -- Checking for module 'libzip'
[58.051s] --   Found libzip, version 1.5.1
[58.232s] -- Found ZIP: TRUE  
[58.233s] -- Looking for ignition-common3 -- found version 3.16.0
[58.233s] -- Looking for ignition-math6 -- found version 6.14.0
[58.234s] -- Looking for ignition-msgs5 -- found version 5.11.0
[58.236s] -- Gazebo version: 11.13
[58.249s] -- Found gazebo_plugins: 3.5.3 (/opt/ros/foxy/share/gazebo_plugins/cmake)
[58.812s] -- Found laser_geometry: 2.2.0 (/opt/ros/foxy/share/laser_geometry/cmake)
[58.852s] -- Found uuv_sensor_ros_plugins_msgs: 0.6.13 (/home/isopodin-time/ros2_ws/install/uuv_sensor_ros_plugins_msgs/share/uuv_sensor_ros_plugins_msgs/cmake)
[59.029s] -- Found tf2: 0.13.14 (/opt/ros/foxy/share/tf2/cmake)
[59.056s] -- Found tf2_ros: 0.13.14 (/opt/ros/foxy/share/tf2_ros/cmake)
[60.179s] -- Found Eigen3: TRUE (found version "3.3.7") 
[60.181s] -- Looking for OGRE...
[60.194s] -- Found Ogre Ghadamon (1.9.0)
[60.216s] -- Looking for OGRE_Paging...
[60.216s] -- Looking for OGRE_Terrain...
[60.217s] -- Looking for OGRE_Property...
[60.217s] -- Looking for OGRE_RTShaderSystem...
[60.218s] -- Looking for OGRE_Volume...
[60.218s] -- Looking for OGRE_Overlay...
[126.829s] -- Found OpenCV: /usr (found version "4.2.0") 
[126.868s] -- Found Protobuf: /usr/lib/x86_64-linux-gnu/libprotobuf.so;-lpthread (found version "3.6.1") 
[126.871s] -- PROTOBUF_IMPORT_DIRS = /usr/include/gazebo-11/gazebo/msgs/proto
[126.872s] -- GAZEBO_MSG_INCLUDE_DIRS = /usr/include/gazebo-11/gazebo/msgs
[127.536s] -- Found ament_cmake_pytest: 0.9.12 (/opt/ros/foxy/share/ament_cmake_pytest/cmake)
[127.548s] -- Found xacro: 2.0.7 (/opt/ros/foxy/share/xacro/cmake)
[128.851s] -- Configuring done
[140.002s] -- Generating done
[140.010s] -- Build files have been written to: /home/isopodin-time/ros2_ws/build/uuv_sensor_ros_plugins
[140.081s] Invoked command in '/home/isopodin-time/ros2_ws/build/uuv_sensor_ros_plugins' returned '0': CMAKE_PREFIX_PATH=/home/isopodin-time/ros2_ws/install/uuv_sensor_ros_plugins_msgs:/home/isopodin-time/ros2_ws/install/uuv_gazebo_plugins:/home/isopodin-time/ros2_ws/install/plankton:/home/isopodin-time/ros2_ws/install/uuv_simulator:/home/isopodin-time/ros2_ws/install/uuv_world_ros_plugins:/home/isopodin-time/ros2_ws/install/uuv_control_utils:/home/isopodin-time/ros2_ws/install/uuv_world_ros_plugins_msgs:/home/isopodin-time/ros2_ws/install/uuv_world_plugins:/home/isopodin-time/ros2_ws/install/uuv_trajectory_control:/home/isopodin-time/ros2_ws/install/uuv_teleop:/home/isopodin-time/ros2_ws/install/uuv_thruster_manager:/home/isopodin-time/ros2_ws/install/uuv_descriptions:/home/isopodin-time/ros2_ws/install/uuv_sensor_ros_plugins:/home/isopodin-time/ros2_ws/install/uuv_gazebo_worlds:/home/isopodin-time/ros2_ws/install/uuv_gazebo_ros_plugins:/home/isopodin-time/ros2_ws/install/uuv_gazebo_ros_plugins_msgs:/home/isopodin-time/ros2_ws/install/uuv_gazebo:/home/isopodin-time/ros2_ws/install/uuv_control_msgs:/home/isopodin-time/ros2_ws/install/uuv_control_cascaded_pid:/home/isopodin-time/ros2_ws/install/uuv_auv_control_allocator:/home/isopodin-time/ros2_ws/install/uuv_assistants:/home/isopodin-time/ros2_ws/install/plankton_utils:/home/isopodin-time/ros2_ws/install/muuv_sim:/home/isopodin-time/ros2_ws/install/muuv_ros:/opt/ros/foxy LD_LIBRARY_PATH=/home/isopodin-time/ros2_ws/install/uuv_sensor_ros_plugins_msgs/lib:/home/isopodin-time/ros2_ws/install/uuv_gazebo_plugins/lib:/home/isopodin-time/ros2_ws/install/uuv_world_ros_plugins/lib:/home/isopodin-time/ros2_ws/install/uuv_world_ros_plugins_msgs/lib:/home/isopodin-time/ros2_ws/install/uuv_world_plugins/lib:/home/isopodin-time/ros2_ws/install/uuv_thruster_manager/lib:/home/isopodin-time/ros2_ws/install/uuv_sensor_ros_plugins/lib:/home/isopodin-time/ros2_ws/install/uuv_gazebo_ros_plugins/lib:/home/isopodin-time/ros2_ws/install/uuv_gazebo_ros_plugins_msgs/lib:/home/isopodin-time/ros2_ws/install/uuv_control_msgs/lib:/home/isopodin-time/ros2_ws/install/uuv_auv_control_allocator/lib:/usr/lib/x86_64-linux-gnu/gazebo-11/plugins:/opt/ros/foxy/opt/yaml_cpp_vendor/lib:/opt/ros/foxy/opt/rviz_ogre_vendor/lib:/opt/ros/foxy/lib/x86_64-linux-gnu:/opt/ros/foxy/lib:/usr/lib/x86_64-linux-gnu/gazebo-11/plugins PYTHONPATH=/home/isopodin-time/ros2_ws/install/uuv_sensor_ros_plugins_msgs/lib/python3.8/site-packages:/home/isopodin-time/ros2_ws/install/uuv_world_ros_plugins_msgs/lib/python3.8/site-packages:/home/isopodin-time/ros2_ws/install/uuv_trajectory_control/lib/python3.8/site-packages:/home/isopodin-time/ros2_ws/install/uuv_thruster_manager/lib/python3.8/site-packages:/home/isopodin-time/ros2_ws/install/uuv_gazebo_ros_plugins_msgs/lib/python3.8/site-packages:/home/isopodin-time/ros2_ws/install/uuv_control_msgs/lib/python3.8/site-packages:/home/isopodin-time/ros2_ws/install/uuv_control_cascaded_pid/lib/python3.8/site-packages:/home/isopodin-time/ros2_ws/install/uuv_auv_control_allocator/lib/python3.8/site-packages:/home/isopodin-time/ros2_ws/install/uuv_assistants/lib/python3.8/site-packages:/home/isopodin-time/ros2_ws/install/plankton_utils/lib/python3.8/site-packages:/opt/ros/foxy/lib/python3.8/site-packages /usr/bin/cmake /home/isopodin-time/ros2_ws/src/Plankton/uuv_sensor_plugins/uuv_sensor_ros_plugins -DCMAKE_INSTALL_PREFIX=/home/isopodin-time/ros2_ws/install/uuv_sensor_ros_plugins
[140.100s] Invoking command in '/home/isopodin-time/ros2_ws/build/uuv_sensor_ros_plugins': CMAKE_PREFIX_PATH=/home/isopodin-time/ros2_ws/install/uuv_sensor_ros_plugins_msgs:/home/isopodin-time/ros2_ws/install/uuv_gazebo_plugins:/home/isopodin-time/ros2_ws/install/plankton:/home/isopodin-time/ros2_ws/install/uuv_simulator:/home/isopodin-time/ros2_ws/install/uuv_world_ros_plugins:/home/isopodin-time/ros2_ws/install/uuv_control_utils:/home/isopodin-time/ros2_ws/install/uuv_world_ros_plugins_msgs:/home/isopodin-time/ros2_ws/install/uuv_world_plugins:/home/isopodin-time/ros2_ws/install/uuv_trajectory_control:/home/isopodin-time/ros2_ws/install/uuv_teleop:/home/isopodin-time/ros2_ws/install/uuv_thruster_manager:/home/isopodin-time/ros2_ws/install/uuv_descriptions:/home/isopodin-time/ros2_ws/install/uuv_sensor_ros_plugins:/home/isopodin-time/ros2_ws/install/uuv_gazebo_worlds:/home/isopodin-time/ros2_ws/install/uuv_gazebo_ros_plugins:/home/isopodin-time/ros2_ws/install/uuv_gazebo_ros_plugins_msgs:/home/isopodin-time/ros2_ws/install/uuv_gazebo:/home/isopodin-time/ros2_ws/install/uuv_control_msgs:/home/isopodin-time/ros2_ws/install/uuv_control_cascaded_pid:/home/isopodin-time/ros2_ws/install/uuv_auv_control_allocator:/home/isopodin-time/ros2_ws/install/uuv_assistants:/home/isopodin-time/ros2_ws/install/plankton_utils:/home/isopodin-time/ros2_ws/install/muuv_sim:/home/isopodin-time/ros2_ws/install/muuv_ros:/opt/ros/foxy LD_LIBRARY_PATH=/home/isopodin-time/ros2_ws/install/uuv_sensor_ros_plugins_msgs/lib:/home/isopodin-time/ros2_ws/install/uuv_gazebo_plugins/lib:/home/isopodin-time/ros2_ws/install/uuv_world_ros_plugins/lib:/home/isopodin-time/ros2_ws/install/uuv_world_ros_plugins_msgs/lib:/home/isopodin-time/ros2_ws/install/uuv_world_plugins/lib:/home/isopodin-time/ros2_ws/install/uuv_thruster_manager/lib:/home/isopodin-time/ros2_ws/install/uuv_sensor_ros_plugins/lib:/home/isopodin-time/ros2_ws/install/uuv_gazebo_ros_plugins/lib:/home/isopodin-time/ros2_ws/install/uuv_gazebo_ros_plugins_msgs/lib:/home/isopodin-time/ros2_ws/install/uuv_control_msgs/lib:/home/isopodin-time/ros2_ws/install/uuv_auv_control_allocator/lib:/usr/lib/x86_64-linux-gnu/gazebo-11/plugins:/opt/ros/foxy/opt/yaml_cpp_vendor/lib:/opt/ros/foxy/opt/rviz_ogre_vendor/lib:/opt/ros/foxy/lib/x86_64-linux-gnu:/opt/ros/foxy/lib:/usr/lib/x86_64-linux-gnu/gazebo-11/plugins PYTHONPATH=/home/isopodin-time/ros2_ws/install/uuv_sensor_ros_plugins_msgs/lib/python3.8/site-packages:/home/isopodin-time/ros2_ws/install/uuv_world_ros_plugins_msgs/lib/python3.8/site-packages:/home/isopodin-time/ros2_ws/install/uuv_trajectory_control/lib/python3.8/site-packages:/home/isopodin-time/ros2_ws/install/uuv_thruster_manager/lib/python3.8/site-packages:/home/isopodin-time/ros2_ws/install/uuv_gazebo_ros_plugins_msgs/lib/python3.8/site-packages:/home/isopodin-time/ros2_ws/install/uuv_control_msgs/lib/python3.8/site-packages:/home/isopodin-time/ros2_ws/install/uuv_control_cascaded_pid/lib/python3.8/site-packages:/home/isopodin-time/ros2_ws/install/uuv_auv_control_allocator/lib/python3.8/site-packages:/home/isopodin-time/ros2_ws/install/uuv_assistants/lib/python3.8/site-packages:/home/isopodin-time/ros2_ws/install/plankton_utils/lib/python3.8/site-packages:/opt/ros/foxy/lib/python3.8/site-packages /usr/bin/cmake --build /home/isopodin-time/ros2_ws/build/uuv_sensor_ros_plugins -- -j8 -l8
[140.169s] [35m[1mScanning dependencies of target uuv_gazebo_ros_camera_plugin[0m
[140.170s] [35m[1mScanning dependencies of target image_sonar_ros_plugin[0m
[140.174s] [35m[1mScanning dependencies of target uuv_gazebo_ros_base_model_plugin[0m
[140.174s] [35m[1mScanning dependencies of target uuv_gazebo_ros_gps_plugin[0m
[140.174s] [  1%] [34m[1mRunning cpp protocol buffer compiler on /usr/include/gazebo-11/gazebo/msgs/proto/quaternion.proto[0m
[140.176s] [35m[1mScanning dependencies of target uuv_gazebo_ros_pose_gt_plugin[0m
[140.178s] [35m[1mScanning dependencies of target uuv_gazebo_ros_base_sensor_plugin[0m
[140.184s] [35m[1mScanning dependencies of target uuv_gazebo_ros_cpc_plugin[0m
[140.204s] [  3%] [32mBuilding CXX object CMakeFiles/uuv_gazebo_ros_camera_plugin.dir/src/UnderwaterCameraROSPlugin.cpp.o[0m
[140.206s] [  5%] [34m[1mRunning cpp protocol buffer compiler on msgs/SensorDvl.proto[0m
[140.210s] [  7%] [32mBuilding CXX object CMakeFiles/image_sonar_ros_plugin.dir/src/gazebo_ros_image_sonar.cpp.o[0m
[140.228s] [  8%] [34m[1mRunning cpp protocol buffer compiler on msgs/SensorImu.proto[0m
[140.251s] [ 10%] [34m[1mRunning cpp protocol buffer compiler on msgs/SensorMagnetic.proto[0m
[140.266s] [ 14%] [32m[1mLinking CXX shared library libuuv_gazebo_ros_camera_plugin.so[0m
[140.266s] [ 14%] [32m[1mLinking CXX shared library libimage_sonar_ros_plugin.so[0m
[140.274s] [ 15%] [34m[1mRunning cpp protocol buffer compiler on msgs/SensorPressure.proto[0m
[140.296s] [ 17%] [34m[1mRunning cpp protocol buffer compiler on msgs/SensorRpt.proto[0m
[140.318s] [ 19%] [34m[1mRunning cpp protocol buffer compiler on /usr/include/gazebo-11/gazebo/msgs/proto/vector3d.proto[0m
[140.447s] [35m[1mScanning dependencies of target uuv_sensor_gazebo_msgs[0m
[140.479s] [ 21%] [32mBuilding CXX object CMakeFiles/uuv_sensor_gazebo_msgs.dir/SensorDvl.pb.cc.o[0m
[140.874s] [ 22%] [32mBuilding CXX object CMakeFiles/uuv_gazebo_ros_base_model_plugin.dir/src/ROSBasePlugin.cpp.o[0m
[140.916s] [ 24%] [32mBuilding CXX object CMakeFiles/uuv_gazebo_ros_gps_plugin.dir/src/GPSROSPlugin.cpp.o[0m
[140.930s] [ 26%] [32mBuilding CXX object CMakeFiles/uuv_gazebo_ros_cpc_plugin.dir/src/CPCROSPlugin.cpp.o[0m
[140.932s] [ 28%] [32mBuilding CXX object CMakeFiles/uuv_gazebo_ros_base_sensor_plugin.dir/src/ROSBasePlugin.cpp.o[0m
[140.954s] [ 29%] [32mBuilding CXX object CMakeFiles/uuv_gazebo_ros_pose_gt_plugin.dir/src/PoseGTROSPlugin.cpp.o[0m
[142.111s] [ 29%] Built target image_sonar_ros_plugin
[142.131s] [ 31%] [32mBuilding CXX object CMakeFiles/uuv_gazebo_ros_pose_gt_plugin.dir/src/ROSBasePlugin.cpp.o[0m
[142.140s] [ 31%] Built target uuv_gazebo_ros_camera_plugin
[142.159s] [ 33%] [32mBuilding CXX object CMakeFiles/uuv_gazebo_ros_cpc_plugin.dir/src/ROSBasePlugin.cpp.o[0m
[142.579s] [ 35%] [32mBuilding CXX object CMakeFiles/uuv_sensor_gazebo_msgs.dir/SensorImu.pb.cc.o[0m
[144.396s] [ 36%] [32mBuilding CXX object CMakeFiles/uuv_sensor_gazebo_msgs.dir/SensorMagnetic.pb.cc.o[0m
[146.035s] [ 38%] [32mBuilding CXX object CMakeFiles/uuv_sensor_gazebo_msgs.dir/SensorPressure.pb.cc.o[0m
[147.876s] [ 40%] [32mBuilding CXX object CMakeFiles/uuv_sensor_gazebo_msgs.dir/SensorRpt.pb.cc.o[0m
[149.835s] [ 42%] [32mBuilding CXX object CMakeFiles/uuv_sensor_gazebo_msgs.dir/vector3d.pb.cc.o[0m
[151.657s] [ 43%] [32mBuilding CXX object CMakeFiles/uuv_sensor_gazebo_msgs.dir/quaternion.pb.cc.o[0m
[153.901s] [ 45%] [32m[1mLinking CXX shared library libuuv_sensor_gazebo_msgs.so[0m
[154.685s] [ 45%] Built target uuv_sensor_gazebo_msgs
[154.723s] [ 47%] [32mBuilding CXX object CMakeFiles/uuv_gazebo_ros_pose_gt_plugin.dir/src/ROSBaseModelPlugin.cpp.o[0m
[200.697s] [01m[Kc++:[m[K [01;31m[Kfatal error: [m[KKilled signal terminated program cc1plus
[200.724s] compilation terminated.
[200.724s] make[2]: *** [CMakeFiles/uuv_gazebo_ros_base_model_plugin.dir/build.make:63: CMakeFiles/uuv_gazebo_ros_base_model_plugin.dir/src/ROSBasePlugin.cpp.o] Error 1
[200.724s] make[1]: *** [CMakeFiles/Makefile2:210: CMakeFiles/uuv_gazebo_ros_base_model_plugin.dir/all] Error 2
[200.726s] make[1]: *** Waiting for unfinished jobs....
[204.748s] [ 49%] [32mBuilding CXX object CMakeFiles/uuv_gazebo_ros_gps_plugin.dir/src/ROSBasePlugin.cpp.o[0m
[210.768s] [ 50%] [32mBuilding CXX object CMakeFiles/uuv_gazebo_ros_base_sensor_plugin.dir/src/ROSBaseSensorPlugin.cpp.o[0m
[210.944s] [ 52%] [32mBuilding CXX object CMakeFiles/uuv_gazebo_ros_cpc_plugin.dir/src/ROSBaseModelPlugin.cpp.o[0m
[214.541s] [ 54%] [32m[1mLinking CXX shared library libuuv_gazebo_ros_pose_gt_plugin.so[0m
[230.050s] [ 56%] [32m[1mLinking CXX shared library libuuv_gazebo_ros_base_sensor_plugin.so[0m
[232.485s] [ 57%] [32m[1mLinking CXX shared library libuuv_gazebo_ros_cpc_plugin.so[0m
[233.822s] [ 59%] [32mBuilding CXX object CMakeFiles/uuv_gazebo_ros_gps_plugin.dir/src/ROSBaseSensorPlugin.cpp.o[0m
[253.291s] [ 61%] [32m[1mLinking CXX shared library libuuv_gazebo_ros_gps_plugin.so[0m
[259.984s] [ 61%] Built target uuv_gazebo_ros_pose_gt_plugin
[272.905s] [ 61%] Built target uuv_gazebo_ros_base_sensor_plugin
[275.510s] [ 61%] Built target uuv_gazebo_ros_cpc_plugin
[288.038s] [ 61%] Built target uuv_gazebo_ros_gps_plugin
[288.051s] make: *** [Makefile:141: all] Error 2
[288.206s] Invoked command in '/home/isopodin-time/ros2_ws/build/uuv_sensor_ros_plugins' returned '2': CMAKE_PREFIX_PATH=/home/isopodin-time/ros2_ws/install/uuv_sensor_ros_plugins_msgs:/home/isopodin-time/ros2_ws/install/uuv_gazebo_plugins:/home/isopodin-time/ros2_ws/install/plankton:/home/isopodin-time/ros2_ws/install/uuv_simulator:/home/isopodin-time/ros2_ws/install/uuv_world_ros_plugins:/home/isopodin-time/ros2_ws/install/uuv_control_utils:/home/isopodin-time/ros2_ws/install/uuv_world_ros_plugins_msgs:/home/isopodin-time/ros2_ws/install/uuv_world_plugins:/home/isopodin-time/ros2_ws/install/uuv_trajectory_control:/home/isopodin-time/ros2_ws/install/uuv_teleop:/home/isopodin-time/ros2_ws/install/uuv_thruster_manager:/home/isopodin-time/ros2_ws/install/uuv_descriptions:/home/isopodin-time/ros2_ws/install/uuv_sensor_ros_plugins:/home/isopodin-time/ros2_ws/install/uuv_gazebo_worlds:/home/isopodin-time/ros2_ws/install/uuv_gazebo_ros_plugins:/home/isopodin-time/ros2_ws/install/uuv_gazebo_ros_plugins_msgs:/home/isopodin-time/ros2_ws/install/uuv_gazebo:/home/isopodin-time/ros2_ws/install/uuv_control_msgs:/home/isopodin-time/ros2_ws/install/uuv_control_cascaded_pid:/home/isopodin-time/ros2_ws/install/uuv_auv_control_allocator:/home/isopodin-time/ros2_ws/install/uuv_assistants:/home/isopodin-time/ros2_ws/install/plankton_utils:/home/isopodin-time/ros2_ws/install/muuv_sim:/home/isopodin-time/ros2_ws/install/muuv_ros:/opt/ros/foxy LD_LIBRARY_PATH=/home/isopodin-time/ros2_ws/install/uuv_sensor_ros_plugins_msgs/lib:/home/isopodin-time/ros2_ws/install/uuv_gazebo_plugins/lib:/home/isopodin-time/ros2_ws/install/uuv_world_ros_plugins/lib:/home/isopodin-time/ros2_ws/install/uuv_world_ros_plugins_msgs/lib:/home/isopodin-time/ros2_ws/install/uuv_world_plugins/lib:/home/isopodin-time/ros2_ws/install/uuv_thruster_manager/lib:/home/isopodin-time/ros2_ws/install/uuv_sensor_ros_plugins/lib:/home/isopodin-time/ros2_ws/install/uuv_gazebo_ros_plugins/lib:/home/isopodin-time/ros2_ws/install/uuv_gazebo_ros_plugins_msgs/lib:/home/isopodin-time/ros2_ws/install/uuv_control_msgs/lib:/home/isopodin-time/ros2_ws/install/uuv_auv_control_allocator/lib:/usr/lib/x86_64-linux-gnu/gazebo-11/plugins:/opt/ros/foxy/opt/yaml_cpp_vendor/lib:/opt/ros/foxy/opt/rviz_ogre_vendor/lib:/opt/ros/foxy/lib/x86_64-linux-gnu:/opt/ros/foxy/lib:/usr/lib/x86_64-linux-gnu/gazebo-11/plugins PYTHONPATH=/home/isopodin-time/ros2_ws/install/uuv_sensor_ros_plugins_msgs/lib/python3.8/site-packages:/home/isopodin-time/ros2_ws/install/uuv_world_ros_plugins_msgs/lib/python3.8/site-packages:/home/isopodin-time/ros2_ws/install/uuv_trajectory_control/lib/python3.8/site-packages:/home/isopodin-time/ros2_ws/install/uuv_thruster_manager/lib/python3.8/site-packages:/home/isopodin-time/ros2_ws/install/uuv_gazebo_ros_plugins_msgs/lib/python3.8/site-packages:/home/isopodin-time/ros2_ws/install/uuv_control_msgs/lib/python3.8/site-packages:/home/isopodin-time/ros2_ws/install/uuv_control_cascaded_pid/lib/python3.8/site-packages:/home/isopodin-time/ros2_ws/install/uuv_auv_control_allocator/lib/python3.8/site-packages:/home/isopodin-time/ros2_ws/install/uuv_assistants/lib/python3.8/site-packages:/home/isopodin-time/ros2_ws/install/plankton_utils/lib/python3.8/site-packages:/opt/ros/foxy/lib/python3.8/site-packages /usr/bin/cmake --build /home/isopodin-time/ros2_ws/build/uuv_sensor_ros_plugins -- -j8 -l8
