[0.280s] Invoking command in '/home/isopodin-time/ros2_ws/build/muuv_ros': CMAKE_PREFIX_PATH=/home/isopodin-time/ros2_ws/install/custom_msg_srv:/home/isopodin-time/ros2_ws/install/plankton:/home/isopodin-time/ros2_ws/install/uuv_simulator:/home/isopodin-time/ros2_ws/install/uuv_world_ros_plugins:/home/isopodin-time/ros2_ws/install/uuv_tutorials:/home/isopodin-time/ros2_ws/install/uuv_tutorial_dp_controller:/home/isopodin-time/ros2_ws/install/uuv_tutorial_disturbances:/home/isopodin-time/ros2_ws/install/uuv_control_utils:/home/isopodin-time/ros2_ws/install/uuv_world_ros_plugins_msgs:/home/isopodin-time/ros2_ws/install/uuv_world_plugins:/home/isopodin-time/ros2_ws/install/uuv_tutorial_seabed_world:/home/isopodin-time/ros2_ws/install/uuv_trajectory_control:/home/isopodin-time/ros2_ws/install/uuv_teleop:/home/isopodin-time/ros2_ws/install/uuv_thruster_manager:/home/isopodin-time/ros2_ws/install/uuv_descriptions:/home/isopodin-time/ros2_ws/install/uuv_sensor_ros_plugins:/home/isopodin-time/ros2_ws/install/uuv_sensor_ros_plugins_msgs:/home/isopodin-time/ros2_ws/install/uuv_gazebo_worlds:/home/isopodin-time/ros2_ws/install/uuv_gazebo_ros_plugins:/home/isopodin-time/ros2_ws/install/uuv_gazebo_ros_plugins_msgs:/home/isopodin-time/ros2_ws/install/uuv_gazebo_plugins:/home/isopodin-time/ros2_ws/install/uuv_gazebo:/home/isopodin-time/ros2_ws/install/uuv_control_msgs:/home/isopodin-time/ros2_ws/install/uuv_control_cascaded_pid:/home/isopodin-time/ros2_ws/install/uuv_auv_control_allocator:/home/isopodin-time/ros2_ws/install/uuv_assistants:/home/isopodin-time/ros2_ws/install/muuv_sim:/home/isopodin-time/ros2_ws/install/test_sim:/home/isopodin-time/ros2_ws/install/plankton_utils:/home/isopodin-time/ros2_ws/install/pid_component:/home/isopodin-time/ros2_ws/install/muuv_sim_description:/home/isopodin-time/ros2_ws/install/muuv_sim_control:/home/isopodin-time/ros2_ws/install/muuv_ros:/opt/ros/foxy LD_LIBRARY_PATH=/home/isopodin-time/ros2_ws/install/custom_msg_srv/lib:/home/isopodin-time/ros2_ws/install/uuv_world_ros_plugins/lib:/home/isopodin-time/ros2_ws/install/uuv_world_ros_plugins_msgs/lib:/home/isopodin-time/ros2_ws/install/uuv_world_plugins/lib:/home/isopodin-time/ros2_ws/install/uuv_thruster_manager/lib:/home/isopodin-time/ros2_ws/install/uuv_sensor_ros_plugins/lib:/home/isopodin-time/ros2_ws/install/uuv_sensor_ros_plugins_msgs/lib:/home/isopodin-time/ros2_ws/install/uuv_gazebo_ros_plugins/lib:/home/isopodin-time/ros2_ws/install/uuv_gazebo_ros_plugins_msgs/lib:/home/isopodin-time/ros2_ws/install/uuv_gazebo_plugins/lib:/home/isopodin-time/ros2_ws/install/uuv_control_msgs/lib:/home/isopodin-time/ros2_ws/install/uuv_auv_control_allocator/lib:/home/isopodin-time/ros2_ws/install/pid_component/lib:/usr/lib/x86_64-linux-gnu/gazebo-11/plugins:/opt/ros/foxy/opt/yaml_cpp_vendor/lib:/opt/ros/foxy/opt/rviz_ogre_vendor/lib:/opt/ros/foxy/lib/x86_64-linux-gnu:/opt/ros/foxy/lib:/usr/lib/x86_64-linux-gnu/gazebo-11/plugins:/usr/lib/x86_64-linux-gnu/gazebo-11/plugins:/usr/lib/x86_64-linux-gnu/gazebo-11/plugins:/usr/lib/x86_64-linux-gnu/gazebo-11/plugins:/usr/lib/x86_64-linux-gnu/gazebo-11/plugins:/usr/lib/x86_64-linux-gnu/gazebo-11/plugins PYTHONPATH=/home/isopodin-time/ros2_ws/install/custom_msg_srv/lib/python3.8/site-packages:/home/isopodin-time/ros2_ws/install/uuv_world_ros_plugins_msgs/lib/python3.8/site-packages:/home/isopodin-time/ros2_ws/install/uuv_trajectory_control/lib/python3.8/site-packages:/home/isopodin-time/ros2_ws/install/uuv_thruster_manager/lib/python3.8/site-packages:/home/isopodin-time/ros2_ws/install/uuv_sensor_ros_plugins_msgs/lib/python3.8/site-packages:/home/isopodin-time/ros2_ws/install/uuv_gazebo_ros_plugins_msgs/lib/python3.8/site-packages:/home/isopodin-time/ros2_ws/install/uuv_control_msgs/lib/python3.8/site-packages:/home/isopodin-time/ros2_ws/install/uuv_control_cascaded_pid/lib/python3.8/site-packages:/home/isopodin-time/ros2_ws/install/uuv_auv_control_allocator/lib/python3.8/site-packages:/home/isopodin-time/ros2_ws/install/uuv_assistants/lib/python3.8/site-packages:/home/isopodin-time/ros2_ws/install/plankton_utils/lib/python3.8/site-packages:/opt/ros/foxy/lib/python3.8/site-packages /usr/bin/cmake --build /home/isopodin-time/ros2_ws/build/muuv_ros -- -j8 -l8
[0.317s] -- Found ament_cmake: 0.9.12 (/opt/ros/foxy/share/ament_cmake/cmake)
[0.351s] -- Using PYTHON_EXECUTABLE: /usr/bin/python3
[0.565s] -- Override CMake install command with custom implementation using symlinks instead of copying resources
[0.573s] -- Found rclcpp: 2.4.3 (/opt/ros/foxy/share/rclcpp/cmake)
[0.826s] -- Using all available rosidl_typesupport_c: rosidl_typesupport_fastrtps_c;rosidl_typesupport_introspection_c
[0.830s] -- Found rosidl_adapter: 1.3.1 (/opt/ros/foxy/share/rosidl_adapter/cmake)
[9.417s] -- Using all available rosidl_typesupport_cpp: rosidl_typesupport_fastrtps_cpp;rosidl_typesupport_introspection_cpp
[9.471s] -- Found rmw_implementation_cmake: 1.0.4 (/opt/ros/foxy/share/rmw_implementation_cmake/cmake)
[9.474s] -- Using RMW implementation 'rmw_fastrtps_cpp' as default
[9.633s] -- Found geometry_msgs: 2.0.5 (/opt/ros/foxy/share/geometry_msgs/cmake)
[9.672s] -- Found sensor_msgs: 2.0.5 (/opt/ros/foxy/share/sensor_msgs/cmake)
[9.853s] -- Found custom_msg_srv: 0.0.0 (/home/isopodin-time/ros2_ws/install/custom_msg_srv/share/custom_msg_srv/cmake)
[9.922s] -- Found message_filters: 3.2.7 (/opt/ros/foxy/share/message_filters/cmake)
[10.076s] -- Configuring done
[10.108s] -- Generating done
[10.111s] -- Build files have been written to: /home/isopodin-time/ros2_ws/build/muuv_ros
[10.150s] [35m[1mScanning dependencies of target pid_recombiner_sync[0m
[10.153s] [35m[1mScanning dependencies of target pid_recombiner[0m
[10.183s] [ 23%] Built target thrusters
[10.183s] [ 53%] Built target sensors
[10.189s] [ 69%] Built target imu_repub
[10.200s] [ 76%] [32mBuilding CXX object CMakeFiles/pid_recombiner.dir/src/muuv_ros/pid_recombiner.cpp.o[0m
[10.212s] [ 84%] [32mBuilding CXX object CMakeFiles/pid_recombiner_sync.dir/src/muuv_ros/pid_recombiner_sync.cpp.o[0m
[12.312s] [01m[K/home/isopodin-time/ros2_ws/src/muuv_ros/src/muuv_ros/pid_recombiner.cpp:80:13:[m[K [01;31m[Kerror: [m[K‘[01m[KSubscriber[m[K’ in namespace ‘[01m[Krclcpp[m[K’ does not name a template type
[12.312s]    80 |     rclcpp::[01;31m[KSubscriber[m[K<StampedFloatMsg> sub_x;
[12.312s]       |             [01;31m[K^~~~~~~~~~[m[K
[12.312s] [01m[K/home/isopodin-time/ros2_ws/src/muuv_ros/src/muuv_ros/pid_recombiner.cpp:81:13:[m[K [01;31m[Kerror: [m[K‘[01m[KSubscriber[m[K’ in namespace ‘[01m[Krclcpp[m[K’ does not name a template type
[12.312s]    81 |     rclcpp::[01;31m[KSubscriber[m[K<StampedFloatMsg> sub_y;
[12.313s]       |             [01;31m[K^~~~~~~~~~[m[K
[12.313s] [01m[K/home/isopodin-time/ros2_ws/src/muuv_ros/src/muuv_ros/pid_recombiner.cpp:82:13:[m[K [01;31m[Kerror: [m[K‘[01m[KSubscriber[m[K’ in namespace ‘[01m[Krclcpp[m[K’ does not name a template type
[12.313s]    82 |     rclcpp::[01;31m[KSubscriber[m[K<StampedFloatMsg> sub_z;
[12.313s]       |             [01;31m[K^~~~~~~~~~[m[K
[12.313s] [01m[K/home/isopodin-time/ros2_ws/src/muuv_ros/src/muuv_ros/pid_recombiner.cpp:83:13:[m[K [01;31m[Kerror: [m[K‘[01m[KSubscriber[m[K’ in namespace ‘[01m[Krclcpp[m[K’ does not name a template type
[12.313s]    83 |     rclcpp::[01;31m[KSubscriber[m[K<StampedFloatMsg> sub_rx;
[12.313s]       |             [01;31m[K^~~~~~~~~~[m[K
[12.313s] [01m[K/home/isopodin-time/ros2_ws/src/muuv_ros/src/muuv_ros/pid_recombiner.cpp:84:13:[m[K [01;31m[Kerror: [m[K‘[01m[KSubscriber[m[K’ in namespace ‘[01m[Krclcpp[m[K’ does not name a template type
[12.313s]    84 |     rclcpp::[01;31m[KSubscriber[m[K<StampedFloatMsg> sub_ry;
[12.313s]       |             [01;31m[K^~~~~~~~~~[m[K
[12.313s] [01m[K/home/isopodin-time/ros2_ws/src/muuv_ros/src/muuv_ros/pid_recombiner.cpp:85:13:[m[K [01;31m[Kerror: [m[K‘[01m[KSubscriber[m[K’ in namespace ‘[01m[Krclcpp[m[K’ does not name a template type
[12.313s]    85 |     rclcpp::[01;31m[KSubscriber[m[K<StampedFloatMsg> sub_rz;
[12.313s]       |             [01;31m[K^~~~~~~~~~[m[K
[12.315s] [01m[K/home/isopodin-time/ros2_ws/src/muuv_ros/src/muuv_ros/pid_recombiner.cpp:[m[K In constructor ‘[01m[KPid_recombiner::Pid_recombiner()[m[K’:
[12.315s] [01m[K/home/isopodin-time/ros2_ws/src/muuv_ros/src/muuv_ros/pid_recombiner.cpp:19:42:[m[K [01;31m[Kerror: [m[K‘[01m[Kchrono[m[K’ has not been declared
[12.315s]    19 |         timer_ = this->create_wall_timer([01;31m[Kchrono[m[K::milliseconds(1000*(1/hz)), bind(&Pid_recombiner::timer_Callback, this));
[12.315s]       |                                          [01;31m[K^~~~~~[m[K
[12.337s] [01m[K/home/isopodin-time/ros2_ws/src/muuv_ros/src/muuv_ros/pid_recombiner.cpp:32:9:[m[K [01;31m[Kerror: [m[K‘[01m[Ksub_x[m[K’ was not declared in this scope
[12.338s]    32 |         [01;31m[Ksub_x[m[K = this->create_subscription<StampedFloatMsg>(this->get_parameter("ctrl_effort.x").as_string(), 10, std::bind(&Pid_recombiner::ctrl_effort_x_callback, this, _1));
[12.338s]       |         [01;31m[K^~~~~[m[K
[12.341s] [01m[K/home/isopodin-time/ros2_ws/src/muuv_ros/src/muuv_ros/pid_recombiner.cpp:32:171:[m[K [01;31m[Kerror: [m[K‘[01m[K_1[m[K’ was not declared in this scope; did you mean ‘[01m[Kstd::placeholders::_1[m[K’?
[12.342s]    32 |         sub_x = this->create_subscription<StampedFloatMsg>(this->get_parameter("ctrl_effort.x").as_string(), 10, std::bind(&Pid_recombiner::ctrl_effort_x_callback, this, [01;31m[K_1[m[K));
[12.342s]       |                                                                                                                                                                           [01;31m[K^~[m[K
[12.342s]       |                                                                                                                                                                           [32m[Kstd::placeholders::_1[m[K
[12.342s] In file included from [01m[K/opt/ros/foxy/include/rclcpp/context.hpp:19[m[K,
[12.342s]                  from [01m[K/opt/ros/foxy/include/rclcpp/contexts/default_context.hpp:18[m[K,
[12.342s]                  from [01m[K/opt/ros/foxy/include/rclcpp/executor.hpp:32[m[K,
[12.342s]                  from [01m[K/opt/ros/foxy/include/rclcpp/executors/multi_threaded_executor.hpp:26[m[K,
[12.342s]                  from [01m[K/opt/ros/foxy/include/rclcpp/executors.hpp:21[m[K,
[12.342s]                  from [01m[K/opt/ros/foxy/include/rclcpp/rclcpp.hpp:146[m[K,
[12.342s]                  from [01m[K/home/isopodin-time/ros2_ws/src/muuv_ros/src/muuv_ros/pid_recombiner.cpp:3[m[K:
[12.343s] [01m[K/usr/include/c++/9/functional:211:34:[m[K [01;36m[Knote: [m[K‘[01m[Kstd::placeholders::_1[m[K’ declared here
[12.343s]   211 |     extern const _Placeholder<1> [01;36m[K_1[m[K;
[12.343s]       |                                  [01;36m[K^~[m[K
[12.344s] [01m[K/home/isopodin-time/ros2_ws/src/muuv_ros/src/muuv_ros/pid_recombiner.cpp:33:9:[m[K [01;31m[Kerror: [m[K‘[01m[Ksub_y[m[K’ was not declared in this scope
[12.344s]    33 |         [01;31m[Ksub_y[m[K = this->create_subscription<StampedFloatMsg>(this->get_parameter("ctrl_effort.y").as_string(), 10, std::bind(&Pid_recombiner::ctrl_effort_y_callback, this, _1));
[12.344s]       |         [01;31m[K^~~~~[m[K
[12.345s] [01m[K/home/isopodin-time/ros2_ws/src/muuv_ros/src/muuv_ros/pid_recombiner.cpp:34:9:[m[K [01;31m[Kerror: [m[K‘[01m[Ksub_z[m[K’ was not declared in this scope
[12.345s]    34 |         [01;31m[Ksub_z[m[K = this->create_subscription<StampedFloatMsg>(this->get_parameter("ctrl_effort.z").as_string(), 10, std::bind(&Pid_recombiner::ctrl_effort_z_callback, this, _1));
[12.345s]       |         [01;31m[K^~~~~[m[K
[12.347s] [01m[K/home/isopodin-time/ros2_ws/src/muuv_ros/src/muuv_ros/pid_recombiner.cpp:35:9:[m[K [01;31m[Kerror: [m[K‘[01m[Ksub_rx[m[K’ was not declared in this scope
[12.347s]    35 |         [01;31m[Ksub_rx[m[K = this->create_subscription<StampedFloatMsg>(this->get_parameter("ctrl_effort.rx").as_string(), 10, std::bind(&Pid_recombiner::ctrl_effort_rx_callback, this, _1));
[12.347s]       |         [01;31m[K^~~~~~[m[K
[12.349s] [01m[K/home/isopodin-time/ros2_ws/src/muuv_ros/src/muuv_ros/pid_recombiner.cpp:36:9:[m[K [01;31m[Kerror: [m[K‘[01m[Ksub_ry[m[K’ was not declared in this scope
[12.349s]    36 |         [01;31m[Ksub_ry[m[K = this->create_subscription<StampedFloatMsg>(this->get_parameter("ctrl_effort.ry").as_string(), 10, std::bind(&Pid_recombiner::ctrl_effort_ry_callback, this, _1));
[12.349s]       |         [01;31m[K^~~~~~[m[K
[12.351s] [01m[K/home/isopodin-time/ros2_ws/src/muuv_ros/src/muuv_ros/pid_recombiner.cpp:37:9:[m[K [01;31m[Kerror: [m[K‘[01m[Ksub_rz[m[K’ was not declared in this scope
[12.351s]    37 |         [01;31m[Ksub_rz[m[K = this->create_subscription<StampedFloatMsg>(this->get_parameter("ctrl_effort.rz").as_string(), 10, std::bind(&Pid_recombiner::ctrl_effort_rz_callback, this, _1));
[12.351s]       |         [01;31m[K^~~~~~[m[K
[12.354s] [01m[K/home/isopodin-time/ros2_ws/src/muuv_ros/src/muuv_ros/pid_recombiner.cpp:[m[K In member function ‘[01m[Kvoid Pid_recombiner::ctrl_effort_x_callback(const ConstSharedPtr&) const[m[K’:
[12.354s] [01m[K/home/isopodin-time/ros2_ws/src/muuv_ros/src/muuv_ros/pid_recombiner.cpp:43:19:[m[K [01;31m[Kerror: [m[Kassignment of read-only location ‘[01m[K((const Pid_recombiner*)this)->Pid_recombiner::output[0][m[K’
[12.354s]    43 |         [01;31m[Koutput[0] = msg_x->data[m[K;
[12.355s]       |         [01;31m[K~~~~~~~~~~^~~~~~~~~~~~~[m[K
[12.355s] [01m[K/home/isopodin-time/ros2_ws/src/muuv_ros/src/muuv_ros/pid_recombiner.cpp:[m[K In member function ‘[01m[Kvoid Pid_recombiner::ctrl_effort_y_callback(const ConstSharedPtr&) const[m[K’:
[12.355s] [01m[K/home/isopodin-time/ros2_ws/src/muuv_ros/src/muuv_ros/pid_recombiner.cpp:47:19:[m[K [01;31m[Kerror: [m[Kassignment of read-only location ‘[01m[K((const Pid_recombiner*)this)->Pid_recombiner::output[1][m[K’
[12.355s]    47 |         [01;31m[Koutput[1] = msg_y->data[m[K;
[12.355s]       |         [01;31m[K~~~~~~~~~~^~~~~~~~~~~~~[m[K
[12.355s] [01m[K/home/isopodin-time/ros2_ws/src/muuv_ros/src/muuv_ros/pid_recombiner.cpp:[m[K In member function ‘[01m[Kvoid Pid_recombiner::ctrl_effort_z_callback(const ConstSharedPtr&) const[m[K’:
[12.355s] [01m[K/home/isopodin-time/ros2_ws/src/muuv_ros/src/muuv_ros/pid_recombiner.cpp:51:19:[m[K [01;31m[Kerror: [m[Kassignment of read-only location ‘[01m[K((const Pid_recombiner*)this)->Pid_recombiner::output[2][m[K’
[12.355s]    51 |         [01;31m[Koutput[2] = msg_z->data[m[K;
[12.355s]       |         [01;31m[K~~~~~~~~~~^~~~~~~~~~~~~[m[K
[12.355s] [01m[K/home/isopodin-time/ros2_ws/src/muuv_ros/src/muuv_ros/pid_recombiner.cpp:[m[K In member function ‘[01m[Kvoid Pid_recombiner::ctrl_effort_rx_callback(const ConstSharedPtr&) const[m[K’:
[12.355s] [01m[K/home/isopodin-time/ros2_ws/src/muuv_ros/src/muuv_ros/pid_recombiner.cpp:55:19:[m[K [01;31m[Kerror: [m[Kassignment of read-only location ‘[01m[K((const Pid_recombiner*)this)->Pid_recombiner::output[3][m[K’
[12.355s]    55 |         [01;31m[Koutput[3] = msg_rx->data[m[K;
[12.355s]       |         [01;31m[K~~~~~~~~~~^~~~~~~~~~~~~~[m[K
[12.355s] [01m[K/home/isopodin-time/ros2_ws/src/muuv_ros/src/muuv_ros/pid_recombiner.cpp:[m[K In member function ‘[01m[Kvoid Pid_recombiner::ctrl_effort_ry_callback(const ConstSharedPtr&) const[m[K’:
[12.355s] [01m[K/home/isopodin-time/ros2_ws/src/muuv_ros/src/muuv_ros/pid_recombiner.cpp:59:19:[m[K [01;31m[Kerror: [m[Kassignment of read-only location ‘[01m[K((const Pid_recombiner*)this)->Pid_recombiner::output[4][m[K’
[12.355s]    59 |         [01;31m[Koutput[4] = msg_ry->data[m[K;
[12.355s]       |         [01;31m[K~~~~~~~~~~^~~~~~~~~~~~~~[m[K
[12.356s] [01m[K/home/isopodin-time/ros2_ws/src/muuv_ros/src/muuv_ros/pid_recombiner.cpp:[m[K In member function ‘[01m[Kvoid Pid_recombiner::ctrl_effort_rz_callback(const ConstSharedPtr&) const[m[K’:
[12.356s] [01m[K/home/isopodin-time/ros2_ws/src/muuv_ros/src/muuv_ros/pid_recombiner.cpp:63:19:[m[K [01;31m[Kerror: [m[Kassignment of read-only location ‘[01m[K((const Pid_recombiner*)this)->Pid_recombiner::output[5][m[K’
[12.356s]    63 |         [01;31m[Koutput[5] = msg_rz->data[m[K;
[12.356s]       |         [01;31m[K~~~~~~~~~~^~~~~~~~~~~~~~[m[K
[14.053s] make[2]: *** [CMakeFiles/pid_recombiner.dir/build.make:63: CMakeFiles/pid_recombiner.dir/src/muuv_ros/pid_recombiner.cpp.o] Error 1
[14.053s] make[1]: *** [CMakeFiles/Makefile2:140: CMakeFiles/pid_recombiner.dir/all] Error 2
[14.053s] make[1]: *** Waiting for unfinished jobs....
[20.750s] [ 92%] [32m[1mLinking CXX executable pid_recombiner_sync[0m
[21.261s] [ 92%] Built target pid_recombiner_sync
[21.262s] make: *** [Makefile:141: all] Error 2
[21.266s] Invoked command in '/home/isopodin-time/ros2_ws/build/muuv_ros' returned '2': CMAKE_PREFIX_PATH=/home/isopodin-time/ros2_ws/install/custom_msg_srv:/home/isopodin-time/ros2_ws/install/plankton:/home/isopodin-time/ros2_ws/install/uuv_simulator:/home/isopodin-time/ros2_ws/install/uuv_world_ros_plugins:/home/isopodin-time/ros2_ws/install/uuv_tutorials:/home/isopodin-time/ros2_ws/install/uuv_tutorial_dp_controller:/home/isopodin-time/ros2_ws/install/uuv_tutorial_disturbances:/home/isopodin-time/ros2_ws/install/uuv_control_utils:/home/isopodin-time/ros2_ws/install/uuv_world_ros_plugins_msgs:/home/isopodin-time/ros2_ws/install/uuv_world_plugins:/home/isopodin-time/ros2_ws/install/uuv_tutorial_seabed_world:/home/isopodin-time/ros2_ws/install/uuv_trajectory_control:/home/isopodin-time/ros2_ws/install/uuv_teleop:/home/isopodin-time/ros2_ws/install/uuv_thruster_manager:/home/isopodin-time/ros2_ws/install/uuv_descriptions:/home/isopodin-time/ros2_ws/install/uuv_sensor_ros_plugins:/home/isopodin-time/ros2_ws/install/uuv_sensor_ros_plugins_msgs:/home/isopodin-time/ros2_ws/install/uuv_gazebo_worlds:/home/isopodin-time/ros2_ws/install/uuv_gazebo_ros_plugins:/home/isopodin-time/ros2_ws/install/uuv_gazebo_ros_plugins_msgs:/home/isopodin-time/ros2_ws/install/uuv_gazebo_plugins:/home/isopodin-time/ros2_ws/install/uuv_gazebo:/home/isopodin-time/ros2_ws/install/uuv_control_msgs:/home/isopodin-time/ros2_ws/install/uuv_control_cascaded_pid:/home/isopodin-time/ros2_ws/install/uuv_auv_control_allocator:/home/isopodin-time/ros2_ws/install/uuv_assistants:/home/isopodin-time/ros2_ws/install/muuv_sim:/home/isopodin-time/ros2_ws/install/test_sim:/home/isopodin-time/ros2_ws/install/plankton_utils:/home/isopodin-time/ros2_ws/install/pid_component:/home/isopodin-time/ros2_ws/install/muuv_sim_description:/home/isopodin-time/ros2_ws/install/muuv_sim_control:/home/isopodin-time/ros2_ws/install/muuv_ros:/opt/ros/foxy LD_LIBRARY_PATH=/home/isopodin-time/ros2_ws/install/custom_msg_srv/lib:/home/isopodin-time/ros2_ws/install/uuv_world_ros_plugins/lib:/home/isopodin-time/ros2_ws/install/uuv_world_ros_plugins_msgs/lib:/home/isopodin-time/ros2_ws/install/uuv_world_plugins/lib:/home/isopodin-time/ros2_ws/install/uuv_thruster_manager/lib:/home/isopodin-time/ros2_ws/install/uuv_sensor_ros_plugins/lib:/home/isopodin-time/ros2_ws/install/uuv_sensor_ros_plugins_msgs/lib:/home/isopodin-time/ros2_ws/install/uuv_gazebo_ros_plugins/lib:/home/isopodin-time/ros2_ws/install/uuv_gazebo_ros_plugins_msgs/lib:/home/isopodin-time/ros2_ws/install/uuv_gazebo_plugins/lib:/home/isopodin-time/ros2_ws/install/uuv_control_msgs/lib:/home/isopodin-time/ros2_ws/install/uuv_auv_control_allocator/lib:/home/isopodin-time/ros2_ws/install/pid_component/lib:/usr/lib/x86_64-linux-gnu/gazebo-11/plugins:/opt/ros/foxy/opt/yaml_cpp_vendor/lib:/opt/ros/foxy/opt/rviz_ogre_vendor/lib:/opt/ros/foxy/lib/x86_64-linux-gnu:/opt/ros/foxy/lib:/usr/lib/x86_64-linux-gnu/gazebo-11/plugins:/usr/lib/x86_64-linux-gnu/gazebo-11/plugins:/usr/lib/x86_64-linux-gnu/gazebo-11/plugins:/usr/lib/x86_64-linux-gnu/gazebo-11/plugins:/usr/lib/x86_64-linux-gnu/gazebo-11/plugins:/usr/lib/x86_64-linux-gnu/gazebo-11/plugins PYTHONPATH=/home/isopodin-time/ros2_ws/install/custom_msg_srv/lib/python3.8/site-packages:/home/isopodin-time/ros2_ws/install/uuv_world_ros_plugins_msgs/lib/python3.8/site-packages:/home/isopodin-time/ros2_ws/install/uuv_trajectory_control/lib/python3.8/site-packages:/home/isopodin-time/ros2_ws/install/uuv_thruster_manager/lib/python3.8/site-packages:/home/isopodin-time/ros2_ws/install/uuv_sensor_ros_plugins_msgs/lib/python3.8/site-packages:/home/isopodin-time/ros2_ws/install/uuv_gazebo_ros_plugins_msgs/lib/python3.8/site-packages:/home/isopodin-time/ros2_ws/install/uuv_control_msgs/lib/python3.8/site-packages:/home/isopodin-time/ros2_ws/install/uuv_control_cascaded_pid/lib/python3.8/site-packages:/home/isopodin-time/ros2_ws/install/uuv_auv_control_allocator/lib/python3.8/site-packages:/home/isopodin-time/ros2_ws/install/uuv_assistants/lib/python3.8/site-packages:/home/isopodin-time/ros2_ws/install/plankton_utils/lib/python3.8/site-packages:/opt/ros/foxy/lib/python3.8/site-packages /usr/bin/cmake --build /home/isopodin-time/ros2_ws/build/muuv_ros -- -j8 -l8
