[0.027s] Invoking command in '/home/isopodin-time/ros2_ws/build/muuv_ros': CMAKE_PREFIX_PATH=${CMAKE_PREFIX_PATH}:/opt/ros/foxy /usr/bin/cmake --build /home/isopodin-time/ros2_ws/build/muuv_ros -- -j8 -l8
[0.070s] -- Found ament_cmake: 0.9.12 (/opt/ros/foxy/share/ament_cmake/cmake)
[0.095s] -- Using PYTHON_EXECUTABLE: /usr/bin/python3
[0.281s] -- Found rclcpp: 2.4.3 (/opt/ros/foxy/share/rclcpp/cmake)
[0.552s] -- Using all available rosidl_typesupport_c: rosidl_typesupport_fastrtps_c;rosidl_typesupport_introspection_c
[0.556s] -- Found rosidl_adapter: 1.3.1 (/opt/ros/foxy/share/rosidl_adapter/cmake)
[6.287s] -- Using all available rosidl_typesupport_cpp: rosidl_typesupport_fastrtps_cpp;rosidl_typesupport_introspection_cpp
[6.331s] -- Found rmw_implementation_cmake: 1.0.4 (/opt/ros/foxy/share/rmw_implementation_cmake/cmake)
[6.334s] -- Using RMW implementation 'rmw_fastrtps_cpp' as default
[6.472s] -- Found geometry_msgs: 2.0.5 (/opt/ros/foxy/share/geometry_msgs/cmake)
[6.504s] -- Found sensor_msgs: 2.0.5 (/opt/ros/foxy/share/sensor_msgs/cmake)
[6.571s] -- Found control_toolbox: 2.2.0 (/opt/ros/foxy/share/control_toolbox/cmake)
[6.990s] -- Found rclcpp_components: 2.4.3 (/opt/ros/foxy/share/rclcpp_components/cmake)
[7.110s] -- Configuring done
[7.133s] -- Generating done
[7.135s] -- Build files have been written to: /home/isopodin-time/ros2_ws/build/muuv_ros
[7.190s] [  9%] [32m[1mLinking CXX executable component_container[0m
[7.195s] [ 36%] Built target thrusters
[7.198s] [ 72%] Built target sensors
[7.200s] [ 81%] [32m[1mLinking CXX shared library libpid_component.so[0m
[7.475s] [ 90%] Built target component_container
[7.626s] [100%] Built target pid_component
[7.639s] Invoked command in '/home/isopodin-time/ros2_ws/build/muuv_ros' returned '0': CMAKE_PREFIX_PATH=${CMAKE_PREFIX_PATH}:/opt/ros/foxy /usr/bin/cmake --build /home/isopodin-time/ros2_ws/build/muuv_ros -- -j8 -l8
[7.708s] Invoking command in '/home/isopodin-time/ros2_ws/build/muuv_ros': CMAKE_PREFIX_PATH=${CMAKE_PREFIX_PATH}:/opt/ros/foxy /usr/bin/cmake --install /home/isopodin-time/ros2_ws/build/muuv_ros
[7.716s] -- Install configuration: ""
[7.717s] -- Up-to-date: /home/isopodin-time/ros2_ws/install/muuv_ros/lib/muuv_ros/thrusters
[7.717s] -- Installing: /home/isopodin-time/ros2_ws/install/muuv_ros/lib/muuv_ros/sensors
[7.719s] -- Set runtime path of "/home/isopodin-time/ros2_ws/install/muuv_ros/lib/muuv_ros/sensors" to ""
[7.719s] -- Up-to-date: /home/isopodin-time/ros2_ws/install/muuv_ros/share/muuv_ros/launch
[7.720s] -- Installing: /home/isopodin-time/ros2_ws/install/muuv_ros/share/muuv_ros/launch/pid.launch.py
[7.720s] -- Up-to-date: /home/isopodin-time/ros2_ws/install/muuv_ros/share/muuv_ros/config
[7.720s] -- Up-to-date: /home/isopodin-time/ros2_ws/install/muuv_ros/share/ament_index/resource_index/package_run_dependencies/muuv_ros
[7.720s] -- Up-to-date: /home/isopodin-time/ros2_ws/install/muuv_ros/share/ament_index/resource_index/parent_prefix_path/muuv_ros
[7.721s] -- Up-to-date: /home/isopodin-time/ros2_ws/install/muuv_ros/share/muuv_ros/environment/ament_prefix_path.sh
[7.721s] -- Installing: /home/isopodin-time/ros2_ws/install/muuv_ros/share/muuv_ros/environment/ament_prefix_path.dsv
[7.721s] -- Up-to-date: /home/isopodin-time/ros2_ws/install/muuv_ros/share/muuv_ros/environment/path.sh
[7.721s] -- Installing: /home/isopodin-time/ros2_ws/install/muuv_ros/share/muuv_ros/environment/path.dsv
[7.721s] -- Up-to-date: /home/isopodin-time/ros2_ws/install/muuv_ros/share/muuv_ros/local_setup.bash
[7.722s] -- Up-to-date: /home/isopodin-time/ros2_ws/install/muuv_ros/share/muuv_ros/local_setup.sh
[7.722s] -- Up-to-date: /home/isopodin-time/ros2_ws/install/muuv_ros/share/muuv_ros/local_setup.zsh
[7.722s] -- Installing: /home/isopodin-time/ros2_ws/install/muuv_ros/share/muuv_ros/local_setup.dsv
[7.722s] -- Installing: /home/isopodin-time/ros2_ws/install/muuv_ros/share/muuv_ros/package.dsv
[7.722s] -- Up-to-date: /home/isopodin-time/ros2_ws/install/muuv_ros/share/ament_index/resource_index/packages/muuv_ros
[7.722s] -- Installing: /home/isopodin-time/ros2_ws/install/muuv_ros/share/ament_index/resource_index/rclcpp_components/muuv_ros
[7.723s] -- Up-to-date: /home/isopodin-time/ros2_ws/install/muuv_ros/share/muuv_ros/cmake/muuv_rosConfig.cmake
[7.723s] -- Up-to-date: /home/isopodin-time/ros2_ws/install/muuv_ros/share/muuv_ros/cmake/muuv_rosConfig-version.cmake
[7.723s] -- Up-to-date: /home/isopodin-time/ros2_ws/install/muuv_ros/share/muuv_ros/package.xml
[7.725s] Invoked command in '/home/isopodin-time/ros2_ws/build/muuv_ros' returned '0': CMAKE_PREFIX_PATH=${CMAKE_PREFIX_PATH}:/opt/ros/foxy /usr/bin/cmake --install /home/isopodin-time/ros2_ws/build/muuv_ros
