[0.046s] Invoking command in '/home/isopodin-time/ros2_ws/build/muuv_sim_description': CMAKE_PREFIX_PATH=${CMAKE_PREFIX_PATH}:/opt/ros/foxy /usr/bin/cmake --build /home/isopodin-time/ros2_ws/build/muuv_sim_description -- -j8 -l8
[0.082s] -- Found ament_cmake: 0.9.12 (/opt/ros/foxy/share/ament_cmake/cmake)
[0.107s] -- Using PYTHON_EXECUTABLE: /usr/bin/python3
[0.310s] -- Override CMake install command with custom implementation using symlinks instead of copying resources
[0.320s] -- Found ament_lint_auto: 0.9.8 (/opt/ros/foxy/share/ament_lint_auto/cmake)
[0.403s] -- Added test 'copyright' to check source files copyright and LICENSE
[0.405s] -- Added test 'lint_cmake' to check CMake code style
[0.407s] -- Added test 'xmllint' to check XML markup files
[0.409s] -- Configuring done
[0.412s] -- Generating done
[0.413s] -- Build files have been written to: /home/isopodin-time/ros2_ws/build/muuv_sim_description
[0.441s] Invoked command in '/home/isopodin-time/ros2_ws/build/muuv_sim_description' returned '0': CMAKE_PREFIX_PATH=${CMAKE_PREFIX_PATH}:/opt/ros/foxy /usr/bin/cmake --build /home/isopodin-time/ros2_ws/build/muuv_sim_description -- -j8 -l8
[0.474s] Invoking command in '/home/isopodin-time/ros2_ws/build/muuv_sim_description': CMAKE_PREFIX_PATH=${CMAKE_PREFIX_PATH}:/opt/ros/foxy /usr/bin/cmake --install /home/isopodin-time/ros2_ws/build/muuv_sim_description
[0.484s] -- Install configuration: ""
[0.484s] -- Execute custom install script
[0.485s] -- Symlinking: /home/isopodin-time/ros2_ws/install/muuv_sim_description/share/muuv_sim_description/urdf/actuators.xacro
[0.496s] -- Symlinking: /home/isopodin-time/ros2_ws/install/muuv_sim_description/share/muuv_sim_description/urdf/base.xacro
[0.507s] -- Symlinking: /home/isopodin-time/ros2_ws/install/muuv_sim_description/share/muuv_sim_description/urdf/gazebo.xacro
[0.518s] -- Symlinking: /home/isopodin-time/ros2_ws/install/muuv_sim_description/share/muuv_sim_description/urdf/sensors.xacro
[0.529s] -- Symlinking: /home/isopodin-time/ros2_ws/install/muuv_sim_description/share/muuv_sim_description/urdf/snippets.xacro
[0.540s] -- Symlinking: /home/isopodin-time/ros2_ws/install/muuv_sim_description/share/muuv_sim_description/meshes/README.md
[0.551s] -- Symlinking: /home/isopodin-time/ros2_ws/install/muuv_sim_description/share/muuv_sim_description/robots/default.xacro
[0.563s] -- Symlinking: /home/isopodin-time/ros2_ws/install/muuv_sim_description/share/muuv_sim_description/launch/upload.launch
[0.573s] -- Symlinking: /home/isopodin-time/ros2_ws/install/muuv_sim_description/share/ament_index/resource_index/package_run_dependencies/muuv_sim_description
[0.585s] -- Symlinking: /home/isopodin-time/ros2_ws/install/muuv_sim_description/share/ament_index/resource_index/parent_prefix_path/muuv_sim_description
[0.598s] -- Symlinking: /home/isopodin-time/ros2_ws/install/muuv_sim_description/share/muuv_sim_description/environment/ament_prefix_path.sh
[0.609s] -- Symlinking: /home/isopodin-time/ros2_ws/install/muuv_sim_description/share/muuv_sim_description/environment/ament_prefix_path.dsv
[0.620s] -- Symlinking: /home/isopodin-time/ros2_ws/install/muuv_sim_description/share/muuv_sim_description/environment/path.sh
[0.635s] -- Symlinking: /home/isopodin-time/ros2_ws/install/muuv_sim_description/share/muuv_sim_description/environment/path.dsv
[0.646s] -- Symlinking: /home/isopodin-time/ros2_ws/install/muuv_sim_description/share/muuv_sim_description/local_setup.bash
[0.657s] -- Symlinking: /home/isopodin-time/ros2_ws/install/muuv_sim_description/share/muuv_sim_description/local_setup.sh
[0.667s] -- Symlinking: /home/isopodin-time/ros2_ws/install/muuv_sim_description/share/muuv_sim_description/local_setup.zsh
[0.678s] -- Symlinking: /home/isopodin-time/ros2_ws/install/muuv_sim_description/share/muuv_sim_description/local_setup.dsv
[0.693s] -- Symlinking: /home/isopodin-time/ros2_ws/install/muuv_sim_description/share/muuv_sim_description/package.dsv
[0.709s] -- Symlinking: /home/isopodin-time/ros2_ws/install/muuv_sim_description/share/ament_index/resource_index/packages/muuv_sim_description
[0.721s] -- Symlinking: /home/isopodin-time/ros2_ws/install/muuv_sim_description/share/muuv_sim_description/cmake/muuv_sim_descriptionConfig.cmake
[0.732s] -- Symlinking: /home/isopodin-time/ros2_ws/install/muuv_sim_description/share/muuv_sim_description/cmake/muuv_sim_descriptionConfig-version.cmake
[0.742s] -- Symlinking: /home/isopodin-time/ros2_ws/install/muuv_sim_description/share/muuv_sim_description/package.xml
[0.763s] Invoked command in '/home/isopodin-time/ros2_ws/build/muuv_sim_description' returned '0': CMAKE_PREFIX_PATH=${CMAKE_PREFIX_PATH}:/opt/ros/foxy /usr/bin/cmake --install /home/isopodin-time/ros2_ws/build/muuv_sim_description
