-- Found ament_cmake: 0.9.12 (/opt/ros/foxy/share/ament_cmake/cmake)
-- Found PythonInterp: /usr/bin/python3 (found suitable version "3.8.10", minimum required is "3") 
-- Using PYTHON_EXECUTABLE: /usr/bin/python3
-- Found std_msgs: 2.0.5 (/opt/ros/foxy/share/std_msgs/cmake)
-- Using all available rosidl_typesupport_c: rosidl_typesupport_fastrtps_c;rosidl_typesupport_introspection_c
-- Found rosidl_adapter: 1.3.1 (/opt/ros/foxy/share/rosidl_adapter/cmake)
-- Using all available rosidl_typesupport_cpp: rosidl_typesupport_fastrtps_cpp;rosidl_typesupport_introspection_cpp
-- Found rosidl_default_generators: 1.0.1 (/opt/ros/foxy/share/rosidl_default_generators/cmake)
-- Found PythonInterp: /usr/bin/python3 (found version "3.8.10") 
-- Found ament_cmake_ros: 0.9.2 (/opt/ros/foxy/share/ament_cmake_ros/cmake)
-- Using all available rosidl_typesupport_c: rosidl_typesupport_fastrtps_c;rosidl_typesupport_introspection_c
-- Using all available rosidl_typesupport_cpp: rosidl_typesupport_fastrtps_cpp;rosidl_typesupport_introspection_cpp
-- Found PythonInterp: /usr/bin/python3 (found suitable version "3.8.10", minimum required is "3.5") 
-- Found python_cmake_module: 0.8.1 (/opt/ros/foxy/share/python_cmake_module/cmake)
-- Found PythonLibs: /usr/lib/x86_64-linux-gnu/libpython3.8.so (found suitable version "3.8.10", minimum required is "3.5") 
-- Using PYTHON_EXECUTABLE: /usr/bin/python3
-- Using PYTHON_INCLUDE_DIRS: /usr/include/python3.8
-- Using PYTHON_LIBRARIES: /usr/lib/x86_64-linux-gnu/libpython3.8.so
-- Found PythonExtra: .so  
-- Found ament_lint_auto: 0.9.8 (/opt/ros/foxy/share/ament_lint_auto/cmake)
-- Added test 'copyright' to check source files copyright and LICENSE
-- Added test 'lint_cmake' to check CMake code style
-- Added test 'xmllint' to check XML markup files
-- Configuring done
-- Generating done
-- Build files have been written to: /home/isopodin-time/ros2_ws/build/custom_msg_srv
[  3%] [34m[1mGenerating C code for ROS interfaces[0m
[35m[1mScanning dependencies of target custom_msg_srv__cpp[0m
[  6%] [34m[1mGenerating C++ code for ROS interfaces[0m
[35m[1mScanning dependencies of target custom_msg_srv__rosidl_generator_c[0m
[  6%] Built target custom_msg_srv__cpp
[  9%] [32mBuilding C object CMakeFiles/custom_msg_srv__rosidl_generator_c.dir/rosidl_generator_c/custom_msg_srv/msg/detail/float64_stamped__functions.c.o[0m
[ 12%] [34m[1mGenerating C++ type support for eProsima Fast-RTPS[0m
[ 16%] [34m[1mGenerating C++ introspection for ROS interfaces[0m
[ 19%] [34m[1mGenerating C++ type support dispatch for ROS interfaces[0m
[ 22%] [32m[1mLinking C shared library libcustom_msg_srv__rosidl_generator_c.so[0m
[ 22%] Built target custom_msg_srv__rosidl_generator_c
[ 25%] [34m[1mGenerating C type support dispatch for ROS interfaces[0m
[ 29%] [34m[1mGenerating C introspection for ROS interfaces[0m
[35m[1mScanning dependencies of target custom_msg_srv__rosidl_typesupport_cpp[0m
[35m[1mScanning dependencies of target custom_msg_srv__rosidl_typesupport_introspection_cpp[0m
[ 32%] [32mBuilding CXX object CMakeFiles/custom_msg_srv__rosidl_typesupport_cpp.dir/rosidl_typesupport_cpp/custom_msg_srv/msg/float64_stamped__type_support.cpp.o[0m
[35m[1mScanning dependencies of target custom_msg_srv__rosidl_typesupport_fastrtps_cpp[0m
[ 35%] [32mBuilding CXX object CMakeFiles/custom_msg_srv__rosidl_typesupport_introspection_cpp.dir/rosidl_typesupport_introspection_cpp/custom_msg_srv/msg/detail/float64_stamped__type_support.cpp.o[0m
[ 38%] [32mBuilding CXX object CMakeFiles/custom_msg_srv__rosidl_typesupport_fastrtps_cpp.dir/rosidl_typesupport_fastrtps_cpp/custom_msg_srv/msg/detail/dds_fastrtps/float64_stamped__type_support.cpp.o[0m
[35m[1mScanning dependencies of target custom_msg_srv__rosidl_typesupport_c[0m
[35m[1mScanning dependencies of target custom_msg_srv__rosidl_typesupport_introspection_c[0m
[ 41%] [32mBuilding CXX object CMakeFiles/custom_msg_srv__rosidl_typesupport_c.dir/rosidl_typesupport_c/custom_msg_srv/msg/float64_stamped__type_support.cpp.o[0m
[ 45%] [32mBuilding C object CMakeFiles/custom_msg_srv__rosidl_typesupport_introspection_c.dir/rosidl_typesupport_introspection_c/custom_msg_srv/msg/detail/float64_stamped__type_support.c.o[0m
[ 48%] [32m[1mLinking CXX shared library libcustom_msg_srv__rosidl_typesupport_c.so[0m
[ 51%] [32m[1mLinking C shared library libcustom_msg_srv__rosidl_typesupport_introspection_c.so[0m
[ 54%] [32m[1mLinking CXX shared library libcustom_msg_srv__rosidl_typesupport_cpp.so[0m
[ 58%] [32m[1mLinking CXX shared library libcustom_msg_srv__rosidl_typesupport_introspection_cpp.so[0m
[ 58%] Built target custom_msg_srv__rosidl_typesupport_c
[ 58%] Built target custom_msg_srv__rosidl_typesupport_introspection_c
[ 58%] Built target custom_msg_srv__rosidl_typesupport_cpp
[ 61%] [32m[1mLinking CXX shared library libcustom_msg_srv__rosidl_typesupport_fastrtps_cpp.so[0m
[ 61%] Built target custom_msg_srv__rosidl_typesupport_introspection_cpp
[ 61%] Built target custom_msg_srv__rosidl_typesupport_fastrtps_cpp
[ 64%] [34m[1mGenerating C type support for eProsima Fast-RTPS[0m
[35m[1mScanning dependencies of target custom_msg_srv__rosidl_typesupport_fastrtps_c[0m
[ 67%] [32mBuilding CXX object CMakeFiles/custom_msg_srv__rosidl_typesupport_fastrtps_c.dir/rosidl_typesupport_fastrtps_c/custom_msg_srv/msg/detail/float64_stamped__type_support_c.cpp.o[0m
[ 70%] [32m[1mLinking CXX shared library libcustom_msg_srv__rosidl_typesupport_fastrtps_c.so[0m
[ 70%] Built target custom_msg_srv__rosidl_typesupport_fastrtps_c
[35m[1mScanning dependencies of target custom_msg_srv[0m
[ 70%] Built target custom_msg_srv
[35m[1mScanning dependencies of target custom_msg_srv__py[0m
[ 74%] [34m[1mGenerating Python code for ROS interfaces[0m
[ 74%] Built target custom_msg_srv__py
[35m[1mScanning dependencies of target custom_msg_srv__python[0m
[ 77%] [32mBuilding C object CMakeFiles/custom_msg_srv__python.dir/rosidl_generator_py/custom_msg_srv/msg/_float64_stamped_s.c.o[0m
[ 80%] [32m[1mLinking C shared library rosidl_generator_py/custom_msg_srv/libcustom_msg_srv__python.so[0m
[ 80%] Built target custom_msg_srv__python
[35m[1mScanning dependencies of target custom_msg_srv__rosidl_typesupport_introspection_c__pyext[0m
[35m[1mScanning dependencies of target custom_msg_srv__rosidl_typesupport_c__pyext[0m
[35m[1mScanning dependencies of target custom_msg_srv__rosidl_typesupport_fastrtps_c__pyext[0m
[ 87%] [32mBuilding C object CMakeFiles/custom_msg_srv__rosidl_typesupport_c__pyext.dir/rosidl_generator_py/custom_msg_srv/_custom_msg_srv_s.ep.rosidl_typesupport_c.c.o[0m
[ 87%] [32mBuilding C object CMakeFiles/custom_msg_srv__rosidl_typesupport_introspection_c__pyext.dir/rosidl_generator_py/custom_msg_srv/_custom_msg_srv_s.ep.rosidl_typesupport_introspection_c.c.o[0m
[ 90%] [32mBuilding C object CMakeFiles/custom_msg_srv__rosidl_typesupport_fastrtps_c__pyext.dir/rosidl_generator_py/custom_msg_srv/_custom_msg_srv_s.ep.rosidl_typesupport_fastrtps_c.c.o[0m
[ 93%] [32m[1mLinking C shared library rosidl_generator_py/custom_msg_srv/custom_msg_srv_s__rosidl_typesupport_introspection_c.cpython-38-x86_64-linux-gnu.so[0m
[ 96%] [32m[1mLinking C shared library rosidl_generator_py/custom_msg_srv/custom_msg_srv_s__rosidl_typesupport_c.cpython-38-x86_64-linux-gnu.so[0m
[100%] [32m[1mLinking CXX shared library rosidl_generator_py/custom_msg_srv/custom_msg_srv_s__rosidl_typesupport_fastrtps_c.cpython-38-x86_64-linux-gnu.so[0m
[100%] Built target custom_msg_srv__rosidl_typesupport_introspection_c__pyext
[100%] Built target custom_msg_srv__rosidl_typesupport_c__pyext
[100%] Built target custom_msg_srv__rosidl_typesupport_fastrtps_c__pyext
-- Install configuration: ""
-- Installing: /home/isopodin-time/ros2_ws/install/custom_msg_srv/share/ament_index/resource_index/rosidl_interfaces/custom_msg_srv
-- Installing: /home/isopodin-time/ros2_ws/install/custom_msg_srv/include/custom_msg_srv
-- Installing: /home/isopodin-time/ros2_ws/install/custom_msg_srv/include/custom_msg_srv/msg
-- Installing: /home/isopodin-time/ros2_ws/install/custom_msg_srv/include/custom_msg_srv/msg/detail
-- Installing: /home/isopodin-time/ros2_ws/install/custom_msg_srv/include/custom_msg_srv/msg/detail/float64_stamped__struct.h
-- Installing: /home/isopodin-time/ros2_ws/install/custom_msg_srv/include/custom_msg_srv/msg/detail/float64_stamped__type_support.h
-- Installing: /home/isopodin-time/ros2_ws/install/custom_msg_srv/include/custom_msg_srv/msg/detail/float64_stamped__functions.h
-- Installing: /home/isopodin-time/ros2_ws/install/custom_msg_srv/include/custom_msg_srv/msg/detail/float64_stamped__functions.c
-- Installing: /home/isopodin-time/ros2_ws/install/custom_msg_srv/include/custom_msg_srv/msg/float64_stamped.h
-- Installing: /home/isopodin-time/ros2_ws/install/custom_msg_srv/include/custom_msg_srv/msg/rosidl_generator_c__visibility_control.h
-- Installing: /home/isopodin-time/ros2_ws/install/custom_msg_srv/share/custom_msg_srv/environment/library_path.sh
-- Installing: /home/isopodin-time/ros2_ws/install/custom_msg_srv/share/custom_msg_srv/environment/library_path.dsv
-- Installing: /home/isopodin-time/ros2_ws/install/custom_msg_srv/lib/libcustom_msg_srv__rosidl_generator_c.so
-- Set runtime path of "/home/isopodin-time/ros2_ws/install/custom_msg_srv/lib/libcustom_msg_srv__rosidl_generator_c.so" to ""
-- Up-to-date: /home/isopodin-time/ros2_ws/install/custom_msg_srv/include/custom_msg_srv
-- Up-to-date: /home/isopodin-time/ros2_ws/install/custom_msg_srv/include/custom_msg_srv/msg
-- Installing: /home/isopodin-time/ros2_ws/install/custom_msg_srv/include/custom_msg_srv/msg/rosidl_typesupport_fastrtps_c__visibility_control.h
-- Up-to-date: /home/isopodin-time/ros2_ws/install/custom_msg_srv/include/custom_msg_srv/msg/detail
-- Installing: /home/isopodin-time/ros2_ws/install/custom_msg_srv/include/custom_msg_srv/msg/detail/float64_stamped__rosidl_typesupport_fastrtps_c.h
-- Installing: /home/isopodin-time/ros2_ws/install/custom_msg_srv/lib/libcustom_msg_srv__rosidl_typesupport_fastrtps_c.so
-- Set runtime path of "/home/isopodin-time/ros2_ws/install/custom_msg_srv/lib/libcustom_msg_srv__rosidl_typesupport_fastrtps_c.so" to ""
-- Up-to-date: /home/isopodin-time/ros2_ws/install/custom_msg_srv/include/custom_msg_srv
-- Up-to-date: /home/isopodin-time/ros2_ws/install/custom_msg_srv/include/custom_msg_srv/msg
-- Up-to-date: /home/isopodin-time/ros2_ws/install/custom_msg_srv/include/custom_msg_srv/msg/detail
-- Installing: /home/isopodin-time/ros2_ws/install/custom_msg_srv/include/custom_msg_srv/msg/detail/dds_fastrtps
-- Installing: /home/isopodin-time/ros2_ws/install/custom_msg_srv/include/custom_msg_srv/msg/detail/float64_stamped__rosidl_typesupport_fastrtps_cpp.hpp
-- Installing: /home/isopodin-time/ros2_ws/install/custom_msg_srv/include/custom_msg_srv/msg/rosidl_typesupport_fastrtps_cpp__visibility_control.h
-- Installing: /home/isopodin-time/ros2_ws/install/custom_msg_srv/lib/libcustom_msg_srv__rosidl_typesupport_fastrtps_cpp.so
-- Set runtime path of "/home/isopodin-time/ros2_ws/install/custom_msg_srv/lib/libcustom_msg_srv__rosidl_typesupport_fastrtps_cpp.so" to ""
-- Up-to-date: /home/isopodin-time/ros2_ws/install/custom_msg_srv/include/custom_msg_srv
-- Up-to-date: /home/isopodin-time/ros2_ws/install/custom_msg_srv/include/custom_msg_srv/msg
-- Up-to-date: /home/isopodin-time/ros2_ws/install/custom_msg_srv/include/custom_msg_srv/msg/detail
-- Installing: /home/isopodin-time/ros2_ws/install/custom_msg_srv/include/custom_msg_srv/msg/detail/float64_stamped__rosidl_typesupport_introspection_c.h
-- Installing: /home/isopodin-time/ros2_ws/install/custom_msg_srv/include/custom_msg_srv/msg/detail/float64_stamped__type_support.c
-- Installing: /home/isopodin-time/ros2_ws/install/custom_msg_srv/include/custom_msg_srv/msg/rosidl_typesupport_introspection_c__visibility_control.h
-- Installing: /home/isopodin-time/ros2_ws/install/custom_msg_srv/lib/libcustom_msg_srv__rosidl_typesupport_introspection_c.so
-- Set runtime path of "/home/isopodin-time/ros2_ws/install/custom_msg_srv/lib/libcustom_msg_srv__rosidl_typesupport_introspection_c.so" to ""
-- Installing: /home/isopodin-time/ros2_ws/install/custom_msg_srv/lib/libcustom_msg_srv__rosidl_typesupport_c.so
-- Set runtime path of "/home/isopodin-time/ros2_ws/install/custom_msg_srv/lib/libcustom_msg_srv__rosidl_typesupport_c.so" to ""
-- Up-to-date: /home/isopodin-time/ros2_ws/install/custom_msg_srv/include/custom_msg_srv
-- Up-to-date: /home/isopodin-time/ros2_ws/install/custom_msg_srv/include/custom_msg_srv/msg
-- Installing: /home/isopodin-time/ros2_ws/install/custom_msg_srv/include/custom_msg_srv/msg/float64_stamped.hpp
-- Up-to-date: /home/isopodin-time/ros2_ws/install/custom_msg_srv/include/custom_msg_srv/msg/detail
-- Installing: /home/isopodin-time/ros2_ws/install/custom_msg_srv/include/custom_msg_srv/msg/detail/float64_stamped__traits.hpp
-- Installing: /home/isopodin-time/ros2_ws/install/custom_msg_srv/include/custom_msg_srv/msg/detail/float64_stamped__builder.hpp
-- Installing: /home/isopodin-time/ros2_ws/install/custom_msg_srv/include/custom_msg_srv/msg/detail/float64_stamped__type_support.hpp
-- Installing: /home/isopodin-time/ros2_ws/install/custom_msg_srv/include/custom_msg_srv/msg/detail/float64_stamped__struct.hpp
-- Installing: /home/isopodin-time/ros2_ws/install/custom_msg_srv/include/custom_msg_srv/msg/rosidl_generator_cpp__visibility_control.hpp
-- Up-to-date: /home/isopodin-time/ros2_ws/install/custom_msg_srv/include/custom_msg_srv
-- Up-to-date: /home/isopodin-time/ros2_ws/install/custom_msg_srv/include/custom_msg_srv/msg
-- Up-to-date: /home/isopodin-time/ros2_ws/install/custom_msg_srv/include/custom_msg_srv/msg/detail
-- Installing: /home/isopodin-time/ros2_ws/install/custom_msg_srv/include/custom_msg_srv/msg/detail/float64_stamped__type_support.cpp
-- Installing: /home/isopodin-time/ros2_ws/install/custom_msg_srv/include/custom_msg_srv/msg/detail/float64_stamped__rosidl_typesupport_introspection_cpp.hpp
-- Installing: /home/isopodin-time/ros2_ws/install/custom_msg_srv/lib/libcustom_msg_srv__rosidl_typesupport_introspection_cpp.so
-- Set runtime path of "/home/isopodin-time/ros2_ws/install/custom_msg_srv/lib/libcustom_msg_srv__rosidl_typesupport_introspection_cpp.so" to ""
-- Installing: /home/isopodin-time/ros2_ws/install/custom_msg_srv/lib/libcustom_msg_srv__rosidl_typesupport_cpp.so
-- Set runtime path of "/home/isopodin-time/ros2_ws/install/custom_msg_srv/lib/libcustom_msg_srv__rosidl_typesupport_cpp.so" to ""
-- Installing: /home/isopodin-time/ros2_ws/install/custom_msg_srv/share/custom_msg_srv/environment/pythonpath.sh
-- Installing: /home/isopodin-time/ros2_ws/install/custom_msg_srv/share/custom_msg_srv/environment/pythonpath.dsv
-- Installing: /home/isopodin-time/ros2_ws/install/custom_msg_srv/lib/python3.8/site-packages/custom_msg_srv/__init__.py
Compiling '/home/isopodin-time/ros2_ws/install/custom_msg_srv/lib/python3.8/site-packages/custom_msg_srv/__init__.py'...
-- Installing: /home/isopodin-time/ros2_ws/install/custom_msg_srv/lib/python3.8/site-packages/custom_msg_srv/msg
-- Installing: /home/isopodin-time/ros2_ws/install/custom_msg_srv/lib/python3.8/site-packages/custom_msg_srv/msg/__init__.py
-- Installing: /home/isopodin-time/ros2_ws/install/custom_msg_srv/lib/python3.8/site-packages/custom_msg_srv/msg/_float64_stamped_s.c
-- Installing: /home/isopodin-time/ros2_ws/install/custom_msg_srv/lib/python3.8/site-packages/custom_msg_srv/msg/_float64_stamped.py
-- Installing: /home/isopodin-time/ros2_ws/install/custom_msg_srv/lib/python3.8/site-packages/custom_msg_srv/custom_msg_srv_s__rosidl_typesupport_fastrtps_c.cpython-38-x86_64-linux-gnu.so
-- Set runtime path of "/home/isopodin-time/ros2_ws/install/custom_msg_srv/lib/python3.8/site-packages/custom_msg_srv/custom_msg_srv_s__rosidl_typesupport_fastrtps_c.cpython-38-x86_64-linux-gnu.so" to ""
-- Installing: /home/isopodin-time/ros2_ws/install/custom_msg_srv/lib/python3.8/site-packages/custom_msg_srv/custom_msg_srv_s__rosidl_typesupport_introspection_c.cpython-38-x86_64-linux-gnu.so
-- Set runtime path of "/home/isopodin-time/ros2_ws/install/custom_msg_srv/lib/python3.8/site-packages/custom_msg_srv/custom_msg_srv_s__rosidl_typesupport_introspection_c.cpython-38-x86_64-linux-gnu.so" to ""
-- Installing: /home/isopodin-time/ros2_ws/install/custom_msg_srv/lib/python3.8/site-packages/custom_msg_srv/custom_msg_srv_s__rosidl_typesupport_c.cpython-38-x86_64-linux-gnu.so
-- Set runtime path of "/home/isopodin-time/ros2_ws/install/custom_msg_srv/lib/python3.8/site-packages/custom_msg_srv/custom_msg_srv_s__rosidl_typesupport_c.cpython-38-x86_64-linux-gnu.so" to ""
-- Installing: /home/isopodin-time/ros2_ws/install/custom_msg_srv/lib/libcustom_msg_srv__python.so
-- Set runtime path of "/home/isopodin-time/ros2_ws/install/custom_msg_srv/lib/libcustom_msg_srv__python.so" to ""
-- Installing: /home/isopodin-time/ros2_ws/install/custom_msg_srv/share/custom_msg_srv/msg/Float64Stamped.idl
-- Installing: /home/isopodin-time/ros2_ws/install/custom_msg_srv/share/custom_msg_srv/msg/Float64Stamped.msg
-- Installing: /home/isopodin-time/ros2_ws/install/custom_msg_srv/share/ament_index/resource_index/package_run_dependencies/custom_msg_srv
-- Installing: /home/isopodin-time/ros2_ws/install/custom_msg_srv/share/ament_index/resource_index/parent_prefix_path/custom_msg_srv
-- Installing: /home/isopodin-time/ros2_ws/install/custom_msg_srv/share/custom_msg_srv/environment/ament_prefix_path.sh
-- Installing: /home/isopodin-time/ros2_ws/install/custom_msg_srv/share/custom_msg_srv/environment/ament_prefix_path.dsv
-- Installing: /home/isopodin-time/ros2_ws/install/custom_msg_srv/share/custom_msg_srv/environment/path.sh
-- Installing: /home/isopodin-time/ros2_ws/install/custom_msg_srv/share/custom_msg_srv/environment/path.dsv
-- Installing: /home/isopodin-time/ros2_ws/install/custom_msg_srv/share/custom_msg_srv/local_setup.bash
-- Installing: /home/isopodin-time/ros2_ws/install/custom_msg_srv/share/custom_msg_srv/local_setup.sh
-- Installing: /home/isopodin-time/ros2_ws/install/custom_msg_srv/share/custom_msg_srv/local_setup.zsh
-- Installing: /home/isopodin-time/ros2_ws/install/custom_msg_srv/share/custom_msg_srv/local_setup.dsv
-- Installing: /home/isopodin-time/ros2_ws/install/custom_msg_srv/share/custom_msg_srv/package.dsv
-- Installing: /home/isopodin-time/ros2_ws/install/custom_msg_srv/share/ament_index/resource_index/packages/custom_msg_srv
-- Installing: /home/isopodin-time/ros2_ws/install/custom_msg_srv/share/custom_msg_srv/cmake/custom_msg_srv__rosidl_generator_cExport.cmake
-- Installing: /home/isopodin-time/ros2_ws/install/custom_msg_srv/share/custom_msg_srv/cmake/custom_msg_srv__rosidl_generator_cExport-noconfig.cmake
-- Installing: /home/isopodin-time/ros2_ws/install/custom_msg_srv/share/custom_msg_srv/cmake/custom_msg_srv__rosidl_typesupport_introspection_cExport.cmake
-- Installing: /home/isopodin-time/ros2_ws/install/custom_msg_srv/share/custom_msg_srv/cmake/custom_msg_srv__rosidl_typesupport_introspection_cExport-noconfig.cmake
-- Installing: /home/isopodin-time/ros2_ws/install/custom_msg_srv/share/custom_msg_srv/cmake/custom_msg_srv__rosidl_typesupport_cExport.cmake
-- Installing: /home/isopodin-time/ros2_ws/install/custom_msg_srv/share/custom_msg_srv/cmake/custom_msg_srv__rosidl_typesupport_cExport-noconfig.cmake
-- Installing: /home/isopodin-time/ros2_ws/install/custom_msg_srv/share/custom_msg_srv/cmake/custom_msg_srv__rosidl_generator_cppExport.cmake
-- Installing: /home/isopodin-time/ros2_ws/install/custom_msg_srv/share/custom_msg_srv/cmake/custom_msg_srv__rosidl_typesupport_introspection_cppExport.cmake
-- Installing: /home/isopodin-time/ros2_ws/install/custom_msg_srv/share/custom_msg_srv/cmake/custom_msg_srv__rosidl_typesupport_introspection_cppExport-noconfig.cmake
-- Installing: /home/isopodin-time/ros2_ws/install/custom_msg_srv/share/custom_msg_srv/cmake/custom_msg_srv__rosidl_typesupport_cppExport.cmake
-- Installing: /home/isopodin-time/ros2_ws/install/custom_msg_srv/share/custom_msg_srv/cmake/custom_msg_srv__rosidl_typesupport_cppExport-noconfig.cmake
-- Installing: /home/isopodin-time/ros2_ws/install/custom_msg_srv/share/custom_msg_srv/cmake/rosidl_cmake-extras.cmake
-- Installing: /home/isopodin-time/ros2_ws/install/custom_msg_srv/share/custom_msg_srv/cmake/ament_cmake_export_dependencies-extras.cmake
-- Installing: /home/isopodin-time/ros2_ws/install/custom_msg_srv/share/custom_msg_srv/cmake/ament_cmake_export_libraries-extras.cmake
-- Installing: /home/isopodin-time/ros2_ws/install/custom_msg_srv/share/custom_msg_srv/cmake/ament_cmake_export_targets-extras.cmake
-- Installing: /home/isopodin-time/ros2_ws/install/custom_msg_srv/share/custom_msg_srv/cmake/ament_cmake_export_include_directories-extras.cmake
-- Installing: /home/isopodin-time/ros2_ws/install/custom_msg_srv/share/custom_msg_srv/cmake/rosidl_cmake_export_typesupport_libraries-extras.cmake
-- Installing: /home/isopodin-time/ros2_ws/install/custom_msg_srv/share/custom_msg_srv/cmake/rosidl_cmake_export_typesupport_targets-extras.cmake
-- Installing: /home/isopodin-time/ros2_ws/install/custom_msg_srv/share/custom_msg_srv/cmake/custom_msg_srvConfig.cmake
-- Installing: /home/isopodin-time/ros2_ws/install/custom_msg_srv/share/custom_msg_srv/cmake/custom_msg_srvConfig-version.cmake
-- Installing: /home/isopodin-time/ros2_ws/install/custom_msg_srv/share/custom_msg_srv/package.xml
