[0.022s] Invoking command in '/home/isopodin-time/ros2_ws/build/custom_msg_srv': CMAKE_PREFIX_PATH=${CMAKE_PREFIX_PATH}:/opt/ros/foxy /usr/bin/cmake /home/isopodin-time/ros2_ws/src/custom_msg_srv -DCMAKE_INSTALL_PREFIX=/home/isopodin-time/ros2_ws/install/custom_msg_srv
[0.044s] -- Found ament_cmake: 0.9.12 (/opt/ros/foxy/share/ament_cmake/cmake)
[0.072s] -- Found PythonInterp: /usr/bin/python3 (found suitable version "3.8.10", minimum required is "3") 
[0.072s] -- Using PYTHON_EXECUTABLE: /usr/bin/python3
[0.248s] -- Found std_msgs: 2.0.5 (/opt/ros/foxy/share/std_msgs/cmake)
[0.466s] -- Using all available rosidl_typesupport_c: rosidl_typesupport_fastrtps_c;rosidl_typesupport_introspection_c
[0.471s] -- Found rosidl_adapter: 1.3.1 (/opt/ros/foxy/share/rosidl_adapter/cmake)
[5.986s] -- Using all available rosidl_typesupport_cpp: rosidl_typesupport_fastrtps_cpp;rosidl_typesupport_introspection_cpp
[6.026s] -- Found rosidl_default_generators: 1.0.1 (/opt/ros/foxy/share/rosidl_default_generators/cmake)
[6.062s] -- Found PythonInterp: /usr/bin/python3 (found version "3.8.10") 
[6.219s] -- Found ament_cmake_ros: 0.9.2 (/opt/ros/foxy/share/ament_cmake_ros/cmake)
[12.302s] -- Using all available rosidl_typesupport_c: rosidl_typesupport_fastrtps_c;rosidl_typesupport_introspection_c
[12.367s] -- Using all available rosidl_typesupport_cpp: rosidl_typesupport_fastrtps_cpp;rosidl_typesupport_introspection_cpp
[12.396s] -- Found PythonInterp: /usr/bin/python3 (found suitable version "3.8.10", minimum required is "3.5") 
[12.400s] -- Found python_cmake_module: 0.8.1 (/opt/ros/foxy/share/python_cmake_module/cmake)
[13.014s] -- Found PythonLibs: /usr/lib/x86_64-linux-gnu/libpython3.8.so (found suitable version "3.8.10", minimum required is "3.5") 
[13.014s] -- Using PYTHON_EXECUTABLE: /usr/bin/python3
[13.014s] -- Using PYTHON_INCLUDE_DIRS: /usr/include/python3.8
[13.014s] -- Using PYTHON_LIBRARIES: /usr/lib/x86_64-linux-gnu/libpython3.8.so
[13.035s] -- Found PythonExtra: .so  
[13.177s] -- Found ament_lint_auto: 0.9.8 (/opt/ros/foxy/share/ament_lint_auto/cmake)
[13.249s] -- Added test 'copyright' to check source files copyright and LICENSE
[13.254s] -- Added test 'lint_cmake' to check CMake code style
[13.258s] -- Added test 'xmllint' to check XML markup files
[13.264s] -- Configuring done
[13.319s] -- Generating done
[13.322s] -- Build files have been written to: /home/isopodin-time/ros2_ws/build/custom_msg_srv
[13.334s] Invoked command in '/home/isopodin-time/ros2_ws/build/custom_msg_srv' returned '0': CMAKE_PREFIX_PATH=${CMAKE_PREFIX_PATH}:/opt/ros/foxy /usr/bin/cmake /home/isopodin-time/ros2_ws/src/custom_msg_srv -DCMAKE_INSTALL_PREFIX=/home/isopodin-time/ros2_ws/install/custom_msg_srv
[13.335s] Invoking command in '/home/isopodin-time/ros2_ws/build/custom_msg_srv': CMAKE_PREFIX_PATH=${CMAKE_PREFIX_PATH}:/opt/ros/foxy /usr/bin/cmake --build /home/isopodin-time/ros2_ws/build/custom_msg_srv -- -j8 -l8
[13.381s] [  3%] [34m[1mGenerating C code for ROS interfaces[0m
[13.381s] [35m[1mScanning dependencies of target custom_msg_srv__cpp[0m
[13.395s] [  6%] [34m[1mGenerating C++ code for ROS interfaces[0m
[13.640s] [35m[1mScanning dependencies of target custom_msg_srv__rosidl_generator_c[0m
[13.654s] [  6%] Built target custom_msg_srv__cpp
[13.664s] [  9%] [32mBuilding C object CMakeFiles/custom_msg_srv__rosidl_generator_c.dir/rosidl_generator_c/custom_msg_srv/msg/detail/float64_stamped__functions.c.o[0m
[13.669s] [ 12%] [34m[1mGenerating C++ type support for eProsima Fast-RTPS[0m
[13.673s] [ 16%] [34m[1mGenerating C++ introspection for ROS interfaces[0m
[13.673s] [ 19%] [34m[1mGenerating C++ type support dispatch for ROS interfaces[0m
[13.751s] [ 22%] [32m[1mLinking C shared library libcustom_msg_srv__rosidl_generator_c.so[0m
[13.960s] [ 22%] Built target custom_msg_srv__rosidl_generator_c
[13.986s] [ 25%] [34m[1mGenerating C type support dispatch for ROS interfaces[0m
[13.987s] [ 29%] [34m[1mGenerating C introspection for ROS interfaces[0m
[14.008s] [35m[1mScanning dependencies of target custom_msg_srv__rosidl_typesupport_cpp[0m
[14.021s] [35m[1mScanning dependencies of target custom_msg_srv__rosidl_typesupport_introspection_cpp[0m
[14.033s] [ 32%] [32mBuilding CXX object CMakeFiles/custom_msg_srv__rosidl_typesupport_cpp.dir/rosidl_typesupport_cpp/custom_msg_srv/msg/float64_stamped__type_support.cpp.o[0m
[14.035s] [35m[1mScanning dependencies of target custom_msg_srv__rosidl_typesupport_fastrtps_cpp[0m
[14.044s] [ 35%] [32mBuilding CXX object CMakeFiles/custom_msg_srv__rosidl_typesupport_introspection_cpp.dir/rosidl_typesupport_introspection_cpp/custom_msg_srv/msg/detail/float64_stamped__type_support.cpp.o[0m
[14.058s] [ 38%] [32mBuilding CXX object CMakeFiles/custom_msg_srv__rosidl_typesupport_fastrtps_cpp.dir/rosidl_typesupport_fastrtps_cpp/custom_msg_srv/msg/detail/dds_fastrtps/float64_stamped__type_support.cpp.o[0m
[14.275s] [35m[1mScanning dependencies of target custom_msg_srv__rosidl_typesupport_c[0m
[14.300s] [35m[1mScanning dependencies of target custom_msg_srv__rosidl_typesupport_introspection_c[0m
[14.302s] [ 41%] [32mBuilding CXX object CMakeFiles/custom_msg_srv__rosidl_typesupport_c.dir/rosidl_typesupport_c/custom_msg_srv/msg/float64_stamped__type_support.cpp.o[0m
[14.326s] [ 45%] [32mBuilding C object CMakeFiles/custom_msg_srv__rosidl_typesupport_introspection_c.dir/rosidl_typesupport_introspection_c/custom_msg_srv/msg/detail/float64_stamped__type_support.c.o[0m
[14.349s] [ 48%] [32m[1mLinking CXX shared library libcustom_msg_srv__rosidl_typesupport_c.so[0m
[14.384s] [ 51%] [32m[1mLinking C shared library libcustom_msg_srv__rosidl_typesupport_introspection_c.so[0m
[14.448s] [ 54%] [32m[1mLinking CXX shared library libcustom_msg_srv__rosidl_typesupport_cpp.so[0m
[14.469s] [ 58%] [32m[1mLinking CXX shared library libcustom_msg_srv__rosidl_typesupport_introspection_cpp.so[0m
[14.554s] [ 58%] Built target custom_msg_srv__rosidl_typesupport_c
[14.569s] [ 58%] Built target custom_msg_srv__rosidl_typesupport_introspection_c
[14.641s] [ 58%] Built target custom_msg_srv__rosidl_typesupport_cpp
[14.681s] [ 61%] [32m[1mLinking CXX shared library libcustom_msg_srv__rosidl_typesupport_fastrtps_cpp.so[0m
[14.704s] [ 61%] Built target custom_msg_srv__rosidl_typesupport_introspection_cpp
[14.900s] [ 61%] Built target custom_msg_srv__rosidl_typesupport_fastrtps_cpp
[14.915s] [ 64%] [34m[1mGenerating C type support for eProsima Fast-RTPS[0m
[15.135s] [35m[1mScanning dependencies of target custom_msg_srv__rosidl_typesupport_fastrtps_c[0m
[15.158s] [ 67%] [32mBuilding CXX object CMakeFiles/custom_msg_srv__rosidl_typesupport_fastrtps_c.dir/rosidl_typesupport_fastrtps_c/custom_msg_srv/msg/detail/float64_stamped__type_support_c.cpp.o[0m
[15.499s] [ 70%] [32m[1mLinking CXX shared library libcustom_msg_srv__rosidl_typesupport_fastrtps_c.so[0m
[15.717s] [ 70%] Built target custom_msg_srv__rosidl_typesupport_fastrtps_c
[15.730s] [35m[1mScanning dependencies of target custom_msg_srv[0m
[15.743s] [ 70%] Built target custom_msg_srv
[15.755s] [35m[1mScanning dependencies of target custom_msg_srv__py[0m
[15.768s] [ 74%] [34m[1mGenerating Python code for ROS interfaces[0m
[16.148s] [ 74%] Built target custom_msg_srv__py
[16.160s] [35m[1mScanning dependencies of target custom_msg_srv__python[0m
[16.212s] [ 77%] [32mBuilding C object CMakeFiles/custom_msg_srv__python.dir/rosidl_generator_py/custom_msg_srv/msg/_float64_stamped_s.c.o[0m
[16.332s] [ 80%] [32m[1mLinking C shared library rosidl_generator_py/custom_msg_srv/libcustom_msg_srv__python.so[0m
[16.517s] [ 80%] Built target custom_msg_srv__python
[16.531s] [35m[1mScanning dependencies of target custom_msg_srv__rosidl_typesupport_introspection_c__pyext[0m
[16.531s] [35m[1mScanning dependencies of target custom_msg_srv__rosidl_typesupport_c__pyext[0m
[16.531s] [35m[1mScanning dependencies of target custom_msg_srv__rosidl_typesupport_fastrtps_c__pyext[0m
[16.555s] [ 87%] [32mBuilding C object CMakeFiles/custom_msg_srv__rosidl_typesupport_c__pyext.dir/rosidl_generator_py/custom_msg_srv/_custom_msg_srv_s.ep.rosidl_typesupport_c.c.o[0m
[16.555s] [ 87%] [32mBuilding C object CMakeFiles/custom_msg_srv__rosidl_typesupport_introspection_c__pyext.dir/rosidl_generator_py/custom_msg_srv/_custom_msg_srv_s.ep.rosidl_typesupport_introspection_c.c.o[0m
[16.557s] [ 90%] [32mBuilding C object CMakeFiles/custom_msg_srv__rosidl_typesupport_fastrtps_c__pyext.dir/rosidl_generator_py/custom_msg_srv/_custom_msg_srv_s.ep.rosidl_typesupport_fastrtps_c.c.o[0m
[16.643s] [ 93%] [32m[1mLinking C shared library rosidl_generator_py/custom_msg_srv/custom_msg_srv_s__rosidl_typesupport_introspection_c.cpython-38-x86_64-linux-gnu.so[0m
[16.683s] [ 96%] [32m[1mLinking C shared library rosidl_generator_py/custom_msg_srv/custom_msg_srv_s__rosidl_typesupport_c.cpython-38-x86_64-linux-gnu.so[0m
[16.699s] [100%] [32m[1mLinking CXX shared library rosidl_generator_py/custom_msg_srv/custom_msg_srv_s__rosidl_typesupport_fastrtps_c.cpython-38-x86_64-linux-gnu.so[0m
[16.841s] [100%] Built target custom_msg_srv__rosidl_typesupport_introspection_c__pyext
[16.872s] [100%] Built target custom_msg_srv__rosidl_typesupport_c__pyext
[16.916s] [100%] Built target custom_msg_srv__rosidl_typesupport_fastrtps_c__pyext
[16.936s] Invoked command in '/home/isopodin-time/ros2_ws/build/custom_msg_srv' returned '0': CMAKE_PREFIX_PATH=${CMAKE_PREFIX_PATH}:/opt/ros/foxy /usr/bin/cmake --build /home/isopodin-time/ros2_ws/build/custom_msg_srv -- -j8 -l8
[17.029s] Invoking command in '/home/isopodin-time/ros2_ws/build/custom_msg_srv': CMAKE_PREFIX_PATH=${CMAKE_PREFIX_PATH}:/opt/ros/foxy /usr/bin/cmake --install /home/isopodin-time/ros2_ws/build/custom_msg_srv
[17.039s] -- Install configuration: ""
[17.040s] -- Installing: /home/isopodin-time/ros2_ws/install/custom_msg_srv/share/ament_index/resource_index/rosidl_interfaces/custom_msg_srv
[17.040s] -- Installing: /home/isopodin-time/ros2_ws/install/custom_msg_srv/include/custom_msg_srv
[17.040s] -- Installing: /home/isopodin-time/ros2_ws/install/custom_msg_srv/include/custom_msg_srv/msg
[17.040s] -- Installing: /home/isopodin-time/ros2_ws/install/custom_msg_srv/include/custom_msg_srv/msg/detail
[17.041s] -- Installing: /home/isopodin-time/ros2_ws/install/custom_msg_srv/include/custom_msg_srv/msg/detail/float64_stamped__struct.h
[17.041s] -- Installing: /home/isopodin-time/ros2_ws/install/custom_msg_srv/include/custom_msg_srv/msg/detail/float64_stamped__type_support.h
[17.041s] -- Installing: /home/isopodin-time/ros2_ws/install/custom_msg_srv/include/custom_msg_srv/msg/detail/float64_stamped__functions.h
[17.042s] -- Installing: /home/isopodin-time/ros2_ws/install/custom_msg_srv/include/custom_msg_srv/msg/detail/float64_stamped__functions.c
[17.042s] -- Installing: /home/isopodin-time/ros2_ws/install/custom_msg_srv/include/custom_msg_srv/msg/float64_stamped.h
[17.042s] -- Installing: /home/isopodin-time/ros2_ws/install/custom_msg_srv/include/custom_msg_srv/msg/rosidl_generator_c__visibility_control.h
[17.042s] -- Installing: /home/isopodin-time/ros2_ws/install/custom_msg_srv/share/custom_msg_srv/environment/library_path.sh
[17.043s] -- Installing: /home/isopodin-time/ros2_ws/install/custom_msg_srv/share/custom_msg_srv/environment/library_path.dsv
[17.043s] -- Installing: /home/isopodin-time/ros2_ws/install/custom_msg_srv/lib/libcustom_msg_srv__rosidl_generator_c.so
[17.044s] -- Set runtime path of "/home/isopodin-time/ros2_ws/install/custom_msg_srv/lib/libcustom_msg_srv__rosidl_generator_c.so" to ""
[17.044s] -- Up-to-date: /home/isopodin-time/ros2_ws/install/custom_msg_srv/include/custom_msg_srv
[17.044s] -- Up-to-date: /home/isopodin-time/ros2_ws/install/custom_msg_srv/include/custom_msg_srv/msg
[17.044s] -- Installing: /home/isopodin-time/ros2_ws/install/custom_msg_srv/include/custom_msg_srv/msg/rosidl_typesupport_fastrtps_c__visibility_control.h
[17.044s] -- Up-to-date: /home/isopodin-time/ros2_ws/install/custom_msg_srv/include/custom_msg_srv/msg/detail
[17.044s] -- Installing: /home/isopodin-time/ros2_ws/install/custom_msg_srv/include/custom_msg_srv/msg/detail/float64_stamped__rosidl_typesupport_fastrtps_c.h
[17.045s] -- Installing: /home/isopodin-time/ros2_ws/install/custom_msg_srv/lib/libcustom_msg_srv__rosidl_typesupport_fastrtps_c.so
[17.045s] -- Set runtime path of "/home/isopodin-time/ros2_ws/install/custom_msg_srv/lib/libcustom_msg_srv__rosidl_typesupport_fastrtps_c.so" to ""
[17.045s] -- Up-to-date: /home/isopodin-time/ros2_ws/install/custom_msg_srv/include/custom_msg_srv
[17.045s] -- Up-to-date: /home/isopodin-time/ros2_ws/install/custom_msg_srv/include/custom_msg_srv/msg
[17.046s] -- Up-to-date: /home/isopodin-time/ros2_ws/install/custom_msg_srv/include/custom_msg_srv/msg/detail
[17.046s] -- Installing: /home/isopodin-time/ros2_ws/install/custom_msg_srv/include/custom_msg_srv/msg/detail/dds_fastrtps
[17.046s] -- Installing: /home/isopodin-time/ros2_ws/install/custom_msg_srv/include/custom_msg_srv/msg/detail/float64_stamped__rosidl_typesupport_fastrtps_cpp.hpp
[17.046s] -- Installing: /home/isopodin-time/ros2_ws/install/custom_msg_srv/include/custom_msg_srv/msg/rosidl_typesupport_fastrtps_cpp__visibility_control.h
[17.047s] -- Installing: /home/isopodin-time/ros2_ws/install/custom_msg_srv/lib/libcustom_msg_srv__rosidl_typesupport_fastrtps_cpp.so
[17.047s] -- Set runtime path of "/home/isopodin-time/ros2_ws/install/custom_msg_srv/lib/libcustom_msg_srv__rosidl_typesupport_fastrtps_cpp.so" to ""
[17.047s] -- Up-to-date: /home/isopodin-time/ros2_ws/install/custom_msg_srv/include/custom_msg_srv
[17.047s] -- Up-to-date: /home/isopodin-time/ros2_ws/install/custom_msg_srv/include/custom_msg_srv/msg
[17.048s] -- Up-to-date: /home/isopodin-time/ros2_ws/install/custom_msg_srv/include/custom_msg_srv/msg/detail
[17.048s] -- Installing: /home/isopodin-time/ros2_ws/install/custom_msg_srv/include/custom_msg_srv/msg/detail/float64_stamped__rosidl_typesupport_introspection_c.h
[17.048s] -- Installing: /home/isopodin-time/ros2_ws/install/custom_msg_srv/include/custom_msg_srv/msg/detail/float64_stamped__type_support.c
[17.048s] -- Installing: /home/isopodin-time/ros2_ws/install/custom_msg_srv/include/custom_msg_srv/msg/rosidl_typesupport_introspection_c__visibility_control.h
[17.048s] -- Installing: /home/isopodin-time/ros2_ws/install/custom_msg_srv/lib/libcustom_msg_srv__rosidl_typesupport_introspection_c.so
[17.049s] -- Set runtime path of "/home/isopodin-time/ros2_ws/install/custom_msg_srv/lib/libcustom_msg_srv__rosidl_typesupport_introspection_c.so" to ""
[17.049s] -- Installing: /home/isopodin-time/ros2_ws/install/custom_msg_srv/lib/libcustom_msg_srv__rosidl_typesupport_c.so
[17.049s] -- Set runtime path of "/home/isopodin-time/ros2_ws/install/custom_msg_srv/lib/libcustom_msg_srv__rosidl_typesupport_c.so" to ""
[17.050s] -- Up-to-date: /home/isopodin-time/ros2_ws/install/custom_msg_srv/include/custom_msg_srv
[17.050s] -- Up-to-date: /home/isopodin-time/ros2_ws/install/custom_msg_srv/include/custom_msg_srv/msg
[17.050s] -- Installing: /home/isopodin-time/ros2_ws/install/custom_msg_srv/include/custom_msg_srv/msg/float64_stamped.hpp
[17.050s] -- Up-to-date: /home/isopodin-time/ros2_ws/install/custom_msg_srv/include/custom_msg_srv/msg/detail
[17.050s] -- Installing: /home/isopodin-time/ros2_ws/install/custom_msg_srv/include/custom_msg_srv/msg/detail/float64_stamped__traits.hpp
[17.051s] -- Installing: /home/isopodin-time/ros2_ws/install/custom_msg_srv/include/custom_msg_srv/msg/detail/float64_stamped__builder.hpp
[17.051s] -- Installing: /home/isopodin-time/ros2_ws/install/custom_msg_srv/include/custom_msg_srv/msg/detail/float64_stamped__type_support.hpp
[17.051s] -- Installing: /home/isopodin-time/ros2_ws/install/custom_msg_srv/include/custom_msg_srv/msg/detail/float64_stamped__struct.hpp
[17.051s] -- Installing: /home/isopodin-time/ros2_ws/install/custom_msg_srv/include/custom_msg_srv/msg/rosidl_generator_cpp__visibility_control.hpp
[17.052s] -- Up-to-date: /home/isopodin-time/ros2_ws/install/custom_msg_srv/include/custom_msg_srv
[17.052s] -- Up-to-date: /home/isopodin-time/ros2_ws/install/custom_msg_srv/include/custom_msg_srv/msg
[17.052s] -- Up-to-date: /home/isopodin-time/ros2_ws/install/custom_msg_srv/include/custom_msg_srv/msg/detail
[17.052s] -- Installing: /home/isopodin-time/ros2_ws/install/custom_msg_srv/include/custom_msg_srv/msg/detail/float64_stamped__type_support.cpp
[17.052s] -- Installing: /home/isopodin-time/ros2_ws/install/custom_msg_srv/include/custom_msg_srv/msg/detail/float64_stamped__rosidl_typesupport_introspection_cpp.hpp
[17.052s] -- Installing: /home/isopodin-time/ros2_ws/install/custom_msg_srv/lib/libcustom_msg_srv__rosidl_typesupport_introspection_cpp.so
[17.052s] -- Set runtime path of "/home/isopodin-time/ros2_ws/install/custom_msg_srv/lib/libcustom_msg_srv__rosidl_typesupport_introspection_cpp.so" to ""
[17.053s] -- Installing: /home/isopodin-time/ros2_ws/install/custom_msg_srv/lib/libcustom_msg_srv__rosidl_typesupport_cpp.so
[17.053s] -- Set runtime path of "/home/isopodin-time/ros2_ws/install/custom_msg_srv/lib/libcustom_msg_srv__rosidl_typesupport_cpp.so" to ""
[17.053s] -- Installing: /home/isopodin-time/ros2_ws/install/custom_msg_srv/share/custom_msg_srv/environment/pythonpath.sh
[17.053s] -- Installing: /home/isopodin-time/ros2_ws/install/custom_msg_srv/share/custom_msg_srv/environment/pythonpath.dsv
[17.053s] -- Installing: /home/isopodin-time/ros2_ws/install/custom_msg_srv/lib/python3.8/site-packages/custom_msg_srv/__init__.py
[17.088s] Compiling '/home/isopodin-time/ros2_ws/install/custom_msg_srv/lib/python3.8/site-packages/custom_msg_srv/__init__.py'...
[17.093s] -- Installing: /home/isopodin-time/ros2_ws/install/custom_msg_srv/lib/python3.8/site-packages/custom_msg_srv/msg
[17.093s] -- Installing: /home/isopodin-time/ros2_ws/install/custom_msg_srv/lib/python3.8/site-packages/custom_msg_srv/msg/__init__.py
[17.093s] -- Installing: /home/isopodin-time/ros2_ws/install/custom_msg_srv/lib/python3.8/site-packages/custom_msg_srv/msg/_float64_stamped_s.c
[17.094s] -- Installing: /home/isopodin-time/ros2_ws/install/custom_msg_srv/lib/python3.8/site-packages/custom_msg_srv/msg/_float64_stamped.py
[17.094s] -- Installing: /home/isopodin-time/ros2_ws/install/custom_msg_srv/lib/python3.8/site-packages/custom_msg_srv/custom_msg_srv_s__rosidl_typesupport_fastrtps_c.cpython-38-x86_64-linux-gnu.so
[17.094s] -- Set runtime path of "/home/isopodin-time/ros2_ws/install/custom_msg_srv/lib/python3.8/site-packages/custom_msg_srv/custom_msg_srv_s__rosidl_typesupport_fastrtps_c.cpython-38-x86_64-linux-gnu.so" to ""
[17.094s] -- Installing: /home/isopodin-time/ros2_ws/install/custom_msg_srv/lib/python3.8/site-packages/custom_msg_srv/custom_msg_srv_s__rosidl_typesupport_introspection_c.cpython-38-x86_64-linux-gnu.so
[17.095s] -- Set runtime path of "/home/isopodin-time/ros2_ws/install/custom_msg_srv/lib/python3.8/site-packages/custom_msg_srv/custom_msg_srv_s__rosidl_typesupport_introspection_c.cpython-38-x86_64-linux-gnu.so" to ""
[17.095s] -- Installing: /home/isopodin-time/ros2_ws/install/custom_msg_srv/lib/python3.8/site-packages/custom_msg_srv/custom_msg_srv_s__rosidl_typesupport_c.cpython-38-x86_64-linux-gnu.so
[17.096s] -- Set runtime path of "/home/isopodin-time/ros2_ws/install/custom_msg_srv/lib/python3.8/site-packages/custom_msg_srv/custom_msg_srv_s__rosidl_typesupport_c.cpython-38-x86_64-linux-gnu.so" to ""
[17.096s] -- Installing: /home/isopodin-time/ros2_ws/install/custom_msg_srv/lib/libcustom_msg_srv__python.so
[17.096s] -- Set runtime path of "/home/isopodin-time/ros2_ws/install/custom_msg_srv/lib/libcustom_msg_srv__python.so" to ""
[17.097s] -- Installing: /home/isopodin-time/ros2_ws/install/custom_msg_srv/share/custom_msg_srv/msg/Float64Stamped.idl
[17.097s] -- Installing: /home/isopodin-time/ros2_ws/install/custom_msg_srv/share/custom_msg_srv/msg/Float64Stamped.msg
[17.097s] -- Installing: /home/isopodin-time/ros2_ws/install/custom_msg_srv/share/ament_index/resource_index/package_run_dependencies/custom_msg_srv
[17.103s] -- Installing: /home/isopodin-time/ros2_ws/install/custom_msg_srv/share/ament_index/resource_index/parent_prefix_path/custom_msg_srv
[17.104s] -- Installing: /home/isopodin-time/ros2_ws/install/custom_msg_srv/share/custom_msg_srv/environment/ament_prefix_path.sh
[17.104s] -- Installing: /home/isopodin-time/ros2_ws/install/custom_msg_srv/share/custom_msg_srv/environment/ament_prefix_path.dsv
[17.105s] -- Installing: /home/isopodin-time/ros2_ws/install/custom_msg_srv/share/custom_msg_srv/environment/path.sh
[17.105s] -- Installing: /home/isopodin-time/ros2_ws/install/custom_msg_srv/share/custom_msg_srv/environment/path.dsv
[17.105s] -- Installing: /home/isopodin-time/ros2_ws/install/custom_msg_srv/share/custom_msg_srv/local_setup.bash
[17.105s] -- Installing: /home/isopodin-time/ros2_ws/install/custom_msg_srv/share/custom_msg_srv/local_setup.sh
[17.105s] -- Installing: /home/isopodin-time/ros2_ws/install/custom_msg_srv/share/custom_msg_srv/local_setup.zsh
[17.105s] -- Installing: /home/isopodin-time/ros2_ws/install/custom_msg_srv/share/custom_msg_srv/local_setup.dsv
[17.106s] -- Installing: /home/isopodin-time/ros2_ws/install/custom_msg_srv/share/custom_msg_srv/package.dsv
[17.106s] -- Installing: /home/isopodin-time/ros2_ws/install/custom_msg_srv/share/ament_index/resource_index/packages/custom_msg_srv
[17.106s] -- Installing: /home/isopodin-time/ros2_ws/install/custom_msg_srv/share/custom_msg_srv/cmake/custom_msg_srv__rosidl_generator_cExport.cmake
[17.106s] -- Installing: /home/isopodin-time/ros2_ws/install/custom_msg_srv/share/custom_msg_srv/cmake/custom_msg_srv__rosidl_generator_cExport-noconfig.cmake
[17.106s] -- Installing: /home/isopodin-time/ros2_ws/install/custom_msg_srv/share/custom_msg_srv/cmake/custom_msg_srv__rosidl_typesupport_introspection_cExport.cmake
[17.106s] -- Installing: /home/isopodin-time/ros2_ws/install/custom_msg_srv/share/custom_msg_srv/cmake/custom_msg_srv__rosidl_typesupport_introspection_cExport-noconfig.cmake
[17.106s] -- Installing: /home/isopodin-time/ros2_ws/install/custom_msg_srv/share/custom_msg_srv/cmake/custom_msg_srv__rosidl_typesupport_cExport.cmake
[17.106s] -- Installing: /home/isopodin-time/ros2_ws/install/custom_msg_srv/share/custom_msg_srv/cmake/custom_msg_srv__rosidl_typesupport_cExport-noconfig.cmake
[17.107s] -- Installing: /home/isopodin-time/ros2_ws/install/custom_msg_srv/share/custom_msg_srv/cmake/custom_msg_srv__rosidl_generator_cppExport.cmake
[17.107s] -- Installing: /home/isopodin-time/ros2_ws/install/custom_msg_srv/share/custom_msg_srv/cmake/custom_msg_srv__rosidl_typesupport_introspection_cppExport.cmake
[17.107s] -- Installing: /home/isopodin-time/ros2_ws/install/custom_msg_srv/share/custom_msg_srv/cmake/custom_msg_srv__rosidl_typesupport_introspection_cppExport-noconfig.cmake
[17.107s] -- Installing: /home/isopodin-time/ros2_ws/install/custom_msg_srv/share/custom_msg_srv/cmake/custom_msg_srv__rosidl_typesupport_cppExport.cmake
[17.107s] -- Installing: /home/isopodin-time/ros2_ws/install/custom_msg_srv/share/custom_msg_srv/cmake/custom_msg_srv__rosidl_typesupport_cppExport-noconfig.cmake
[17.107s] -- Installing: /home/isopodin-time/ros2_ws/install/custom_msg_srv/share/custom_msg_srv/cmake/rosidl_cmake-extras.cmake
[17.107s] -- Installing: /home/isopodin-time/ros2_ws/install/custom_msg_srv/share/custom_msg_srv/cmake/ament_cmake_export_dependencies-extras.cmake
[17.107s] -- Installing: /home/isopodin-time/ros2_ws/install/custom_msg_srv/share/custom_msg_srv/cmake/ament_cmake_export_libraries-extras.cmake
[17.108s] -- Installing: /home/isopodin-time/ros2_ws/install/custom_msg_srv/share/custom_msg_srv/cmake/ament_cmake_export_targets-extras.cmake
[17.109s] -- Installing: /home/isopodin-time/ros2_ws/install/custom_msg_srv/share/custom_msg_srv/cmake/ament_cmake_export_include_directories-extras.cmake
[17.110s] -- Installing: /home/isopodin-time/ros2_ws/install/custom_msg_srv/share/custom_msg_srv/cmake/rosidl_cmake_export_typesupport_libraries-extras.cmake
[17.110s] -- Installing: /home/isopodin-time/ros2_ws/install/custom_msg_srv/share/custom_msg_srv/cmake/rosidl_cmake_export_typesupport_targets-extras.cmake
[17.112s] -- Installing: /home/isopodin-time/ros2_ws/install/custom_msg_srv/share/custom_msg_srv/cmake/custom_msg_srvConfig.cmake
[17.112s] -- Installing: /home/isopodin-time/ros2_ws/install/custom_msg_srv/share/custom_msg_srv/cmake/custom_msg_srvConfig-version.cmake
[17.112s] -- Installing: /home/isopodin-time/ros2_ws/install/custom_msg_srv/share/custom_msg_srv/package.xml
[17.112s] Invoked command in '/home/isopodin-time/ros2_ws/build/custom_msg_srv' returned '0': CMAKE_PREFIX_PATH=${CMAKE_PREFIX_PATH}:/opt/ros/foxy /usr/bin/cmake --install /home/isopodin-time/ros2_ws/build/custom_msg_srv
