[0.031s] Invoking command in '/home/isopodin-time/ros2_ws/build/pid_component': CMAKE_PREFIX_PATH=${CMAKE_PREFIX_PATH}:/opt/ros/foxy /usr/bin/cmake --build /home/isopodin-time/ros2_ws/build/pid_component -- -j8 -l8
[0.095s] [35m[1mScanning dependencies of target pid_component[0m
[0.133s] [ 50%] [32mBuilding CXX object CMakeFiles/pid_component.dir/src/pid_component/pid_component.cpp.o[0m
[6.672s] [100%] [32m[1mLinking CXX shared library libpid_component.so[0m
[7.269s] [100%] Built target pid_component
[7.285s] Invoked command in '/home/isopodin-time/ros2_ws/build/pid_component' returned '0': CMAKE_PREFIX_PATH=${CMAKE_PREFIX_PATH}:/opt/ros/foxy /usr/bin/cmake --build /home/isopodin-time/ros2_ws/build/pid_component -- -j8 -l8
[7.350s] Invoking command in '/home/isopodin-time/ros2_ws/build/pid_component': CMAKE_PREFIX_PATH=${CMAKE_PREFIX_PATH}:/opt/ros/foxy /usr/bin/cmake --install /home/isopodin-time/ros2_ws/build/pid_component
[7.369s] -- Install configuration: ""
[7.370s] -- Execute custom install script
[7.370s] -- Up-to-date symlink: /home/isopodin-time/ros2_ws/install/pid_component/include/pid_component/pid_component.hpp
[7.371s] -- Up-to-date symlink: /home/isopodin-time/ros2_ws/install/pid_component/include/pid_component/visibility_control.h
[7.371s] -- Up-to-date symlink: /home/isopodin-time/ros2_ws/install/pid_component/share/pid_component/launch/pid.launch.py
[7.372s] -- Up-to-date symlink: /home/isopodin-time/ros2_ws/install/pid_component/share/ament_index/resource_index/package_run_dependencies/pid_component
[7.372s] -- Up-to-date symlink: /home/isopodin-time/ros2_ws/install/pid_component/share/ament_index/resource_index/parent_prefix_path/pid_component
[7.373s] -- Up-to-date symlink: /home/isopodin-time/ros2_ws/install/pid_component/share/pid_component/environment/ament_prefix_path.sh
[7.373s] -- Up-to-date symlink: /home/isopodin-time/ros2_ws/install/pid_component/share/pid_component/environment/ament_prefix_path.dsv
[7.373s] -- Up-to-date symlink: /home/isopodin-time/ros2_ws/install/pid_component/share/pid_component/environment/path.sh
[7.374s] -- Up-to-date symlink: /home/isopodin-time/ros2_ws/install/pid_component/share/pid_component/environment/path.dsv
[7.374s] -- Up-to-date symlink: /home/isopodin-time/ros2_ws/install/pid_component/share/pid_component/local_setup.bash
[7.374s] -- Up-to-date symlink: /home/isopodin-time/ros2_ws/install/pid_component/share/pid_component/local_setup.sh
[7.375s] -- Up-to-date symlink: /home/isopodin-time/ros2_ws/install/pid_component/share/pid_component/local_setup.zsh
[7.375s] -- Up-to-date symlink: /home/isopodin-time/ros2_ws/install/pid_component/share/pid_component/local_setup.dsv
[7.376s] -- Symlinking: /home/isopodin-time/ros2_ws/install/pid_component/share/pid_component/package.dsv
[7.399s] -- Up-to-date symlink: /home/isopodin-time/ros2_ws/install/pid_component/share/ament_index/resource_index/packages/pid_component
[7.400s] -- Up-to-date symlink: /home/isopodin-time/ros2_ws/install/pid_component/share/ament_index/resource_index/rclcpp_components/pid_component
[7.400s] -- Up-to-date symlink: /home/isopodin-time/ros2_ws/install/pid_component/share/pid_component/cmake/pid_componentConfig.cmake
[7.400s] -- Up-to-date symlink: /home/isopodin-time/ros2_ws/install/pid_component/share/pid_component/cmake/pid_componentConfig-version.cmake
[7.401s] -- Up-to-date symlink: /home/isopodin-time/ros2_ws/install/pid_component/share/pid_component/package.xml
[7.405s] Invoked command in '/home/isopodin-time/ros2_ws/build/pid_component' returned '0': CMAKE_PREFIX_PATH=${CMAKE_PREFIX_PATH}:/opt/ros/foxy /usr/bin/cmake --install /home/isopodin-time/ros2_ws/build/pid_component
