[0.028s] Invoking command in '/home/isopodin-time/ros2_ws/build/pid_component': CMAKE_PREFIX_PATH=${CMAKE_PREFIX_PATH}:/opt/ros/foxy /usr/bin/cmake --build /home/isopodin-time/ros2_ws/build/pid_component -- -j8 -l8
[0.065s] -- Found ament_cmake: 0.9.12 (/opt/ros/foxy/share/ament_cmake/cmake)
[0.088s] -- Using PYTHON_EXECUTABLE: /usr/bin/python3
[0.265s] -- Override CMake install command with custom implementation using symlinks instead of copying resources
[0.272s] -- Found rclcpp: 2.4.3 (/opt/ros/foxy/share/rclcpp/cmake)
[0.507s] -- Using all available rosidl_typesupport_c: rosidl_typesupport_fastrtps_c;rosidl_typesupport_introspection_c
[0.510s] -- Found rosidl_adapter: 1.3.1 (/opt/ros/foxy/share/rosidl_adapter/cmake)
[6.811s] -- Using all available rosidl_typesupport_cpp: rosidl_typesupport_fastrtps_cpp;rosidl_typesupport_introspection_cpp
[6.868s] -- Found rmw_implementation_cmake: 1.0.4 (/opt/ros/foxy/share/rmw_implementation_cmake/cmake)
[6.870s] -- Using RMW implementation 'rmw_fastrtps_cpp' as default
[7.088s] -- Found control_toolbox: 2.2.0 (/opt/ros/foxy/share/control_toolbox/cmake)
[7.632s] -- Found rclcpp_components: 2.4.3 (/opt/ros/foxy/share/rclcpp_components/cmake)
[7.802s] -- Configuring done
[7.815s] -- Generating done
[7.817s] -- Build files have been written to: /home/isopodin-time/ros2_ws/build/pid_component
[7.874s] [100%] Built target pid_component
[7.890s] Invoked command in '/home/isopodin-time/ros2_ws/build/pid_component' returned '0': CMAKE_PREFIX_PATH=${CMAKE_PREFIX_PATH}:/opt/ros/foxy /usr/bin/cmake --build /home/isopodin-time/ros2_ws/build/pid_component -- -j8 -l8
[7.947s] Invoking command in '/home/isopodin-time/ros2_ws/build/pid_component': CMAKE_PREFIX_PATH=${CMAKE_PREFIX_PATH}:/opt/ros/foxy /usr/bin/cmake --install /home/isopodin-time/ros2_ws/build/pid_component
[7.955s] -- Install configuration: ""
[7.956s] -- Execute custom install script
[7.956s] -- Up-to-date symlink: /home/isopodin-time/ros2_ws/install/pid_component/lib/pid_component/libpid_component.so
[7.957s] -- Up-to-date symlink: /home/isopodin-time/ros2_ws/install/pid_component/share/pid_component/launch/pid.launch.py
[7.957s] -- Up-to-date symlink: /home/isopodin-time/ros2_ws/install/pid_component/share/ament_index/resource_index/package_run_dependencies/pid_component
[7.958s] -- Up-to-date symlink: /home/isopodin-time/ros2_ws/install/pid_component/share/ament_index/resource_index/parent_prefix_path/pid_component
[7.958s] -- Up-to-date symlink: /home/isopodin-time/ros2_ws/install/pid_component/share/pid_component/environment/ament_prefix_path.sh
[7.958s] -- Up-to-date symlink: /home/isopodin-time/ros2_ws/install/pid_component/share/pid_component/environment/ament_prefix_path.dsv
[7.959s] -- Up-to-date symlink: /home/isopodin-time/ros2_ws/install/pid_component/share/pid_component/environment/path.sh
[7.959s] -- Up-to-date symlink: /home/isopodin-time/ros2_ws/install/pid_component/share/pid_component/environment/path.dsv
[7.959s] -- Up-to-date symlink: /home/isopodin-time/ros2_ws/install/pid_component/share/pid_component/local_setup.bash
[7.960s] -- Up-to-date symlink: /home/isopodin-time/ros2_ws/install/pid_component/share/pid_component/local_setup.sh
[7.960s] -- Up-to-date symlink: /home/isopodin-time/ros2_ws/install/pid_component/share/pid_component/local_setup.zsh
[7.960s] -- Up-to-date symlink: /home/isopodin-time/ros2_ws/install/pid_component/share/pid_component/local_setup.dsv
[7.961s] -- Symlinking: /home/isopodin-time/ros2_ws/install/pid_component/share/pid_component/package.dsv
[7.974s] -- Up-to-date symlink: /home/isopodin-time/ros2_ws/install/pid_component/share/ament_index/resource_index/packages/pid_component
[7.974s] -- Up-to-date symlink: /home/isopodin-time/ros2_ws/install/pid_component/share/ament_index/resource_index/rclcpp_components/pid_component
[7.974s] -- Up-to-date symlink: /home/isopodin-time/ros2_ws/install/pid_component/share/pid_component/cmake/pid_componentConfig.cmake
[7.975s] -- Up-to-date symlink: /home/isopodin-time/ros2_ws/install/pid_component/share/pid_component/cmake/pid_componentConfig-version.cmake
[7.975s] -- Up-to-date symlink: /home/isopodin-time/ros2_ws/install/pid_component/share/pid_component/package.xml
[7.980s] Invoked command in '/home/isopodin-time/ros2_ws/build/pid_component' returned '0': CMAKE_PREFIX_PATH=${CMAKE_PREFIX_PATH}:/opt/ros/foxy /usr/bin/cmake --install /home/isopodin-time/ros2_ws/build/pid_component
