[35m[1mScanning dependencies of target imu_repub[0m
[ 36%] Built target sensors
[ 54%] Built target pid_recombiner
[ 81%] Built target thrusters
[ 90%] [32mBuilding CXX object CMakeFiles/imu_repub.dir/src/muuv_ros/imu_repub.cpp.o[0m
[01m[K/home/isopodin-time/ros2_ws/src/muuv_ros/src/muuv_ros/imu_repub.cpp:[m[K In member function ‘[01m[Kvoid Imu_repub::setpoint_callback(geometry_msgs::msg::TransformStamped_<std::allocator<void> >::SharedPtr) const[m[K’:
[01m[K/home/isopodin-time/ros2_ws/src/muuv_ros/src/muuv_ros/imu_repub.cpp:113:27:[m[K [01;31m[Kerror: [m[K‘[01m[Kusing element_type = struct geometry_msgs::msg::TransformStamped_<std::allocator<void> >[m[K’ {aka ‘[01m[Kstruct geometry_msgs::msg::TransformStamped_<std::allocator<void> >[m[K’} has no member named ‘[01m[Ktranslation[m[K’
  113 |         msg_x.data = msg->[01;31m[Ktranslation[m[K.x;
      |                           [01;31m[K^~~~~~~~~~~[m[K
[01m[K/home/isopodin-time/ros2_ws/src/muuv_ros/src/muuv_ros/imu_repub.cpp:114:27:[m[K [01;31m[Kerror: [m[K‘[01m[Kusing element_type = struct geometry_msgs::msg::TransformStamped_<std::allocator<void> >[m[K’ {aka ‘[01m[Kstruct geometry_msgs::msg::TransformStamped_<std::allocator<void> >[m[K’} has no member named ‘[01m[Ktranslation[m[K’
  114 |         msg_y.data = msg->[01;31m[Ktranslation[m[K.y;
      |                           [01;31m[K^~~~~~~~~~~[m[K
[01m[K/home/isopodin-time/ros2_ws/src/muuv_ros/src/muuv_ros/imu_repub.cpp:115:27:[m[K [01;31m[Kerror: [m[K‘[01m[Kusing element_type = struct geometry_msgs::msg::TransformStamped_<std::allocator<void> >[m[K’ {aka ‘[01m[Kstruct geometry_msgs::msg::TransformStamped_<std::allocator<void> >[m[K’} has no member named ‘[01m[Ktranslation[m[K’
  115 |         msg_z.data = msg->[01;31m[Ktranslation[m[K.z;
      |                           [01;31m[K^~~~~~~~~~~[m[K
[01m[K/home/isopodin-time/ros2_ws/src/muuv_ros/src/muuv_ros/imu_repub.cpp:117:30:[m[K [01;31m[Kerror: [m[K‘[01m[Kusing element_type = struct geometry_msgs::msg::TransformStamped_<std::allocator<void> >[m[K’ {aka ‘[01m[Kstruct geometry_msgs::msg::TransformStamped_<std::allocator<void> >[m[K’} has no member named ‘[01m[Krotation[m[K’
  117 |         Quaternion q = {msg->[01;31m[Krotation[m[K.w, msg->rotation.x, msg->rotation.y, msg->rotation.z};
      |                              [01;31m[K^~~~~~~~[m[K
[01m[K/home/isopodin-time/ros2_ws/src/muuv_ros/src/muuv_ros/imu_repub.cpp:117:47:[m[K [01;31m[Kerror: [m[K‘[01m[Kusing element_type = struct geometry_msgs::msg::TransformStamped_<std::allocator<void> >[m[K’ {aka ‘[01m[Kstruct geometry_msgs::msg::TransformStamped_<std::allocator<void> >[m[K’} has no member named ‘[01m[Krotation[m[K’
  117 |         Quaternion q = {msg->rotation.w, msg->[01;31m[Krotation[m[K.x, msg->rotation.y, msg->rotation.z};
      |                                               [01;31m[K^~~~~~~~[m[K
[01m[K/home/isopodin-time/ros2_ws/src/muuv_ros/src/muuv_ros/imu_repub.cpp:117:64:[m[K [01;31m[Kerror: [m[K‘[01m[Kusing element_type = struct geometry_msgs::msg::TransformStamped_<std::allocator<void> >[m[K’ {aka ‘[01m[Kstruct geometry_msgs::msg::TransformStamped_<std::allocator<void> >[m[K’} has no member named ‘[01m[Krotation[m[K’
  117 |         Quaternion q = {msg->rotation.w, msg->rotation.x, msg->[01;31m[Krotation[m[K.y, msg->rotation.z};
      |                                                                [01;31m[K^~~~~~~~[m[K
[01m[K/home/isopodin-time/ros2_ws/src/muuv_ros/src/muuv_ros/imu_repub.cpp:117:81:[m[K [01;31m[Kerror: [m[K‘[01m[Kusing element_type = struct geometry_msgs::msg::TransformStamped_<std::allocator<void> >[m[K’ {aka ‘[01m[Kstruct geometry_msgs::msg::TransformStamped_<std::allocator<void> >[m[K’} has no member named ‘[01m[Krotation[m[K’
  117 |         Quaternion q = {msg->rotation.w, msg->rotation.x, msg->rotation.y, msg->[01;31m[Krotation[m[K.z};
      |                                                                                 [01;31m[K^~~~~~~~[m[K
make[2]: *** [CMakeFiles/imu_repub.dir/build.make:63: CMakeFiles/imu_repub.dir/src/muuv_ros/imu_repub.cpp.o] Error 1
make[1]: *** [CMakeFiles/Makefile2:84: CMakeFiles/imu_repub.dir/all] Error 2
make: *** [Makefile:141: all] Error 2
