[01m[K/home/isopodin-time/ros2_ws/src/pid_component/src/pid_component/pid_component.cpp:[m[K In constructor ‘[01m[KPid_component::Pid_component(const rclcpp::NodeOptions&)[m[K’:
[01m[K/home/isopodin-time/ros2_ws/src/pid_component/src/pid_component/pid_component.cpp:5:13:[m[K [01;31m[Kerror: [m[Kexpression cannot be used as a function
    5 |     state_(0[01;31m[K)[m[K;
      |             [01;31m[K^[m[K
[01m[K/home/isopodin-time/ros2_ws/src/pid_component/src/pid_component/pid_component.cpp:6:16:[m[K [01;31m[Kerror: [m[Kexpression cannot be used as a function
    6 |     setpoint_(0[01;31m[K)[m[K;
      |                [01;31m[K^[m[K
[01m[K/home/isopodin-time/ros2_ws/src/pid_component/src/pid_component/pid_component.cpp:8:19:[m[K [01;31m[Kerror: [m[K‘[01m[Kcreate_publisher[m[K’ was not declared in this scope; did you mean ‘[01m[Krclcpp::create_publisher[m[K’?
    8 |     ctrl_effort = [01;31m[Kcreate_publisher[m[K<std_msgs::msg::Float64>("ctrl_effort", 10);
      |                   [01;31m[K^~~~~~~~~~~~~~~~[m[K
      |                   [32m[Krclcpp::create_publisher[m[K
In file included from [01m[K/opt/ros/foxy/include/rclcpp/node_impl.hpp:39[m[K,
                 from [01m[K/opt/ros/foxy/include/rclcpp/node.hpp:1224[m[K,
                 from [01m[K/opt/ros/foxy/include/rclcpp/executors/single_threaded_executor.hpp:28[m[K,
                 from [01m[K/opt/ros/foxy/include/rclcpp/executors.hpp:22[m[K,
                 from [01m[K/opt/ros/foxy/include/rclcpp/rclcpp.hpp:146[m[K,
                 from [01m[K/home/isopodin-time/ros2_ws/src/pid_component/include/pid_component/pid_component.hpp:4[m[K,
                 from [01m[K/home/isopodin-time/ros2_ws/src/pid_component/src/pid_component/pid_component.cpp:1[m[K:
[01m[K/opt/ros/foxy/include/rclcpp/create_publisher.hpp:43:1:[m[K [01;36m[Knote: [m[K‘[01m[Krclcpp::create_publisher[m[K’ declared here
   43 | [01;36m[Kcreate_publisher[m[K(
      | [01;36m[K^~~~~~~~~~~~~~~~[m[K
[01m[K/home/isopodin-time/ros2_ws/src/pid_component/src/pid_component/pid_component.cpp:8:58:[m[K [01;31m[Kerror: [m[Kexpected primary-expression before ‘[01m[K>[m[K’ token
    8 |     ctrl_effort = create_publisher<std_msgs::msg::Float64[01;31m[K>[m[K("ctrl_effort", 10);
      |                                                          [01;31m[K^[m[K
[01m[K/home/isopodin-time/ros2_ws/src/pid_component/src/pid_component/pid_component.cpp:8:60:[m[K [01;35m[Kwarning: [m[Kleft operand of comma operator has no effect [[01;35m[K-Wunused-value[m[K]
    8 |     ctrl_effort = create_publisher<std_msgs::msg::Float64>([01;35m[K"ctrl_effort"[m[K, 10);
      |                                                            [01;35m[K^~~~~~~~~~~~~[m[K
[01m[K/home/isopodin-time/ros2_ws/src/pid_component/src/pid_component/pid_component.cpp:40:16:[m[K [01;31m[Kerror: [m[K‘[01m[Kcreate_subscription[m[K’ was not declared in this scope; did you mean ‘[01m[Krclcpp::create_subscription[m[K’?
   40 |     setpoint = [01;31m[Kcreate_subscription[m[K<std_msgs::msg::Float64>("setpoint", 10, setpoint_callback);
      |                [01;31m[K^~~~~~~~~~~~~~~~~~~[m[K
      |                [32m[Krclcpp::create_subscription[m[K
In file included from [01m[K/opt/ros/foxy/include/rclcpp/node_impl.hpp:42[m[K,
                 from [01m[K/opt/ros/foxy/include/rclcpp/node.hpp:1224[m[K,
                 from [01m[K/opt/ros/foxy/include/rclcpp/executors/single_threaded_executor.hpp:28[m[K,
                 from [01m[K/opt/ros/foxy/include/rclcpp/executors.hpp:22[m[K,
                 from [01m[K/opt/ros/foxy/include/rclcpp/rclcpp.hpp:146[m[K,
                 from [01m[K/home/isopodin-time/ros2_ws/src/pid_component/include/pid_component/pid_component.hpp:4[m[K,
                 from [01m[K/home/isopodin-time/ros2_ws/src/pid_component/src/pid_component/pid_component.cpp:1[m[K:
[01m[K/opt/ros/foxy/include/rclcpp/create_subscription.hpp:80:1:[m[K [01;36m[Knote: [m[K‘[01m[Krclcpp::create_subscription[m[K’ declared here
   80 | [01;36m[Kcreate_subscription[m[K(
      | [01;36m[K^~~~~~~~~~~~~~~~~~~[m[K
[01m[K/home/isopodin-time/ros2_ws/src/pid_component/src/pid_component/pid_component.cpp:40:58:[m[K [01;31m[Kerror: [m[Kexpected primary-expression before ‘[01m[K>[m[K’ token
   40 |     setpoint = create_subscription<std_msgs::msg::Float64[01;31m[K>[m[K("setpoint", 10, setpoint_callback);
      |                                                          [01;31m[K^[m[K
[01m[K/home/isopodin-time/ros2_ws/src/pid_component/src/pid_component/pid_component.cpp:40:60:[m[K [01;35m[Kwarning: [m[Kleft operand of comma operator has no effect [[01;35m[K-Wunused-value[m[K]
   40 |     setpoint = create_subscription<std_msgs::msg::Float64>([01;35m[K"setpoint"[m[K, 10, setpoint_callback);
      |                                                            [01;35m[K^~~~~~~~~~[m[K
[01m[K/home/isopodin-time/ros2_ws/src/pid_component/src/pid_component/pid_component.cpp:40:76:[m[K [01;35m[Kwarning: [m[Kright operand of comma operator has no effect [[01;35m[K-Wunused-value[m[K]
   40 |     setpoint = create_subscription<std_msgs::msg::Float64>("setpoint", 10, [01;35m[Ksetpoint_callback[m[K);
      |                                                                            [01;35m[K^~~~~~~~~~~~~~~~~[m[K
[01m[K/home/isopodin-time/ros2_ws/src/pid_component/src/pid_component/pid_component.cpp:41:55:[m[K [01;31m[Kerror: [m[Kexpected primary-expression before ‘[01m[K>[m[K’ token
   41 |     state = create_subscription<std_msgs::msg::Float64[01;31m[K>[m[K("state", 10, state_callback);
      |                                                       [01;31m[K^[m[K
[01m[K/home/isopodin-time/ros2_ws/src/pid_component/src/pid_component/pid_component.cpp:41:57:[m[K [01;35m[Kwarning: [m[Kleft operand of comma operator has no effect [[01;35m[K-Wunused-value[m[K]
   41 |     state = create_subscription<std_msgs::msg::Float64>([01;35m[K"state"[m[K, 10, state_callback);
      |                                                         [01;35m[K^~~~~~~[m[K
[01m[K/home/isopodin-time/ros2_ws/src/pid_component/src/pid_component/pid_component.cpp:41:70:[m[K [01;35m[Kwarning: [m[Kright operand of comma operator has no effect [[01;35m[K-Wunused-value[m[K]
   41 |     state = create_subscription<std_msgs::msg::Float64>("state", 10, [01;35m[Kstate_callback[m[K);
      |                                                                      [01;35m[K^~~~~~~~~~~~~~[m[K
make[2]: *** [CMakeFiles/pid_component.dir/build.make:63: CMakeFiles/pid_component.dir/src/pid_component/pid_component.cpp.o] Error 1
make[1]: *** [CMakeFiles/Makefile2:78: CMakeFiles/pid_component.dir/all] Error 2
make: *** [Makefile:141: all] Error 2
