[0.043s] Invoking command in '/home/isopodin-time/ros2_ws/build/muuv_ros': CMAKE_PREFIX_PATH=${CMAKE_PREFIX_PATH}:/opt/ros/foxy /usr/bin/cmake --build /home/isopodin-time/ros2_ws/build/muuv_ros -- -j8 -l8
[0.126s] [35m[1mScanning dependencies of target sensors[0m
[0.164s] [ 22%] Built target pid
[0.166s] [ 55%] Built target thrusters
[0.187s] [ 66%] [32mBuilding CXX object CMakeFiles/sensors.dir/src/xsens_mti_i2c/MTi.cpp.o[0m
[0.188s] [ 77%] [32mBuilding CXX object CMakeFiles/sensors.dir/src/muuv_ros/sensors.cpp.o[0m
[2.577s] [01m[K/home/isopodin-time/ros2_ws/src/muuv_ros/src/muuv_ros/sensors.cpp:[m[K In constructor ‘[01m[KSensors::Sensors()[m[K’:
[2.577s] [01m[K/home/isopodin-time/ros2_ws/src/muuv_ros/src/muuv_ros/sensors.cpp:9:66:[m[K [01;31m[Kerror: [m[Kcannot convert ‘[01m[Kconst string[m[K’ {aka ‘[01m[Kconst std::__cxx11::basic_string<char>[m[K’} to ‘[01m[Kconst char*[m[K’
[2.577s]     9 |     pi = pigpio_start([01;31m[Kthis->get_parameter("pi_address").as_string()[m[K, this->get_parameter("pi_port").as_string());
[2.577s]       |                       [01;31m[K~~~~~~~~~~~~~~~~~~~~~~~~~~~~~~~~~~~~~~~~~~~^~[m[K
[2.577s]       |                                                                  [01;31m[K|[m[K
[2.578s]       |                                                                  [01;31m[Kconst string {aka const std::__cxx11::basic_string<char>}[m[K
[2.578s] In file included from [01m[K/home/isopodin-time/ros2_ws/src/muuv_ros/src/xsens_mti_i2c/Xbus.h:3[m[K,
[2.578s]                  from [01m[K/home/isopodin-time/ros2_ws/src/muuv_ros/src/xsens_mti_i2c/MTi.h:4[m[K,
[2.578s]                  from [01m[K/home/isopodin-time/ros2_ws/src/muuv_ros/include/muuv_ros/sensors.hpp:6[m[K,
[2.578s]                  from [01m[K/home/isopodin-time/ros2_ws/src/muuv_ros/src/muuv_ros/sensors.cpp:1[m[K:
[2.578s] [01m[K/usr/local/include/pigpiod_if2.h:432:30:[m[K [01;36m[Knote: [m[K  initializing argument 1 of ‘[01m[Kint pigpio_start(const char*, const char*)[m[K’
[2.578s]   432 | int pigpio_start([01;36m[Kconst char *addrStr[m[K, const char *portStr);
[2.579s]       |                  [01;36m[K~~~~~~~~~~~~^~~~~~~[m[K
[4.042s] make[2]: *** [CMakeFiles/sensors.dir/build.make:63: CMakeFiles/sensors.dir/src/muuv_ros/sensors.cpp.o] Error 1
[4.042s] make[1]: *** [CMakeFiles/Makefile2:109: CMakeFiles/sensors.dir/all] Error 2
[4.043s] make: *** [Makefile:141: all] Error 2
[4.049s] Invoked command in '/home/isopodin-time/ros2_ws/build/muuv_ros' returned '2': CMAKE_PREFIX_PATH=${CMAKE_PREFIX_PATH}:/opt/ros/foxy /usr/bin/cmake --build /home/isopodin-time/ros2_ws/build/muuv_ros -- -j8 -l8
