[0.050s] Invoking command in '/home/isopodin-time/ros2_ws/build/muuv_sim_description': CMAKE_PREFIX_PATH=${CMAKE_PREFIX_PATH}:/opt/ros/foxy /usr/bin/cmake /home/isopodin-time/ros2_ws/src/Muuv_sim/muuv_sim_description -DCMAKE_INSTALL_PREFIX=/home/isopodin-time/ros2_ws/install/muuv_sim_description
[0.291s] -- The C compiler identification is GNU 9.4.0
[0.544s] -- The CXX compiler identification is GNU 9.4.0
[0.678s] -- Check for working C compiler: /usr/bin/cc
[0.836s] -- Check for working C compiler: /usr/bin/cc -- works
[0.837s] -- Detecting C compiler ABI info
[1.023s] -- Detecting C compiler ABI info - done
[1.041s] -- Detecting C compile features
[1.041s] -- Detecting C compile features - done
[1.045s] -- Check for working CXX compiler: /usr/bin/c++
[1.225s] -- Check for working CXX compiler: /usr/bin/c++ -- works
[1.227s] -- Detecting CXX compiler ABI info
[1.419s] -- Detecting CXX compiler ABI info - done
[1.436s] -- Detecting CXX compile features
[1.437s] -- Detecting CXX compile features - done
[1.440s] -- Found ament_cmake: 0.9.12 (/opt/ros/foxy/share/ament_cmake/cmake)
[1.466s] -- Found PythonInterp: /usr/bin/python3 (found suitable version "3.8.10", minimum required is "3") 
[1.466s] -- Using PYTHON_EXECUTABLE: /usr/bin/python3
[1.682s] -- Found ament_lint_auto: 0.9.8 (/opt/ros/foxy/share/ament_lint_auto/cmake)
[1.758s] -- Added test 'copyright' to check source files copyright and LICENSE
[1.762s] -- Added test 'lint_cmake' to check CMake code style
[1.764s] -- Added test 'xmllint' to check XML markup files
[1.767s] -- Configuring done
[1.773s] -- Generating done
[1.773s] -- Build files have been written to: /home/isopodin-time/ros2_ws/build/muuv_sim_description
[1.778s] Invoked command in '/home/isopodin-time/ros2_ws/build/muuv_sim_description' returned '0': CMAKE_PREFIX_PATH=${CMAKE_PREFIX_PATH}:/opt/ros/foxy /usr/bin/cmake /home/isopodin-time/ros2_ws/src/Muuv_sim/muuv_sim_description -DCMAKE_INSTALL_PREFIX=/home/isopodin-time/ros2_ws/install/muuv_sim_description
[1.780s] Invoking command in '/home/isopodin-time/ros2_ws/build/muuv_sim_description': CMAKE_PREFIX_PATH=${CMAKE_PREFIX_PATH}:/opt/ros/foxy /usr/bin/cmake --build /home/isopodin-time/ros2_ws/build/muuv_sim_description -- -j8 -l8
[1.821s] Invoked command in '/home/isopodin-time/ros2_ws/build/muuv_sim_description' returned '0': CMAKE_PREFIX_PATH=${CMAKE_PREFIX_PATH}:/opt/ros/foxy /usr/bin/cmake --build /home/isopodin-time/ros2_ws/build/muuv_sim_description -- -j8 -l8
[1.865s] Invoking command in '/home/isopodin-time/ros2_ws/build/muuv_sim_description': CMAKE_PREFIX_PATH=${CMAKE_PREFIX_PATH}:/opt/ros/foxy /usr/bin/cmake --install /home/isopodin-time/ros2_ws/build/muuv_sim_description
[1.879s] -- Install configuration: ""
[1.879s] -- Installing: /home/isopodin-time/ros2_ws/install/muuv_sim_description/share/ament_index/resource_index/package_run_dependencies/muuv_sim_description
[1.879s] -- Installing: /home/isopodin-time/ros2_ws/install/muuv_sim_description/share/ament_index/resource_index/parent_prefix_path/muuv_sim_description
[1.879s] -- Installing: /home/isopodin-time/ros2_ws/install/muuv_sim_description/share/muuv_sim_description/environment/ament_prefix_path.sh
[1.879s] -- Installing: /home/isopodin-time/ros2_ws/install/muuv_sim_description/share/muuv_sim_description/environment/ament_prefix_path.dsv
[1.879s] -- Installing: /home/isopodin-time/ros2_ws/install/muuv_sim_description/share/muuv_sim_description/environment/path.sh
[1.880s] -- Installing: /home/isopodin-time/ros2_ws/install/muuv_sim_description/share/muuv_sim_description/environment/path.dsv
[1.880s] -- Installing: /home/isopodin-time/ros2_ws/install/muuv_sim_description/share/muuv_sim_description/local_setup.bash
[1.880s] -- Installing: /home/isopodin-time/ros2_ws/install/muuv_sim_description/share/muuv_sim_description/local_setup.sh
[1.880s] -- Installing: /home/isopodin-time/ros2_ws/install/muuv_sim_description/share/muuv_sim_description/local_setup.zsh
[1.880s] -- Installing: /home/isopodin-time/ros2_ws/install/muuv_sim_description/share/muuv_sim_description/local_setup.dsv
[1.881s] -- Installing: /home/isopodin-time/ros2_ws/install/muuv_sim_description/share/muuv_sim_description/package.dsv
[1.881s] -- Installing: /home/isopodin-time/ros2_ws/install/muuv_sim_description/share/ament_index/resource_index/packages/muuv_sim_description
[1.882s] -- Installing: /home/isopodin-time/ros2_ws/install/muuv_sim_description/share/muuv_sim_description/cmake/muuv_sim_descriptionConfig.cmake
[1.882s] -- Installing: /home/isopodin-time/ros2_ws/install/muuv_sim_description/share/muuv_sim_description/cmake/muuv_sim_descriptionConfig-version.cmake
[1.882s] -- Installing: /home/isopodin-time/ros2_ws/install/muuv_sim_description/share/muuv_sim_description/package.xml
[1.905s] Invoked command in '/home/isopodin-time/ros2_ws/build/muuv_sim_description' returned '0': CMAKE_PREFIX_PATH=${CMAKE_PREFIX_PATH}:/opt/ros/foxy /usr/bin/cmake --install /home/isopodin-time/ros2_ws/build/muuv_sim_description
