-- The C compiler identification is GNU 9.4.0
-- The CXX compiler identification is GNU 9.4.0
-- Check for working C compiler: /usr/bin/cc
-- Check for working C compiler: /usr/bin/cc -- works
-- Detecting C compiler ABI info
-- Detecting C compiler ABI info - done
-- Detecting C compile features
-- Detecting C compile features - done
-- Check for working CXX compiler: /usr/bin/c++
-- Check for working CXX compiler: /usr/bin/c++ -- works
-- Detecting CXX compiler ABI info
-- Detecting CXX compiler ABI info - done
-- Detecting CXX compile features
-- Detecting CXX compile features - done
-- Found ament_cmake: 0.9.12 (/opt/ros/foxy/share/ament_cmake/cmake)
-- Found PythonInterp: /usr/bin/python3 (found suitable version "3.8.10", minimum required is "3") 
-- Using PYTHON_EXECUTABLE: /usr/bin/python3
-- Found rclcpp: 2.4.3 (/opt/ros/foxy/share/rclcpp/cmake)
-- Using all available rosidl_typesupport_c: rosidl_typesupport_fastrtps_c;rosidl_typesupport_introspection_c
-- Found rosidl_adapter: 1.3.1 (/opt/ros/foxy/share/rosidl_adapter/cmake)
-- Found OpenSSL: /usr/lib/x86_64-linux-gnu/libcrypto.so (found version "1.1.1f")  
-- Found FastRTPS: /opt/ros/foxy/include  
-- Using all available rosidl_typesupport_cpp: rosidl_typesupport_fastrtps_cpp;rosidl_typesupport_introspection_cpp
-- Found rmw_implementation_cmake: 1.0.4 (/opt/ros/foxy/share/rmw_implementation_cmake/cmake)
-- Using RMW implementation 'rmw_fastrtps_cpp' as default
-- Looking for pthread.h
-- Looking for pthread.h - found
-- Performing Test CMAKE_HAVE_LIBC_PTHREAD
-- Performing Test CMAKE_HAVE_LIBC_PTHREAD - Failed
-- Looking for pthread_create in pthreads
-- Looking for pthread_create in pthreads - not found
-- Looking for pthread_create in pthread
-- Looking for pthread_create in pthread - found
-- Found Threads: TRUE  
-- Found geometry_msgs: 2.0.5 (/opt/ros/foxy/share/geometry_msgs/cmake)
-- Configuring done
-- Generating done
-- Build files have been written to: /home/isopodin-time/ros2_ws/build/muuv_ros
[35m[1mScanning dependencies of target global_parameter_server[0m
[ 11%] [32mBuilding CXX object CMakeFiles/global_parameter_server.dir/src/muuv_ros/global_parameter_server_node.cpp.o[0m
[ 22%] [32m[1mLinking CXX executable global_parameter_server[0m
[ 22%] Built target global_parameter_server
[35m[1mScanning dependencies of target thrusters[0m
[ 33%] [32mBuilding CXX object CMakeFiles/thrusters.dir/src/muuv_ros/thrusters.cpp.o[0m
[ 44%] [32mBuilding CXX object CMakeFiles/thrusters.dir/src/raspi_dma_pwm/raspi_dma_pwm.cpp.o[0m
[ 55%] [32m[1mLinking CXX executable thrusters[0m
[ 55%] Built target thrusters
[35m[1mScanning dependencies of target sensors[0m
[ 66%] [32mBuilding CXX object CMakeFiles/sensors.dir/src/muuv_ros/sensors.cpp.o[0m
[ 77%] [32mBuilding CXX object CMakeFiles/sensors.dir/src/xsens_mti_i2c/MTi.cpp.o[0m
[ 88%] [32mBuilding CXX object CMakeFiles/sensors.dir/src/xsens_mti_i2c/Xbus.cpp.o[0m
[100%] [32m[1mLinking CXX executable sensors[0m
[100%] Built target sensors
-- Install configuration: ""
-- Installing: /home/isopodin-time/ros2_ws/install/muuv_ros/lib/muuv_ros/thrusters
-- Set runtime path of "/home/isopodin-time/ros2_ws/install/muuv_ros/lib/muuv_ros/thrusters" to ""
-- Installing: /home/isopodin-time/ros2_ws/install/muuv_ros/lib/muuv_ros/sensors
-- Set runtime path of "/home/isopodin-time/ros2_ws/install/muuv_ros/lib/muuv_ros/sensors" to ""
-- Installing: /home/isopodin-time/ros2_ws/install/muuv_ros/lib/muuv_ros/global_parameter_server
-- Set runtime path of "/home/isopodin-time/ros2_ws/install/muuv_ros/lib/muuv_ros/global_parameter_server" to ""
-- Installing: /home/isopodin-time/ros2_ws/install/muuv_ros/share/muuv_ros/launch
-- Installing: /home/isopodin-time/ros2_ws/install/muuv_ros/share/muuv_ros/launch/global_params_launch.py
-- Installing: /home/isopodin-time/ros2_ws/install/muuv_ros/share/muuv_ros/config
-- Installing: /home/isopodin-time/ros2_ws/install/muuv_ros/share/muuv_ros/config/global_params.yaml
-- Installing: /home/isopodin-time/ros2_ws/install/muuv_ros/share/ament_index/resource_index/package_run_dependencies/muuv_ros
-- Installing: /home/isopodin-time/ros2_ws/install/muuv_ros/share/ament_index/resource_index/parent_prefix_path/muuv_ros
-- Installing: /home/isopodin-time/ros2_ws/install/muuv_ros/share/muuv_ros/environment/ament_prefix_path.sh
-- Installing: /home/isopodin-time/ros2_ws/install/muuv_ros/share/muuv_ros/environment/ament_prefix_path.dsv
-- Installing: /home/isopodin-time/ros2_ws/install/muuv_ros/share/muuv_ros/environment/path.sh
-- Installing: /home/isopodin-time/ros2_ws/install/muuv_ros/share/muuv_ros/environment/path.dsv
-- Installing: /home/isopodin-time/ros2_ws/install/muuv_ros/share/muuv_ros/local_setup.bash
-- Installing: /home/isopodin-time/ros2_ws/install/muuv_ros/share/muuv_ros/local_setup.sh
-- Installing: /home/isopodin-time/ros2_ws/install/muuv_ros/share/muuv_ros/local_setup.zsh
-- Installing: /home/isopodin-time/ros2_ws/install/muuv_ros/share/muuv_ros/local_setup.dsv
-- Installing: /home/isopodin-time/ros2_ws/install/muuv_ros/share/muuv_ros/package.dsv
-- Installing: /home/isopodin-time/ros2_ws/install/muuv_ros/share/ament_index/resource_index/packages/muuv_ros
-- Installing: /home/isopodin-time/ros2_ws/install/muuv_ros/share/muuv_ros/cmake/muuv_rosConfig.cmake
-- Installing: /home/isopodin-time/ros2_ws/install/muuv_ros/share/muuv_ros/cmake/muuv_rosConfig-version.cmake
-- Installing: /home/isopodin-time/ros2_ws/install/muuv_ros/share/muuv_ros/package.xml
