[0.066s] Invoking command in '/home/isopodin-time/ros2_ws/build/muuv_ros': CMAKE_PREFIX_PATH=${CMAKE_PREFIX_PATH}:/opt/ros/foxy /usr/bin/cmake /home/isopodin-time/ros2_ws/src/muuv_ros -DCMAKE_INSTALL_PREFIX=/home/isopodin-time/ros2_ws/install/muuv_ros
[4.477s] -- The C compiler identification is GNU 9.4.0
[4.477s] -- The CXX compiler identification is GNU 9.4.0
[4.477s] -- Check for working C compiler: /usr/bin/cc
[4.477s] -- Check for working C compiler: /usr/bin/cc -- works
[4.477s] -- Detecting C compiler ABI info
[4.478s] -- Detecting C compiler ABI info - done
[4.478s] -- Detecting C compile features
[4.478s] -- Detecting C compile features - done
[4.478s] -- Check for working CXX compiler: /usr/bin/c++
[4.479s] -- Check for working CXX compiler: /usr/bin/c++ -- works
[4.479s] -- Detecting CXX compiler ABI info
[4.479s] -- Detecting CXX compiler ABI info - done
[4.479s] -- Detecting CXX compile features
[4.479s] -- Detecting CXX compile features - done
[4.479s] -- Found ament_cmake: 0.9.12 (/opt/ros/foxy/share/ament_cmake/cmake)
[4.480s] -- Found PythonInterp: /usr/bin/python3 (found suitable version "3.8.10", minimum required is "3") 
[4.480s] -- Using PYTHON_EXECUTABLE: /usr/bin/python3
[4.480s] -- Found rclcpp: 2.4.3 (/opt/ros/foxy/share/rclcpp/cmake)
[4.774s] -- Using all available rosidl_typesupport_c: rosidl_typesupport_fastrtps_c;rosidl_typesupport_introspection_c
[4.799s] -- Found rosidl_adapter: 1.3.1 (/opt/ros/foxy/share/rosidl_adapter/cmake)
[7.255s] -- Found OpenSSL: /usr/lib/x86_64-linux-gnu/libcrypto.so (found version "1.1.1f")  
[9.531s] -- Found FastRTPS: /opt/ros/foxy/include  
[13.523s] -- Using all available rosidl_typesupport_cpp: rosidl_typesupport_fastrtps_cpp;rosidl_typesupport_introspection_cpp
[13.660s] -- Found rmw_implementation_cmake: 1.0.4 (/opt/ros/foxy/share/rmw_implementation_cmake/cmake)
[13.665s] -- Using RMW implementation 'rmw_fastrtps_cpp' as default
[13.668s] -- Looking for pthread.h
[13.989s] -- Looking for pthread.h - found
[13.989s] -- Performing Test CMAKE_HAVE_LIBC_PTHREAD
[14.284s] -- Performing Test CMAKE_HAVE_LIBC_PTHREAD - Failed
[14.284s] -- Looking for pthread_create in pthreads
[14.594s] -- Looking for pthread_create in pthreads - not found
[14.594s] -- Looking for pthread_create in pthread
[15.056s] -- Looking for pthread_create in pthread - found
[15.062s] -- Found Threads: TRUE  
[15.588s] -- Found geometry_msgs: 2.0.5 (/opt/ros/foxy/share/geometry_msgs/cmake)
[15.826s] -- Configuring done
[15.864s] -- Generating done
[15.867s] -- Build files have been written to: /home/isopodin-time/ros2_ws/build/muuv_ros
[15.937s] Invoked command in '/home/isopodin-time/ros2_ws/build/muuv_ros' returned '0': CMAKE_PREFIX_PATH=${CMAKE_PREFIX_PATH}:/opt/ros/foxy /usr/bin/cmake /home/isopodin-time/ros2_ws/src/muuv_ros -DCMAKE_INSTALL_PREFIX=/home/isopodin-time/ros2_ws/install/muuv_ros
[15.942s] Invoking command in '/home/isopodin-time/ros2_ws/build/muuv_ros': CMAKE_PREFIX_PATH=${CMAKE_PREFIX_PATH}:/opt/ros/foxy /usr/bin/cmake --build /home/isopodin-time/ros2_ws/build/muuv_ros -- -j8 -l8
[16.067s] [35m[1mScanning dependencies of target global_parameter_server[0m
[16.172s] [ 11%] [32mBuilding CXX object CMakeFiles/global_parameter_server.dir/src/muuv_ros/global_parameter_server_node.cpp.o[0m
[20.332s] [ 22%] [32m[1mLinking CXX executable global_parameter_server[0m
[20.734s] [ 22%] Built target global_parameter_server
[20.757s] [35m[1mScanning dependencies of target thrusters[0m
[20.869s] [ 33%] [32mBuilding CXX object CMakeFiles/thrusters.dir/src/muuv_ros/thrusters.cpp.o[0m
[31.848s] [ 44%] [32mBuilding CXX object CMakeFiles/thrusters.dir/src/raspi_dma_pwm/raspi_dma_pwm.cpp.o[0m
[32.299s] [ 55%] [32m[1mLinking CXX executable thrusters[0m
[32.881s] [ 55%] Built target thrusters
[32.900s] [35m[1mScanning dependencies of target sensors[0m
[32.968s] [ 66%] [32mBuilding CXX object CMakeFiles/sensors.dir/src/muuv_ros/sensors.cpp.o[0m
[38.573s] [ 77%] [32mBuilding CXX object CMakeFiles/sensors.dir/src/xsens_mti_i2c/MTi.cpp.o[0m
[39.236s] [01m[K/home/isopodin-time/ros2_ws/src/muuv_ros/src/xsens_mti_i2c/MTi.cpp:[m[K In member function ‘[01m[Kbool MTi::sendMessage(char*, uint8_t)[m[K’:
[39.237s] [01m[K/home/isopodin-time/ros2_ws/src/muuv_ros/src/xsens_mti_i2c/MTi.cpp:478:8:[m[K [01;35m[Kwarning: [m[KISO C++ forbids variable length array ‘[01m[Kmessage_cs[m[K’ [[01;35m[K-Wvla[m[K]
[39.237s]   478 |   char [01;35m[Kmessage_cs[m[K[numBytes + 2] = {0};
[39.237s]       |        [01;35m[K^~~~~~~~~~[m[K
[39.433s] [ 88%] [32mBuilding CXX object CMakeFiles/sensors.dir/src/xsens_mti_i2c/Xbus.cpp.o[0m
[39.844s] [01m[K/home/isopodin-time/ros2_ws/src/muuv_ros/src/xsens_mti_i2c/Xbus.cpp:[m[K In member function ‘[01m[Kuint8_t Xbus::parseNotification(char*)[m[K’:
[39.844s] [01m[K/home/isopodin-time/ros2_ws/src/muuv_ros/src/xsens_mti_i2c/Xbus.cpp:170:23:[m[K [01;35m[Kwarning: [m[Kcomparison of integer expressions of different signedness: ‘[01m[Kint[m[K’ and ‘[01m[Klong unsigned int[m[K’ [[01;35m[K-Wsign-compare[m[K]
[39.844s]   170 |     for (int i = 0; [01;35m[Ki < sizeof(notif)[m[K; i++)
[39.844s]       |                     [01;35m[K~~^~~~~~~~~~~~~~~[m[K
[39.846s] [01m[K/home/isopodin-time/ros2_ws/src/muuv_ros/src/xsens_mti_i2c/Xbus.cpp:[m[K In member function ‘[01m[Kvoid Xbus::dataswapendian(char*, uint8_t)[m[K’:
[39.846s] [01m[K/home/isopodin-time/ros2_ws/src/muuv_ros/src/xsens_mti_i2c/Xbus.cpp:241:11:[m[K [01;35m[Kwarning: [m[KISO C++ forbids variable length array ‘[01m[Kcpy[m[K’ [[01;35m[K-Wvla[m[K]
[39.847s]   241 |   uint8_t [01;35m[Kcpy[m[K[length];       // Create a copy of the data
[39.847s]       |           [01;35m[K^~~[m[K
[39.996s] [100%] [32m[1mLinking CXX executable sensors[0m
[40.470s] [100%] Built target sensors
[40.503s] Invoked command in '/home/isopodin-time/ros2_ws/build/muuv_ros' returned '0': CMAKE_PREFIX_PATH=${CMAKE_PREFIX_PATH}:/opt/ros/foxy /usr/bin/cmake --build /home/isopodin-time/ros2_ws/build/muuv_ros -- -j8 -l8
[40.585s] Invoking command in '/home/isopodin-time/ros2_ws/build/muuv_ros': CMAKE_PREFIX_PATH=${CMAKE_PREFIX_PATH}:/opt/ros/foxy /usr/bin/cmake --install /home/isopodin-time/ros2_ws/build/muuv_ros
[40.598s] -- Install configuration: ""
[40.599s] -- Installing: /home/isopodin-time/ros2_ws/install/muuv_ros/lib/muuv_ros/thrusters
[40.602s] -- Set runtime path of "/home/isopodin-time/ros2_ws/install/muuv_ros/lib/muuv_ros/thrusters" to ""
[40.603s] -- Installing: /home/isopodin-time/ros2_ws/install/muuv_ros/lib/muuv_ros/sensors
[40.604s] -- Set runtime path of "/home/isopodin-time/ros2_ws/install/muuv_ros/lib/muuv_ros/sensors" to ""
[40.605s] -- Installing: /home/isopodin-time/ros2_ws/install/muuv_ros/lib/muuv_ros/global_parameter_server
[40.605s] -- Set runtime path of "/home/isopodin-time/ros2_ws/install/muuv_ros/lib/muuv_ros/global_parameter_server" to ""
[40.605s] -- Installing: /home/isopodin-time/ros2_ws/install/muuv_ros/share/muuv_ros/launch
[40.606s] -- Installing: /home/isopodin-time/ros2_ws/install/muuv_ros/share/muuv_ros/launch/global_params_launch.py
[40.606s] -- Installing: /home/isopodin-time/ros2_ws/install/muuv_ros/share/muuv_ros/config
[40.607s] -- Installing: /home/isopodin-time/ros2_ws/install/muuv_ros/share/muuv_ros/config/global_params.yaml
[40.608s] -- Installing: /home/isopodin-time/ros2_ws/install/muuv_ros/share/ament_index/resource_index/package_run_dependencies/muuv_ros
[40.609s] -- Installing: /home/isopodin-time/ros2_ws/install/muuv_ros/share/ament_index/resource_index/parent_prefix_path/muuv_ros
[40.610s] -- Installing: /home/isopodin-time/ros2_ws/install/muuv_ros/share/muuv_ros/environment/ament_prefix_path.sh
[40.610s] -- Installing: /home/isopodin-time/ros2_ws/install/muuv_ros/share/muuv_ros/environment/ament_prefix_path.dsv
[40.610s] -- Installing: /home/isopodin-time/ros2_ws/install/muuv_ros/share/muuv_ros/environment/path.sh
[40.611s] -- Installing: /home/isopodin-time/ros2_ws/install/muuv_ros/share/muuv_ros/environment/path.dsv
[40.611s] -- Installing: /home/isopodin-time/ros2_ws/install/muuv_ros/share/muuv_ros/local_setup.bash
[40.611s] -- Installing: /home/isopodin-time/ros2_ws/install/muuv_ros/share/muuv_ros/local_setup.sh
[40.612s] -- Installing: /home/isopodin-time/ros2_ws/install/muuv_ros/share/muuv_ros/local_setup.zsh
[40.612s] -- Installing: /home/isopodin-time/ros2_ws/install/muuv_ros/share/muuv_ros/local_setup.dsv
[40.612s] -- Installing: /home/isopodin-time/ros2_ws/install/muuv_ros/share/muuv_ros/package.dsv
[40.612s] -- Installing: /home/isopodin-time/ros2_ws/install/muuv_ros/share/ament_index/resource_index/packages/muuv_ros
[40.613s] -- Installing: /home/isopodin-time/ros2_ws/install/muuv_ros/share/muuv_ros/cmake/muuv_rosConfig.cmake
[40.614s] -- Installing: /home/isopodin-time/ros2_ws/install/muuv_ros/share/muuv_ros/cmake/muuv_rosConfig-version.cmake
[40.614s] -- Installing: /home/isopodin-time/ros2_ws/install/muuv_ros/share/muuv_ros/package.xml
[40.617s] Invoked command in '/home/isopodin-time/ros2_ws/build/muuv_ros' returned '0': CMAKE_PREFIX_PATH=${CMAKE_PREFIX_PATH}:/opt/ros/foxy /usr/bin/cmake --install /home/isopodin-time/ros2_ws/build/muuv_ros
