[0.340s] Invoking command in '/home/isopodin-time/ros2_ws/build/uuv_assistants': CMAKE_PREFIX_PATH=/home/isopodin-time/ros2_ws/install/plankton_utils:/home/isopodin-time/ros2_ws/install/plankton:/home/isopodin-time/ros2_ws/install/uuv_simulator:/home/isopodin-time/ros2_ws/install/uuv_world_ros_plugins:/home/isopodin-time/ros2_ws/install/uuv_control_utils:/home/isopodin-time/ros2_ws/install/uuv_world_ros_plugins_msgs:/home/isopodin-time/ros2_ws/install/uuv_world_plugins:/home/isopodin-time/ros2_ws/install/uuv_trajectory_control:/home/isopodin-time/ros2_ws/install/uuv_teleop:/home/isopodin-time/ros2_ws/install/uuv_thruster_manager:/home/isopodin-time/ros2_ws/install/uuv_descriptions:/home/isopodin-time/ros2_ws/install/uuv_sensor_ros_plugins:/home/isopodin-time/ros2_ws/install/uuv_sensor_ros_plugins_msgs:/home/isopodin-time/ros2_ws/install/uuv_gazebo_worlds:/home/isopodin-time/ros2_ws/install/uuv_gazebo_ros_plugins:/home/isopodin-time/ros2_ws/install/uuv_gazebo_ros_plugins_msgs:/home/isopodin-time/ros2_ws/install/uuv_gazebo_plugins:/home/isopodin-time/ros2_ws/install/uuv_gazebo:/home/isopodin-time/ros2_ws/install/uuv_control_msgs:/home/isopodin-time/ros2_ws/install/uuv_control_cascaded_pid:/home/isopodin-time/ros2_ws/install/uuv_auv_control_allocator:/home/isopodin-time/ros2_ws/install/uuv_assistants:/home/isopodin-time/ros2_ws/install/muuv_sim:/home/isopodin-time/ros2_ws/install/muuv_ros:/opt/ros/foxy PYTHONPATH=/home/isopodin-time/ros2_ws/install/plankton_utils/lib/python3.8/site-packages:/home/isopodin-time/ros2_ws/install/uuv_world_ros_plugins_msgs/lib/python3.8/site-packages:/home/isopodin-time/ros2_ws/install/uuv_trajectory_control/lib/python3.8/site-packages:/home/isopodin-time/ros2_ws/install/uuv_thruster_manager/lib/python3.8/site-packages:/home/isopodin-time/ros2_ws/install/uuv_sensor_ros_plugins_msgs/lib/python3.8/site-packages:/home/isopodin-time/ros2_ws/install/uuv_gazebo_ros_plugins_msgs/lib/python3.8/site-packages:/home/isopodin-time/ros2_ws/install/uuv_control_msgs/lib/python3.8/site-packages:/home/isopodin-time/ros2_ws/install/uuv_control_cascaded_pid/lib/python3.8/site-packages:/home/isopodin-time/ros2_ws/install/uuv_auv_control_allocator/lib/python3.8/site-packages:/home/isopodin-time/ros2_ws/install/uuv_assistants/lib/python3.8/site-packages:/opt/ros/foxy/lib/python3.8/site-packages /usr/bin/cmake /home/isopodin-time/ros2_ws/src/Plankton/uuv_assistants -DCMAKE_INSTALL_PREFIX=/home/isopodin-time/ros2_ws/install/uuv_assistants
[3.245s] -- The C compiler identification is GNU 9.4.0
[3.245s] -- The CXX compiler identification is GNU 9.4.0
[3.245s] -- Check for working C compiler: /usr/bin/cc
[3.245s] -- Check for working C compiler: /usr/bin/cc -- works
[3.246s] -- Detecting C compiler ABI info
[3.800s] -- Detecting C compiler ABI info - done
[3.840s] -- Detecting C compile features
[3.842s] -- Detecting C compile features - done
[3.861s] -- Check for working CXX compiler: /usr/bin/c++
[5.019s] -- Check for working CXX compiler: /usr/bin/c++ -- works
[5.020s] -- Detecting CXX compiler ABI info
[6.041s] -- Detecting CXX compiler ABI info - done
[6.199s] -- Detecting CXX compile features
[6.206s] -- Detecting CXX compile features - done
[6.237s] -- Found geometry_msgs: 2.0.5 (/opt/ros/foxy/share/geometry_msgs/cmake)
[6.402s] -- Found PythonInterp: /usr/bin/python3 (found suitable version "3.8.10", minimum required is "3") 
[6.402s] -- Using PYTHON_EXECUTABLE: /usr/bin/python3
[8.702s] -- Using all available rosidl_typesupport_c: rosidl_typesupport_fastrtps_c;rosidl_typesupport_introspection_c
[8.793s] -- Found rosidl_adapter: 1.3.1 (/opt/ros/foxy/share/rosidl_adapter/cmake)
[12.497s] -- Found OpenSSL: /usr/lib/x86_64-linux-gnu/libcrypto.so (found version "1.1.1f")  
[15.887s] -- Found FastRTPS: /opt/ros/foxy/include  
[22.763s] -- Using all available rosidl_typesupport_cpp: rosidl_typesupport_fastrtps_cpp;rosidl_typesupport_introspection_cpp
[23.156s] -- Found tf2_ros: 0.13.14 (/opt/ros/foxy/share/tf2_ros/cmake)
[23.491s] -- Found rmw_implementation_cmake: 1.0.4 (/opt/ros/foxy/share/rmw_implementation_cmake/cmake)
[23.496s] -- Using RMW implementation 'rmw_fastrtps_cpp' as default
[23.498s] -- Looking for pthread.h
[24.304s] -- Looking for pthread.h - found
[24.304s] -- Performing Test CMAKE_HAVE_LIBC_PTHREAD
[24.824s] -- Performing Test CMAKE_HAVE_LIBC_PTHREAD - Failed
[24.824s] -- Looking for pthread_create in pthreads
[25.302s] -- Looking for pthread_create in pthreads - not found
[25.302s] -- Looking for pthread_create in pthread
[25.841s] -- Looking for pthread_create in pthread - found
[25.843s] -- Found Threads: TRUE  
[27.880s] -- Found tf2_geometry_msgs: 0.13.14 (/opt/ros/foxy/share/tf2_geometry_msgs/cmake)
[27.923s] -- Found eigen3_cmake_module: 0.1.1 (/opt/ros/foxy/share/eigen3_cmake_module/cmake)
[27.937s] -- Found Eigen3: TRUE (found version "3.3.7") 
[28.023s] -- Found sensor_msgs: 2.0.5 (/opt/ros/foxy/share/sensor_msgs/cmake)
[28.322s] -- Found nav_msgs: 2.0.5 (/opt/ros/foxy/share/nav_msgs/cmake)
[28.785s] -- Configuring done
[28.846s] -- Generating done
[28.862s] -- Build files have been written to: /home/isopodin-time/ros2_ws/build/uuv_assistants
[28.904s] Invoked command in '/home/isopodin-time/ros2_ws/build/uuv_assistants' returned '0': CMAKE_PREFIX_PATH=/home/isopodin-time/ros2_ws/install/plankton_utils:/home/isopodin-time/ros2_ws/install/plankton:/home/isopodin-time/ros2_ws/install/uuv_simulator:/home/isopodin-time/ros2_ws/install/uuv_world_ros_plugins:/home/isopodin-time/ros2_ws/install/uuv_control_utils:/home/isopodin-time/ros2_ws/install/uuv_world_ros_plugins_msgs:/home/isopodin-time/ros2_ws/install/uuv_world_plugins:/home/isopodin-time/ros2_ws/install/uuv_trajectory_control:/home/isopodin-time/ros2_ws/install/uuv_teleop:/home/isopodin-time/ros2_ws/install/uuv_thruster_manager:/home/isopodin-time/ros2_ws/install/uuv_descriptions:/home/isopodin-time/ros2_ws/install/uuv_sensor_ros_plugins:/home/isopodin-time/ros2_ws/install/uuv_sensor_ros_plugins_msgs:/home/isopodin-time/ros2_ws/install/uuv_gazebo_worlds:/home/isopodin-time/ros2_ws/install/uuv_gazebo_ros_plugins:/home/isopodin-time/ros2_ws/install/uuv_gazebo_ros_plugins_msgs:/home/isopodin-time/ros2_ws/install/uuv_gazebo_plugins:/home/isopodin-time/ros2_ws/install/uuv_gazebo:/home/isopodin-time/ros2_ws/install/uuv_control_msgs:/home/isopodin-time/ros2_ws/install/uuv_control_cascaded_pid:/home/isopodin-time/ros2_ws/install/uuv_auv_control_allocator:/home/isopodin-time/ros2_ws/install/uuv_assistants:/home/isopodin-time/ros2_ws/install/muuv_sim:/home/isopodin-time/ros2_ws/install/muuv_ros:/opt/ros/foxy PYTHONPATH=/home/isopodin-time/ros2_ws/install/plankton_utils/lib/python3.8/site-packages:/home/isopodin-time/ros2_ws/install/uuv_world_ros_plugins_msgs/lib/python3.8/site-packages:/home/isopodin-time/ros2_ws/install/uuv_trajectory_control/lib/python3.8/site-packages:/home/isopodin-time/ros2_ws/install/uuv_thruster_manager/lib/python3.8/site-packages:/home/isopodin-time/ros2_ws/install/uuv_sensor_ros_plugins_msgs/lib/python3.8/site-packages:/home/isopodin-time/ros2_ws/install/uuv_gazebo_ros_plugins_msgs/lib/python3.8/site-packages:/home/isopodin-time/ros2_ws/install/uuv_control_msgs/lib/python3.8/site-packages:/home/isopodin-time/ros2_ws/install/uuv_control_cascaded_pid/lib/python3.8/site-packages:/home/isopodin-time/ros2_ws/install/uuv_auv_control_allocator/lib/python3.8/site-packages:/home/isopodin-time/ros2_ws/install/uuv_assistants/lib/python3.8/site-packages:/opt/ros/foxy/lib/python3.8/site-packages /usr/bin/cmake /home/isopodin-time/ros2_ws/src/Plankton/uuv_assistants -DCMAKE_INSTALL_PREFIX=/home/isopodin-time/ros2_ws/install/uuv_assistants
[28.906s] Invoking command in '/home/isopodin-time/ros2_ws/build/uuv_assistants': CMAKE_PREFIX_PATH=/home/isopodin-time/ros2_ws/install/plankton_utils:/home/isopodin-time/ros2_ws/install/plankton:/home/isopodin-time/ros2_ws/install/uuv_simulator:/home/isopodin-time/ros2_ws/install/uuv_world_ros_plugins:/home/isopodin-time/ros2_ws/install/uuv_control_utils:/home/isopodin-time/ros2_ws/install/uuv_world_ros_plugins_msgs:/home/isopodin-time/ros2_ws/install/uuv_world_plugins:/home/isopodin-time/ros2_ws/install/uuv_trajectory_control:/home/isopodin-time/ros2_ws/install/uuv_teleop:/home/isopodin-time/ros2_ws/install/uuv_thruster_manager:/home/isopodin-time/ros2_ws/install/uuv_descriptions:/home/isopodin-time/ros2_ws/install/uuv_sensor_ros_plugins:/home/isopodin-time/ros2_ws/install/uuv_sensor_ros_plugins_msgs:/home/isopodin-time/ros2_ws/install/uuv_gazebo_worlds:/home/isopodin-time/ros2_ws/install/uuv_gazebo_ros_plugins:/home/isopodin-time/ros2_ws/install/uuv_gazebo_ros_plugins_msgs:/home/isopodin-time/ros2_ws/install/uuv_gazebo_plugins:/home/isopodin-time/ros2_ws/install/uuv_gazebo:/home/isopodin-time/ros2_ws/install/uuv_control_msgs:/home/isopodin-time/ros2_ws/install/uuv_control_cascaded_pid:/home/isopodin-time/ros2_ws/install/uuv_auv_control_allocator:/home/isopodin-time/ros2_ws/install/uuv_assistants:/home/isopodin-time/ros2_ws/install/muuv_sim:/home/isopodin-time/ros2_ws/install/muuv_ros:/opt/ros/foxy PYTHONPATH=/home/isopodin-time/ros2_ws/install/plankton_utils/lib/python3.8/site-packages:/home/isopodin-time/ros2_ws/install/uuv_world_ros_plugins_msgs/lib/python3.8/site-packages:/home/isopodin-time/ros2_ws/install/uuv_trajectory_control/lib/python3.8/site-packages:/home/isopodin-time/ros2_ws/install/uuv_thruster_manager/lib/python3.8/site-packages:/home/isopodin-time/ros2_ws/install/uuv_sensor_ros_plugins_msgs/lib/python3.8/site-packages:/home/isopodin-time/ros2_ws/install/uuv_gazebo_ros_plugins_msgs/lib/python3.8/site-packages:/home/isopodin-time/ros2_ws/install/uuv_control_msgs/lib/python3.8/site-packages:/home/isopodin-time/ros2_ws/install/uuv_control_cascaded_pid/lib/python3.8/site-packages:/home/isopodin-time/ros2_ws/install/uuv_auv_control_allocator/lib/python3.8/site-packages:/home/isopodin-time/ros2_ws/install/uuv_assistants/lib/python3.8/site-packages:/opt/ros/foxy/lib/python3.8/site-packages /usr/bin/cmake --build /home/isopodin-time/ros2_ws/build/uuv_assistants -- -j8 -l8
[49.495s] [35m[1mScanning dependencies of target uuv_message_to_tf[0m
[49.495s] [ 50%] [32mBuilding CXX object CMakeFiles/uuv_message_to_tf.dir/src/message_to_tf.cpp.o[0m
[53.077s] [100%] [32m[1mLinking CXX executable uuv_message_to_tf[0m
[54.546s] [100%] Built target uuv_message_to_tf
[54.576s] Invoked command in '/home/isopodin-time/ros2_ws/build/uuv_assistants' returned '0': CMAKE_PREFIX_PATH=/home/isopodin-time/ros2_ws/install/plankton_utils:/home/isopodin-time/ros2_ws/install/plankton:/home/isopodin-time/ros2_ws/install/uuv_simulator:/home/isopodin-time/ros2_ws/install/uuv_world_ros_plugins:/home/isopodin-time/ros2_ws/install/uuv_control_utils:/home/isopodin-time/ros2_ws/install/uuv_world_ros_plugins_msgs:/home/isopodin-time/ros2_ws/install/uuv_world_plugins:/home/isopodin-time/ros2_ws/install/uuv_trajectory_control:/home/isopodin-time/ros2_ws/install/uuv_teleop:/home/isopodin-time/ros2_ws/install/uuv_thruster_manager:/home/isopodin-time/ros2_ws/install/uuv_descriptions:/home/isopodin-time/ros2_ws/install/uuv_sensor_ros_plugins:/home/isopodin-time/ros2_ws/install/uuv_sensor_ros_plugins_msgs:/home/isopodin-time/ros2_ws/install/uuv_gazebo_worlds:/home/isopodin-time/ros2_ws/install/uuv_gazebo_ros_plugins:/home/isopodin-time/ros2_ws/install/uuv_gazebo_ros_plugins_msgs:/home/isopodin-time/ros2_ws/install/uuv_gazebo_plugins:/home/isopodin-time/ros2_ws/install/uuv_gazebo:/home/isopodin-time/ros2_ws/install/uuv_control_msgs:/home/isopodin-time/ros2_ws/install/uuv_control_cascaded_pid:/home/isopodin-time/ros2_ws/install/uuv_auv_control_allocator:/home/isopodin-time/ros2_ws/install/uuv_assistants:/home/isopodin-time/ros2_ws/install/muuv_sim:/home/isopodin-time/ros2_ws/install/muuv_ros:/opt/ros/foxy PYTHONPATH=/home/isopodin-time/ros2_ws/install/plankton_utils/lib/python3.8/site-packages:/home/isopodin-time/ros2_ws/install/uuv_world_ros_plugins_msgs/lib/python3.8/site-packages:/home/isopodin-time/ros2_ws/install/uuv_trajectory_control/lib/python3.8/site-packages:/home/isopodin-time/ros2_ws/install/uuv_thruster_manager/lib/python3.8/site-packages:/home/isopodin-time/ros2_ws/install/uuv_sensor_ros_plugins_msgs/lib/python3.8/site-packages:/home/isopodin-time/ros2_ws/install/uuv_gazebo_ros_plugins_msgs/lib/python3.8/site-packages:/home/isopodin-time/ros2_ws/install/uuv_control_msgs/lib/python3.8/site-packages:/home/isopodin-time/ros2_ws/install/uuv_control_cascaded_pid/lib/python3.8/site-packages:/home/isopodin-time/ros2_ws/install/uuv_auv_control_allocator/lib/python3.8/site-packages:/home/isopodin-time/ros2_ws/install/uuv_assistants/lib/python3.8/site-packages:/opt/ros/foxy/lib/python3.8/site-packages /usr/bin/cmake --build /home/isopodin-time/ros2_ws/build/uuv_assistants -- -j8 -l8
[54.768s] Invoking command in '/home/isopodin-time/ros2_ws/build/uuv_assistants': CMAKE_PREFIX_PATH=/home/isopodin-time/ros2_ws/install/plankton_utils:/home/isopodin-time/ros2_ws/install/plankton:/home/isopodin-time/ros2_ws/install/uuv_simulator:/home/isopodin-time/ros2_ws/install/uuv_world_ros_plugins:/home/isopodin-time/ros2_ws/install/uuv_control_utils:/home/isopodin-time/ros2_ws/install/uuv_world_ros_plugins_msgs:/home/isopodin-time/ros2_ws/install/uuv_world_plugins:/home/isopodin-time/ros2_ws/install/uuv_trajectory_control:/home/isopodin-time/ros2_ws/install/uuv_teleop:/home/isopodin-time/ros2_ws/install/uuv_thruster_manager:/home/isopodin-time/ros2_ws/install/uuv_descriptions:/home/isopodin-time/ros2_ws/install/uuv_sensor_ros_plugins:/home/isopodin-time/ros2_ws/install/uuv_sensor_ros_plugins_msgs:/home/isopodin-time/ros2_ws/install/uuv_gazebo_worlds:/home/isopodin-time/ros2_ws/install/uuv_gazebo_ros_plugins:/home/isopodin-time/ros2_ws/install/uuv_gazebo_ros_plugins_msgs:/home/isopodin-time/ros2_ws/install/uuv_gazebo_plugins:/home/isopodin-time/ros2_ws/install/uuv_gazebo:/home/isopodin-time/ros2_ws/install/uuv_control_msgs:/home/isopodin-time/ros2_ws/install/uuv_control_cascaded_pid:/home/isopodin-time/ros2_ws/install/uuv_auv_control_allocator:/home/isopodin-time/ros2_ws/install/uuv_assistants:/home/isopodin-time/ros2_ws/install/muuv_sim:/home/isopodin-time/ros2_ws/install/muuv_ros:/opt/ros/foxy PYTHONPATH=/home/isopodin-time/ros2_ws/install/plankton_utils/lib/python3.8/site-packages:/home/isopodin-time/ros2_ws/install/uuv_world_ros_plugins_msgs/lib/python3.8/site-packages:/home/isopodin-time/ros2_ws/install/uuv_trajectory_control/lib/python3.8/site-packages:/home/isopodin-time/ros2_ws/install/uuv_thruster_manager/lib/python3.8/site-packages:/home/isopodin-time/ros2_ws/install/uuv_sensor_ros_plugins_msgs/lib/python3.8/site-packages:/home/isopodin-time/ros2_ws/install/uuv_gazebo_ros_plugins_msgs/lib/python3.8/site-packages:/home/isopodin-time/ros2_ws/install/uuv_control_msgs/lib/python3.8/site-packages:/home/isopodin-time/ros2_ws/install/uuv_control_cascaded_pid/lib/python3.8/site-packages:/home/isopodin-time/ros2_ws/install/uuv_auv_control_allocator/lib/python3.8/site-packages:/home/isopodin-time/ros2_ws/install/uuv_assistants/lib/python3.8/site-packages:/opt/ros/foxy/lib/python3.8/site-packages /usr/bin/cmake --install /home/isopodin-time/ros2_ws/build/uuv_assistants
[54.810s] -- Install configuration: ""
[54.830s] -- Installing: /home/isopodin-time/ros2_ws/install/uuv_assistants/share/uuv_assistants/environment/pythonpath.sh
[54.831s] -- Installing: /home/isopodin-time/ros2_ws/install/uuv_assistants/share/uuv_assistants/environment/pythonpath.dsv
[54.832s] -- Installing: /home/isopodin-time/ros2_ws/install/uuv_assistants/lib/python3.8/site-packages/tf_quaternion
[54.833s] -- Installing: /home/isopodin-time/ros2_ws/install/uuv_assistants/lib/python3.8/site-packages/tf_quaternion/__init__.py
[54.834s] -- Installing: /home/isopodin-time/ros2_ws/install/uuv_assistants/lib/python3.8/site-packages/tf_quaternion/transformations.py
[54.933s] Listing '/home/isopodin-time/ros2_ws/install/uuv_assistants/lib/python3.8/site-packages/tf_quaternion'...
[54.934s] Compiling '/home/isopodin-time/ros2_ws/install/uuv_assistants/lib/python3.8/site-packages/tf_quaternion/__init__.py'...
[54.934s] Compiling '/home/isopodin-time/ros2_ws/install/uuv_assistants/lib/python3.8/site-packages/tf_quaternion/transformations.py'...
[54.948s] -- Installing: /home/isopodin-time/ros2_ws/install/uuv_assistants/share/uuv_assistants/launch
[54.948s] -- Installing: /home/isopodin-time/ros2_ws/install/uuv_assistants/share/uuv_assistants/launch/publish_footprints.launch
[54.948s] -- Installing: /home/isopodin-time/ros2_ws/install/uuv_assistants/share/uuv_assistants/launch/publish_body_sname.launch
[54.949s] -- Installing: /home/isopodin-time/ros2_ws/install/uuv_assistants/share/uuv_assistants/launch/message_to_tf.launch
[54.949s] -- Installing: /home/isopodin-time/ros2_ws/install/uuv_assistants/share/uuv_assistants/launch/unpause_simulation.launch
[54.949s] -- Installing: /home/isopodin-time/ros2_ws/install/uuv_assistants/share/uuv_assistants/launch/publish_world_ned_frame.launch
[54.949s] -- Installing: /home/isopodin-time/ros2_ws/install/uuv_assistants/share/uuv_assistants/launch/publish_vehicle_footprint.launch
[54.950s] -- Installing: /home/isopodin-time/ros2_ws/install/uuv_assistants/share/uuv_assistants/launch/set_simulation_timer.launch
[54.950s] -- Installing: /home/isopodin-time/ros2_ws/install/uuv_assistants/share/uuv_assistants/templates
[54.950s] -- Installing: /home/isopodin-time/ros2_ws/install/uuv_assistants/share/uuv_assistants/templates/control
[54.950s] -- Installing: /home/isopodin-time/ros2_ws/install/uuv_assistants/share/uuv_assistants/templates/control/vel_pid_control.yaml
[54.950s] -- Installing: /home/isopodin-time/ros2_ws/install/uuv_assistants/share/uuv_assistants/templates/control/thruster_manager.yaml
[54.951s] -- Installing: /home/isopodin-time/ros2_ws/install/uuv_assistants/share/uuv_assistants/templates/control/TAM.yaml
[54.951s] -- Installing: /home/isopodin-time/ros2_ws/install/uuv_assistants/share/uuv_assistants/templates/control/inertial.yaml
[54.951s] -- Installing: /home/isopodin-time/ros2_ws/install/uuv_assistants/share/uuv_assistants/templates/control/position_hold_launch.xml
[54.951s] -- Installing: /home/isopodin-time/ros2_ws/install/uuv_assistants/share/uuv_assistants/templates/control/thruster_manager_launch.xml
[54.951s] -- Installing: /home/isopodin-time/ros2_ws/install/uuv_assistants/share/uuv_assistants/templates/control/pos_pid_control.yaml
[54.952s] -- Installing: /home/isopodin-time/ros2_ws/install/uuv_assistants/share/uuv_assistants/templates/thruster_manager_config
[54.952s] -- Installing: /home/isopodin-time/ros2_ws/install/uuv_assistants/share/uuv_assistants/templates/thruster_manager_config/launch
[54.953s] -- Installing: /home/isopodin-time/ros2_ws/install/uuv_assistants/share/uuv_assistants/templates/thruster_manager_config/launch/start_thruster_manager.launch.template
[54.956s] -- Installing: /home/isopodin-time/ros2_ws/install/uuv_assistants/share/uuv_assistants/templates/thruster_manager_config/config
[54.956s] -- Installing: /home/isopodin-time/ros2_ws/install/uuv_assistants/share/uuv_assistants/templates/thruster_manager_config/config/thruster_manager.yaml.template
[54.956s] -- Installing: /home/isopodin-time/ros2_ws/install/uuv_assistants/share/uuv_assistants/templates/robot_model
[54.956s] -- Installing: /home/isopodin-time/ros2_ws/install/uuv_assistants/share/uuv_assistants/templates/robot_model/robots
[54.957s] -- Installing: /home/isopodin-time/ros2_ws/install/uuv_assistants/share/uuv_assistants/templates/robot_model/robots/default.xacro.template
[54.957s] -- Installing: /home/isopodin-time/ros2_ws/install/uuv_assistants/share/uuv_assistants/templates/robot_model/urdf
[54.957s] -- Installing: /home/isopodin-time/ros2_ws/install/uuv_assistants/share/uuv_assistants/templates/robot_model/urdf/actuators.xacro.template
[54.957s] -- Installing: /home/isopodin-time/ros2_ws/install/uuv_assistants/share/uuv_assistants/templates/robot_model/urdf/base.xacro.template
[54.957s] -- Installing: /home/isopodin-time/ros2_ws/install/uuv_assistants/share/uuv_assistants/templates/robot_model/urdf/sensors.xacro.template
[54.958s] -- Installing: /home/isopodin-time/ros2_ws/install/uuv_assistants/share/uuv_assistants/templates/robot_model/urdf/snippets.xacro.template
[54.958s] -- Installing: /home/isopodin-time/ros2_ws/install/uuv_assistants/share/uuv_assistants/templates/robot_model/urdf/gazebo.xacro.template
[54.958s] -- Installing: /home/isopodin-time/ros2_ws/install/uuv_assistants/share/uuv_assistants/templates/robot_model/launch
[54.958s] -- Installing: /home/isopodin-time/ros2_ws/install/uuv_assistants/share/uuv_assistants/templates/robot_model/launch/upload.launch.template
[54.959s] -- Installing: /home/isopodin-time/ros2_ws/install/uuv_assistants/share/uuv_assistants/templates/robot_model/meshes
[54.959s] -- Installing: /home/isopodin-time/ros2_ws/install/uuv_assistants/share/uuv_assistants/templates/robot_model/meshes/README.md
[54.959s] -- Installing: /home/isopodin-time/ros2_ws/install/uuv_assistants/lib/uuv_assistants/uuv_message_to_tf
[54.965s] -- Set runtime path of "/home/isopodin-time/ros2_ws/install/uuv_assistants/lib/uuv_assistants/uuv_message_to_tf" to ""
[54.966s] -- Installing: /home/isopodin-time/ros2_ws/install/uuv_assistants/lib/uuv_assistants/publish_footprints.py
[54.967s] -- Installing: /home/isopodin-time/ros2_ws/install/uuv_assistants/lib/uuv_assistants/set_simulation_timer.py
[54.967s] -- Installing: /home/isopodin-time/ros2_ws/install/uuv_assistants/lib/uuv_assistants/publish_world_models.py
[54.967s] -- Installing: /home/isopodin-time/ros2_ws/install/uuv_assistants/lib/uuv_assistants/publish_vehicle_footprint.py
[54.967s] -- Installing: /home/isopodin-time/ros2_ws/install/uuv_assistants/lib/uuv_assistants/unpause_simulation.py
[54.968s] -- Installing: /home/isopodin-time/ros2_ws/install/uuv_assistants/lib/uuv_assistants/create_new_robot_model
[54.968s] -- Installing: /home/isopodin-time/ros2_ws/install/uuv_assistants/lib/uuv_assistants/create_thruster_manager_configuration
[54.969s] -- Installing: /home/isopodin-time/ros2_ws/install/uuv_assistants/lib/uuv_assistants/create_control_package
[54.970s] -- Installing: /home/isopodin-time/ros2_ws/install/uuv_assistants/share/ament_index/resource_index/package_run_dependencies/uuv_assistants
[54.971s] -- Installing: /home/isopodin-time/ros2_ws/install/uuv_assistants/share/ament_index/resource_index/parent_prefix_path/uuv_assistants
[54.971s] -- Installing: /home/isopodin-time/ros2_ws/install/uuv_assistants/share/uuv_assistants/environment/ament_prefix_path.sh
[54.971s] -- Installing: /home/isopodin-time/ros2_ws/install/uuv_assistants/share/uuv_assistants/environment/ament_prefix_path.dsv
[54.971s] -- Installing: /home/isopodin-time/ros2_ws/install/uuv_assistants/share/uuv_assistants/environment/path.sh
[54.992s] -- Installing: /home/isopodin-time/ros2_ws/install/uuv_assistants/share/uuv_assistants/environment/path.dsv
[54.992s] -- Installing: /home/isopodin-time/ros2_ws/install/uuv_assistants/share/uuv_assistants/local_setup.bash
[54.993s] -- Installing: /home/isopodin-time/ros2_ws/install/uuv_assistants/share/uuv_assistants/local_setup.sh
[54.993s] -- Installing: /home/isopodin-time/ros2_ws/install/uuv_assistants/share/uuv_assistants/local_setup.zsh
[54.993s] -- Installing: /home/isopodin-time/ros2_ws/install/uuv_assistants/share/uuv_assistants/local_setup.dsv
[54.993s] -- Installing: /home/isopodin-time/ros2_ws/install/uuv_assistants/share/uuv_assistants/package.dsv
[54.993s] -- Installing: /home/isopodin-time/ros2_ws/install/uuv_assistants/share/ament_index/resource_index/packages/uuv_assistants
[54.993s] -- Installing: /home/isopodin-time/ros2_ws/install/uuv_assistants/share/uuv_assistants/cmake/uuv_assistantsConfig.cmake
[54.994s] -- Installing: /home/isopodin-time/ros2_ws/install/uuv_assistants/share/uuv_assistants/cmake/uuv_assistantsConfig-version.cmake
[54.994s] -- Installing: /home/isopodin-time/ros2_ws/install/uuv_assistants/share/uuv_assistants/package.xml
[55.015s] Invoked command in '/home/isopodin-time/ros2_ws/build/uuv_assistants' returned '0': CMAKE_PREFIX_PATH=/home/isopodin-time/ros2_ws/install/plankton_utils:/home/isopodin-time/ros2_ws/install/plankton:/home/isopodin-time/ros2_ws/install/uuv_simulator:/home/isopodin-time/ros2_ws/install/uuv_world_ros_plugins:/home/isopodin-time/ros2_ws/install/uuv_control_utils:/home/isopodin-time/ros2_ws/install/uuv_world_ros_plugins_msgs:/home/isopodin-time/ros2_ws/install/uuv_world_plugins:/home/isopodin-time/ros2_ws/install/uuv_trajectory_control:/home/isopodin-time/ros2_ws/install/uuv_teleop:/home/isopodin-time/ros2_ws/install/uuv_thruster_manager:/home/isopodin-time/ros2_ws/install/uuv_descriptions:/home/isopodin-time/ros2_ws/install/uuv_sensor_ros_plugins:/home/isopodin-time/ros2_ws/install/uuv_sensor_ros_plugins_msgs:/home/isopodin-time/ros2_ws/install/uuv_gazebo_worlds:/home/isopodin-time/ros2_ws/install/uuv_gazebo_ros_plugins:/home/isopodin-time/ros2_ws/install/uuv_gazebo_ros_plugins_msgs:/home/isopodin-time/ros2_ws/install/uuv_gazebo_plugins:/home/isopodin-time/ros2_ws/install/uuv_gazebo:/home/isopodin-time/ros2_ws/install/uuv_control_msgs:/home/isopodin-time/ros2_ws/install/uuv_control_cascaded_pid:/home/isopodin-time/ros2_ws/install/uuv_auv_control_allocator:/home/isopodin-time/ros2_ws/install/uuv_assistants:/home/isopodin-time/ros2_ws/install/muuv_sim:/home/isopodin-time/ros2_ws/install/muuv_ros:/opt/ros/foxy PYTHONPATH=/home/isopodin-time/ros2_ws/install/plankton_utils/lib/python3.8/site-packages:/home/isopodin-time/ros2_ws/install/uuv_world_ros_plugins_msgs/lib/python3.8/site-packages:/home/isopodin-time/ros2_ws/install/uuv_trajectory_control/lib/python3.8/site-packages:/home/isopodin-time/ros2_ws/install/uuv_thruster_manager/lib/python3.8/site-packages:/home/isopodin-time/ros2_ws/install/uuv_sensor_ros_plugins_msgs/lib/python3.8/site-packages:/home/isopodin-time/ros2_ws/install/uuv_gazebo_ros_plugins_msgs/lib/python3.8/site-packages:/home/isopodin-time/ros2_ws/install/uuv_control_msgs/lib/python3.8/site-packages:/home/isopodin-time/ros2_ws/install/uuv_control_cascaded_pid/lib/python3.8/site-packages:/home/isopodin-time/ros2_ws/install/uuv_auv_control_allocator/lib/python3.8/site-packages:/home/isopodin-time/ros2_ws/install/uuv_assistants/lib/python3.8/site-packages:/opt/ros/foxy/lib/python3.8/site-packages /usr/bin/cmake --install /home/isopodin-time/ros2_ws/build/uuv_assistants
