[0.060s] Invoking command in '/home/isopodin-time/ros2_ws/build/uuv_gazebo_worlds': CMAKE_PREFIX_PATH=${CMAKE_PREFIX_PATH}:/opt/ros/foxy /usr/bin/cmake /home/isopodin-time/ros2_ws/src/Plankton/uuv_gazebo_worlds -DCMAKE_INSTALL_PREFIX=/home/isopodin-time/ros2_ws/install/uuv_gazebo_worlds
[2.221s] -- The C compiler identification is GNU 9.4.0
[2.221s] -- The CXX compiler identification is GNU 9.4.0
[2.237s] -- Check for working C compiler: /usr/bin/cc
[2.859s] -- Check for working C compiler: /usr/bin/cc -- works
[2.861s] -- Detecting C compiler ABI info
[3.326s] -- Detecting C compiler ABI info - done
[3.368s] -- Detecting C compile features
[3.369s] -- Detecting C compile features - done
[3.374s] -- Check for working CXX compiler: /usr/bin/c++
[4.271s] -- Check for working CXX compiler: /usr/bin/c++ -- works
[4.274s] -- Detecting CXX compiler ABI info
[5.310s] -- Detecting CXX compiler ABI info - done
[5.365s] -- Detecting CXX compile features
[5.366s] -- Detecting CXX compile features - done
[5.389s] -- Found gazebo_ros: 3.5.3 (/opt/ros/foxy/share/gazebo_ros/cmake)
[5.544s] -- Found PythonInterp: /usr/bin/python3 (found suitable version "3.8.10", minimum required is "3") 
[5.544s] -- Using PYTHON_EXECUTABLE: /usr/bin/python3
[7.388s] -- Using all available rosidl_typesupport_c: rosidl_typesupport_fastrtps_c;rosidl_typesupport_introspection_c
[7.424s] -- Found rosidl_adapter: 1.3.1 (/opt/ros/foxy/share/rosidl_adapter/cmake)
[10.642s] -- Found OpenSSL: /usr/lib/x86_64-linux-gnu/libcrypto.so (found version "1.1.1f")  
[13.912s] -- Found FastRTPS: /opt/ros/foxy/include  
[20.669s] -- Using all available rosidl_typesupport_cpp: rosidl_typesupport_fastrtps_cpp;rosidl_typesupport_introspection_cpp
[21.017s] -- Found rmw_implementation_cmake: 1.0.4 (/opt/ros/foxy/share/rmw_implementation_cmake/cmake)
[21.053s] -- Using RMW implementation 'rmw_fastrtps_cpp' as default
[21.053s] -- Looking for pthread.h
[21.839s] -- Looking for pthread.h - found
[21.842s] -- Performing Test CMAKE_HAVE_LIBC_PTHREAD
[22.406s] -- Performing Test CMAKE_HAVE_LIBC_PTHREAD - Failed
[22.406s] -- Looking for pthread_create in pthreads
[22.990s] -- Looking for pthread_create in pthreads - not found
[22.990s] -- Looking for pthread_create in pthread
[23.852s] -- Looking for pthread_create in pthread - found
[23.852s] -- Found Threads: TRUE  
[24.421s] -- Found PkgConfig: /usr/bin/pkg-config (found version "0.29.1") 
[24.425s] -- Checking for module 'bullet>=2.82'
[24.520s] --   Found bullet, version 2.88
[28.268s] -- Found ccd: /usr/include (found suitable version "2.0", minimum required is "2.0") 
[28.517s] -- Found fcl: /usr/include (found suitable version "0.5.0", minimum required is "0.3.2") 
[28.882s] -- Found assimp: /usr/include (found version "5.0.0") 
[28.982s] -- Found DART: /usr/include (Required is at least version "6.6") found components: dart 
[29.096s] -- Found Boost: /usr/lib/x86_64-linux-gnu/cmake/Boost-1.71.0/BoostConfig.cmake (found suitable version "1.71.0", minimum required is "1.40.0") found components: thread system filesystem program_options regex iostreams date_time 
[30.271s] -- Found Protobuf: /usr/lib/x86_64-linux-gnu/libprotobuf.so;-lpthread (found version "3.6.1") 
[30.291s] -- Looking for ignition-math6 -- found version 6.14.0
[30.310s] -- Searching for dependencies of ignition-math6
[30.314s] -- Looking for OGRE...
[30.316s] -- OGRE_PREFIX_WATCH changed.
[30.350s] -- Checking for module 'OGRE'
[30.393s] --   Found OGRE, version 1.9.0
[30.691s] -- Found Ogre Ghadamon (1.9.0)
[32.955s] -- Found OGRE: optimized;/usr/lib/x86_64-linux-gnu/libOgreMain.so;debug;/usr/lib/x86_64-linux-gnu/libOgreMain.so
[33.007s] -- Looking for OGRE_Paging...
[33.974s] -- Found OGRE_Paging: optimized;/usr/lib/x86_64-linux-gnu/libOgrePaging.so;debug;/usr/lib/x86_64-linux-gnu/libOgrePaging.so
[33.975s] -- Looking for OGRE_Terrain...
[35.072s] -- Found OGRE_Terrain: optimized;/usr/lib/x86_64-linux-gnu/libOgreTerrain.so;debug;/usr/lib/x86_64-linux-gnu/libOgreTerrain.so
[35.073s] -- Looking for OGRE_Property...
[36.325s] -- Found OGRE_Property: optimized;/usr/lib/x86_64-linux-gnu/libOgreProperty.so;debug;/usr/lib/x86_64-linux-gnu/libOgreProperty.so
[36.325s] -- Looking for OGRE_RTShaderSystem...
[37.543s] -- Found OGRE_RTShaderSystem: optimized;/usr/lib/x86_64-linux-gnu/libOgreRTShaderSystem.so;debug;/usr/lib/x86_64-linux-gnu/libOgreRTShaderSystem.so
[37.543s] -- Looking for OGRE_Volume...
[38.947s] -- Found OGRE_Volume: optimized;/usr/lib/x86_64-linux-gnu/libOgreVolume.so;debug;/usr/lib/x86_64-linux-gnu/libOgreVolume.so
[38.947s] -- Looking for OGRE_Overlay...
[40.254s] -- Found OGRE_Overlay: optimized;/usr/lib/x86_64-linux-gnu/libOgreOverlay.so;debug;/usr/lib/x86_64-linux-gnu/libOgreOverlay.so
[88.931s] -- Looking for ignition-math6 -- found version 6.14.0
[88.936s] -- Looking for ignition-transport8 -- found version 8.4.0
[88.938s] -- Searching for dependencies of ignition-transport8
[89.770s] -- Found Protobuf: /usr/lib/x86_64-linux-gnu/libprotobuf.so;-lpthread (found suitable version "3.6.1", minimum required is "3") 
[91.617s] -- Config-file not installed for ZeroMQ -- checking for pkg-config
[91.628s] -- Checking for module 'libzmq >= 4'
[91.663s] --   Found libzmq , version 4.3.2
[91.942s] -- Found ZeroMQ: TRUE (Required is at least version "4") 
[92.052s] -- Checking for module 'uuid'
[92.101s] --   Found uuid, version 2.34.0
[92.288s] -- Found UUID: TRUE  
[92.293s] -- Looking for ignition-msgs5 -- found version 5.11.0
[92.295s] -- Searching for dependencies of ignition-msgs5
[94.006s] -- Looking for ignition-math6 -- found version 6.14.0
[94.017s] -- Checking for module 'tinyxml2'
[94.079s] --   Found tinyxml2, version 6.2.0
[94.336s] -- Looking for ignition-msgs5 -- found version 5.11.0
[94.343s] -- Looking for ignition-common3 -- found version 3.16.0
[94.344s] -- Searching for dependencies of ignition-common3
[94.423s] -- Looking for dlfcn.h - found
[94.507s] -- Looking for libdl - found
[94.510s] -- Found DL: TRUE  
[94.776s] -- Searching for <ignition-common3> component [graphics]
[94.784s] -- Looking for ignition-common3-graphics -- found version 3.16.0
[94.787s] -- Searching for dependencies of ignition-common3-graphics
[94.789s] -- Looking for ignition-math6 -- found version 6.14.0
[94.803s] -- Looking for ignition-fuel_tools4 -- found version 4.9.0
[94.812s] -- Searching for dependencies of ignition-fuel_tools4
[95.623s] -- Found CURL: /usr/lib/x86_64-linux-gnu/libcurl.so (found version "7.68.0")  
[95.653s] -- Checking for module 'jsoncpp'
[95.692s] --   Found jsoncpp, version 1.7.4
[95.960s] -- Found JSONCPP: TRUE  
[95.973s] -- Checking for module 'libzip'
[96.023s] --   Found libzip, version 1.5.1
[96.310s] -- Found ZIP: TRUE  
[96.311s] -- Looking for ignition-common3 -- found version 3.16.0
[96.322s] -- Looking for ignition-math6 -- found version 6.14.0
[96.324s] -- Looking for ignition-msgs5 -- found version 5.11.0
[96.327s] -- Gazebo version: 11.13
[96.511s] -- Configuring done
[96.527s] -- Generating done
[96.539s] -- Build files have been written to: /home/isopodin-time/ros2_ws/build/uuv_gazebo_worlds
[96.611s] Invoked command in '/home/isopodin-time/ros2_ws/build/uuv_gazebo_worlds' returned '0': CMAKE_PREFIX_PATH=${CMAKE_PREFIX_PATH}:/opt/ros/foxy /usr/bin/cmake /home/isopodin-time/ros2_ws/src/Plankton/uuv_gazebo_worlds -DCMAKE_INSTALL_PREFIX=/home/isopodin-time/ros2_ws/install/uuv_gazebo_worlds
[96.613s] Invoking command in '/home/isopodin-time/ros2_ws/build/uuv_gazebo_worlds': CMAKE_PREFIX_PATH=${CMAKE_PREFIX_PATH}:/opt/ros/foxy /usr/bin/cmake --build /home/isopodin-time/ros2_ws/build/uuv_gazebo_worlds -- -j8 -l8
[97.812s] Invoked command in '/home/isopodin-time/ros2_ws/build/uuv_gazebo_worlds' returned '0': CMAKE_PREFIX_PATH=${CMAKE_PREFIX_PATH}:/opt/ros/foxy /usr/bin/cmake --build /home/isopodin-time/ros2_ws/build/uuv_gazebo_worlds -- -j8 -l8
[97.881s] Invoking command in '/home/isopodin-time/ros2_ws/build/uuv_gazebo_worlds': CMAKE_PREFIX_PATH=${CMAKE_PREFIX_PATH}:/opt/ros/foxy /usr/bin/cmake --install /home/isopodin-time/ros2_ws/build/uuv_gazebo_worlds
[97.905s] -- Install configuration: ""
[97.905s] -- Installing: /home/isopodin-time/ros2_ws/install/uuv_gazebo_worlds/share/uuv_gazebo_worlds/config
[97.906s] -- Installing: /home/isopodin-time/ros2_ws/install/uuv_gazebo_worlds/share/uuv_gazebo_worlds/config/auv_underwater_world.yaml
[97.906s] -- Installing: /home/isopodin-time/ros2_ws/install/uuv_gazebo_worlds/share/uuv_gazebo_worlds/config/lake.yaml
[97.906s] -- Installing: /home/isopodin-time/ros2_ws/install/uuv_gazebo_worlds/share/uuv_gazebo_worlds/config/ocean_waves.yaml
[97.907s] -- Installing: /home/isopodin-time/ros2_ws/install/uuv_gazebo_worlds/share/uuv_gazebo_worlds/config/munkholmen.yaml
[97.907s] -- Installing: /home/isopodin-time/ros2_ws/install/uuv_gazebo_worlds/share/uuv_gazebo_worlds/config/herkules_ship_wreck.yaml
[97.907s] -- Installing: /home/isopodin-time/ros2_ws/install/uuv_gazebo_worlds/share/uuv_gazebo_worlds/config/mangalia.yaml
[97.907s] -- Installing: /home/isopodin-time/ros2_ws/install/uuv_gazebo_worlds/share/uuv_gazebo_worlds/config/empty_uw_world.yaml
[97.907s] -- Installing: /home/isopodin-time/ros2_ws/install/uuv_gazebo_worlds/share/uuv_gazebo_worlds/launch
[97.908s] -- Installing: /home/isopodin-time/ros2_ws/install/uuv_gazebo_worlds/share/uuv_gazebo_worlds/launch/mangalia_manipulation.launch
[97.908s] -- Installing: /home/isopodin-time/ros2_ws/install/uuv_gazebo_worlds/share/uuv_gazebo_worlds/launch/auv_underwater_world.launch
[97.908s] -- Installing: /home/isopodin-time/ros2_ws/install/uuv_gazebo_worlds/share/uuv_gazebo_worlds/launch/ocean_waves.launch
[97.908s] -- Installing: /home/isopodin-time/ros2_ws/install/uuv_gazebo_worlds/share/uuv_gazebo_worlds/launch/herkules_ship_wreck.launch
[97.908s] -- Installing: /home/isopodin-time/ros2_ws/install/uuv_gazebo_worlds/share/uuv_gazebo_worlds/launch/lake.launch
[97.909s] -- Installing: /home/isopodin-time/ros2_ws/install/uuv_gazebo_worlds/share/uuv_gazebo_worlds/launch/empty_underwater_world.launch
[97.909s] -- Installing: /home/isopodin-time/ros2_ws/install/uuv_gazebo_worlds/share/uuv_gazebo_worlds/launch/mangalia.launch
[97.909s] -- Installing: /home/isopodin-time/ros2_ws/install/uuv_gazebo_worlds/share/uuv_gazebo_worlds/launch/rov_bop_panel.launch
[97.909s] -- Installing: /home/isopodin-time/ros2_ws/install/uuv_gazebo_worlds/share/uuv_gazebo_worlds/launch/subsea_bop_panel.launch
[97.909s] -- Installing: /home/isopodin-time/ros2_ws/install/uuv_gazebo_worlds/share/uuv_gazebo_worlds/launch/munkholmen.launch
[97.910s] -- Installing: /home/isopodin-time/ros2_ws/install/uuv_gazebo_worlds/share/uuv_gazebo_worlds/media
[97.910s] -- Installing: /home/isopodin-time/ros2_ws/install/uuv_gazebo_worlds/share/uuv_gazebo_worlds/media/materials
[97.910s] -- Installing: /home/isopodin-time/ros2_ws/install/uuv_gazebo_worlds/share/uuv_gazebo_worlds/media/materials/scripts
[97.910s] -- Installing: /home/isopodin-time/ros2_ws/install/uuv_gazebo_worlds/share/uuv_gazebo_worlds/media/materials/scripts/sand.material
[97.910s] -- Installing: /home/isopodin-time/ros2_ws/install/uuv_gazebo_worlds/share/uuv_gazebo_worlds/media/materials/scripts/water.material
[97.911s] -- Installing: /home/isopodin-time/ros2_ws/install/uuv_gazebo_worlds/share/uuv_gazebo_worlds/media/materials/scripts/waves.material
[97.911s] -- Installing: /home/isopodin-time/ros2_ws/install/uuv_gazebo_worlds/share/uuv_gazebo_worlds/media/materials/scripts/fiducials.material
[97.911s] -- Installing: /home/isopodin-time/ros2_ws/install/uuv_gazebo_worlds/share/uuv_gazebo_worlds/media/materials/textures
[97.911s] -- Installing: /home/isopodin-time/ros2_ws/install/uuv_gazebo_worlds/share/uuv_gazebo_worlds/media/materials/textures/License and source for textures.txt
[97.911s] -- Installing: /home/isopodin-time/ros2_ws/install/uuv_gazebo_worlds/share/uuv_gazebo_worlds/media/materials/textures/clouds_up.jpg
[97.912s] -- Installing: /home/isopodin-time/ros2_ws/install/uuv_gazebo_worlds/share/uuv_gazebo_worlds/media/materials/textures/fiducials
[97.912s] -- Installing: /home/isopodin-time/ros2_ws/install/uuv_gazebo_worlds/share/uuv_gazebo_worlds/media/materials/textures/fiducials/aruco_1.png
[97.912s] -- Installing: /home/isopodin-time/ros2_ws/install/uuv_gazebo_worlds/share/uuv_gazebo_worlds/media/materials/textures/fiducials/License and source for textures.txt
[97.912s] -- Installing: /home/isopodin-time/ros2_ws/install/uuv_gazebo_worlds/share/uuv_gazebo_worlds/media/materials/textures/fiducials/aruco_5.png
[97.912s] -- Installing: /home/isopodin-time/ros2_ws/install/uuv_gazebo_worlds/share/uuv_gazebo_worlds/media/materials/textures/fiducials/aruco_2.png
[97.913s] -- Installing: /home/isopodin-time/ros2_ws/install/uuv_gazebo_worlds/share/uuv_gazebo_worlds/media/materials/textures/fiducials/aruco_4.png
[97.913s] -- Installing: /home/isopodin-time/ros2_ws/install/uuv_gazebo_worlds/share/uuv_gazebo_worlds/media/materials/textures/fiducials/aruco_3.png
[97.913s] -- Installing: /home/isopodin-time/ros2_ws/install/uuv_gazebo_worlds/share/uuv_gazebo_worlds/media/materials/textures/soil_sand_0045_01.jpg
[97.920s] -- Installing: /home/isopodin-time/ros2_ws/install/uuv_gazebo_worlds/share/uuv_gazebo_worlds/media/materials/textures/clouds.jpg
[97.923s] -- Installing: /home/isopodin-time/ros2_ws/install/uuv_gazebo_worlds/share/uuv_gazebo_worlds/media/materials/textures/water_water_0093_01.jpg
[97.937s] -- Installing: /home/isopodin-time/ros2_ws/install/uuv_gazebo_worlds/share/uuv_gazebo_worlds/media/materials/textures/water_water_0046_01.jpg
[97.940s] -- Installing: /home/isopodin-time/ros2_ws/install/uuv_gazebo_worlds/share/uuv_gazebo_worlds/media/materials/textures/clouds_fr.jpg
[97.941s] -- Installing: /home/isopodin-time/ros2_ws/install/uuv_gazebo_worlds/share/uuv_gazebo_worlds/media/materials/textures/water_water_0051_01.jpg
[97.957s] -- Installing: /home/isopodin-time/ros2_ws/install/uuv_gazebo_worlds/share/uuv_gazebo_worlds/media/materials/textures/clouds_lf.jpg
[97.957s] -- Installing: /home/isopodin-time/ros2_ws/install/uuv_gazebo_worlds/share/uuv_gazebo_worlds/media/materials/textures/clouds_rt.jpg
[97.957s] -- Installing: /home/isopodin-time/ros2_ws/install/uuv_gazebo_worlds/share/uuv_gazebo_worlds/media/materials/textures/water_water_0076_03_s.jpg
[97.957s] -- Installing: /home/isopodin-time/ros2_ws/install/uuv_gazebo_worlds/share/uuv_gazebo_worlds/media/materials/textures/clouds_dn.jpg
[97.958s] -- Installing: /home/isopodin-time/ros2_ws/install/uuv_gazebo_worlds/share/uuv_gazebo_worlds/media/materials/textures/wave_normals.dds
[97.958s] -- Installing: /home/isopodin-time/ros2_ws/install/uuv_gazebo_worlds/share/uuv_gazebo_worlds/media/materials/textures/clouds_bk.jpg
[97.958s] -- Installing: /home/isopodin-time/ros2_ws/install/uuv_gazebo_worlds/share/uuv_gazebo_worlds/media/materials/programs
[97.958s] -- Installing: /home/isopodin-time/ros2_ws/install/uuv_gazebo_worlds/share/uuv_gazebo_worlds/media/materials/programs/SimpleWaves.vert
[97.959s] -- Installing: /home/isopodin-time/ros2_ws/install/uuv_gazebo_worlds/share/uuv_gazebo_worlds/media/materials/programs/SimpleWaves.frag
[97.959s] -- Installing: /home/isopodin-time/ros2_ws/install/uuv_gazebo_worlds/share/uuv_gazebo_worlds/media/models
[97.959s] -- Installing: /home/isopodin-time/ros2_ws/install/uuv_gazebo_worlds/share/uuv_gazebo_worlds/media/models/sea_surface_1000m_x_1000m.dae
[97.959s] -- Installing: /home/isopodin-time/ros2_ws/install/uuv_gazebo_worlds/share/uuv_gazebo_worlds/worlds
[97.959s] -- Installing: /home/isopodin-time/ros2_ws/install/uuv_gazebo_worlds/share/uuv_gazebo_worlds/worlds/underwater_heightmap.world
[97.959s] -- Installing: /home/isopodin-time/ros2_ws/install/uuv_gazebo_worlds/share/uuv_gazebo_worlds/worlds/ocean_waves.world
[97.959s] -- Installing: /home/isopodin-time/ros2_ws/install/uuv_gazebo_worlds/share/uuv_gazebo_worlds/worlds/empty_underwater.world
[97.960s] -- Installing: /home/isopodin-time/ros2_ws/install/uuv_gazebo_worlds/share/uuv_gazebo_worlds/worlds/lake.world
[97.960s] -- Installing: /home/isopodin-time/ros2_ws/install/uuv_gazebo_worlds/share/uuv_gazebo_worlds/worlds/herkules_ship_wreck.world
[97.960s] -- Installing: /home/isopodin-time/ros2_ws/install/uuv_gazebo_worlds/share/uuv_gazebo_worlds/worlds/mangalia.world
[97.971s] -- Installing: /home/isopodin-time/ros2_ws/install/uuv_gazebo_worlds/share/uuv_gazebo_worlds/worlds/auv_underwater_world.world
[97.971s] -- Installing: /home/isopodin-time/ros2_ws/install/uuv_gazebo_worlds/share/uuv_gazebo_worlds/worlds/munkholmen.world
[97.971s] -- Installing: /home/isopodin-time/ros2_ws/install/uuv_gazebo_worlds/share/uuv_gazebo_worlds/worlds/mangalia_manipulation.world
[97.971s] -- Installing: /home/isopodin-time/ros2_ws/install/uuv_gazebo_worlds/share/uuv_gazebo_worlds/worlds/subsea_bop_panel.world
[97.971s] -- Installing: /home/isopodin-time/ros2_ws/install/uuv_gazebo_worlds/share/uuv_gazebo_worlds/models
[97.972s] -- Installing: /home/isopodin-time/ros2_ws/install/uuv_gazebo_worlds/share/uuv_gazebo_worlds/models/ned_frame
[97.972s] -- Installing: /home/isopodin-time/ros2_ws/install/uuv_gazebo_worlds/share/uuv_gazebo_worlds/models/ned_frame/model.sdf
[97.972s] -- Installing: /home/isopodin-time/ros2_ws/install/uuv_gazebo_worlds/share/uuv_gazebo_worlds/models/ned_frame/model.config
[97.972s] -- Installing: /home/isopodin-time/ros2_ws/install/uuv_gazebo_worlds/share/uuv_gazebo_worlds/models/aurora_static
[97.972s] -- Installing: /home/isopodin-time/ros2_ws/install/uuv_gazebo_worlds/share/uuv_gazebo_worlds/models/aurora_static/model.sdf
[97.972s] -- Installing: /home/isopodin-time/ros2_ws/install/uuv_gazebo_worlds/share/uuv_gazebo_worlds/models/aurora_static/model.config
[97.972s] -- Installing: /home/isopodin-time/ros2_ws/install/uuv_gazebo_worlds/share/uuv_gazebo_worlds/models/aurora_static/meshes
[97.972s] -- Installing: /home/isopodin-time/ros2_ws/install/uuv_gazebo_worlds/share/uuv_gazebo_worlds/models/aurora_static/meshes/aurora.dae
[97.973s] -- Installing: /home/isopodin-time/ros2_ws/install/uuv_gazebo_worlds/share/uuv_gazebo_worlds/models/aurora_static/meshes/aurora_collision.stl
[97.973s] -- Installing: /home/isopodin-time/ros2_ws/install/uuv_gazebo_worlds/share/uuv_gazebo_worlds/models/tree
[97.973s] -- Installing: /home/isopodin-time/ros2_ws/install/uuv_gazebo_worlds/share/uuv_gazebo_worlds/models/tree/model.sdf
[97.973s] -- Installing: /home/isopodin-time/ros2_ws/install/uuv_gazebo_worlds/share/uuv_gazebo_worlds/models/tree/model.config
[97.973s] -- Installing: /home/isopodin-time/ros2_ws/install/uuv_gazebo_worlds/share/uuv_gazebo_worlds/models/tree/meshes
[97.973s] -- Installing: /home/isopodin-time/ros2_ws/install/uuv_gazebo_worlds/share/uuv_gazebo_worlds/models/tree/meshes/Tree.dae
[97.989s] -- Installing: /home/isopodin-time/ros2_ws/install/uuv_gazebo_worlds/share/uuv_gazebo_worlds/models/umbilical
[97.989s] -- Installing: /home/isopodin-time/ros2_ws/install/uuv_gazebo_worlds/share/uuv_gazebo_worlds/models/umbilical/model.sdf
[97.989s] -- Installing: /home/isopodin-time/ros2_ws/install/uuv_gazebo_worlds/share/uuv_gazebo_worlds/models/umbilical/model.config
[97.990s] -- Installing: /home/isopodin-time/ros2_ws/install/uuv_gazebo_worlds/share/uuv_gazebo_worlds/models/lake
[97.990s] -- Installing: /home/isopodin-time/ros2_ws/install/uuv_gazebo_worlds/share/uuv_gazebo_worlds/models/lake/model.sdf
[97.990s] -- Installing: /home/isopodin-time/ros2_ws/install/uuv_gazebo_worlds/share/uuv_gazebo_worlds/models/lake/model.config
[97.990s] -- Installing: /home/isopodin-time/ros2_ws/install/uuv_gazebo_worlds/share/uuv_gazebo_worlds/models/lake/meshes
[97.990s] -- Installing: /home/isopodin-time/ros2_ws/install/uuv_gazebo_worlds/share/uuv_gazebo_worlds/models/lake/meshes/LakeBottom.dae
[97.990s] -- Installing: /home/isopodin-time/ros2_ws/install/uuv_gazebo_worlds/share/uuv_gazebo_worlds/models/lake/meshes/WaterSurface.dae
[97.990s] -- Installing: /home/isopodin-time/ros2_ws/install/uuv_gazebo_worlds/share/uuv_gazebo_worlds/models/torque_tool
[97.990s] -- Installing: /home/isopodin-time/ros2_ws/install/uuv_gazebo_worlds/share/uuv_gazebo_worlds/models/torque_tool/model.sdf
[97.991s] -- Installing: /home/isopodin-time/ros2_ws/install/uuv_gazebo_worlds/share/uuv_gazebo_worlds/models/torque_tool/model.config
[97.991s] -- Installing: /home/isopodin-time/ros2_ws/install/uuv_gazebo_worlds/share/uuv_gazebo_worlds/models/torque_tool/meshes
[97.991s] -- Installing: /home/isopodin-time/ros2_ws/install/uuv_gazebo_worlds/share/uuv_gazebo_worlds/models/torque_tool/meshes/TorqueTool.dae
[97.991s] -- Installing: /home/isopodin-time/ros2_ws/install/uuv_gazebo_worlds/share/uuv_gazebo_worlds/models/sea_bottom
[97.991s] -- Installing: /home/isopodin-time/ros2_ws/install/uuv_gazebo_worlds/share/uuv_gazebo_worlds/models/sea_bottom/model.sdf
[97.991s] -- Installing: /home/isopodin-time/ros2_ws/install/uuv_gazebo_worlds/share/uuv_gazebo_worlds/models/sea_bottom/model.config
[97.992s] -- Installing: /home/isopodin-time/ros2_ws/install/uuv_gazebo_worlds/share/uuv_gazebo_worlds/models/ocean
[97.992s] -- Installing: /home/isopodin-time/ros2_ws/install/uuv_gazebo_worlds/share/uuv_gazebo_worlds/models/ocean/model.sdf
[97.992s] -- Installing: /home/isopodin-time/ros2_ws/install/uuv_gazebo_worlds/share/uuv_gazebo_worlds/models/ocean/model.config
[97.992s] -- Installing: /home/isopodin-time/ros2_ws/install/uuv_gazebo_worlds/share/uuv_gazebo_worlds/models/t_bar_fork_tool
[97.993s] -- Installing: /home/isopodin-time/ros2_ws/install/uuv_gazebo_worlds/share/uuv_gazebo_worlds/models/t_bar_fork_tool/model.sdf
[97.993s] -- Installing: /home/isopodin-time/ros2_ws/install/uuv_gazebo_worlds/share/uuv_gazebo_worlds/models/t_bar_fork_tool/model.config
[97.993s] -- Installing: /home/isopodin-time/ros2_ws/install/uuv_gazebo_worlds/share/uuv_gazebo_worlds/models/t_bar_fork_tool/meshes
[97.993s] -- Installing: /home/isopodin-time/ros2_ws/install/uuv_gazebo_worlds/share/uuv_gazebo_worlds/models/t_bar_fork_tool/meshes/TBarForkTool.dae
[97.993s] -- Installing: /home/isopodin-time/ros2_ws/install/uuv_gazebo_worlds/share/uuv_gazebo_worlds/models/rov_bop_panel
[97.993s] -- Installing: /home/isopodin-time/ros2_ws/install/uuv_gazebo_worlds/share/uuv_gazebo_worlds/models/rov_bop_panel/model.sdf
[97.994s] -- Installing: /home/isopodin-time/ros2_ws/install/uuv_gazebo_worlds/share/uuv_gazebo_worlds/models/rov_bop_panel/model.config
[97.994s] -- Installing: /home/isopodin-time/ros2_ws/install/uuv_gazebo_worlds/share/uuv_gazebo_worlds/models/rov_bop_panel/meshes
[97.994s] -- Installing: /home/isopodin-time/ros2_ws/install/uuv_gazebo_worlds/share/uuv_gazebo_worlds/models/rov_bop_panel/meshes/SmallValve.dae
[97.994s] -- Installing: /home/isopodin-time/ros2_ws/install/uuv_gazebo_worlds/share/uuv_gazebo_worlds/models/rov_bop_panel/meshes/License and source texture.txt
[97.994s] -- Installing: /home/isopodin-time/ros2_ws/install/uuv_gazebo_worlds/share/uuv_gazebo_worlds/models/rov_bop_panel/meshes/metal_bare_0045_01.jpg
[98.016s] -- Installing: /home/isopodin-time/ros2_ws/install/uuv_gazebo_worlds/share/uuv_gazebo_worlds/models/rov_bop_panel/meshes/Valve.dae
[98.016s] -- Installing: /home/isopodin-time/ros2_ws/install/uuv_gazebo_worlds/share/uuv_gazebo_worlds/models/rov_bop_panel/meshes/BOP_Panel.dae
[98.017s] -- Installing: /home/isopodin-time/ros2_ws/install/uuv_gazebo_worlds/share/uuv_gazebo_worlds/models/ocean_box
[98.018s] -- Installing: /home/isopodin-time/ros2_ws/install/uuv_gazebo_worlds/share/uuv_gazebo_worlds/models/ocean_box/model.sdf
[98.019s] -- Installing: /home/isopodin-time/ros2_ws/install/uuv_gazebo_worlds/share/uuv_gazebo_worlds/models/ocean_box/model.config
[98.019s] -- Installing: /home/isopodin-time/ros2_ws/install/uuv_gazebo_worlds/share/uuv_gazebo_worlds/models/bop_panel
[98.019s] -- Installing: /home/isopodin-time/ros2_ws/install/uuv_gazebo_worlds/share/uuv_gazebo_worlds/models/bop_panel/model.sdf
[98.020s] -- Installing: /home/isopodin-time/ros2_ws/install/uuv_gazebo_worlds/share/uuv_gazebo_worlds/models/bop_panel/model.config
[98.020s] -- Installing: /home/isopodin-time/ros2_ws/install/uuv_gazebo_worlds/share/uuv_gazebo_worlds/models/bop_panel/meshes
[98.020s] -- Installing: /home/isopodin-time/ros2_ws/install/uuv_gazebo_worlds/share/uuv_gazebo_worlds/models/bop_panel/meshes/VentilBlock.obj
[98.055s] -- Installing: /home/isopodin-time/ros2_ws/install/uuv_gazebo_worlds/share/uuv_gazebo_worlds/models/bop_panel/meshes/VentilBlock.stl
[98.087s] -- Installing: /home/isopodin-time/ros2_ws/install/uuv_gazebo_worlds/share/uuv_gazebo_worlds/models/bop_panel/meshes/Valve.dae
[98.088s] -- Installing: /home/isopodin-time/ros2_ws/install/uuv_gazebo_worlds/share/uuv_gazebo_worlds/models/bop_panel/meshes/VentilBlock.mtl
[98.089s] -- Installing: /home/isopodin-time/ros2_ws/install/uuv_gazebo_worlds/share/uuv_gazebo_worlds/models/sand_heightmap
[98.089s] -- Installing: /home/isopodin-time/ros2_ws/install/uuv_gazebo_worlds/share/uuv_gazebo_worlds/models/sand_heightmap/model.sdf
[98.091s] -- Installing: /home/isopodin-time/ros2_ws/install/uuv_gazebo_worlds/share/uuv_gazebo_worlds/models/sand_heightmap/model.config
[98.092s] -- Installing: /home/isopodin-time/ros2_ws/install/uuv_gazebo_worlds/share/uuv_gazebo_worlds/models/sand_heightmap/meshes
[98.092s] -- Installing: /home/isopodin-time/ros2_ws/install/uuv_gazebo_worlds/share/uuv_gazebo_worlds/models/sand_heightmap/meshes/License and source for textures.txt
[98.093s] -- Installing: /home/isopodin-time/ros2_ws/install/uuv_gazebo_worlds/share/uuv_gazebo_worlds/models/sand_heightmap/meshes/heightmap.dae
[98.101s] -- Installing: /home/isopodin-time/ros2_ws/install/uuv_gazebo_worlds/share/uuv_gazebo_worlds/models/sand_heightmap/meshes/soil_sand_0045_01.jpg
[98.109s] -- Installing: /home/isopodin-time/ros2_ws/install/uuv_gazebo_worlds/share/uuv_gazebo_worlds/models/sea_surface
[98.110s] -- Installing: /home/isopodin-time/ros2_ws/install/uuv_gazebo_worlds/share/uuv_gazebo_worlds/models/sea_surface/model.sdf
[98.110s] -- Installing: /home/isopodin-time/ros2_ws/install/uuv_gazebo_worlds/share/uuv_gazebo_worlds/models/sea_surface/model.config
[98.111s] -- Installing: /home/isopodin-time/ros2_ws/install/uuv_gazebo_worlds/share/uuv_gazebo_worlds/models/munkholmen_seabed
[98.112s] -- Installing: /home/isopodin-time/ros2_ws/install/uuv_gazebo_worlds/share/uuv_gazebo_worlds/models/munkholmen_seabed/model.sdf
[98.113s] -- Installing: /home/isopodin-time/ros2_ws/install/uuv_gazebo_worlds/share/uuv_gazebo_worlds/models/munkholmen_seabed/model.config
[98.115s] -- Installing: /home/isopodin-time/ros2_ws/install/uuv_gazebo_worlds/share/uuv_gazebo_worlds/models/munkholmen_seabed/meshes
[98.117s] -- Installing: /home/isopodin-time/ros2_ws/install/uuv_gazebo_worlds/share/uuv_gazebo_worlds/models/munkholmen_seabed/meshes/seabed.dae
[98.119s] -- Installing: /home/isopodin-time/ros2_ws/install/uuv_gazebo_worlds/share/uuv_gazebo_worlds/models/mangalia
[98.120s] -- Installing: /home/isopodin-time/ros2_ws/install/uuv_gazebo_worlds/share/uuv_gazebo_worlds/models/mangalia/model.sdf
[98.121s] -- Installing: /home/isopodin-time/ros2_ws/install/uuv_gazebo_worlds/share/uuv_gazebo_worlds/models/mangalia/model.config
[98.122s] -- Installing: /home/isopodin-time/ros2_ws/install/uuv_gazebo_worlds/share/uuv_gazebo_worlds/models/mangalia/meshes
[98.123s] -- Installing: /home/isopodin-time/ros2_ws/install/uuv_gazebo_worlds/share/uuv_gazebo_worlds/models/mangalia/meshes/License and source for textures.txt
[98.124s] -- Installing: /home/isopodin-time/ros2_ws/install/uuv_gazebo_worlds/share/uuv_gazebo_worlds/models/mangalia/meshes/ground_stone_ground_0029_02_tiled_s.jpg
[98.127s] -- Installing: /home/isopodin-time/ros2_ws/install/uuv_gazebo_worlds/share/uuv_gazebo_worlds/models/mangalia/meshes/grass_grass_0101_02_tiled_s.jpg
[98.143s] -- Installing: /home/isopodin-time/ros2_ws/install/uuv_gazebo_worlds/share/uuv_gazebo_worlds/models/mangalia/meshes/170427_Seabed8_textured.dae
[98.145s] -- Installing: /home/isopodin-time/ros2_ws/install/uuv_gazebo_worlds/share/uuv_gazebo_worlds/models/mangalia/meshes/170427_Seabed8_textured.blend
[98.147s] -- Installing: /home/isopodin-time/ros2_ws/install/uuv_gazebo_worlds/share/uuv_gazebo_worlds/models/mangalia/meshes/MangaliaTerrain.dae
[98.148s] -- Installing: /home/isopodin-time/ros2_ws/install/uuv_gazebo_worlds/share/uuv_gazebo_worlds/models/april_tag_36_11_00000
[98.148s] -- Installing: /home/isopodin-time/ros2_ws/install/uuv_gazebo_worlds/share/uuv_gazebo_worlds/models/april_tag_36_11_00000/model.sdf
[98.148s] -- Installing: /home/isopodin-time/ros2_ws/install/uuv_gazebo_worlds/share/uuv_gazebo_worlds/models/april_tag_36_11_00000/model.config
[98.148s] -- Installing: /home/isopodin-time/ros2_ws/install/uuv_gazebo_worlds/share/uuv_gazebo_worlds/models/hot_stab
[98.149s] -- Installing: /home/isopodin-time/ros2_ws/install/uuv_gazebo_worlds/share/uuv_gazebo_worlds/models/hot_stab/model.sdf
[98.149s] -- Installing: /home/isopodin-time/ros2_ws/install/uuv_gazebo_worlds/share/uuv_gazebo_worlds/models/hot_stab/model.config
[98.149s] -- Installing: /home/isopodin-time/ros2_ws/install/uuv_gazebo_worlds/share/uuv_gazebo_worlds/models/hot_stab/meshes
[98.149s] -- Installing: /home/isopodin-time/ros2_ws/install/uuv_gazebo_worlds/share/uuv_gazebo_worlds/models/hot_stab/meshes/HotStab.dae
[98.149s] -- Installing: /home/isopodin-time/ros2_ws/install/uuv_gazebo_worlds/share/uuv_gazebo_worlds/models/herkules_ship_wreck
[98.150s] -- Installing: /home/isopodin-time/ros2_ws/install/uuv_gazebo_worlds/share/uuv_gazebo_worlds/models/herkules_ship_wreck/model.sdf
[98.150s] -- Installing: /home/isopodin-time/ros2_ws/install/uuv_gazebo_worlds/share/uuv_gazebo_worlds/models/herkules_ship_wreck/model.config
[98.150s] -- Installing: /home/isopodin-time/ros2_ws/install/uuv_gazebo_worlds/share/uuv_gazebo_worlds/models/herkules_ship_wreck/meshes
[98.151s] -- Installing: /home/isopodin-time/ros2_ws/install/uuv_gazebo_worlds/share/uuv_gazebo_worlds/models/herkules_ship_wreck/meshes/herkules.dae
[98.164s] -- Installing: /home/isopodin-time/ros2_ws/install/uuv_gazebo_worlds/share/uuv_gazebo_worlds/models/herkules_seabed
[98.165s] -- Installing: /home/isopodin-time/ros2_ws/install/uuv_gazebo_worlds/share/uuv_gazebo_worlds/models/herkules_seabed/model.sdf
[98.165s] -- Installing: /home/isopodin-time/ros2_ws/install/uuv_gazebo_worlds/share/uuv_gazebo_worlds/models/herkules_seabed/model.config
[98.165s] -- Installing: /home/isopodin-time/ros2_ws/install/uuv_gazebo_worlds/share/uuv_gazebo_worlds/models/herkules_seabed/meshes
[98.166s] -- Installing: /home/isopodin-time/ros2_ws/install/uuv_gazebo_worlds/share/uuv_gazebo_worlds/models/herkules_seabed/meshes/herkules_seabed.dae
[98.166s] -- Installing: /home/isopodin-time/ros2_ws/install/uuv_gazebo_worlds/share/uuv_gazebo_worlds/models/munkholmen
[98.166s] -- Installing: /home/isopodin-time/ros2_ws/install/uuv_gazebo_worlds/share/uuv_gazebo_worlds/models/munkholmen/model.sdf
[98.166s] -- Installing: /home/isopodin-time/ros2_ws/install/uuv_gazebo_worlds/share/uuv_gazebo_worlds/models/munkholmen/model.config
[98.167s] -- Installing: /home/isopodin-time/ros2_ws/install/uuv_gazebo_worlds/share/uuv_gazebo_worlds/models/munkholmen/meshes
[98.167s] -- Installing: /home/isopodin-time/ros2_ws/install/uuv_gazebo_worlds/share/uuv_gazebo_worlds/models/munkholmen/meshes/munkholmen.dae
[98.169s] -- Installing: /home/isopodin-time/ros2_ws/install/uuv_gazebo_worlds/share/ament_index/resource_index/package_run_dependencies/uuv_gazebo_worlds
[98.169s] -- Installing: /home/isopodin-time/ros2_ws/install/uuv_gazebo_worlds/share/ament_index/resource_index/parent_prefix_path/uuv_gazebo_worlds
[98.171s] -- Installing: /home/isopodin-time/ros2_ws/install/uuv_gazebo_worlds/share/uuv_gazebo_worlds/environment/ament_prefix_path.sh
[98.171s] -- Installing: /home/isopodin-time/ros2_ws/install/uuv_gazebo_worlds/share/uuv_gazebo_worlds/environment/ament_prefix_path.dsv
[98.172s] -- Installing: /home/isopodin-time/ros2_ws/install/uuv_gazebo_worlds/share/uuv_gazebo_worlds/environment/path.sh
[98.172s] -- Installing: /home/isopodin-time/ros2_ws/install/uuv_gazebo_worlds/share/uuv_gazebo_worlds/environment/path.dsv
[98.172s] -- Installing: /home/isopodin-time/ros2_ws/install/uuv_gazebo_worlds/share/uuv_gazebo_worlds/local_setup.bash
[98.172s] -- Installing: /home/isopodin-time/ros2_ws/install/uuv_gazebo_worlds/share/uuv_gazebo_worlds/local_setup.sh
[98.173s] -- Installing: /home/isopodin-time/ros2_ws/install/uuv_gazebo_worlds/share/uuv_gazebo_worlds/local_setup.zsh
[98.173s] -- Installing: /home/isopodin-time/ros2_ws/install/uuv_gazebo_worlds/share/uuv_gazebo_worlds/local_setup.dsv
[98.175s] -- Installing: /home/isopodin-time/ros2_ws/install/uuv_gazebo_worlds/share/uuv_gazebo_worlds/package.dsv
[98.176s] -- Installing: /home/isopodin-time/ros2_ws/install/uuv_gazebo_worlds/share/ament_index/resource_index/packages/uuv_gazebo_worlds
[98.176s] -- Installing: /home/isopodin-time/ros2_ws/install/uuv_gazebo_worlds/share/uuv_gazebo_worlds/cmake/uuv_gazebo_worldsConfig.cmake
[98.177s] -- Installing: /home/isopodin-time/ros2_ws/install/uuv_gazebo_worlds/share/uuv_gazebo_worlds/cmake/uuv_gazebo_worldsConfig-version.cmake
[98.178s] -- Installing: /home/isopodin-time/ros2_ws/install/uuv_gazebo_worlds/share/uuv_gazebo_worlds/package.xml
[98.223s] Invoked command in '/home/isopodin-time/ros2_ws/build/uuv_gazebo_worlds' returned '0': CMAKE_PREFIX_PATH=${CMAKE_PREFIX_PATH}:/opt/ros/foxy /usr/bin/cmake --install /home/isopodin-time/ros2_ws/build/uuv_gazebo_worlds
