[0.265s] Invoking command in '/home/isopodin-time/ros2_ws/build/pid_component': CMAKE_PREFIX_PATH=/home/isopodin-time/ros2_ws/install/custom_msg_srv:/home/isopodin-time/ros2_ws/install/plankton:/home/isopodin-time/ros2_ws/install/uuv_simulator:/home/isopodin-time/ros2_ws/install/uuv_world_ros_plugins:/home/isopodin-time/ros2_ws/install/uuv_tutorials:/home/isopodin-time/ros2_ws/install/uuv_tutorial_dp_controller:/home/isopodin-time/ros2_ws/install/uuv_tutorial_disturbances:/home/isopodin-time/ros2_ws/install/uuv_control_utils:/home/isopodin-time/ros2_ws/install/uuv_world_ros_plugins_msgs:/home/isopodin-time/ros2_ws/install/uuv_world_plugins:/home/isopodin-time/ros2_ws/install/uuv_tutorial_seabed_world:/home/isopodin-time/ros2_ws/install/uuv_trajectory_control:/home/isopodin-time/ros2_ws/install/uuv_teleop:/home/isopodin-time/ros2_ws/install/uuv_thruster_manager:/home/isopodin-time/ros2_ws/install/uuv_descriptions:/home/isopodin-time/ros2_ws/install/uuv_sensor_ros_plugins:/home/isopodin-time/ros2_ws/install/uuv_sensor_ros_plugins_msgs:/home/isopodin-time/ros2_ws/install/uuv_gazebo_worlds:/home/isopodin-time/ros2_ws/install/uuv_gazebo_ros_plugins:/home/isopodin-time/ros2_ws/install/uuv_gazebo_ros_plugins_msgs:/home/isopodin-time/ros2_ws/install/uuv_gazebo_plugins:/home/isopodin-time/ros2_ws/install/uuv_gazebo:/home/isopodin-time/ros2_ws/install/uuv_control_msgs:/home/isopodin-time/ros2_ws/install/uuv_control_cascaded_pid:/home/isopodin-time/ros2_ws/install/uuv_auv_control_allocator:/home/isopodin-time/ros2_ws/install/uuv_assistants:/home/isopodin-time/ros2_ws/install/muuv_sim:/home/isopodin-time/ros2_ws/install/test_sim:/home/isopodin-time/ros2_ws/install/plankton_utils:/home/isopodin-time/ros2_ws/install/pid_component:/home/isopodin-time/ros2_ws/install/muuv_sim_description:/home/isopodin-time/ros2_ws/install/muuv_sim_control:/home/isopodin-time/ros2_ws/install/muuv_ros:/opt/ros/foxy LD_LIBRARY_PATH=/home/isopodin-time/ros2_ws/install/custom_msg_srv/lib:/home/isopodin-time/ros2_ws/install/uuv_world_ros_plugins/lib:/home/isopodin-time/ros2_ws/install/uuv_world_ros_plugins_msgs/lib:/home/isopodin-time/ros2_ws/install/uuv_world_plugins/lib:/home/isopodin-time/ros2_ws/install/uuv_thruster_manager/lib:/home/isopodin-time/ros2_ws/install/uuv_sensor_ros_plugins/lib:/home/isopodin-time/ros2_ws/install/uuv_sensor_ros_plugins_msgs/lib:/home/isopodin-time/ros2_ws/install/uuv_gazebo_ros_plugins/lib:/home/isopodin-time/ros2_ws/install/uuv_gazebo_ros_plugins_msgs/lib:/home/isopodin-time/ros2_ws/install/uuv_gazebo_plugins/lib:/home/isopodin-time/ros2_ws/install/uuv_control_msgs/lib:/home/isopodin-time/ros2_ws/install/uuv_auv_control_allocator/lib:/home/isopodin-time/ros2_ws/install/pid_component/lib:/usr/lib/x86_64-linux-gnu/gazebo-11/plugins:/opt/ros/foxy/opt/yaml_cpp_vendor/lib:/opt/ros/foxy/opt/rviz_ogre_vendor/lib:/opt/ros/foxy/lib/x86_64-linux-gnu:/opt/ros/foxy/lib:/usr/lib/x86_64-linux-gnu/gazebo-11/plugins PYTHONPATH=/home/isopodin-time/ros2_ws/install/custom_msg_srv/lib/python3.8/site-packages:/home/isopodin-time/ros2_ws/install/uuv_world_ros_plugins_msgs/lib/python3.8/site-packages:/home/isopodin-time/ros2_ws/install/uuv_trajectory_control/lib/python3.8/site-packages:/home/isopodin-time/ros2_ws/install/uuv_thruster_manager/lib/python3.8/site-packages:/home/isopodin-time/ros2_ws/install/uuv_sensor_ros_plugins_msgs/lib/python3.8/site-packages:/home/isopodin-time/ros2_ws/install/uuv_gazebo_ros_plugins_msgs/lib/python3.8/site-packages:/home/isopodin-time/ros2_ws/install/uuv_control_msgs/lib/python3.8/site-packages:/home/isopodin-time/ros2_ws/install/uuv_control_cascaded_pid/lib/python3.8/site-packages:/home/isopodin-time/ros2_ws/install/uuv_auv_control_allocator/lib/python3.8/site-packages:/home/isopodin-time/ros2_ws/install/uuv_assistants/lib/python3.8/site-packages:/home/isopodin-time/ros2_ws/install/plankton_utils/lib/python3.8/site-packages:/opt/ros/foxy/lib/python3.8/site-packages /usr/bin/cmake --build /home/isopodin-time/ros2_ws/build/pid_component -- -j8 -l8
[0.320s] [35m[1mScanning dependencies of target pid_component[0m
[0.369s] [ 50%] [32mBuilding CXX object CMakeFiles/pid_component.dir/src/pid_component/pid_component.cpp.o[0m
[1.920s] In file included from [01m[K/opt/ros/foxy/include/rclcpp/node.hpp:1224[m[K,
[1.920s]                  from [01m[K/opt/ros/foxy/include/rclcpp/executors/single_threaded_executor.hpp:28[m[K,
[1.920s]                  from [01m[K/opt/ros/foxy/include/rclcpp/executors.hpp:22[m[K,
[1.920s]                  from [01m[K/opt/ros/foxy/include/rclcpp/rclcpp.hpp:146[m[K,
[1.920s]                  from [01m[K/home/isopodin-time/ros2_ws/src/pid_component/include/pid_component/pid_component.hpp:4[m[K,
[1.920s]                  from [01m[K/home/isopodin-time/ros2_ws/src/pid_component/src/pid_component/pid_component.cpp:1[m[K:
[1.920s] /opt/ros/foxy/include/rclcpp/node_impl.hpp: In instantiation of ‘[01m[Kauto rclcpp::Node::declare_parameter(const string&, const ParameterT&, const ParameterDescriptor&, bool) [with ParameterT = std::map<std::__cxx11::basic_string<char>, double>; std::string = std::__cxx11::basic_string<char>; rcl_interfaces::msg::ParameterDescriptor = rcl_interfaces::msg::ParameterDescriptor_<std::allocator<void> >][m[K’:
[1.920s] [01m[K/home/isopodin-time/ros2_ws/src/pid_component/src/pid_component/pid_component.cpp:13:50:[m[K   required from here
[1.920s] [01m[K/opt/ros/foxy/include/rclcpp/node_impl.hpp:166:15:[m[K [01;31m[Kerror: [m[Kno matching function for call to ‘[01m[Krclcpp::ParameterValue::ParameterValue(const std::map<std::__cxx11::basic_string<char>, double>&)[m[K’
[1.920s]   166 |       rclcpp::[01;31m[KParameterValue(default_value)[m[K,
[1.921s]       |               [01;31m[K^~~~~~~~~~~~~~~~~~~~~~~~~~~~~[m[K
[1.921s] In file included from [01m[K/opt/ros/foxy/include/rclcpp/parameter.hpp:26[m[K,
[1.921s]                  from [01m[K/opt/ros/foxy/include/rclcpp/node_interfaces/node_parameters_interface.hpp:28[m[K,
[1.921s]                  from [01m[K/opt/ros/foxy/include/rclcpp/node.hpp:51[m[K,
[1.921s]                  from [01m[K/opt/ros/foxy/include/rclcpp/executors/single_threaded_executor.hpp:28[m[K,
[1.921s]                  from [01m[K/opt/ros/foxy/include/rclcpp/executors.hpp:22[m[K,
[1.921s]                  from [01m[K/opt/ros/foxy/include/rclcpp/rclcpp.hpp:146[m[K,
[1.921s]                  from [01m[K/home/isopodin-time/ros2_ws/src/pid_component/include/pid_component/pid_component.hpp:4[m[K,
[1.921s]                  from [01m[K/home/isopodin-time/ros2_ws/src/pid_component/src/pid_component/pid_component.cpp:1[m[K:
[1.921s] [01m[K/opt/ros/foxy/include/rclcpp/parameter_value.hpp:121:12:[m[K [01;36m[Knote: [m[Kcandidate: ‘[01m[Krclcpp::ParameterValue::ParameterValue(const std::vector<std::__cxx11::basic_string<char> >&)[m[K’
[1.921s]   121 |   explicit [01;36m[KParameterValue[m[K(const std::vector<std::string> & string_array_value);
[1.921s]       |            [01;36m[K^~~~~~~~~~~~~~[m[K
[1.921s] [01m[K/opt/ros/foxy/include/rclcpp/parameter_value.hpp:121:60:[m[K [01;36m[Knote: [m[K  no known conversion for argument 1 from ‘[01m[Kconst std::map<std::__cxx11::basic_string<char>, double>[m[K’ to ‘[01m[Kconst std::vector<std::__cxx11::basic_string<char> >&[m[K’
[1.921s]   121 |   explicit ParameterValue([01;36m[Kconst std::vector<std::string> & string_array_value[m[K);
[1.921s]       |                           [01;36m[K~~~~~~~~~~~~~~~~~~~~~~~~~~~~~~~~~^~~~~~~~~~~~~~~~~~[m[K
[1.922s] [01m[K/opt/ros/foxy/include/rclcpp/parameter_value.hpp:118:12:[m[K [01;36m[Knote: [m[Kcandidate: ‘[01m[Krclcpp::ParameterValue::ParameterValue(const std::vector<double, std::allocator<double> >&)[m[K’
[1.922s]   118 |   explicit [01;36m[KParameterValue[m[K(const std::vector<double> & double_array_value);
[1.922s]       |            [01;36m[K^~~~~~~~~~~~~~[m[K
[1.922s] [01m[K/opt/ros/foxy/include/rclcpp/parameter_value.hpp:118:55:[m[K [01;36m[Knote: [m[K  no known conversion for argument 1 from ‘[01m[Kconst std::map<std::__cxx11::basic_string<char>, double>[m[K’ to ‘[01m[Kconst std::vector<double, std::allocator<double> >&[m[K’
[1.922s]   118 |   explicit ParameterValue([01;36m[Kconst std::vector<double> & double_array_value[m[K);
[1.922s]       |                           [01;36m[K~~~~~~~~~~~~~~~~~~~~~~~~~~~~^~~~~~~~~~~~~~~~~~[m[K
[1.922s] [01m[K/opt/ros/foxy/include/rclcpp/parameter_value.hpp:115:12:[m[K [01;36m[Knote: [m[Kcandidate: ‘[01m[Krclcpp::ParameterValue::ParameterValue(const std::vector<float>&)[m[K’
[1.922s]   115 |   explicit [01;36m[KParameterValue[m[K(const std::vector<float> & double_array_value);
[1.922s]       |            [01;36m[K^~~~~~~~~~~~~~[m[K
[1.922s] [01m[K/opt/ros/foxy/include/rclcpp/parameter_value.hpp:115:54:[m[K [01;36m[Knote: [m[K  no known conversion for argument 1 from ‘[01m[Kconst std::map<std::__cxx11::basic_string<char>, double>[m[K’ to ‘[01m[Kconst std::vector<float>&[m[K’
[1.922s]   115 |   explicit ParameterValue([01;36m[Kconst std::vector<float> & double_array_value[m[K);
[1.922s]       |                           [01;36m[K~~~~~~~~~~~~~~~~~~~~~~~~~~~^~~~~~~~~~~~~~~~~~[m[K
[1.922s] [01m[K/opt/ros/foxy/include/rclcpp/parameter_value.hpp:112:12:[m[K [01;36m[Knote: [m[Kcandidate: ‘[01m[Krclcpp::ParameterValue::ParameterValue(const std::vector<long int, std::allocator<long int> >&)[m[K’
[1.922s]   112 |   explicit [01;36m[KParameterValue[m[K(const std::vector<int64_t> & int_array_value);
[1.923s]       |            [01;36m[K^~~~~~~~~~~~~~[m[K
[1.923s] [01m[K/opt/ros/foxy/include/rclcpp/parameter_value.hpp:112:56:[m[K [01;36m[Knote: [m[K  no known conversion for argument 1 from ‘[01m[Kconst std::map<std::__cxx11::basic_string<char>, double>[m[K’ to ‘[01m[Kconst std::vector<long int, std::allocator<long int> >&[m[K’
[1.923s]   112 |   explicit ParameterValue([01;36m[Kconst std::vector<int64_t> & int_array_value[m[K);
[1.923s]       |                           [01;36m[K~~~~~~~~~~~~~~~~~~~~~~~~~~~~~^~~~~~~~~~~~~~~[m[K
[1.923s] [01m[K/opt/ros/foxy/include/rclcpp/parameter_value.hpp:109:12:[m[K [01;36m[Knote: [m[Kcandidate: ‘[01m[Krclcpp::ParameterValue::ParameterValue(const std::vector<int>&)[m[K’
[1.923s]   109 |   explicit [01;36m[KParameterValue[m[K(const std::vector<int> & int_array_value);
[1.923s]       |            [01;36m[K^~~~~~~~~~~~~~[m[K
[1.923s] [01m[K/opt/ros/foxy/include/rclcpp/parameter_value.hpp:109:52:[m[K [01;36m[Knote: [m[K  no known conversion for argument 1 from ‘[01m[Kconst std::map<std::__cxx11::basic_string<char>, double>[m[K’ to ‘[01m[Kconst std::vector<int>&[m[K’
[1.923s]   109 |   explicit ParameterValue([01;36m[Kconst std::vector<int> & int_array_value[m[K);
[1.924s]       |                           [01;36m[K~~~~~~~~~~~~~~~~~~~~~~~~~^~~~~~~~~~~~~~~[m[K
[1.924s] [01m[K/opt/ros/foxy/include/rclcpp/parameter_value.hpp:106:12:[m[K [01;36m[Knote: [m[Kcandidate: ‘[01m[Krclcpp::ParameterValue::ParameterValue(const std::vector<bool, std::allocator<bool> >&)[m[K’
[1.924s]   106 |   explicit [01;36m[KParameterValue[m[K(const std::vector<bool> & bool_array_value);
[1.924s]       |            [01;36m[K^~~~~~~~~~~~~~[m[K
[1.924s] [01m[K/opt/ros/foxy/include/rclcpp/parameter_value.hpp:106:53:[m[K [01;36m[Knote: [m[K  no known conversion for argument 1 from ‘[01m[Kconst std::map<std::__cxx11::basic_string<char>, double>[m[K’ to ‘[01m[Kconst std::vector<bool, std::allocator<bool> >&[m[K’
[1.924s]   106 |   explicit ParameterValue([01;36m[Kconst std::vector<bool> & bool_array_value[m[K);
[1.924s]       |                           [01;36m[K~~~~~~~~~~~~~~~~~~~~~~~~~~^~~~~~~~~~~~~~~~[m[K
[1.924s] [01m[K/opt/ros/foxy/include/rclcpp/parameter_value.hpp:103:12:[m[K [01;36m[Knote: [m[Kcandidate: ‘[01m[Krclcpp::ParameterValue::ParameterValue(const std::vector<unsigned char, std::allocator<unsigned char> >&)[m[K’
[1.925s]   103 |   explicit [01;36m[KParameterValue[m[K(const std::vector<uint8_t> & byte_array_value);
[1.925s]       |            [01;36m[K^~~~~~~~~~~~~~[m[K
[1.925s] [01m[K/opt/ros/foxy/include/rclcpp/parameter_value.hpp:103:56:[m[K [01;36m[Knote: [m[K  no known conversion for argument 1 from ‘[01m[Kconst std::map<std::__cxx11::basic_string<char>, double>[m[K’ to ‘[01m[Kconst std::vector<unsigned char, std::allocator<unsigned char> >&[m[K’
[1.925s]   103 |   explicit ParameterValue([01;36m[Kconst std::vector<uint8_t> & byte_array_value[m[K);
[1.925s]       |                           [01;36m[K~~~~~~~~~~~~~~~~~~~~~~~~~~~~~^~~~~~~~~~~~~~~~[m[K
[1.925s] [01m[K/opt/ros/foxy/include/rclcpp/parameter_value.hpp:100:12:[m[K [01;36m[Knote: [m[Kcandidate: ‘[01m[Krclcpp::ParameterValue::ParameterValue(const char*)[m[K’
[1.925s]   100 |   explicit [01;36m[KParameterValue[m[K(const char * string_value);
[1.925s]       |            [01;36m[K^~~~~~~~~~~~~~[m[K
[1.925s] [01m[K/opt/ros/foxy/include/rclcpp/parameter_value.hpp:100:40:[m[K [01;36m[Knote: [m[K  no known conversion for argument 1 from ‘[01m[Kconst std::map<std::__cxx11::basic_string<char>, double>[m[K’ to ‘[01m[Kconst char*[m[K’
[1.925s]   100 |   explicit ParameterValue([01;36m[Kconst char * string_value[m[K);
[1.925s]       |                           [01;36m[K~~~~~~~~~~~~~^~~~~~~~~~~~[m[K
[1.926s] [01m[K/opt/ros/foxy/include/rclcpp/parameter_value.hpp:97:12:[m[K [01;36m[Knote: [m[Kcandidate: ‘[01m[Krclcpp::ParameterValue::ParameterValue(const string&)[m[K’
[1.926s]    97 |   explicit [01;36m[KParameterValue[m[K(const std::string & string_value);
[1.926s]       |            [01;36m[K^~~~~~~~~~~~~~[m[K
[1.926s] [01m[K/opt/ros/foxy/include/rclcpp/parameter_value.hpp:97:47:[m[K [01;36m[Knote: [m[K  no known conversion for argument 1 from ‘[01m[Kconst std::map<std::__cxx11::basic_string<char>, double>[m[K’ to ‘[01m[Kconst string&[m[K’ {aka ‘[01m[Kconst std::__cxx11::basic_string<char>&[m[K’}
[1.926s]    97 |   explicit ParameterValue([01;36m[Kconst std::string & string_value[m[K);
[1.926s]       |                           [01;36m[K~~~~~~~~~~~~~~~~~~~~^~~~~~~~~~~~[m[K
[1.926s] [01m[K/opt/ros/foxy/include/rclcpp/parameter_value.hpp:94:12:[m[K [01;36m[Knote: [m[Kcandidate: ‘[01m[Krclcpp::ParameterValue::ParameterValue(double)[m[K’
[1.926s]    94 |   explicit [01;36m[KParameterValue[m[K(const double double_value);
[1.926s]       |            [01;36m[K^~~~~~~~~~~~~~[m[K
[1.926s] [01m[K/opt/ros/foxy/include/rclcpp/parameter_value.hpp:94:40:[m[K [01;36m[Knote: [m[K  no known conversion for argument 1 from ‘[01m[Kconst std::map<std::__cxx11::basic_string<char>, double>[m[K’ to ‘[01m[Kdouble[m[K’
[1.926s]    94 |   explicit ParameterValue([01;36m[Kconst double double_value[m[K);
[1.926s]       |                           [01;36m[K~~~~~~~~~~~~~^~~~~~~~~~~~[m[K
[1.926s] [01m[K/opt/ros/foxy/include/rclcpp/parameter_value.hpp:91:12:[m[K [01;36m[Knote: [m[Kcandidate: ‘[01m[Krclcpp::ParameterValue::ParameterValue(float)[m[K’
[1.926s]    91 |   explicit [01;36m[KParameterValue[m[K(const float double_value);
[1.926s]       |            [01;36m[K^~~~~~~~~~~~~~[m[K
[1.926s] [01m[K/opt/ros/foxy/include/rclcpp/parameter_value.hpp:91:39:[m[K [01;36m[Knote: [m[K  no known conversion for argument 1 from ‘[01m[Kconst std::map<std::__cxx11::basic_string<char>, double>[m[K’ to ‘[01m[Kfloat[m[K’
[1.927s]    91 |   explicit ParameterValue([01;36m[Kconst float double_value[m[K);
[1.927s]       |                           [01;36m[K~~~~~~~~~~~~^~~~~~~~~~~~[m[K
[1.927s] [01m[K/opt/ros/foxy/include/rclcpp/parameter_value.hpp:88:12:[m[K [01;36m[Knote: [m[Kcandidate: ‘[01m[Krclcpp::ParameterValue::ParameterValue(int64_t)[m[K’
[1.927s]    88 |   explicit [01;36m[KParameterValue[m[K(const int64_t int_value);
[1.927s]       |            [01;36m[K^~~~~~~~~~~~~~[m[K
[1.927s] [01m[K/opt/ros/foxy/include/rclcpp/parameter_value.hpp:88:41:[m[K [01;36m[Knote: [m[K  no known conversion for argument 1 from ‘[01m[Kconst std::map<std::__cxx11::basic_string<char>, double>[m[K’ to ‘[01m[Kint64_t[m[K’ {aka ‘[01m[Klong int[m[K’}
[1.927s]    88 |   explicit ParameterValue([01;36m[Kconst int64_t int_value[m[K);
[1.927s]       |                           [01;36m[K~~~~~~~~~~~~~~^~~~~~~~~[m[K
[1.927s] [01m[K/opt/ros/foxy/include/rclcpp/parameter_value.hpp:85:12:[m[K [01;36m[Knote: [m[Kcandidate: ‘[01m[Krclcpp::ParameterValue::ParameterValue(int)[m[K’
[1.927s]    85 |   explicit [01;36m[KParameterValue[m[K(const int int_value);
[1.927s]       |            [01;36m[K^~~~~~~~~~~~~~[m[K
[1.927s] [01m[K/opt/ros/foxy/include/rclcpp/parameter_value.hpp:85:37:[m[K [01;36m[Knote: [m[K  no known conversion for argument 1 from ‘[01m[Kconst std::map<std::__cxx11::basic_string<char>, double>[m[K’ to ‘[01m[Kint[m[K’
[1.927s]    85 |   explicit ParameterValue([01;36m[Kconst int int_value[m[K);
[1.927s]       |                           [01;36m[K~~~~~~~~~~^~~~~~~~~[m[K
[1.927s] [01m[K/opt/ros/foxy/include/rclcpp/parameter_value.hpp:82:12:[m[K [01;36m[Knote: [m[Kcandidate: ‘[01m[Krclcpp::ParameterValue::ParameterValue(bool)[m[K’
[1.928s]    82 |   explicit [01;36m[KParameterValue[m[K(const bool bool_value);
[1.928s]       |            [01;36m[K^~~~~~~~~~~~~~[m[K
[1.928s] [01m[K/opt/ros/foxy/include/rclcpp/parameter_value.hpp:82:38:[m[K [01;36m[Knote: [m[K  no known conversion for argument 1 from ‘[01m[Kconst std::map<std::__cxx11::basic_string<char>, double>[m[K’ to ‘[01m[Kbool[m[K’
[1.928s]    82 |   explicit ParameterValue([01;36m[Kconst bool bool_value[m[K);
[1.928s]       |                           [01;36m[K~~~~~~~~~~~^~~~~~~~~~[m[K
[1.928s] [01m[K/opt/ros/foxy/include/rclcpp/parameter_value.hpp:79:12:[m[K [01;36m[Knote: [m[Kcandidate: ‘[01m[Krclcpp::ParameterValue::ParameterValue(const ParameterValue&)[m[K’
[1.928s]    79 |   explicit [01;36m[KParameterValue[m[K(const rcl_interfaces::msg::ParameterValue & value);
[1.928s]       |            [01;36m[K^~~~~~~~~~~~~~[m[K
[1.928s] [01m[K/opt/ros/foxy/include/rclcpp/parameter_value.hpp:79:71:[m[K [01;36m[Knote: [m[K  no known conversion for argument 1 from ‘[01m[Kconst std::map<std::__cxx11::basic_string<char>, double>[m[K’ to ‘[01m[Kconst ParameterValue&[m[K’ {aka ‘[01m[Kconst rcl_interfaces::msg::ParameterValue_<std::allocator<void> >&[m[K’}
[1.928s]    79 |   explicit ParameterValue([01;36m[Kconst rcl_interfaces::msg::ParameterValue & value[m[K);
[1.928s]       |                           [01;36m[K~~~~~~~~~~~~~~~~~~~~~~~~~~~~~~~~~~~~~~~~~~~~^~~~~[m[K
[1.928s] [01m[K/opt/ros/foxy/include/rclcpp/parameter_value.hpp:76:3:[m[K [01;36m[Knote: [m[Kcandidate: ‘[01m[Krclcpp::ParameterValue::ParameterValue()[m[K’
[1.928s]    76 |   [01;36m[KParameterValue[m[K();
[1.928s]       |   [01;36m[K^~~~~~~~~~~~~~[m[K
[1.929s] [01m[K/opt/ros/foxy/include/rclcpp/parameter_value.hpp:76:3:[m[K [01;36m[Knote: [m[K  candidate expects 0 arguments, 1 provided
[1.929s] [01m[K/opt/ros/foxy/include/rclcpp/parameter_value.hpp:71:7:[m[K [01;36m[Knote: [m[Kcandidate: ‘[01m[Krclcpp::ParameterValue::ParameterValue(const rclcpp::ParameterValue&)[m[K’
[1.929s]    71 | class [01;36m[KParameterValue[m[K
[1.929s]       |       [01;36m[K^~~~~~~~~~~~~~[m[K
[1.929s] [01m[K/opt/ros/foxy/include/rclcpp/parameter_value.hpp:71:7:[m[K [01;36m[Knote: [m[K  no known conversion for argument 1 from ‘[01m[Kconst std::map<std::__cxx11::basic_string<char>, double>[m[K’ to ‘[01m[Kconst rclcpp::ParameterValue&[m[K’
[1.929s] [01m[K/opt/ros/foxy/include/rclcpp/parameter_value.hpp:71:7:[m[K [01;36m[Knote: [m[Kcandidate: ‘[01m[Krclcpp::ParameterValue::ParameterValue(rclcpp::ParameterValue&&)[m[K’
[1.929s] [01m[K/opt/ros/foxy/include/rclcpp/parameter_value.hpp:71:7:[m[K [01;36m[Knote: [m[K  no known conversion for argument 1 from ‘[01m[Kconst std::map<std::__cxx11::basic_string<char>, double>[m[K’ to ‘[01m[Krclcpp::ParameterValue&&[m[K’
[3.553s] make[2]: *** [CMakeFiles/pid_component.dir/build.make:63: CMakeFiles/pid_component.dir/src/pid_component/pid_component.cpp.o] Error 1
[3.553s] make[1]: *** [CMakeFiles/Makefile2:78: CMakeFiles/pid_component.dir/all] Error 2
[3.554s] make: *** [Makefile:141: all] Error 2
[3.556s] Invoked command in '/home/isopodin-time/ros2_ws/build/pid_component' returned '2': CMAKE_PREFIX_PATH=/home/isopodin-time/ros2_ws/install/custom_msg_srv:/home/isopodin-time/ros2_ws/install/plankton:/home/isopodin-time/ros2_ws/install/uuv_simulator:/home/isopodin-time/ros2_ws/install/uuv_world_ros_plugins:/home/isopodin-time/ros2_ws/install/uuv_tutorials:/home/isopodin-time/ros2_ws/install/uuv_tutorial_dp_controller:/home/isopodin-time/ros2_ws/install/uuv_tutorial_disturbances:/home/isopodin-time/ros2_ws/install/uuv_control_utils:/home/isopodin-time/ros2_ws/install/uuv_world_ros_plugins_msgs:/home/isopodin-time/ros2_ws/install/uuv_world_plugins:/home/isopodin-time/ros2_ws/install/uuv_tutorial_seabed_world:/home/isopodin-time/ros2_ws/install/uuv_trajectory_control:/home/isopodin-time/ros2_ws/install/uuv_teleop:/home/isopodin-time/ros2_ws/install/uuv_thruster_manager:/home/isopodin-time/ros2_ws/install/uuv_descriptions:/home/isopodin-time/ros2_ws/install/uuv_sensor_ros_plugins:/home/isopodin-time/ros2_ws/install/uuv_sensor_ros_plugins_msgs:/home/isopodin-time/ros2_ws/install/uuv_gazebo_worlds:/home/isopodin-time/ros2_ws/install/uuv_gazebo_ros_plugins:/home/isopodin-time/ros2_ws/install/uuv_gazebo_ros_plugins_msgs:/home/isopodin-time/ros2_ws/install/uuv_gazebo_plugins:/home/isopodin-time/ros2_ws/install/uuv_gazebo:/home/isopodin-time/ros2_ws/install/uuv_control_msgs:/home/isopodin-time/ros2_ws/install/uuv_control_cascaded_pid:/home/isopodin-time/ros2_ws/install/uuv_auv_control_allocator:/home/isopodin-time/ros2_ws/install/uuv_assistants:/home/isopodin-time/ros2_ws/install/muuv_sim:/home/isopodin-time/ros2_ws/install/test_sim:/home/isopodin-time/ros2_ws/install/plankton_utils:/home/isopodin-time/ros2_ws/install/pid_component:/home/isopodin-time/ros2_ws/install/muuv_sim_description:/home/isopodin-time/ros2_ws/install/muuv_sim_control:/home/isopodin-time/ros2_ws/install/muuv_ros:/opt/ros/foxy LD_LIBRARY_PATH=/home/isopodin-time/ros2_ws/install/custom_msg_srv/lib:/home/isopodin-time/ros2_ws/install/uuv_world_ros_plugins/lib:/home/isopodin-time/ros2_ws/install/uuv_world_ros_plugins_msgs/lib:/home/isopodin-time/ros2_ws/install/uuv_world_plugins/lib:/home/isopodin-time/ros2_ws/install/uuv_thruster_manager/lib:/home/isopodin-time/ros2_ws/install/uuv_sensor_ros_plugins/lib:/home/isopodin-time/ros2_ws/install/uuv_sensor_ros_plugins_msgs/lib:/home/isopodin-time/ros2_ws/install/uuv_gazebo_ros_plugins/lib:/home/isopodin-time/ros2_ws/install/uuv_gazebo_ros_plugins_msgs/lib:/home/isopodin-time/ros2_ws/install/uuv_gazebo_plugins/lib:/home/isopodin-time/ros2_ws/install/uuv_control_msgs/lib:/home/isopodin-time/ros2_ws/install/uuv_auv_control_allocator/lib:/home/isopodin-time/ros2_ws/install/pid_component/lib:/usr/lib/x86_64-linux-gnu/gazebo-11/plugins:/opt/ros/foxy/opt/yaml_cpp_vendor/lib:/opt/ros/foxy/opt/rviz_ogre_vendor/lib:/opt/ros/foxy/lib/x86_64-linux-gnu:/opt/ros/foxy/lib:/usr/lib/x86_64-linux-gnu/gazebo-11/plugins PYTHONPATH=/home/isopodin-time/ros2_ws/install/custom_msg_srv/lib/python3.8/site-packages:/home/isopodin-time/ros2_ws/install/uuv_world_ros_plugins_msgs/lib/python3.8/site-packages:/home/isopodin-time/ros2_ws/install/uuv_trajectory_control/lib/python3.8/site-packages:/home/isopodin-time/ros2_ws/install/uuv_thruster_manager/lib/python3.8/site-packages:/home/isopodin-time/ros2_ws/install/uuv_sensor_ros_plugins_msgs/lib/python3.8/site-packages:/home/isopodin-time/ros2_ws/install/uuv_gazebo_ros_plugins_msgs/lib/python3.8/site-packages:/home/isopodin-time/ros2_ws/install/uuv_control_msgs/lib/python3.8/site-packages:/home/isopodin-time/ros2_ws/install/uuv_control_cascaded_pid/lib/python3.8/site-packages:/home/isopodin-time/ros2_ws/install/uuv_auv_control_allocator/lib/python3.8/site-packages:/home/isopodin-time/ros2_ws/install/uuv_assistants/lib/python3.8/site-packages:/home/isopodin-time/ros2_ws/install/plankton_utils/lib/python3.8/site-packages:/opt/ros/foxy/lib/python3.8/site-packages /usr/bin/cmake --build /home/isopodin-time/ros2_ws/build/pid_component -- -j8 -l8
