[0.062s] Invoking command in '/home/isopodin-time/ros2_ws/build/muuv_ros': CMAKE_PREFIX_PATH=${CMAKE_PREFIX_PATH}:/opt/ros/foxy /usr/bin/cmake --build /home/isopodin-time/ros2_ws/build/muuv_ros -- -j8 -l8
[0.122s] -- Found ament_cmake: 0.9.12 (/opt/ros/foxy/share/ament_cmake/cmake)
[0.161s] -- Using PYTHON_EXECUTABLE: /usr/bin/python3
[0.532s] -- Found rclcpp: 2.4.3 (/opt/ros/foxy/share/rclcpp/cmake)
[0.958s] -- Using all available rosidl_typesupport_c: rosidl_typesupport_fastrtps_c;rosidl_typesupport_introspection_c
[0.968s] -- Found rosidl_adapter: 1.3.1 (/opt/ros/foxy/share/rosidl_adapter/cmake)
[15.730s] -- Using all available rosidl_typesupport_cpp: rosidl_typesupport_fastrtps_cpp;rosidl_typesupport_introspection_cpp
[15.818s] -- Found rmw_implementation_cmake: 1.0.4 (/opt/ros/foxy/share/rmw_implementation_cmake/cmake)
[15.824s] -- Using RMW implementation 'rmw_fastrtps_cpp' as default
[16.044s] -- Found geometry_msgs: 2.0.5 (/opt/ros/foxy/share/geometry_msgs/cmake)
[16.101s] -- Found sensor_msgs: 2.0.5 (/opt/ros/foxy/share/sensor_msgs/cmake)
[16.188s] -- Found control_toolbox: 2.2.0 (/opt/ros/foxy/share/control_toolbox/cmake)
[16.900s] -- Configuring done
[16.957s] -- Generating done
[16.960s] -- Build files have been written to: /home/isopodin-time/ros2_ws/build/muuv_ros
[17.003s] [35m[1mScanning dependencies of target sensors[0m
[17.004s] [35m[1mScanning dependencies of target thrusters[0m
[17.005s] [35m[1mScanning dependencies of target pid[0m
[17.034s] [ 11%] [32mBuilding CXX object CMakeFiles/thrusters.dir/src/muuv_ros/thrusters.cpp.o[0m
[17.035s] [ 22%] [32mBuilding CXX object CMakeFiles/thrusters.dir/src/raspi_dma_pwm/raspi_dma_pwm.cpp.o[0m
[17.037s] [ 33%] [32mBuilding CXX object CMakeFiles/sensors.dir/src/xsens_mti_i2c/Xbus.cpp.o[0m
[17.037s] [ 44%] [32mBuilding CXX object CMakeFiles/sensors.dir/src/muuv_ros/sensors.cpp.o[0m
[17.046s] [ 55%] [32mBuilding CXX object CMakeFiles/sensors.dir/src/xsens_mti_i2c/MTi.cpp.o[0m
[17.074s] [ 66%] [32mBuilding CXX object CMakeFiles/pid.dir/src/muuv_ros/pid_node.cpp.o[0m
[17.741s] [01m[K/home/isopodin-time/ros2_ws/src/muuv_ros/src/xsens_mti_i2c/Xbus.cpp:[m[K In member function ‘[01m[Kuint8_t Xbus::parseNotification(char*)[m[K’:
[17.742s] [01m[K/home/isopodin-time/ros2_ws/src/muuv_ros/src/xsens_mti_i2c/Xbus.cpp:170:23:[m[K [01;35m[Kwarning: [m[Kcomparison of integer expressions of different signedness: ‘[01m[Kint[m[K’ and ‘[01m[Klong unsigned int[m[K’ [[01;35m[K-Wsign-compare[m[K]
[17.742s]   170 |     for (int i = 0; [01;35m[Ki < sizeof(notif)[m[K; i++)
[17.742s]       |                     [01;35m[K~~^~~~~~~~~~~~~~~[m[K
[17.748s] [01m[K/home/isopodin-time/ros2_ws/src/muuv_ros/src/xsens_mti_i2c/Xbus.cpp:[m[K In member function ‘[01m[Kvoid Xbus::dataswapendian(char*, uint8_t)[m[K’:
[17.748s] [01m[K/home/isopodin-time/ros2_ws/src/muuv_ros/src/xsens_mti_i2c/Xbus.cpp:241:11:[m[K [01;35m[Kwarning: [m[KISO C++ forbids variable length array ‘[01m[Kcpy[m[K’ [[01;35m[K-Wvla[m[K]
[17.748s]   241 |   uint8_t [01;35m[Kcpy[m[K[length];       // Create a copy of the data
[17.748s]       |           [01;35m[K^~~[m[K
[17.969s] [01m[K/home/isopodin-time/ros2_ws/src/muuv_ros/src/xsens_mti_i2c/MTi.cpp:[m[K In member function ‘[01m[Kbool MTi::sendMessage(char*, uint8_t)[m[K’:
[17.969s] [01m[K/home/isopodin-time/ros2_ws/src/muuv_ros/src/xsens_mti_i2c/MTi.cpp:478:8:[m[K [01;35m[Kwarning: [m[KISO C++ forbids variable length array ‘[01m[Kmessage_cs[m[K’ [[01;35m[K-Wvla[m[K]
[17.969s]   478 |   char [01;35m[Kmessage_cs[m[K[numBytes + 2] = {0};
[17.969s]       |        [01;35m[K^~~~~~~~~~[m[K
[21.330s] [ 77%] [32m[1mLinking CXX executable pid[0m
[21.912s] /usr/bin/ld: /usr/lib/gcc/x86_64-linux-gnu/9/../../../x86_64-linux-gnu/Scrt1.o: in function `_start':
[21.912s] (.text+0x24): undefined reference to `main'
[21.913s] collect2: error: ld returned 1 exit status
[21.916s] make[2]: *** [CMakeFiles/pid.dir/build.make:171: pid] Error 1
[21.916s] make[1]: *** [CMakeFiles/Makefile2:82: CMakeFiles/pid.dir/all] Error 2
[21.917s] make[1]: *** Waiting for unfinished jobs....
[24.180s] [ 88%] [32m[1mLinking CXX executable sensors[0m
[24.998s] [ 88%] Built target sensors
[27.594s] [100%] [32m[1mLinking CXX executable thrusters[0m
[28.516s] [100%] Built target thrusters
[28.518s] make: *** [Makefile:141: all] Error 2
[28.528s] Invoked command in '/home/isopodin-time/ros2_ws/build/muuv_ros' returned '2': CMAKE_PREFIX_PATH=${CMAKE_PREFIX_PATH}:/opt/ros/foxy /usr/bin/cmake --build /home/isopodin-time/ros2_ws/build/muuv_ros -- -j8 -l8
