[0.050s] Invoking command in '/home/isopodin-time/ros2_ws/build/muuv_sim_description': CMAKE_PREFIX_PATH=${CMAKE_PREFIX_PATH}:/opt/ros/foxy /usr/bin/cmake --build /home/isopodin-time/ros2_ws/build/muuv_sim_description -- -j8 -l8
[0.109s] Invoked command in '/home/isopodin-time/ros2_ws/build/muuv_sim_description' returned '0': CMAKE_PREFIX_PATH=${CMAKE_PREFIX_PATH}:/opt/ros/foxy /usr/bin/cmake --build /home/isopodin-time/ros2_ws/build/muuv_sim_description -- -j8 -l8
[0.155s] Invoking command in '/home/isopodin-time/ros2_ws/build/muuv_sim_description': CMAKE_PREFIX_PATH=${CMAKE_PREFIX_PATH}:/opt/ros/foxy /usr/bin/cmake --install /home/isopodin-time/ros2_ws/build/muuv_sim_description
[0.165s] -- Install configuration: ""
[0.165s] -- Up-to-date: /home/isopodin-time/ros2_ws/install/muuv_sim_description/share/ament_index/resource_index/package_run_dependencies/muuv_sim_description
[0.165s] -- Up-to-date: /home/isopodin-time/ros2_ws/install/muuv_sim_description/share/ament_index/resource_index/parent_prefix_path/muuv_sim_description
[0.166s] -- Up-to-date: /home/isopodin-time/ros2_ws/install/muuv_sim_description/share/muuv_sim_description/environment/ament_prefix_path.sh
[0.166s] -- Up-to-date: /home/isopodin-time/ros2_ws/install/muuv_sim_description/share/muuv_sim_description/environment/ament_prefix_path.dsv
[0.166s] -- Up-to-date: /home/isopodin-time/ros2_ws/install/muuv_sim_description/share/muuv_sim_description/environment/path.sh
[0.166s] -- Up-to-date: /home/isopodin-time/ros2_ws/install/muuv_sim_description/share/muuv_sim_description/environment/path.dsv
[0.167s] -- Up-to-date: /home/isopodin-time/ros2_ws/install/muuv_sim_description/share/muuv_sim_description/local_setup.bash
[0.167s] -- Up-to-date: /home/isopodin-time/ros2_ws/install/muuv_sim_description/share/muuv_sim_description/local_setup.sh
[0.167s] -- Up-to-date: /home/isopodin-time/ros2_ws/install/muuv_sim_description/share/muuv_sim_description/local_setup.zsh
[0.167s] -- Up-to-date: /home/isopodin-time/ros2_ws/install/muuv_sim_description/share/muuv_sim_description/local_setup.dsv
[0.167s] -- Up-to-date: /home/isopodin-time/ros2_ws/install/muuv_sim_description/share/muuv_sim_description/package.dsv
[0.167s] -- Up-to-date: /home/isopodin-time/ros2_ws/install/muuv_sim_description/share/ament_index/resource_index/packages/muuv_sim_description
[0.167s] -- Up-to-date: /home/isopodin-time/ros2_ws/install/muuv_sim_description/share/muuv_sim_description/cmake/muuv_sim_descriptionConfig.cmake
[0.167s] -- Up-to-date: /home/isopodin-time/ros2_ws/install/muuv_sim_description/share/muuv_sim_description/cmake/muuv_sim_descriptionConfig-version.cmake
[0.167s] -- Up-to-date: /home/isopodin-time/ros2_ws/install/muuv_sim_description/share/muuv_sim_description/package.xml
[0.169s] Invoked command in '/home/isopodin-time/ros2_ws/build/muuv_sim_description' returned '0': CMAKE_PREFIX_PATH=${CMAKE_PREFIX_PATH}:/opt/ros/foxy /usr/bin/cmake --install /home/isopodin-time/ros2_ws/build/muuv_sim_description
