[0.041s] Invoking command in '/home/isopodin-time/ros2_ws/build/muuv_ros': CMAKE_PREFIX_PATH=${CMAKE_PREFIX_PATH}:/opt/ros/foxy /usr/bin/cmake --build /home/isopodin-time/ros2_ws/build/muuv_ros -- -j8 -l8
[0.129s] [35m[1mScanning dependencies of target sensors[0m
[0.168s] [ 22%] Built target pid
[0.168s] [ 55%] Built target thrusters
[0.212s] [ 77%] [32mBuilding CXX object CMakeFiles/sensors.dir/src/muuv_ros/sensors.cpp.o[0m
[0.212s] [ 77%] [32mBuilding CXX object CMakeFiles/sensors.dir/src/xsens_mti_i2c/Xbus.cpp.o[0m
[0.213s] [ 88%] [32mBuilding CXX object CMakeFiles/sensors.dir/src/xsens_mti_i2c/MTi.cpp.o[0m
[0.706s] [01m[K/home/isopodin-time/ros2_ws/src/muuv_ros/src/xsens_mti_i2c/Xbus.cpp:[m[K In member function ‘[01m[Kvoid Xbus::dataswapendian(char*, uint8_t)[m[K’:
[0.706s] [01m[K/home/isopodin-time/ros2_ws/src/muuv_ros/src/xsens_mti_i2c/Xbus.cpp:241:11:[m[K [01;35m[Kwarning: [m[KISO C++ forbids variable length array ‘[01m[Kcpy[m[K’ [[01;35m[K-Wvla[m[K]
[0.706s]   241 |   uint8_t [01;35m[Kcpy[m[K[length];       // Create a copy of the data
[0.706s]       |           [01;35m[K^~~[m[K
[0.954s] [01m[K/home/isopodin-time/ros2_ws/src/muuv_ros/src/xsens_mti_i2c/MTi.cpp:[m[K In member function ‘[01m[Kvoid MTi::reset()[m[K’:
[0.955s] [01m[K/home/isopodin-time/ros2_ws/src/muuv_ros/src/xsens_mti_i2c/MTi.cpp:60:55:[m[K [01;31m[Kerror: [m[Knarrowing conversion of ‘[01m[K+QNaNf[m[K’ from ‘[01m[Kfloat[m[K’ to ‘[01m[Kchar[m[K’ [[01;31m[K-Wnarrowing[m[K]
[0.955s]    60 |   char reset[4] = {XSENS_CONTROL_PIPE, 0x40, 0x00, NAN[01;31m[K}[m[K; // goToConfig Xbus message
[0.955s]       |                                                       [01;31m[K^[m[K
[0.956s] [01m[K/home/isopodin-time/ros2_ws/src/muuv_ros/src/xsens_mti_i2c/MTi.cpp:[m[K In member function ‘[01m[Kvoid MTi::goToConfig()[m[K’:
[0.956s] [01m[K/home/isopodin-time/ros2_ws/src/muuv_ros/src/xsens_mti_i2c/MTi.cpp:74:60:[m[K [01;31m[Kerror: [m[Knarrowing conversion of ‘[01m[K+QNaNf[m[K’ from ‘[01m[Kfloat[m[K’ to ‘[01m[Kchar[m[K’ [[01;31m[K-Wnarrowing[m[K]
[0.956s]    74 |   char goToConfig[4] = {XSENS_CONTROL_PIPE, 0x30, 0x00, NAN[01;31m[K}[m[K; // goToConfig Xbus message
[0.956s]       |                                                            [01;31m[K^[m[K
[0.957s] [01m[K/home/isopodin-time/ros2_ws/src/muuv_ros/src/xsens_mti_i2c/MTi.cpp:[m[K In member function ‘[01m[Kvoid MTi::requestDeviceInfo()[m[K’:
[0.957s] [01m[K/home/isopodin-time/ros2_ws/src/muuv_ros/src/xsens_mti_i2c/MTi.cpp:96:58:[m[K [01;31m[Kerror: [m[Knarrowing conversion of ‘[01m[K+QNaNf[m[K’ from ‘[01m[Kfloat[m[K’ to ‘[01m[Kchar[m[K’ [[01;31m[K-Wnarrowing[m[K]
[0.957s]    96 |   char reqFWRev[4] = {XSENS_CONTROL_PIPE, 0x12, 0x00, NAN[01;31m[K}[m[K; // reqFWRev Xbus message
[0.958s]       |                                                          [01;31m[K^[m[K
[0.958s] [01m[K/home/isopodin-time/ros2_ws/src/muuv_ros/src/xsens_mti_i2c/MTi.cpp:107:64:[m[K [01;31m[Kerror: [m[Knarrowing conversion of ‘[01m[K+QNaNf[m[K’ from ‘[01m[Kfloat[m[K’ to ‘[01m[Kchar[m[K’ [[01;31m[K-Wnarrowing[m[K]
[0.958s]   107 |   char reqProductCode[4] = {XSENS_CONTROL_PIPE, 0x1C, 0x00, NAN[01;31m[K}[m[K; // reqProductCode Xbus message
[0.958s]       |                                                                [01;31m[K^[m[K
[0.959s] [01m[K/home/isopodin-time/ros2_ws/src/muuv_ros/src/xsens_mti_i2c/MTi.cpp:[m[K In member function ‘[01m[Kvoid MTi::disableAutoMeas()[m[K’:
[0.959s] [01m[K/home/isopodin-time/ros2_ws/src/muuv_ros/src/xsens_mti_i2c/MTi.cpp:128:109:[m[K [01;31m[Kerror: [m[Knarrowing conversion of ‘[01m[K+QNaNf[m[K’ from ‘[01m[Kfloat[m[K’ to ‘[01m[Kchar[m[K’ [[01;31m[K-Wnarrowing[m[K]
[0.959s]   128 |   char optionFlag[12] = {XSENS_CONTROL_PIPE, 0x48, 0x08, 0x00, 0x00, 0x02, 0x02, 0x00, 0x00, 0x00, 0x00, NAN[01;31m[K}[m[K;
[0.960s]       |                                                                                                             [01;31m[K^[m[K
[0.960s] [01m[K/home/isopodin-time/ros2_ws/src/muuv_ros/src/xsens_mti_i2c/MTi.cpp:[m[K In member function ‘[01m[Kvoid MTi::enableICC()[m[K’:
[0.960s] [01m[K/home/isopodin-time/ros2_ws/src/muuv_ros/src/xsens_mti_i2c/MTi.cpp:146:112:[m[K [01;31m[Kerror: [m[Knarrowing conversion of ‘[01m[K+QNaNf[m[K’ from ‘[01m[Kfloat[m[K’ to ‘[01m[Kuint8_t[m[K’ {aka ‘[01m[Kunsigned char[m[K’} [[01;31m[K-Wnarrowing[m[K]
[0.960s]   146 |   uint8_t optionFlag[12] = {XSENS_CONTROL_PIPE, 0x48, 0x08, 0x00, 0x00, 0x80, 0x00, 0x00, 0x00, 0x00, 0x00, NAN[01;31m[K}[m[K;
[0.960s]       |                                                                                                                [01;31m[K^[m[K
[0.961s] [01m[K/home/isopodin-time/ros2_ws/src/muuv_ros/src/xsens_mti_i2c/MTi.cpp:[m[K In member function ‘[01m[Kvoid MTi::getOptionFlags()[m[K’:
[0.961s] [01m[K/home/isopodin-time/ros2_ws/src/muuv_ros/src/xsens_mti_i2c/MTi.cpp:167:60:[m[K [01;31m[Kerror: [m[Knarrowing conversion of ‘[01m[K+QNaNf[m[K’ from ‘[01m[Kfloat[m[K’ to ‘[01m[Kchar[m[K’ [[01;31m[K-Wnarrowing[m[K]
[0.961s]   167 |   char optionFlag[4] = {XSENS_CONTROL_PIPE, 0x48, 0x00, NAN[01;31m[K}[m[K;
[0.961s]       |                                                            [01;31m[K^[m[K
[0.961s] [01m[K/home/isopodin-time/ros2_ws/src/muuv_ros/src/xsens_mti_i2c/MTi.cpp:[m[K In member function ‘[01m[Kvoid MTi::restoreDefauts()[m[K’:
[0.962s] [01m[K/home/isopodin-time/ros2_ws/src/muuv_ros/src/xsens_mti_i2c/MTi.cpp:183:64:[m[K [01;31m[Kerror: [m[Knarrowing conversion of ‘[01m[K+QNaNf[m[K’ from ‘[01m[Kfloat[m[K’ to ‘[01m[Kchar[m[K’ [[01;31m[K-Wnarrowing[m[K]
[0.962s]   183 |   char restoreDefault[4] = {XSENS_CONTROL_PIPE, 0x0E, 0x00, NAN[01;31m[K}[m[K; // goToConfig Xbus message
[0.962s]       |                                                                [01;31m[K^[m[K
[0.963s] [01m[K/home/isopodin-time/ros2_ws/src/muuv_ros/src/xsens_mti_i2c/MTi.cpp:[m[K In member function ‘[01m[Kvoid MTi::startICC()[m[K’:
[0.963s] [01m[K/home/isopodin-time/ros2_ws/src/muuv_ros/src/xsens_mti_i2c/MTi.cpp:208:59:[m[K [01;31m[Kerror: [m[Knarrowing conversion of ‘[01m[K+QNaNf[m[K’ from ‘[01m[Kfloat[m[K’ to ‘[01m[Kchar[m[K’ [[01;31m[K-Wnarrowing[m[K]
[0.963s]   208 |   char msg[5] = {XSENS_CONTROL_PIPE, 0x74, 0x01, 0x00, NAN[01;31m[K}[m[K;
[0.964s]       |                                                           [01;31m[K^[m[K
[0.964s] [01m[K/home/isopodin-time/ros2_ws/src/muuv_ros/src/xsens_mti_i2c/MTi.cpp:[m[K In member function ‘[01m[Kvoid MTi::stopICC()[m[K’:
[0.964s] [01m[K/home/isopodin-time/ros2_ws/src/muuv_ros/src/xsens_mti_i2c/MTi.cpp:228:59:[m[K [01;31m[Kerror: [m[Knarrowing conversion of ‘[01m[K+QNaNf[m[K’ from ‘[01m[Kfloat[m[K’ to ‘[01m[Kchar[m[K’ [[01;31m[K-Wnarrowing[m[K]
[0.964s]   228 |   char msg[5] = {XSENS_CONTROL_PIPE, 0x74, 0x01, 0x01, NAN[01;31m[K}[m[K;
[0.965s]       |                                                           [01;31m[K^[m[K
[0.965s] [01m[K/home/isopodin-time/ros2_ws/src/muuv_ros/src/xsens_mti_i2c/MTi.cpp:[m[K In member function ‘[01m[Kvoid MTi::storeICC()[m[K’:
[0.965s] [01m[K/home/isopodin-time/ros2_ws/src/muuv_ros/src/xsens_mti_i2c/MTi.cpp:248:59:[m[K [01;31m[Kerror: [m[Knarrowing conversion of ‘[01m[K+QNaNf[m[K’ from ‘[01m[Kfloat[m[K’ to ‘[01m[Kchar[m[K’ [[01;31m[K-Wnarrowing[m[K]
[0.965s]   248 |   char msg[5] = {XSENS_CONTROL_PIPE, 0x74, 0x01, 0x02, NAN[01;31m[K}[m[K;
[0.965s]       |                                                           [01;31m[K^[m[K
[0.966s] [01m[K/home/isopodin-time/ros2_ws/src/muuv_ros/src/xsens_mti_i2c/MTi.cpp:[m[K In member function ‘[01m[Kvoid MTi::getRepMo()[m[K’:
[0.966s] [01m[K/home/isopodin-time/ros2_ws/src/muuv_ros/src/xsens_mti_i2c/MTi.cpp:268:59:[m[K [01;31m[Kerror: [m[Knarrowing conversion of ‘[01m[K+QNaNf[m[K’ from ‘[01m[Kfloat[m[K’ to ‘[01m[Kchar[m[K’ [[01;31m[K-Wnarrowing[m[K]
[0.966s]   268 |   char msg[5] = {XSENS_CONTROL_PIPE, 0x74, 0x01, 0x03, NAN[01;31m[K}[m[K;
[0.967s]       |                                                           [01;31m[K^[m[K
[0.967s] [01m[K/home/isopodin-time/ros2_ws/src/muuv_ros/src/xsens_mti_i2c/MTi.cpp:[m[K In member function ‘[01m[Kvoid MTi::requestOutputConfig()[m[K’:
[0.967s] [01m[K/home/isopodin-time/ros2_ws/src/muuv_ros/src/xsens_mti_i2c/MTi.cpp:289:56:[m[K [01;31m[Kerror: [m[Knarrowing conversion of ‘[01m[K+QNaNf[m[K’ from ‘[01m[Kfloat[m[K’ to ‘[01m[Kuint8_t[m[K’ {aka ‘[01m[Kunsigned char[m[K’} [[01;31m[K-Wnarrowing[m[K]
[0.968s]   289 |   uint8_t msg[4] = {XSENS_CONTROL_PIPE, 0xC0, 0x00, NAN[01;31m[K}[m[K; // setOutputConfiguration Xbus message with Data field 0x20 0x30 0x00 0x01 (EulerAngles, 32-bit float, at 1 Hz)
[0.968s]       |                                                        [01;31m[K^[m[K
[0.968s] [01m[K/home/isopodin-time/ros2_ws/src/muuv_ros/src/xsens_mti_i2c/MTi.cpp:[m[K In member function ‘[01m[Kvoid MTi::configureOutputs(int)[m[K’:
[0.969s] [01m[K/home/isopodin-time/ros2_ws/src/muuv_ros/src/xsens_mti_i2c/MTi.cpp:329:118:[m[K [01;31m[Kerror: [m[Knarrowing conversion of ‘[01m[K+QNaNf[m[K’ from ‘[01m[Kfloat[m[K’ to ‘[01m[Kuint8_t[m[K’ {aka ‘[01m[Kunsigned char[m[K’} [[01;31m[K-Wnarrowing[m[K]
[0.969s]   329 |       uint8_t outputConfig[12] = {XSENS_CONTROL_PIPE, 0xC0, 0x08, 0x20, 0x34, 0x00, 0x01, 0x40, 0x24, 0x00, 0x01, NAN[01;31m[K}[m[K; // setOutputConfiguration Xbus message with Data field 0x20 0x30 0x00 0x01 (EulerAngles, 32-bit float, at 1 Hz)
[0.969s]       |                                                                                                                      [01;31m[K^[m[K
[0.969s] [01m[K/home/isopodin-time/ros2_ws/src/muuv_ros/src/xsens_mti_i2c/MTi.cpp:338:93:[m[K [01;31m[Kerror: [m[Knarrowing conversion of ‘[01m[K+QNaNf[m[K’ from ‘[01m[Kfloat[m[K’ to ‘[01m[Kuint8_t[m[K’ {aka ‘[01m[Kunsigned char[m[K’} [[01;31m[K-Wnarrowing[m[K]
[0.970s]   338 |       uint8_t outputConfig[8] = {XSENS_CONTROL_PIPE, 0xC0, 0x04, 0x20, 0x34, 0x00, 0x0A, NAN[01;31m[K}[m[K; // setOutputConfiguration Xbus message with Data field 0x20 0x30 0x00 0x01 (EulerAngles, 32-bit float, at 10 Hz)
[0.970s]       |                                                                                             [01;31m[K^[m[K
[0.970s] [01m[K/home/isopodin-time/ros2_ws/src/muuv_ros/src/xsens_mti_i2c/MTi.cpp:347:93:[m[K [01;31m[Kerror: [m[Knarrowing conversion of ‘[01m[K+QNaNf[m[K’ from ‘[01m[Kfloat[m[K’ to ‘[01m[Kuint8_t[m[K’ {aka ‘[01m[Kunsigned char[m[K’} [[01;31m[K-Wnarrowing[m[K]
[0.970s]   347 |       uint8_t outputConfig[8] = {XSENS_CONTROL_PIPE, 0xC0, 0x04, 0x20, 0x14, 0x00, 0x0A, NAN[01;31m[K}[m[K; // setOutputConfiguration Xbus message with Data field 0x20 0x30 0x00 0x01 (EulerAngles, 32-bit float, at 10 Hz)
[0.970s]       |                                                                                             [01;31m[K^[m[K
[0.971s] [01m[K/home/isopodin-time/ros2_ws/src/muuv_ros/src/xsens_mti_i2c/MTi.cpp:356:142:[m[K [01;31m[Kerror: [m[Knarrowing conversion of ‘[01m[K+QNaNf[m[K’ from ‘[01m[Kfloat[m[K’ to ‘[01m[Kuint8_t[m[K’ {aka ‘[01m[Kunsigned char[m[K’} [[01;31m[K-Wnarrowing[m[K]
[0.971s]   356 |       uint8_t outputConfig[16] = {XSENS_CONTROL_PIPE, 0xC0, 0x0C, 0x20, 0x34, 0x00, 0x0A, 0x40, 0x24, 0x00, 0x0A, 0x08, 0x10, 0x00, 0x01, NAN[01;31m[K}[m[K;
[0.971s]       |                                                                                                                                              [01;31m[K^[m[K
[0.979s] [01m[K/home/isopodin-time/ros2_ws/src/muuv_ros/src/xsens_mti_i2c/MTi.cpp:[m[K In member function ‘[01m[Kvoid MTi::setOutput(const string*, const uint16_t*, int)[m[K’:
[0.979s] [01m[K/home/isopodin-time/ros2_ws/src/muuv_ros/src/xsens_mti_i2c/MTi.cpp:478:26:[m[K [01;35m[Kwarning: [m[Koverflow in conversion from ‘[01m[Kfloat[m[K’ to ‘[01m[Kstd::vector<unsigned char>::value_type[m[K’ {aka ‘[01m[Kunsigned char[m[K’} changes value from ‘[01m[K+QNaNf[m[K’ to ‘[01m[K0[m[K’ [[01;35m[K-Woverflow[m[K]
[0.980s]   478 |   outputConfig.push_back([01;35m[KNAN[m[K);
[0.980s]       |                          [01;35m[K^~~[m[K
[0.980s] [01m[K/home/isopodin-time/ros2_ws/src/muuv_ros/src/xsens_mti_i2c/MTi.cpp:[m[K In member function ‘[01m[Kvoid MTi::goToMeasurement()[m[K’:
[0.980s] [01m[K/home/isopodin-time/ros2_ws/src/muuv_ros/src/xsens_mti_i2c/MTi.cpp:493:58:[m[K [01;31m[Kerror: [m[Knarrowing conversion of ‘[01m[K+QNaNf[m[K’ from ‘[01m[Kfloat[m[K’ to ‘[01m[Kchar[m[K’ [[01;31m[K-Wnarrowing[m[K]
[0.980s]   493 |   char goToMeas[4] = {XSENS_CONTROL_PIPE, 0x10, 0x00, NAN[01;31m[K}[m[K; // goToMeasurement Xbus message
[0.980s]       |                                                          [01;31m[K^[m[K
[1.079s] make[2]: *** [CMakeFiles/sensors.dir/build.make:89: CMakeFiles/sensors.dir/src/xsens_mti_i2c/MTi.cpp.o] Error 1
[1.079s] make[2]: *** Waiting for unfinished jobs....
[5.145s] make[1]: *** [CMakeFiles/Makefile2:109: CMakeFiles/sensors.dir/all] Error 2
[5.145s] make: *** [Makefile:141: all] Error 2
[5.152s] Invoked command in '/home/isopodin-time/ros2_ws/build/muuv_ros' returned '2': CMAKE_PREFIX_PATH=${CMAKE_PREFIX_PATH}:/opt/ros/foxy /usr/bin/cmake --build /home/isopodin-time/ros2_ws/build/muuv_ros -- -j8 -l8
