[0.029s] Invoking command in '/home/isopodin-time/ros2_ws/build/muuv_ros': CMAKE_PREFIX_PATH=${CMAKE_PREFIX_PATH}:/opt/ros/foxy /usr/bin/cmake --build /home/isopodin-time/ros2_ws/build/muuv_ros -- -j8 -l8
[0.062s] -- Found ament_cmake: 0.9.12 (/opt/ros/foxy/share/ament_cmake/cmake)
[0.087s] -- Using PYTHON_EXECUTABLE: /usr/bin/python3
[0.289s] -- Found rclcpp: 2.4.3 (/opt/ros/foxy/share/rclcpp/cmake)
[0.542s] -- Using all available rosidl_typesupport_c: rosidl_typesupport_fastrtps_c;rosidl_typesupport_introspection_c
[0.546s] -- Found rosidl_adapter: 1.3.1 (/opt/ros/foxy/share/rosidl_adapter/cmake)
[5.872s] -- Using all available rosidl_typesupport_cpp: rosidl_typesupport_fastrtps_cpp;rosidl_typesupport_introspection_cpp
[5.919s] -- Found rmw_implementation_cmake: 1.0.4 (/opt/ros/foxy/share/rmw_implementation_cmake/cmake)
[5.921s] -- Using RMW implementation 'rmw_fastrtps_cpp' as default
[6.108s] -- Found geometry_msgs: 2.0.5 (/opt/ros/foxy/share/geometry_msgs/cmake)
[6.149s] -- Found sensor_msgs: 2.0.5 (/opt/ros/foxy/share/sensor_msgs/cmake)
[6.220s] -- Found control_toolbox: 2.2.0 (/opt/ros/foxy/share/control_toolbox/cmake)
[6.703s] -- Found rclcpp_components: 2.4.3 (/opt/ros/foxy/share/rclcpp_components/cmake)
[6.872s] -- Configuring done
[6.874s] CMake Error at CMakeLists.txt:39 (add_library):
[6.874s]   Cannot find source file:
[6.874s] 
[6.874s]     src/pid_component.cpp
[6.875s] 
[6.875s]   Tried extensions .c .C .c++ .cc .cpp .cxx .cu .m .M .mm .h .hh .h++ .hm
[6.875s]   .hpp .hxx .in .txx
[6.875s] 
[6.875s] 
[6.877s] CMake Error at CMakeLists.txt:39 (add_library):
[6.877s]   No SOURCES given to target: pid_component
[6.877s] 
[6.877s] 
[6.877s] CMake Generate step failed.  Build files cannot be regenerated correctly.
[6.887s] make: *** [Makefile:444: cmake_check_build_system] Error 1
[6.893s] Invoked command in '/home/isopodin-time/ros2_ws/build/muuv_ros' returned '2': CMAKE_PREFIX_PATH=${CMAKE_PREFIX_PATH}:/opt/ros/foxy /usr/bin/cmake --build /home/isopodin-time/ros2_ws/build/muuv_ros -- -j8 -l8
