[0.026s] Invoking command in '/home/isopodin-time/ros2_ws/build/pid_component': CMAKE_PREFIX_PATH=${CMAKE_PREFIX_PATH}:/opt/ros/foxy /usr/bin/cmake --build /home/isopodin-time/ros2_ws/build/pid_component -- -j8 -l8
[0.064s] -- Found ament_cmake: 0.9.12 (/opt/ros/foxy/share/ament_cmake/cmake)
[0.085s] -- Using PYTHON_EXECUTABLE: /usr/bin/python3
[0.261s] -- Override CMake install command with custom implementation using symlinks instead of copying resources
[0.268s] -- Found rclcpp: 2.4.3 (/opt/ros/foxy/share/rclcpp/cmake)
[0.512s] -- Using all available rosidl_typesupport_c: rosidl_typesupport_fastrtps_c;rosidl_typesupport_introspection_c
[0.515s] -- Found rosidl_adapter: 1.3.1 (/opt/ros/foxy/share/rosidl_adapter/cmake)
[6.430s] -- Using all available rosidl_typesupport_cpp: rosidl_typesupport_fastrtps_cpp;rosidl_typesupport_introspection_cpp
[6.480s] -- Found rmw_implementation_cmake: 1.0.4 (/opt/ros/foxy/share/rmw_implementation_cmake/cmake)
[6.482s] -- Using RMW implementation 'rmw_fastrtps_cpp' as default
[6.616s] -- Found control_toolbox: 2.2.0 (/opt/ros/foxy/share/control_toolbox/cmake)
[7.090s] -- Found rclcpp_components: 2.4.3 (/opt/ros/foxy/share/rclcpp_components/cmake)
[7.213s] -- Configuring done
[7.225s] -- Generating done
[7.226s] -- Build files have been written to: /home/isopodin-time/ros2_ws/build/pid_component
[7.276s] [ 50%] [32m[1mLinking CXX shared library libpid_component.so[0m
[7.651s] [100%] Built target pid_component
[7.667s] Invoked command in '/home/isopodin-time/ros2_ws/build/pid_component' returned '0': CMAKE_PREFIX_PATH=${CMAKE_PREFIX_PATH}:/opt/ros/foxy /usr/bin/cmake --build /home/isopodin-time/ros2_ws/build/pid_component -- -j8 -l8
[7.712s] Invoking command in '/home/isopodin-time/ros2_ws/build/pid_component': CMAKE_PREFIX_PATH=${CMAKE_PREFIX_PATH}:/opt/ros/foxy /usr/bin/cmake --install /home/isopodin-time/ros2_ws/build/pid_component
[7.723s] -- Install configuration: ""
[7.723s] -- Execute custom install script
[7.724s] -- Symlinking: /home/isopodin-time/ros2_ws/install/pid_component/include/pid_component/pid_component.hpp
[7.735s] -- Symlinking: /home/isopodin-time/ros2_ws/install/pid_component/include/pid_component/visibility_control.h
[7.746s] -- Up-to-date symlink: /home/isopodin-time/ros2_ws/install/pid_component/share/pid_component/launch/pid.launch.py
[7.747s] -- Up-to-date symlink: /home/isopodin-time/ros2_ws/install/pid_component/share/ament_index/resource_index/package_run_dependencies/pid_component
[7.747s] -- Up-to-date symlink: /home/isopodin-time/ros2_ws/install/pid_component/share/ament_index/resource_index/parent_prefix_path/pid_component
[7.748s] -- Up-to-date symlink: /home/isopodin-time/ros2_ws/install/pid_component/share/pid_component/environment/ament_prefix_path.sh
[7.748s] -- Up-to-date symlink: /home/isopodin-time/ros2_ws/install/pid_component/share/pid_component/environment/ament_prefix_path.dsv
[7.748s] -- Up-to-date symlink: /home/isopodin-time/ros2_ws/install/pid_component/share/pid_component/environment/path.sh
[7.749s] -- Up-to-date symlink: /home/isopodin-time/ros2_ws/install/pid_component/share/pid_component/environment/path.dsv
[7.749s] -- Up-to-date symlink: /home/isopodin-time/ros2_ws/install/pid_component/share/pid_component/local_setup.bash
[7.750s] -- Up-to-date symlink: /home/isopodin-time/ros2_ws/install/pid_component/share/pid_component/local_setup.sh
[7.750s] -- Up-to-date symlink: /home/isopodin-time/ros2_ws/install/pid_component/share/pid_component/local_setup.zsh
[7.750s] -- Up-to-date symlink: /home/isopodin-time/ros2_ws/install/pid_component/share/pid_component/local_setup.dsv
[7.751s] -- Symlinking: /home/isopodin-time/ros2_ws/install/pid_component/share/pid_component/package.dsv
[7.762s] -- Up-to-date symlink: /home/isopodin-time/ros2_ws/install/pid_component/share/ament_index/resource_index/packages/pid_component
[7.762s] -- Up-to-date symlink: /home/isopodin-time/ros2_ws/install/pid_component/share/ament_index/resource_index/rclcpp_components/pid_component
[7.763s] -- Up-to-date symlink: /home/isopodin-time/ros2_ws/install/pid_component/share/pid_component/cmake/pid_componentConfig.cmake
[7.763s] -- Up-to-date symlink: /home/isopodin-time/ros2_ws/install/pid_component/share/pid_component/cmake/pid_componentConfig-version.cmake
[7.763s] -- Up-to-date symlink: /home/isopodin-time/ros2_ws/install/pid_component/share/pid_component/package.xml
[7.766s] Invoked command in '/home/isopodin-time/ros2_ws/build/pid_component' returned '0': CMAKE_PREFIX_PATH=${CMAKE_PREFIX_PATH}:/opt/ros/foxy /usr/bin/cmake --install /home/isopodin-time/ros2_ws/build/pid_component
