[0.234s] Invoking command in '/home/isopodin-time/ros2_ws/build/uuv_gazebo_ros_plugins_msgs': CMAKE_PREFIX_PATH=${CMAKE_PREFIX_PATH}:/opt/ros/foxy /usr/bin/cmake --build /home/isopodin-time/ros2_ws/build/uuv_gazebo_ros_plugins_msgs -- -j8 -l8
[0.401s] [  1%] Built target uuv_gazebo_ros_plugins_msgs__cpp
[0.403s] [ 12%] Built target uuv_gazebo_ros_plugins_msgs__rosidl_generator_c
[0.655s] [ 24%] Built target uuv_gazebo_ros_plugins_msgs__rosidl_typesupport_introspection_c
[0.658s] [ 36%] Built target uuv_gazebo_ros_plugins_msgs__rosidl_typesupport_cpp
[0.676s] [ 48%] Built target uuv_gazebo_ros_plugins_msgs__rosidl_typesupport_introspection_cpp
[0.696s] [ 60%] Built target uuv_gazebo_ros_plugins_msgs__rosidl_typesupport_c
[0.712s] [ 72%] Built target uuv_gazebo_ros_plugins_msgs__rosidl_typesupport_fastrtps_cpp
[0.860s] [ 84%] Built target uuv_gazebo_ros_plugins_msgs__rosidl_typesupport_fastrtps_c
[0.923s] [ 84%] Built target uuv_gazebo_ros_plugins_msgs
[1.026s] [ 85%] Built target uuv_gazebo_ros_plugins_msgs__py
[1.111s] [ 96%] Built target uuv_gazebo_ros_plugins_msgs__python
[1.200s] [ 97%] Built target uuv_gazebo_ros_plugins_msgs__rosidl_typesupport_fastrtps_c__pyext
[1.257s] [ 98%] Built target uuv_gazebo_ros_plugins_msgs__rosidl_typesupport_c__pyext
[1.272s] [100%] Built target uuv_gazebo_ros_plugins_msgs__rosidl_typesupport_introspection_c__pyext
[1.443s] Invoked command in '/home/isopodin-time/ros2_ws/build/uuv_gazebo_ros_plugins_msgs' returned '0': CMAKE_PREFIX_PATH=${CMAKE_PREFIX_PATH}:/opt/ros/foxy /usr/bin/cmake --build /home/isopodin-time/ros2_ws/build/uuv_gazebo_ros_plugins_msgs -- -j8 -l8
[2.430s] Invoking command in '/home/isopodin-time/ros2_ws/build/uuv_gazebo_ros_plugins_msgs': CMAKE_PREFIX_PATH=${CMAKE_PREFIX_PATH}:/opt/ros/foxy /usr/bin/cmake --install /home/isopodin-time/ros2_ws/build/uuv_gazebo_ros_plugins_msgs
[2.500s] -- Install configuration: ""
[2.500s] -- Up-to-date: /home/isopodin-time/ros2_ws/install/uuv_gazebo_ros_plugins_msgs/share/ament_index/resource_index/rosidl_interfaces/uuv_gazebo_ros_plugins_msgs
[2.500s] -- Up-to-date: /home/isopodin-time/ros2_ws/install/uuv_gazebo_ros_plugins_msgs/include/uuv_gazebo_ros_plugins_msgs
[2.500s] -- Up-to-date: /home/isopodin-time/ros2_ws/install/uuv_gazebo_ros_plugins_msgs/include/uuv_gazebo_ros_plugins_msgs/msg
[2.501s] -- Up-to-date: /home/isopodin-time/ros2_ws/install/uuv_gazebo_ros_plugins_msgs/include/uuv_gazebo_ros_plugins_msgs/msg/thruster_conversion_fcn.h
[2.501s] -- Up-to-date: /home/isopodin-time/ros2_ws/install/uuv_gazebo_ros_plugins_msgs/include/uuv_gazebo_ros_plugins_msgs/msg/detail
[2.501s] -- Up-to-date: /home/isopodin-time/ros2_ws/install/uuv_gazebo_ros_plugins_msgs/include/uuv_gazebo_ros_plugins_msgs/msg/detail/float_stamped__functions.c
[2.501s] -- Up-to-date: /home/isopodin-time/ros2_ws/install/uuv_gazebo_ros_plugins_msgs/include/uuv_gazebo_ros_plugins_msgs/msg/detail/float_stamped__type_support.h
[2.501s] -- Up-to-date: /home/isopodin-time/ros2_ws/install/uuv_gazebo_ros_plugins_msgs/include/uuv_gazebo_ros_plugins_msgs/msg/detail/underwater_object_model__functions.h
[2.501s] -- Up-to-date: /home/isopodin-time/ros2_ws/install/uuv_gazebo_ros_plugins_msgs/include/uuv_gazebo_ros_plugins_msgs/msg/detail/underwater_object_model__functions.c
[2.502s] -- Up-to-date: /home/isopodin-time/ros2_ws/install/uuv_gazebo_ros_plugins_msgs/include/uuv_gazebo_ros_plugins_msgs/msg/detail/thruster_conversion_fcn__struct.h
[2.502s] -- Up-to-date: /home/isopodin-time/ros2_ws/install/uuv_gazebo_ros_plugins_msgs/include/uuv_gazebo_ros_plugins_msgs/msg/detail/float_stamped__functions.h
[2.502s] -- Up-to-date: /home/isopodin-time/ros2_ws/install/uuv_gazebo_ros_plugins_msgs/include/uuv_gazebo_ros_plugins_msgs/msg/detail/underwater_object_model__type_support.h
[2.502s] -- Up-to-date: /home/isopodin-time/ros2_ws/install/uuv_gazebo_ros_plugins_msgs/include/uuv_gazebo_ros_plugins_msgs/msg/detail/float_stamped__struct.h
[2.502s] -- Up-to-date: /home/isopodin-time/ros2_ws/install/uuv_gazebo_ros_plugins_msgs/include/uuv_gazebo_ros_plugins_msgs/msg/detail/underwater_object_model__struct.h
[2.502s] -- Up-to-date: /home/isopodin-time/ros2_ws/install/uuv_gazebo_ros_plugins_msgs/include/uuv_gazebo_ros_plugins_msgs/msg/detail/thruster_conversion_fcn__functions.c
[2.503s] -- Up-to-date: /home/isopodin-time/ros2_ws/install/uuv_gazebo_ros_plugins_msgs/include/uuv_gazebo_ros_plugins_msgs/msg/detail/thruster_conversion_fcn__type_support.h
[2.503s] -- Up-to-date: /home/isopodin-time/ros2_ws/install/uuv_gazebo_ros_plugins_msgs/include/uuv_gazebo_ros_plugins_msgs/msg/detail/thruster_conversion_fcn__functions.h
[2.503s] -- Up-to-date: /home/isopodin-time/ros2_ws/install/uuv_gazebo_ros_plugins_msgs/include/uuv_gazebo_ros_plugins_msgs/msg/float_stamped.h
[2.503s] -- Up-to-date: /home/isopodin-time/ros2_ws/install/uuv_gazebo_ros_plugins_msgs/include/uuv_gazebo_ros_plugins_msgs/msg/underwater_object_model.h
[2.504s] -- Up-to-date: /home/isopodin-time/ros2_ws/install/uuv_gazebo_ros_plugins_msgs/include/uuv_gazebo_ros_plugins_msgs/msg/rosidl_generator_c__visibility_control.h
[2.505s] -- Up-to-date: /home/isopodin-time/ros2_ws/install/uuv_gazebo_ros_plugins_msgs/include/uuv_gazebo_ros_plugins_msgs/srv
[2.506s] -- Up-to-date: /home/isopodin-time/ros2_ws/install/uuv_gazebo_ros_plugins_msgs/include/uuv_gazebo_ros_plugins_msgs/srv/get_float.h
[2.506s] -- Up-to-date: /home/isopodin-time/ros2_ws/install/uuv_gazebo_ros_plugins_msgs/include/uuv_gazebo_ros_plugins_msgs/srv/set_thruster_efficiency.h
[2.506s] -- Up-to-date: /home/isopodin-time/ros2_ws/install/uuv_gazebo_ros_plugins_msgs/include/uuv_gazebo_ros_plugins_msgs/srv/set_float.h
[2.506s] -- Up-to-date: /home/isopodin-time/ros2_ws/install/uuv_gazebo_ros_plugins_msgs/include/uuv_gazebo_ros_plugins_msgs/srv/set_thruster_state.h
[2.507s] -- Up-to-date: /home/isopodin-time/ros2_ws/install/uuv_gazebo_ros_plugins_msgs/include/uuv_gazebo_ros_plugins_msgs/srv/set_use_global_current_vel.h
[2.507s] -- Up-to-date: /home/isopodin-time/ros2_ws/install/uuv_gazebo_ros_plugins_msgs/include/uuv_gazebo_ros_plugins_msgs/srv/get_thruster_conversion_fcn.h
[2.508s] -- Up-to-date: /home/isopodin-time/ros2_ws/install/uuv_gazebo_ros_plugins_msgs/include/uuv_gazebo_ros_plugins_msgs/srv/detail
[2.510s] -- Up-to-date: /home/isopodin-time/ros2_ws/install/uuv_gazebo_ros_plugins_msgs/include/uuv_gazebo_ros_plugins_msgs/srv/detail/get_float__functions.c
[2.511s] -- Up-to-date: /home/isopodin-time/ros2_ws/install/uuv_gazebo_ros_plugins_msgs/include/uuv_gazebo_ros_plugins_msgs/srv/detail/get_thruster_efficiency__type_support.h
[2.511s] -- Up-to-date: /home/isopodin-time/ros2_ws/install/uuv_gazebo_ros_plugins_msgs/include/uuv_gazebo_ros_plugins_msgs/srv/detail/set_float__struct.h
[2.512s] -- Up-to-date: /home/isopodin-time/ros2_ws/install/uuv_gazebo_ros_plugins_msgs/include/uuv_gazebo_ros_plugins_msgs/srv/detail/get_list_param__functions.c
[2.512s] -- Up-to-date: /home/isopodin-time/ros2_ws/install/uuv_gazebo_ros_plugins_msgs/include/uuv_gazebo_ros_plugins_msgs/srv/detail/set_thruster_efficiency__type_support.h
[2.513s] -- Up-to-date: /home/isopodin-time/ros2_ws/install/uuv_gazebo_ros_plugins_msgs/include/uuv_gazebo_ros_plugins_msgs/srv/detail/set_use_global_current_vel__functions.c
[2.514s] -- Up-to-date: /home/isopodin-time/ros2_ws/install/uuv_gazebo_ros_plugins_msgs/include/uuv_gazebo_ros_plugins_msgs/srv/detail/set_thruster_state__functions.h
[2.514s] -- Up-to-date: /home/isopodin-time/ros2_ws/install/uuv_gazebo_ros_plugins_msgs/include/uuv_gazebo_ros_plugins_msgs/srv/detail/get_list_param__type_support.h
[2.515s] -- Up-to-date: /home/isopodin-time/ros2_ws/install/uuv_gazebo_ros_plugins_msgs/include/uuv_gazebo_ros_plugins_msgs/srv/detail/set_float__functions.c
[2.515s] -- Up-to-date: /home/isopodin-time/ros2_ws/install/uuv_gazebo_ros_plugins_msgs/include/uuv_gazebo_ros_plugins_msgs/srv/detail/set_thruster_state__functions.c
[2.515s] -- Up-to-date: /home/isopodin-time/ros2_ws/install/uuv_gazebo_ros_plugins_msgs/include/uuv_gazebo_ros_plugins_msgs/srv/detail/get_thruster_state__type_support.h
[2.515s] -- Up-to-date: /home/isopodin-time/ros2_ws/install/uuv_gazebo_ros_plugins_msgs/include/uuv_gazebo_ros_plugins_msgs/srv/detail/get_thruster_state__struct.h
[2.515s] -- Up-to-date: /home/isopodin-time/ros2_ws/install/uuv_gazebo_ros_plugins_msgs/include/uuv_gazebo_ros_plugins_msgs/srv/detail/get_model_properties__type_support.h
[2.515s] -- Up-to-date: /home/isopodin-time/ros2_ws/install/uuv_gazebo_ros_plugins_msgs/include/uuv_gazebo_ros_plugins_msgs/srv/detail/get_list_param__functions.h
[2.515s] -- Up-to-date: /home/isopodin-time/ros2_ws/install/uuv_gazebo_ros_plugins_msgs/include/uuv_gazebo_ros_plugins_msgs/srv/detail/get_float__functions.h
[2.516s] -- Up-to-date: /home/isopodin-time/ros2_ws/install/uuv_gazebo_ros_plugins_msgs/include/uuv_gazebo_ros_plugins_msgs/srv/detail/set_use_global_current_vel__struct.h
[2.517s] -- Up-to-date: /home/isopodin-time/ros2_ws/install/uuv_gazebo_ros_plugins_msgs/include/uuv_gazebo_ros_plugins_msgs/srv/detail/get_float__struct.h
[2.517s] -- Up-to-date: /home/isopodin-time/ros2_ws/install/uuv_gazebo_ros_plugins_msgs/include/uuv_gazebo_ros_plugins_msgs/srv/detail/get_thruster_state__functions.c
[2.517s] -- Up-to-date: /home/isopodin-time/ros2_ws/install/uuv_gazebo_ros_plugins_msgs/include/uuv_gazebo_ros_plugins_msgs/srv/detail/get_model_properties__functions.h
[2.517s] -- Up-to-date: /home/isopodin-time/ros2_ws/install/uuv_gazebo_ros_plugins_msgs/include/uuv_gazebo_ros_plugins_msgs/srv/detail/get_list_param__struct.h
[2.517s] -- Up-to-date: /home/isopodin-time/ros2_ws/install/uuv_gazebo_ros_plugins_msgs/include/uuv_gazebo_ros_plugins_msgs/srv/detail/set_use_global_current_vel__type_support.h
[2.517s] -- Up-to-date: /home/isopodin-time/ros2_ws/install/uuv_gazebo_ros_plugins_msgs/include/uuv_gazebo_ros_plugins_msgs/srv/detail/get_thruster_conversion_fcn__functions.c
[2.518s] -- Up-to-date: /home/isopodin-time/ros2_ws/install/uuv_gazebo_ros_plugins_msgs/include/uuv_gazebo_ros_plugins_msgs/srv/detail/set_use_global_current_vel__functions.h
[2.518s] -- Up-to-date: /home/isopodin-time/ros2_ws/install/uuv_gazebo_ros_plugins_msgs/include/uuv_gazebo_ros_plugins_msgs/srv/detail/get_thruster_state__functions.h
[2.518s] -- Up-to-date: /home/isopodin-time/ros2_ws/install/uuv_gazebo_ros_plugins_msgs/include/uuv_gazebo_ros_plugins_msgs/srv/detail/get_thruster_conversion_fcn__type_support.h
[2.518s] -- Up-to-date: /home/isopodin-time/ros2_ws/install/uuv_gazebo_ros_plugins_msgs/include/uuv_gazebo_ros_plugins_msgs/srv/detail/set_float__functions.h
[2.518s] -- Up-to-date: /home/isopodin-time/ros2_ws/install/uuv_gazebo_ros_plugins_msgs/include/uuv_gazebo_ros_plugins_msgs/srv/detail/get_thruster_conversion_fcn__functions.h
[2.518s] -- Up-to-date: /home/isopodin-time/ros2_ws/install/uuv_gazebo_ros_plugins_msgs/include/uuv_gazebo_ros_plugins_msgs/srv/detail/get_thruster_conversion_fcn__struct.h
[2.519s] -- Up-to-date: /home/isopodin-time/ros2_ws/install/uuv_gazebo_ros_plugins_msgs/include/uuv_gazebo_ros_plugins_msgs/srv/detail/set_thruster_state__struct.h
[2.519s] -- Up-to-date: /home/isopodin-time/ros2_ws/install/uuv_gazebo_ros_plugins_msgs/include/uuv_gazebo_ros_plugins_msgs/srv/detail/set_thruster_state__type_support.h
[2.519s] -- Up-to-date: /home/isopodin-time/ros2_ws/install/uuv_gazebo_ros_plugins_msgs/include/uuv_gazebo_ros_plugins_msgs/srv/detail/get_thruster_efficiency__functions.c
[2.519s] -- Up-to-date: /home/isopodin-time/ros2_ws/install/uuv_gazebo_ros_plugins_msgs/include/uuv_gazebo_ros_plugins_msgs/srv/detail/get_model_properties__functions.c
[2.519s] -- Up-to-date: /home/isopodin-time/ros2_ws/install/uuv_gazebo_ros_plugins_msgs/include/uuv_gazebo_ros_plugins_msgs/srv/detail/get_thruster_efficiency__functions.h
[2.519s] -- Up-to-date: /home/isopodin-time/ros2_ws/install/uuv_gazebo_ros_plugins_msgs/include/uuv_gazebo_ros_plugins_msgs/srv/detail/set_float__type_support.h
[2.520s] -- Up-to-date: /home/isopodin-time/ros2_ws/install/uuv_gazebo_ros_plugins_msgs/include/uuv_gazebo_ros_plugins_msgs/srv/detail/set_thruster_efficiency__struct.h
[2.520s] -- Up-to-date: /home/isopodin-time/ros2_ws/install/uuv_gazebo_ros_plugins_msgs/include/uuv_gazebo_ros_plugins_msgs/srv/detail/set_thruster_efficiency__functions.c
[2.520s] -- Up-to-date: /home/isopodin-time/ros2_ws/install/uuv_gazebo_ros_plugins_msgs/include/uuv_gazebo_ros_plugins_msgs/srv/detail/get_model_properties__struct.h
[2.520s] -- Up-to-date: /home/isopodin-time/ros2_ws/install/uuv_gazebo_ros_plugins_msgs/include/uuv_gazebo_ros_plugins_msgs/srv/detail/get_float__type_support.h
[2.520s] -- Up-to-date: /home/isopodin-time/ros2_ws/install/uuv_gazebo_ros_plugins_msgs/include/uuv_gazebo_ros_plugins_msgs/srv/detail/get_thruster_efficiency__struct.h
[2.521s] -- Up-to-date: /home/isopodin-time/ros2_ws/install/uuv_gazebo_ros_plugins_msgs/include/uuv_gazebo_ros_plugins_msgs/srv/detail/set_thruster_efficiency__functions.h
[2.521s] -- Up-to-date: /home/isopodin-time/ros2_ws/install/uuv_gazebo_ros_plugins_msgs/include/uuv_gazebo_ros_plugins_msgs/srv/get_thruster_state.h
[2.521s] -- Up-to-date: /home/isopodin-time/ros2_ws/install/uuv_gazebo_ros_plugins_msgs/include/uuv_gazebo_ros_plugins_msgs/srv/get_thruster_efficiency.h
[2.521s] -- Up-to-date: /home/isopodin-time/ros2_ws/install/uuv_gazebo_ros_plugins_msgs/include/uuv_gazebo_ros_plugins_msgs/srv/get_list_param.h
[2.521s] -- Up-to-date: /home/isopodin-time/ros2_ws/install/uuv_gazebo_ros_plugins_msgs/include/uuv_gazebo_ros_plugins_msgs/srv/get_model_properties.h
[2.521s] -- Up-to-date: /home/isopodin-time/ros2_ws/install/uuv_gazebo_ros_plugins_msgs/share/uuv_gazebo_ros_plugins_msgs/environment/library_path.sh
[2.522s] -- Up-to-date: /home/isopodin-time/ros2_ws/install/uuv_gazebo_ros_plugins_msgs/share/uuv_gazebo_ros_plugins_msgs/environment/library_path.dsv
[2.522s] -- Up-to-date: /home/isopodin-time/ros2_ws/install/uuv_gazebo_ros_plugins_msgs/lib/libuuv_gazebo_ros_plugins_msgs__rosidl_generator_c.so
[2.522s] -- Up-to-date: /home/isopodin-time/ros2_ws/install/uuv_gazebo_ros_plugins_msgs/include/uuv_gazebo_ros_plugins_msgs
[2.522s] -- Up-to-date: /home/isopodin-time/ros2_ws/install/uuv_gazebo_ros_plugins_msgs/include/uuv_gazebo_ros_plugins_msgs/msg
[2.522s] -- Up-to-date: /home/isopodin-time/ros2_ws/install/uuv_gazebo_ros_plugins_msgs/include/uuv_gazebo_ros_plugins_msgs/msg/rosidl_typesupport_fastrtps_c__visibility_control.h
[2.522s] -- Up-to-date: /home/isopodin-time/ros2_ws/install/uuv_gazebo_ros_plugins_msgs/include/uuv_gazebo_ros_plugins_msgs/msg/detail
[2.542s] -- Up-to-date: /home/isopodin-time/ros2_ws/install/uuv_gazebo_ros_plugins_msgs/include/uuv_gazebo_ros_plugins_msgs/msg/detail/underwater_object_model__rosidl_typesupport_fastrtps_c.h
[2.549s] -- Up-to-date: /home/isopodin-time/ros2_ws/install/uuv_gazebo_ros_plugins_msgs/include/uuv_gazebo_ros_plugins_msgs/msg/detail/thruster_conversion_fcn__rosidl_typesupport_fastrtps_c.h
[2.549s] -- Up-to-date: /home/isopodin-time/ros2_ws/install/uuv_gazebo_ros_plugins_msgs/include/uuv_gazebo_ros_plugins_msgs/msg/detail/float_stamped__rosidl_typesupport_fastrtps_c.h
[2.549s] -- Up-to-date: /home/isopodin-time/ros2_ws/install/uuv_gazebo_ros_plugins_msgs/include/uuv_gazebo_ros_plugins_msgs/srv
[2.550s] -- Up-to-date: /home/isopodin-time/ros2_ws/install/uuv_gazebo_ros_plugins_msgs/include/uuv_gazebo_ros_plugins_msgs/srv/detail
[2.550s] -- Up-to-date: /home/isopodin-time/ros2_ws/install/uuv_gazebo_ros_plugins_msgs/include/uuv_gazebo_ros_plugins_msgs/srv/detail/set_float__rosidl_typesupport_fastrtps_c.h
[2.550s] -- Up-to-date: /home/isopodin-time/ros2_ws/install/uuv_gazebo_ros_plugins_msgs/include/uuv_gazebo_ros_plugins_msgs/srv/detail/set_use_global_current_vel__rosidl_typesupport_fastrtps_c.h
[2.550s] -- Up-to-date: /home/isopodin-time/ros2_ws/install/uuv_gazebo_ros_plugins_msgs/include/uuv_gazebo_ros_plugins_msgs/srv/detail/get_list_param__rosidl_typesupport_fastrtps_c.h
[2.551s] -- Up-to-date: /home/isopodin-time/ros2_ws/install/uuv_gazebo_ros_plugins_msgs/include/uuv_gazebo_ros_plugins_msgs/srv/detail/get_thruster_efficiency__rosidl_typesupport_fastrtps_c.h
[2.552s] -- Up-to-date: /home/isopodin-time/ros2_ws/install/uuv_gazebo_ros_plugins_msgs/include/uuv_gazebo_ros_plugins_msgs/srv/detail/get_thruster_conversion_fcn__rosidl_typesupport_fastrtps_c.h
[2.552s] -- Up-to-date: /home/isopodin-time/ros2_ws/install/uuv_gazebo_ros_plugins_msgs/include/uuv_gazebo_ros_plugins_msgs/srv/detail/get_model_properties__rosidl_typesupport_fastrtps_c.h
[2.552s] -- Up-to-date: /home/isopodin-time/ros2_ws/install/uuv_gazebo_ros_plugins_msgs/include/uuv_gazebo_ros_plugins_msgs/srv/detail/set_thruster_efficiency__rosidl_typesupport_fastrtps_c.h
[2.552s] -- Up-to-date: /home/isopodin-time/ros2_ws/install/uuv_gazebo_ros_plugins_msgs/include/uuv_gazebo_ros_plugins_msgs/srv/detail/set_thruster_state__rosidl_typesupport_fastrtps_c.h
[2.552s] -- Up-to-date: /home/isopodin-time/ros2_ws/install/uuv_gazebo_ros_plugins_msgs/include/uuv_gazebo_ros_plugins_msgs/srv/detail/get_thruster_state__rosidl_typesupport_fastrtps_c.h
[2.552s] -- Up-to-date: /home/isopodin-time/ros2_ws/install/uuv_gazebo_ros_plugins_msgs/include/uuv_gazebo_ros_plugins_msgs/srv/detail/get_float__rosidl_typesupport_fastrtps_c.h
[2.553s] -- Up-to-date: /home/isopodin-time/ros2_ws/install/uuv_gazebo_ros_plugins_msgs/lib/libuuv_gazebo_ros_plugins_msgs__rosidl_typesupport_fastrtps_c.so
[2.553s] -- Up-to-date: /home/isopodin-time/ros2_ws/install/uuv_gazebo_ros_plugins_msgs/include/uuv_gazebo_ros_plugins_msgs
[2.553s] -- Up-to-date: /home/isopodin-time/ros2_ws/install/uuv_gazebo_ros_plugins_msgs/include/uuv_gazebo_ros_plugins_msgs/msg
[2.553s] -- Up-to-date: /home/isopodin-time/ros2_ws/install/uuv_gazebo_ros_plugins_msgs/include/uuv_gazebo_ros_plugins_msgs/msg/detail
[2.553s] -- Up-to-date: /home/isopodin-time/ros2_ws/install/uuv_gazebo_ros_plugins_msgs/include/uuv_gazebo_ros_plugins_msgs/msg/detail/float_stamped__rosidl_typesupport_fastrtps_cpp.hpp
[2.553s] -- Up-to-date: /home/isopodin-time/ros2_ws/install/uuv_gazebo_ros_plugins_msgs/include/uuv_gazebo_ros_plugins_msgs/msg/detail/dds_fastrtps
[2.553s] -- Up-to-date: /home/isopodin-time/ros2_ws/install/uuv_gazebo_ros_plugins_msgs/include/uuv_gazebo_ros_plugins_msgs/msg/detail/thruster_conversion_fcn__rosidl_typesupport_fastrtps_cpp.hpp
[2.554s] -- Up-to-date: /home/isopodin-time/ros2_ws/install/uuv_gazebo_ros_plugins_msgs/include/uuv_gazebo_ros_plugins_msgs/msg/detail/underwater_object_model__rosidl_typesupport_fastrtps_cpp.hpp
[2.554s] -- Up-to-date: /home/isopodin-time/ros2_ws/install/uuv_gazebo_ros_plugins_msgs/include/uuv_gazebo_ros_plugins_msgs/msg/rosidl_typesupport_fastrtps_cpp__visibility_control.h
[2.554s] -- Up-to-date: /home/isopodin-time/ros2_ws/install/uuv_gazebo_ros_plugins_msgs/include/uuv_gazebo_ros_plugins_msgs/srv
[2.554s] -- Up-to-date: /home/isopodin-time/ros2_ws/install/uuv_gazebo_ros_plugins_msgs/include/uuv_gazebo_ros_plugins_msgs/srv/detail
[2.554s] -- Up-to-date: /home/isopodin-time/ros2_ws/install/uuv_gazebo_ros_plugins_msgs/include/uuv_gazebo_ros_plugins_msgs/srv/detail/set_thruster_efficiency__rosidl_typesupport_fastrtps_cpp.hpp
[2.554s] -- Up-to-date: /home/isopodin-time/ros2_ws/install/uuv_gazebo_ros_plugins_msgs/include/uuv_gazebo_ros_plugins_msgs/srv/detail/get_model_properties__rosidl_typesupport_fastrtps_cpp.hpp
[2.555s] -- Up-to-date: /home/isopodin-time/ros2_ws/install/uuv_gazebo_ros_plugins_msgs/include/uuv_gazebo_ros_plugins_msgs/srv/detail/set_thruster_state__rosidl_typesupport_fastrtps_cpp.hpp
[2.555s] -- Up-to-date: /home/isopodin-time/ros2_ws/install/uuv_gazebo_ros_plugins_msgs/include/uuv_gazebo_ros_plugins_msgs/srv/detail/set_use_global_current_vel__rosidl_typesupport_fastrtps_cpp.hpp
[2.555s] -- Up-to-date: /home/isopodin-time/ros2_ws/install/uuv_gazebo_ros_plugins_msgs/include/uuv_gazebo_ros_plugins_msgs/srv/detail/get_thruster_efficiency__rosidl_typesupport_fastrtps_cpp.hpp
[2.555s] -- Up-to-date: /home/isopodin-time/ros2_ws/install/uuv_gazebo_ros_plugins_msgs/include/uuv_gazebo_ros_plugins_msgs/srv/detail/get_thruster_conversion_fcn__rosidl_typesupport_fastrtps_cpp.hpp
[2.556s] -- Up-to-date: /home/isopodin-time/ros2_ws/install/uuv_gazebo_ros_plugins_msgs/include/uuv_gazebo_ros_plugins_msgs/srv/detail/get_list_param__rosidl_typesupport_fastrtps_cpp.hpp
[2.556s] -- Up-to-date: /home/isopodin-time/ros2_ws/install/uuv_gazebo_ros_plugins_msgs/include/uuv_gazebo_ros_plugins_msgs/srv/detail/dds_fastrtps
[2.556s] -- Up-to-date: /home/isopodin-time/ros2_ws/install/uuv_gazebo_ros_plugins_msgs/include/uuv_gazebo_ros_plugins_msgs/srv/detail/get_float__rosidl_typesupport_fastrtps_cpp.hpp
[2.556s] -- Up-to-date: /home/isopodin-time/ros2_ws/install/uuv_gazebo_ros_plugins_msgs/include/uuv_gazebo_ros_plugins_msgs/srv/detail/set_float__rosidl_typesupport_fastrtps_cpp.hpp
[2.556s] -- Up-to-date: /home/isopodin-time/ros2_ws/install/uuv_gazebo_ros_plugins_msgs/include/uuv_gazebo_ros_plugins_msgs/srv/detail/get_thruster_state__rosidl_typesupport_fastrtps_cpp.hpp
[2.557s] -- Up-to-date: /home/isopodin-time/ros2_ws/install/uuv_gazebo_ros_plugins_msgs/lib/libuuv_gazebo_ros_plugins_msgs__rosidl_typesupport_fastrtps_cpp.so
[2.557s] -- Up-to-date: /home/isopodin-time/ros2_ws/install/uuv_gazebo_ros_plugins_msgs/include/uuv_gazebo_ros_plugins_msgs
[2.557s] -- Up-to-date: /home/isopodin-time/ros2_ws/install/uuv_gazebo_ros_plugins_msgs/include/uuv_gazebo_ros_plugins_msgs/msg
[2.557s] -- Up-to-date: /home/isopodin-time/ros2_ws/install/uuv_gazebo_ros_plugins_msgs/include/uuv_gazebo_ros_plugins_msgs/msg/detail
[2.557s] -- Up-to-date: /home/isopodin-time/ros2_ws/install/uuv_gazebo_ros_plugins_msgs/include/uuv_gazebo_ros_plugins_msgs/msg/detail/underwater_object_model__rosidl_typesupport_introspection_c.h
[2.557s] -- Up-to-date: /home/isopodin-time/ros2_ws/install/uuv_gazebo_ros_plugins_msgs/include/uuv_gazebo_ros_plugins_msgs/msg/detail/float_stamped__rosidl_typesupport_introspection_c.h
[2.557s] -- Up-to-date: /home/isopodin-time/ros2_ws/install/uuv_gazebo_ros_plugins_msgs/include/uuv_gazebo_ros_plugins_msgs/msg/detail/float_stamped__type_support.c
[2.557s] -- Up-to-date: /home/isopodin-time/ros2_ws/install/uuv_gazebo_ros_plugins_msgs/include/uuv_gazebo_ros_plugins_msgs/msg/detail/thruster_conversion_fcn__type_support.c
[2.557s] -- Up-to-date: /home/isopodin-time/ros2_ws/install/uuv_gazebo_ros_plugins_msgs/include/uuv_gazebo_ros_plugins_msgs/msg/detail/underwater_object_model__type_support.c
[2.558s] -- Up-to-date: /home/isopodin-time/ros2_ws/install/uuv_gazebo_ros_plugins_msgs/include/uuv_gazebo_ros_plugins_msgs/msg/detail/thruster_conversion_fcn__rosidl_typesupport_introspection_c.h
[2.558s] -- Up-to-date: /home/isopodin-time/ros2_ws/install/uuv_gazebo_ros_plugins_msgs/include/uuv_gazebo_ros_plugins_msgs/msg/rosidl_typesupport_introspection_c__visibility_control.h
[2.558s] -- Up-to-date: /home/isopodin-time/ros2_ws/install/uuv_gazebo_ros_plugins_msgs/include/uuv_gazebo_ros_plugins_msgs/srv
[2.558s] -- Up-to-date: /home/isopodin-time/ros2_ws/install/uuv_gazebo_ros_plugins_msgs/include/uuv_gazebo_ros_plugins_msgs/srv/detail
[2.558s] -- Up-to-date: /home/isopodin-time/ros2_ws/install/uuv_gazebo_ros_plugins_msgs/include/uuv_gazebo_ros_plugins_msgs/srv/detail/set_thruster_state__rosidl_typesupport_introspection_c.h
[2.558s] -- Up-to-date: /home/isopodin-time/ros2_ws/install/uuv_gazebo_ros_plugins_msgs/include/uuv_gazebo_ros_plugins_msgs/srv/detail/get_model_properties__rosidl_typesupport_introspection_c.h
[2.558s] -- Up-to-date: /home/isopodin-time/ros2_ws/install/uuv_gazebo_ros_plugins_msgs/include/uuv_gazebo_ros_plugins_msgs/srv/detail/set_thruster_state__type_support.c
[2.558s] -- Up-to-date: /home/isopodin-time/ros2_ws/install/uuv_gazebo_ros_plugins_msgs/include/uuv_gazebo_ros_plugins_msgs/srv/detail/set_use_global_current_vel__rosidl_typesupport_introspection_c.h
[2.559s] -- Up-to-date: /home/isopodin-time/ros2_ws/install/uuv_gazebo_ros_plugins_msgs/include/uuv_gazebo_ros_plugins_msgs/srv/detail/get_thruster_efficiency__type_support.c
[2.559s] -- Up-to-date: /home/isopodin-time/ros2_ws/install/uuv_gazebo_ros_plugins_msgs/include/uuv_gazebo_ros_plugins_msgs/srv/detail/get_thruster_conversion_fcn__type_support.c
[2.559s] -- Up-to-date: /home/isopodin-time/ros2_ws/install/uuv_gazebo_ros_plugins_msgs/include/uuv_gazebo_ros_plugins_msgs/srv/detail/set_thruster_efficiency__type_support.c
[2.559s] -- Up-to-date: /home/isopodin-time/ros2_ws/install/uuv_gazebo_ros_plugins_msgs/include/uuv_gazebo_ros_plugins_msgs/srv/detail/get_model_properties__type_support.c
[2.559s] -- Up-to-date: /home/isopodin-time/ros2_ws/install/uuv_gazebo_ros_plugins_msgs/include/uuv_gazebo_ros_plugins_msgs/srv/detail/set_use_global_current_vel__type_support.c
[2.559s] -- Up-to-date: /home/isopodin-time/ros2_ws/install/uuv_gazebo_ros_plugins_msgs/include/uuv_gazebo_ros_plugins_msgs/srv/detail/get_thruster_conversion_fcn__rosidl_typesupport_introspection_c.h
[2.559s] -- Up-to-date: /home/isopodin-time/ros2_ws/install/uuv_gazebo_ros_plugins_msgs/include/uuv_gazebo_ros_plugins_msgs/srv/detail/get_thruster_efficiency__rosidl_typesupport_introspection_c.h
[2.559s] -- Up-to-date: /home/isopodin-time/ros2_ws/install/uuv_gazebo_ros_plugins_msgs/include/uuv_gazebo_ros_plugins_msgs/srv/detail/get_float__type_support.c
[2.560s] -- Up-to-date: /home/isopodin-time/ros2_ws/install/uuv_gazebo_ros_plugins_msgs/include/uuv_gazebo_ros_plugins_msgs/srv/detail/get_thruster_state__rosidl_typesupport_introspection_c.h
[2.560s] -- Up-to-date: /home/isopodin-time/ros2_ws/install/uuv_gazebo_ros_plugins_msgs/include/uuv_gazebo_ros_plugins_msgs/srv/detail/get_thruster_state__type_support.c
[2.560s] -- Up-to-date: /home/isopodin-time/ros2_ws/install/uuv_gazebo_ros_plugins_msgs/include/uuv_gazebo_ros_plugins_msgs/srv/detail/set_thruster_efficiency__rosidl_typesupport_introspection_c.h
[2.560s] -- Up-to-date: /home/isopodin-time/ros2_ws/install/uuv_gazebo_ros_plugins_msgs/include/uuv_gazebo_ros_plugins_msgs/srv/detail/set_float__rosidl_typesupport_introspection_c.h
[2.560s] -- Up-to-date: /home/isopodin-time/ros2_ws/install/uuv_gazebo_ros_plugins_msgs/include/uuv_gazebo_ros_plugins_msgs/srv/detail/get_list_param__rosidl_typesupport_introspection_c.h
[2.560s] -- Up-to-date: /home/isopodin-time/ros2_ws/install/uuv_gazebo_ros_plugins_msgs/include/uuv_gazebo_ros_plugins_msgs/srv/detail/get_float__rosidl_typesupport_introspection_c.h
[2.560s] -- Up-to-date: /home/isopodin-time/ros2_ws/install/uuv_gazebo_ros_plugins_msgs/include/uuv_gazebo_ros_plugins_msgs/srv/detail/set_float__type_support.c
[2.561s] -- Up-to-date: /home/isopodin-time/ros2_ws/install/uuv_gazebo_ros_plugins_msgs/include/uuv_gazebo_ros_plugins_msgs/srv/detail/get_list_param__type_support.c
[2.561s] -- Up-to-date: /home/isopodin-time/ros2_ws/install/uuv_gazebo_ros_plugins_msgs/lib/libuuv_gazebo_ros_plugins_msgs__rosidl_typesupport_introspection_c.so
[2.561s] -- Up-to-date: /home/isopodin-time/ros2_ws/install/uuv_gazebo_ros_plugins_msgs/lib/libuuv_gazebo_ros_plugins_msgs__rosidl_typesupport_c.so
[2.561s] -- Up-to-date: /home/isopodin-time/ros2_ws/install/uuv_gazebo_ros_plugins_msgs/include/uuv_gazebo_ros_plugins_msgs
[2.561s] -- Up-to-date: /home/isopodin-time/ros2_ws/install/uuv_gazebo_ros_plugins_msgs/include/uuv_gazebo_ros_plugins_msgs/msg
[2.561s] -- Up-to-date: /home/isopodin-time/ros2_ws/install/uuv_gazebo_ros_plugins_msgs/include/uuv_gazebo_ros_plugins_msgs/msg/float_stamped.hpp
[2.561s] -- Up-to-date: /home/isopodin-time/ros2_ws/install/uuv_gazebo_ros_plugins_msgs/include/uuv_gazebo_ros_plugins_msgs/msg/thruster_conversion_fcn.hpp
[2.561s] -- Up-to-date: /home/isopodin-time/ros2_ws/install/uuv_gazebo_ros_plugins_msgs/include/uuv_gazebo_ros_plugins_msgs/msg/detail
[2.562s] -- Up-to-date: /home/isopodin-time/ros2_ws/install/uuv_gazebo_ros_plugins_msgs/include/uuv_gazebo_ros_plugins_msgs/msg/detail/underwater_object_model__struct.hpp
[2.562s] -- Up-to-date: /home/isopodin-time/ros2_ws/install/uuv_gazebo_ros_plugins_msgs/include/uuv_gazebo_ros_plugins_msgs/msg/detail/underwater_object_model__builder.hpp
[2.562s] -- Up-to-date: /home/isopodin-time/ros2_ws/install/uuv_gazebo_ros_plugins_msgs/include/uuv_gazebo_ros_plugins_msgs/msg/detail/thruster_conversion_fcn__struct.hpp
[2.562s] -- Up-to-date: /home/isopodin-time/ros2_ws/install/uuv_gazebo_ros_plugins_msgs/include/uuv_gazebo_ros_plugins_msgs/msg/detail/underwater_object_model__traits.hpp
[2.562s] -- Up-to-date: /home/isopodin-time/ros2_ws/install/uuv_gazebo_ros_plugins_msgs/include/uuv_gazebo_ros_plugins_msgs/msg/detail/underwater_object_model__type_support.hpp
[2.562s] -- Up-to-date: /home/isopodin-time/ros2_ws/install/uuv_gazebo_ros_plugins_msgs/include/uuv_gazebo_ros_plugins_msgs/msg/detail/float_stamped__traits.hpp
[2.562s] -- Up-to-date: /home/isopodin-time/ros2_ws/install/uuv_gazebo_ros_plugins_msgs/include/uuv_gazebo_ros_plugins_msgs/msg/detail/float_stamped__struct.hpp
[2.562s] -- Up-to-date: /home/isopodin-time/ros2_ws/install/uuv_gazebo_ros_plugins_msgs/include/uuv_gazebo_ros_plugins_msgs/msg/detail/thruster_conversion_fcn__builder.hpp
[2.563s] -- Up-to-date: /home/isopodin-time/ros2_ws/install/uuv_gazebo_ros_plugins_msgs/include/uuv_gazebo_ros_plugins_msgs/msg/detail/float_stamped__type_support.hpp
[2.563s] -- Up-to-date: /home/isopodin-time/ros2_ws/install/uuv_gazebo_ros_plugins_msgs/include/uuv_gazebo_ros_plugins_msgs/msg/detail/thruster_conversion_fcn__type_support.hpp
[2.563s] -- Up-to-date: /home/isopodin-time/ros2_ws/install/uuv_gazebo_ros_plugins_msgs/include/uuv_gazebo_ros_plugins_msgs/msg/detail/float_stamped__builder.hpp
[2.563s] -- Up-to-date: /home/isopodin-time/ros2_ws/install/uuv_gazebo_ros_plugins_msgs/include/uuv_gazebo_ros_plugins_msgs/msg/detail/thruster_conversion_fcn__traits.hpp
[2.563s] -- Up-to-date: /home/isopodin-time/ros2_ws/install/uuv_gazebo_ros_plugins_msgs/include/uuv_gazebo_ros_plugins_msgs/msg/rosidl_generator_cpp__visibility_control.hpp
[2.563s] -- Up-to-date: /home/isopodin-time/ros2_ws/install/uuv_gazebo_ros_plugins_msgs/include/uuv_gazebo_ros_plugins_msgs/msg/underwater_object_model.hpp
[2.563s] -- Up-to-date: /home/isopodin-time/ros2_ws/install/uuv_gazebo_ros_plugins_msgs/include/uuv_gazebo_ros_plugins_msgs/srv
[2.563s] -- Up-to-date: /home/isopodin-time/ros2_ws/install/uuv_gazebo_ros_plugins_msgs/include/uuv_gazebo_ros_plugins_msgs/srv/set_use_global_current_vel.hpp
[2.564s] -- Up-to-date: /home/isopodin-time/ros2_ws/install/uuv_gazebo_ros_plugins_msgs/include/uuv_gazebo_ros_plugins_msgs/srv/get_model_properties.hpp
[2.564s] -- Up-to-date: /home/isopodin-time/ros2_ws/install/uuv_gazebo_ros_plugins_msgs/include/uuv_gazebo_ros_plugins_msgs/srv/get_list_param.hpp
[2.564s] -- Up-to-date: /home/isopodin-time/ros2_ws/install/uuv_gazebo_ros_plugins_msgs/include/uuv_gazebo_ros_plugins_msgs/srv/detail
[2.564s] -- Up-to-date: /home/isopodin-time/ros2_ws/install/uuv_gazebo_ros_plugins_msgs/include/uuv_gazebo_ros_plugins_msgs/srv/detail/set_float__traits.hpp
[2.586s] -- Up-to-date: /home/isopodin-time/ros2_ws/install/uuv_gazebo_ros_plugins_msgs/include/uuv_gazebo_ros_plugins_msgs/srv/detail/set_float__struct.hpp
[2.587s] -- Up-to-date: /home/isopodin-time/ros2_ws/install/uuv_gazebo_ros_plugins_msgs/include/uuv_gazebo_ros_plugins_msgs/srv/detail/get_thruster_efficiency__type_support.hpp
[2.587s] -- Up-to-date: /home/isopodin-time/ros2_ws/install/uuv_gazebo_ros_plugins_msgs/include/uuv_gazebo_ros_plugins_msgs/srv/detail/set_use_global_current_vel__builder.hpp
[2.587s] -- Up-to-date: /home/isopodin-time/ros2_ws/install/uuv_gazebo_ros_plugins_msgs/include/uuv_gazebo_ros_plugins_msgs/srv/detail/get_float__type_support.hpp
[2.587s] -- Up-to-date: /home/isopodin-time/ros2_ws/install/uuv_gazebo_ros_plugins_msgs/include/uuv_gazebo_ros_plugins_msgs/srv/detail/set_thruster_efficiency__traits.hpp
[2.587s] -- Up-to-date: /home/isopodin-time/ros2_ws/install/uuv_gazebo_ros_plugins_msgs/include/uuv_gazebo_ros_plugins_msgs/srv/detail/get_thruster_efficiency__struct.hpp
[2.588s] -- Up-to-date: /home/isopodin-time/ros2_ws/install/uuv_gazebo_ros_plugins_msgs/include/uuv_gazebo_ros_plugins_msgs/srv/detail/get_thruster_conversion_fcn__struct.hpp
[2.588s] -- Up-to-date: /home/isopodin-time/ros2_ws/install/uuv_gazebo_ros_plugins_msgs/include/uuv_gazebo_ros_plugins_msgs/srv/detail/get_list_param__builder.hpp
[2.588s] -- Up-to-date: /home/isopodin-time/ros2_ws/install/uuv_gazebo_ros_plugins_msgs/include/uuv_gazebo_ros_plugins_msgs/srv/detail/set_thruster_efficiency__struct.hpp
[2.588s] -- Up-to-date: /home/isopodin-time/ros2_ws/install/uuv_gazebo_ros_plugins_msgs/include/uuv_gazebo_ros_plugins_msgs/srv/detail/get_list_param__type_support.hpp
[2.588s] -- Up-to-date: /home/isopodin-time/ros2_ws/install/uuv_gazebo_ros_plugins_msgs/include/uuv_gazebo_ros_plugins_msgs/srv/detail/set_thruster_state__struct.hpp
[2.588s] -- Up-to-date: /home/isopodin-time/ros2_ws/install/uuv_gazebo_ros_plugins_msgs/include/uuv_gazebo_ros_plugins_msgs/srv/detail/set_use_global_current_vel__traits.hpp
[2.588s] -- Up-to-date: /home/isopodin-time/ros2_ws/install/uuv_gazebo_ros_plugins_msgs/include/uuv_gazebo_ros_plugins_msgs/srv/detail/set_thruster_state__traits.hpp
[2.589s] -- Up-to-date: /home/isopodin-time/ros2_ws/install/uuv_gazebo_ros_plugins_msgs/include/uuv_gazebo_ros_plugins_msgs/srv/detail/set_float__builder.hpp
[2.589s] -- Up-to-date: /home/isopodin-time/ros2_ws/install/uuv_gazebo_ros_plugins_msgs/include/uuv_gazebo_ros_plugins_msgs/srv/detail/set_thruster_state__builder.hpp
[2.589s] -- Up-to-date: /home/isopodin-time/ros2_ws/install/uuv_gazebo_ros_plugins_msgs/include/uuv_gazebo_ros_plugins_msgs/srv/detail/set_float__type_support.hpp
[2.589s] -- Up-to-date: /home/isopodin-time/ros2_ws/install/uuv_gazebo_ros_plugins_msgs/include/uuv_gazebo_ros_plugins_msgs/srv/detail/get_thruster_state__struct.hpp
[2.589s] -- Up-to-date: /home/isopodin-time/ros2_ws/install/uuv_gazebo_ros_plugins_msgs/include/uuv_gazebo_ros_plugins_msgs/srv/detail/get_model_properties__builder.hpp
[2.590s] -- Up-to-date: /home/isopodin-time/ros2_ws/install/uuv_gazebo_ros_plugins_msgs/include/uuv_gazebo_ros_plugins_msgs/srv/detail/get_list_param__traits.hpp
[2.590s] -- Up-to-date: /home/isopodin-time/ros2_ws/install/uuv_gazebo_ros_plugins_msgs/include/uuv_gazebo_ros_plugins_msgs/srv/detail/set_thruster_state__type_support.hpp
[2.590s] -- Up-to-date: /home/isopodin-time/ros2_ws/install/uuv_gazebo_ros_plugins_msgs/include/uuv_gazebo_ros_plugins_msgs/srv/detail/set_use_global_current_vel__type_support.hpp
[2.590s] -- Up-to-date: /home/isopodin-time/ros2_ws/install/uuv_gazebo_ros_plugins_msgs/include/uuv_gazebo_ros_plugins_msgs/srv/detail/get_thruster_efficiency__traits.hpp
[2.590s] -- Up-to-date: /home/isopodin-time/ros2_ws/install/uuv_gazebo_ros_plugins_msgs/include/uuv_gazebo_ros_plugins_msgs/srv/detail/get_model_properties__traits.hpp
[2.590s] -- Up-to-date: /home/isopodin-time/ros2_ws/install/uuv_gazebo_ros_plugins_msgs/include/uuv_gazebo_ros_plugins_msgs/srv/detail/get_thruster_conversion_fcn__traits.hpp
[2.590s] -- Up-to-date: /home/isopodin-time/ros2_ws/install/uuv_gazebo_ros_plugins_msgs/include/uuv_gazebo_ros_plugins_msgs/srv/detail/get_model_properties__struct.hpp
[2.591s] -- Up-to-date: /home/isopodin-time/ros2_ws/install/uuv_gazebo_ros_plugins_msgs/include/uuv_gazebo_ros_plugins_msgs/srv/detail/get_thruster_state__builder.hpp
[2.591s] -- Up-to-date: /home/isopodin-time/ros2_ws/install/uuv_gazebo_ros_plugins_msgs/include/uuv_gazebo_ros_plugins_msgs/srv/detail/get_thruster_conversion_fcn__type_support.hpp
[2.591s] -- Up-to-date: /home/isopodin-time/ros2_ws/install/uuv_gazebo_ros_plugins_msgs/include/uuv_gazebo_ros_plugins_msgs/srv/detail/get_thruster_efficiency__builder.hpp
[2.591s] -- Up-to-date: /home/isopodin-time/ros2_ws/install/uuv_gazebo_ros_plugins_msgs/include/uuv_gazebo_ros_plugins_msgs/srv/detail/get_float__builder.hpp
[2.591s] -- Up-to-date: /home/isopodin-time/ros2_ws/install/uuv_gazebo_ros_plugins_msgs/include/uuv_gazebo_ros_plugins_msgs/srv/detail/set_thruster_efficiency__builder.hpp
[2.591s] -- Up-to-date: /home/isopodin-time/ros2_ws/install/uuv_gazebo_ros_plugins_msgs/include/uuv_gazebo_ros_plugins_msgs/srv/detail/get_model_properties__type_support.hpp
[2.591s] -- Up-to-date: /home/isopodin-time/ros2_ws/install/uuv_gazebo_ros_plugins_msgs/include/uuv_gazebo_ros_plugins_msgs/srv/detail/get_thruster_conversion_fcn__builder.hpp
[2.591s] -- Up-to-date: /home/isopodin-time/ros2_ws/install/uuv_gazebo_ros_plugins_msgs/include/uuv_gazebo_ros_plugins_msgs/srv/detail/get_float__traits.hpp
[2.592s] -- Up-to-date: /home/isopodin-time/ros2_ws/install/uuv_gazebo_ros_plugins_msgs/include/uuv_gazebo_ros_plugins_msgs/srv/detail/get_float__struct.hpp
[2.592s] -- Up-to-date: /home/isopodin-time/ros2_ws/install/uuv_gazebo_ros_plugins_msgs/include/uuv_gazebo_ros_plugins_msgs/srv/detail/get_thruster_state__type_support.hpp
[2.592s] -- Up-to-date: /home/isopodin-time/ros2_ws/install/uuv_gazebo_ros_plugins_msgs/include/uuv_gazebo_ros_plugins_msgs/srv/detail/get_thruster_state__traits.hpp
[2.592s] -- Up-to-date: /home/isopodin-time/ros2_ws/install/uuv_gazebo_ros_plugins_msgs/include/uuv_gazebo_ros_plugins_msgs/srv/detail/get_list_param__struct.hpp
[2.592s] -- Up-to-date: /home/isopodin-time/ros2_ws/install/uuv_gazebo_ros_plugins_msgs/include/uuv_gazebo_ros_plugins_msgs/srv/detail/set_thruster_efficiency__type_support.hpp
[2.592s] -- Up-to-date: /home/isopodin-time/ros2_ws/install/uuv_gazebo_ros_plugins_msgs/include/uuv_gazebo_ros_plugins_msgs/srv/detail/set_use_global_current_vel__struct.hpp
[2.592s] -- Up-to-date: /home/isopodin-time/ros2_ws/install/uuv_gazebo_ros_plugins_msgs/include/uuv_gazebo_ros_plugins_msgs/srv/set_float.hpp
[2.593s] -- Up-to-date: /home/isopodin-time/ros2_ws/install/uuv_gazebo_ros_plugins_msgs/include/uuv_gazebo_ros_plugins_msgs/srv/get_float.hpp
[2.593s] -- Up-to-date: /home/isopodin-time/ros2_ws/install/uuv_gazebo_ros_plugins_msgs/include/uuv_gazebo_ros_plugins_msgs/srv/get_thruster_efficiency.hpp
[2.593s] -- Up-to-date: /home/isopodin-time/ros2_ws/install/uuv_gazebo_ros_plugins_msgs/include/uuv_gazebo_ros_plugins_msgs/srv/set_thruster_state.hpp
[2.593s] -- Up-to-date: /home/isopodin-time/ros2_ws/install/uuv_gazebo_ros_plugins_msgs/include/uuv_gazebo_ros_plugins_msgs/srv/set_thruster_efficiency.hpp
[2.593s] -- Up-to-date: /home/isopodin-time/ros2_ws/install/uuv_gazebo_ros_plugins_msgs/include/uuv_gazebo_ros_plugins_msgs/srv/get_thruster_state.hpp
[2.593s] -- Up-to-date: /home/isopodin-time/ros2_ws/install/uuv_gazebo_ros_plugins_msgs/include/uuv_gazebo_ros_plugins_msgs/srv/get_thruster_conversion_fcn.hpp
[2.593s] -- Up-to-date: /home/isopodin-time/ros2_ws/install/uuv_gazebo_ros_plugins_msgs/include/uuv_gazebo_ros_plugins_msgs
[2.594s] -- Up-to-date: /home/isopodin-time/ros2_ws/install/uuv_gazebo_ros_plugins_msgs/include/uuv_gazebo_ros_plugins_msgs/msg
[2.594s] -- Up-to-date: /home/isopodin-time/ros2_ws/install/uuv_gazebo_ros_plugins_msgs/include/uuv_gazebo_ros_plugins_msgs/msg/detail
[2.594s] -- Up-to-date: /home/isopodin-time/ros2_ws/install/uuv_gazebo_ros_plugins_msgs/include/uuv_gazebo_ros_plugins_msgs/msg/detail/thruster_conversion_fcn__rosidl_typesupport_introspection_cpp.hpp
[2.594s] -- Up-to-date: /home/isopodin-time/ros2_ws/install/uuv_gazebo_ros_plugins_msgs/include/uuv_gazebo_ros_plugins_msgs/msg/detail/underwater_object_model__type_support.cpp
[2.594s] -- Up-to-date: /home/isopodin-time/ros2_ws/install/uuv_gazebo_ros_plugins_msgs/include/uuv_gazebo_ros_plugins_msgs/msg/detail/float_stamped__type_support.cpp
[2.594s] -- Up-to-date: /home/isopodin-time/ros2_ws/install/uuv_gazebo_ros_plugins_msgs/include/uuv_gazebo_ros_plugins_msgs/msg/detail/underwater_object_model__rosidl_typesupport_introspection_cpp.hpp
[2.595s] -- Up-to-date: /home/isopodin-time/ros2_ws/install/uuv_gazebo_ros_plugins_msgs/include/uuv_gazebo_ros_plugins_msgs/msg/detail/float_stamped__rosidl_typesupport_introspection_cpp.hpp
[2.595s] -- Up-to-date: /home/isopodin-time/ros2_ws/install/uuv_gazebo_ros_plugins_msgs/include/uuv_gazebo_ros_plugins_msgs/msg/detail/thruster_conversion_fcn__type_support.cpp
[2.595s] -- Up-to-date: /home/isopodin-time/ros2_ws/install/uuv_gazebo_ros_plugins_msgs/include/uuv_gazebo_ros_plugins_msgs/srv
[2.595s] -- Up-to-date: /home/isopodin-time/ros2_ws/install/uuv_gazebo_ros_plugins_msgs/include/uuv_gazebo_ros_plugins_msgs/srv/detail
[2.595s] -- Up-to-date: /home/isopodin-time/ros2_ws/install/uuv_gazebo_ros_plugins_msgs/include/uuv_gazebo_ros_plugins_msgs/srv/detail/get_model_properties__type_support.cpp
[2.595s] -- Up-to-date: /home/isopodin-time/ros2_ws/install/uuv_gazebo_ros_plugins_msgs/include/uuv_gazebo_ros_plugins_msgs/srv/detail/set_float__type_support.cpp
[2.595s] -- Up-to-date: /home/isopodin-time/ros2_ws/install/uuv_gazebo_ros_plugins_msgs/include/uuv_gazebo_ros_plugins_msgs/srv/detail/get_thruster_efficiency__type_support.cpp
[2.596s] -- Up-to-date: /home/isopodin-time/ros2_ws/install/uuv_gazebo_ros_plugins_msgs/include/uuv_gazebo_ros_plugins_msgs/srv/detail/get_thruster_conversion_fcn__rosidl_typesupport_introspection_cpp.hpp
[2.596s] -- Up-to-date: /home/isopodin-time/ros2_ws/install/uuv_gazebo_ros_plugins_msgs/include/uuv_gazebo_ros_plugins_msgs/srv/detail/get_list_param__rosidl_typesupport_introspection_cpp.hpp
[2.596s] -- Up-to-date: /home/isopodin-time/ros2_ws/install/uuv_gazebo_ros_plugins_msgs/include/uuv_gazebo_ros_plugins_msgs/srv/detail/get_thruster_state__rosidl_typesupport_introspection_cpp.hpp
[2.596s] -- Up-to-date: /home/isopodin-time/ros2_ws/install/uuv_gazebo_ros_plugins_msgs/include/uuv_gazebo_ros_plugins_msgs/srv/detail/set_use_global_current_vel__rosidl_typesupport_introspection_cpp.hpp
[2.596s] -- Up-to-date: /home/isopodin-time/ros2_ws/install/uuv_gazebo_ros_plugins_msgs/include/uuv_gazebo_ros_plugins_msgs/srv/detail/set_thruster_state__type_support.cpp
[2.596s] -- Up-to-date: /home/isopodin-time/ros2_ws/install/uuv_gazebo_ros_plugins_msgs/include/uuv_gazebo_ros_plugins_msgs/srv/detail/set_use_global_current_vel__type_support.cpp
[2.597s] -- Up-to-date: /home/isopodin-time/ros2_ws/install/uuv_gazebo_ros_plugins_msgs/include/uuv_gazebo_ros_plugins_msgs/srv/detail/set_thruster_efficiency__rosidl_typesupport_introspection_cpp.hpp
[2.597s] -- Up-to-date: /home/isopodin-time/ros2_ws/install/uuv_gazebo_ros_plugins_msgs/include/uuv_gazebo_ros_plugins_msgs/srv/detail/get_model_properties__rosidl_typesupport_introspection_cpp.hpp
[2.597s] -- Up-to-date: /home/isopodin-time/ros2_ws/install/uuv_gazebo_ros_plugins_msgs/include/uuv_gazebo_ros_plugins_msgs/srv/detail/set_thruster_state__rosidl_typesupport_introspection_cpp.hpp
[2.597s] -- Up-to-date: /home/isopodin-time/ros2_ws/install/uuv_gazebo_ros_plugins_msgs/include/uuv_gazebo_ros_plugins_msgs/srv/detail/get_thruster_efficiency__rosidl_typesupport_introspection_cpp.hpp
[2.597s] -- Up-to-date: /home/isopodin-time/ros2_ws/install/uuv_gazebo_ros_plugins_msgs/include/uuv_gazebo_ros_plugins_msgs/srv/detail/get_float__rosidl_typesupport_introspection_cpp.hpp
[2.597s] -- Up-to-date: /home/isopodin-time/ros2_ws/install/uuv_gazebo_ros_plugins_msgs/include/uuv_gazebo_ros_plugins_msgs/srv/detail/set_thruster_efficiency__type_support.cpp
[2.597s] -- Up-to-date: /home/isopodin-time/ros2_ws/install/uuv_gazebo_ros_plugins_msgs/include/uuv_gazebo_ros_plugins_msgs/srv/detail/get_thruster_conversion_fcn__type_support.cpp
[2.598s] -- Up-to-date: /home/isopodin-time/ros2_ws/install/uuv_gazebo_ros_plugins_msgs/include/uuv_gazebo_ros_plugins_msgs/srv/detail/get_float__type_support.cpp
[2.598s] -- Up-to-date: /home/isopodin-time/ros2_ws/install/uuv_gazebo_ros_plugins_msgs/include/uuv_gazebo_ros_plugins_msgs/srv/detail/set_float__rosidl_typesupport_introspection_cpp.hpp
[2.598s] -- Up-to-date: /home/isopodin-time/ros2_ws/install/uuv_gazebo_ros_plugins_msgs/include/uuv_gazebo_ros_plugins_msgs/srv/detail/get_list_param__type_support.cpp
[2.598s] -- Up-to-date: /home/isopodin-time/ros2_ws/install/uuv_gazebo_ros_plugins_msgs/include/uuv_gazebo_ros_plugins_msgs/srv/detail/get_thruster_state__type_support.cpp
[2.598s] -- Up-to-date: /home/isopodin-time/ros2_ws/install/uuv_gazebo_ros_plugins_msgs/lib/libuuv_gazebo_ros_plugins_msgs__rosidl_typesupport_introspection_cpp.so
[2.598s] -- Up-to-date: /home/isopodin-time/ros2_ws/install/uuv_gazebo_ros_plugins_msgs/lib/libuuv_gazebo_ros_plugins_msgs__rosidl_typesupport_cpp.so
[2.599s] -- Up-to-date: /home/isopodin-time/ros2_ws/install/uuv_gazebo_ros_plugins_msgs/share/uuv_gazebo_ros_plugins_msgs/environment/pythonpath.sh
[2.599s] -- Up-to-date: /home/isopodin-time/ros2_ws/install/uuv_gazebo_ros_plugins_msgs/share/uuv_gazebo_ros_plugins_msgs/environment/pythonpath.dsv
[2.599s] -- Up-to-date: /home/isopodin-time/ros2_ws/install/uuv_gazebo_ros_plugins_msgs/lib/python3.8/site-packages/uuv_gazebo_ros_plugins_msgs/__init__.py
[2.625s] -- Up-to-date: /home/isopodin-time/ros2_ws/install/uuv_gazebo_ros_plugins_msgs/lib/python3.8/site-packages/uuv_gazebo_ros_plugins_msgs/msg
[2.625s] -- Up-to-date: /home/isopodin-time/ros2_ws/install/uuv_gazebo_ros_plugins_msgs/lib/python3.8/site-packages/uuv_gazebo_ros_plugins_msgs/msg/_thruster_conversion_fcn_s.c
[2.626s] -- Up-to-date: /home/isopodin-time/ros2_ws/install/uuv_gazebo_ros_plugins_msgs/lib/python3.8/site-packages/uuv_gazebo_ros_plugins_msgs/msg/_underwater_object_model.py
[2.626s] -- Up-to-date: /home/isopodin-time/ros2_ws/install/uuv_gazebo_ros_plugins_msgs/lib/python3.8/site-packages/uuv_gazebo_ros_plugins_msgs/msg/__init__.py
[2.626s] -- Up-to-date: /home/isopodin-time/ros2_ws/install/uuv_gazebo_ros_plugins_msgs/lib/python3.8/site-packages/uuv_gazebo_ros_plugins_msgs/msg/_float_stamped_s.c
[2.627s] -- Up-to-date: /home/isopodin-time/ros2_ws/install/uuv_gazebo_ros_plugins_msgs/lib/python3.8/site-packages/uuv_gazebo_ros_plugins_msgs/msg/_float_stamped.py
[2.627s] -- Up-to-date: /home/isopodin-time/ros2_ws/install/uuv_gazebo_ros_plugins_msgs/lib/python3.8/site-packages/uuv_gazebo_ros_plugins_msgs/msg/_thruster_conversion_fcn.py
[2.627s] -- Up-to-date: /home/isopodin-time/ros2_ws/install/uuv_gazebo_ros_plugins_msgs/lib/python3.8/site-packages/uuv_gazebo_ros_plugins_msgs/msg/_underwater_object_model_s.c
[2.627s] -- Up-to-date: /home/isopodin-time/ros2_ws/install/uuv_gazebo_ros_plugins_msgs/lib/python3.8/site-packages/uuv_gazebo_ros_plugins_msgs/srv
[2.627s] -- Up-to-date: /home/isopodin-time/ros2_ws/install/uuv_gazebo_ros_plugins_msgs/lib/python3.8/site-packages/uuv_gazebo_ros_plugins_msgs/srv/_get_list_param.py
[2.627s] -- Up-to-date: /home/isopodin-time/ros2_ws/install/uuv_gazebo_ros_plugins_msgs/lib/python3.8/site-packages/uuv_gazebo_ros_plugins_msgs/srv/_get_model_properties_s.c
[2.628s] -- Up-to-date: /home/isopodin-time/ros2_ws/install/uuv_gazebo_ros_plugins_msgs/lib/python3.8/site-packages/uuv_gazebo_ros_plugins_msgs/srv/_get_thruster_conversion_fcn_s.c
[2.628s] -- Up-to-date: /home/isopodin-time/ros2_ws/install/uuv_gazebo_ros_plugins_msgs/lib/python3.8/site-packages/uuv_gazebo_ros_plugins_msgs/srv/_get_float_s.c
[2.628s] -- Up-to-date: /home/isopodin-time/ros2_ws/install/uuv_gazebo_ros_plugins_msgs/lib/python3.8/site-packages/uuv_gazebo_ros_plugins_msgs/srv/__init__.py
[2.628s] -- Up-to-date: /home/isopodin-time/ros2_ws/install/uuv_gazebo_ros_plugins_msgs/lib/python3.8/site-packages/uuv_gazebo_ros_plugins_msgs/srv/_get_thruster_state.py
[2.628s] -- Up-to-date: /home/isopodin-time/ros2_ws/install/uuv_gazebo_ros_plugins_msgs/lib/python3.8/site-packages/uuv_gazebo_ros_plugins_msgs/srv/_set_thruster_efficiency.py
[2.628s] -- Up-to-date: /home/isopodin-time/ros2_ws/install/uuv_gazebo_ros_plugins_msgs/lib/python3.8/site-packages/uuv_gazebo_ros_plugins_msgs/srv/_get_thruster_efficiency_s.c
[2.628s] -- Up-to-date: /home/isopodin-time/ros2_ws/install/uuv_gazebo_ros_plugins_msgs/lib/python3.8/site-packages/uuv_gazebo_ros_plugins_msgs/srv/_set_float_s.c
[2.628s] -- Up-to-date: /home/isopodin-time/ros2_ws/install/uuv_gazebo_ros_plugins_msgs/lib/python3.8/site-packages/uuv_gazebo_ros_plugins_msgs/srv/_get_model_properties.py
[2.629s] -- Up-to-date: /home/isopodin-time/ros2_ws/install/uuv_gazebo_ros_plugins_msgs/lib/python3.8/site-packages/uuv_gazebo_ros_plugins_msgs/srv/_set_use_global_current_vel.py
[2.629s] -- Up-to-date: /home/isopodin-time/ros2_ws/install/uuv_gazebo_ros_plugins_msgs/lib/python3.8/site-packages/uuv_gazebo_ros_plugins_msgs/srv/_get_float.py
[2.629s] -- Up-to-date: /home/isopodin-time/ros2_ws/install/uuv_gazebo_ros_plugins_msgs/lib/python3.8/site-packages/uuv_gazebo_ros_plugins_msgs/srv/_get_thruster_conversion_fcn.py
[2.629s] -- Up-to-date: /home/isopodin-time/ros2_ws/install/uuv_gazebo_ros_plugins_msgs/lib/python3.8/site-packages/uuv_gazebo_ros_plugins_msgs/srv/_set_thruster_efficiency_s.c
[2.629s] -- Up-to-date: /home/isopodin-time/ros2_ws/install/uuv_gazebo_ros_plugins_msgs/lib/python3.8/site-packages/uuv_gazebo_ros_plugins_msgs/srv/_get_list_param_s.c
[2.629s] -- Up-to-date: /home/isopodin-time/ros2_ws/install/uuv_gazebo_ros_plugins_msgs/lib/python3.8/site-packages/uuv_gazebo_ros_plugins_msgs/srv/_set_use_global_current_vel_s.c
[2.629s] -- Up-to-date: /home/isopodin-time/ros2_ws/install/uuv_gazebo_ros_plugins_msgs/lib/python3.8/site-packages/uuv_gazebo_ros_plugins_msgs/srv/_get_thruster_state_s.c
[2.629s] -- Up-to-date: /home/isopodin-time/ros2_ws/install/uuv_gazebo_ros_plugins_msgs/lib/python3.8/site-packages/uuv_gazebo_ros_plugins_msgs/srv/_set_thruster_state_s.c
[2.629s] -- Up-to-date: /home/isopodin-time/ros2_ws/install/uuv_gazebo_ros_plugins_msgs/lib/python3.8/site-packages/uuv_gazebo_ros_plugins_msgs/srv/_get_thruster_efficiency.py
[2.630s] -- Up-to-date: /home/isopodin-time/ros2_ws/install/uuv_gazebo_ros_plugins_msgs/lib/python3.8/site-packages/uuv_gazebo_ros_plugins_msgs/srv/_set_float.py
[2.630s] -- Up-to-date: /home/isopodin-time/ros2_ws/install/uuv_gazebo_ros_plugins_msgs/lib/python3.8/site-packages/uuv_gazebo_ros_plugins_msgs/srv/_set_thruster_state.py
[2.630s] -- Up-to-date: /home/isopodin-time/ros2_ws/install/uuv_gazebo_ros_plugins_msgs/lib/python3.8/site-packages/uuv_gazebo_ros_plugins_msgs/uuv_gazebo_ros_plugins_msgs_s__rosidl_typesupport_fastrtps_c.cpython-38-x86_64-linux-gnu.so
[2.630s] -- Up-to-date: /home/isopodin-time/ros2_ws/install/uuv_gazebo_ros_plugins_msgs/lib/python3.8/site-packages/uuv_gazebo_ros_plugins_msgs/uuv_gazebo_ros_plugins_msgs_s__rosidl_typesupport_introspection_c.cpython-38-x86_64-linux-gnu.so
[2.631s] -- Up-to-date: /home/isopodin-time/ros2_ws/install/uuv_gazebo_ros_plugins_msgs/lib/python3.8/site-packages/uuv_gazebo_ros_plugins_msgs/uuv_gazebo_ros_plugins_msgs_s__rosidl_typesupport_c.cpython-38-x86_64-linux-gnu.so
[2.631s] -- Up-to-date: /home/isopodin-time/ros2_ws/install/uuv_gazebo_ros_plugins_msgs/lib/libuuv_gazebo_ros_plugins_msgs__python.so
[2.631s] -- Up-to-date: /home/isopodin-time/ros2_ws/install/uuv_gazebo_ros_plugins_msgs/share/uuv_gazebo_ros_plugins_msgs/msg/FloatStamped.idl
[2.631s] -- Up-to-date: /home/isopodin-time/ros2_ws/install/uuv_gazebo_ros_plugins_msgs/share/uuv_gazebo_ros_plugins_msgs/msg/UnderwaterObjectModel.idl
[2.631s] -- Up-to-date: /home/isopodin-time/ros2_ws/install/uuv_gazebo_ros_plugins_msgs/share/uuv_gazebo_ros_plugins_msgs/msg/ThrusterConversionFcn.idl
[2.632s] -- Up-to-date: /home/isopodin-time/ros2_ws/install/uuv_gazebo_ros_plugins_msgs/share/uuv_gazebo_ros_plugins_msgs/srv/SetThrusterEfficiency.idl
[2.632s] -- Up-to-date: /home/isopodin-time/ros2_ws/install/uuv_gazebo_ros_plugins_msgs/share/uuv_gazebo_ros_plugins_msgs/srv/SetThrusterState.idl
[2.632s] -- Up-to-date: /home/isopodin-time/ros2_ws/install/uuv_gazebo_ros_plugins_msgs/share/uuv_gazebo_ros_plugins_msgs/srv/GetThrusterEfficiency.idl
[2.632s] -- Up-to-date: /home/isopodin-time/ros2_ws/install/uuv_gazebo_ros_plugins_msgs/share/uuv_gazebo_ros_plugins_msgs/srv/GetThrusterState.idl
[2.632s] -- Up-to-date: /home/isopodin-time/ros2_ws/install/uuv_gazebo_ros_plugins_msgs/share/uuv_gazebo_ros_plugins_msgs/srv/SetUseGlobalCurrentVel.idl
[2.632s] -- Up-to-date: /home/isopodin-time/ros2_ws/install/uuv_gazebo_ros_plugins_msgs/share/uuv_gazebo_ros_plugins_msgs/srv/GetModelProperties.idl
[2.633s] -- Up-to-date: /home/isopodin-time/ros2_ws/install/uuv_gazebo_ros_plugins_msgs/share/uuv_gazebo_ros_plugins_msgs/srv/SetFloat.idl
[2.646s] -- Up-to-date: /home/isopodin-time/ros2_ws/install/uuv_gazebo_ros_plugins_msgs/share/uuv_gazebo_ros_plugins_msgs/srv/GetFloat.idl
[2.646s] -- Up-to-date: /home/isopodin-time/ros2_ws/install/uuv_gazebo_ros_plugins_msgs/share/uuv_gazebo_ros_plugins_msgs/srv/GetListParam.idl
[2.647s] -- Up-to-date: /home/isopodin-time/ros2_ws/install/uuv_gazebo_ros_plugins_msgs/share/uuv_gazebo_ros_plugins_msgs/srv/GetThrusterConversionFcn.idl
[2.647s] -- Up-to-date: /home/isopodin-time/ros2_ws/install/uuv_gazebo_ros_plugins_msgs/share/uuv_gazebo_ros_plugins_msgs/msg/FloatStamped.msg
[2.648s] -- Up-to-date: /home/isopodin-time/ros2_ws/install/uuv_gazebo_ros_plugins_msgs/share/uuv_gazebo_ros_plugins_msgs/msg/UnderwaterObjectModel.msg
[2.648s] -- Up-to-date: /home/isopodin-time/ros2_ws/install/uuv_gazebo_ros_plugins_msgs/share/uuv_gazebo_ros_plugins_msgs/msg/ThrusterConversionFcn.msg
[2.648s] -- Up-to-date: /home/isopodin-time/ros2_ws/install/uuv_gazebo_ros_plugins_msgs/share/uuv_gazebo_ros_plugins_msgs/srv/SetThrusterEfficiency.srv
[2.649s] -- Up-to-date: /home/isopodin-time/ros2_ws/install/uuv_gazebo_ros_plugins_msgs/share/uuv_gazebo_ros_plugins_msgs/srv/SetThrusterEfficiency_Request.msg
[2.650s] -- Up-to-date: /home/isopodin-time/ros2_ws/install/uuv_gazebo_ros_plugins_msgs/share/uuv_gazebo_ros_plugins_msgs/srv/SetThrusterEfficiency_Response.msg
[2.650s] -- Up-to-date: /home/isopodin-time/ros2_ws/install/uuv_gazebo_ros_plugins_msgs/share/uuv_gazebo_ros_plugins_msgs/srv/SetThrusterState.srv
[2.650s] -- Up-to-date: /home/isopodin-time/ros2_ws/install/uuv_gazebo_ros_plugins_msgs/share/uuv_gazebo_ros_plugins_msgs/srv/SetThrusterState_Request.msg
[2.650s] -- Up-to-date: /home/isopodin-time/ros2_ws/install/uuv_gazebo_ros_plugins_msgs/share/uuv_gazebo_ros_plugins_msgs/srv/SetThrusterState_Response.msg
[2.650s] -- Up-to-date: /home/isopodin-time/ros2_ws/install/uuv_gazebo_ros_plugins_msgs/share/uuv_gazebo_ros_plugins_msgs/srv/GetThrusterEfficiency.srv
[2.651s] -- Up-to-date: /home/isopodin-time/ros2_ws/install/uuv_gazebo_ros_plugins_msgs/share/uuv_gazebo_ros_plugins_msgs/srv/GetThrusterEfficiency_Request.msg
[2.651s] -- Up-to-date: /home/isopodin-time/ros2_ws/install/uuv_gazebo_ros_plugins_msgs/share/uuv_gazebo_ros_plugins_msgs/srv/GetThrusterEfficiency_Response.msg
[2.652s] -- Up-to-date: /home/isopodin-time/ros2_ws/install/uuv_gazebo_ros_plugins_msgs/share/uuv_gazebo_ros_plugins_msgs/srv/GetThrusterState.srv
[2.652s] -- Up-to-date: /home/isopodin-time/ros2_ws/install/uuv_gazebo_ros_plugins_msgs/share/uuv_gazebo_ros_plugins_msgs/srv/GetThrusterState_Request.msg
[2.652s] -- Up-to-date: /home/isopodin-time/ros2_ws/install/uuv_gazebo_ros_plugins_msgs/share/uuv_gazebo_ros_plugins_msgs/srv/GetThrusterState_Response.msg
[2.652s] -- Up-to-date: /home/isopodin-time/ros2_ws/install/uuv_gazebo_ros_plugins_msgs/share/uuv_gazebo_ros_plugins_msgs/srv/SetUseGlobalCurrentVel.srv
[2.652s] -- Up-to-date: /home/isopodin-time/ros2_ws/install/uuv_gazebo_ros_plugins_msgs/share/uuv_gazebo_ros_plugins_msgs/srv/SetUseGlobalCurrentVel_Request.msg
[2.653s] -- Up-to-date: /home/isopodin-time/ros2_ws/install/uuv_gazebo_ros_plugins_msgs/share/uuv_gazebo_ros_plugins_msgs/srv/SetUseGlobalCurrentVel_Response.msg
[2.653s] -- Up-to-date: /home/isopodin-time/ros2_ws/install/uuv_gazebo_ros_plugins_msgs/share/uuv_gazebo_ros_plugins_msgs/srv/GetModelProperties.srv
[2.653s] -- Up-to-date: /home/isopodin-time/ros2_ws/install/uuv_gazebo_ros_plugins_msgs/share/uuv_gazebo_ros_plugins_msgs/srv/GetModelProperties_Request.msg
[2.653s] -- Up-to-date: /home/isopodin-time/ros2_ws/install/uuv_gazebo_ros_plugins_msgs/share/uuv_gazebo_ros_plugins_msgs/srv/GetModelProperties_Response.msg
[2.653s] -- Up-to-date: /home/isopodin-time/ros2_ws/install/uuv_gazebo_ros_plugins_msgs/share/uuv_gazebo_ros_plugins_msgs/srv/SetFloat.srv
[2.653s] -- Up-to-date: /home/isopodin-time/ros2_ws/install/uuv_gazebo_ros_plugins_msgs/share/uuv_gazebo_ros_plugins_msgs/srv/SetFloat_Request.msg
[2.654s] -- Up-to-date: /home/isopodin-time/ros2_ws/install/uuv_gazebo_ros_plugins_msgs/share/uuv_gazebo_ros_plugins_msgs/srv/SetFloat_Response.msg
[2.654s] -- Up-to-date: /home/isopodin-time/ros2_ws/install/uuv_gazebo_ros_plugins_msgs/share/uuv_gazebo_ros_plugins_msgs/srv/GetFloat.srv
[2.654s] -- Up-to-date: /home/isopodin-time/ros2_ws/install/uuv_gazebo_ros_plugins_msgs/share/uuv_gazebo_ros_plugins_msgs/srv/GetFloat_Request.msg
[2.654s] -- Up-to-date: /home/isopodin-time/ros2_ws/install/uuv_gazebo_ros_plugins_msgs/share/uuv_gazebo_ros_plugins_msgs/srv/GetFloat_Response.msg
[2.654s] -- Up-to-date: /home/isopodin-time/ros2_ws/install/uuv_gazebo_ros_plugins_msgs/share/uuv_gazebo_ros_plugins_msgs/srv/GetListParam.srv
[2.654s] -- Up-to-date: /home/isopodin-time/ros2_ws/install/uuv_gazebo_ros_plugins_msgs/share/uuv_gazebo_ros_plugins_msgs/srv/GetListParam_Request.msg
[2.654s] -- Up-to-date: /home/isopodin-time/ros2_ws/install/uuv_gazebo_ros_plugins_msgs/share/uuv_gazebo_ros_plugins_msgs/srv/GetListParam_Response.msg
[2.655s] -- Up-to-date: /home/isopodin-time/ros2_ws/install/uuv_gazebo_ros_plugins_msgs/share/uuv_gazebo_ros_plugins_msgs/srv/GetThrusterConversionFcn.srv
[2.655s] -- Up-to-date: /home/isopodin-time/ros2_ws/install/uuv_gazebo_ros_plugins_msgs/share/uuv_gazebo_ros_plugins_msgs/srv/GetThrusterConversionFcn_Request.msg
[2.655s] -- Up-to-date: /home/isopodin-time/ros2_ws/install/uuv_gazebo_ros_plugins_msgs/share/uuv_gazebo_ros_plugins_msgs/srv/GetThrusterConversionFcn_Response.msg
[2.655s] -- Up-to-date: /home/isopodin-time/ros2_ws/install/uuv_gazebo_ros_plugins_msgs/share/ament_index/resource_index/package_run_dependencies/uuv_gazebo_ros_plugins_msgs
[2.655s] -- Up-to-date: /home/isopodin-time/ros2_ws/install/uuv_gazebo_ros_plugins_msgs/share/ament_index/resource_index/parent_prefix_path/uuv_gazebo_ros_plugins_msgs
[2.655s] -- Up-to-date: /home/isopodin-time/ros2_ws/install/uuv_gazebo_ros_plugins_msgs/share/uuv_gazebo_ros_plugins_msgs/environment/ament_prefix_path.sh
[2.655s] -- Up-to-date: /home/isopodin-time/ros2_ws/install/uuv_gazebo_ros_plugins_msgs/share/uuv_gazebo_ros_plugins_msgs/environment/ament_prefix_path.dsv
[2.655s] -- Up-to-date: /home/isopodin-time/ros2_ws/install/uuv_gazebo_ros_plugins_msgs/share/uuv_gazebo_ros_plugins_msgs/environment/path.sh
[2.656s] -- Up-to-date: /home/isopodin-time/ros2_ws/install/uuv_gazebo_ros_plugins_msgs/share/uuv_gazebo_ros_plugins_msgs/environment/path.dsv
[2.656s] -- Up-to-date: /home/isopodin-time/ros2_ws/install/uuv_gazebo_ros_plugins_msgs/share/uuv_gazebo_ros_plugins_msgs/local_setup.bash
[2.656s] -- Up-to-date: /home/isopodin-time/ros2_ws/install/uuv_gazebo_ros_plugins_msgs/share/uuv_gazebo_ros_plugins_msgs/local_setup.sh
[2.656s] -- Up-to-date: /home/isopodin-time/ros2_ws/install/uuv_gazebo_ros_plugins_msgs/share/uuv_gazebo_ros_plugins_msgs/local_setup.zsh
[2.656s] -- Up-to-date: /home/isopodin-time/ros2_ws/install/uuv_gazebo_ros_plugins_msgs/share/uuv_gazebo_ros_plugins_msgs/local_setup.dsv
[2.656s] -- Installing: /home/isopodin-time/ros2_ws/install/uuv_gazebo_ros_plugins_msgs/share/uuv_gazebo_ros_plugins_msgs/package.dsv
[2.656s] -- Up-to-date: /home/isopodin-time/ros2_ws/install/uuv_gazebo_ros_plugins_msgs/share/ament_index/resource_index/packages/uuv_gazebo_ros_plugins_msgs
[2.656s] -- Up-to-date: /home/isopodin-time/ros2_ws/install/uuv_gazebo_ros_plugins_msgs/share/uuv_gazebo_ros_plugins_msgs/cmake/uuv_gazebo_ros_plugins_msgs__rosidl_generator_cExport.cmake
[2.657s] -- Up-to-date: /home/isopodin-time/ros2_ws/install/uuv_gazebo_ros_plugins_msgs/share/uuv_gazebo_ros_plugins_msgs/cmake/uuv_gazebo_ros_plugins_msgs__rosidl_generator_cExport-noconfig.cmake
[2.657s] -- Up-to-date: /home/isopodin-time/ros2_ws/install/uuv_gazebo_ros_plugins_msgs/share/uuv_gazebo_ros_plugins_msgs/cmake/uuv_gazebo_ros_plugins_msgs__rosidl_typesupport_introspection_cExport.cmake
[2.657s] -- Up-to-date: /home/isopodin-time/ros2_ws/install/uuv_gazebo_ros_plugins_msgs/share/uuv_gazebo_ros_plugins_msgs/cmake/uuv_gazebo_ros_plugins_msgs__rosidl_typesupport_introspection_cExport-noconfig.cmake
[2.657s] -- Up-to-date: /home/isopodin-time/ros2_ws/install/uuv_gazebo_ros_plugins_msgs/share/uuv_gazebo_ros_plugins_msgs/cmake/uuv_gazebo_ros_plugins_msgs__rosidl_typesupport_cExport.cmake
[2.659s] -- Up-to-date: /home/isopodin-time/ros2_ws/install/uuv_gazebo_ros_plugins_msgs/share/uuv_gazebo_ros_plugins_msgs/cmake/uuv_gazebo_ros_plugins_msgs__rosidl_typesupport_cExport-noconfig.cmake
[2.659s] -- Up-to-date: /home/isopodin-time/ros2_ws/install/uuv_gazebo_ros_plugins_msgs/share/uuv_gazebo_ros_plugins_msgs/cmake/uuv_gazebo_ros_plugins_msgs__rosidl_generator_cppExport.cmake
[2.667s] -- Up-to-date: /home/isopodin-time/ros2_ws/install/uuv_gazebo_ros_plugins_msgs/share/uuv_gazebo_ros_plugins_msgs/cmake/uuv_gazebo_ros_plugins_msgs__rosidl_typesupport_introspection_cppExport.cmake
[2.668s] -- Up-to-date: /home/isopodin-time/ros2_ws/install/uuv_gazebo_ros_plugins_msgs/share/uuv_gazebo_ros_plugins_msgs/cmake/uuv_gazebo_ros_plugins_msgs__rosidl_typesupport_introspection_cppExport-noconfig.cmake
[2.668s] -- Up-to-date: /home/isopodin-time/ros2_ws/install/uuv_gazebo_ros_plugins_msgs/share/uuv_gazebo_ros_plugins_msgs/cmake/uuv_gazebo_ros_plugins_msgs__rosidl_typesupport_cppExport.cmake
[2.669s] -- Up-to-date: /home/isopodin-time/ros2_ws/install/uuv_gazebo_ros_plugins_msgs/share/uuv_gazebo_ros_plugins_msgs/cmake/uuv_gazebo_ros_plugins_msgs__rosidl_typesupport_cppExport-noconfig.cmake
[2.672s] -- Up-to-date: /home/isopodin-time/ros2_ws/install/uuv_gazebo_ros_plugins_msgs/share/uuv_gazebo_ros_plugins_msgs/cmake/rosidl_cmake-extras.cmake
[2.672s] -- Up-to-date: /home/isopodin-time/ros2_ws/install/uuv_gazebo_ros_plugins_msgs/share/uuv_gazebo_ros_plugins_msgs/cmake/ament_cmake_export_dependencies-extras.cmake
[2.673s] -- Up-to-date: /home/isopodin-time/ros2_ws/install/uuv_gazebo_ros_plugins_msgs/share/uuv_gazebo_ros_plugins_msgs/cmake/ament_cmake_export_libraries-extras.cmake
[2.681s] -- Up-to-date: /home/isopodin-time/ros2_ws/install/uuv_gazebo_ros_plugins_msgs/share/uuv_gazebo_ros_plugins_msgs/cmake/ament_cmake_export_targets-extras.cmake
[2.681s] -- Up-to-date: /home/isopodin-time/ros2_ws/install/uuv_gazebo_ros_plugins_msgs/share/uuv_gazebo_ros_plugins_msgs/cmake/ament_cmake_export_include_directories-extras.cmake
[2.682s] -- Up-to-date: /home/isopodin-time/ros2_ws/install/uuv_gazebo_ros_plugins_msgs/share/uuv_gazebo_ros_plugins_msgs/cmake/rosidl_cmake_export_typesupport_libraries-extras.cmake
[2.682s] -- Up-to-date: /home/isopodin-time/ros2_ws/install/uuv_gazebo_ros_plugins_msgs/share/uuv_gazebo_ros_plugins_msgs/cmake/rosidl_cmake_export_typesupport_targets-extras.cmake
[2.683s] -- Up-to-date: /home/isopodin-time/ros2_ws/install/uuv_gazebo_ros_plugins_msgs/share/uuv_gazebo_ros_plugins_msgs/cmake/uuv_gazebo_ros_plugins_msgsConfig.cmake
[2.683s] -- Up-to-date: /home/isopodin-time/ros2_ws/install/uuv_gazebo_ros_plugins_msgs/share/uuv_gazebo_ros_plugins_msgs/cmake/uuv_gazebo_ros_plugins_msgsConfig-version.cmake
[2.683s] -- Up-to-date: /home/isopodin-time/ros2_ws/install/uuv_gazebo_ros_plugins_msgs/share/uuv_gazebo_ros_plugins_msgs/package.xml
[2.723s] Invoked command in '/home/isopodin-time/ros2_ws/build/uuv_gazebo_ros_plugins_msgs' returned '0': CMAKE_PREFIX_PATH=${CMAKE_PREFIX_PATH}:/opt/ros/foxy /usr/bin/cmake --install /home/isopodin-time/ros2_ws/build/uuv_gazebo_ros_plugins_msgs
