-- Found ament_cmake: 0.9.12 (/opt/ros/foxy/share/ament_cmake/cmake)
-- Using PYTHON_EXECUTABLE: /usr/bin/python3
-- Override CMake install command with custom implementation using symlinks instead of copying resources
-- Found rclcpp: 2.4.3 (/opt/ros/foxy/share/rclcpp/cmake)
-- Using all available rosidl_typesupport_c: rosidl_typesupport_fastrtps_c;rosidl_typesupport_introspection_c
-- Found rosidl_adapter: 1.3.1 (/opt/ros/foxy/share/rosidl_adapter/cmake)
-- Using all available rosidl_typesupport_cpp: rosidl_typesupport_fastrtps_cpp;rosidl_typesupport_introspection_cpp
-- Found rmw_implementation_cmake: 1.0.4 (/opt/ros/foxy/share/rmw_implementation_cmake/cmake)
-- Using RMW implementation 'rmw_fastrtps_cpp' as default
-- Found geometry_msgs: 2.0.5 (/opt/ros/foxy/share/geometry_msgs/cmake)
-- Found sensor_msgs: 2.0.5 (/opt/ros/foxy/share/sensor_msgs/cmake)
-- Found custom_msg_srv: 0.0.0 (/home/isopodin-time/ros2_ws/install/custom_msg_srv/share/custom_msg_srv/cmake)
-- Configuring done
-- Generating done
-- Build files have been written to: /home/isopodin-time/ros2_ws/build/muuv_ros
[35m[1mScanning dependencies of target pid_recombiner[0m
[ 33%] Built target thrusters
[ 77%] Built target sensors
[ 88%] [32mBuilding CXX object CMakeFiles/pid_recombiner.dir/src/muuv_ros/pid_recombiner.cpp.o[0m
[100%] [32m[1mLinking CXX executable pid_recombiner[0m
[100%] Built target pid_recombiner
-- Install configuration: ""
-- Execute custom install script
-- Symlinking: /home/isopodin-time/ros2_ws/install/muuv_ros/lib/muuv_ros/pid_recombiner
-- Up-to-date symlink: /home/isopodin-time/ros2_ws/install/muuv_ros/lib/muuv_ros/thrusters
-- Up-to-date symlink: /home/isopodin-time/ros2_ws/install/muuv_ros/lib/muuv_ros/sensors
-- Up-to-date symlink: /home/isopodin-time/ros2_ws/install/muuv_ros/share/muuv_ros/launch/test.launch.py
-- Up-to-date symlink: /home/isopodin-time/ros2_ws/install/muuv_ros/share/ament_index/resource_index/package_run_dependencies/muuv_ros
-- Up-to-date symlink: /home/isopodin-time/ros2_ws/install/muuv_ros/share/ament_index/resource_index/parent_prefix_path/muuv_ros
-- Up-to-date symlink: /home/isopodin-time/ros2_ws/install/muuv_ros/share/muuv_ros/environment/ament_prefix_path.sh
-- Up-to-date symlink: /home/isopodin-time/ros2_ws/install/muuv_ros/share/muuv_ros/environment/ament_prefix_path.dsv
-- Up-to-date symlink: /home/isopodin-time/ros2_ws/install/muuv_ros/share/muuv_ros/environment/path.sh
-- Up-to-date symlink: /home/isopodin-time/ros2_ws/install/muuv_ros/share/muuv_ros/environment/path.dsv
-- Up-to-date symlink: /home/isopodin-time/ros2_ws/install/muuv_ros/share/muuv_ros/local_setup.bash
-- Up-to-date symlink: /home/isopodin-time/ros2_ws/install/muuv_ros/share/muuv_ros/local_setup.sh
-- Up-to-date symlink: /home/isopodin-time/ros2_ws/install/muuv_ros/share/muuv_ros/local_setup.zsh
-- Up-to-date symlink: /home/isopodin-time/ros2_ws/install/muuv_ros/share/muuv_ros/local_setup.dsv
-- Symlinking: /home/isopodin-time/ros2_ws/install/muuv_ros/share/muuv_ros/package.dsv
-- Up-to-date symlink: /home/isopodin-time/ros2_ws/install/muuv_ros/share/ament_index/resource_index/packages/muuv_ros
-- Up-to-date symlink: /home/isopodin-time/ros2_ws/install/muuv_ros/share/muuv_ros/cmake/muuv_rosConfig.cmake
-- Up-to-date symlink: /home/isopodin-time/ros2_ws/install/muuv_ros/share/muuv_ros/cmake/muuv_rosConfig-version.cmake
-- Up-to-date symlink: /home/isopodin-time/ros2_ws/install/muuv_ros/share/muuv_ros/package.xml
