[35m[1mScanning dependencies of target pid_recombiner[0m
[ 33%] Built target thrusters
[ 77%] Built target sensors
[ 88%] [32mBuilding CXX object CMakeFiles/pid_recombiner.dir/src/muuv_ros/pid_recombiner.cpp.o[0m
[01m[K/home/isopodin-time/ros2_ws/src/muuv_ros/src/muuv_ros/pid_recombiner.cpp:57:22:[m[K [01;31m[Kerror: [m[K‘[01m[KSubscription[m[K’ in namespace ‘[01m[Kmessage_filters[m[K’ does not name a template type
   57 |     message_filters::[01;31m[KSubscription[m[K<StampedFloatMsg>::SharedPtr sub_x;
      |                      [01;31m[K^~~~~~~~~~~~[m[K
[01m[K/home/isopodin-time/ros2_ws/src/muuv_ros/src/muuv_ros/pid_recombiner.cpp:58:22:[m[K [01;31m[Kerror: [m[K‘[01m[KSubscription[m[K’ in namespace ‘[01m[Kmessage_filters[m[K’ does not name a template type
   58 |     message_filters::[01;31m[KSubscription[m[K<StampedFloatMsg>::SharedPtr sub_y;
      |                      [01;31m[K^~~~~~~~~~~~[m[K
[01m[K/home/isopodin-time/ros2_ws/src/muuv_ros/src/muuv_ros/pid_recombiner.cpp:59:22:[m[K [01;31m[Kerror: [m[K‘[01m[KSubscription[m[K’ in namespace ‘[01m[Kmessage_filters[m[K’ does not name a template type
   59 |     message_filters::[01;31m[KSubscription[m[K<StampedFloatMsg>::SharedPtr sub_z;
      |                      [01;31m[K^~~~~~~~~~~~[m[K
[01m[K/home/isopodin-time/ros2_ws/src/muuv_ros/src/muuv_ros/pid_recombiner.cpp:60:22:[m[K [01;31m[Kerror: [m[K‘[01m[KSubscription[m[K’ in namespace ‘[01m[Kmessage_filters[m[K’ does not name a template type
   60 |     message_filters::[01;31m[KSubscription[m[K<StampedFloatMsg>::SharedPtr sub_rx;
      |                      [01;31m[K^~~~~~~~~~~~[m[K
[01m[K/home/isopodin-time/ros2_ws/src/muuv_ros/src/muuv_ros/pid_recombiner.cpp:61:22:[m[K [01;31m[Kerror: [m[K‘[01m[KSubscription[m[K’ in namespace ‘[01m[Kmessage_filters[m[K’ does not name a template type
   61 |     message_filters::[01;31m[KSubscription[m[K<StampedFloatMsg>::SharedPtr sub_ry;
      |                      [01;31m[K^~~~~~~~~~~~[m[K
[01m[K/home/isopodin-time/ros2_ws/src/muuv_ros/src/muuv_ros/pid_recombiner.cpp:62:22:[m[K [01;31m[Kerror: [m[K‘[01m[KSubscription[m[K’ in namespace ‘[01m[Kmessage_filters[m[K’ does not name a template type
   62 |     message_filters::[01;31m[KSubscription[m[K<StampedFloatMsg>::SharedPtr sub_rz;
      |                      [01;31m[K^~~~~~~~~~~~[m[K
[01m[K/home/isopodin-time/ros2_ws/src/muuv_ros/src/muuv_ros/pid_recombiner.cpp:66:5:[m[K [01;31m[Kerror: [m[K‘[01m[Kcustom_qos_profile[m[K’ does not name a type
   66 |     [01;31m[Kcustom_qos_profile[m[K.depth = 1;
      |     [01;31m[K^~~~~~~~~~~~~~~~~~[m[K
[01m[K/home/isopodin-time/ros2_ws/src/muuv_ros/src/muuv_ros/pid_recombiner.cpp:67:5:[m[K [01;31m[Kerror: [m[K‘[01m[Kcustom_qos_profile[m[K’ does not name a type
   67 |     [01;31m[Kcustom_qos_profile[m[K.reliability = rmw_qos_reliability_policy_t::RMW_QOS_POLICY_RELIABILITY_BEST_EFFORT;
      |     [01;31m[K^~~~~~~~~~~~~~~~~~[m[K
[01m[K/home/isopodin-time/ros2_ws/src/muuv_ros/src/muuv_ros/pid_recombiner.cpp:68:5:[m[K [01;31m[Kerror: [m[K‘[01m[Kcustom_qos_profile[m[K’ does not name a type
   68 |     [01;31m[Kcustom_qos_profile[m[K.history = rmw_qos_history_policy_t::RMW_QOS_POLICY_HISTORY_KEEP_LAST;
      |     [01;31m[K^~~~~~~~~~~~~~~~~~[m[K
[01m[K/home/isopodin-time/ros2_ws/src/muuv_ros/src/muuv_ros/pid_recombiner.cpp:69:5:[m[K [01;31m[Kerror: [m[K‘[01m[Kcustom_qos_profile[m[K’ does not name a type
   69 |     [01;31m[Kcustom_qos_profile[m[K.durability = rmw_qos_durability_policy_t::RMW_QOS_POLICY_DURABILITY_TRANSIENT_LOCAL;
      |     [01;31m[K^~~~~~~~~~~~~~~~~~[m[K
[01m[K/home/isopodin-time/ros2_ws/src/muuv_ros/src/muuv_ros/pid_recombiner.cpp:72:76:[m[K [01;31m[Kerror: [m[Kwrong number of template arguments (1, should be at least 2)
   72 |     typedef message_filters::sync_policies::ApproximateTime<StampedFloatMsg[01;31m[K>[m[K approximate_policy;
      |                                                                            [01;31m[K^[m[K
In file included from [01m[K/home/isopodin-time/ros2_ws/src/muuv_ros/src/muuv_ros/pid_recombiner.cpp:8[m[K:
[01m[K/opt/ros/foxy/include/message_filters/sync_policies/approximate_time.h:77:8:[m[K [01;36m[Knote: [m[Kprovided for ‘[01m[Ktemplate<class M0, class M1, class M2, class M3, class M4, class M5, class M6, class M7, class M8> struct message_filters::sync_policies::ApproximateTime[m[K’
   77 | struct [01;36m[KApproximateTime[m[K : public PolicyBase<M0, M1, M2, M3, M4, M5, M6, M7, M8>
      |        [01;36m[K^~~~~~~~~~~~~~~[m[K
[01m[K/home/isopodin-time/ros2_ws/src/muuv_ros/src/muuv_ros/pid_recombiner.cpp:73:90:[m[K [01;31m[Kerror: [m[Kexpected ‘[01m[K)[m[K’ before numeric constant
   73 |     message_filters::Synchronizer<approximate_policy> syncApproximate(approximate_policy[34m[K([m[K[01;31m[K1[m[K[32m[K0[m[K), sub_x, sub_y, sub_z,
      |                                                                                         [34m[K~[m[K[01;31m[K^[m[K[32m[K~[m[K
      |                                                                                          [32m[K)[m[K
[01m[K/home/isopodin-time/ros2_ws/src/muuv_ros/src/muuv_ros/pid_recombiner.cpp:73:90:[m[K [01;31m[Kerror: [m[Kexpected ‘[01m[K)[m[K’ before numeric constant
   73 |     message_filters::Synchronizer<approximate_policy> syncApproximate[34m[K([m[Kapproximate_policy([01;31m[K1[m[K[32m[K0[m[K), sub_x, sub_y, sub_z,
      |                                                                      [34m[K~[m[K                   [01;31m[K^[m[K[32m[K~[m[K
      |                                                                                          [32m[K)[m[K
[01m[K/home/isopodin-time/ros2_ws/src/muuv_ros/src/muuv_ros/pid_recombiner.cpp:73:89:[m[K [01;31m[Kerror: [m[Kexpected ‘[01m[K;[m[K’ at end of member declaration
   73 |     message_filters::Synchronizer<approximate_policy> syncApproximate(approximate_policy[01;31m[K([m[K10), sub_x, sub_y, sub_z,
      |                                                                                         [01;31m[K^[m[K
      |                                                                                          [32m[K;[m[K
[01m[K/home/isopodin-time/ros2_ws/src/muuv_ros/src/muuv_ros/pid_recombiner.cpp:73:90:[m[K [01;31m[Kerror: [m[Kexpected unqualified-id before numeric constant
   73 |     message_filters::Synchronizer<approximate_policy> syncApproximate(approximate_policy([01;31m[K10[m[K), sub_x, sub_y, sub_z,
      |                                                                                          [01;31m[K^~[m[K
[01m[K/home/isopodin-time/ros2_ws/src/muuv_ros/src/muuv_ros/pid_recombiner.cpp:[m[K In constructor ‘[01m[KPid_recombiner::Pid_recombiner()[m[K’:
[01m[K/home/isopodin-time/ros2_ws/src/muuv_ros/src/muuv_ros/pid_recombiner.cpp:26:9:[m[K [01;31m[Kerror: [m[K‘[01m[Ksub_x[m[K’ was not declared in this scope
   26 |         [01;31m[Ksub_x[m[K = this->create_subscription<StampedFloatMsg>(this,"ctrl_effort_x", custom_qos_profile);
      |         [01;31m[K^~~~~[m[K
[01m[K/home/isopodin-time/ros2_ws/src/muuv_ros/src/muuv_ros/pid_recombiner.cpp:26:100:[m[K [01;31m[Kerror: [m[Kno matching function for call to ‘[01m[KPid_recombiner::create_subscription<StampedFloatMsg>(Pid_recombiner*, const char [14], rmw_qos_profile_t&)[m[K’
   26 |         sub_x = this->create_subscription<StampedFloatMsg>(this,"ctrl_effort_x", custom_qos_profile[01;31m[K)[m[K;
      |                                                                                                    [01;31m[K^[m[K
In file included from [01m[K/opt/ros/foxy/include/rclcpp/executors/single_threaded_executor.hpp:28[m[K,
                 from [01m[K/opt/ros/foxy/include/rclcpp/executors.hpp:22[m[K,
                 from [01m[K/opt/ros/foxy/include/rclcpp/rclcpp.hpp:146[m[K,
                 from [01m[K/home/isopodin-time/ros2_ws/src/muuv_ros/src/muuv_ros/pid_recombiner.cpp:5[m[K:
[01m[K/opt/ros/foxy/include/rclcpp/node.hpp:213:3:[m[K [01;36m[Knote: [m[Kcandidate: ‘[01m[Ktemplate<class MessageT, class CallbackT, class AllocatorT, class CallbackMessageT, class SubscriptionT, class MessageMemoryStrategyT> std::shared_ptr<SubscriptionT> rclcpp::Node::create_subscription(const string&, const rclcpp::QoS&, CallbackT&&, const rclcpp::SubscriptionOptionsWithAllocator<AllocatorT>&, typename MessageMemoryStrategyT::SharedPtr)[m[K’
  213 |   [01;36m[Kcreate_subscription[m[K(
      |   [01;36m[K^~~~~~~~~~~~~~~~~~~[m[K
[01m[K/opt/ros/foxy/include/rclcpp/node.hpp:213:3:[m[K [01;36m[Knote: [m[K  template argument deduction/substitution failed:
[01m[K/opt/ros/foxy/include/rclcpp/node.hpp:204:5:[m[K [01;31m[Kerror: [m[Kno type named ‘[01m[Ktype[m[K’ in ‘[01m[Kstruct std::enable_if<false, void>[m[K’
  204 |     [01;31m[Ktypename[m[K CallbackMessageT =
      |     [01;31m[K^~~~~~~~[m[K
[01m[K/home/isopodin-time/ros2_ws/src/muuv_ros/src/muuv_ros/pid_recombiner.cpp:27:9:[m[K [01;31m[Kerror: [m[K‘[01m[Ksub_y[m[K’ was not declared in this scope
   27 |         [01;31m[Ksub_y[m[K = this->create_subscription<StampedFloatMsg>(
      |         [01;31m[K^~~~~[m[K
In file included from [01m[K/home/isopodin-time/ros2_ws/src/muuv_ros/src/muuv_ros/pid_recombiner.cpp:2[m[K:
/usr/include/c++/9/functional: In instantiation of ‘[01m[Kstruct std::_Bind_check_arity<void (Pid_recombiner::*)(std::shared_ptr<custom_msg_srv::msg::Float64Stamped_<std::allocator<void> > >, std::shared_ptr<custom_msg_srv::msg::Float64Stamped_<std::allocator<void> > >, std::shared_ptr<custom_msg_srv::msg::Float64Stamped_<std::allocator<void> > >, std::shared_ptr<custom_msg_srv::msg::Float64Stamped_<std::allocator<void> > >, std::shared_ptr<custom_msg_srv::msg::Float64Stamped_<std::allocator<void> > >, std::shared_ptr<custom_msg_srv::msg::Float64Stamped_<std::allocator<void> > >), Pid_recombiner*, const std::_Placeholder<1>&>[m[K’:
[01m[K/usr/include/c++/9/functional:787:12:[m[K   required from ‘[01m[Kstruct std::_Bind_helper<false, void (Pid_recombiner::*)(std::shared_ptr<custom_msg_srv::msg::Float64Stamped_<std::allocator<void> > >, std::shared_ptr<custom_msg_srv::msg::Float64Stamped_<std::allocator<void> > >, std::shared_ptr<custom_msg_srv::msg::Float64Stamped_<std::allocator<void> > >, std::shared_ptr<custom_msg_srv::msg::Float64Stamped_<std::allocator<void> > >, std::shared_ptr<custom_msg_srv::msg::Float64Stamped_<std::allocator<void> > >, std::shared_ptr<custom_msg_srv::msg::Float64Stamped_<std::allocator<void> > >), Pid_recombiner*, const std::_Placeholder<1>&>[m[K’
[01m[K/usr/include/c++/9/functional:808:5:[m[K   required by substitution of ‘[01m[Ktemplate<class _Func, class ... _BoundArgs> typename std::_Bind_helper<std::__is_socketlike<_Func>::value, _Func, _BoundArgs ...>::type std::bind(_Func&&, _BoundArgs&& ...) [with _Func = void (Pid_recombiner::*)(std::shared_ptr<custom_msg_srv::msg::Float64Stamped_<std::allocator<void> > >, std::shared_ptr<custom_msg_srv::msg::Float64Stamped_<std::allocator<void> > >, std::shared_ptr<custom_msg_srv::msg::Float64Stamped_<std::allocator<void> > >, std::shared_ptr<custom_msg_srv::msg::Float64Stamped_<std::allocator<void> > >, std::shared_ptr<custom_msg_srv::msg::Float64Stamped_<std::allocator<void> > >, std::shared_ptr<custom_msg_srv::msg::Float64Stamped_<std::allocator<void> > >); _BoundArgs = {Pid_recombiner*, const std::_Placeholder<1>&}][m[K’
[01m[K/home/isopodin-time/ros2_ws/src/muuv_ros/src/muuv_ros/pid_recombiner.cpp:28:91:[m[K   required from here
[01m[K/usr/include/c++/9/functional:775:7:[m[K [01;31m[Kerror: [m[Kstatic assertion failed: Wrong number of arguments for pointer-to-member
  774 |       static_assert(_Varargs::[01;31m[Kvalue[m[K
      |                               [01;31m[K~~~~~[m[K
  775 | [01;31m[K      ? sizeof...(_BoundArgs) >= _Arity::value + 1[m[K
      |       [01;31m[K^~~~~~~~~~~~~~~~~~~~~~~~~~~~~~~~~~~~~~~~~~~~[m[K
  776 | [01;31m[K      : sizeof...(_BoundArgs) == _Arity::value + 1[m[K,
      |       [01;31m[K~~~~~~~~~~~~~~~~~~~~~~~~~~~~~~~~~~~~~~~~~~~~[m[K
[01m[K/home/isopodin-time/ros2_ws/src/muuv_ros/src/muuv_ros/pid_recombiner.cpp:29:9:[m[K [01;31m[Kerror: [m[K‘[01m[Ksub_z[m[K’ was not declared in this scope
   29 |         [01;31m[Ksub_z[m[K = this->create_subscription<StampedFloatMsg>(
      |         [01;31m[K^~~~~[m[K
[01m[K/home/isopodin-time/ros2_ws/src/muuv_ros/src/muuv_ros/pid_recombiner.cpp:31:9:[m[K [01;31m[Kerror: [m[K‘[01m[Ksub_rx[m[K’ was not declared in this scope
   31 |         [01;31m[Ksub_rx[m[K = this->create_subscription<StampedFloatMsg>(
      |         [01;31m[K^~~~~~[m[K
[01m[K/home/isopodin-time/ros2_ws/src/muuv_ros/src/muuv_ros/pid_recombiner.cpp:33:9:[m[K [01;31m[Kerror: [m[K‘[01m[Ksub_ry[m[K’ was not declared in this scope
   33 |         [01;31m[Ksub_ry[m[K = this->create_subscription<StampedFloatMsg>(
      |         [01;31m[K^~~~~~[m[K
[01m[K/home/isopodin-time/ros2_ws/src/muuv_ros/src/muuv_ros/pid_recombiner.cpp:35:9:[m[K [01;31m[Kerror: [m[K‘[01m[Ksub_rz[m[K’ was not declared in this scope
   35 |         [01;31m[Ksub_rz[m[K = this->create_subscription<StampedFloatMsg>(
      |         [01;31m[K^~~~~~[m[K
[01m[K/home/isopodin-time/ros2_ws/src/muuv_ros/src/muuv_ros/pid_recombiner.cpp:39:9:[m[K [01;31m[Kerror: [m[Kinvalid use of member function ‘[01m[Kmessage_filters::Synchronizer<int> Pid_recombiner::syncApproximate(...)[m[K’ (did you forget the ‘[01m[K()[m[K’ ?)
   39 |         [01;31m[KsyncApproximate[m[K.registerCallback(ctrl_effort_callback);
      |         [01;31m[K^~~~~~~~~~~~~~~[m[K
      |                        [32m[K()[m[K
[01m[K/home/isopodin-time/ros2_ws/src/muuv_ros/src/muuv_ros/pid_recombiner.cpp:[m[K In member function ‘[01m[Kvoid Pid_recombiner::ctrl_effort_callback(custom_msg_srv::msg::Float64Stamped_<std::allocator<void> >::SharedPtr, custom_msg_srv::msg::Float64Stamped_<std::allocator<void> >::SharedPtr, custom_msg_srv::msg::Float64Stamped_<std::allocator<void> >::SharedPtr, custom_msg_srv::msg::Float64Stamped_<std::allocator<void> >::SharedPtr, custom_msg_srv::msg::Float64Stamped_<std::allocator<void> >::SharedPtr, custom_msg_srv::msg::Float64Stamped_<std::allocator<void> >::SharedPtr)[m[K’:
[01m[K/home/isopodin-time/ros2_ws/src/muuv_ros/src/muuv_ros/pid_recombiner.cpp:48:30:[m[K [01;31m[Kerror: [m[K‘[01m[Kconst SharedPtr[m[K’ {aka ‘[01m[Kconst class std::shared_ptr<custom_msg_srv::msg::Float64Stamped_<std::allocator<void> > >[m[K’} has no member named ‘[01m[Kdata[m[K’
   48 |         msg.linear.x = msg_x.[01;31m[Kdata[m[K;
      |                              [01;31m[K^~~~[m[K
[01m[K/home/isopodin-time/ros2_ws/src/muuv_ros/src/muuv_ros/pid_recombiner.cpp:49:30:[m[K [01;31m[Kerror: [m[K‘[01m[Kconst SharedPtr[m[K’ {aka ‘[01m[Kconst class std::shared_ptr<custom_msg_srv::msg::Float64Stamped_<std::allocator<void> > >[m[K’} has no member named ‘[01m[Kdata[m[K’
   49 |         msg.linear.y = msg_y.[01;31m[Kdata[m[K;
      |                              [01;31m[K^~~~[m[K
[01m[K/home/isopodin-time/ros2_ws/src/muuv_ros/src/muuv_ros/pid_recombiner.cpp:50:30:[m[K [01;31m[Kerror: [m[K‘[01m[Kconst SharedPtr[m[K’ {aka ‘[01m[Kconst class std::shared_ptr<custom_msg_srv::msg::Float64Stamped_<std::allocator<void> > >[m[K’} has no member named ‘[01m[Kdata[m[K’
   50 |         msg.linear.z = msg_z.[01;31m[Kdata[m[K;
      |                              [01;31m[K^~~~[m[K
[01m[K/home/isopodin-time/ros2_ws/src/muuv_ros/src/muuv_ros/pid_recombiner.cpp:51:32:[m[K [01;31m[Kerror: [m[K‘[01m[Kconst SharedPtr[m[K’ {aka ‘[01m[Kconst class std::shared_ptr<custom_msg_srv::msg::Float64Stamped_<std::allocator<void> > >[m[K’} has no member named ‘[01m[Kdata[m[K’
   51 |         msg.angular.x = msg_rx.[01;31m[Kdata[m[K;
      |                                [01;31m[K^~~~[m[K
[01m[K/home/isopodin-time/ros2_ws/src/muuv_ros/src/muuv_ros/pid_recombiner.cpp:52:32:[m[K [01;31m[Kerror: [m[K‘[01m[Kconst SharedPtr[m[K’ {aka ‘[01m[Kconst class std::shared_ptr<custom_msg_srv::msg::Float64Stamped_<std::allocator<void> > >[m[K’} has no member named ‘[01m[Kdata[m[K’
   52 |         msg.angular.y = msg_ry.[01;31m[Kdata[m[K;
      |                                [01;31m[K^~~~[m[K
[01m[K/home/isopodin-time/ros2_ws/src/muuv_ros/src/muuv_ros/pid_recombiner.cpp:53:32:[m[K [01;31m[Kerror: [m[K‘[01m[Kconst SharedPtr[m[K’ {aka ‘[01m[Kconst class std::shared_ptr<custom_msg_srv::msg::Float64Stamped_<std::allocator<void> > >[m[K’} has no member named ‘[01m[Kdata[m[K’
   53 |         msg.angular.z = msg_rz.[01;31m[Kdata[m[K;
      |                                [01;31m[K^~~~[m[K
[01m[K/home/isopodin-time/ros2_ws/src/muuv_ros/src/muuv_ros/pid_recombiner.cpp:[m[K At global scope:
[01m[K/home/isopodin-time/ros2_ws/src/muuv_ros/src/muuv_ros/pid_recombiner.cpp:85:5:[m[K [01;31m[Kerror: [m[Kredefinition of ‘[01m[Kint main(int, char**)[m[K’
   85 | int [01;31m[Kmain[m[K(int argc, char **argv)
      |     [01;31m[K^~~~[m[K
[01m[K/home/isopodin-time/ros2_ws/src/muuv_ros/src/muuv_ros/pid_recombiner.cpp:77:5:[m[K [01;36m[Knote: [m[K‘[01m[Kint main(int, char**)[m[K’ previously defined here
   77 | int [01;36m[Kmain[m[K(int argc, char *argv[])
      |     [01;36m[K^~~~[m[K
[01m[K/home/isopodin-time/ros2_ws/src/muuv_ros/src/muuv_ros/pid_recombiner.cpp:[m[K In function ‘[01m[Kint main(int, char**)[m[K’:
[01m[K/home/isopodin-time/ros2_ws/src/muuv_ros/src/muuv_ros/pid_recombiner.cpp:89:5:[m[K [01;31m[Kerror: [m[K‘[01m[Kg_node[m[K’ was not declared in this scope
   89 |     [01;31m[Kg_node[m[K = rclcpp::Node::make_shared("simple_time_sync");
      |     [01;31m[K^~~~~~[m[K
[01m[K/home/isopodin-time/ros2_ws/src/muuv_ros/src/muuv_ros/pid_recombiner.cpp:99:33:[m[K [01;31m[Kerror: [m[K‘[01m[KStampedStringMsg[m[K’ was not declared in this scope
   99 |     message_filters::Subscriber<[01;31m[KStampedStringMsg[m[K> string_sub(g_node, "stamped_string_topic", custom_qos_profile);
      |                                 [01;31m[K^~~~~~~~~~~~~~~~[m[K
[01m[K/home/isopodin-time/ros2_ws/src/muuv_ros/src/muuv_ros/pid_recombiner.cpp:99:49:[m[K [01;31m[Kerror: [m[Ktemplate argument 1 is invalid
   99 |     message_filters::Subscriber<StampedStringMsg[01;31m[K>[m[K string_sub(g_node, "stamped_string_topic", custom_qos_profile);
      |                                                 [01;31m[K^[m[K
[01m[K/home/isopodin-time/ros2_ws/src/muuv_ros/src/muuv_ros/pid_recombiner.cpp:99:112:[m[K [01;31m[Kerror: [m[Kexpression list treated as compound expression in initializer [[01;31m[K-fpermissive[m[K]
   99 |     message_filters::Subscriber<StampedStringMsg> string_sub(g_node, "stamped_string_topic", custom_qos_profile[01;31m[K)[m[K;
      |                                                                                                                [01;31m[K^[m[K
[01m[K/home/isopodin-time/ros2_ws/src/muuv_ros/src/muuv_ros/pid_recombiner.cpp:100:33:[m[K [01;31m[Kerror: [m[K‘[01m[KStampedBooleanMsg[m[K’ was not declared in this scope; did you mean ‘[01m[KStampedFloatMsg[m[K’?
  100 |     message_filters::Subscriber<[01;31m[KStampedBooleanMsg[m[K> bool_sub(g_node, "stamped_boolean_topic", custom_qos_profile);
      |                                 [01;31m[K^~~~~~~~~~~~~~~~~[m[K
      |                                 [32m[KStampedFloatMsg[m[K
[01m[K/home/isopodin-time/ros2_ws/src/muuv_ros/src/muuv_ros/pid_recombiner.cpp:100:50:[m[K [01;31m[Kerror: [m[Ktemplate argument 1 is invalid
  100 |     message_filters::Subscriber<StampedBooleanMsg[01;31m[K>[m[K bool_sub(g_node, "stamped_boolean_topic", custom_qos_profile);
      |                                                  [01;31m[K^[m[K
[01m[K/home/isopodin-time/ros2_ws/src/muuv_ros/src/muuv_ros/pid_recombiner.cpp:100:112:[m[K [01;31m[Kerror: [m[Kexpression list treated as compound expression in initializer [[01;31m[K-fpermissive[m[K]
  100 |     message_filters::Subscriber<StampedBooleanMsg> bool_sub(g_node, "stamped_boolean_topic", custom_qos_profile[01;31m[K)[m[K;
      |                                                                                                                [01;31m[K^[m[K
In file included from [01m[K/opt/ros/foxy/include/message_filters/time_synchronizer.h:41[m[K,
                 from [01m[K/home/isopodin-time/ros2_ws/src/muuv_ros/src/muuv_ros/pid_recombiner.cpp:7[m[K:
/opt/ros/foxy/include/message_filters/synchronizer.h: In instantiation of ‘[01m[Kclass message_filters::Synchronizer<int>[m[K’:
[01m[K/home/isopodin-time/ros2_ws/src/muuv_ros/src/muuv_ros/pid_recombiner.cpp:112:71:[m[K   required from here
[01m[K/opt/ros/foxy/include/message_filters/synchronizer.h:53:7:[m[K [01;31m[Kerror: [m[Kbase type ‘[01m[Kint[m[K’ fails to be a struct or class type
   53 | class [01;31m[KSynchronizer[m[K : public noncopyable, public Policy
      |       [01;31m[K^~~~~~~~~~~~[m[K
[01m[K/opt/ros/foxy/include/message_filters/synchronizer.h:56:37:[m[K [01;31m[Kerror: [m[K‘[01m[Kint[m[K’ is not a class, struct, or union type
   56 |   typedef typename Policy::Messages [01;31m[KMessages[m[K;
      |                                     [01;31m[K^~~~~~~~[m[K
[01m[K/opt/ros/foxy/include/message_filters/synchronizer.h:57:35:[m[K [01;31m[Kerror: [m[K‘[01m[Kint[m[K’ is not a class, struct, or union type
   57 |   typedef typename Policy::Events [01;31m[KEvents[m[K;
      |                                   [01;31m[K^~~~~~[m[K
[01m[K/opt/ros/foxy/include/message_filters/synchronizer.h:58:35:[m[K [01;31m[Kerror: [m[K‘[01m[Kint[m[K’ is not a class, struct, or union type
   58 |   typedef typename Policy::Signal [01;31m[KSignal[m[K;
      |                                   [01;31m[K^~~~~~[m[K
[01m[K/opt/ros/foxy/include/message_filters/synchronizer.h:60:58:[m[K [01;31m[Kerror: [m[K‘[01m[Kint[m[K’ is not a class, struct, or union type
   60 |   typedef typename std::tuple_element<0, Messages>::type [01;31m[KM0[m[K;
      |                                                          [01;31m[K^~[m[K
[01m[K/opt/ros/foxy/include/message_filters/synchronizer.h:61:58:[m[K [01;31m[Kerror: [m[K‘[01m[Kint[m[K’ is not a class, struct, or union type
   61 |   typedef typename std::tuple_element<1, Messages>::type [01;31m[KM1[m[K;
      |                                                          [01;31m[K^~[m[K
[01m[K/opt/ros/foxy/include/message_filters/synchronizer.h:62:58:[m[K [01;31m[Kerror: [m[K‘[01m[Kint[m[K’ is not a class, struct, or union type
   62 |   typedef typename std::tuple_element<2, Messages>::type [01;31m[KM2[m[K;
      |                                                          [01;31m[K^~[m[K
[01m[K/opt/ros/foxy/include/message_filters/synchronizer.h:63:58:[m[K [01;31m[Kerror: [m[K‘[01m[Kint[m[K’ is not a class, struct, or union type
   63 |   typedef typename std::tuple_element<3, Messages>::type [01;31m[KM3[m[K;
      |                                                          [01;31m[K^~[m[K
[01m[K/opt/ros/foxy/include/message_filters/synchronizer.h:64:58:[m[K [01;31m[Kerror: [m[K‘[01m[Kint[m[K’ is not a class, struct, or union type
   64 |   typedef typename std::tuple_element<4, Messages>::type [01;31m[KM4[m[K;
      |                                                          [01;31m[K^~[m[K
[01m[K/opt/ros/foxy/include/message_filters/synchronizer.h:65:58:[m[K [01;31m[Kerror: [m[K‘[01m[Kint[m[K’ is not a class, struct, or union type
   65 |   typedef typename std::tuple_element<5, Messages>::type [01;31m[KM5[m[K;
      |                                                          [01;31m[K^~[m[K
[01m[K/opt/ros/foxy/include/message_filters/synchronizer.h:66:58:[m[K [01;31m[Kerror: [m[K‘[01m[Kint[m[K’ is not a class, struct, or union type
   66 |   typedef typename std::tuple_element<6, Messages>::type [01;31m[KM6[m[K;
      |                                                          [01;31m[K^~[m[K
[01m[K/opt/ros/foxy/include/message_filters/synchronizer.h:67:58:[m[K [01;31m[Kerror: [m[K‘[01m[Kint[m[K’ is not a class, struct, or union type
   67 |   typedef typename std::tuple_element<7, Messages>::type [01;31m[KM7[m[K;
      |                                                          [01;31m[K^~[m[K
[01m[K/opt/ros/foxy/include/message_filters/synchronizer.h:68:58:[m[K [01;31m[Kerror: [m[K‘[01m[Kint[m[K’ is not a class, struct, or union type
   68 |   typedef typename std::tuple_element<8, Messages>::type [01;31m[KM8[m[K;
      |                                                          [01;31m[K^~[m[K
[01m[K/opt/ros/foxy/include/message_filters/synchronizer.h:71:56:[m[K [01;31m[Kerror: [m[K‘[01m[Kint[m[K’ is not a class, struct, or union type
   71 |   typedef typename std::tuple_element<0, Events>::type [01;31m[KM0Event[m[K;
      |                                                        [01;31m[K^~~~~~~[m[K
[01m[K/opt/ros/foxy/include/message_filters/synchronizer.h:72:56:[m[K [01;31m[Kerror: [m[K‘[01m[Kint[m[K’ is not a class, struct, or union type
   72 |   typedef typename std::tuple_element<1, Events>::type [01;31m[KM1Event[m[K;
      |                                                        [01;31m[K^~~~~~~[m[K
[01m[K/opt/ros/foxy/include/message_filters/synchronizer.h:73:56:[m[K [01;31m[Kerror: [m[K‘[01m[Kint[m[K’ is not a class, struct, or union type
   73 |   typedef typename std::tuple_element<2, Events>::type [01;31m[KM2Event[m[K;
      |                                                        [01;31m[K^~~~~~~[m[K
[01m[K/opt/ros/foxy/include/message_filters/synchronizer.h:74:56:[m[K [01;31m[Kerror: [m[K‘[01m[Kint[m[K’ is not a class, struct, or union type
   74 |   typedef typename std::tuple_element<3, Events>::type [01;31m[KM3Event[m[K;
      |                                                        [01;31m[K^~~~~~~[m[K
[01m[K/opt/ros/foxy/include/message_filters/synchronizer.h:75:56:[m[K [01;31m[Kerror: [m[K‘[01m[Kint[m[K’ is not a class, struct, or union type
   75 |   typedef typename std::tuple_element<4, Events>::type [01;31m[KM4Event[m[K;
      |                                                        [01;31m[K^~~~~~~[m[K
[01m[K/opt/ros/foxy/include/message_filters/synchronizer.h:76:56:[m[K [01;31m[Kerror: [m[K‘[01m[Kint[m[K’ is not a class, struct, or union type
   76 |   typedef typename std::tuple_element<5, Events>::type [01;31m[KM5Event[m[K;
      |                                                        [01;31m[K^~~~~~~[m[K
[01m[K/opt/ros/foxy/include/message_filters/synchronizer.h:77:56:[m[K [01;31m[Kerror: [m[K‘[01m[Kint[m[K’ is not a class, struct, or union type
   77 |   typedef typename std::tuple_element<6, Events>::type [01;31m[KM6Event[m[K;
      |                                                        [01;31m[K^~~~~~~[m[K
[01m[K/opt/ros/foxy/include/message_filters/synchronizer.h:78:56:[m[K [01;31m[Kerror: [m[K‘[01m[Kint[m[K’ is not a class, struct, or union type
   78 |   typedef typename std::tuple_element<7, Events>::type [01;31m[KM7Event[m[K;
      |                                                        [01;31m[K^~~~~~~[m[K
[01m[K/opt/ros/foxy/include/message_filters/synchronizer.h:79:56:[m[K [01;31m[Kerror: [m[K‘[01m[Kint[m[K’ is not a class, struct, or union type
   79 |   typedef typename std::tuple_element<8, Events>::type [01;31m[KM8Event[m[K;
      |                                                        [01;31m[K^~~~~~~[m[K
In file included from [01m[K/opt/ros/foxy/include/message_filters/time_synchronizer.h:41[m[K,
                 from [01m[K/home/isopodin-time/ros2_ws/src/muuv_ros/src/muuv_ros/pid_recombiner.cpp:7[m[K:
[01m[K/opt/ros/foxy/include/message_filters/synchronizer.h:325:17:[m[K [01;31m[Kerror: [m[Ktype ‘[01m[Kint[m[K’ is not a base type for type ‘[01m[Kmessage_filters::Synchronizer<int>[m[K’
  325 |   using Policy::[01;31m[Kadd[m[K;
      |                 [01;31m[K^~~[m[K
[01m[K/opt/ros/foxy/include/message_filters/synchronizer.h:328:8:[m[K [01;31m[Kerror: [m[K‘[01m[Kint[m[K’ is not a class, struct, or union type
  328 |   void [01;31m[Kadd[m[K(const std::shared_ptr<typename std::tuple_element<i, Messages>::type const>& msg)
      |        [01;31m[K^~~[m[K
[01m[K/opt/ros/foxy/include/message_filters/synchronizer.h:344:8:[m[K [01;31m[Kerror: [m[K‘[01m[Kint[m[K’ is not a class, struct, or union type
  344 |   void [01;31m[Kcb[m[K(const typename std::tuple_element<i, Events>::type& evt)
      |        [01;31m[K^~[m[K
[01m[K/home/isopodin-time/ros2_ws/src/muuv_ros/src/muuv_ros/pid_recombiner.cpp:115:32:[m[K [01;31m[Kerror: [m[K‘[01m[Kexact_sync_callback[m[K’ was not declared in this scope
  115 |     syncExact.registerCallback([01;31m[Kexact_sync_callback[m[K);
      |                                [01;31m[K^~~~~~~~~~~~~~~~~~~[m[K
[01m[K/home/isopodin-time/ros2_ws/src/muuv_ros/src/muuv_ros/pid_recombiner.cpp:125:38:[m[K [01;31m[Kerror: [m[K‘[01m[Kapproximate_sync_callback[m[K’ was not declared in this scope
  125 |     syncApproximate.registerCallback([01;31m[Kapproximate_sync_callback[m[K);
      |                                      [01;31m[K^~~~~~~~~~~~~~~~~~~~~~~~~[m[K
In file included from [01m[K/opt/ros/foxy/include/message_filters/time_synchronizer.h:41[m[K,
                 from [01m[K/home/isopodin-time/ros2_ws/src/muuv_ros/src/muuv_ros/pid_recombiner.cpp:7[m[K:
/opt/ros/foxy/include/message_filters/synchronizer.h: In instantiation of ‘[01m[Kmessage_filters::Synchronizer<Policy>::Synchronizer(const Policy&, F0&, F1&) [with F0 = int; F1 = int; Policy = int][m[K’:
[01m[K/home/isopodin-time/ros2_ws/src/muuv_ros/src/muuv_ros/pid_recombiner.cpp:112:97:[m[K   required from here
[01m[K/opt/ros/foxy/include/message_filters/synchronizer.h:146:18:[m[K [01;31m[Kerror: [m[Ktype ‘[01m[Kint[m[K’ is not a direct base of ‘[01m[Kmessage_filters::Synchronizer<int>[m[K’
  146 |   : Policy(policy[01;31m[K)[m[K
      |                  [01;31m[K^[m[K
In file included from [01m[K/opt/ros/foxy/include/rclcpp/node_interfaces/node_topics_interface.hpp:32[m[K,
                 from [01m[K/opt/ros/foxy/include/rclcpp/node.hpp:55[m[K,
                 from [01m[K/opt/ros/foxy/include/rclcpp/executors/single_threaded_executor.hpp:28[m[K,
                 from [01m[K/opt/ros/foxy/include/rclcpp/executors.hpp:22[m[K,
                 from [01m[K/opt/ros/foxy/include/rclcpp/rclcpp.hpp:146[m[K,
                 from [01m[K/home/isopodin-time/ros2_ws/src/muuv_ros/src/muuv_ros/pid_recombiner.cpp:5[m[K:
/opt/ros/foxy/include/rclcpp/subscription_factory.hpp: In instantiation of ‘[01m[Krclcpp::SubscriptionFactory rclcpp::create_subscription_factory(CallbackT&&, const rclcpp::SubscriptionOptionsWithAllocator<AllocatorT>&, typename MessageMemoryStrategyT::SharedPtr, std::shared_ptr<rclcpp::topic_statistics::SubscriptionTopicStatistics<CallbackMessageT> >) [with MessageT = custom_msg_srv::msg::Float64Stamped_<std::allocator<void> >; CallbackT = std::_Bind<void (Pid_recombiner::*(Pid_recombiner*, std::_Placeholder<1>))(std::shared_ptr<custom_msg_srv::msg::Float64Stamped_<std::allocator<void> > >, std::shared_ptr<custom_msg_srv::msg::Float64Stamped_<std::allocator<void> > >, std::shared_ptr<custom_msg_srv::msg::Float64Stamped_<std::allocator<void> > >, std::shared_ptr<custom_msg_srv::msg::Float64Stamped_<std::allocator<void> > >, std::shared_ptr<custom_msg_srv::msg::Float64Stamped_<std::allocator<void> > >, std::shared_ptr<custom_msg_srv::msg::Float64Stamped_<std::allocator<void> > >)>; AllocatorT = std::allocator<void>; CallbackMessageT = custom_msg_srv::msg::Float64Stamped_<std::allocator<void> >; SubscriptionT = rclcpp::Subscription<custom_msg_srv::msg::Float64Stamped_<std::allocator<void> >, std::allocator<void>, rclcpp::message_memory_strategy::MessageMemoryStrategy<custom_msg_srv::msg::Float64Stamped_<std::allocator<void> >, std::allocator<void> > >; MessageMemoryStrategyT = rclcpp::message_memory_strategy::MessageMemoryStrategy<custom_msg_srv::msg::Float64Stamped_<std::allocator<void> >, std::allocator<void> >; typename MessageMemoryStrategyT::SharedPtr = std::shared_ptr<rclcpp::message_memory_strategy::MessageMemoryStrategy<custom_msg_srv::msg::Float64Stamped_<std::allocator<void> >, std::allocator<void> > >][m[K’:
[01m[K/opt/ros/foxy/include/rclcpp/create_subscription.hpp:144:63:[m[K   required from ‘[01m[Kstd::shared_ptr<SubscriptionT> rclcpp::create_subscription(NodeT&&, const string&, const rclcpp::QoS&, CallbackT&&, const rclcpp::SubscriptionOptionsWithAllocator<AllocatorT>&, typename MessageMemoryStrategyT::SharedPtr) [with MessageT = custom_msg_srv::msg::Float64Stamped_<std::allocator<void> >; CallbackT = std::_Bind<void (Pid_recombiner::*(Pid_recombiner*, std::_Placeholder<1>))(std::shared_ptr<custom_msg_srv::msg::Float64Stamped_<std::allocator<void> > >, std::shared_ptr<custom_msg_srv::msg::Float64Stamped_<std::allocator<void> > >, std::shared_ptr<custom_msg_srv::msg::Float64Stamped_<std::allocator<void> > >, std::shared_ptr<custom_msg_srv::msg::Float64Stamped_<std::allocator<void> > >, std::shared_ptr<custom_msg_srv::msg::Float64Stamped_<std::allocator<void> > >, std::shared_ptr<custom_msg_srv::msg::Float64Stamped_<std::allocator<void> > >)>; AllocatorT = std::allocator<void>; CallbackMessageT = custom_msg_srv::msg::Float64Stamped_<std::allocator<void> >; SubscriptionT = rclcpp::Subscription<custom_msg_srv::msg::Float64Stamped_<std::allocator<void> >, std::allocator<void>, rclcpp::message_memory_strategy::MessageMemoryStrategy<custom_msg_srv::msg::Float64Stamped_<std::allocator<void> >, std::allocator<void> > >; MessageMemoryStrategyT = rclcpp::message_memory_strategy::MessageMemoryStrategy<custom_msg_srv::msg::Float64Stamped_<std::allocator<void> >, std::allocator<void> >; NodeT = rclcpp::Node&; std::string = std::__cxx11::basic_string<char>; typename MessageMemoryStrategyT::SharedPtr = std::shared_ptr<rclcpp::message_memory_strategy::MessageMemoryStrategy<custom_msg_srv::msg::Float64Stamped_<std::allocator<void> >, std::allocator<void> > >][m[K’
[01m[K/opt/ros/foxy/include/rclcpp/node_impl.hpp:98:47:[m[K   required from ‘[01m[Kstd::shared_ptr<SubscriptionT> rclcpp::Node::create_subscription(const string&, const rclcpp::QoS&, CallbackT&&, const rclcpp::SubscriptionOptionsWithAllocator<AllocatorT>&, typename MessageMemoryStrategyT::SharedPtr) [with MessageT = custom_msg_srv::msg::Float64Stamped_<std::allocator<void> >; CallbackT = std::_Bind<void (Pid_recombiner::*(Pid_recombiner*, std::_Placeholder<1>))(std::shared_ptr<custom_msg_srv::msg::Float64Stamped_<std::allocator<void> > >, std::shared_ptr<custom_msg_srv::msg::Float64Stamped_<std::allocator<void> > >, std::shared_ptr<custom_msg_srv::msg::Float64Stamped_<std::allocator<void> > >, std::shared_ptr<custom_msg_srv::msg::Float64Stamped_<std::allocator<void> > >, std::shared_ptr<custom_msg_srv::msg::Float64Stamped_<std::allocator<void> > >, std::shared_ptr<custom_msg_srv::msg::Float64Stamped_<std::allocator<void> > >)>; AllocatorT = std::allocator<void>; CallbackMessageT = custom_msg_srv::msg::Float64Stamped_<std::allocator<void> >; SubscriptionT = rclcpp::Subscription<custom_msg_srv::msg::Float64Stamped_<std::allocator<void> >, std::allocator<void>, rclcpp::message_memory_strategy::MessageMemoryStrategy<custom_msg_srv::msg::Float64Stamped_<std::allocator<void> >, std::allocator<void> > >; MessageMemoryStrategyT = rclcpp::message_memory_strategy::MessageMemoryStrategy<custom_msg_srv::msg::Float64Stamped_<std::allocator<void> >, std::allocator<void> >; std::string = std::__cxx11::basic_string<char>; typename MessageMemoryStrategyT::SharedPtr = std::shared_ptr<rclcpp::message_memory_strategy::MessageMemoryStrategy<custom_msg_srv::msg::Float64Stamped_<std::allocator<void> >, std::allocator<void> > >][m[K’
[01m[K/home/isopodin-time/ros2_ws/src/muuv_ros/src/muuv_ros/pid_recombiner.cpp:28:92:[m[K   required from here
[01m[K/opt/ros/foxy/include/rclcpp/subscription_factory.hpp:97:3:[m[K [01;31m[Kerror: [m[Kno matching function for call to ‘[01m[Krclcpp::AnySubscriptionCallback<custom_msg_srv::msg::Float64Stamped_<std::allocator<void> >, std::allocator<void> >::set(std::_Bind<void (Pid_recombiner::*(Pid_recombiner*, std::_Placeholder<1>))(std::shared_ptr<custom_msg_srv::msg::Float64Stamped_<std::allocator<void> > >, std::shared_ptr<custom_msg_srv::msg::Float64Stamped_<std::allocator<void> > >, std::shared_ptr<custom_msg_srv::msg::Float64Stamped_<std::allocator<void> > >, std::shared_ptr<custom_msg_srv::msg::Float64Stamped_<std::allocator<void> > >, std::shared_ptr<custom_msg_srv::msg::Float64Stamped_<std::allocator<void> > >, std::shared_ptr<custom_msg_srv::msg::Float64Stamped_<std::allocator<void> > >)>)[m[K’
   97 |   [01;31m[Kany_subscription_callback[m[K.set(std::forward<CallbackT>(callback));
      |   [01;31m[K^~~~~~~~~~~~~~~~~~~~~~~~~[m[K
In file included from [01m[K/opt/ros/foxy/include/rclcpp/subscription_base.hpp:29[m[K,
                 from [01m[K/opt/ros/foxy/include/rclcpp/callback_group.hpp:26[m[K,
                 from [01m[K/opt/ros/foxy/include/rclcpp/any_executable.hpp:20[m[K,
                 from [01m[K/opt/ros/foxy/include/rclcpp/memory_strategy.hpp:24[m[K,
                 from [01m[K/opt/ros/foxy/include/rclcpp/memory_strategies.hpp:18[m[K,
                 from [01m[K/opt/ros/foxy/include/rclcpp/executor_options.hpp:20[m[K,
                 from [01m[K/opt/ros/foxy/include/rclcpp/executor.hpp:33[m[K,
                 from [01m[K/opt/ros/foxy/include/rclcpp/executors/multi_threaded_executor.hpp:26[m[K,
                 from [01m[K/opt/ros/foxy/include/rclcpp/executors.hpp:21[m[K,
                 from [01m[K/opt/ros/foxy/include/rclcpp/rclcpp.hpp:146[m[K,
                 from [01m[K/home/isopodin-time/ros2_ws/src/muuv_ros/src/muuv_ros/pid_recombiner.cpp:5[m[K:
[01m[K/opt/ros/foxy/include/rclcpp/any_subscription_callback.hpp:83:8:[m[K [01;36m[Knote: [m[Kcandidate: ‘[01m[Ktemplate<class CallbackT, typename std::enable_if<rclcpp::function_traits::same_arguments<CallbackT, std::function<void(std::shared_ptr<custom_msg_srv::msg::Float64Stamped_<std::allocator<void> > >)> >::value, void>::type* <anonymous> > void rclcpp::AnySubscriptionCallback<MessageT, Alloc>::set(CallbackT) [with CallbackT = CallbackT; typename std::enable_if<rclcpp::function_traits::same_arguments<CallbackT, std::function<void(std::shared_ptr<_Tp>)> >::value>::type* <anonymous> = <enumerator>; MessageT = custom_msg_srv::msg::Float64Stamped_<std::allocator<void> >; Alloc = std::allocator<void>][m[K’
   83 |   void [01;36m[Kset[m[K(CallbackT callback)
      |        [01;36m[K^~~[m[K
[01m[K/opt/ros/foxy/include/rclcpp/any_subscription_callback.hpp:83:8:[m[K [01;36m[Knote: [m[K  template argument deduction/substitution failed:
[01m[K/opt/ros/foxy/include/rclcpp/any_subscription_callback.hpp:81:17:[m[K [01;31m[Kerror: [m[Kno type named ‘[01m[Ktype[m[K’ in ‘[01m[Kstruct std::enable_if<false, void>[m[K’
   81 |     >::type * = [01;31m[Knullptr[m[K
      |                 [01;31m[K^~~~~~~[m[K
[01m[K/opt/ros/foxy/include/rclcpp/any_subscription_callback.hpp:97:8:[m[K [01;36m[Knote: [m[Kcandidate: ‘[01m[Ktemplate<class CallbackT, typename std::enable_if<rclcpp::function_traits::same_arguments<CallbackT, std::function<void(std::shared_ptr<custom_msg_srv::msg::Float64Stamped_<std::allocator<void> > >, const rclcpp::MessageInfo&)> >::value, void>::type* <anonymous> > void rclcpp::AnySubscriptionCallback<MessageT, Alloc>::set(CallbackT) [with CallbackT = CallbackT; typename std::enable_if<rclcpp::function_traits::same_arguments<CallbackT, std::function<void(std::shared_ptr<_Tp>, const rclcpp::MessageInfo&)> >::value>::type* <anonymous> = <enumerator>; MessageT = custom_msg_srv::msg::Float64Stamped_<std::allocator<void> >; Alloc = std::allocator<void>][m[K’
   97 |   void [01;36m[Kset[m[K(CallbackT callback)
      |        [01;36m[K^~~[m[K
[01m[K/opt/ros/foxy/include/rclcpp/any_subscription_callback.hpp:97:8:[m[K [01;36m[Knote: [m[K  template argument deduction/substitution failed:
[01m[K/opt/ros/foxy/include/rclcpp/any_subscription_callback.hpp:95:17:[m[K [01;31m[Kerror: [m[Kno type named ‘[01m[Ktype[m[K’ in ‘[01m[Kstruct std::enable_if<false, void>[m[K’
   95 |     >::type * = [01;31m[Knullptr[m[K
      |                 [01;31m[K^~~~~~~[m[K
[01m[K/opt/ros/foxy/include/rclcpp/any_subscription_callback.hpp:111:8:[m[K [01;36m[Knote: [m[Kcandidate: ‘[01m[Ktemplate<class CallbackT, typename std::enable_if<rclcpp::function_traits::same_arguments<CallbackT, std::function<void(std::shared_ptr<const custom_msg_srv::msg::Float64Stamped_<std::allocator<void> > >)> >::value, void>::type* <anonymous> > void rclcpp::AnySubscriptionCallback<MessageT, Alloc>::set(CallbackT) [with CallbackT = CallbackT; typename std::enable_if<rclcpp::function_traits::same_arguments<CallbackT, std::function<void(std::shared_ptr<const _Tp>)> >::value>::type* <anonymous> = <enumerator>; MessageT = custom_msg_srv::msg::Float64Stamped_<std::allocator<void> >; Alloc = std::allocator<void>][m[K’
  111 |   void [01;36m[Kset[m[K(CallbackT callback)
      |        [01;36m[K^~~[m[K
[01m[K/opt/ros/foxy/include/rclcpp/any_subscription_callback.hpp:111:8:[m[K [01;36m[Knote: [m[K  template argument deduction/substitution failed:
[01m[K/opt/ros/foxy/include/rclcpp/any_subscription_callback.hpp:109:17:[m[K [01;31m[Kerror: [m[Kno type named ‘[01m[Ktype[m[K’ in ‘[01m[Kstruct std::enable_if<false, void>[m[K’
  109 |     >::type * = [01;31m[Knullptr[m[K
      |                 [01;31m[K^~~~~~~[m[K
[01m[K/opt/ros/foxy/include/rclcpp/any_subscription_callback.hpp:125:8:[m[K [01;36m[Knote: [m[Kcandidate: ‘[01m[Ktemplate<class CallbackT, typename std::enable_if<rclcpp::function_traits::same_arguments<CallbackT, std::function<void(std::shared_ptr<const custom_msg_srv::msg::Float64Stamped_<std::allocator<void> > >, const rclcpp::MessageInfo&)> >::value, void>::type* <anonymous> > void rclcpp::AnySubscriptionCallback<MessageT, Alloc>::set(CallbackT) [with CallbackT = CallbackT; typename std::enable_if<rclcpp::function_traits::same_arguments<CallbackT, std::function<void(std::shared_ptr<const _Tp>, const rclcpp::MessageInfo&)> >::value>::type* <anonymous> = <enumerator>; MessageT = custom_msg_srv::msg::Float64Stamped_<std::allocator<void> >; Alloc = std::allocator<void>][m[K’
  125 |   void [01;36m[Kset[m[K(CallbackT callback)
      |        [01;36m[K^~~[m[K
[01m[K/opt/ros/foxy/include/rclcpp/any_subscription_callback.hpp:125:8:[m[K [01;36m[Knote: [m[K  template argument deduction/substitution failed:
[01m[K/opt/ros/foxy/include/rclcpp/any_subscription_callback.hpp:123:17:[m[K [01;31m[Kerror: [m[Kno type named ‘[01m[Ktype[m[K’ in ‘[01m[Kstruct std::enable_if<false, void>[m[K’
  123 |     >::type * = [01;31m[Knullptr[m[K
      |                 [01;31m[K^~~~~~~[m[K
[01m[K/opt/ros/foxy/include/rclcpp/any_subscription_callback.hpp:139:8:[m[K [01;36m[Knote: [m[Kcandidate: ‘[01m[Ktemplate<class CallbackT, typename std::enable_if<rclcpp::function_traits::same_arguments<CallbackT, std::function<void(std::unique_ptr<custom_msg_srv::msg::Float64Stamped_<std::allocator<void> >, std::default_delete<custom_msg_srv::msg::Float64Stamped_<std::allocator<void> > > >)> >::value, void>::type* <anonymous> > void rclcpp::AnySubscriptionCallback<MessageT, Alloc>::set(CallbackT) [with CallbackT = CallbackT; typename std::enable_if<rclcpp::function_traits::same_arguments<CallbackT, std::function<void(std::unique_ptr<MessageT, typename std::conditional<std::is_same<typename std::allocator_traits<typename std::allocator_traits<_Alloc>::rebind_traits<MessageT>::allocator_type>::rebind_alloc<MessageT>, typename std::allocator<void>::rebind<_Tp1>::other>::value, std::default_delete<_Tp>, rclcpp::allocator::AllocatorDeleter<typename std::allocator_traits<_Alloc>::rebind_traits<MessageT>::allocator_type> >::type>)> >::value>::type* <anonymous> = <enumerator>; MessageT = custom_msg_srv::msg::Float64Stamped_<std::allocator<void> >; Alloc = std::allocator<void>][m[K’
  139 |   void [01;36m[Kset[m[K(CallbackT callback)
      |        [01;36m[K^~~[m[K
[01m[K/opt/ros/foxy/include/rclcpp/any_subscription_callback.hpp:139:8:[m[K [01;36m[Knote: [m[K  template argument deduction/substitution failed:
[01m[K/opt/ros/foxy/include/rclcpp/any_subscription_callback.hpp:137:17:[m[K [01;31m[Kerror: [m[Kno type named ‘[01m[Ktype[m[K’ in ‘[01m[Kstruct std::enable_if<false, void>[m[K’
  137 |     >::type * = [01;31m[Knullptr[m[K
      |                 [01;31m[K^~~~~~~[m[K
[01m[K/opt/ros/foxy/include/rclcpp/any_subscription_callback.hpp:153:8:[m[K [01;36m[Knote: [m[Kcandidate: ‘[01m[Ktemplate<class CallbackT, typename std::enable_if<rclcpp::function_traits::same_arguments<CallbackT, std::function<void(std::unique_ptr<custom_msg_srv::msg::Float64Stamped_<std::allocator<void> >, std::default_delete<custom_msg_srv::msg::Float64Stamped_<std::allocator<void> > > >, const rclcpp::MessageInfo&)> >::value, void>::type* <anonymous> > void rclcpp::AnySubscriptionCallback<MessageT, Alloc>::set(CallbackT) [with CallbackT = CallbackT; typename std::enable_if<rclcpp::function_traits::same_arguments<CallbackT, std::function<void(std::unique_ptr<MessageT, typename std::conditional<std::is_same<typename std::allocator_traits<typename std::allocator_traits<_Alloc>::rebind_traits<MessageT>::allocator_type>::rebind_alloc<MessageT>, typename std::allocator<void>::rebind<_Tp1>::other>::value, std::default_delete<_Tp>, rclcpp::allocator::AllocatorDeleter<typename std::allocator_traits<_Alloc>::rebind_traits<MessageT>::allocator_type> >::type>, const rclcpp::MessageInfo&)> >::value>::type* <anonymous> = <enumerator>; MessageT = custom_msg_srv::msg::Float64Stamped_<std::allocator<void> >; Alloc = std::allocator<void>][m[K’
  153 |   void [01;36m[Kset[m[K(CallbackT callback)
      |        [01;36m[K^~~[m[K
[01m[K/opt/ros/foxy/include/rclcpp/any_subscription_callback.hpp:153:8:[m[K [01;36m[Knote: [m[K  template argument deduction/substitution failed:
[01m[K/opt/ros/foxy/include/rclcpp/any_subscription_callback.hpp:151:17:[m[K [01;31m[Kerror: [m[Kno type named ‘[01m[Ktype[m[K’ in ‘[01m[Kstruct std::enable_if<false, void>[m[K’
  151 |     >::type * = [01;31m[Knullptr[m[K
      |                 [01;31m[K^~~~~~~[m[K
In file included from [01m[K/usr/include/c++/9/functional:59[m[K,
                 from [01m[K/home/isopodin-time/ros2_ws/src/muuv_ros/src/muuv_ros/pid_recombiner.cpp:2[m[K:
[01m[K/usr/include/c++/9/bits/std_function.h:[m[K At global scope:
[01m[K/usr/include/c++/9/bits/std_function.h:667:7:[m[K [01;31m[Kerror: [m[K‘[01m[Kstd::function<_Res(_ArgTypes ...)>::function(_Functor) [with _Functor = rclcpp::create_subscription_factory(CallbackT&&, const rclcpp::SubscriptionOptionsWithAllocator<AllocatorT>&, typename MessageMemoryStrategyT::SharedPtr, std::shared_ptr<rclcpp::topic_statistics::SubscriptionTopicStatistics<CallbackMessageT> >) [with MessageT = custom_msg_srv::msg::Float64Stamped_<std::allocator<void> >; CallbackT = std::_Bind<void (Pid_recombiner::*(Pid_recombiner*, std::_Placeholder<1>))(std::shared_ptr<custom_msg_srv::msg::Float64Stamped_<std::allocator<void> > >, std::shared_ptr<custom_msg_srv::msg::Float64Stamped_<std::allocator<void> > >, std::shared_ptr<custom_msg_srv::msg::Float64Stamped_<std::allocator<void> > >, std::shared_ptr<custom_msg_srv::msg::Float64Stamped_<std::allocator<void> > >, std::shared_ptr<custom_msg_srv::msg::Float64Stamped_<std::allocator<void> > >, std::shared_ptr<custom_msg_srv::msg::Float64Stamped_<std::allocator<void> > >)>; AllocatorT = std::allocator<void>; CallbackMessageT = custom_msg_srv::msg::Float64Stamped_<std::allocator<void> >; SubscriptionT = rclcpp::Subscription<custom_msg_srv::msg::Float64Stamped_<std::allocator<void> >, std::allocator<void>, rclcpp::message_memory_strategy::MessageMemoryStrategy<custom_msg_srv::msg::Float64Stamped_<std::allocator<void> >, std::allocator<void> > >; MessageMemoryStrategyT = rclcpp::message_memory_strategy::MessageMemoryStrategy<custom_msg_srv::msg::Float64Stamped_<std::allocator<void> >, std::allocator<void> >; typename MessageMemoryStrategyT::SharedPtr = std::shared_ptr<rclcpp::message_memory_strategy::MessageMemoryStrategy<custom_msg_srv::msg::Float64Stamped_<std::allocator<void> >, std::allocator<void> > >]::<lambda(rclcpp::node_interfaces::NodeBaseInterface*, const string&, const rclcpp::QoS&)>; <template-parameter-2-2> = void; <template-parameter-2-3> = void; _Res = std::shared_ptr<rclcpp::SubscriptionBase>; _ArgTypes = {rclcpp::node_interfaces::NodeBaseInterface*, const std::__cxx11::basic_string<char, std::char_traits<char>, std::allocator<char> >&, const rclcpp::QoS&}][m[K’, declared using local type ‘[01m[Krclcpp::create_subscription_factory(CallbackT&&, const rclcpp::SubscriptionOptionsWithAllocator<AllocatorT>&, typename MessageMemoryStrategyT::SharedPtr, std::shared_ptr<rclcpp::topic_statistics::SubscriptionTopicStatistics<CallbackMessageT> >) [with MessageT = custom_msg_srv::msg::Float64Stamped_<std::allocator<void> >; CallbackT = std::_Bind<void (Pid_recombiner::*(Pid_recombiner*, std::_Placeholder<1>))(std::shared_ptr<custom_msg_srv::msg::Float64Stamped_<std::allocator<void> > >, std::shared_ptr<custom_msg_srv::msg::Float64Stamped_<std::allocator<void> > >, std::shared_ptr<custom_msg_srv::msg::Float64Stamped_<std::allocator<void> > >, std::shared_ptr<custom_msg_srv::msg::Float64Stamped_<std::allocator<void> > >, std::shared_ptr<custom_msg_srv::msg::Float64Stamped_<std::allocator<void> > >, std::shared_ptr<custom_msg_srv::msg::Float64Stamped_<std::allocator<void> > >)>; AllocatorT = std::allocator<void>; CallbackMessageT = custom_msg_srv::msg::Float64Stamped_<std::allocator<void> >; SubscriptionT = rclcpp::Subscription<custom_msg_srv::msg::Float64Stamped_<std::allocator<void> >, std::allocator<void>, rclcpp::message_memory_strategy::MessageMemoryStrategy<custom_msg_srv::msg::Float64Stamped_<std::allocator<void> >, std::allocator<void> > >; MessageMemoryStrategyT = rclcpp::message_memory_strategy::MessageMemoryStrategy<custom_msg_srv::msg::Float64Stamped_<std::allocator<void> >, std::allocator<void> >; typename MessageMemoryStrategyT::SharedPtr = std::shared_ptr<rclcpp::message_memory_strategy::MessageMemoryStrategy<custom_msg_srv::msg::Float64Stamped_<std::allocator<void> >, std::allocator<void> > >]::<lambda(rclcpp::node_interfaces::NodeBaseInterface*, const string&, const rclcpp::QoS&)>[m[K’, is used but never defined [[01;31m[K-fpermissive[m[K]
  667 |       [01;31m[Kfunction<_Res(_ArgTypes...)>[m[K::
      |       [01;31m[K^~~~~~~~~~~~~~~~~~~~~~~~~~~~[m[K
make[2]: *** [CMakeFiles/pid_recombiner.dir/build.make:63: CMakeFiles/pid_recombiner.dir/src/muuv_ros/pid_recombiner.cpp.o] Error 1
make[1]: *** [CMakeFiles/Makefile2:109: CMakeFiles/pid_recombiner.dir/all] Error 2
make: *** [Makefile:141: all] Error 2
