[0.371s] Invoking command in '/home/isopodin-time/ros2_ws/build/uuv_auv_control_allocator': CMAKE_PREFIX_PATH=/home/isopodin-time/ros2_ws/install/plankton_utils:/home/isopodin-time/ros2_ws/install/plankton:/home/isopodin-time/ros2_ws/install/uuv_simulator:/home/isopodin-time/ros2_ws/install/uuv_world_ros_plugins:/home/isopodin-time/ros2_ws/install/uuv_control_utils:/home/isopodin-time/ros2_ws/install/uuv_world_ros_plugins_msgs:/home/isopodin-time/ros2_ws/install/uuv_world_plugins:/home/isopodin-time/ros2_ws/install/uuv_trajectory_control:/home/isopodin-time/ros2_ws/install/uuv_teleop:/home/isopodin-time/ros2_ws/install/uuv_thruster_manager:/home/isopodin-time/ros2_ws/install/uuv_descriptions:/home/isopodin-time/ros2_ws/install/uuv_sensor_ros_plugins:/home/isopodin-time/ros2_ws/install/uuv_sensor_ros_plugins_msgs:/home/isopodin-time/ros2_ws/install/uuv_gazebo_worlds:/home/isopodin-time/ros2_ws/install/uuv_gazebo_ros_plugins:/home/isopodin-time/ros2_ws/install/uuv_gazebo_ros_plugins_msgs:/home/isopodin-time/ros2_ws/install/uuv_gazebo_plugins:/home/isopodin-time/ros2_ws/install/uuv_gazebo:/home/isopodin-time/ros2_ws/install/uuv_control_msgs:/home/isopodin-time/ros2_ws/install/uuv_control_cascaded_pid:/home/isopodin-time/ros2_ws/install/uuv_auv_control_allocator:/home/isopodin-time/ros2_ws/install/uuv_assistants:/home/isopodin-time/ros2_ws/install/muuv_sim:/home/isopodin-time/ros2_ws/install/muuv_ros:/opt/ros/foxy PYTHONPATH=/home/isopodin-time/ros2_ws/install/plankton_utils/lib/python3.8/site-packages:/home/isopodin-time/ros2_ws/install/uuv_world_ros_plugins_msgs/lib/python3.8/site-packages:/home/isopodin-time/ros2_ws/install/uuv_trajectory_control/lib/python3.8/site-packages:/home/isopodin-time/ros2_ws/install/uuv_thruster_manager/lib/python3.8/site-packages:/home/isopodin-time/ros2_ws/install/uuv_sensor_ros_plugins_msgs/lib/python3.8/site-packages:/home/isopodin-time/ros2_ws/install/uuv_gazebo_ros_plugins_msgs/lib/python3.8/site-packages:/home/isopodin-time/ros2_ws/install/uuv_control_msgs/lib/python3.8/site-packages:/home/isopodin-time/ros2_ws/install/uuv_control_cascaded_pid/lib/python3.8/site-packages:/home/isopodin-time/ros2_ws/install/uuv_auv_control_allocator/lib/python3.8/site-packages:/home/isopodin-time/ros2_ws/install/uuv_assistants/lib/python3.8/site-packages:/opt/ros/foxy/lib/python3.8/site-packages /usr/bin/cmake /home/isopodin-time/ros2_ws/src/Plankton/uuv_control/uuv_auv_control_allocator -DCMAKE_INSTALL_PREFIX=/home/isopodin-time/ros2_ws/install/uuv_auv_control_allocator
[0.996s] -- The C compiler identification is GNU 9.4.0
[1.736s] -- The CXX compiler identification is GNU 9.4.0
[2.081s] -- Check for working C compiler: /usr/bin/cc
[2.587s] -- Check for working C compiler: /usr/bin/cc -- works
[2.587s] -- Detecting C compiler ABI info
[2.974s] -- Detecting C compiler ABI info - done
[3.000s] -- Detecting C compile features
[3.001s] -- Detecting C compile features - done
[3.006s] -- Check for working CXX compiler: /usr/bin/c++
[3.517s] -- Check for working CXX compiler: /usr/bin/c++ -- works
[3.520s] -- Detecting CXX compiler ABI info
[3.977s] -- Detecting CXX compiler ABI info - done
[4.016s] -- Detecting CXX compile features
[4.021s] -- Detecting CXX compile features - done
[4.037s] -- Found geometry_msgs: 2.0.5 (/opt/ros/foxy/share/geometry_msgs/cmake)
[4.093s] -- Found PythonInterp: /usr/bin/python3 (found suitable version "3.8.10", minimum required is "3") 
[4.094s] -- Using PYTHON_EXECUTABLE: /usr/bin/python3
[5.049s] -- Using all available rosidl_typesupport_c: rosidl_typesupport_fastrtps_c;rosidl_typesupport_introspection_c
[5.082s] -- Found rosidl_adapter: 1.3.1 (/opt/ros/foxy/share/rosidl_adapter/cmake)
[7.982s] -- Found OpenSSL: /usr/lib/x86_64-linux-gnu/libcrypto.so (found version "1.1.1f")  
[10.518s] -- Found FastRTPS: /opt/ros/foxy/include  
[15.631s] -- Using all available rosidl_typesupport_cpp: rosidl_typesupport_fastrtps_cpp;rosidl_typesupport_introspection_cpp
[15.895s] -- Found rosidl_default_generators: 1.0.1 (/opt/ros/foxy/share/rosidl_default_generators/cmake)
[15.998s] -- Found PythonInterp: /usr/bin/python3 (found version "3.8.10") 
[16.593s] -- Found ament_cmake_ros: 0.9.2 (/opt/ros/foxy/share/ament_cmake_ros/cmake)
[25.519s] -- Using all available rosidl_typesupport_c: rosidl_typesupport_fastrtps_c;rosidl_typesupport_introspection_c
[25.824s] -- Using all available rosidl_typesupport_cpp: rosidl_typesupport_fastrtps_cpp;rosidl_typesupport_introspection_cpp
[25.884s] -- Found PythonInterp: /usr/bin/python3 (found suitable version "3.8.10", minimum required is "3.5") 
[25.887s] -- Found python_cmake_module: 0.8.1 (/opt/ros/foxy/share/python_cmake_module/cmake)
[26.818s] -- Found PythonLibs: /usr/lib/x86_64-linux-gnu/libpython3.8.so (found suitable version "3.8.10", minimum required is "3.5") 
[26.818s] -- Using PYTHON_EXECUTABLE: /usr/bin/python3
[26.818s] -- Using PYTHON_INCLUDE_DIRS: /usr/include/python3.8
[26.819s] -- Using PYTHON_LIBRARIES: /usr/lib/x86_64-linux-gnu/libpython3.8.so
[26.864s] -- Found PythonExtra: .so  
[27.201s] -- Configuring done
[27.352s] -- Generating done
[27.359s] -- Build files have been written to: /home/isopodin-time/ros2_ws/build/uuv_auv_control_allocator
[27.415s] Invoked command in '/home/isopodin-time/ros2_ws/build/uuv_auv_control_allocator' returned '0': CMAKE_PREFIX_PATH=/home/isopodin-time/ros2_ws/install/plankton_utils:/home/isopodin-time/ros2_ws/install/plankton:/home/isopodin-time/ros2_ws/install/uuv_simulator:/home/isopodin-time/ros2_ws/install/uuv_world_ros_plugins:/home/isopodin-time/ros2_ws/install/uuv_control_utils:/home/isopodin-time/ros2_ws/install/uuv_world_ros_plugins_msgs:/home/isopodin-time/ros2_ws/install/uuv_world_plugins:/home/isopodin-time/ros2_ws/install/uuv_trajectory_control:/home/isopodin-time/ros2_ws/install/uuv_teleop:/home/isopodin-time/ros2_ws/install/uuv_thruster_manager:/home/isopodin-time/ros2_ws/install/uuv_descriptions:/home/isopodin-time/ros2_ws/install/uuv_sensor_ros_plugins:/home/isopodin-time/ros2_ws/install/uuv_sensor_ros_plugins_msgs:/home/isopodin-time/ros2_ws/install/uuv_gazebo_worlds:/home/isopodin-time/ros2_ws/install/uuv_gazebo_ros_plugins:/home/isopodin-time/ros2_ws/install/uuv_gazebo_ros_plugins_msgs:/home/isopodin-time/ros2_ws/install/uuv_gazebo_plugins:/home/isopodin-time/ros2_ws/install/uuv_gazebo:/home/isopodin-time/ros2_ws/install/uuv_control_msgs:/home/isopodin-time/ros2_ws/install/uuv_control_cascaded_pid:/home/isopodin-time/ros2_ws/install/uuv_auv_control_allocator:/home/isopodin-time/ros2_ws/install/uuv_assistants:/home/isopodin-time/ros2_ws/install/muuv_sim:/home/isopodin-time/ros2_ws/install/muuv_ros:/opt/ros/foxy PYTHONPATH=/home/isopodin-time/ros2_ws/install/plankton_utils/lib/python3.8/site-packages:/home/isopodin-time/ros2_ws/install/uuv_world_ros_plugins_msgs/lib/python3.8/site-packages:/home/isopodin-time/ros2_ws/install/uuv_trajectory_control/lib/python3.8/site-packages:/home/isopodin-time/ros2_ws/install/uuv_thruster_manager/lib/python3.8/site-packages:/home/isopodin-time/ros2_ws/install/uuv_sensor_ros_plugins_msgs/lib/python3.8/site-packages:/home/isopodin-time/ros2_ws/install/uuv_gazebo_ros_plugins_msgs/lib/python3.8/site-packages:/home/isopodin-time/ros2_ws/install/uuv_control_msgs/lib/python3.8/site-packages:/home/isopodin-time/ros2_ws/install/uuv_control_cascaded_pid/lib/python3.8/site-packages:/home/isopodin-time/ros2_ws/install/uuv_auv_control_allocator/lib/python3.8/site-packages:/home/isopodin-time/ros2_ws/install/uuv_assistants/lib/python3.8/site-packages:/opt/ros/foxy/lib/python3.8/site-packages /usr/bin/cmake /home/isopodin-time/ros2_ws/src/Plankton/uuv_control/uuv_auv_control_allocator -DCMAKE_INSTALL_PREFIX=/home/isopodin-time/ros2_ws/install/uuv_auv_control_allocator
[27.416s] Invoking command in '/home/isopodin-time/ros2_ws/build/uuv_auv_control_allocator': CMAKE_PREFIX_PATH=/home/isopodin-time/ros2_ws/install/plankton_utils:/home/isopodin-time/ros2_ws/install/plankton:/home/isopodin-time/ros2_ws/install/uuv_simulator:/home/isopodin-time/ros2_ws/install/uuv_world_ros_plugins:/home/isopodin-time/ros2_ws/install/uuv_control_utils:/home/isopodin-time/ros2_ws/install/uuv_world_ros_plugins_msgs:/home/isopodin-time/ros2_ws/install/uuv_world_plugins:/home/isopodin-time/ros2_ws/install/uuv_trajectory_control:/home/isopodin-time/ros2_ws/install/uuv_teleop:/home/isopodin-time/ros2_ws/install/uuv_thruster_manager:/home/isopodin-time/ros2_ws/install/uuv_descriptions:/home/isopodin-time/ros2_ws/install/uuv_sensor_ros_plugins:/home/isopodin-time/ros2_ws/install/uuv_sensor_ros_plugins_msgs:/home/isopodin-time/ros2_ws/install/uuv_gazebo_worlds:/home/isopodin-time/ros2_ws/install/uuv_gazebo_ros_plugins:/home/isopodin-time/ros2_ws/install/uuv_gazebo_ros_plugins_msgs:/home/isopodin-time/ros2_ws/install/uuv_gazebo_plugins:/home/isopodin-time/ros2_ws/install/uuv_gazebo:/home/isopodin-time/ros2_ws/install/uuv_control_msgs:/home/isopodin-time/ros2_ws/install/uuv_control_cascaded_pid:/home/isopodin-time/ros2_ws/install/uuv_auv_control_allocator:/home/isopodin-time/ros2_ws/install/uuv_assistants:/home/isopodin-time/ros2_ws/install/muuv_sim:/home/isopodin-time/ros2_ws/install/muuv_ros:/opt/ros/foxy PYTHONPATH=/home/isopodin-time/ros2_ws/install/plankton_utils/lib/python3.8/site-packages:/home/isopodin-time/ros2_ws/install/uuv_world_ros_plugins_msgs/lib/python3.8/site-packages:/home/isopodin-time/ros2_ws/install/uuv_trajectory_control/lib/python3.8/site-packages:/home/isopodin-time/ros2_ws/install/uuv_thruster_manager/lib/python3.8/site-packages:/home/isopodin-time/ros2_ws/install/uuv_sensor_ros_plugins_msgs/lib/python3.8/site-packages:/home/isopodin-time/ros2_ws/install/uuv_gazebo_ros_plugins_msgs/lib/python3.8/site-packages:/home/isopodin-time/ros2_ws/install/uuv_control_msgs/lib/python3.8/site-packages:/home/isopodin-time/ros2_ws/install/uuv_control_cascaded_pid/lib/python3.8/site-packages:/home/isopodin-time/ros2_ws/install/uuv_auv_control_allocator/lib/python3.8/site-packages:/home/isopodin-time/ros2_ws/install/uuv_assistants/lib/python3.8/site-packages:/opt/ros/foxy/lib/python3.8/site-packages /usr/bin/cmake --build /home/isopodin-time/ros2_ws/build/uuv_auv_control_allocator -- -j8 -l8
[27.619s] [35m[1mScanning dependencies of target uuv_auv_control_allocator__cpp[0m
[27.619s] [  3%] [34m[1mGenerating C++ code for ROS interfaces[0m
[28.287s] [  3%] Built target uuv_auv_control_allocator__cpp
[28.311s] [  6%] [34m[1mGenerating C code for ROS interfaces[0m
[29.136s] [35m[1mScanning dependencies of target uuv_auv_control_allocator__rosidl_generator_c[0m
[29.196s] [  9%] [32mBuilding C object CMakeFiles/uuv_auv_control_allocator__rosidl_generator_c.dir/rosidl_generator_c/uuv_auv_control_allocator/msg/detail/auv_command__functions.c.o[0m
[29.345s] [ 12%] [32m[1mLinking C shared library libuuv_auv_control_allocator__rosidl_generator_c.so[0m
[29.786s] [ 12%] Built target uuv_auv_control_allocator__rosidl_generator_c
[29.808s] [ 16%] [34m[1mGenerating C++ type support dispatch for ROS interfaces[0m
[30.368s] [35m[1mScanning dependencies of target uuv_auv_control_allocator__rosidl_typesupport_cpp[0m
[30.399s] [ 19%] [32mBuilding CXX object CMakeFiles/uuv_auv_control_allocator__rosidl_typesupport_cpp.dir/rosidl_typesupport_cpp/uuv_auv_control_allocator/msg/auv_command__type_support.cpp.o[0m
[31.033s] [ 22%] [32m[1mLinking CXX shared library libuuv_auv_control_allocator__rosidl_typesupport_cpp.so[0m
[31.293s] [ 22%] Built target uuv_auv_control_allocator__rosidl_typesupport_cpp
[31.317s] [ 25%] [34m[1mGenerating C type support dispatch for ROS interfaces[0m
[31.874s] [35m[1mScanning dependencies of target uuv_auv_control_allocator__rosidl_typesupport_c[0m
[31.906s] [ 29%] [32mBuilding CXX object CMakeFiles/uuv_auv_control_allocator__rosidl_typesupport_c.dir/rosidl_typesupport_c/uuv_auv_control_allocator/msg/auv_command__type_support.cpp.o[0m
[31.979s] [ 32%] [32m[1mLinking CXX shared library libuuv_auv_control_allocator__rosidl_typesupport_c.so[0m
[32.268s] [ 32%] Built target uuv_auv_control_allocator__rosidl_typesupport_c
[32.290s] [ 35%] [34m[1mGenerating C introspection for ROS interfaces[0m
[32.884s] [35m[1mScanning dependencies of target uuv_auv_control_allocator__rosidl_typesupport_introspection_c[0m
[32.919s] [ 38%] [32mBuilding C object CMakeFiles/uuv_auv_control_allocator__rosidl_typesupport_introspection_c.dir/rosidl_typesupport_introspection_c/uuv_auv_control_allocator/msg/detail/auv_command__type_support.c.o[0m
[32.991s] [ 41%] [32m[1mLinking C shared library libuuv_auv_control_allocator__rosidl_typesupport_introspection_c.so[0m
[33.270s] [ 41%] Built target uuv_auv_control_allocator__rosidl_typesupport_introspection_c
[33.293s] [ 45%] [34m[1mGenerating C++ type support for eProsima Fast-RTPS[0m
[33.936s] [35m[1mScanning dependencies of target uuv_auv_control_allocator__rosidl_typesupport_fastrtps_cpp[0m
[33.982s] [ 48%] [32mBuilding CXX object CMakeFiles/uuv_auv_control_allocator__rosidl_typesupport_fastrtps_cpp.dir/rosidl_typesupport_fastrtps_cpp/uuv_auv_control_allocator/msg/detail/dds_fastrtps/auv_command__type_support.cpp.o[0m
[34.976s] [ 51%] [32m[1mLinking CXX shared library libuuv_auv_control_allocator__rosidl_typesupport_fastrtps_cpp.so[0m
[35.357s] [ 51%] Built target uuv_auv_control_allocator__rosidl_typesupport_fastrtps_cpp
[35.390s] [ 54%] [34m[1mGenerating C++ introspection for ROS interfaces[0m
[36.000s] [35m[1mScanning dependencies of target uuv_auv_control_allocator__rosidl_typesupport_introspection_cpp[0m
[36.042s] [ 58%] [32mBuilding CXX object CMakeFiles/uuv_auv_control_allocator__rosidl_typesupport_introspection_cpp.dir/rosidl_typesupport_introspection_cpp/uuv_auv_control_allocator/msg/detail/auv_command__type_support.cpp.o[0m
[36.661s] [ 61%] [32m[1mLinking CXX shared library libuuv_auv_control_allocator__rosidl_typesupport_introspection_cpp.so[0m
[36.987s] [ 61%] Built target uuv_auv_control_allocator__rosidl_typesupport_introspection_cpp
[37.012s] [ 64%] [34m[1mGenerating C type support for eProsima Fast-RTPS[0m
[37.680s] [35m[1mScanning dependencies of target uuv_auv_control_allocator__rosidl_typesupport_fastrtps_c[0m
[37.746s] [ 67%] [32mBuilding CXX object CMakeFiles/uuv_auv_control_allocator__rosidl_typesupport_fastrtps_c.dir/rosidl_typesupport_fastrtps_c/uuv_auv_control_allocator/msg/detail/auv_command__type_support_c.cpp.o[0m
[38.547s] [ 70%] [32m[1mLinking CXX shared library libuuv_auv_control_allocator__rosidl_typesupport_fastrtps_c.so[0m
[38.957s] [ 70%] Built target uuv_auv_control_allocator__rosidl_typesupport_fastrtps_c
[38.985s] [35m[1mScanning dependencies of target uuv_auv_control_allocator[0m
[39.013s] [ 70%] Built target uuv_auv_control_allocator
[39.055s] [35m[1mScanning dependencies of target uuv_auv_control_allocator__py[0m
[39.089s] [ 74%] [34m[1mGenerating Python code for ROS interfaces[0m
[40.284s] [ 74%] Built target uuv_auv_control_allocator__py
[40.312s] [35m[1mScanning dependencies of target uuv_auv_control_allocator__python[0m
[40.357s] [ 77%] [32mBuilding C object CMakeFiles/uuv_auv_control_allocator__python.dir/rosidl_generator_py/uuv_auv_control_allocator/msg/_auv_command_s.c.o[0m
[40.560s] [ 80%] [32m[1mLinking C shared library rosidl_generator_py/uuv_auv_control_allocator/libuuv_auv_control_allocator__python.so[0m
[40.860s] [ 80%] Built target uuv_auv_control_allocator__python
[40.889s] [35m[1mScanning dependencies of target uuv_auv_control_allocator__rosidl_typesupport_c__pyext[0m
[40.944s] [ 83%] [32mBuilding C object CMakeFiles/uuv_auv_control_allocator__rosidl_typesupport_c__pyext.dir/rosidl_generator_py/uuv_auv_control_allocator/_uuv_auv_control_allocator_s.ep.rosidl_typesupport_c.c.o[0m
[41.108s] [ 87%] [32m[1mLinking C shared library rosidl_generator_py/uuv_auv_control_allocator/uuv_auv_control_allocator_s__rosidl_typesupport_c.cpython-38-x86_64-linux-gnu.so[0m
[41.352s] [ 87%] Built target uuv_auv_control_allocator__rosidl_typesupport_c__pyext
[41.371s] [35m[1mScanning dependencies of target uuv_auv_control_allocator__rosidl_typesupport_introspection_c__pyext[0m
[41.417s] [ 90%] [32mBuilding C object CMakeFiles/uuv_auv_control_allocator__rosidl_typesupport_introspection_c__pyext.dir/rosidl_generator_py/uuv_auv_control_allocator/_uuv_auv_control_allocator_s.ep.rosidl_typesupport_introspection_c.c.o[0m
[41.581s] [ 93%] [32m[1mLinking C shared library rosidl_generator_py/uuv_auv_control_allocator/uuv_auv_control_allocator_s__rosidl_typesupport_introspection_c.cpython-38-x86_64-linux-gnu.so[0m
[41.816s] [ 93%] Built target uuv_auv_control_allocator__rosidl_typesupport_introspection_c__pyext
[41.836s] [35m[1mScanning dependencies of target uuv_auv_control_allocator__rosidl_typesupport_fastrtps_c__pyext[0m
[41.880s] [ 96%] [32mBuilding C object CMakeFiles/uuv_auv_control_allocator__rosidl_typesupport_fastrtps_c__pyext.dir/rosidl_generator_py/uuv_auv_control_allocator/_uuv_auv_control_allocator_s.ep.rosidl_typesupport_fastrtps_c.c.o[0m
[42.061s] [100%] [32m[1mLinking CXX shared library rosidl_generator_py/uuv_auv_control_allocator/uuv_auv_control_allocator_s__rosidl_typesupport_fastrtps_c.cpython-38-x86_64-linux-gnu.so[0m
[42.336s] [100%] Built target uuv_auv_control_allocator__rosidl_typesupport_fastrtps_c__pyext
[42.419s] Invoked command in '/home/isopodin-time/ros2_ws/build/uuv_auv_control_allocator' returned '0': CMAKE_PREFIX_PATH=/home/isopodin-time/ros2_ws/install/plankton_utils:/home/isopodin-time/ros2_ws/install/plankton:/home/isopodin-time/ros2_ws/install/uuv_simulator:/home/isopodin-time/ros2_ws/install/uuv_world_ros_plugins:/home/isopodin-time/ros2_ws/install/uuv_control_utils:/home/isopodin-time/ros2_ws/install/uuv_world_ros_plugins_msgs:/home/isopodin-time/ros2_ws/install/uuv_world_plugins:/home/isopodin-time/ros2_ws/install/uuv_trajectory_control:/home/isopodin-time/ros2_ws/install/uuv_teleop:/home/isopodin-time/ros2_ws/install/uuv_thruster_manager:/home/isopodin-time/ros2_ws/install/uuv_descriptions:/home/isopodin-time/ros2_ws/install/uuv_sensor_ros_plugins:/home/isopodin-time/ros2_ws/install/uuv_sensor_ros_plugins_msgs:/home/isopodin-time/ros2_ws/install/uuv_gazebo_worlds:/home/isopodin-time/ros2_ws/install/uuv_gazebo_ros_plugins:/home/isopodin-time/ros2_ws/install/uuv_gazebo_ros_plugins_msgs:/home/isopodin-time/ros2_ws/install/uuv_gazebo_plugins:/home/isopodin-time/ros2_ws/install/uuv_gazebo:/home/isopodin-time/ros2_ws/install/uuv_control_msgs:/home/isopodin-time/ros2_ws/install/uuv_control_cascaded_pid:/home/isopodin-time/ros2_ws/install/uuv_auv_control_allocator:/home/isopodin-time/ros2_ws/install/uuv_assistants:/home/isopodin-time/ros2_ws/install/muuv_sim:/home/isopodin-time/ros2_ws/install/muuv_ros:/opt/ros/foxy PYTHONPATH=/home/isopodin-time/ros2_ws/install/plankton_utils/lib/python3.8/site-packages:/home/isopodin-time/ros2_ws/install/uuv_world_ros_plugins_msgs/lib/python3.8/site-packages:/home/isopodin-time/ros2_ws/install/uuv_trajectory_control/lib/python3.8/site-packages:/home/isopodin-time/ros2_ws/install/uuv_thruster_manager/lib/python3.8/site-packages:/home/isopodin-time/ros2_ws/install/uuv_sensor_ros_plugins_msgs/lib/python3.8/site-packages:/home/isopodin-time/ros2_ws/install/uuv_gazebo_ros_plugins_msgs/lib/python3.8/site-packages:/home/isopodin-time/ros2_ws/install/uuv_control_msgs/lib/python3.8/site-packages:/home/isopodin-time/ros2_ws/install/uuv_control_cascaded_pid/lib/python3.8/site-packages:/home/isopodin-time/ros2_ws/install/uuv_auv_control_allocator/lib/python3.8/site-packages:/home/isopodin-time/ros2_ws/install/uuv_assistants/lib/python3.8/site-packages:/opt/ros/foxy/lib/python3.8/site-packages /usr/bin/cmake --build /home/isopodin-time/ros2_ws/build/uuv_auv_control_allocator -- -j8 -l8
[42.600s] Invoking command in '/home/isopodin-time/ros2_ws/build/uuv_auv_control_allocator': CMAKE_PREFIX_PATH=/home/isopodin-time/ros2_ws/install/plankton_utils:/home/isopodin-time/ros2_ws/install/plankton:/home/isopodin-time/ros2_ws/install/uuv_simulator:/home/isopodin-time/ros2_ws/install/uuv_world_ros_plugins:/home/isopodin-time/ros2_ws/install/uuv_control_utils:/home/isopodin-time/ros2_ws/install/uuv_world_ros_plugins_msgs:/home/isopodin-time/ros2_ws/install/uuv_world_plugins:/home/isopodin-time/ros2_ws/install/uuv_trajectory_control:/home/isopodin-time/ros2_ws/install/uuv_teleop:/home/isopodin-time/ros2_ws/install/uuv_thruster_manager:/home/isopodin-time/ros2_ws/install/uuv_descriptions:/home/isopodin-time/ros2_ws/install/uuv_sensor_ros_plugins:/home/isopodin-time/ros2_ws/install/uuv_sensor_ros_plugins_msgs:/home/isopodin-time/ros2_ws/install/uuv_gazebo_worlds:/home/isopodin-time/ros2_ws/install/uuv_gazebo_ros_plugins:/home/isopodin-time/ros2_ws/install/uuv_gazebo_ros_plugins_msgs:/home/isopodin-time/ros2_ws/install/uuv_gazebo_plugins:/home/isopodin-time/ros2_ws/install/uuv_gazebo:/home/isopodin-time/ros2_ws/install/uuv_control_msgs:/home/isopodin-time/ros2_ws/install/uuv_control_cascaded_pid:/home/isopodin-time/ros2_ws/install/uuv_auv_control_allocator:/home/isopodin-time/ros2_ws/install/uuv_assistants:/home/isopodin-time/ros2_ws/install/muuv_sim:/home/isopodin-time/ros2_ws/install/muuv_ros:/opt/ros/foxy PYTHONPATH=/home/isopodin-time/ros2_ws/install/plankton_utils/lib/python3.8/site-packages:/home/isopodin-time/ros2_ws/install/uuv_world_ros_plugins_msgs/lib/python3.8/site-packages:/home/isopodin-time/ros2_ws/install/uuv_trajectory_control/lib/python3.8/site-packages:/home/isopodin-time/ros2_ws/install/uuv_thruster_manager/lib/python3.8/site-packages:/home/isopodin-time/ros2_ws/install/uuv_sensor_ros_plugins_msgs/lib/python3.8/site-packages:/home/isopodin-time/ros2_ws/install/uuv_gazebo_ros_plugins_msgs/lib/python3.8/site-packages:/home/isopodin-time/ros2_ws/install/uuv_control_msgs/lib/python3.8/site-packages:/home/isopodin-time/ros2_ws/install/uuv_control_cascaded_pid/lib/python3.8/site-packages:/home/isopodin-time/ros2_ws/install/uuv_auv_control_allocator/lib/python3.8/site-packages:/home/isopodin-time/ros2_ws/install/uuv_assistants/lib/python3.8/site-packages:/opt/ros/foxy/lib/python3.8/site-packages /usr/bin/cmake --install /home/isopodin-time/ros2_ws/build/uuv_auv_control_allocator
[42.736s] -- Install configuration: ""
[42.736s] -- Installing: /home/isopodin-time/ros2_ws/install/uuv_auv_control_allocator/share/ament_index/resource_index/rosidl_interfaces/uuv_auv_control_allocator
[42.736s] -- Installing: /home/isopodin-time/ros2_ws/install/uuv_auv_control_allocator/include/uuv_auv_control_allocator
[42.737s] -- Installing: /home/isopodin-time/ros2_ws/install/uuv_auv_control_allocator/include/uuv_auv_control_allocator/msg
[42.737s] -- Installing: /home/isopodin-time/ros2_ws/install/uuv_auv_control_allocator/include/uuv_auv_control_allocator/msg/detail
[42.737s] -- Installing: /home/isopodin-time/ros2_ws/install/uuv_auv_control_allocator/include/uuv_auv_control_allocator/msg/detail/auv_command__functions.h
[42.737s] -- Installing: /home/isopodin-time/ros2_ws/install/uuv_auv_control_allocator/include/uuv_auv_control_allocator/msg/detail/auv_command__struct.h
[42.737s] -- Installing: /home/isopodin-time/ros2_ws/install/uuv_auv_control_allocator/include/uuv_auv_control_allocator/msg/detail/auv_command__type_support.h
[42.737s] -- Installing: /home/isopodin-time/ros2_ws/install/uuv_auv_control_allocator/include/uuv_auv_control_allocator/msg/detail/auv_command__functions.c
[42.738s] -- Installing: /home/isopodin-time/ros2_ws/install/uuv_auv_control_allocator/include/uuv_auv_control_allocator/msg/auv_command.h
[42.738s] -- Installing: /home/isopodin-time/ros2_ws/install/uuv_auv_control_allocator/include/uuv_auv_control_allocator/msg/rosidl_generator_c__visibility_control.h
[42.738s] -- Installing: /home/isopodin-time/ros2_ws/install/uuv_auv_control_allocator/share/uuv_auv_control_allocator/environment/library_path.sh
[42.738s] -- Installing: /home/isopodin-time/ros2_ws/install/uuv_auv_control_allocator/share/uuv_auv_control_allocator/environment/library_path.dsv
[42.738s] -- Installing: /home/isopodin-time/ros2_ws/install/uuv_auv_control_allocator/lib/libuuv_auv_control_allocator__rosidl_generator_c.so
[42.738s] -- Set runtime path of "/home/isopodin-time/ros2_ws/install/uuv_auv_control_allocator/lib/libuuv_auv_control_allocator__rosidl_generator_c.so" to ""
[42.739s] -- Up-to-date: /home/isopodin-time/ros2_ws/install/uuv_auv_control_allocator/include/uuv_auv_control_allocator
[42.739s] -- Up-to-date: /home/isopodin-time/ros2_ws/install/uuv_auv_control_allocator/include/uuv_auv_control_allocator/msg
[42.739s] -- Installing: /home/isopodin-time/ros2_ws/install/uuv_auv_control_allocator/include/uuv_auv_control_allocator/msg/rosidl_typesupport_fastrtps_c__visibility_control.h
[42.739s] -- Up-to-date: /home/isopodin-time/ros2_ws/install/uuv_auv_control_allocator/include/uuv_auv_control_allocator/msg/detail
[42.739s] -- Installing: /home/isopodin-time/ros2_ws/install/uuv_auv_control_allocator/include/uuv_auv_control_allocator/msg/detail/auv_command__rosidl_typesupport_fastrtps_c.h
[42.739s] -- Installing: /home/isopodin-time/ros2_ws/install/uuv_auv_control_allocator/lib/libuuv_auv_control_allocator__rosidl_typesupport_fastrtps_c.so
[42.740s] -- Set runtime path of "/home/isopodin-time/ros2_ws/install/uuv_auv_control_allocator/lib/libuuv_auv_control_allocator__rosidl_typesupport_fastrtps_c.so" to ""
[42.740s] -- Up-to-date: /home/isopodin-time/ros2_ws/install/uuv_auv_control_allocator/include/uuv_auv_control_allocator
[42.740s] -- Up-to-date: /home/isopodin-time/ros2_ws/install/uuv_auv_control_allocator/include/uuv_auv_control_allocator/msg
[42.740s] -- Up-to-date: /home/isopodin-time/ros2_ws/install/uuv_auv_control_allocator/include/uuv_auv_control_allocator/msg/detail
[42.740s] -- Installing: /home/isopodin-time/ros2_ws/install/uuv_auv_control_allocator/include/uuv_auv_control_allocator/msg/detail/dds_fastrtps
[42.740s] -- Installing: /home/isopodin-time/ros2_ws/install/uuv_auv_control_allocator/include/uuv_auv_control_allocator/msg/detail/auv_command__rosidl_typesupport_fastrtps_cpp.hpp
[42.741s] -- Installing: /home/isopodin-time/ros2_ws/install/uuv_auv_control_allocator/include/uuv_auv_control_allocator/msg/rosidl_typesupport_fastrtps_cpp__visibility_control.h
[42.754s] -- Installing: /home/isopodin-time/ros2_ws/install/uuv_auv_control_allocator/lib/libuuv_auv_control_allocator__rosidl_typesupport_fastrtps_cpp.so
[42.754s] -- Set runtime path of "/home/isopodin-time/ros2_ws/install/uuv_auv_control_allocator/lib/libuuv_auv_control_allocator__rosidl_typesupport_fastrtps_cpp.so" to ""
[42.755s] -- Up-to-date: /home/isopodin-time/ros2_ws/install/uuv_auv_control_allocator/include/uuv_auv_control_allocator
[42.767s] -- Up-to-date: /home/isopodin-time/ros2_ws/install/uuv_auv_control_allocator/include/uuv_auv_control_allocator/msg
[42.768s] -- Up-to-date: /home/isopodin-time/ros2_ws/install/uuv_auv_control_allocator/include/uuv_auv_control_allocator/msg/detail
[42.768s] -- Installing: /home/isopodin-time/ros2_ws/install/uuv_auv_control_allocator/include/uuv_auv_control_allocator/msg/detail/auv_command__type_support.c
[42.768s] -- Installing: /home/isopodin-time/ros2_ws/install/uuv_auv_control_allocator/include/uuv_auv_control_allocator/msg/detail/auv_command__rosidl_typesupport_introspection_c.h
[42.768s] -- Installing: /home/isopodin-time/ros2_ws/install/uuv_auv_control_allocator/include/uuv_auv_control_allocator/msg/rosidl_typesupport_introspection_c__visibility_control.h
[42.769s] -- Installing: /home/isopodin-time/ros2_ws/install/uuv_auv_control_allocator/lib/libuuv_auv_control_allocator__rosidl_typesupport_introspection_c.so
[42.769s] -- Set runtime path of "/home/isopodin-time/ros2_ws/install/uuv_auv_control_allocator/lib/libuuv_auv_control_allocator__rosidl_typesupport_introspection_c.so" to ""
[42.769s] -- Installing: /home/isopodin-time/ros2_ws/install/uuv_auv_control_allocator/lib/libuuv_auv_control_allocator__rosidl_typesupport_c.so
[42.769s] -- Set runtime path of "/home/isopodin-time/ros2_ws/install/uuv_auv_control_allocator/lib/libuuv_auv_control_allocator__rosidl_typesupport_c.so" to ""
[42.769s] -- Up-to-date: /home/isopodin-time/ros2_ws/install/uuv_auv_control_allocator/include/uuv_auv_control_allocator
[42.769s] -- Up-to-date: /home/isopodin-time/ros2_ws/install/uuv_auv_control_allocator/include/uuv_auv_control_allocator/msg
[42.769s] -- Up-to-date: /home/isopodin-time/ros2_ws/install/uuv_auv_control_allocator/include/uuv_auv_control_allocator/msg/detail
[42.770s] -- Installing: /home/isopodin-time/ros2_ws/install/uuv_auv_control_allocator/include/uuv_auv_control_allocator/msg/detail/auv_command__type_support.hpp
[42.770s] -- Installing: /home/isopodin-time/ros2_ws/install/uuv_auv_control_allocator/include/uuv_auv_control_allocator/msg/detail/auv_command__builder.hpp
[42.770s] -- Installing: /home/isopodin-time/ros2_ws/install/uuv_auv_control_allocator/include/uuv_auv_control_allocator/msg/detail/auv_command__struct.hpp
[42.770s] -- Installing: /home/isopodin-time/ros2_ws/install/uuv_auv_control_allocator/include/uuv_auv_control_allocator/msg/detail/auv_command__traits.hpp
[42.770s] -- Installing: /home/isopodin-time/ros2_ws/install/uuv_auv_control_allocator/include/uuv_auv_control_allocator/msg/rosidl_generator_cpp__visibility_control.hpp
[42.770s] -- Installing: /home/isopodin-time/ros2_ws/install/uuv_auv_control_allocator/include/uuv_auv_control_allocator/msg/auv_command.hpp
[42.771s] -- Up-to-date: /home/isopodin-time/ros2_ws/install/uuv_auv_control_allocator/include/uuv_auv_control_allocator
[42.771s] -- Up-to-date: /home/isopodin-time/ros2_ws/install/uuv_auv_control_allocator/include/uuv_auv_control_allocator/msg
[42.771s] -- Up-to-date: /home/isopodin-time/ros2_ws/install/uuv_auv_control_allocator/include/uuv_auv_control_allocator/msg/detail
[42.771s] -- Installing: /home/isopodin-time/ros2_ws/install/uuv_auv_control_allocator/include/uuv_auv_control_allocator/msg/detail/auv_command__type_support.cpp
[42.771s] -- Installing: /home/isopodin-time/ros2_ws/install/uuv_auv_control_allocator/include/uuv_auv_control_allocator/msg/detail/auv_command__rosidl_typesupport_introspection_cpp.hpp
[42.771s] -- Installing: /home/isopodin-time/ros2_ws/install/uuv_auv_control_allocator/lib/libuuv_auv_control_allocator__rosidl_typesupport_introspection_cpp.so
[42.772s] -- Set runtime path of "/home/isopodin-time/ros2_ws/install/uuv_auv_control_allocator/lib/libuuv_auv_control_allocator__rosidl_typesupport_introspection_cpp.so" to ""
[42.773s] -- Installing: /home/isopodin-time/ros2_ws/install/uuv_auv_control_allocator/lib/libuuv_auv_control_allocator__rosidl_typesupport_cpp.so
[42.773s] -- Set runtime path of "/home/isopodin-time/ros2_ws/install/uuv_auv_control_allocator/lib/libuuv_auv_control_allocator__rosidl_typesupport_cpp.so" to ""
[42.773s] -- Installing: /home/isopodin-time/ros2_ws/install/uuv_auv_control_allocator/share/uuv_auv_control_allocator/environment/pythonpath.sh
[42.774s] -- Installing: /home/isopodin-time/ros2_ws/install/uuv_auv_control_allocator/share/uuv_auv_control_allocator/environment/pythonpath.dsv
[42.774s] -- Installing: /home/isopodin-time/ros2_ws/install/uuv_auv_control_allocator/lib/python3.8/site-packages/uuv_auv_control_allocator/__init__.py
[42.774s] Compiling '/home/isopodin-time/ros2_ws/install/uuv_auv_control_allocator/lib/python3.8/site-packages/uuv_auv_control_allocator/__init__.py'...
[42.775s] -- Installing: /home/isopodin-time/ros2_ws/install/uuv_auv_control_allocator/lib/python3.8/site-packages/uuv_auv_control_allocator/msg
[42.775s] -- Installing: /home/isopodin-time/ros2_ws/install/uuv_auv_control_allocator/lib/python3.8/site-packages/uuv_auv_control_allocator/msg/__init__.py
[42.775s] -- Installing: /home/isopodin-time/ros2_ws/install/uuv_auv_control_allocator/lib/python3.8/site-packages/uuv_auv_control_allocator/msg/_auv_command.py
[42.776s] -- Installing: /home/isopodin-time/ros2_ws/install/uuv_auv_control_allocator/lib/python3.8/site-packages/uuv_auv_control_allocator/msg/_auv_command_s.c
[42.776s] -- Installing: /home/isopodin-time/ros2_ws/install/uuv_auv_control_allocator/lib/python3.8/site-packages/uuv_auv_control_allocator/uuv_auv_control_allocator_s__rosidl_typesupport_fastrtps_c.cpython-38-x86_64-linux-gnu.so
[42.777s] -- Set runtime path of "/home/isopodin-time/ros2_ws/install/uuv_auv_control_allocator/lib/python3.8/site-packages/uuv_auv_control_allocator/uuv_auv_control_allocator_s__rosidl_typesupport_fastrtps_c.cpython-38-x86_64-linux-gnu.so" to ""
[42.777s] -- Installing: /home/isopodin-time/ros2_ws/install/uuv_auv_control_allocator/lib/python3.8/site-packages/uuv_auv_control_allocator/uuv_auv_control_allocator_s__rosidl_typesupport_introspection_c.cpython-38-x86_64-linux-gnu.so
[42.778s] -- Set runtime path of "/home/isopodin-time/ros2_ws/install/uuv_auv_control_allocator/lib/python3.8/site-packages/uuv_auv_control_allocator/uuv_auv_control_allocator_s__rosidl_typesupport_introspection_c.cpython-38-x86_64-linux-gnu.so" to ""
[42.778s] -- Installing: /home/isopodin-time/ros2_ws/install/uuv_auv_control_allocator/lib/python3.8/site-packages/uuv_auv_control_allocator/uuv_auv_control_allocator_s__rosidl_typesupport_c.cpython-38-x86_64-linux-gnu.so
[42.778s] -- Set runtime path of "/home/isopodin-time/ros2_ws/install/uuv_auv_control_allocator/lib/python3.8/site-packages/uuv_auv_control_allocator/uuv_auv_control_allocator_s__rosidl_typesupport_c.cpython-38-x86_64-linux-gnu.so" to ""
[42.779s] -- Installing: /home/isopodin-time/ros2_ws/install/uuv_auv_control_allocator/lib/libuuv_auv_control_allocator__python.so
[42.779s] -- Set runtime path of "/home/isopodin-time/ros2_ws/install/uuv_auv_control_allocator/lib/libuuv_auv_control_allocator__python.so" to ""
[42.779s] -- Installing: /home/isopodin-time/ros2_ws/install/uuv_auv_control_allocator/share/uuv_auv_control_allocator/msg/AUVCommand.idl
[42.779s] -- Installing: /home/isopodin-time/ros2_ws/install/uuv_auv_control_allocator/share/uuv_auv_control_allocator/msg/AUVCommand.msg
[42.779s] -- Installing: /home/isopodin-time/ros2_ws/install/uuv_auv_control_allocator/lib/python3.8/site-packages/uuv_auv_actuator_interface
[42.780s] -- Installing: /home/isopodin-time/ros2_ws/install/uuv_auv_control_allocator/lib/python3.8/site-packages/uuv_auv_actuator_interface/__init__.py
[42.780s] -- Installing: /home/isopodin-time/ros2_ws/install/uuv_auv_control_allocator/lib/python3.8/site-packages/uuv_auv_actuator_interface/fin_model.py
[42.780s] -- Installing: /home/isopodin-time/ros2_ws/install/uuv_auv_control_allocator/lib/python3.8/site-packages/uuv_auv_actuator_interface/actuator_manager.py
[42.870s] Listing '/home/isopodin-time/ros2_ws/install/uuv_auv_control_allocator/lib/python3.8/site-packages/uuv_auv_actuator_interface'...
[42.870s] Compiling '/home/isopodin-time/ros2_ws/install/uuv_auv_control_allocator/lib/python3.8/site-packages/uuv_auv_actuator_interface/__init__.py'...
[42.870s] Compiling '/home/isopodin-time/ros2_ws/install/uuv_auv_control_allocator/lib/python3.8/site-packages/uuv_auv_actuator_interface/actuator_manager.py'...
[42.870s] ***   File "/home/isopodin-time/ros2_ws/install/uuv_auv_control_allocator/lib/python3.8/site-packages/uuv_auv_actuator_interface/actuator_manager.py", line 237
[42.870s]     def build_topic_name(self, namespace, topic_prefix, id, topic_prefix):
[42.871s]     ^
[42.871s] SyntaxError: duplicate argument 'topic_prefix' in function definition
[42.871s] 
[42.871s] Compiling '/home/isopodin-time/ros2_ws/install/uuv_auv_control_allocator/lib/python3.8/site-packages/uuv_auv_actuator_interface/fin_model.py'...
[42.881s] -- Installing: /home/isopodin-time/ros2_ws/install/uuv_auv_control_allocator/share/uuv_auv_control_allocator/launch
[42.883s] -- Installing: /home/isopodin-time/ros2_ws/install/uuv_auv_control_allocator/share/uuv_auv_control_allocator/launch/start_control_allocator.launch
[42.884s] -- Installing: /home/isopodin-time/ros2_ws/install/uuv_auv_control_allocator/lib/uuv_auv_control_allocator/control_allocator
[42.884s] -- Installing: /home/isopodin-time/ros2_ws/install/uuv_auv_control_allocator/share/ament_index/resource_index/package_run_dependencies/uuv_auv_control_allocator
[42.884s] -- Installing: /home/isopodin-time/ros2_ws/install/uuv_auv_control_allocator/share/ament_index/resource_index/parent_prefix_path/uuv_auv_control_allocator
[42.884s] -- Installing: /home/isopodin-time/ros2_ws/install/uuv_auv_control_allocator/share/uuv_auv_control_allocator/environment/ament_prefix_path.sh
[42.884s] -- Installing: /home/isopodin-time/ros2_ws/install/uuv_auv_control_allocator/share/uuv_auv_control_allocator/environment/ament_prefix_path.dsv
[42.884s] -- Installing: /home/isopodin-time/ros2_ws/install/uuv_auv_control_allocator/share/uuv_auv_control_allocator/environment/path.sh
[42.887s] -- Installing: /home/isopodin-time/ros2_ws/install/uuv_auv_control_allocator/share/uuv_auv_control_allocator/environment/path.dsv
[42.887s] -- Installing: /home/isopodin-time/ros2_ws/install/uuv_auv_control_allocator/share/uuv_auv_control_allocator/local_setup.bash
[42.887s] -- Installing: /home/isopodin-time/ros2_ws/install/uuv_auv_control_allocator/share/uuv_auv_control_allocator/local_setup.sh
[42.889s] -- Installing: /home/isopodin-time/ros2_ws/install/uuv_auv_control_allocator/share/uuv_auv_control_allocator/local_setup.zsh
[42.889s] -- Installing: /home/isopodin-time/ros2_ws/install/uuv_auv_control_allocator/share/uuv_auv_control_allocator/local_setup.dsv
[42.889s] -- Installing: /home/isopodin-time/ros2_ws/install/uuv_auv_control_allocator/share/uuv_auv_control_allocator/package.dsv
[42.890s] -- Installing: /home/isopodin-time/ros2_ws/install/uuv_auv_control_allocator/share/ament_index/resource_index/packages/uuv_auv_control_allocator
[42.890s] -- Installing: /home/isopodin-time/ros2_ws/install/uuv_auv_control_allocator/share/uuv_auv_control_allocator/cmake/uuv_auv_control_allocator__rosidl_generator_cExport.cmake
[42.890s] -- Installing: /home/isopodin-time/ros2_ws/install/uuv_auv_control_allocator/share/uuv_auv_control_allocator/cmake/uuv_auv_control_allocator__rosidl_generator_cExport-noconfig.cmake
[42.890s] -- Installing: /home/isopodin-time/ros2_ws/install/uuv_auv_control_allocator/share/uuv_auv_control_allocator/cmake/uuv_auv_control_allocator__rosidl_typesupport_introspection_cExport.cmake
[42.890s] -- Installing: /home/isopodin-time/ros2_ws/install/uuv_auv_control_allocator/share/uuv_auv_control_allocator/cmake/uuv_auv_control_allocator__rosidl_typesupport_introspection_cExport-noconfig.cmake
[42.890s] -- Installing: /home/isopodin-time/ros2_ws/install/uuv_auv_control_allocator/share/uuv_auv_control_allocator/cmake/uuv_auv_control_allocator__rosidl_typesupport_cExport.cmake
[42.890s] -- Installing: /home/isopodin-time/ros2_ws/install/uuv_auv_control_allocator/share/uuv_auv_control_allocator/cmake/uuv_auv_control_allocator__rosidl_typesupport_cExport-noconfig.cmake
[42.891s] -- Installing: /home/isopodin-time/ros2_ws/install/uuv_auv_control_allocator/share/uuv_auv_control_allocator/cmake/uuv_auv_control_allocator__rosidl_generator_cppExport.cmake
[42.892s] -- Installing: /home/isopodin-time/ros2_ws/install/uuv_auv_control_allocator/share/uuv_auv_control_allocator/cmake/uuv_auv_control_allocator__rosidl_typesupport_introspection_cppExport.cmake
[42.895s] -- Installing: /home/isopodin-time/ros2_ws/install/uuv_auv_control_allocator/share/uuv_auv_control_allocator/cmake/uuv_auv_control_allocator__rosidl_typesupport_introspection_cppExport-noconfig.cmake
[42.897s] -- Installing: /home/isopodin-time/ros2_ws/install/uuv_auv_control_allocator/share/uuv_auv_control_allocator/cmake/uuv_auv_control_allocator__rosidl_typesupport_cppExport.cmake
[42.900s] -- Installing: /home/isopodin-time/ros2_ws/install/uuv_auv_control_allocator/share/uuv_auv_control_allocator/cmake/uuv_auv_control_allocator__rosidl_typesupport_cppExport-noconfig.cmake
[42.902s] -- Installing: /home/isopodin-time/ros2_ws/install/uuv_auv_control_allocator/share/uuv_auv_control_allocator/cmake/rosidl_cmake-extras.cmake
[42.903s] -- Installing: /home/isopodin-time/ros2_ws/install/uuv_auv_control_allocator/share/uuv_auv_control_allocator/cmake/ament_cmake_export_dependencies-extras.cmake
[42.903s] -- Installing: /home/isopodin-time/ros2_ws/install/uuv_auv_control_allocator/share/uuv_auv_control_allocator/cmake/ament_cmake_export_libraries-extras.cmake
[42.914s] -- Installing: /home/isopodin-time/ros2_ws/install/uuv_auv_control_allocator/share/uuv_auv_control_allocator/cmake/ament_cmake_export_targets-extras.cmake
[42.914s] -- Installing: /home/isopodin-time/ros2_ws/install/uuv_auv_control_allocator/share/uuv_auv_control_allocator/cmake/ament_cmake_export_include_directories-extras.cmake
[42.914s] -- Installing: /home/isopodin-time/ros2_ws/install/uuv_auv_control_allocator/share/uuv_auv_control_allocator/cmake/rosidl_cmake_export_typesupport_libraries-extras.cmake
[42.915s] -- Installing: /home/isopodin-time/ros2_ws/install/uuv_auv_control_allocator/share/uuv_auv_control_allocator/cmake/rosidl_cmake_export_typesupport_targets-extras.cmake
[42.915s] -- Installing: /home/isopodin-time/ros2_ws/install/uuv_auv_control_allocator/share/uuv_auv_control_allocator/cmake/uuv_auv_control_allocatorConfig.cmake
[42.915s] -- Installing: /home/isopodin-time/ros2_ws/install/uuv_auv_control_allocator/share/uuv_auv_control_allocator/cmake/uuv_auv_control_allocatorConfig-version.cmake
[42.916s] -- Installing: /home/isopodin-time/ros2_ws/install/uuv_auv_control_allocator/share/uuv_auv_control_allocator/package.xml
[42.916s] Invoked command in '/home/isopodin-time/ros2_ws/build/uuv_auv_control_allocator' returned '0': CMAKE_PREFIX_PATH=/home/isopodin-time/ros2_ws/install/plankton_utils:/home/isopodin-time/ros2_ws/install/plankton:/home/isopodin-time/ros2_ws/install/uuv_simulator:/home/isopodin-time/ros2_ws/install/uuv_world_ros_plugins:/home/isopodin-time/ros2_ws/install/uuv_control_utils:/home/isopodin-time/ros2_ws/install/uuv_world_ros_plugins_msgs:/home/isopodin-time/ros2_ws/install/uuv_world_plugins:/home/isopodin-time/ros2_ws/install/uuv_trajectory_control:/home/isopodin-time/ros2_ws/install/uuv_teleop:/home/isopodin-time/ros2_ws/install/uuv_thruster_manager:/home/isopodin-time/ros2_ws/install/uuv_descriptions:/home/isopodin-time/ros2_ws/install/uuv_sensor_ros_plugins:/home/isopodin-time/ros2_ws/install/uuv_sensor_ros_plugins_msgs:/home/isopodin-time/ros2_ws/install/uuv_gazebo_worlds:/home/isopodin-time/ros2_ws/install/uuv_gazebo_ros_plugins:/home/isopodin-time/ros2_ws/install/uuv_gazebo_ros_plugins_msgs:/home/isopodin-time/ros2_ws/install/uuv_gazebo_plugins:/home/isopodin-time/ros2_ws/install/uuv_gazebo:/home/isopodin-time/ros2_ws/install/uuv_control_msgs:/home/isopodin-time/ros2_ws/install/uuv_control_cascaded_pid:/home/isopodin-time/ros2_ws/install/uuv_auv_control_allocator:/home/isopodin-time/ros2_ws/install/uuv_assistants:/home/isopodin-time/ros2_ws/install/muuv_sim:/home/isopodin-time/ros2_ws/install/muuv_ros:/opt/ros/foxy PYTHONPATH=/home/isopodin-time/ros2_ws/install/plankton_utils/lib/python3.8/site-packages:/home/isopodin-time/ros2_ws/install/uuv_world_ros_plugins_msgs/lib/python3.8/site-packages:/home/isopodin-time/ros2_ws/install/uuv_trajectory_control/lib/python3.8/site-packages:/home/isopodin-time/ros2_ws/install/uuv_thruster_manager/lib/python3.8/site-packages:/home/isopodin-time/ros2_ws/install/uuv_sensor_ros_plugins_msgs/lib/python3.8/site-packages:/home/isopodin-time/ros2_ws/install/uuv_gazebo_ros_plugins_msgs/lib/python3.8/site-packages:/home/isopodin-time/ros2_ws/install/uuv_control_msgs/lib/python3.8/site-packages:/home/isopodin-time/ros2_ws/install/uuv_control_cascaded_pid/lib/python3.8/site-packages:/home/isopodin-time/ros2_ws/install/uuv_auv_control_allocator/lib/python3.8/site-packages:/home/isopodin-time/ros2_ws/install/uuv_assistants/lib/python3.8/site-packages:/opt/ros/foxy/lib/python3.8/site-packages /usr/bin/cmake --install /home/isopodin-time/ros2_ws/build/uuv_auv_control_allocator
