[01m[K/home/isopodin-time/ros2_ws/src/pid_component/src/pid_component/pid_component.cpp:4:68:[m[K [01;31m[Kerror: [m[Kdefinition of ‘[01m[KPid_component::Pid_component(const rclcpp::NodeOptions&)[m[K’ is not in namespace enclosing ‘[01m[KPid_component[m[K’ [[01;31m[K-fpermissive[m[K]
    4 |     Pid_component::Pid_component(const rclcpp::NodeOptions &options[01;31m[K)[m[K : rclcpp::Node("pid", options), state_(0), setpoint_(0)
      |                                                                    [01;31m[K^[m[K
[01m[K/home/isopodin-time/ros2_ws/src/pid_component/src/pid_component/pid_component.cpp:[m[K In constructor ‘[01m[KPid_component::Pid_component(const rclcpp::NodeOptions&)[m[K’:
[01m[K/home/isopodin-time/ros2_ws/src/pid_component/src/pid_component/pid_component.cpp:12:82:[m[K [01;31m[Kerror: [m[Kdefinition of ‘[01m[Kvoid Pid_component::Pid_component(const rclcpp::NodeOptions&)::<lambda>::operator()(std_msgs::msg::Float64_<std::allocator<void> >::SharedPtr) const[m[K’ is not in namespace enclosing ‘[01m[KPid_component::Pid_component(const rclcpp::NodeOptions&)::<lambda>[m[K’ [[01;31m[K-fpermissive[m[K]
   12 |             [this](const typename std_msgs::msg::Float64::SharedPtr setpoint) -> [01;31m[Kvoid[m[K
      |                                                                                  [01;31m[K^~~~[m[K
[01m[K/home/isopodin-time/ros2_ws/src/pid_component/src/pid_component/pid_component.cpp:24:79:[m[K [01;31m[Kerror: [m[Kdefinition of ‘[01m[Kvoid Pid_component::Pid_component(const rclcpp::NodeOptions&)::<lambda>::operator()(std_msgs::msg::Float64_<std::allocator<void> >::SharedPtr) const[m[K’ is not in namespace enclosing ‘[01m[KPid_component::Pid_component(const rclcpp::NodeOptions&)::<lambda>[m[K’ [[01;31m[K-fpermissive[m[K]
   24 |             [this](const typename std_msgs::msg::Float64::SharedPtr state) -> [01;31m[Kvoid[m[K
      |                                                                               [01;31m[K^~~~[m[K
[01m[K/home/isopodin-time/ros2_ws/src/pid_component/src/pid_component/pid_component.cpp:[m[K At global scope:
[01m[K/home/isopodin-time/ros2_ws/src/pid_component/src/pid_component/pid_component.cpp:44:46:[m[K [01;31m[Kerror: [m[Kdefinition of ‘[01m[Krclcpp::node_interfaces::NodeBaseInterface::SharedPtr Pid_component::get_node_base_interface() const[m[K’ is not in namespace enclosing ‘[01m[KPid_component[m[K’ [[01;31m[K-fpermissive[m[K]
   44 |     Pid_component::get_node_base_interface() [01;31m[Kconst[m[K
      |                                              [01;31m[K^~~~~[m[K
In file included from [01m[K/opt/ros/foxy/include/class_loader/class_loader.hpp:56[m[K,
                 from [01m[K/opt/ros/foxy/include/rclcpp_components/register_node_macro.hpp:18[m[K,
                 from [01m[K/home/isopodin-time/ros2_ws/src/pid_component/src/pid_component/pid_component.cpp:50[m[K:
[01m[K/home/isopodin-time/ros2_ws/src/pid_component/src/pid_component/pid_component.cpp:55:46:[m[K [01;31m[Kerror: [m[K‘[01m[Kpid[m[K’ is not a member of ‘[01m[Kcomposition[m[K’
   55 | RCLCPP_COMPONENTS_REGISTER_NODE(composition::[01;31m[Kpid[m[K)
      |                                              [01;31m[K^~~[m[K
[01m[K/home/isopodin-time/ros2_ws/src/pid_component/src/pid_component/pid_component.cpp:55:1:[m[K [01;31m[Kerror: [m[Ktemplate argument 1 is invalid
   55 | [01;31m[KRCLCPP_COMPONENTS_REGISTER_NODE[m[K(composition::pid)
      | [01;31m[K^~~~~~~~~~~~~~~~~~~~~~~~~~~~~~~[m[K
In file included from [01m[K/opt/ros/foxy/include/class_loader/class_loader_core.hpp:57[m[K,
                 from [01m[K/opt/ros/foxy/include/class_loader/class_loader.hpp:55[m[K,
                 from [01m[K/opt/ros/foxy/include/rclcpp_components/register_node_macro.hpp:18[m[K,
                 from [01m[K/home/isopodin-time/ros2_ws/src/pid_component/src/pid_component/pid_component.cpp:50[m[K:
/opt/ros/foxy/include/class_loader/meta_object.hpp: In instantiation of ‘[01m[KB* class_loader::impl::MetaObject<C, B>::create() const [with C = int; B = rclcpp_components::NodeFactory][m[K’:
[01m[K/opt/ros/foxy/include/class_loader/meta_object.hpp:216:7:[m[K   required from here
[01m[K/opt/ros/foxy/include/class_loader/meta_object.hpp:218:12:[m[K [01;31m[Kerror: [m[Kcannot convert ‘[01m[Kint*[m[K’ to ‘[01m[Krclcpp_components::NodeFactory*[m[K’ in return
  218 |     return [01;31m[Knew C[m[K;
      |            [01;31m[K^~~~~[m[K
      |            [01;31m[K|[m[K
      |            [01;31m[Kint*[m[K
make[2]: *** [CMakeFiles/pid_component.dir/build.make:63: CMakeFiles/pid_component.dir/src/pid_component/pid_component.cpp.o] Error 1
make[1]: *** [CMakeFiles/Makefile2:78: CMakeFiles/pid_component.dir/all] Error 2
make: *** [Makefile:141: all] Error 2
