[0.038s] Invoking command in '/home/isopodin-time/ros2_ws/build/muuv_ros': CMAKE_PREFIX_PATH=${CMAKE_PREFIX_PATH}:/opt/ros/foxy /usr/bin/cmake --build /home/isopodin-time/ros2_ws/build/muuv_ros -- -j8 -l8
[0.127s] [35m[1mScanning dependencies of target sensors[0m
[0.164s] [ 33%] Built target thrusters
[0.164s] [ 55%] Built target pid
[0.188s] [ 66%] [32mBuilding CXX object CMakeFiles/sensors.dir/src/muuv_ros/sensors.cpp.o[0m
[5.010s] [ 77%] [32m[1mLinking CXX executable sensors[0m
[5.645s] [100%] Built target sensors
[5.672s] Invoked command in '/home/isopodin-time/ros2_ws/build/muuv_ros' returned '0': CMAKE_PREFIX_PATH=${CMAKE_PREFIX_PATH}:/opt/ros/foxy /usr/bin/cmake --build /home/isopodin-time/ros2_ws/build/muuv_ros -- -j8 -l8
[5.819s] Invoking command in '/home/isopodin-time/ros2_ws/build/muuv_ros': CMAKE_PREFIX_PATH=${CMAKE_PREFIX_PATH}:/opt/ros/foxy /usr/bin/cmake --install /home/isopodin-time/ros2_ws/build/muuv_ros
[5.840s] -- Install configuration: ""
[5.840s] -- Up-to-date: /home/isopodin-time/ros2_ws/install/muuv_ros/lib/muuv_ros/pid
[5.841s] -- Up-to-date: /home/isopodin-time/ros2_ws/install/muuv_ros/lib/muuv_ros/thrusters
[5.843s] -- Installing: /home/isopodin-time/ros2_ws/install/muuv_ros/lib/muuv_ros/sensors
[5.847s] -- Set runtime path of "/home/isopodin-time/ros2_ws/install/muuv_ros/lib/muuv_ros/sensors" to ""
[5.847s] -- Up-to-date: /home/isopodin-time/ros2_ws/install/muuv_ros/share/muuv_ros/launch
[5.848s] -- Up-to-date: /home/isopodin-time/ros2_ws/install/muuv_ros/share/muuv_ros/config
[5.849s] -- Up-to-date: /home/isopodin-time/ros2_ws/install/muuv_ros/share/ament_index/resource_index/package_run_dependencies/muuv_ros
[5.849s] -- Up-to-date: /home/isopodin-time/ros2_ws/install/muuv_ros/share/ament_index/resource_index/parent_prefix_path/muuv_ros
[5.850s] -- Up-to-date: /home/isopodin-time/ros2_ws/install/muuv_ros/share/muuv_ros/environment/ament_prefix_path.sh
[5.850s] -- Up-to-date: /home/isopodin-time/ros2_ws/install/muuv_ros/share/muuv_ros/environment/ament_prefix_path.dsv
[5.851s] -- Up-to-date: /home/isopodin-time/ros2_ws/install/muuv_ros/share/muuv_ros/environment/path.sh
[5.851s] -- Up-to-date: /home/isopodin-time/ros2_ws/install/muuv_ros/share/muuv_ros/environment/path.dsv
[5.851s] -- Up-to-date: /home/isopodin-time/ros2_ws/install/muuv_ros/share/muuv_ros/local_setup.bash
[5.851s] -- Up-to-date: /home/isopodin-time/ros2_ws/install/muuv_ros/share/muuv_ros/local_setup.sh
[5.851s] -- Up-to-date: /home/isopodin-time/ros2_ws/install/muuv_ros/share/muuv_ros/local_setup.zsh
[5.851s] -- Up-to-date: /home/isopodin-time/ros2_ws/install/muuv_ros/share/muuv_ros/local_setup.dsv
[5.852s] -- Installing: /home/isopodin-time/ros2_ws/install/muuv_ros/share/muuv_ros/package.dsv
[5.852s] -- Up-to-date: /home/isopodin-time/ros2_ws/install/muuv_ros/share/ament_index/resource_index/packages/muuv_ros
[5.852s] -- Up-to-date: /home/isopodin-time/ros2_ws/install/muuv_ros/share/muuv_ros/cmake/muuv_rosConfig.cmake
[5.852s] -- Up-to-date: /home/isopodin-time/ros2_ws/install/muuv_ros/share/muuv_ros/cmake/muuv_rosConfig-version.cmake
[5.853s] -- Up-to-date: /home/isopodin-time/ros2_ws/install/muuv_ros/share/muuv_ros/package.xml
[5.864s] Invoked command in '/home/isopodin-time/ros2_ws/build/muuv_ros' returned '0': CMAKE_PREFIX_PATH=${CMAKE_PREFIX_PATH}:/opt/ros/foxy /usr/bin/cmake --install /home/isopodin-time/ros2_ws/build/muuv_ros
