[0.377s] Invoking command in '/home/isopodin-time/ros2_ws/build/uuv_gazebo_ros_plugins': CMAKE_PREFIX_PATH=/home/isopodin-time/ros2_ws/install/uuv_gazebo_ros_plugins_msgs:/home/isopodin-time/ros2_ws/install/uuv_gazebo_plugins:/home/isopodin-time/ros2_ws/install/plankton:/home/isopodin-time/ros2_ws/install/uuv_simulator:/home/isopodin-time/ros2_ws/install/uuv_world_ros_plugins:/home/isopodin-time/ros2_ws/install/uuv_control_utils:/home/isopodin-time/ros2_ws/install/uuv_world_ros_plugins_msgs:/home/isopodin-time/ros2_ws/install/uuv_world_plugins:/home/isopodin-time/ros2_ws/install/uuv_trajectory_control:/home/isopodin-time/ros2_ws/install/uuv_teleop:/home/isopodin-time/ros2_ws/install/uuv_thruster_manager:/home/isopodin-time/ros2_ws/install/uuv_descriptions:/home/isopodin-time/ros2_ws/install/uuv_sensor_ros_plugins:/home/isopodin-time/ros2_ws/install/uuv_sensor_ros_plugins_msgs:/home/isopodin-time/ros2_ws/install/uuv_gazebo_worlds:/home/isopodin-time/ros2_ws/install/uuv_gazebo_ros_plugins:/home/isopodin-time/ros2_ws/install/uuv_gazebo:/home/isopodin-time/ros2_ws/install/uuv_control_msgs:/home/isopodin-time/ros2_ws/install/uuv_control_cascaded_pid:/home/isopodin-time/ros2_ws/install/uuv_auv_control_allocator:/home/isopodin-time/ros2_ws/install/uuv_assistants:/home/isopodin-time/ros2_ws/install/plankton_utils:/home/isopodin-time/ros2_ws/install/muuv_sim:/home/isopodin-time/ros2_ws/install/muuv_ros:/opt/ros/foxy LD_LIBRARY_PATH=/home/isopodin-time/ros2_ws/install/uuv_gazebo_ros_plugins_msgs/lib:/home/isopodin-time/ros2_ws/install/uuv_gazebo_plugins/lib:/home/isopodin-time/ros2_ws/install/uuv_world_ros_plugins/lib:/home/isopodin-time/ros2_ws/install/uuv_world_ros_plugins_msgs/lib:/home/isopodin-time/ros2_ws/install/uuv_world_plugins/lib:/home/isopodin-time/ros2_ws/install/uuv_thruster_manager/lib:/home/isopodin-time/ros2_ws/install/uuv_sensor_ros_plugins/lib:/home/isopodin-time/ros2_ws/install/uuv_sensor_ros_plugins_msgs/lib:/home/isopodin-time/ros2_ws/install/uuv_gazebo_ros_plugins/lib:/home/isopodin-time/ros2_ws/install/uuv_control_msgs/lib:/home/isopodin-time/ros2_ws/install/uuv_auv_control_allocator/lib:/usr/lib/x86_64-linux-gnu/gazebo-11/plugins:/opt/ros/foxy/opt/yaml_cpp_vendor/lib:/opt/ros/foxy/opt/rviz_ogre_vendor/lib:/opt/ros/foxy/lib/x86_64-linux-gnu:/opt/ros/foxy/lib:/usr/lib/x86_64-linux-gnu/gazebo-11/plugins PYTHONPATH=/home/isopodin-time/ros2_ws/install/uuv_gazebo_ros_plugins_msgs/lib/python3.8/site-packages:/home/isopodin-time/ros2_ws/install/uuv_world_ros_plugins_msgs/lib/python3.8/site-packages:/home/isopodin-time/ros2_ws/install/uuv_trajectory_control/lib/python3.8/site-packages:/home/isopodin-time/ros2_ws/install/uuv_thruster_manager/lib/python3.8/site-packages:/home/isopodin-time/ros2_ws/install/uuv_sensor_ros_plugins_msgs/lib/python3.8/site-packages:/home/isopodin-time/ros2_ws/install/uuv_control_msgs/lib/python3.8/site-packages:/home/isopodin-time/ros2_ws/install/uuv_control_cascaded_pid/lib/python3.8/site-packages:/home/isopodin-time/ros2_ws/install/uuv_auv_control_allocator/lib/python3.8/site-packages:/home/isopodin-time/ros2_ws/install/uuv_assistants/lib/python3.8/site-packages:/home/isopodin-time/ros2_ws/install/plankton_utils/lib/python3.8/site-packages:/opt/ros/foxy/lib/python3.8/site-packages /usr/bin/cmake /home/isopodin-time/ros2_ws/src/Plankton/uuv_gazebo_plugins/uuv_gazebo_ros_plugins -DCMAKE_INSTALL_PREFIX=/home/isopodin-time/ros2_ws/install/uuv_gazebo_ros_plugins
[0.660s] -- The C compiler identification is GNU 9.4.0
[1.127s] -- The CXX compiler identification is GNU 9.4.0
[1.328s] -- Check for working C compiler: /usr/bin/cc
[1.604s] -- Check for working C compiler: /usr/bin/cc -- works
[1.604s] -- Detecting C compiler ABI info
[1.884s] -- Detecting C compiler ABI info - done
[1.914s] -- Detecting C compile features
[1.914s] -- Detecting C compile features - done
[1.915s] -- Check for working CXX compiler: /usr/bin/c++
[2.231s] -- Check for working CXX compiler: /usr/bin/c++ -- works
[2.233s] -- Detecting CXX compiler ABI info
[2.519s] -- Detecting CXX compiler ABI info - done
[2.544s] -- Detecting CXX compile features
[2.545s] -- Detecting CXX compile features - done
[2.546s] -- Found ament_cmake: 0.9.12 (/opt/ros/foxy/share/ament_cmake/cmake)
[2.602s] -- Found PythonInterp: /usr/bin/python3 (found suitable version "3.8.10", minimum required is "3") 
[2.603s] -- Using PYTHON_EXECUTABLE: /usr/bin/python3
[3.052s] -- Found gazebo_dev: 3.5.3 (/opt/ros/foxy/share/gazebo_dev/cmake)
[3.062s] -- Found PkgConfig: /usr/bin/pkg-config (found version "0.29.1") 
[3.067s] -- Checking for module 'bullet>=2.82'
[3.096s] --   Found bullet, version 2.88
[5.603s] -- Found ccd: /usr/include (found suitable version "2.0", minimum required is "2.0") 
[5.774s] -- Found fcl: /usr/include (found suitable version "0.5.0", minimum required is "0.3.2") 
[6.044s] -- Found assimp: /usr/include (found version "5.0.0") 
[6.095s] -- Found DART: /usr/include (Required is at least version "6.6") found components: dart 
[7.294s] -- Found Boost: /usr/lib/x86_64-linux-gnu/cmake/Boost-1.71.0/BoostConfig.cmake (found suitable version "1.71.0", minimum required is "1.40.0") found components: thread system filesystem program_options regex iostreams date_time 
[7.962s] -- Found Protobuf: /usr/lib/x86_64-linux-gnu/libprotobuf.so;-lpthread (found version "3.6.1") 
[7.975s] -- Looking for ignition-math6 -- found version 6.14.0
[7.986s] -- Searching for dependencies of ignition-math6
[7.989s] -- Looking for OGRE...
[7.990s] -- OGRE_PREFIX_WATCH changed.
[7.998s] -- Checking for module 'OGRE'
[8.023s] --   Found OGRE, version 1.9.0
[8.222s] -- Found Ogre Ghadamon (1.9.0)
[9.521s] -- Found OGRE: optimized;/usr/lib/x86_64-linux-gnu/libOgreMain.so;debug;/usr/lib/x86_64-linux-gnu/libOgreMain.so
[9.539s] -- Looking for OGRE_Paging...
[10.213s] -- Found OGRE_Paging: optimized;/usr/lib/x86_64-linux-gnu/libOgrePaging.so;debug;/usr/lib/x86_64-linux-gnu/libOgrePaging.so
[10.213s] -- Looking for OGRE_Terrain...
[10.840s] -- Found OGRE_Terrain: optimized;/usr/lib/x86_64-linux-gnu/libOgreTerrain.so;debug;/usr/lib/x86_64-linux-gnu/libOgreTerrain.so
[10.841s] -- Looking for OGRE_Property...
[11.551s] -- Found OGRE_Property: optimized;/usr/lib/x86_64-linux-gnu/libOgreProperty.so;debug;/usr/lib/x86_64-linux-gnu/libOgreProperty.so
[11.551s] -- Looking for OGRE_RTShaderSystem...
[12.203s] -- Found OGRE_RTShaderSystem: optimized;/usr/lib/x86_64-linux-gnu/libOgreRTShaderSystem.so;debug;/usr/lib/x86_64-linux-gnu/libOgreRTShaderSystem.so
[12.203s] -- Looking for OGRE_Volume...
[12.846s] -- Found OGRE_Volume: optimized;/usr/lib/x86_64-linux-gnu/libOgreVolume.so;debug;/usr/lib/x86_64-linux-gnu/libOgreVolume.so
[12.846s] -- Looking for OGRE_Overlay...
[13.517s] -- Found OGRE_Overlay: optimized;/usr/lib/x86_64-linux-gnu/libOgreOverlay.so;debug;/usr/lib/x86_64-linux-gnu/libOgreOverlay.so
[43.026s] -- Looking for ignition-math6 -- found version 6.14.0
[43.031s] -- Looking for ignition-transport8 -- found version 8.4.0
[43.032s] -- Searching for dependencies of ignition-transport8
[44.416s] -- Found Protobuf: /usr/lib/x86_64-linux-gnu/libprotobuf.so;-lpthread (found suitable version "3.6.1", minimum required is "3") 
[45.809s] -- Config-file not installed for ZeroMQ -- checking for pkg-config
[45.815s] -- Checking for module 'libzmq >= 4'
[45.841s] --   Found libzmq , version 4.3.2
[46.053s] -- Found ZeroMQ: TRUE (Required is at least version "4") 
[46.120s] -- Checking for module 'uuid'
[46.143s] --   Found uuid, version 2.34.0
[46.321s] -- Found UUID: TRUE  
[46.325s] -- Looking for ignition-msgs5 -- found version 5.11.0
[46.325s] -- Searching for dependencies of ignition-msgs5
[47.640s] -- Looking for ignition-math6 -- found version 6.14.0
[47.647s] -- Checking for module 'tinyxml2'
[47.670s] --   Found tinyxml2, version 6.2.0
[47.864s] -- Looking for ignition-msgs5 -- found version 5.11.0
[47.871s] -- Looking for ignition-common3 -- found version 3.16.0
[47.872s] -- Searching for dependencies of ignition-common3
[47.931s] -- Looking for dlfcn.h - found
[48.007s] -- Looking for libdl - found
[48.008s] -- Found DL: TRUE  
[48.153s] -- Searching for <ignition-common3> component [graphics]
[48.157s] -- Looking for ignition-common3-graphics -- found version 3.16.0
[48.158s] -- Searching for dependencies of ignition-common3-graphics
[48.158s] -- Looking for ignition-math6 -- found version 6.14.0
[48.164s] -- Looking for ignition-fuel_tools4 -- found version 4.9.0
[48.164s] -- Searching for dependencies of ignition-fuel_tools4
[48.642s] -- Found CURL: /usr/lib/x86_64-linux-gnu/libcurl.so (found version "7.68.0")  
[48.660s] -- Checking for module 'jsoncpp'
[48.691s] --   Found jsoncpp, version 1.7.4
[48.920s] -- Found JSONCPP: TRUE  
[48.934s] -- Checking for module 'libzip'
[48.967s] --   Found libzip, version 1.5.1
[49.197s] -- Found ZIP: TRUE  
[49.198s] -- Looking for ignition-common3 -- found version 3.16.0
[49.199s] -- Looking for ignition-math6 -- found version 6.14.0
[49.199s] -- Looking for ignition-msgs5 -- found version 5.11.0
[49.201s] -- Gazebo version: 11.13
[49.205s] -- Found geometry_msgs: 2.0.5 (/opt/ros/foxy/share/geometry_msgs/cmake)
[49.332s] -- Using all available rosidl_typesupport_c: rosidl_typesupport_fastrtps_c;rosidl_typesupport_introspection_c
[49.350s] -- Found rosidl_adapter: 1.3.1 (/opt/ros/foxy/share/rosidl_adapter/cmake)
[51.283s] -- Found OpenSSL: /usr/lib/x86_64-linux-gnu/libcrypto.so (found version "1.1.1f")  
[53.091s] -- Found FastRTPS: /opt/ros/foxy/include  
[56.147s] -- Using all available rosidl_typesupport_cpp: rosidl_typesupport_fastrtps_cpp;rosidl_typesupport_introspection_cpp
[56.284s] -- Found rclcpp: 2.4.3 (/opt/ros/foxy/share/rclcpp/cmake)
[56.351s] -- Found rmw_implementation_cmake: 1.0.4 (/opt/ros/foxy/share/rmw_implementation_cmake/cmake)
[56.354s] -- Using RMW implementation 'rmw_fastrtps_cpp' as default
[56.356s] -- Found Threads: TRUE  
[56.539s] -- Found sensor_msgs: 2.0.5 (/opt/ros/foxy/share/sensor_msgs/cmake)
[56.629s] -- Found tf2: 0.13.14 (/opt/ros/foxy/share/tf2/cmake)
[56.646s] -- Found tf2_ros: 0.13.14 (/opt/ros/foxy/share/tf2_ros/cmake)
[57.077s] -- Found uuv_gazebo_plugins: 0.6.1 (/home/isopodin-time/ros2_ws/install/uuv_gazebo_plugins/share/uuv_gazebo_plugins/cmake)
[57.095s] -- Found uuv_gazebo_ros_plugins_msgs: 0.6.1 (/home/isopodin-time/ros2_ws/install/uuv_gazebo_ros_plugins_msgs/share/uuv_gazebo_ros_plugins_msgs/cmake)
[57.177s] -- Found visualization_msgs: 2.0.5 (/opt/ros/foxy/share/visualization_msgs/cmake)
[57.433s] -- Found ament_cmake_pytest: 0.9.12 (/opt/ros/foxy/share/ament_cmake_pytest/cmake)
[57.437s] -- Found launch_testing_ament_cmake: 0.10.10 (/opt/ros/foxy/share/launch_testing_ament_cmake/cmake)
[57.441s] -- Found python_cmake_module: 0.8.1 (/opt/ros/foxy/share/python_cmake_module/cmake)
[57.468s] -- Found PythonInterp: /usr/bin/python3 (found suitable version "3.8.10", minimum required is "3.5") 
[58.102s] -- Found PythonLibs: /usr/lib/x86_64-linux-gnu/libpython3.8.so (found suitable version "3.8.10", minimum required is "3.5") 
[58.103s] -- Using PYTHON_EXECUTABLE: /usr/bin/python3
[58.103s] -- Using PYTHON_INCLUDE_DIRS: /usr/include/python3.8
[58.103s] -- Using PYTHON_LIBRARIES: /usr/lib/x86_64-linux-gnu/libpython3.8.so
[58.128s] -- Found PythonExtra: .so  
[58.132s] -- Found xacro: 2.0.7 (/opt/ros/foxy/share/xacro/cmake)
[58.236s] -- Configuring done
[58.509s] -- Generating done
[58.513s] -- Build files have been written to: /home/isopodin-time/ros2_ws/build/uuv_gazebo_ros_plugins
[58.529s] Invoked command in '/home/isopodin-time/ros2_ws/build/uuv_gazebo_ros_plugins' returned '0': CMAKE_PREFIX_PATH=/home/isopodin-time/ros2_ws/install/uuv_gazebo_ros_plugins_msgs:/home/isopodin-time/ros2_ws/install/uuv_gazebo_plugins:/home/isopodin-time/ros2_ws/install/plankton:/home/isopodin-time/ros2_ws/install/uuv_simulator:/home/isopodin-time/ros2_ws/install/uuv_world_ros_plugins:/home/isopodin-time/ros2_ws/install/uuv_control_utils:/home/isopodin-time/ros2_ws/install/uuv_world_ros_plugins_msgs:/home/isopodin-time/ros2_ws/install/uuv_world_plugins:/home/isopodin-time/ros2_ws/install/uuv_trajectory_control:/home/isopodin-time/ros2_ws/install/uuv_teleop:/home/isopodin-time/ros2_ws/install/uuv_thruster_manager:/home/isopodin-time/ros2_ws/install/uuv_descriptions:/home/isopodin-time/ros2_ws/install/uuv_sensor_ros_plugins:/home/isopodin-time/ros2_ws/install/uuv_sensor_ros_plugins_msgs:/home/isopodin-time/ros2_ws/install/uuv_gazebo_worlds:/home/isopodin-time/ros2_ws/install/uuv_gazebo_ros_plugins:/home/isopodin-time/ros2_ws/install/uuv_gazebo:/home/isopodin-time/ros2_ws/install/uuv_control_msgs:/home/isopodin-time/ros2_ws/install/uuv_control_cascaded_pid:/home/isopodin-time/ros2_ws/install/uuv_auv_control_allocator:/home/isopodin-time/ros2_ws/install/uuv_assistants:/home/isopodin-time/ros2_ws/install/plankton_utils:/home/isopodin-time/ros2_ws/install/muuv_sim:/home/isopodin-time/ros2_ws/install/muuv_ros:/opt/ros/foxy LD_LIBRARY_PATH=/home/isopodin-time/ros2_ws/install/uuv_gazebo_ros_plugins_msgs/lib:/home/isopodin-time/ros2_ws/install/uuv_gazebo_plugins/lib:/home/isopodin-time/ros2_ws/install/uuv_world_ros_plugins/lib:/home/isopodin-time/ros2_ws/install/uuv_world_ros_plugins_msgs/lib:/home/isopodin-time/ros2_ws/install/uuv_world_plugins/lib:/home/isopodin-time/ros2_ws/install/uuv_thruster_manager/lib:/home/isopodin-time/ros2_ws/install/uuv_sensor_ros_plugins/lib:/home/isopodin-time/ros2_ws/install/uuv_sensor_ros_plugins_msgs/lib:/home/isopodin-time/ros2_ws/install/uuv_gazebo_ros_plugins/lib:/home/isopodin-time/ros2_ws/install/uuv_control_msgs/lib:/home/isopodin-time/ros2_ws/install/uuv_auv_control_allocator/lib:/usr/lib/x86_64-linux-gnu/gazebo-11/plugins:/opt/ros/foxy/opt/yaml_cpp_vendor/lib:/opt/ros/foxy/opt/rviz_ogre_vendor/lib:/opt/ros/foxy/lib/x86_64-linux-gnu:/opt/ros/foxy/lib:/usr/lib/x86_64-linux-gnu/gazebo-11/plugins PYTHONPATH=/home/isopodin-time/ros2_ws/install/uuv_gazebo_ros_plugins_msgs/lib/python3.8/site-packages:/home/isopodin-time/ros2_ws/install/uuv_world_ros_plugins_msgs/lib/python3.8/site-packages:/home/isopodin-time/ros2_ws/install/uuv_trajectory_control/lib/python3.8/site-packages:/home/isopodin-time/ros2_ws/install/uuv_thruster_manager/lib/python3.8/site-packages:/home/isopodin-time/ros2_ws/install/uuv_sensor_ros_plugins_msgs/lib/python3.8/site-packages:/home/isopodin-time/ros2_ws/install/uuv_control_msgs/lib/python3.8/site-packages:/home/isopodin-time/ros2_ws/install/uuv_control_cascaded_pid/lib/python3.8/site-packages:/home/isopodin-time/ros2_ws/install/uuv_auv_control_allocator/lib/python3.8/site-packages:/home/isopodin-time/ros2_ws/install/uuv_assistants/lib/python3.8/site-packages:/home/isopodin-time/ros2_ws/install/plankton_utils/lib/python3.8/site-packages:/opt/ros/foxy/lib/python3.8/site-packages /usr/bin/cmake /home/isopodin-time/ros2_ws/src/Plankton/uuv_gazebo_plugins/uuv_gazebo_ros_plugins -DCMAKE_INSTALL_PREFIX=/home/isopodin-time/ros2_ws/install/uuv_gazebo_ros_plugins
[58.532s] Invoking command in '/home/isopodin-time/ros2_ws/build/uuv_gazebo_ros_plugins': CMAKE_PREFIX_PATH=/home/isopodin-time/ros2_ws/install/uuv_gazebo_ros_plugins_msgs:/home/isopodin-time/ros2_ws/install/uuv_gazebo_plugins:/home/isopodin-time/ros2_ws/install/plankton:/home/isopodin-time/ros2_ws/install/uuv_simulator:/home/isopodin-time/ros2_ws/install/uuv_world_ros_plugins:/home/isopodin-time/ros2_ws/install/uuv_control_utils:/home/isopodin-time/ros2_ws/install/uuv_world_ros_plugins_msgs:/home/isopodin-time/ros2_ws/install/uuv_world_plugins:/home/isopodin-time/ros2_ws/install/uuv_trajectory_control:/home/isopodin-time/ros2_ws/install/uuv_teleop:/home/isopodin-time/ros2_ws/install/uuv_thruster_manager:/home/isopodin-time/ros2_ws/install/uuv_descriptions:/home/isopodin-time/ros2_ws/install/uuv_sensor_ros_plugins:/home/isopodin-time/ros2_ws/install/uuv_sensor_ros_plugins_msgs:/home/isopodin-time/ros2_ws/install/uuv_gazebo_worlds:/home/isopodin-time/ros2_ws/install/uuv_gazebo_ros_plugins:/home/isopodin-time/ros2_ws/install/uuv_gazebo:/home/isopodin-time/ros2_ws/install/uuv_control_msgs:/home/isopodin-time/ros2_ws/install/uuv_control_cascaded_pid:/home/isopodin-time/ros2_ws/install/uuv_auv_control_allocator:/home/isopodin-time/ros2_ws/install/uuv_assistants:/home/isopodin-time/ros2_ws/install/plankton_utils:/home/isopodin-time/ros2_ws/install/muuv_sim:/home/isopodin-time/ros2_ws/install/muuv_ros:/opt/ros/foxy LD_LIBRARY_PATH=/home/isopodin-time/ros2_ws/install/uuv_gazebo_ros_plugins_msgs/lib:/home/isopodin-time/ros2_ws/install/uuv_gazebo_plugins/lib:/home/isopodin-time/ros2_ws/install/uuv_world_ros_plugins/lib:/home/isopodin-time/ros2_ws/install/uuv_world_ros_plugins_msgs/lib:/home/isopodin-time/ros2_ws/install/uuv_world_plugins/lib:/home/isopodin-time/ros2_ws/install/uuv_thruster_manager/lib:/home/isopodin-time/ros2_ws/install/uuv_sensor_ros_plugins/lib:/home/isopodin-time/ros2_ws/install/uuv_sensor_ros_plugins_msgs/lib:/home/isopodin-time/ros2_ws/install/uuv_gazebo_ros_plugins/lib:/home/isopodin-time/ros2_ws/install/uuv_control_msgs/lib:/home/isopodin-time/ros2_ws/install/uuv_auv_control_allocator/lib:/usr/lib/x86_64-linux-gnu/gazebo-11/plugins:/opt/ros/foxy/opt/yaml_cpp_vendor/lib:/opt/ros/foxy/opt/rviz_ogre_vendor/lib:/opt/ros/foxy/lib/x86_64-linux-gnu:/opt/ros/foxy/lib:/usr/lib/x86_64-linux-gnu/gazebo-11/plugins PYTHONPATH=/home/isopodin-time/ros2_ws/install/uuv_gazebo_ros_plugins_msgs/lib/python3.8/site-packages:/home/isopodin-time/ros2_ws/install/uuv_world_ros_plugins_msgs/lib/python3.8/site-packages:/home/isopodin-time/ros2_ws/install/uuv_trajectory_control/lib/python3.8/site-packages:/home/isopodin-time/ros2_ws/install/uuv_thruster_manager/lib/python3.8/site-packages:/home/isopodin-time/ros2_ws/install/uuv_sensor_ros_plugins_msgs/lib/python3.8/site-packages:/home/isopodin-time/ros2_ws/install/uuv_control_msgs/lib/python3.8/site-packages:/home/isopodin-time/ros2_ws/install/uuv_control_cascaded_pid/lib/python3.8/site-packages:/home/isopodin-time/ros2_ws/install/uuv_auv_control_allocator/lib/python3.8/site-packages:/home/isopodin-time/ros2_ws/install/uuv_assistants/lib/python3.8/site-packages:/home/isopodin-time/ros2_ws/install/plankton_utils/lib/python3.8/site-packages:/opt/ros/foxy/lib/python3.8/site-packages /usr/bin/cmake --build /home/isopodin-time/ros2_ws/build/uuv_gazebo_ros_plugins -- -j8 -l8
[58.583s] [35m[1mScanning dependencies of target uuv_thruster_ros_plugin[0m
[58.586s] [35m[1mScanning dependencies of target uuv_underwater_object_ros_plugin[0m
[58.586s] [35m[1mScanning dependencies of target uuv_fin_ros_plugin[0m
[58.587s] [35m[1mScanning dependencies of target linear_battery_ros_plugin[0m
[58.589s] [35m[1mScanning dependencies of target custom_battery_consumer_ros_plugin[0m
[58.598s] [35m[1mScanning dependencies of target uuv_joint_state_publisher[0m
[58.614s] [35m[1mScanning dependencies of target uuv_accelerations_test_plugin[0m
[58.917s] [  7%] [32mBuilding CXX object CMakeFiles/custom_battery_consumer_ros_plugin.dir/src/CustomBatteryConsumerROSPlugin.cpp.o[0m
[58.937s] [ 14%] [32mBuilding CXX object CMakeFiles/uuv_fin_ros_plugin.dir/src/FinROSPlugin.cpp.o[0m
[58.963s] [ 21%] [32mBuilding CXX object CMakeFiles/uuv_joint_state_publisher.dir/src/JointStatePublisher.cpp.o[0m
[58.977s] [ 28%] [32mBuilding CXX object CMakeFiles/linear_battery_ros_plugin.dir/src/LinearBatteryROSPlugin.cpp.o[0m
[59.009s] [ 35%] [32mBuilding CXX object CMakeFiles/uuv_thruster_ros_plugin.dir/src/ThrusterROSPlugin.cpp.o[0m
[59.015s] [ 42%] [32mBuilding CXX object CMakeFiles/uuv_accelerations_test_plugin.dir/src/AccelerationsTestPlugin.cpp.o[0m
[59.027s] [ 50%] [32mBuilding CXX object CMakeFiles/uuv_underwater_object_ros_plugin.dir/src/UnderwaterObjectROSPlugin.cpp.o[0m
[93.582s] [ 57%] [32m[1mLinking CXX shared library liblinear_battery_ros_plugin.so[0m
[93.635s] [ 64%] [32m[1mLinking CXX shared library libuuv_joint_state_publisher.so[0m
[93.637s] [ 71%] [32m[1mLinking CXX shared library libuuv_accelerations_test_plugin.so[0m
[96.683s] [ 71%] Built target uuv_accelerations_test_plugin
[96.781s] [ 71%] Built target uuv_joint_state_publisher
[96.787s] [ 71%] Built target linear_battery_ros_plugin
[98.434s] [ 78%] [32m[1mLinking CXX shared library libcustom_battery_consumer_ros_plugin.so[0m
[99.706s] [ 85%] [32m[1mLinking CXX shared library libuuv_fin_ros_plugin.so[0m
[100.278s] [ 85%] Built target custom_battery_consumer_ros_plugin
[100.636s] [ 92%] [32m[1mLinking CXX shared library libuuv_thruster_ros_plugin.so[0m
[101.661s] [ 92%] Built target uuv_fin_ros_plugin
[102.617s] [ 92%] Built target uuv_thruster_ros_plugin
[105.647s] [100%] [32m[1mLinking CXX shared library libuuv_underwater_object_ros_plugin.so[0m
[107.395s] [100%] Built target uuv_underwater_object_ros_plugin
[107.556s] Invoked command in '/home/isopodin-time/ros2_ws/build/uuv_gazebo_ros_plugins' returned '0': CMAKE_PREFIX_PATH=/home/isopodin-time/ros2_ws/install/uuv_gazebo_ros_plugins_msgs:/home/isopodin-time/ros2_ws/install/uuv_gazebo_plugins:/home/isopodin-time/ros2_ws/install/plankton:/home/isopodin-time/ros2_ws/install/uuv_simulator:/home/isopodin-time/ros2_ws/install/uuv_world_ros_plugins:/home/isopodin-time/ros2_ws/install/uuv_control_utils:/home/isopodin-time/ros2_ws/install/uuv_world_ros_plugins_msgs:/home/isopodin-time/ros2_ws/install/uuv_world_plugins:/home/isopodin-time/ros2_ws/install/uuv_trajectory_control:/home/isopodin-time/ros2_ws/install/uuv_teleop:/home/isopodin-time/ros2_ws/install/uuv_thruster_manager:/home/isopodin-time/ros2_ws/install/uuv_descriptions:/home/isopodin-time/ros2_ws/install/uuv_sensor_ros_plugins:/home/isopodin-time/ros2_ws/install/uuv_sensor_ros_plugins_msgs:/home/isopodin-time/ros2_ws/install/uuv_gazebo_worlds:/home/isopodin-time/ros2_ws/install/uuv_gazebo_ros_plugins:/home/isopodin-time/ros2_ws/install/uuv_gazebo:/home/isopodin-time/ros2_ws/install/uuv_control_msgs:/home/isopodin-time/ros2_ws/install/uuv_control_cascaded_pid:/home/isopodin-time/ros2_ws/install/uuv_auv_control_allocator:/home/isopodin-time/ros2_ws/install/uuv_assistants:/home/isopodin-time/ros2_ws/install/plankton_utils:/home/isopodin-time/ros2_ws/install/muuv_sim:/home/isopodin-time/ros2_ws/install/muuv_ros:/opt/ros/foxy LD_LIBRARY_PATH=/home/isopodin-time/ros2_ws/install/uuv_gazebo_ros_plugins_msgs/lib:/home/isopodin-time/ros2_ws/install/uuv_gazebo_plugins/lib:/home/isopodin-time/ros2_ws/install/uuv_world_ros_plugins/lib:/home/isopodin-time/ros2_ws/install/uuv_world_ros_plugins_msgs/lib:/home/isopodin-time/ros2_ws/install/uuv_world_plugins/lib:/home/isopodin-time/ros2_ws/install/uuv_thruster_manager/lib:/home/isopodin-time/ros2_ws/install/uuv_sensor_ros_plugins/lib:/home/isopodin-time/ros2_ws/install/uuv_sensor_ros_plugins_msgs/lib:/home/isopodin-time/ros2_ws/install/uuv_gazebo_ros_plugins/lib:/home/isopodin-time/ros2_ws/install/uuv_control_msgs/lib:/home/isopodin-time/ros2_ws/install/uuv_auv_control_allocator/lib:/usr/lib/x86_64-linux-gnu/gazebo-11/plugins:/opt/ros/foxy/opt/yaml_cpp_vendor/lib:/opt/ros/foxy/opt/rviz_ogre_vendor/lib:/opt/ros/foxy/lib/x86_64-linux-gnu:/opt/ros/foxy/lib:/usr/lib/x86_64-linux-gnu/gazebo-11/plugins PYTHONPATH=/home/isopodin-time/ros2_ws/install/uuv_gazebo_ros_plugins_msgs/lib/python3.8/site-packages:/home/isopodin-time/ros2_ws/install/uuv_world_ros_plugins_msgs/lib/python3.8/site-packages:/home/isopodin-time/ros2_ws/install/uuv_trajectory_control/lib/python3.8/site-packages:/home/isopodin-time/ros2_ws/install/uuv_thruster_manager/lib/python3.8/site-packages:/home/isopodin-time/ros2_ws/install/uuv_sensor_ros_plugins_msgs/lib/python3.8/site-packages:/home/isopodin-time/ros2_ws/install/uuv_control_msgs/lib/python3.8/site-packages:/home/isopodin-time/ros2_ws/install/uuv_control_cascaded_pid/lib/python3.8/site-packages:/home/isopodin-time/ros2_ws/install/uuv_auv_control_allocator/lib/python3.8/site-packages:/home/isopodin-time/ros2_ws/install/uuv_assistants/lib/python3.8/site-packages:/home/isopodin-time/ros2_ws/install/plankton_utils/lib/python3.8/site-packages:/opt/ros/foxy/lib/python3.8/site-packages /usr/bin/cmake --build /home/isopodin-time/ros2_ws/build/uuv_gazebo_ros_plugins -- -j8 -l8
[107.727s] Invoking command in '/home/isopodin-time/ros2_ws/build/uuv_gazebo_ros_plugins': CMAKE_PREFIX_PATH=/home/isopodin-time/ros2_ws/install/uuv_gazebo_ros_plugins_msgs:/home/isopodin-time/ros2_ws/install/uuv_gazebo_plugins:/home/isopodin-time/ros2_ws/install/plankton:/home/isopodin-time/ros2_ws/install/uuv_simulator:/home/isopodin-time/ros2_ws/install/uuv_world_ros_plugins:/home/isopodin-time/ros2_ws/install/uuv_control_utils:/home/isopodin-time/ros2_ws/install/uuv_world_ros_plugins_msgs:/home/isopodin-time/ros2_ws/install/uuv_world_plugins:/home/isopodin-time/ros2_ws/install/uuv_trajectory_control:/home/isopodin-time/ros2_ws/install/uuv_teleop:/home/isopodin-time/ros2_ws/install/uuv_thruster_manager:/home/isopodin-time/ros2_ws/install/uuv_descriptions:/home/isopodin-time/ros2_ws/install/uuv_sensor_ros_plugins:/home/isopodin-time/ros2_ws/install/uuv_sensor_ros_plugins_msgs:/home/isopodin-time/ros2_ws/install/uuv_gazebo_worlds:/home/isopodin-time/ros2_ws/install/uuv_gazebo_ros_plugins:/home/isopodin-time/ros2_ws/install/uuv_gazebo:/home/isopodin-time/ros2_ws/install/uuv_control_msgs:/home/isopodin-time/ros2_ws/install/uuv_control_cascaded_pid:/home/isopodin-time/ros2_ws/install/uuv_auv_control_allocator:/home/isopodin-time/ros2_ws/install/uuv_assistants:/home/isopodin-time/ros2_ws/install/plankton_utils:/home/isopodin-time/ros2_ws/install/muuv_sim:/home/isopodin-time/ros2_ws/install/muuv_ros:/opt/ros/foxy LD_LIBRARY_PATH=/home/isopodin-time/ros2_ws/install/uuv_gazebo_ros_plugins_msgs/lib:/home/isopodin-time/ros2_ws/install/uuv_gazebo_plugins/lib:/home/isopodin-time/ros2_ws/install/uuv_world_ros_plugins/lib:/home/isopodin-time/ros2_ws/install/uuv_world_ros_plugins_msgs/lib:/home/isopodin-time/ros2_ws/install/uuv_world_plugins/lib:/home/isopodin-time/ros2_ws/install/uuv_thruster_manager/lib:/home/isopodin-time/ros2_ws/install/uuv_sensor_ros_plugins/lib:/home/isopodin-time/ros2_ws/install/uuv_sensor_ros_plugins_msgs/lib:/home/isopodin-time/ros2_ws/install/uuv_gazebo_ros_plugins/lib:/home/isopodin-time/ros2_ws/install/uuv_control_msgs/lib:/home/isopodin-time/ros2_ws/install/uuv_auv_control_allocator/lib:/usr/lib/x86_64-linux-gnu/gazebo-11/plugins:/opt/ros/foxy/opt/yaml_cpp_vendor/lib:/opt/ros/foxy/opt/rviz_ogre_vendor/lib:/opt/ros/foxy/lib/x86_64-linux-gnu:/opt/ros/foxy/lib:/usr/lib/x86_64-linux-gnu/gazebo-11/plugins PYTHONPATH=/home/isopodin-time/ros2_ws/install/uuv_gazebo_ros_plugins_msgs/lib/python3.8/site-packages:/home/isopodin-time/ros2_ws/install/uuv_world_ros_plugins_msgs/lib/python3.8/site-packages:/home/isopodin-time/ros2_ws/install/uuv_trajectory_control/lib/python3.8/site-packages:/home/isopodin-time/ros2_ws/install/uuv_thruster_manager/lib/python3.8/site-packages:/home/isopodin-time/ros2_ws/install/uuv_sensor_ros_plugins_msgs/lib/python3.8/site-packages:/home/isopodin-time/ros2_ws/install/uuv_control_msgs/lib/python3.8/site-packages:/home/isopodin-time/ros2_ws/install/uuv_control_cascaded_pid/lib/python3.8/site-packages:/home/isopodin-time/ros2_ws/install/uuv_auv_control_allocator/lib/python3.8/site-packages:/home/isopodin-time/ros2_ws/install/uuv_assistants/lib/python3.8/site-packages:/home/isopodin-time/ros2_ws/install/plankton_utils/lib/python3.8/site-packages:/opt/ros/foxy/lib/python3.8/site-packages /usr/bin/cmake --install /home/isopodin-time/ros2_ws/build/uuv_gazebo_ros_plugins
[107.744s] -- Install configuration: ""
[107.749s] -- Installing: /home/isopodin-time/ros2_ws/install/uuv_gazebo_ros_plugins/share/uuv_gazebo_ros_plugins/environment/library_path.sh
[107.750s] -- Installing: /home/isopodin-time/ros2_ws/install/uuv_gazebo_ros_plugins/share/uuv_gazebo_ros_plugins/environment/library_path.dsv
[107.751s] -- Installing: /home/isopodin-time/ros2_ws/install/uuv_gazebo_ros_plugins/lib/libuuv_fin_ros_plugin.so
[107.762s] -- Set runtime path of "/home/isopodin-time/ros2_ws/install/uuv_gazebo_ros_plugins/lib/libuuv_fin_ros_plugin.so" to ""
[107.763s] -- Installing: /home/isopodin-time/ros2_ws/install/uuv_gazebo_ros_plugins/lib/libuuv_thruster_ros_plugin.so
[107.775s] -- Set runtime path of "/home/isopodin-time/ros2_ws/install/uuv_gazebo_ros_plugins/lib/libuuv_thruster_ros_plugin.so" to ""
[107.775s] -- Installing: /home/isopodin-time/ros2_ws/install/uuv_gazebo_ros_plugins/lib/libuuv_underwater_object_ros_plugin.so
[107.788s] -- Set runtime path of "/home/isopodin-time/ros2_ws/install/uuv_gazebo_ros_plugins/lib/libuuv_underwater_object_ros_plugin.so" to ""
[107.788s] -- Installing: /home/isopodin-time/ros2_ws/install/uuv_gazebo_ros_plugins/lib/libuuv_joint_state_publisher.so
[107.793s] -- Set runtime path of "/home/isopodin-time/ros2_ws/install/uuv_gazebo_ros_plugins/lib/libuuv_joint_state_publisher.so" to ""
[107.793s] -- Installing: /home/isopodin-time/ros2_ws/install/uuv_gazebo_ros_plugins/lib/libuuv_accelerations_test_plugin.so
[107.799s] -- Set runtime path of "/home/isopodin-time/ros2_ws/install/uuv_gazebo_ros_plugins/lib/libuuv_accelerations_test_plugin.so" to ""
[107.799s] -- Installing: /home/isopodin-time/ros2_ws/install/uuv_gazebo_ros_plugins/lib/liblinear_battery_ros_plugin.so
[107.804s] -- Set runtime path of "/home/isopodin-time/ros2_ws/install/uuv_gazebo_ros_plugins/lib/liblinear_battery_ros_plugin.so" to ""
[107.804s] -- Installing: /home/isopodin-time/ros2_ws/install/uuv_gazebo_ros_plugins/lib/libcustom_battery_consumer_ros_plugin.so
[107.812s] -- Set runtime path of "/home/isopodin-time/ros2_ws/install/uuv_gazebo_ros_plugins/lib/libcustom_battery_consumer_ros_plugin.so" to ""
[107.815s] -- Installing: /home/isopodin-time/ros2_ws/install/uuv_gazebo_ros_plugins/include/uuv_gazebo_ros_plugins
[107.818s] -- Installing: /home/isopodin-time/ros2_ws/install/uuv_gazebo_ros_plugins/include/uuv_gazebo_ros_plugins/CustomBatteryConsumerROSPlugin.h
[107.818s] -- Installing: /home/isopodin-time/ros2_ws/install/uuv_gazebo_ros_plugins/include/uuv_gazebo_ros_plugins/UnderwaterObjectROSPlugin.h
[107.819s] -- Installing: /home/isopodin-time/ros2_ws/install/uuv_gazebo_ros_plugins/include/uuv_gazebo_ros_plugins/JointStatePublisher.h
[107.820s] -- Installing: /home/isopodin-time/ros2_ws/install/uuv_gazebo_ros_plugins/include/uuv_gazebo_ros_plugins/LinearBatteryROSPlugin.h
[107.820s] -- Installing: /home/isopodin-time/ros2_ws/install/uuv_gazebo_ros_plugins/include/uuv_gazebo_ros_plugins/AccelerationsTestPlugin.h
[107.821s] -- Installing: /home/isopodin-time/ros2_ws/install/uuv_gazebo_ros_plugins/include/uuv_gazebo_ros_plugins/ThrusterROSPlugin.h
[107.821s] -- Installing: /home/isopodin-time/ros2_ws/install/uuv_gazebo_ros_plugins/include/uuv_gazebo_ros_plugins/FinROSPlugin.h
[107.822s] -- Installing: /home/isopodin-time/ros2_ws/install/uuv_gazebo_ros_plugins/share/uuv_gazebo_ros_plugins/urdf
[107.823s] -- Installing: /home/isopodin-time/ros2_ws/install/uuv_gazebo_ros_plugins/share/uuv_gazebo_ros_plugins/urdf/snippets.xacro
[107.823s] -- Installing: /home/isopodin-time/ros2_ws/install/uuv_gazebo_ros_plugins/share/uuv_gazebo_ros_plugins/urdf/battery_snippets.xacro
[107.824s] -- Installing: /home/isopodin-time/ros2_ws/install/uuv_gazebo_ros_plugins/share/uuv_gazebo_ros_plugins/urdf/fin_snippets.xacro
[107.824s] -- Installing: /home/isopodin-time/ros2_ws/install/uuv_gazebo_ros_plugins/share/uuv_gazebo_ros_plugins/urdf/misc.xacro
[107.825s] -- Installing: /home/isopodin-time/ros2_ws/install/uuv_gazebo_ros_plugins/share/uuv_gazebo_ros_plugins/urdf/thruster_snippets.xacro
[107.829s] -- Installing: /home/isopodin-time/ros2_ws/install/uuv_gazebo_ros_plugins/share/ament_index/resource_index/package_run_dependencies/uuv_gazebo_ros_plugins
[107.830s] -- Installing: /home/isopodin-time/ros2_ws/install/uuv_gazebo_ros_plugins/share/ament_index/resource_index/parent_prefix_path/uuv_gazebo_ros_plugins
[107.832s] -- Installing: /home/isopodin-time/ros2_ws/install/uuv_gazebo_ros_plugins/share/uuv_gazebo_ros_plugins/environment/ament_prefix_path.sh
[107.833s] -- Installing: /home/isopodin-time/ros2_ws/install/uuv_gazebo_ros_plugins/share/uuv_gazebo_ros_plugins/environment/ament_prefix_path.dsv
[107.833s] -- Installing: /home/isopodin-time/ros2_ws/install/uuv_gazebo_ros_plugins/share/uuv_gazebo_ros_plugins/environment/path.sh
[107.834s] -- Installing: /home/isopodin-time/ros2_ws/install/uuv_gazebo_ros_plugins/share/uuv_gazebo_ros_plugins/environment/path.dsv
[107.835s] -- Installing: /home/isopodin-time/ros2_ws/install/uuv_gazebo_ros_plugins/share/uuv_gazebo_ros_plugins/local_setup.bash
[107.836s] -- Installing: /home/isopodin-time/ros2_ws/install/uuv_gazebo_ros_plugins/share/uuv_gazebo_ros_plugins/local_setup.sh
[107.836s] -- Installing: /home/isopodin-time/ros2_ws/install/uuv_gazebo_ros_plugins/share/uuv_gazebo_ros_plugins/local_setup.zsh
[107.837s] -- Installing: /home/isopodin-time/ros2_ws/install/uuv_gazebo_ros_plugins/share/uuv_gazebo_ros_plugins/local_setup.dsv
[107.837s] -- Installing: /home/isopodin-time/ros2_ws/install/uuv_gazebo_ros_plugins/share/uuv_gazebo_ros_plugins/package.dsv
[107.839s] -- Installing: /home/isopodin-time/ros2_ws/install/uuv_gazebo_ros_plugins/share/ament_index/resource_index/packages/uuv_gazebo_ros_plugins
[107.840s] -- Installing: /home/isopodin-time/ros2_ws/install/uuv_gazebo_ros_plugins/share/uuv_gazebo_ros_plugins/cmake/export_uuv_fin_ros_pluginExport.cmake
[107.841s] -- Installing: /home/isopodin-time/ros2_ws/install/uuv_gazebo_ros_plugins/share/uuv_gazebo_ros_plugins/cmake/export_uuv_fin_ros_pluginExport-noconfig.cmake
[107.841s] -- Installing: /home/isopodin-time/ros2_ws/install/uuv_gazebo_ros_plugins/share/uuv_gazebo_ros_plugins/cmake/export_uuv_thruster_ros_pluginExport.cmake
[107.842s] -- Installing: /home/isopodin-time/ros2_ws/install/uuv_gazebo_ros_plugins/share/uuv_gazebo_ros_plugins/cmake/export_uuv_thruster_ros_pluginExport-noconfig.cmake
[107.843s] -- Installing: /home/isopodin-time/ros2_ws/install/uuv_gazebo_ros_plugins/share/uuv_gazebo_ros_plugins/cmake/export_uuv_underwater_object_ros_pluginExport.cmake
[107.844s] -- Installing: /home/isopodin-time/ros2_ws/install/uuv_gazebo_ros_plugins/share/uuv_gazebo_ros_plugins/cmake/export_uuv_underwater_object_ros_pluginExport-noconfig.cmake
[107.844s] -- Installing: /home/isopodin-time/ros2_ws/install/uuv_gazebo_ros_plugins/share/uuv_gazebo_ros_plugins/cmake/export_uuv_joint_state_publisherExport.cmake
[107.845s] -- Installing: /home/isopodin-time/ros2_ws/install/uuv_gazebo_ros_plugins/share/uuv_gazebo_ros_plugins/cmake/export_uuv_joint_state_publisherExport-noconfig.cmake
[107.846s] -- Installing: /home/isopodin-time/ros2_ws/install/uuv_gazebo_ros_plugins/share/uuv_gazebo_ros_plugins/cmake/export_uuv_accelerations_test_pluginExport.cmake
[107.847s] -- Installing: /home/isopodin-time/ros2_ws/install/uuv_gazebo_ros_plugins/share/uuv_gazebo_ros_plugins/cmake/export_uuv_accelerations_test_pluginExport-noconfig.cmake
[107.847s] -- Installing: /home/isopodin-time/ros2_ws/install/uuv_gazebo_ros_plugins/share/uuv_gazebo_ros_plugins/cmake/export_linear_battery_ros_pluginExport.cmake
[107.848s] -- Installing: /home/isopodin-time/ros2_ws/install/uuv_gazebo_ros_plugins/share/uuv_gazebo_ros_plugins/cmake/export_linear_battery_ros_pluginExport-noconfig.cmake
[107.849s] -- Installing: /home/isopodin-time/ros2_ws/install/uuv_gazebo_ros_plugins/share/uuv_gazebo_ros_plugins/cmake/export_custom_battery_consumer_ros_pluginExport.cmake
[107.849s] -- Installing: /home/isopodin-time/ros2_ws/install/uuv_gazebo_ros_plugins/share/uuv_gazebo_ros_plugins/cmake/export_custom_battery_consumer_ros_pluginExport-noconfig.cmake
[107.850s] -- Installing: /home/isopodin-time/ros2_ws/install/uuv_gazebo_ros_plugins/share/uuv_gazebo_ros_plugins/cmake/ament_cmake_export_targets-extras.cmake
[107.851s] -- Installing: /home/isopodin-time/ros2_ws/install/uuv_gazebo_ros_plugins/share/uuv_gazebo_ros_plugins/cmake/ament_cmake_export_dependencies-extras.cmake
[107.852s] -- Installing: /home/isopodin-time/ros2_ws/install/uuv_gazebo_ros_plugins/share/uuv_gazebo_ros_plugins/cmake/ament_cmake_export_include_directories-extras.cmake
[107.853s] -- Installing: /home/isopodin-time/ros2_ws/install/uuv_gazebo_ros_plugins/share/uuv_gazebo_ros_plugins/cmake/ament_cmake_export_libraries-extras.cmake
[107.853s] -- Installing: /home/isopodin-time/ros2_ws/install/uuv_gazebo_ros_plugins/share/uuv_gazebo_ros_plugins/cmake/uuv_gazebo_ros_pluginsConfig.cmake
[107.854s] -- Installing: /home/isopodin-time/ros2_ws/install/uuv_gazebo_ros_plugins/share/uuv_gazebo_ros_plugins/cmake/uuv_gazebo_ros_pluginsConfig-version.cmake
[107.855s] -- Installing: /home/isopodin-time/ros2_ws/install/uuv_gazebo_ros_plugins/share/uuv_gazebo_ros_plugins/package.xml
[107.874s] Invoked command in '/home/isopodin-time/ros2_ws/build/uuv_gazebo_ros_plugins' returned '0': CMAKE_PREFIX_PATH=/home/isopodin-time/ros2_ws/install/uuv_gazebo_ros_plugins_msgs:/home/isopodin-time/ros2_ws/install/uuv_gazebo_plugins:/home/isopodin-time/ros2_ws/install/plankton:/home/isopodin-time/ros2_ws/install/uuv_simulator:/home/isopodin-time/ros2_ws/install/uuv_world_ros_plugins:/home/isopodin-time/ros2_ws/install/uuv_control_utils:/home/isopodin-time/ros2_ws/install/uuv_world_ros_plugins_msgs:/home/isopodin-time/ros2_ws/install/uuv_world_plugins:/home/isopodin-time/ros2_ws/install/uuv_trajectory_control:/home/isopodin-time/ros2_ws/install/uuv_teleop:/home/isopodin-time/ros2_ws/install/uuv_thruster_manager:/home/isopodin-time/ros2_ws/install/uuv_descriptions:/home/isopodin-time/ros2_ws/install/uuv_sensor_ros_plugins:/home/isopodin-time/ros2_ws/install/uuv_sensor_ros_plugins_msgs:/home/isopodin-time/ros2_ws/install/uuv_gazebo_worlds:/home/isopodin-time/ros2_ws/install/uuv_gazebo_ros_plugins:/home/isopodin-time/ros2_ws/install/uuv_gazebo:/home/isopodin-time/ros2_ws/install/uuv_control_msgs:/home/isopodin-time/ros2_ws/install/uuv_control_cascaded_pid:/home/isopodin-time/ros2_ws/install/uuv_auv_control_allocator:/home/isopodin-time/ros2_ws/install/uuv_assistants:/home/isopodin-time/ros2_ws/install/plankton_utils:/home/isopodin-time/ros2_ws/install/muuv_sim:/home/isopodin-time/ros2_ws/install/muuv_ros:/opt/ros/foxy LD_LIBRARY_PATH=/home/isopodin-time/ros2_ws/install/uuv_gazebo_ros_plugins_msgs/lib:/home/isopodin-time/ros2_ws/install/uuv_gazebo_plugins/lib:/home/isopodin-time/ros2_ws/install/uuv_world_ros_plugins/lib:/home/isopodin-time/ros2_ws/install/uuv_world_ros_plugins_msgs/lib:/home/isopodin-time/ros2_ws/install/uuv_world_plugins/lib:/home/isopodin-time/ros2_ws/install/uuv_thruster_manager/lib:/home/isopodin-time/ros2_ws/install/uuv_sensor_ros_plugins/lib:/home/isopodin-time/ros2_ws/install/uuv_sensor_ros_plugins_msgs/lib:/home/isopodin-time/ros2_ws/install/uuv_gazebo_ros_plugins/lib:/home/isopodin-time/ros2_ws/install/uuv_control_msgs/lib:/home/isopodin-time/ros2_ws/install/uuv_auv_control_allocator/lib:/usr/lib/x86_64-linux-gnu/gazebo-11/plugins:/opt/ros/foxy/opt/yaml_cpp_vendor/lib:/opt/ros/foxy/opt/rviz_ogre_vendor/lib:/opt/ros/foxy/lib/x86_64-linux-gnu:/opt/ros/foxy/lib:/usr/lib/x86_64-linux-gnu/gazebo-11/plugins PYTHONPATH=/home/isopodin-time/ros2_ws/install/uuv_gazebo_ros_plugins_msgs/lib/python3.8/site-packages:/home/isopodin-time/ros2_ws/install/uuv_world_ros_plugins_msgs/lib/python3.8/site-packages:/home/isopodin-time/ros2_ws/install/uuv_trajectory_control/lib/python3.8/site-packages:/home/isopodin-time/ros2_ws/install/uuv_thruster_manager/lib/python3.8/site-packages:/home/isopodin-time/ros2_ws/install/uuv_sensor_ros_plugins_msgs/lib/python3.8/site-packages:/home/isopodin-time/ros2_ws/install/uuv_control_msgs/lib/python3.8/site-packages:/home/isopodin-time/ros2_ws/install/uuv_control_cascaded_pid/lib/python3.8/site-packages:/home/isopodin-time/ros2_ws/install/uuv_auv_control_allocator/lib/python3.8/site-packages:/home/isopodin-time/ros2_ws/install/uuv_assistants/lib/python3.8/site-packages:/home/isopodin-time/ros2_ws/install/plankton_utils/lib/python3.8/site-packages:/opt/ros/foxy/lib/python3.8/site-packages /usr/bin/cmake --install /home/isopodin-time/ros2_ws/build/uuv_gazebo_ros_plugins
