[0.040s] Invoking command in '/home/isopodin-time/ros2_ws/build/muuv_ros': CMAKE_PREFIX_PATH=${CMAKE_PREFIX_PATH}:/opt/ros/foxy /usr/bin/cmake --build /home/isopodin-time/ros2_ws/build/muuv_ros -- -j8 -l8
[0.112s] [35m[1mScanning dependencies of target sensors[0m
[0.153s] [ 42%] Built target thrusters
[0.165s] [ 57%] [32mBuilding CXX object CMakeFiles/sensors.dir/src/muuv_ros/sensors.cpp.o[0m
[3.751s] [ 71%] [32m[1mLinking CXX executable sensors[0m
[4.163s] [100%] Built target sensors
[4.179s] Invoked command in '/home/isopodin-time/ros2_ws/build/muuv_ros' returned '0': CMAKE_PREFIX_PATH=${CMAKE_PREFIX_PATH}:/opt/ros/foxy /usr/bin/cmake --build /home/isopodin-time/ros2_ws/build/muuv_ros -- -j8 -l8
[4.235s] Invoking command in '/home/isopodin-time/ros2_ws/build/muuv_ros': CMAKE_PREFIX_PATH=${CMAKE_PREFIX_PATH}:/opt/ros/foxy /usr/bin/cmake --install /home/isopodin-time/ros2_ws/build/muuv_ros
[4.244s] -- Install configuration: ""
[4.247s] -- Up-to-date: /home/isopodin-time/ros2_ws/install/muuv_ros/lib/muuv_ros/thrusters
[4.249s] -- Installing: /home/isopodin-time/ros2_ws/install/muuv_ros/lib/muuv_ros/sensors
[4.251s] -- Set runtime path of "/home/isopodin-time/ros2_ws/install/muuv_ros/lib/muuv_ros/sensors" to ""
[4.251s] -- Up-to-date: /home/isopodin-time/ros2_ws/install/muuv_ros/share/muuv_ros/launch
[4.251s] -- Up-to-date: /home/isopodin-time/ros2_ws/install/muuv_ros/share/muuv_ros/config
[4.251s] -- Installing: /home/isopodin-time/ros2_ws/install/muuv_ros/share/ament_index/resource_index/package_run_dependencies/muuv_ros
[4.251s] -- Installing: /home/isopodin-time/ros2_ws/install/muuv_ros/share/ament_index/resource_index/parent_prefix_path/muuv_ros
[4.252s] -- Up-to-date: /home/isopodin-time/ros2_ws/install/muuv_ros/share/muuv_ros/environment/ament_prefix_path.sh
[4.252s] -- Installing: /home/isopodin-time/ros2_ws/install/muuv_ros/share/muuv_ros/environment/ament_prefix_path.dsv
[4.252s] -- Up-to-date: /home/isopodin-time/ros2_ws/install/muuv_ros/share/muuv_ros/environment/path.sh
[4.252s] -- Installing: /home/isopodin-time/ros2_ws/install/muuv_ros/share/muuv_ros/environment/path.dsv
[4.253s] -- Up-to-date: /home/isopodin-time/ros2_ws/install/muuv_ros/share/muuv_ros/local_setup.bash
[4.253s] -- Up-to-date: /home/isopodin-time/ros2_ws/install/muuv_ros/share/muuv_ros/local_setup.sh
[4.253s] -- Up-to-date: /home/isopodin-time/ros2_ws/install/muuv_ros/share/muuv_ros/local_setup.zsh
[4.253s] -- Installing: /home/isopodin-time/ros2_ws/install/muuv_ros/share/muuv_ros/local_setup.dsv
[4.254s] -- Installing: /home/isopodin-time/ros2_ws/install/muuv_ros/share/muuv_ros/package.dsv
[4.254s] -- Up-to-date: /home/isopodin-time/ros2_ws/install/muuv_ros/share/ament_index/resource_index/packages/muuv_ros
[4.254s] -- Up-to-date: /home/isopodin-time/ros2_ws/install/muuv_ros/share/muuv_ros/cmake/muuv_rosConfig.cmake
[4.254s] -- Up-to-date: /home/isopodin-time/ros2_ws/install/muuv_ros/share/muuv_ros/cmake/muuv_rosConfig-version.cmake
[4.254s] -- Installing: /home/isopodin-time/ros2_ws/install/muuv_ros/share/muuv_ros/package.xml
[4.256s] Invoked command in '/home/isopodin-time/ros2_ws/build/muuv_ros' returned '0': CMAKE_PREFIX_PATH=${CMAKE_PREFIX_PATH}:/opt/ros/foxy /usr/bin/cmake --install /home/isopodin-time/ros2_ws/build/muuv_ros
