[0.264s] Invoking command in '/home/isopodin-time/ros2_ws/build/uuv_gazebo_worlds': CMAKE_PREFIX_PATH=${CMAKE_PREFIX_PATH}:/opt/ros/foxy /usr/bin/cmake --build /home/isopodin-time/ros2_ws/build/uuv_gazebo_worlds -- -j8 -l8
[0.475s] Invoked command in '/home/isopodin-time/ros2_ws/build/uuv_gazebo_worlds' returned '0': CMAKE_PREFIX_PATH=${CMAKE_PREFIX_PATH}:/opt/ros/foxy /usr/bin/cmake --build /home/isopodin-time/ros2_ws/build/uuv_gazebo_worlds -- -j8 -l8
[0.644s] Invoking command in '/home/isopodin-time/ros2_ws/build/uuv_gazebo_worlds': CMAKE_PREFIX_PATH=${CMAKE_PREFIX_PATH}:/opt/ros/foxy /usr/bin/cmake --install /home/isopodin-time/ros2_ws/build/uuv_gazebo_worlds
[0.645s] -- Install configuration: ""
[0.646s] -- Up-to-date: /home/isopodin-time/ros2_ws/install/uuv_gazebo_worlds/share/uuv_gazebo_worlds/config
[0.646s] -- Up-to-date: /home/isopodin-time/ros2_ws/install/uuv_gazebo_worlds/share/uuv_gazebo_worlds/config/auv_underwater_world.yaml
[0.646s] -- Up-to-date: /home/isopodin-time/ros2_ws/install/uuv_gazebo_worlds/share/uuv_gazebo_worlds/config/lake.yaml
[0.647s] -- Up-to-date: /home/isopodin-time/ros2_ws/install/uuv_gazebo_worlds/share/uuv_gazebo_worlds/config/ocean_waves.yaml
[0.647s] -- Up-to-date: /home/isopodin-time/ros2_ws/install/uuv_gazebo_worlds/share/uuv_gazebo_worlds/config/munkholmen.yaml
[0.648s] -- Up-to-date: /home/isopodin-time/ros2_ws/install/uuv_gazebo_worlds/share/uuv_gazebo_worlds/config/herkules_ship_wreck.yaml
[0.648s] -- Up-to-date: /home/isopodin-time/ros2_ws/install/uuv_gazebo_worlds/share/uuv_gazebo_worlds/config/mangalia.yaml
[0.649s] -- Up-to-date: /home/isopodin-time/ros2_ws/install/uuv_gazebo_worlds/share/uuv_gazebo_worlds/config/empty_uw_world.yaml
[0.650s] -- Up-to-date: /home/isopodin-time/ros2_ws/install/uuv_gazebo_worlds/share/uuv_gazebo_worlds/launch
[0.650s] -- Up-to-date: /home/isopodin-time/ros2_ws/install/uuv_gazebo_worlds/share/uuv_gazebo_worlds/launch/mangalia_manipulation.launch
[0.651s] -- Up-to-date: /home/isopodin-time/ros2_ws/install/uuv_gazebo_worlds/share/uuv_gazebo_worlds/launch/auv_underwater_world.launch
[0.651s] -- Up-to-date: /home/isopodin-time/ros2_ws/install/uuv_gazebo_worlds/share/uuv_gazebo_worlds/launch/ocean_waves.launch
[0.653s] -- Up-to-date: /home/isopodin-time/ros2_ws/install/uuv_gazebo_worlds/share/uuv_gazebo_worlds/launch/herkules_ship_wreck.launch
[0.666s] -- Up-to-date: /home/isopodin-time/ros2_ws/install/uuv_gazebo_worlds/share/uuv_gazebo_worlds/launch/lake.launch
[0.667s] -- Up-to-date: /home/isopodin-time/ros2_ws/install/uuv_gazebo_worlds/share/uuv_gazebo_worlds/launch/empty_underwater_world.launch
[0.678s] -- Up-to-date: /home/isopodin-time/ros2_ws/install/uuv_gazebo_worlds/share/uuv_gazebo_worlds/launch/mangalia.launch
[0.678s] -- Up-to-date: /home/isopodin-time/ros2_ws/install/uuv_gazebo_worlds/share/uuv_gazebo_worlds/launch/rov_bop_panel.launch
[0.679s] -- Up-to-date: /home/isopodin-time/ros2_ws/install/uuv_gazebo_worlds/share/uuv_gazebo_worlds/launch/subsea_bop_panel.launch
[0.679s] -- Up-to-date: /home/isopodin-time/ros2_ws/install/uuv_gazebo_worlds/share/uuv_gazebo_worlds/launch/munkholmen.launch
[0.679s] -- Up-to-date: /home/isopodin-time/ros2_ws/install/uuv_gazebo_worlds/share/uuv_gazebo_worlds/media
[0.680s] -- Up-to-date: /home/isopodin-time/ros2_ws/install/uuv_gazebo_worlds/share/uuv_gazebo_worlds/media/materials
[0.680s] -- Up-to-date: /home/isopodin-time/ros2_ws/install/uuv_gazebo_worlds/share/uuv_gazebo_worlds/media/materials/scripts
[0.680s] -- Up-to-date: /home/isopodin-time/ros2_ws/install/uuv_gazebo_worlds/share/uuv_gazebo_worlds/media/materials/scripts/sand.material
[0.681s] -- Up-to-date: /home/isopodin-time/ros2_ws/install/uuv_gazebo_worlds/share/uuv_gazebo_worlds/media/materials/scripts/water.material
[0.682s] -- Up-to-date: /home/isopodin-time/ros2_ws/install/uuv_gazebo_worlds/share/uuv_gazebo_worlds/media/materials/scripts/waves.material
[0.682s] -- Up-to-date: /home/isopodin-time/ros2_ws/install/uuv_gazebo_worlds/share/uuv_gazebo_worlds/media/materials/scripts/fiducials.material
[0.683s] -- Up-to-date: /home/isopodin-time/ros2_ws/install/uuv_gazebo_worlds/share/uuv_gazebo_worlds/media/materials/textures
[0.683s] -- Up-to-date: /home/isopodin-time/ros2_ws/install/uuv_gazebo_worlds/share/uuv_gazebo_worlds/media/materials/textures/License and source for textures.txt
[0.684s] -- Up-to-date: /home/isopodin-time/ros2_ws/install/uuv_gazebo_worlds/share/uuv_gazebo_worlds/media/materials/textures/clouds_up.jpg
[0.684s] -- Up-to-date: /home/isopodin-time/ros2_ws/install/uuv_gazebo_worlds/share/uuv_gazebo_worlds/media/materials/textures/fiducials
[0.684s] -- Up-to-date: /home/isopodin-time/ros2_ws/install/uuv_gazebo_worlds/share/uuv_gazebo_worlds/media/materials/textures/fiducials/aruco_1.png
[0.684s] -- Up-to-date: /home/isopodin-time/ros2_ws/install/uuv_gazebo_worlds/share/uuv_gazebo_worlds/media/materials/textures/fiducials/License and source for textures.txt
[0.685s] -- Up-to-date: /home/isopodin-time/ros2_ws/install/uuv_gazebo_worlds/share/uuv_gazebo_worlds/media/materials/textures/fiducials/aruco_5.png
[0.685s] -- Up-to-date: /home/isopodin-time/ros2_ws/install/uuv_gazebo_worlds/share/uuv_gazebo_worlds/media/materials/textures/fiducials/aruco_2.png
[0.686s] -- Up-to-date: /home/isopodin-time/ros2_ws/install/uuv_gazebo_worlds/share/uuv_gazebo_worlds/media/materials/textures/fiducials/aruco_4.png
[0.686s] -- Up-to-date: /home/isopodin-time/ros2_ws/install/uuv_gazebo_worlds/share/uuv_gazebo_worlds/media/materials/textures/fiducials/aruco_3.png
[0.687s] -- Up-to-date: /home/isopodin-time/ros2_ws/install/uuv_gazebo_worlds/share/uuv_gazebo_worlds/media/materials/textures/soil_sand_0045_01.jpg
[0.688s] -- Up-to-date: /home/isopodin-time/ros2_ws/install/uuv_gazebo_worlds/share/uuv_gazebo_worlds/media/materials/textures/clouds.jpg
[0.689s] -- Up-to-date: /home/isopodin-time/ros2_ws/install/uuv_gazebo_worlds/share/uuv_gazebo_worlds/media/materials/textures/water_water_0093_01.jpg
[0.689s] -- Up-to-date: /home/isopodin-time/ros2_ws/install/uuv_gazebo_worlds/share/uuv_gazebo_worlds/media/materials/textures/water_water_0046_01.jpg
[0.690s] -- Up-to-date: /home/isopodin-time/ros2_ws/install/uuv_gazebo_worlds/share/uuv_gazebo_worlds/media/materials/textures/clouds_fr.jpg
[0.690s] -- Up-to-date: /home/isopodin-time/ros2_ws/install/uuv_gazebo_worlds/share/uuv_gazebo_worlds/media/materials/textures/water_water_0051_01.jpg
[0.710s] -- Up-to-date: /home/isopodin-time/ros2_ws/install/uuv_gazebo_worlds/share/uuv_gazebo_worlds/media/materials/textures/clouds_lf.jpg
[0.710s] -- Up-to-date: /home/isopodin-time/ros2_ws/install/uuv_gazebo_worlds/share/uuv_gazebo_worlds/media/materials/textures/clouds_rt.jpg
[0.711s] -- Up-to-date: /home/isopodin-time/ros2_ws/install/uuv_gazebo_worlds/share/uuv_gazebo_worlds/media/materials/textures/water_water_0076_03_s.jpg
[0.711s] -- Up-to-date: /home/isopodin-time/ros2_ws/install/uuv_gazebo_worlds/share/uuv_gazebo_worlds/media/materials/textures/clouds_dn.jpg
[0.711s] -- Up-to-date: /home/isopodin-time/ros2_ws/install/uuv_gazebo_worlds/share/uuv_gazebo_worlds/media/materials/textures/wave_normals.dds
[0.712s] -- Up-to-date: /home/isopodin-time/ros2_ws/install/uuv_gazebo_worlds/share/uuv_gazebo_worlds/media/materials/textures/clouds_bk.jpg
[0.713s] -- Up-to-date: /home/isopodin-time/ros2_ws/install/uuv_gazebo_worlds/share/uuv_gazebo_worlds/media/materials/programs
[0.713s] -- Up-to-date: /home/isopodin-time/ros2_ws/install/uuv_gazebo_worlds/share/uuv_gazebo_worlds/media/materials/programs/SimpleWaves.vert
[0.713s] -- Up-to-date: /home/isopodin-time/ros2_ws/install/uuv_gazebo_worlds/share/uuv_gazebo_worlds/media/materials/programs/SimpleWaves.frag
[0.714s] -- Up-to-date: /home/isopodin-time/ros2_ws/install/uuv_gazebo_worlds/share/uuv_gazebo_worlds/media/models
[0.715s] -- Up-to-date: /home/isopodin-time/ros2_ws/install/uuv_gazebo_worlds/share/uuv_gazebo_worlds/media/models/sea_surface_1000m_x_1000m.dae
[0.715s] -- Up-to-date: /home/isopodin-time/ros2_ws/install/uuv_gazebo_worlds/share/uuv_gazebo_worlds/worlds
[0.715s] -- Up-to-date: /home/isopodin-time/ros2_ws/install/uuv_gazebo_worlds/share/uuv_gazebo_worlds/worlds/underwater_heightmap.world
[0.717s] -- Up-to-date: /home/isopodin-time/ros2_ws/install/uuv_gazebo_worlds/share/uuv_gazebo_worlds/worlds/ocean_waves.world
[0.717s] -- Up-to-date: /home/isopodin-time/ros2_ws/install/uuv_gazebo_worlds/share/uuv_gazebo_worlds/worlds/empty_underwater.world
[0.718s] -- Up-to-date: /home/isopodin-time/ros2_ws/install/uuv_gazebo_worlds/share/uuv_gazebo_worlds/worlds/lake.world
[0.718s] -- Up-to-date: /home/isopodin-time/ros2_ws/install/uuv_gazebo_worlds/share/uuv_gazebo_worlds/worlds/herkules_ship_wreck.world
[0.718s] -- Up-to-date: /home/isopodin-time/ros2_ws/install/uuv_gazebo_worlds/share/uuv_gazebo_worlds/worlds/mangalia.world
[0.718s] -- Up-to-date: /home/isopodin-time/ros2_ws/install/uuv_gazebo_worlds/share/uuv_gazebo_worlds/worlds/auv_underwater_world.world
[0.718s] -- Up-to-date: /home/isopodin-time/ros2_ws/install/uuv_gazebo_worlds/share/uuv_gazebo_worlds/worlds/munkholmen.world
[0.718s] -- Up-to-date: /home/isopodin-time/ros2_ws/install/uuv_gazebo_worlds/share/uuv_gazebo_worlds/worlds/mangalia_manipulation.world
[0.719s] -- Up-to-date: /home/isopodin-time/ros2_ws/install/uuv_gazebo_worlds/share/uuv_gazebo_worlds/worlds/subsea_bop_panel.world
[0.719s] -- Up-to-date: /home/isopodin-time/ros2_ws/install/uuv_gazebo_worlds/share/uuv_gazebo_worlds/models
[0.720s] -- Up-to-date: /home/isopodin-time/ros2_ws/install/uuv_gazebo_worlds/share/uuv_gazebo_worlds/models/ned_frame
[0.720s] -- Up-to-date: /home/isopodin-time/ros2_ws/install/uuv_gazebo_worlds/share/uuv_gazebo_worlds/models/ned_frame/model.sdf
[0.721s] -- Up-to-date: /home/isopodin-time/ros2_ws/install/uuv_gazebo_worlds/share/uuv_gazebo_worlds/models/ned_frame/model.config
[0.721s] -- Up-to-date: /home/isopodin-time/ros2_ws/install/uuv_gazebo_worlds/share/uuv_gazebo_worlds/models/aurora_static
[0.721s] -- Up-to-date: /home/isopodin-time/ros2_ws/install/uuv_gazebo_worlds/share/uuv_gazebo_worlds/models/aurora_static/model.sdf
[0.722s] -- Up-to-date: /home/isopodin-time/ros2_ws/install/uuv_gazebo_worlds/share/uuv_gazebo_worlds/models/aurora_static/model.config
[0.722s] -- Up-to-date: /home/isopodin-time/ros2_ws/install/uuv_gazebo_worlds/share/uuv_gazebo_worlds/models/aurora_static/meshes
[0.722s] -- Up-to-date: /home/isopodin-time/ros2_ws/install/uuv_gazebo_worlds/share/uuv_gazebo_worlds/models/aurora_static/meshes/aurora.dae
[0.723s] -- Up-to-date: /home/isopodin-time/ros2_ws/install/uuv_gazebo_worlds/share/uuv_gazebo_worlds/models/aurora_static/meshes/aurora_collision.stl
[0.723s] -- Up-to-date: /home/isopodin-time/ros2_ws/install/uuv_gazebo_worlds/share/uuv_gazebo_worlds/models/tree
[0.723s] -- Up-to-date: /home/isopodin-time/ros2_ws/install/uuv_gazebo_worlds/share/uuv_gazebo_worlds/models/tree/model.sdf
[0.724s] -- Up-to-date: /home/isopodin-time/ros2_ws/install/uuv_gazebo_worlds/share/uuv_gazebo_worlds/models/tree/model.config
[0.725s] -- Up-to-date: /home/isopodin-time/ros2_ws/install/uuv_gazebo_worlds/share/uuv_gazebo_worlds/models/tree/meshes
[0.725s] -- Up-to-date: /home/isopodin-time/ros2_ws/install/uuv_gazebo_worlds/share/uuv_gazebo_worlds/models/tree/meshes/Tree.dae
[0.726s] -- Up-to-date: /home/isopodin-time/ros2_ws/install/uuv_gazebo_worlds/share/uuv_gazebo_worlds/models/umbilical
[0.726s] -- Up-to-date: /home/isopodin-time/ros2_ws/install/uuv_gazebo_worlds/share/uuv_gazebo_worlds/models/umbilical/model.sdf
[0.726s] -- Up-to-date: /home/isopodin-time/ros2_ws/install/uuv_gazebo_worlds/share/uuv_gazebo_worlds/models/umbilical/model.config
[0.727s] -- Up-to-date: /home/isopodin-time/ros2_ws/install/uuv_gazebo_worlds/share/uuv_gazebo_worlds/models/lake
[0.727s] -- Up-to-date: /home/isopodin-time/ros2_ws/install/uuv_gazebo_worlds/share/uuv_gazebo_worlds/models/lake/model.sdf
[0.728s] -- Up-to-date: /home/isopodin-time/ros2_ws/install/uuv_gazebo_worlds/share/uuv_gazebo_worlds/models/lake/model.config
[0.728s] -- Up-to-date: /home/isopodin-time/ros2_ws/install/uuv_gazebo_worlds/share/uuv_gazebo_worlds/models/lake/meshes
[0.728s] -- Up-to-date: /home/isopodin-time/ros2_ws/install/uuv_gazebo_worlds/share/uuv_gazebo_worlds/models/lake/meshes/LakeBottom.dae
[0.729s] -- Up-to-date: /home/isopodin-time/ros2_ws/install/uuv_gazebo_worlds/share/uuv_gazebo_worlds/models/lake/meshes/WaterSurface.dae
[0.729s] -- Up-to-date: /home/isopodin-time/ros2_ws/install/uuv_gazebo_worlds/share/uuv_gazebo_worlds/models/torque_tool
[0.730s] -- Up-to-date: /home/isopodin-time/ros2_ws/install/uuv_gazebo_worlds/share/uuv_gazebo_worlds/models/torque_tool/model.sdf
[0.730s] -- Up-to-date: /home/isopodin-time/ros2_ws/install/uuv_gazebo_worlds/share/uuv_gazebo_worlds/models/torque_tool/model.config
[0.730s] -- Up-to-date: /home/isopodin-time/ros2_ws/install/uuv_gazebo_worlds/share/uuv_gazebo_worlds/models/torque_tool/meshes
[0.730s] -- Up-to-date: /home/isopodin-time/ros2_ws/install/uuv_gazebo_worlds/share/uuv_gazebo_worlds/models/torque_tool/meshes/TorqueTool.dae
[0.731s] -- Up-to-date: /home/isopodin-time/ros2_ws/install/uuv_gazebo_worlds/share/uuv_gazebo_worlds/models/sea_bottom
[0.731s] -- Up-to-date: /home/isopodin-time/ros2_ws/install/uuv_gazebo_worlds/share/uuv_gazebo_worlds/models/sea_bottom/model.sdf
[0.731s] -- Up-to-date: /home/isopodin-time/ros2_ws/install/uuv_gazebo_worlds/share/uuv_gazebo_worlds/models/sea_bottom/model.config
[0.732s] -- Up-to-date: /home/isopodin-time/ros2_ws/install/uuv_gazebo_worlds/share/uuv_gazebo_worlds/models/ocean
[0.732s] -- Up-to-date: /home/isopodin-time/ros2_ws/install/uuv_gazebo_worlds/share/uuv_gazebo_worlds/models/ocean/model.sdf
[0.732s] -- Up-to-date: /home/isopodin-time/ros2_ws/install/uuv_gazebo_worlds/share/uuv_gazebo_worlds/models/ocean/model.config
[0.733s] -- Up-to-date: /home/isopodin-time/ros2_ws/install/uuv_gazebo_worlds/share/uuv_gazebo_worlds/models/t_bar_fork_tool
[0.737s] -- Up-to-date: /home/isopodin-time/ros2_ws/install/uuv_gazebo_worlds/share/uuv_gazebo_worlds/models/t_bar_fork_tool/model.sdf
[0.739s] -- Up-to-date: /home/isopodin-time/ros2_ws/install/uuv_gazebo_worlds/share/uuv_gazebo_worlds/models/t_bar_fork_tool/model.config
[0.740s] -- Up-to-date: /home/isopodin-time/ros2_ws/install/uuv_gazebo_worlds/share/uuv_gazebo_worlds/models/t_bar_fork_tool/meshes
[0.740s] -- Up-to-date: /home/isopodin-time/ros2_ws/install/uuv_gazebo_worlds/share/uuv_gazebo_worlds/models/t_bar_fork_tool/meshes/TBarForkTool.dae
[0.741s] -- Up-to-date: /home/isopodin-time/ros2_ws/install/uuv_gazebo_worlds/share/uuv_gazebo_worlds/models/rov_bop_panel
[0.741s] -- Up-to-date: /home/isopodin-time/ros2_ws/install/uuv_gazebo_worlds/share/uuv_gazebo_worlds/models/rov_bop_panel/model.sdf
[0.741s] -- Up-to-date: /home/isopodin-time/ros2_ws/install/uuv_gazebo_worlds/share/uuv_gazebo_worlds/models/rov_bop_panel/model.config
[0.741s] -- Up-to-date: /home/isopodin-time/ros2_ws/install/uuv_gazebo_worlds/share/uuv_gazebo_worlds/models/rov_bop_panel/meshes
[0.742s] -- Up-to-date: /home/isopodin-time/ros2_ws/install/uuv_gazebo_worlds/share/uuv_gazebo_worlds/models/rov_bop_panel/meshes/SmallValve.dae
[0.742s] -- Up-to-date: /home/isopodin-time/ros2_ws/install/uuv_gazebo_worlds/share/uuv_gazebo_worlds/models/rov_bop_panel/meshes/License and source texture.txt
[0.742s] -- Up-to-date: /home/isopodin-time/ros2_ws/install/uuv_gazebo_worlds/share/uuv_gazebo_worlds/models/rov_bop_panel/meshes/metal_bare_0045_01.jpg
[0.742s] -- Up-to-date: /home/isopodin-time/ros2_ws/install/uuv_gazebo_worlds/share/uuv_gazebo_worlds/models/rov_bop_panel/meshes/Valve.dae
[0.742s] -- Up-to-date: /home/isopodin-time/ros2_ws/install/uuv_gazebo_worlds/share/uuv_gazebo_worlds/models/rov_bop_panel/meshes/BOP_Panel.dae
[0.742s] -- Up-to-date: /home/isopodin-time/ros2_ws/install/uuv_gazebo_worlds/share/uuv_gazebo_worlds/models/ocean_box
[0.742s] -- Up-to-date: /home/isopodin-time/ros2_ws/install/uuv_gazebo_worlds/share/uuv_gazebo_worlds/models/ocean_box/model.sdf
[0.742s] -- Up-to-date: /home/isopodin-time/ros2_ws/install/uuv_gazebo_worlds/share/uuv_gazebo_worlds/models/ocean_box/model.config
[0.743s] -- Up-to-date: /home/isopodin-time/ros2_ws/install/uuv_gazebo_worlds/share/uuv_gazebo_worlds/models/bop_panel
[0.743s] -- Up-to-date: /home/isopodin-time/ros2_ws/install/uuv_gazebo_worlds/share/uuv_gazebo_worlds/models/bop_panel/model.sdf
[0.743s] -- Up-to-date: /home/isopodin-time/ros2_ws/install/uuv_gazebo_worlds/share/uuv_gazebo_worlds/models/bop_panel/model.config
[0.743s] -- Up-to-date: /home/isopodin-time/ros2_ws/install/uuv_gazebo_worlds/share/uuv_gazebo_worlds/models/bop_panel/meshes
[0.743s] -- Up-to-date: /home/isopodin-time/ros2_ws/install/uuv_gazebo_worlds/share/uuv_gazebo_worlds/models/bop_panel/meshes/VentilBlock.obj
[0.743s] -- Up-to-date: /home/isopodin-time/ros2_ws/install/uuv_gazebo_worlds/share/uuv_gazebo_worlds/models/bop_panel/meshes/VentilBlock.stl
[0.743s] -- Up-to-date: /home/isopodin-time/ros2_ws/install/uuv_gazebo_worlds/share/uuv_gazebo_worlds/models/bop_panel/meshes/Valve.dae
[0.743s] -- Up-to-date: /home/isopodin-time/ros2_ws/install/uuv_gazebo_worlds/share/uuv_gazebo_worlds/models/bop_panel/meshes/VentilBlock.mtl
[0.744s] -- Up-to-date: /home/isopodin-time/ros2_ws/install/uuv_gazebo_worlds/share/uuv_gazebo_worlds/models/sand_heightmap
[0.744s] -- Up-to-date: /home/isopodin-time/ros2_ws/install/uuv_gazebo_worlds/share/uuv_gazebo_worlds/models/sand_heightmap/model.sdf
[0.744s] -- Up-to-date: /home/isopodin-time/ros2_ws/install/uuv_gazebo_worlds/share/uuv_gazebo_worlds/models/sand_heightmap/model.config
[0.744s] -- Up-to-date: /home/isopodin-time/ros2_ws/install/uuv_gazebo_worlds/share/uuv_gazebo_worlds/models/sand_heightmap/meshes
[0.744s] -- Up-to-date: /home/isopodin-time/ros2_ws/install/uuv_gazebo_worlds/share/uuv_gazebo_worlds/models/sand_heightmap/meshes/License and source for textures.txt
[0.744s] -- Up-to-date: /home/isopodin-time/ros2_ws/install/uuv_gazebo_worlds/share/uuv_gazebo_worlds/models/sand_heightmap/meshes/heightmap.dae
[0.744s] -- Up-to-date: /home/isopodin-time/ros2_ws/install/uuv_gazebo_worlds/share/uuv_gazebo_worlds/models/sand_heightmap/meshes/soil_sand_0045_01.jpg
[0.745s] -- Up-to-date: /home/isopodin-time/ros2_ws/install/uuv_gazebo_worlds/share/uuv_gazebo_worlds/models/sea_surface
[0.745s] -- Up-to-date: /home/isopodin-time/ros2_ws/install/uuv_gazebo_worlds/share/uuv_gazebo_worlds/models/sea_surface/model.sdf
[0.745s] -- Up-to-date: /home/isopodin-time/ros2_ws/install/uuv_gazebo_worlds/share/uuv_gazebo_worlds/models/sea_surface/model.config
[0.745s] -- Up-to-date: /home/isopodin-time/ros2_ws/install/uuv_gazebo_worlds/share/uuv_gazebo_worlds/models/munkholmen_seabed
[0.745s] -- Up-to-date: /home/isopodin-time/ros2_ws/install/uuv_gazebo_worlds/share/uuv_gazebo_worlds/models/munkholmen_seabed/model.sdf
[0.745s] -- Up-to-date: /home/isopodin-time/ros2_ws/install/uuv_gazebo_worlds/share/uuv_gazebo_worlds/models/munkholmen_seabed/model.config
[0.745s] -- Up-to-date: /home/isopodin-time/ros2_ws/install/uuv_gazebo_worlds/share/uuv_gazebo_worlds/models/munkholmen_seabed/meshes
[0.745s] -- Up-to-date: /home/isopodin-time/ros2_ws/install/uuv_gazebo_worlds/share/uuv_gazebo_worlds/models/munkholmen_seabed/meshes/seabed.dae
[0.745s] -- Up-to-date: /home/isopodin-time/ros2_ws/install/uuv_gazebo_worlds/share/uuv_gazebo_worlds/models/mangalia
[0.746s] -- Up-to-date: /home/isopodin-time/ros2_ws/install/uuv_gazebo_worlds/share/uuv_gazebo_worlds/models/mangalia/model.sdf
[0.746s] -- Up-to-date: /home/isopodin-time/ros2_ws/install/uuv_gazebo_worlds/share/uuv_gazebo_worlds/models/mangalia/model.config
[0.746s] -- Up-to-date: /home/isopodin-time/ros2_ws/install/uuv_gazebo_worlds/share/uuv_gazebo_worlds/models/mangalia/meshes
[0.746s] -- Up-to-date: /home/isopodin-time/ros2_ws/install/uuv_gazebo_worlds/share/uuv_gazebo_worlds/models/mangalia/meshes/License and source for textures.txt
[0.746s] -- Up-to-date: /home/isopodin-time/ros2_ws/install/uuv_gazebo_worlds/share/uuv_gazebo_worlds/models/mangalia/meshes/ground_stone_ground_0029_02_tiled_s.jpg
[0.746s] -- Up-to-date: /home/isopodin-time/ros2_ws/install/uuv_gazebo_worlds/share/uuv_gazebo_worlds/models/mangalia/meshes/grass_grass_0101_02_tiled_s.jpg
[0.746s] -- Up-to-date: /home/isopodin-time/ros2_ws/install/uuv_gazebo_worlds/share/uuv_gazebo_worlds/models/mangalia/meshes/170427_Seabed8_textured.dae
[0.746s] -- Up-to-date: /home/isopodin-time/ros2_ws/install/uuv_gazebo_worlds/share/uuv_gazebo_worlds/models/mangalia/meshes/170427_Seabed8_textured.blend
[0.747s] -- Up-to-date: /home/isopodin-time/ros2_ws/install/uuv_gazebo_worlds/share/uuv_gazebo_worlds/models/mangalia/meshes/MangaliaTerrain.dae
[0.747s] -- Up-to-date: /home/isopodin-time/ros2_ws/install/uuv_gazebo_worlds/share/uuv_gazebo_worlds/models/april_tag_36_11_00000
[0.747s] -- Up-to-date: /home/isopodin-time/ros2_ws/install/uuv_gazebo_worlds/share/uuv_gazebo_worlds/models/april_tag_36_11_00000/model.sdf
[0.747s] -- Up-to-date: /home/isopodin-time/ros2_ws/install/uuv_gazebo_worlds/share/uuv_gazebo_worlds/models/april_tag_36_11_00000/model.config
[0.747s] -- Up-to-date: /home/isopodin-time/ros2_ws/install/uuv_gazebo_worlds/share/uuv_gazebo_worlds/models/hot_stab
[0.747s] -- Up-to-date: /home/isopodin-time/ros2_ws/install/uuv_gazebo_worlds/share/uuv_gazebo_worlds/models/hot_stab/model.sdf
[0.748s] -- Up-to-date: /home/isopodin-time/ros2_ws/install/uuv_gazebo_worlds/share/uuv_gazebo_worlds/models/hot_stab/model.config
[0.748s] -- Up-to-date: /home/isopodin-time/ros2_ws/install/uuv_gazebo_worlds/share/uuv_gazebo_worlds/models/hot_stab/meshes
[0.750s] -- Up-to-date: /home/isopodin-time/ros2_ws/install/uuv_gazebo_worlds/share/uuv_gazebo_worlds/models/hot_stab/meshes/HotStab.dae
[0.756s] -- Up-to-date: /home/isopodin-time/ros2_ws/install/uuv_gazebo_worlds/share/uuv_gazebo_worlds/models/herkules_ship_wreck
[0.756s] -- Up-to-date: /home/isopodin-time/ros2_ws/install/uuv_gazebo_worlds/share/uuv_gazebo_worlds/models/herkules_ship_wreck/model.sdf
[0.756s] -- Up-to-date: /home/isopodin-time/ros2_ws/install/uuv_gazebo_worlds/share/uuv_gazebo_worlds/models/herkules_ship_wreck/model.config
[0.756s] -- Up-to-date: /home/isopodin-time/ros2_ws/install/uuv_gazebo_worlds/share/uuv_gazebo_worlds/models/herkules_ship_wreck/meshes
[0.756s] -- Up-to-date: /home/isopodin-time/ros2_ws/install/uuv_gazebo_worlds/share/uuv_gazebo_worlds/models/herkules_ship_wreck/meshes/herkules.dae
[0.756s] -- Up-to-date: /home/isopodin-time/ros2_ws/install/uuv_gazebo_worlds/share/uuv_gazebo_worlds/models/herkules_seabed
[0.756s] -- Up-to-date: /home/isopodin-time/ros2_ws/install/uuv_gazebo_worlds/share/uuv_gazebo_worlds/models/herkules_seabed/model.sdf
[0.756s] -- Up-to-date: /home/isopodin-time/ros2_ws/install/uuv_gazebo_worlds/share/uuv_gazebo_worlds/models/herkules_seabed/model.config
[0.756s] -- Up-to-date: /home/isopodin-time/ros2_ws/install/uuv_gazebo_worlds/share/uuv_gazebo_worlds/models/herkules_seabed/meshes
[0.757s] -- Up-to-date: /home/isopodin-time/ros2_ws/install/uuv_gazebo_worlds/share/uuv_gazebo_worlds/models/herkules_seabed/meshes/herkules_seabed.dae
[0.757s] -- Up-to-date: /home/isopodin-time/ros2_ws/install/uuv_gazebo_worlds/share/uuv_gazebo_worlds/models/munkholmen
[0.757s] -- Up-to-date: /home/isopodin-time/ros2_ws/install/uuv_gazebo_worlds/share/uuv_gazebo_worlds/models/munkholmen/model.sdf
[0.757s] -- Up-to-date: /home/isopodin-time/ros2_ws/install/uuv_gazebo_worlds/share/uuv_gazebo_worlds/models/munkholmen/model.config
[0.757s] -- Up-to-date: /home/isopodin-time/ros2_ws/install/uuv_gazebo_worlds/share/uuv_gazebo_worlds/models/munkholmen/meshes
[0.757s] -- Up-to-date: /home/isopodin-time/ros2_ws/install/uuv_gazebo_worlds/share/uuv_gazebo_worlds/models/munkholmen/meshes/munkholmen.dae
[0.761s] -- Up-to-date: /home/isopodin-time/ros2_ws/install/uuv_gazebo_worlds/share/ament_index/resource_index/package_run_dependencies/uuv_gazebo_worlds
[0.762s] -- Up-to-date: /home/isopodin-time/ros2_ws/install/uuv_gazebo_worlds/share/ament_index/resource_index/parent_prefix_path/uuv_gazebo_worlds
[0.763s] -- Up-to-date: /home/isopodin-time/ros2_ws/install/uuv_gazebo_worlds/share/uuv_gazebo_worlds/environment/ament_prefix_path.sh
[0.764s] -- Up-to-date: /home/isopodin-time/ros2_ws/install/uuv_gazebo_worlds/share/uuv_gazebo_worlds/environment/ament_prefix_path.dsv
[0.764s] -- Up-to-date: /home/isopodin-time/ros2_ws/install/uuv_gazebo_worlds/share/uuv_gazebo_worlds/environment/path.sh
[0.764s] -- Up-to-date: /home/isopodin-time/ros2_ws/install/uuv_gazebo_worlds/share/uuv_gazebo_worlds/environment/path.dsv
[0.765s] -- Up-to-date: /home/isopodin-time/ros2_ws/install/uuv_gazebo_worlds/share/uuv_gazebo_worlds/local_setup.bash
[0.765s] -- Up-to-date: /home/isopodin-time/ros2_ws/install/uuv_gazebo_worlds/share/uuv_gazebo_worlds/local_setup.sh
[0.771s] -- Up-to-date: /home/isopodin-time/ros2_ws/install/uuv_gazebo_worlds/share/uuv_gazebo_worlds/local_setup.zsh
[0.771s] -- Up-to-date: /home/isopodin-time/ros2_ws/install/uuv_gazebo_worlds/share/uuv_gazebo_worlds/local_setup.dsv
[0.771s] -- Installing: /home/isopodin-time/ros2_ws/install/uuv_gazebo_worlds/share/uuv_gazebo_worlds/package.dsv
[0.772s] -- Up-to-date: /home/isopodin-time/ros2_ws/install/uuv_gazebo_worlds/share/ament_index/resource_index/packages/uuv_gazebo_worlds
[0.773s] -- Up-to-date: /home/isopodin-time/ros2_ws/install/uuv_gazebo_worlds/share/uuv_gazebo_worlds/cmake/uuv_gazebo_worldsConfig.cmake
[0.773s] -- Up-to-date: /home/isopodin-time/ros2_ws/install/uuv_gazebo_worlds/share/uuv_gazebo_worlds/cmake/uuv_gazebo_worldsConfig-version.cmake
[0.773s] -- Up-to-date: /home/isopodin-time/ros2_ws/install/uuv_gazebo_worlds/share/uuv_gazebo_worlds/package.xml
[0.797s] Invoked command in '/home/isopodin-time/ros2_ws/build/uuv_gazebo_worlds' returned '0': CMAKE_PREFIX_PATH=${CMAKE_PREFIX_PATH}:/opt/ros/foxy /usr/bin/cmake --install /home/isopodin-time/ros2_ws/build/uuv_gazebo_worlds
