[01m[K/home/isopodin-time/ros2_ws/src/muuv_ros/src/muuv_ros/imu_repub.cpp:[m[K In member function ‘[01m[Kvoid Imu_repub::state_callback(sensor_msgs::msg::Imu_<std::allocator<void> >::SharedPtr) const[m[K’:
[01m[K/home/isopodin-time/ros2_ws/src/muuv_ros/src/muuv_ros/imu_repub.cpp:88:36:[m[K [01;31m[Kerror: [m[Kno match for ‘[01m[Koperator=[m[K’ (operand types are ‘[01m[Kcustom_msg_srv::msg::Float64Stamped_<std::allocator<void> >::_header_type[m[K’ {aka ‘[01m[Kstd_msgs::msg::Header_<std::allocator<void> >[m[K’} and ‘[01m[Kstd_msgs::msg::Header_<std::allocator<void> >::_stamp_type[m[K’ {aka ‘[01m[Kbuiltin_interfaces::msg::Time_<std::allocator<void> >[m[K’})
   88 |         msg_x.header = msg->header.[01;31m[Kstamp[m[K;
      |                                    [01;31m[K^~~~~[m[K
In file included from [01m[K/opt/ros/foxy/include/sensor_msgs/msg/detail/imu__struct.hpp:19[m[K,
                 from [01m[K/opt/ros/foxy/include/sensor_msgs/msg/imu.hpp:7[m[K,
                 from [01m[K/home/isopodin-time/ros2_ws/src/muuv_ros/src/muuv_ros/imu_repub.cpp:5[m[K:
[01m[K/opt/ros/foxy/include/std_msgs/msg/detail/header__struct.hpp:35:8:[m[K [01;36m[Knote: [m[Kcandidate: ‘[01m[Kstd_msgs::msg::Header_<std::allocator<void> >& std_msgs::msg::Header_<std::allocator<void> >::operator=(const std_msgs::msg::Header_<std::allocator<void> >&)[m[K’
   35 | struct [01;36m[KHeader_[m[K
      |        [01;36m[K^~~~~~~[m[K
[01m[K/opt/ros/foxy/include/std_msgs/msg/detail/header__struct.hpp:35:8:[m[K [01;36m[Knote: [m[K  no known conversion for argument 1 from ‘[01m[Kstd_msgs::msg::Header_<std::allocator<void> >::_stamp_type[m[K’ {aka ‘[01m[Kbuiltin_interfaces::msg::Time_<std::allocator<void> >[m[K’} to ‘[01m[Kconst std_msgs::msg::Header_<std::allocator<void> >&[m[K’
[01m[K/opt/ros/foxy/include/std_msgs/msg/detail/header__struct.hpp:35:8:[m[K [01;36m[Knote: [m[Kcandidate: ‘[01m[Kstd_msgs::msg::Header_<std::allocator<void> >& std_msgs::msg::Header_<std::allocator<void> >::operator=(std_msgs::msg::Header_<std::allocator<void> >&&)[m[K’
[01m[K/opt/ros/foxy/include/std_msgs/msg/detail/header__struct.hpp:35:8:[m[K [01;36m[Knote: [m[K  no known conversion for argument 1 from ‘[01m[Kstd_msgs::msg::Header_<std::allocator<void> >::_stamp_type[m[K’ {aka ‘[01m[Kbuiltin_interfaces::msg::Time_<std::allocator<void> >[m[K’} to ‘[01m[Kstd_msgs::msg::Header_<std::allocator<void> >&&[m[K’
[01m[K/home/isopodin-time/ros2_ws/src/muuv_ros/src/muuv_ros/imu_repub.cpp:89:36:[m[K [01;31m[Kerror: [m[Kno match for ‘[01m[Koperator=[m[K’ (operand types are ‘[01m[Kcustom_msg_srv::msg::Float64Stamped_<std::allocator<void> >::_header_type[m[K’ {aka ‘[01m[Kstd_msgs::msg::Header_<std::allocator<void> >[m[K’} and ‘[01m[Kstd_msgs::msg::Header_<std::allocator<void> >::_stamp_type[m[K’ {aka ‘[01m[Kbuiltin_interfaces::msg::Time_<std::allocator<void> >[m[K’})
   89 |         msg_y.header = msg->header.[01;31m[Kstamp[m[K;
      |                                    [01;31m[K^~~~~[m[K
In file included from [01m[K/opt/ros/foxy/include/sensor_msgs/msg/detail/imu__struct.hpp:19[m[K,
                 from [01m[K/opt/ros/foxy/include/sensor_msgs/msg/imu.hpp:7[m[K,
                 from [01m[K/home/isopodin-time/ros2_ws/src/muuv_ros/src/muuv_ros/imu_repub.cpp:5[m[K:
[01m[K/opt/ros/foxy/include/std_msgs/msg/detail/header__struct.hpp:35:8:[m[K [01;36m[Knote: [m[Kcandidate: ‘[01m[Kstd_msgs::msg::Header_<std::allocator<void> >& std_msgs::msg::Header_<std::allocator<void> >::operator=(const std_msgs::msg::Header_<std::allocator<void> >&)[m[K’
   35 | struct [01;36m[KHeader_[m[K
      |        [01;36m[K^~~~~~~[m[K
[01m[K/opt/ros/foxy/include/std_msgs/msg/detail/header__struct.hpp:35:8:[m[K [01;36m[Knote: [m[K  no known conversion for argument 1 from ‘[01m[Kstd_msgs::msg::Header_<std::allocator<void> >::_stamp_type[m[K’ {aka ‘[01m[Kbuiltin_interfaces::msg::Time_<std::allocator<void> >[m[K’} to ‘[01m[Kconst std_msgs::msg::Header_<std::allocator<void> >&[m[K’
[01m[K/opt/ros/foxy/include/std_msgs/msg/detail/header__struct.hpp:35:8:[m[K [01;36m[Knote: [m[Kcandidate: ‘[01m[Kstd_msgs::msg::Header_<std::allocator<void> >& std_msgs::msg::Header_<std::allocator<void> >::operator=(std_msgs::msg::Header_<std::allocator<void> >&&)[m[K’
[01m[K/opt/ros/foxy/include/std_msgs/msg/detail/header__struct.hpp:35:8:[m[K [01;36m[Knote: [m[K  no known conversion for argument 1 from ‘[01m[Kstd_msgs::msg::Header_<std::allocator<void> >::_stamp_type[m[K’ {aka ‘[01m[Kbuiltin_interfaces::msg::Time_<std::allocator<void> >[m[K’} to ‘[01m[Kstd_msgs::msg::Header_<std::allocator<void> >&&[m[K’
[01m[K/home/isopodin-time/ros2_ws/src/muuv_ros/src/muuv_ros/imu_repub.cpp:90:36:[m[K [01;31m[Kerror: [m[Kno match for ‘[01m[Koperator=[m[K’ (operand types are ‘[01m[Kcustom_msg_srv::msg::Float64Stamped_<std::allocator<void> >::_header_type[m[K’ {aka ‘[01m[Kstd_msgs::msg::Header_<std::allocator<void> >[m[K’} and ‘[01m[Kstd_msgs::msg::Header_<std::allocator<void> >::_stamp_type[m[K’ {aka ‘[01m[Kbuiltin_interfaces::msg::Time_<std::allocator<void> >[m[K’})
   90 |         msg_z.header = msg->header.[01;31m[Kstamp[m[K;
      |                                    [01;31m[K^~~~~[m[K
In file included from [01m[K/opt/ros/foxy/include/sensor_msgs/msg/detail/imu__struct.hpp:19[m[K,
                 from [01m[K/opt/ros/foxy/include/sensor_msgs/msg/imu.hpp:7[m[K,
                 from [01m[K/home/isopodin-time/ros2_ws/src/muuv_ros/src/muuv_ros/imu_repub.cpp:5[m[K:
[01m[K/opt/ros/foxy/include/std_msgs/msg/detail/header__struct.hpp:35:8:[m[K [01;36m[Knote: [m[Kcandidate: ‘[01m[Kstd_msgs::msg::Header_<std::allocator<void> >& std_msgs::msg::Header_<std::allocator<void> >::operator=(const std_msgs::msg::Header_<std::allocator<void> >&)[m[K’
   35 | struct [01;36m[KHeader_[m[K
      |        [01;36m[K^~~~~~~[m[K
[01m[K/opt/ros/foxy/include/std_msgs/msg/detail/header__struct.hpp:35:8:[m[K [01;36m[Knote: [m[K  no known conversion for argument 1 from ‘[01m[Kstd_msgs::msg::Header_<std::allocator<void> >::_stamp_type[m[K’ {aka ‘[01m[Kbuiltin_interfaces::msg::Time_<std::allocator<void> >[m[K’} to ‘[01m[Kconst std_msgs::msg::Header_<std::allocator<void> >&[m[K’
[01m[K/opt/ros/foxy/include/std_msgs/msg/detail/header__struct.hpp:35:8:[m[K [01;36m[Knote: [m[Kcandidate: ‘[01m[Kstd_msgs::msg::Header_<std::allocator<void> >& std_msgs::msg::Header_<std::allocator<void> >::operator=(std_msgs::msg::Header_<std::allocator<void> >&&)[m[K’
[01m[K/opt/ros/foxy/include/std_msgs/msg/detail/header__struct.hpp:35:8:[m[K [01;36m[Knote: [m[K  no known conversion for argument 1 from ‘[01m[Kstd_msgs::msg::Header_<std::allocator<void> >::_stamp_type[m[K’ {aka ‘[01m[Kbuiltin_interfaces::msg::Time_<std::allocator<void> >[m[K’} to ‘[01m[Kstd_msgs::msg::Header_<std::allocator<void> >&&[m[K’
[01m[K/home/isopodin-time/ros2_ws/src/muuv_ros/src/muuv_ros/imu_repub.cpp:91:37:[m[K [01;31m[Kerror: [m[Kno match for ‘[01m[Koperator=[m[K’ (operand types are ‘[01m[Kcustom_msg_srv::msg::Float64Stamped_<std::allocator<void> >::_header_type[m[K’ {aka ‘[01m[Kstd_msgs::msg::Header_<std::allocator<void> >[m[K’} and ‘[01m[Kstd_msgs::msg::Header_<std::allocator<void> >::_stamp_type[m[K’ {aka ‘[01m[Kbuiltin_interfaces::msg::Time_<std::allocator<void> >[m[K’})
   91 |         msg_rx.header = msg->header.[01;31m[Kstamp[m[K;
      |                                     [01;31m[K^~~~~[m[K
In file included from [01m[K/opt/ros/foxy/include/sensor_msgs/msg/detail/imu__struct.hpp:19[m[K,
                 from [01m[K/opt/ros/foxy/include/sensor_msgs/msg/imu.hpp:7[m[K,
                 from [01m[K/home/isopodin-time/ros2_ws/src/muuv_ros/src/muuv_ros/imu_repub.cpp:5[m[K:
[01m[K/opt/ros/foxy/include/std_msgs/msg/detail/header__struct.hpp:35:8:[m[K [01;36m[Knote: [m[Kcandidate: ‘[01m[Kstd_msgs::msg::Header_<std::allocator<void> >& std_msgs::msg::Header_<std::allocator<void> >::operator=(const std_msgs::msg::Header_<std::allocator<void> >&)[m[K’
   35 | struct [01;36m[KHeader_[m[K
      |        [01;36m[K^~~~~~~[m[K
[01m[K/opt/ros/foxy/include/std_msgs/msg/detail/header__struct.hpp:35:8:[m[K [01;36m[Knote: [m[K  no known conversion for argument 1 from ‘[01m[Kstd_msgs::msg::Header_<std::allocator<void> >::_stamp_type[m[K’ {aka ‘[01m[Kbuiltin_interfaces::msg::Time_<std::allocator<void> >[m[K’} to ‘[01m[Kconst std_msgs::msg::Header_<std::allocator<void> >&[m[K’
[01m[K/opt/ros/foxy/include/std_msgs/msg/detail/header__struct.hpp:35:8:[m[K [01;36m[Knote: [m[Kcandidate: ‘[01m[Kstd_msgs::msg::Header_<std::allocator<void> >& std_msgs::msg::Header_<std::allocator<void> >::operator=(std_msgs::msg::Header_<std::allocator<void> >&&)[m[K’
[01m[K/opt/ros/foxy/include/std_msgs/msg/detail/header__struct.hpp:35:8:[m[K [01;36m[Knote: [m[K  no known conversion for argument 1 from ‘[01m[Kstd_msgs::msg::Header_<std::allocator<void> >::_stamp_type[m[K’ {aka ‘[01m[Kbuiltin_interfaces::msg::Time_<std::allocator<void> >[m[K’} to ‘[01m[Kstd_msgs::msg::Header_<std::allocator<void> >&&[m[K’
[01m[K/home/isopodin-time/ros2_ws/src/muuv_ros/src/muuv_ros/imu_repub.cpp:92:37:[m[K [01;31m[Kerror: [m[Kno match for ‘[01m[Koperator=[m[K’ (operand types are ‘[01m[Kcustom_msg_srv::msg::Float64Stamped_<std::allocator<void> >::_header_type[m[K’ {aka ‘[01m[Kstd_msgs::msg::Header_<std::allocator<void> >[m[K’} and ‘[01m[Kstd_msgs::msg::Header_<std::allocator<void> >::_stamp_type[m[K’ {aka ‘[01m[Kbuiltin_interfaces::msg::Time_<std::allocator<void> >[m[K’})
   92 |         msg_ry.header = msg->header.[01;31m[Kstamp[m[K;
      |                                     [01;31m[K^~~~~[m[K
In file included from [01m[K/opt/ros/foxy/include/sensor_msgs/msg/detail/imu__struct.hpp:19[m[K,
                 from [01m[K/opt/ros/foxy/include/sensor_msgs/msg/imu.hpp:7[m[K,
                 from [01m[K/home/isopodin-time/ros2_ws/src/muuv_ros/src/muuv_ros/imu_repub.cpp:5[m[K:
[01m[K/opt/ros/foxy/include/std_msgs/msg/detail/header__struct.hpp:35:8:[m[K [01;36m[Knote: [m[Kcandidate: ‘[01m[Kstd_msgs::msg::Header_<std::allocator<void> >& std_msgs::msg::Header_<std::allocator<void> >::operator=(const std_msgs::msg::Header_<std::allocator<void> >&)[m[K’
   35 | struct [01;36m[KHeader_[m[K
      |        [01;36m[K^~~~~~~[m[K
[01m[K/opt/ros/foxy/include/std_msgs/msg/detail/header__struct.hpp:35:8:[m[K [01;36m[Knote: [m[K  no known conversion for argument 1 from ‘[01m[Kstd_msgs::msg::Header_<std::allocator<void> >::_stamp_type[m[K’ {aka ‘[01m[Kbuiltin_interfaces::msg::Time_<std::allocator<void> >[m[K’} to ‘[01m[Kconst std_msgs::msg::Header_<std::allocator<void> >&[m[K’
[01m[K/opt/ros/foxy/include/std_msgs/msg/detail/header__struct.hpp:35:8:[m[K [01;36m[Knote: [m[Kcandidate: ‘[01m[Kstd_msgs::msg::Header_<std::allocator<void> >& std_msgs::msg::Header_<std::allocator<void> >::operator=(std_msgs::msg::Header_<std::allocator<void> >&&)[m[K’
[01m[K/opt/ros/foxy/include/std_msgs/msg/detail/header__struct.hpp:35:8:[m[K [01;36m[Knote: [m[K  no known conversion for argument 1 from ‘[01m[Kstd_msgs::msg::Header_<std::allocator<void> >::_stamp_type[m[K’ {aka ‘[01m[Kbuiltin_interfaces::msg::Time_<std::allocator<void> >[m[K’} to ‘[01m[Kstd_msgs::msg::Header_<std::allocator<void> >&&[m[K’
[01m[K/home/isopodin-time/ros2_ws/src/muuv_ros/src/muuv_ros/imu_repub.cpp:93:37:[m[K [01;31m[Kerror: [m[Kno match for ‘[01m[Koperator=[m[K’ (operand types are ‘[01m[Kcustom_msg_srv::msg::Float64Stamped_<std::allocator<void> >::_header_type[m[K’ {aka ‘[01m[Kstd_msgs::msg::Header_<std::allocator<void> >[m[K’} and ‘[01m[Kstd_msgs::msg::Header_<std::allocator<void> >::_stamp_type[m[K’ {aka ‘[01m[Kbuiltin_interfaces::msg::Time_<std::allocator<void> >[m[K’})
   93 |         msg_rz.header = msg->header.[01;31m[Kstamp[m[K;
      |                                     [01;31m[K^~~~~[m[K
In file included from [01m[K/opt/ros/foxy/include/sensor_msgs/msg/detail/imu__struct.hpp:19[m[K,
                 from [01m[K/opt/ros/foxy/include/sensor_msgs/msg/imu.hpp:7[m[K,
                 from [01m[K/home/isopodin-time/ros2_ws/src/muuv_ros/src/muuv_ros/imu_repub.cpp:5[m[K:
[01m[K/opt/ros/foxy/include/std_msgs/msg/detail/header__struct.hpp:35:8:[m[K [01;36m[Knote: [m[Kcandidate: ‘[01m[Kstd_msgs::msg::Header_<std::allocator<void> >& std_msgs::msg::Header_<std::allocator<void> >::operator=(const std_msgs::msg::Header_<std::allocator<void> >&)[m[K’
   35 | struct [01;36m[KHeader_[m[K
      |        [01;36m[K^~~~~~~[m[K
[01m[K/opt/ros/foxy/include/std_msgs/msg/detail/header__struct.hpp:35:8:[m[K [01;36m[Knote: [m[K  no known conversion for argument 1 from ‘[01m[Kstd_msgs::msg::Header_<std::allocator<void> >::_stamp_type[m[K’ {aka ‘[01m[Kbuiltin_interfaces::msg::Time_<std::allocator<void> >[m[K’} to ‘[01m[Kconst std_msgs::msg::Header_<std::allocator<void> >&[m[K’
[01m[K/opt/ros/foxy/include/std_msgs/msg/detail/header__struct.hpp:35:8:[m[K [01;36m[Knote: [m[Kcandidate: ‘[01m[Kstd_msgs::msg::Header_<std::allocator<void> >& std_msgs::msg::Header_<std::allocator<void> >::operator=(std_msgs::msg::Header_<std::allocator<void> >&&)[m[K’
[01m[K/opt/ros/foxy/include/std_msgs/msg/detail/header__struct.hpp:35:8:[m[K [01;36m[Knote: [m[K  no known conversion for argument 1 from ‘[01m[Kstd_msgs::msg::Header_<std::allocator<void> >::_stamp_type[m[K’ {aka ‘[01m[Kbuiltin_interfaces::msg::Time_<std::allocator<void> >[m[K’} to ‘[01m[Kstd_msgs::msg::Header_<std::allocator<void> >&&[m[K’
[01m[K/home/isopodin-time/ros2_ws/src/muuv_ros/src/muuv_ros/imu_repub.cpp:[m[K In member function ‘[01m[Kvoid Imu_repub::setpoint_callback(sensor_msgs::msg::Imu_<std::allocator<void> >::SharedPtr) const[m[K’:
[01m[K/home/isopodin-time/ros2_ws/src/muuv_ros/src/muuv_ros/imu_repub.cpp:112:9:[m[K [01;31m[Kerror: [m[K‘[01m[Kvector[m[K’ was not declared in this scope; did you mean ‘[01m[Kstd::vector[m[K’?
  112 |         [01;31m[Kvector[m[K<custom_msg_srv::msg::Float64Stamped()> msg_out;
      |         [01;31m[K^~~~~~[m[K
      |         [32m[Kstd::vector[m[K
In file included from [01m[K/usr/include/c++/9/vector:67[m[K,
                 from [01m[K/opt/ros/foxy/include/rclcpp/executor.hpp:27[m[K,
                 from [01m[K/opt/ros/foxy/include/rclcpp/executors/multi_threaded_executor.hpp:26[m[K,
                 from [01m[K/opt/ros/foxy/include/rclcpp/executors.hpp:21[m[K,
                 from [01m[K/opt/ros/foxy/include/rclcpp/rclcpp.hpp:146[m[K,
                 from [01m[K/home/isopodin-time/ros2_ws/src/muuv_ros/src/muuv_ros/imu_repub.cpp:3[m[K:
[01m[K/usr/include/c++/9/bits/stl_vector.h:386:11:[m[K [01;36m[Knote: [m[K‘[01m[Kstd::vector[m[K’ declared here
  386 |     class [01;36m[Kvector[m[K : protected _Vector_base<_Tp, _Alloc>
      |           [01;36m[K^~~~~~[m[K
[01m[K/home/isopodin-time/ros2_ws/src/muuv_ros/src/muuv_ros/imu_repub.cpp:112:55:[m[K [01;31m[Kerror: [m[K‘[01m[Kmsg_out[m[K’ was not declared in this scope
  112 |         vector<custom_msg_srv::msg::Float64Stamped()> [01;31m[Kmsg_out[m[K;
      |                                                       [01;31m[K^~~~~~~[m[K
[01m[K/home/isopodin-time/ros2_ws/src/muuv_ros/src/muuv_ros/imu_repub.cpp:124:36:[m[K [01;31m[Kerror: [m[Kno match for ‘[01m[Koperator=[m[K’ (operand types are ‘[01m[Kcustom_msg_srv::msg::Float64Stamped_<std::allocator<void> >::_header_type[m[K’ {aka ‘[01m[Kstd_msgs::msg::Header_<std::allocator<void> >[m[K’} and ‘[01m[Kstd_msgs::msg::Header_<std::allocator<void> >::_stamp_type[m[K’ {aka ‘[01m[Kbuiltin_interfaces::msg::Time_<std::allocator<void> >[m[K’})
  124 |         msg_x.header = msg->header.[01;31m[Kstamp[m[K;
      |                                    [01;31m[K^~~~~[m[K
In file included from [01m[K/opt/ros/foxy/include/sensor_msgs/msg/detail/imu__struct.hpp:19[m[K,
                 from [01m[K/opt/ros/foxy/include/sensor_msgs/msg/imu.hpp:7[m[K,
                 from [01m[K/home/isopodin-time/ros2_ws/src/muuv_ros/src/muuv_ros/imu_repub.cpp:5[m[K:
[01m[K/opt/ros/foxy/include/std_msgs/msg/detail/header__struct.hpp:35:8:[m[K [01;36m[Knote: [m[Kcandidate: ‘[01m[Kstd_msgs::msg::Header_<std::allocator<void> >& std_msgs::msg::Header_<std::allocator<void> >::operator=(const std_msgs::msg::Header_<std::allocator<void> >&)[m[K’
   35 | struct [01;36m[KHeader_[m[K
      |        [01;36m[K^~~~~~~[m[K
[01m[K/opt/ros/foxy/include/std_msgs/msg/detail/header__struct.hpp:35:8:[m[K [01;36m[Knote: [m[K  no known conversion for argument 1 from ‘[01m[Kstd_msgs::msg::Header_<std::allocator<void> >::_stamp_type[m[K’ {aka ‘[01m[Kbuiltin_interfaces::msg::Time_<std::allocator<void> >[m[K’} to ‘[01m[Kconst std_msgs::msg::Header_<std::allocator<void> >&[m[K’
[01m[K/opt/ros/foxy/include/std_msgs/msg/detail/header__struct.hpp:35:8:[m[K [01;36m[Knote: [m[Kcandidate: ‘[01m[Kstd_msgs::msg::Header_<std::allocator<void> >& std_msgs::msg::Header_<std::allocator<void> >::operator=(std_msgs::msg::Header_<std::allocator<void> >&&)[m[K’
[01m[K/opt/ros/foxy/include/std_msgs/msg/detail/header__struct.hpp:35:8:[m[K [01;36m[Knote: [m[K  no known conversion for argument 1 from ‘[01m[Kstd_msgs::msg::Header_<std::allocator<void> >::_stamp_type[m[K’ {aka ‘[01m[Kbuiltin_interfaces::msg::Time_<std::allocator<void> >[m[K’} to ‘[01m[Kstd_msgs::msg::Header_<std::allocator<void> >&&[m[K’
[01m[K/home/isopodin-time/ros2_ws/src/muuv_ros/src/muuv_ros/imu_repub.cpp:125:36:[m[K [01;31m[Kerror: [m[Kno match for ‘[01m[Koperator=[m[K’ (operand types are ‘[01m[Kcustom_msg_srv::msg::Float64Stamped_<std::allocator<void> >::_header_type[m[K’ {aka ‘[01m[Kstd_msgs::msg::Header_<std::allocator<void> >[m[K’} and ‘[01m[Kstd_msgs::msg::Header_<std::allocator<void> >::_stamp_type[m[K’ {aka ‘[01m[Kbuiltin_interfaces::msg::Time_<std::allocator<void> >[m[K’})
  125 |         msg_y.header = msg->header.[01;31m[Kstamp[m[K;
      |                                    [01;31m[K^~~~~[m[K
In file included from [01m[K/opt/ros/foxy/include/sensor_msgs/msg/detail/imu__struct.hpp:19[m[K,
                 from [01m[K/opt/ros/foxy/include/sensor_msgs/msg/imu.hpp:7[m[K,
                 from [01m[K/home/isopodin-time/ros2_ws/src/muuv_ros/src/muuv_ros/imu_repub.cpp:5[m[K:
[01m[K/opt/ros/foxy/include/std_msgs/msg/detail/header__struct.hpp:35:8:[m[K [01;36m[Knote: [m[Kcandidate: ‘[01m[Kstd_msgs::msg::Header_<std::allocator<void> >& std_msgs::msg::Header_<std::allocator<void> >::operator=(const std_msgs::msg::Header_<std::allocator<void> >&)[m[K’
   35 | struct [01;36m[KHeader_[m[K
      |        [01;36m[K^~~~~~~[m[K
[01m[K/opt/ros/foxy/include/std_msgs/msg/detail/header__struct.hpp:35:8:[m[K [01;36m[Knote: [m[K  no known conversion for argument 1 from ‘[01m[Kstd_msgs::msg::Header_<std::allocator<void> >::_stamp_type[m[K’ {aka ‘[01m[Kbuiltin_interfaces::msg::Time_<std::allocator<void> >[m[K’} to ‘[01m[Kconst std_msgs::msg::Header_<std::allocator<void> >&[m[K’
[01m[K/opt/ros/foxy/include/std_msgs/msg/detail/header__struct.hpp:35:8:[m[K [01;36m[Knote: [m[Kcandidate: ‘[01m[Kstd_msgs::msg::Header_<std::allocator<void> >& std_msgs::msg::Header_<std::allocator<void> >::operator=(std_msgs::msg::Header_<std::allocator<void> >&&)[m[K’
[01m[K/opt/ros/foxy/include/std_msgs/msg/detail/header__struct.hpp:35:8:[m[K [01;36m[Knote: [m[K  no known conversion for argument 1 from ‘[01m[Kstd_msgs::msg::Header_<std::allocator<void> >::_stamp_type[m[K’ {aka ‘[01m[Kbuiltin_interfaces::msg::Time_<std::allocator<void> >[m[K’} to ‘[01m[Kstd_msgs::msg::Header_<std::allocator<void> >&&[m[K’
[01m[K/home/isopodin-time/ros2_ws/src/muuv_ros/src/muuv_ros/imu_repub.cpp:126:36:[m[K [01;31m[Kerror: [m[Kno match for ‘[01m[Koperator=[m[K’ (operand types are ‘[01m[Kcustom_msg_srv::msg::Float64Stamped_<std::allocator<void> >::_header_type[m[K’ {aka ‘[01m[Kstd_msgs::msg::Header_<std::allocator<void> >[m[K’} and ‘[01m[Kstd_msgs::msg::Header_<std::allocator<void> >::_stamp_type[m[K’ {aka ‘[01m[Kbuiltin_interfaces::msg::Time_<std::allocator<void> >[m[K’})
  126 |         msg_z.header = msg->header.[01;31m[Kstamp[m[K;
      |                                    [01;31m[K^~~~~[m[K
In file included from [01m[K/opt/ros/foxy/include/sensor_msgs/msg/detail/imu__struct.hpp:19[m[K,
                 from [01m[K/opt/ros/foxy/include/sensor_msgs/msg/imu.hpp:7[m[K,
                 from [01m[K/home/isopodin-time/ros2_ws/src/muuv_ros/src/muuv_ros/imu_repub.cpp:5[m[K:
[01m[K/opt/ros/foxy/include/std_msgs/msg/detail/header__struct.hpp:35:8:[m[K [01;36m[Knote: [m[Kcandidate: ‘[01m[Kstd_msgs::msg::Header_<std::allocator<void> >& std_msgs::msg::Header_<std::allocator<void> >::operator=(const std_msgs::msg::Header_<std::allocator<void> >&)[m[K’
   35 | struct [01;36m[KHeader_[m[K
      |        [01;36m[K^~~~~~~[m[K
[01m[K/opt/ros/foxy/include/std_msgs/msg/detail/header__struct.hpp:35:8:[m[K [01;36m[Knote: [m[K  no known conversion for argument 1 from ‘[01m[Kstd_msgs::msg::Header_<std::allocator<void> >::_stamp_type[m[K’ {aka ‘[01m[Kbuiltin_interfaces::msg::Time_<std::allocator<void> >[m[K’} to ‘[01m[Kconst std_msgs::msg::Header_<std::allocator<void> >&[m[K’
[01m[K/opt/ros/foxy/include/std_msgs/msg/detail/header__struct.hpp:35:8:[m[K [01;36m[Knote: [m[Kcandidate: ‘[01m[Kstd_msgs::msg::Header_<std::allocator<void> >& std_msgs::msg::Header_<std::allocator<void> >::operator=(std_msgs::msg::Header_<std::allocator<void> >&&)[m[K’
[01m[K/opt/ros/foxy/include/std_msgs/msg/detail/header__struct.hpp:35:8:[m[K [01;36m[Knote: [m[K  no known conversion for argument 1 from ‘[01m[Kstd_msgs::msg::Header_<std::allocator<void> >::_stamp_type[m[K’ {aka ‘[01m[Kbuiltin_interfaces::msg::Time_<std::allocator<void> >[m[K’} to ‘[01m[Kstd_msgs::msg::Header_<std::allocator<void> >&&[m[K’
[01m[K/home/isopodin-time/ros2_ws/src/muuv_ros/src/muuv_ros/imu_repub.cpp:127:37:[m[K [01;31m[Kerror: [m[Kno match for ‘[01m[Koperator=[m[K’ (operand types are ‘[01m[Kcustom_msg_srv::msg::Float64Stamped_<std::allocator<void> >::_header_type[m[K’ {aka ‘[01m[Kstd_msgs::msg::Header_<std::allocator<void> >[m[K’} and ‘[01m[Kstd_msgs::msg::Header_<std::allocator<void> >::_stamp_type[m[K’ {aka ‘[01m[Kbuiltin_interfaces::msg::Time_<std::allocator<void> >[m[K’})
  127 |         msg_rx.header = msg->header.[01;31m[Kstamp[m[K;
      |                                     [01;31m[K^~~~~[m[K
In file included from [01m[K/opt/ros/foxy/include/sensor_msgs/msg/detail/imu__struct.hpp:19[m[K,
                 from [01m[K/opt/ros/foxy/include/sensor_msgs/msg/imu.hpp:7[m[K,
                 from [01m[K/home/isopodin-time/ros2_ws/src/muuv_ros/src/muuv_ros/imu_repub.cpp:5[m[K:
[01m[K/opt/ros/foxy/include/std_msgs/msg/detail/header__struct.hpp:35:8:[m[K [01;36m[Knote: [m[Kcandidate: ‘[01m[Kstd_msgs::msg::Header_<std::allocator<void> >& std_msgs::msg::Header_<std::allocator<void> >::operator=(const std_msgs::msg::Header_<std::allocator<void> >&)[m[K’
   35 | struct [01;36m[KHeader_[m[K
      |        [01;36m[K^~~~~~~[m[K
[01m[K/opt/ros/foxy/include/std_msgs/msg/detail/header__struct.hpp:35:8:[m[K [01;36m[Knote: [m[K  no known conversion for argument 1 from ‘[01m[Kstd_msgs::msg::Header_<std::allocator<void> >::_stamp_type[m[K’ {aka ‘[01m[Kbuiltin_interfaces::msg::Time_<std::allocator<void> >[m[K’} to ‘[01m[Kconst std_msgs::msg::Header_<std::allocator<void> >&[m[K’
[01m[K/opt/ros/foxy/include/std_msgs/msg/detail/header__struct.hpp:35:8:[m[K [01;36m[Knote: [m[Kcandidate: ‘[01m[Kstd_msgs::msg::Header_<std::allocator<void> >& std_msgs::msg::Header_<std::allocator<void> >::operator=(std_msgs::msg::Header_<std::allocator<void> >&&)[m[K’
[01m[K/opt/ros/foxy/include/std_msgs/msg/detail/header__struct.hpp:35:8:[m[K [01;36m[Knote: [m[K  no known conversion for argument 1 from ‘[01m[Kstd_msgs::msg::Header_<std::allocator<void> >::_stamp_type[m[K’ {aka ‘[01m[Kbuiltin_interfaces::msg::Time_<std::allocator<void> >[m[K’} to ‘[01m[Kstd_msgs::msg::Header_<std::allocator<void> >&&[m[K’
[01m[K/home/isopodin-time/ros2_ws/src/muuv_ros/src/muuv_ros/imu_repub.cpp:128:37:[m[K [01;31m[Kerror: [m[Kno match for ‘[01m[Koperator=[m[K’ (operand types are ‘[01m[Kcustom_msg_srv::msg::Float64Stamped_<std::allocator<void> >::_header_type[m[K’ {aka ‘[01m[Kstd_msgs::msg::Header_<std::allocator<void> >[m[K’} and ‘[01m[Kstd_msgs::msg::Header_<std::allocator<void> >::_stamp_type[m[K’ {aka ‘[01m[Kbuiltin_interfaces::msg::Time_<std::allocator<void> >[m[K’})
  128 |         msg_ry.header = msg->header.[01;31m[Kstamp[m[K;
      |                                     [01;31m[K^~~~~[m[K
In file included from [01m[K/opt/ros/foxy/include/sensor_msgs/msg/detail/imu__struct.hpp:19[m[K,
                 from [01m[K/opt/ros/foxy/include/sensor_msgs/msg/imu.hpp:7[m[K,
                 from [01m[K/home/isopodin-time/ros2_ws/src/muuv_ros/src/muuv_ros/imu_repub.cpp:5[m[K:
[01m[K/opt/ros/foxy/include/std_msgs/msg/detail/header__struct.hpp:35:8:[m[K [01;36m[Knote: [m[Kcandidate: ‘[01m[Kstd_msgs::msg::Header_<std::allocator<void> >& std_msgs::msg::Header_<std::allocator<void> >::operator=(const std_msgs::msg::Header_<std::allocator<void> >&)[m[K’
   35 | struct [01;36m[KHeader_[m[K
      |        [01;36m[K^~~~~~~[m[K
[01m[K/opt/ros/foxy/include/std_msgs/msg/detail/header__struct.hpp:35:8:[m[K [01;36m[Knote: [m[K  no known conversion for argument 1 from ‘[01m[Kstd_msgs::msg::Header_<std::allocator<void> >::_stamp_type[m[K’ {aka ‘[01m[Kbuiltin_interfaces::msg::Time_<std::allocator<void> >[m[K’} to ‘[01m[Kconst std_msgs::msg::Header_<std::allocator<void> >&[m[K’
[01m[K/opt/ros/foxy/include/std_msgs/msg/detail/header__struct.hpp:35:8:[m[K [01;36m[Knote: [m[Kcandidate: ‘[01m[Kstd_msgs::msg::Header_<std::allocator<void> >& std_msgs::msg::Header_<std::allocator<void> >::operator=(std_msgs::msg::Header_<std::allocator<void> >&&)[m[K’
[01m[K/opt/ros/foxy/include/std_msgs/msg/detail/header__struct.hpp:35:8:[m[K [01;36m[Knote: [m[K  no known conversion for argument 1 from ‘[01m[Kstd_msgs::msg::Header_<std::allocator<void> >::_stamp_type[m[K’ {aka ‘[01m[Kbuiltin_interfaces::msg::Time_<std::allocator<void> >[m[K’} to ‘[01m[Kstd_msgs::msg::Header_<std::allocator<void> >&&[m[K’
[01m[K/home/isopodin-time/ros2_ws/src/muuv_ros/src/muuv_ros/imu_repub.cpp:129:37:[m[K [01;31m[Kerror: [m[Kno match for ‘[01m[Koperator=[m[K’ (operand types are ‘[01m[Kcustom_msg_srv::msg::Float64Stamped_<std::allocator<void> >::_header_type[m[K’ {aka ‘[01m[Kstd_msgs::msg::Header_<std::allocator<void> >[m[K’} and ‘[01m[Kstd_msgs::msg::Header_<std::allocator<void> >::_stamp_type[m[K’ {aka ‘[01m[Kbuiltin_interfaces::msg::Time_<std::allocator<void> >[m[K’})
  129 |         msg_rz.header = msg->header.[01;31m[Kstamp[m[K;
      |                                     [01;31m[K^~~~~[m[K
In file included from [01m[K/opt/ros/foxy/include/sensor_msgs/msg/detail/imu__struct.hpp:19[m[K,
                 from [01m[K/opt/ros/foxy/include/sensor_msgs/msg/imu.hpp:7[m[K,
                 from [01m[K/home/isopodin-time/ros2_ws/src/muuv_ros/src/muuv_ros/imu_repub.cpp:5[m[K:
[01m[K/opt/ros/foxy/include/std_msgs/msg/detail/header__struct.hpp:35:8:[m[K [01;36m[Knote: [m[Kcandidate: ‘[01m[Kstd_msgs::msg::Header_<std::allocator<void> >& std_msgs::msg::Header_<std::allocator<void> >::operator=(const std_msgs::msg::Header_<std::allocator<void> >&)[m[K’
   35 | struct [01;36m[KHeader_[m[K
      |        [01;36m[K^~~~~~~[m[K
[01m[K/opt/ros/foxy/include/std_msgs/msg/detail/header__struct.hpp:35:8:[m[K [01;36m[Knote: [m[K  no known conversion for argument 1 from ‘[01m[Kstd_msgs::msg::Header_<std::allocator<void> >::_stamp_type[m[K’ {aka ‘[01m[Kbuiltin_interfaces::msg::Time_<std::allocator<void> >[m[K’} to ‘[01m[Kconst std_msgs::msg::Header_<std::allocator<void> >&[m[K’
[01m[K/opt/ros/foxy/include/std_msgs/msg/detail/header__struct.hpp:35:8:[m[K [01;36m[Knote: [m[Kcandidate: ‘[01m[Kstd_msgs::msg::Header_<std::allocator<void> >& std_msgs::msg::Header_<std::allocator<void> >::operator=(std_msgs::msg::Header_<std::allocator<void> >&&)[m[K’
[01m[K/opt/ros/foxy/include/std_msgs/msg/detail/header__struct.hpp:35:8:[m[K [01;36m[Knote: [m[K  no known conversion for argument 1 from ‘[01m[Kstd_msgs::msg::Header_<std::allocator<void> >::_stamp_type[m[K’ {aka ‘[01m[Kbuiltin_interfaces::msg::Time_<std::allocator<void> >[m[K’} to ‘[01m[Kstd_msgs::msg::Header_<std::allocator<void> >&&[m[K’
make[2]: *** [CMakeFiles/imu_repub.dir/build.make:63: CMakeFiles/imu_repub.dir/src/muuv_ros/imu_repub.cpp.o] Error 1
make[1]: *** [CMakeFiles/Makefile2:84: CMakeFiles/imu_repub.dir/all] Error 2
make: *** [Makefile:141: all] Error 2
