[0.261s] Invoking command in '/home/isopodin-time/ros2_ws/build/muuv_ros': CMAKE_PREFIX_PATH=/home/isopodin-time/ros2_ws/install/custom_msg_srv:/home/isopodin-time/ros2_ws/install/plankton:/home/isopodin-time/ros2_ws/install/uuv_simulator:/home/isopodin-time/ros2_ws/install/uuv_world_ros_plugins:/home/isopodin-time/ros2_ws/install/uuv_tutorials:/home/isopodin-time/ros2_ws/install/uuv_tutorial_dp_controller:/home/isopodin-time/ros2_ws/install/uuv_tutorial_disturbances:/home/isopodin-time/ros2_ws/install/uuv_control_utils:/home/isopodin-time/ros2_ws/install/uuv_world_ros_plugins_msgs:/home/isopodin-time/ros2_ws/install/uuv_world_plugins:/home/isopodin-time/ros2_ws/install/uuv_tutorial_seabed_world:/home/isopodin-time/ros2_ws/install/uuv_trajectory_control:/home/isopodin-time/ros2_ws/install/uuv_teleop:/home/isopodin-time/ros2_ws/install/uuv_thruster_manager:/home/isopodin-time/ros2_ws/install/uuv_descriptions:/home/isopodin-time/ros2_ws/install/uuv_sensor_ros_plugins:/home/isopodin-time/ros2_ws/install/uuv_sensor_ros_plugins_msgs:/home/isopodin-time/ros2_ws/install/uuv_gazebo_worlds:/home/isopodin-time/ros2_ws/install/uuv_gazebo_ros_plugins:/home/isopodin-time/ros2_ws/install/uuv_gazebo_ros_plugins_msgs:/home/isopodin-time/ros2_ws/install/uuv_gazebo_plugins:/home/isopodin-time/ros2_ws/install/uuv_gazebo:/home/isopodin-time/ros2_ws/install/uuv_control_msgs:/home/isopodin-time/ros2_ws/install/uuv_control_cascaded_pid:/home/isopodin-time/ros2_ws/install/uuv_auv_control_allocator:/home/isopodin-time/ros2_ws/install/uuv_assistants:/home/isopodin-time/ros2_ws/install/muuv_sim:/home/isopodin-time/ros2_ws/install/test_sim:/home/isopodin-time/ros2_ws/install/plankton_utils:/home/isopodin-time/ros2_ws/install/pid_component:/home/isopodin-time/ros2_ws/install/muuv_sim_description:/home/isopodin-time/ros2_ws/install/muuv_sim_control:/home/isopodin-time/ros2_ws/install/muuv_ros:/opt/ros/foxy LD_LIBRARY_PATH=/home/isopodin-time/ros2_ws/install/custom_msg_srv/lib:/home/isopodin-time/ros2_ws/install/uuv_world_ros_plugins/lib:/home/isopodin-time/ros2_ws/install/uuv_world_ros_plugins_msgs/lib:/home/isopodin-time/ros2_ws/install/uuv_world_plugins/lib:/home/isopodin-time/ros2_ws/install/uuv_thruster_manager/lib:/home/isopodin-time/ros2_ws/install/uuv_sensor_ros_plugins/lib:/home/isopodin-time/ros2_ws/install/uuv_sensor_ros_plugins_msgs/lib:/home/isopodin-time/ros2_ws/install/uuv_gazebo_ros_plugins/lib:/home/isopodin-time/ros2_ws/install/uuv_gazebo_ros_plugins_msgs/lib:/home/isopodin-time/ros2_ws/install/uuv_gazebo_plugins/lib:/home/isopodin-time/ros2_ws/install/uuv_control_msgs/lib:/home/isopodin-time/ros2_ws/install/uuv_auv_control_allocator/lib:/home/isopodin-time/ros2_ws/install/pid_component/lib:/usr/lib/x86_64-linux-gnu/gazebo-11/plugins:/opt/ros/foxy/opt/yaml_cpp_vendor/lib:/opt/ros/foxy/opt/rviz_ogre_vendor/lib:/opt/ros/foxy/lib/x86_64-linux-gnu:/opt/ros/foxy/lib:/usr/lib/x86_64-linux-gnu/gazebo-11/plugins PYTHONPATH=/home/isopodin-time/ros2_ws/install/custom_msg_srv/lib/python3.8/site-packages:/home/isopodin-time/ros2_ws/install/uuv_world_ros_plugins_msgs/lib/python3.8/site-packages:/home/isopodin-time/ros2_ws/install/uuv_trajectory_control/lib/python3.8/site-packages:/home/isopodin-time/ros2_ws/install/uuv_thruster_manager/lib/python3.8/site-packages:/home/isopodin-time/ros2_ws/install/uuv_sensor_ros_plugins_msgs/lib/python3.8/site-packages:/home/isopodin-time/ros2_ws/install/uuv_gazebo_ros_plugins_msgs/lib/python3.8/site-packages:/home/isopodin-time/ros2_ws/install/uuv_control_msgs/lib/python3.8/site-packages:/home/isopodin-time/ros2_ws/install/uuv_control_cascaded_pid/lib/python3.8/site-packages:/home/isopodin-time/ros2_ws/install/uuv_auv_control_allocator/lib/python3.8/site-packages:/home/isopodin-time/ros2_ws/install/uuv_assistants/lib/python3.8/site-packages:/home/isopodin-time/ros2_ws/install/plankton_utils/lib/python3.8/site-packages:/opt/ros/foxy/lib/python3.8/site-packages /usr/bin/cmake --build /home/isopodin-time/ros2_ws/build/muuv_ros -- -j8 -l8
[0.315s] -- Found ament_cmake: 0.9.12 (/opt/ros/foxy/share/ament_cmake/cmake)
[0.357s] -- Using PYTHON_EXECUTABLE: /usr/bin/python3
[0.578s] -- Override CMake install command with custom implementation using symlinks instead of copying resources
[0.585s] -- Found rclcpp: 2.4.3 (/opt/ros/foxy/share/rclcpp/cmake)
[0.859s] -- Using all available rosidl_typesupport_c: rosidl_typesupport_fastrtps_c;rosidl_typesupport_introspection_c
[0.864s] -- Found rosidl_adapter: 1.3.1 (/opt/ros/foxy/share/rosidl_adapter/cmake)
[6.747s] -- Using all available rosidl_typesupport_cpp: rosidl_typesupport_fastrtps_cpp;rosidl_typesupport_introspection_cpp
[6.796s] -- Found rmw_implementation_cmake: 1.0.4 (/opt/ros/foxy/share/rmw_implementation_cmake/cmake)
[6.801s] -- Using RMW implementation 'rmw_fastrtps_cpp' as default
[6.936s] -- Found geometry_msgs: 2.0.5 (/opt/ros/foxy/share/geometry_msgs/cmake)
[6.971s] -- Found sensor_msgs: 2.0.5 (/opt/ros/foxy/share/sensor_msgs/cmake)
[7.044s] -- Found custom_msg_srv: 0.0.0 (/home/isopodin-time/ros2_ws/install/custom_msg_srv/share/custom_msg_srv/cmake)
[7.073s] -- Found message_filters: 3.2.7 (/opt/ros/foxy/share/message_filters/cmake)
[7.153s] -- Configuring done
[7.174s] -- Generating done
[7.176s] -- Build files have been written to: /home/isopodin-time/ros2_ws/build/muuv_ros
[7.207s] [35m[1mScanning dependencies of target imu_repub[0m
[7.229s] [  9%] [32mBuilding CXX object CMakeFiles/imu_repub.dir/src/muuv_ros/imu_repub.cpp.o[0m
[7.229s] [ 36%] Built target thrusters
[7.230s] [ 54%] Built target pid_recombiner
[7.233s] [ 90%] Built target sensors
[8.546s] [01m[K/home/isopodin-time/ros2_ws/src/muuv_ros/src/muuv_ros/imu_repub.cpp:[m[K In member function ‘[01m[Kvoid Imu_repub::state_callback(sensor_msgs::msg::Imu_<std::allocator<void> >::SharedPtr) const[m[K’:
[8.546s] [01m[K/home/isopodin-time/ros2_ws/src/muuv_ros/src/muuv_ros/imu_repub.cpp:88:36:[m[K [01;31m[Kerror: [m[Kno match for ‘[01m[Koperator=[m[K’ (operand types are ‘[01m[Kcustom_msg_srv::msg::Float64Stamped_<std::allocator<void> >::_header_type[m[K’ {aka ‘[01m[Kstd_msgs::msg::Header_<std::allocator<void> >[m[K’} and ‘[01m[Kstd_msgs::msg::Header_<std::allocator<void> >::_stamp_type[m[K’ {aka ‘[01m[Kbuiltin_interfaces::msg::Time_<std::allocator<void> >[m[K’})
[8.546s]    88 |         msg_x.header = msg->header.[01;31m[Kstamp[m[K;
[8.546s]       |                                    [01;31m[K^~~~~[m[K
[8.546s] In file included from [01m[K/opt/ros/foxy/include/sensor_msgs/msg/detail/imu__struct.hpp:19[m[K,
[8.546s]                  from [01m[K/opt/ros/foxy/include/sensor_msgs/msg/imu.hpp:7[m[K,
[8.547s]                  from [01m[K/home/isopodin-time/ros2_ws/src/muuv_ros/src/muuv_ros/imu_repub.cpp:5[m[K:
[8.547s] [01m[K/opt/ros/foxy/include/std_msgs/msg/detail/header__struct.hpp:35:8:[m[K [01;36m[Knote: [m[Kcandidate: ‘[01m[Kstd_msgs::msg::Header_<std::allocator<void> >& std_msgs::msg::Header_<std::allocator<void> >::operator=(const std_msgs::msg::Header_<std::allocator<void> >&)[m[K’
[8.547s]    35 | struct [01;36m[KHeader_[m[K
[8.547s]       |        [01;36m[K^~~~~~~[m[K
[8.547s] [01m[K/opt/ros/foxy/include/std_msgs/msg/detail/header__struct.hpp:35:8:[m[K [01;36m[Knote: [m[K  no known conversion for argument 1 from ‘[01m[Kstd_msgs::msg::Header_<std::allocator<void> >::_stamp_type[m[K’ {aka ‘[01m[Kbuiltin_interfaces::msg::Time_<std::allocator<void> >[m[K’} to ‘[01m[Kconst std_msgs::msg::Header_<std::allocator<void> >&[m[K’
[8.547s] [01m[K/opt/ros/foxy/include/std_msgs/msg/detail/header__struct.hpp:35:8:[m[K [01;36m[Knote: [m[Kcandidate: ‘[01m[Kstd_msgs::msg::Header_<std::allocator<void> >& std_msgs::msg::Header_<std::allocator<void> >::operator=(std_msgs::msg::Header_<std::allocator<void> >&&)[m[K’
[8.547s] [01m[K/opt/ros/foxy/include/std_msgs/msg/detail/header__struct.hpp:35:8:[m[K [01;36m[Knote: [m[K  no known conversion for argument 1 from ‘[01m[Kstd_msgs::msg::Header_<std::allocator<void> >::_stamp_type[m[K’ {aka ‘[01m[Kbuiltin_interfaces::msg::Time_<std::allocator<void> >[m[K’} to ‘[01m[Kstd_msgs::msg::Header_<std::allocator<void> >&&[m[K’
[8.547s] [01m[K/home/isopodin-time/ros2_ws/src/muuv_ros/src/muuv_ros/imu_repub.cpp:89:36:[m[K [01;31m[Kerror: [m[Kno match for ‘[01m[Koperator=[m[K’ (operand types are ‘[01m[Kcustom_msg_srv::msg::Float64Stamped_<std::allocator<void> >::_header_type[m[K’ {aka ‘[01m[Kstd_msgs::msg::Header_<std::allocator<void> >[m[K’} and ‘[01m[Kstd_msgs::msg::Header_<std::allocator<void> >::_stamp_type[m[K’ {aka ‘[01m[Kbuiltin_interfaces::msg::Time_<std::allocator<void> >[m[K’})
[8.547s]    89 |         msg_y.header = msg->header.[01;31m[Kstamp[m[K;
[8.547s]       |                                    [01;31m[K^~~~~[m[K
[8.547s] In file included from [01m[K/opt/ros/foxy/include/sensor_msgs/msg/detail/imu__struct.hpp:19[m[K,
[8.547s]                  from [01m[K/opt/ros/foxy/include/sensor_msgs/msg/imu.hpp:7[m[K,
[8.547s]                  from [01m[K/home/isopodin-time/ros2_ws/src/muuv_ros/src/muuv_ros/imu_repub.cpp:5[m[K:
[8.547s] [01m[K/opt/ros/foxy/include/std_msgs/msg/detail/header__struct.hpp:35:8:[m[K [01;36m[Knote: [m[Kcandidate: ‘[01m[Kstd_msgs::msg::Header_<std::allocator<void> >& std_msgs::msg::Header_<std::allocator<void> >::operator=(const std_msgs::msg::Header_<std::allocator<void> >&)[m[K’
[8.548s]    35 | struct [01;36m[KHeader_[m[K
[8.548s]       |        [01;36m[K^~~~~~~[m[K
[8.548s] [01m[K/opt/ros/foxy/include/std_msgs/msg/detail/header__struct.hpp:35:8:[m[K [01;36m[Knote: [m[K  no known conversion for argument 1 from ‘[01m[Kstd_msgs::msg::Header_<std::allocator<void> >::_stamp_type[m[K’ {aka ‘[01m[Kbuiltin_interfaces::msg::Time_<std::allocator<void> >[m[K’} to ‘[01m[Kconst std_msgs::msg::Header_<std::allocator<void> >&[m[K’
[8.548s] [01m[K/opt/ros/foxy/include/std_msgs/msg/detail/header__struct.hpp:35:8:[m[K [01;36m[Knote: [m[Kcandidate: ‘[01m[Kstd_msgs::msg::Header_<std::allocator<void> >& std_msgs::msg::Header_<std::allocator<void> >::operator=(std_msgs::msg::Header_<std::allocator<void> >&&)[m[K’
[8.548s] [01m[K/opt/ros/foxy/include/std_msgs/msg/detail/header__struct.hpp:35:8:[m[K [01;36m[Knote: [m[K  no known conversion for argument 1 from ‘[01m[Kstd_msgs::msg::Header_<std::allocator<void> >::_stamp_type[m[K’ {aka ‘[01m[Kbuiltin_interfaces::msg::Time_<std::allocator<void> >[m[K’} to ‘[01m[Kstd_msgs::msg::Header_<std::allocator<void> >&&[m[K’
[8.548s] [01m[K/home/isopodin-time/ros2_ws/src/muuv_ros/src/muuv_ros/imu_repub.cpp:90:36:[m[K [01;31m[Kerror: [m[Kno match for ‘[01m[Koperator=[m[K’ (operand types are ‘[01m[Kcustom_msg_srv::msg::Float64Stamped_<std::allocator<void> >::_header_type[m[K’ {aka ‘[01m[Kstd_msgs::msg::Header_<std::allocator<void> >[m[K’} and ‘[01m[Kstd_msgs::msg::Header_<std::allocator<void> >::_stamp_type[m[K’ {aka ‘[01m[Kbuiltin_interfaces::msg::Time_<std::allocator<void> >[m[K’})
[8.548s]    90 |         msg_z.header = msg->header.[01;31m[Kstamp[m[K;
[8.548s]       |                                    [01;31m[K^~~~~[m[K
[8.548s] In file included from [01m[K/opt/ros/foxy/include/sensor_msgs/msg/detail/imu__struct.hpp:19[m[K,
[8.548s]                  from [01m[K/opt/ros/foxy/include/sensor_msgs/msg/imu.hpp:7[m[K,
[8.548s]                  from [01m[K/home/isopodin-time/ros2_ws/src/muuv_ros/src/muuv_ros/imu_repub.cpp:5[m[K:
[8.548s] [01m[K/opt/ros/foxy/include/std_msgs/msg/detail/header__struct.hpp:35:8:[m[K [01;36m[Knote: [m[Kcandidate: ‘[01m[Kstd_msgs::msg::Header_<std::allocator<void> >& std_msgs::msg::Header_<std::allocator<void> >::operator=(const std_msgs::msg::Header_<std::allocator<void> >&)[m[K’
[8.548s]    35 | struct [01;36m[KHeader_[m[K
[8.548s]       |        [01;36m[K^~~~~~~[m[K
[8.548s] [01m[K/opt/ros/foxy/include/std_msgs/msg/detail/header__struct.hpp:35:8:[m[K [01;36m[Knote: [m[K  no known conversion for argument 1 from ‘[01m[Kstd_msgs::msg::Header_<std::allocator<void> >::_stamp_type[m[K’ {aka ‘[01m[Kbuiltin_interfaces::msg::Time_<std::allocator<void> >[m[K’} to ‘[01m[Kconst std_msgs::msg::Header_<std::allocator<void> >&[m[K’
[8.548s] [01m[K/opt/ros/foxy/include/std_msgs/msg/detail/header__struct.hpp:35:8:[m[K [01;36m[Knote: [m[Kcandidate: ‘[01m[Kstd_msgs::msg::Header_<std::allocator<void> >& std_msgs::msg::Header_<std::allocator<void> >::operator=(std_msgs::msg::Header_<std::allocator<void> >&&)[m[K’
[8.548s] [01m[K/opt/ros/foxy/include/std_msgs/msg/detail/header__struct.hpp:35:8:[m[K [01;36m[Knote: [m[K  no known conversion for argument 1 from ‘[01m[Kstd_msgs::msg::Header_<std::allocator<void> >::_stamp_type[m[K’ {aka ‘[01m[Kbuiltin_interfaces::msg::Time_<std::allocator<void> >[m[K’} to ‘[01m[Kstd_msgs::msg::Header_<std::allocator<void> >&&[m[K’
[8.549s] [01m[K/home/isopodin-time/ros2_ws/src/muuv_ros/src/muuv_ros/imu_repub.cpp:91:37:[m[K [01;31m[Kerror: [m[Kno match for ‘[01m[Koperator=[m[K’ (operand types are ‘[01m[Kcustom_msg_srv::msg::Float64Stamped_<std::allocator<void> >::_header_type[m[K’ {aka ‘[01m[Kstd_msgs::msg::Header_<std::allocator<void> >[m[K’} and ‘[01m[Kstd_msgs::msg::Header_<std::allocator<void> >::_stamp_type[m[K’ {aka ‘[01m[Kbuiltin_interfaces::msg::Time_<std::allocator<void> >[m[K’})
[8.549s]    91 |         msg_rx.header = msg->header.[01;31m[Kstamp[m[K;
[8.549s]       |                                     [01;31m[K^~~~~[m[K
[8.549s] In file included from [01m[K/opt/ros/foxy/include/sensor_msgs/msg/detail/imu__struct.hpp:19[m[K,
[8.549s]                  from [01m[K/opt/ros/foxy/include/sensor_msgs/msg/imu.hpp:7[m[K,
[8.549s]                  from [01m[K/home/isopodin-time/ros2_ws/src/muuv_ros/src/muuv_ros/imu_repub.cpp:5[m[K:
[8.549s] [01m[K/opt/ros/foxy/include/std_msgs/msg/detail/header__struct.hpp:35:8:[m[K [01;36m[Knote: [m[Kcandidate: ‘[01m[Kstd_msgs::msg::Header_<std::allocator<void> >& std_msgs::msg::Header_<std::allocator<void> >::operator=(const std_msgs::msg::Header_<std::allocator<void> >&)[m[K’
[8.549s]    35 | struct [01;36m[KHeader_[m[K
[8.549s]       |        [01;36m[K^~~~~~~[m[K
[8.549s] [01m[K/opt/ros/foxy/include/std_msgs/msg/detail/header__struct.hpp:35:8:[m[K [01;36m[Knote: [m[K  no known conversion for argument 1 from ‘[01m[Kstd_msgs::msg::Header_<std::allocator<void> >::_stamp_type[m[K’ {aka ‘[01m[Kbuiltin_interfaces::msg::Time_<std::allocator<void> >[m[K’} to ‘[01m[Kconst std_msgs::msg::Header_<std::allocator<void> >&[m[K’
[8.549s] [01m[K/opt/ros/foxy/include/std_msgs/msg/detail/header__struct.hpp:35:8:[m[K [01;36m[Knote: [m[Kcandidate: ‘[01m[Kstd_msgs::msg::Header_<std::allocator<void> >& std_msgs::msg::Header_<std::allocator<void> >::operator=(std_msgs::msg::Header_<std::allocator<void> >&&)[m[K’
[8.549s] [01m[K/opt/ros/foxy/include/std_msgs/msg/detail/header__struct.hpp:35:8:[m[K [01;36m[Knote: [m[K  no known conversion for argument 1 from ‘[01m[Kstd_msgs::msg::Header_<std::allocator<void> >::_stamp_type[m[K’ {aka ‘[01m[Kbuiltin_interfaces::msg::Time_<std::allocator<void> >[m[K’} to ‘[01m[Kstd_msgs::msg::Header_<std::allocator<void> >&&[m[K’
[8.549s] [01m[K/home/isopodin-time/ros2_ws/src/muuv_ros/src/muuv_ros/imu_repub.cpp:92:37:[m[K [01;31m[Kerror: [m[Kno match for ‘[01m[Koperator=[m[K’ (operand types are ‘[01m[Kcustom_msg_srv::msg::Float64Stamped_<std::allocator<void> >::_header_type[m[K’ {aka ‘[01m[Kstd_msgs::msg::Header_<std::allocator<void> >[m[K’} and ‘[01m[Kstd_msgs::msg::Header_<std::allocator<void> >::_stamp_type[m[K’ {aka ‘[01m[Kbuiltin_interfaces::msg::Time_<std::allocator<void> >[m[K’})
[8.549s]    92 |         msg_ry.header = msg->header.[01;31m[Kstamp[m[K;
[8.549s]       |                                     [01;31m[K^~~~~[m[K
[8.550s] In file included from [01m[K/opt/ros/foxy/include/sensor_msgs/msg/detail/imu__struct.hpp:19[m[K,
[8.550s]                  from [01m[K/opt/ros/foxy/include/sensor_msgs/msg/imu.hpp:7[m[K,
[8.550s]                  from [01m[K/home/isopodin-time/ros2_ws/src/muuv_ros/src/muuv_ros/imu_repub.cpp:5[m[K:
[8.550s] [01m[K/opt/ros/foxy/include/std_msgs/msg/detail/header__struct.hpp:35:8:[m[K [01;36m[Knote: [m[Kcandidate: ‘[01m[Kstd_msgs::msg::Header_<std::allocator<void> >& std_msgs::msg::Header_<std::allocator<void> >::operator=(const std_msgs::msg::Header_<std::allocator<void> >&)[m[K’
[8.550s]    35 | struct [01;36m[KHeader_[m[K
[8.550s]       |        [01;36m[K^~~~~~~[m[K
[8.550s] [01m[K/opt/ros/foxy/include/std_msgs/msg/detail/header__struct.hpp:35:8:[m[K [01;36m[Knote: [m[K  no known conversion for argument 1 from ‘[01m[Kstd_msgs::msg::Header_<std::allocator<void> >::_stamp_type[m[K’ {aka ‘[01m[Kbuiltin_interfaces::msg::Time_<std::allocator<void> >[m[K’} to ‘[01m[Kconst std_msgs::msg::Header_<std::allocator<void> >&[m[K’
[8.550s] [01m[K/opt/ros/foxy/include/std_msgs/msg/detail/header__struct.hpp:35:8:[m[K [01;36m[Knote: [m[Kcandidate: ‘[01m[Kstd_msgs::msg::Header_<std::allocator<void> >& std_msgs::msg::Header_<std::allocator<void> >::operator=(std_msgs::msg::Header_<std::allocator<void> >&&)[m[K’
[8.550s] [01m[K/opt/ros/foxy/include/std_msgs/msg/detail/header__struct.hpp:35:8:[m[K [01;36m[Knote: [m[K  no known conversion for argument 1 from ‘[01m[Kstd_msgs::msg::Header_<std::allocator<void> >::_stamp_type[m[K’ {aka ‘[01m[Kbuiltin_interfaces::msg::Time_<std::allocator<void> >[m[K’} to ‘[01m[Kstd_msgs::msg::Header_<std::allocator<void> >&&[m[K’
[8.550s] [01m[K/home/isopodin-time/ros2_ws/src/muuv_ros/src/muuv_ros/imu_repub.cpp:93:37:[m[K [01;31m[Kerror: [m[Kno match for ‘[01m[Koperator=[m[K’ (operand types are ‘[01m[Kcustom_msg_srv::msg::Float64Stamped_<std::allocator<void> >::_header_type[m[K’ {aka ‘[01m[Kstd_msgs::msg::Header_<std::allocator<void> >[m[K’} and ‘[01m[Kstd_msgs::msg::Header_<std::allocator<void> >::_stamp_type[m[K’ {aka ‘[01m[Kbuiltin_interfaces::msg::Time_<std::allocator<void> >[m[K’})
[8.550s]    93 |         msg_rz.header = msg->header.[01;31m[Kstamp[m[K;
[8.550s]       |                                     [01;31m[K^~~~~[m[K
[8.550s] In file included from [01m[K/opt/ros/foxy/include/sensor_msgs/msg/detail/imu__struct.hpp:19[m[K,
[8.550s]                  from [01m[K/opt/ros/foxy/include/sensor_msgs/msg/imu.hpp:7[m[K,
[8.550s]                  from [01m[K/home/isopodin-time/ros2_ws/src/muuv_ros/src/muuv_ros/imu_repub.cpp:5[m[K:
[8.550s] [01m[K/opt/ros/foxy/include/std_msgs/msg/detail/header__struct.hpp:35:8:[m[K [01;36m[Knote: [m[Kcandidate: ‘[01m[Kstd_msgs::msg::Header_<std::allocator<void> >& std_msgs::msg::Header_<std::allocator<void> >::operator=(const std_msgs::msg::Header_<std::allocator<void> >&)[m[K’
[8.551s]    35 | struct [01;36m[KHeader_[m[K
[8.551s]       |        [01;36m[K^~~~~~~[m[K
[8.551s] [01m[K/opt/ros/foxy/include/std_msgs/msg/detail/header__struct.hpp:35:8:[m[K [01;36m[Knote: [m[K  no known conversion for argument 1 from ‘[01m[Kstd_msgs::msg::Header_<std::allocator<void> >::_stamp_type[m[K’ {aka ‘[01m[Kbuiltin_interfaces::msg::Time_<std::allocator<void> >[m[K’} to ‘[01m[Kconst std_msgs::msg::Header_<std::allocator<void> >&[m[K’
[8.551s] [01m[K/opt/ros/foxy/include/std_msgs/msg/detail/header__struct.hpp:35:8:[m[K [01;36m[Knote: [m[Kcandidate: ‘[01m[Kstd_msgs::msg::Header_<std::allocator<void> >& std_msgs::msg::Header_<std::allocator<void> >::operator=(std_msgs::msg::Header_<std::allocator<void> >&&)[m[K’
[8.551s] [01m[K/opt/ros/foxy/include/std_msgs/msg/detail/header__struct.hpp:35:8:[m[K [01;36m[Knote: [m[K  no known conversion for argument 1 from ‘[01m[Kstd_msgs::msg::Header_<std::allocator<void> >::_stamp_type[m[K’ {aka ‘[01m[Kbuiltin_interfaces::msg::Time_<std::allocator<void> >[m[K’} to ‘[01m[Kstd_msgs::msg::Header_<std::allocator<void> >&&[m[K’
[8.556s] [01m[K/home/isopodin-time/ros2_ws/src/muuv_ros/src/muuv_ros/imu_repub.cpp:[m[K In member function ‘[01m[Kvoid Imu_repub::setpoint_callback(sensor_msgs::msg::Imu_<std::allocator<void> >::SharedPtr) const[m[K’:
[8.556s] [01m[K/home/isopodin-time/ros2_ws/src/muuv_ros/src/muuv_ros/imu_repub.cpp:112:9:[m[K [01;31m[Kerror: [m[K‘[01m[Kvector[m[K’ was not declared in this scope; did you mean ‘[01m[Kstd::vector[m[K’?
[8.557s]   112 |         [01;31m[Kvector[m[K<custom_msg_srv::msg::Float64Stamped()> msg_out;
[8.557s]       |         [01;31m[K^~~~~~[m[K
[8.557s]       |         [32m[Kstd::vector[m[K
[8.557s] In file included from [01m[K/usr/include/c++/9/vector:67[m[K,
[8.557s]                  from [01m[K/opt/ros/foxy/include/rclcpp/executor.hpp:27[m[K,
[8.557s]                  from [01m[K/opt/ros/foxy/include/rclcpp/executors/multi_threaded_executor.hpp:26[m[K,
[8.557s]                  from [01m[K/opt/ros/foxy/include/rclcpp/executors.hpp:21[m[K,
[8.557s]                  from [01m[K/opt/ros/foxy/include/rclcpp/rclcpp.hpp:146[m[K,
[8.558s]                  from [01m[K/home/isopodin-time/ros2_ws/src/muuv_ros/src/muuv_ros/imu_repub.cpp:3[m[K:
[8.558s] [01m[K/usr/include/c++/9/bits/stl_vector.h:386:11:[m[K [01;36m[Knote: [m[K‘[01m[Kstd::vector[m[K’ declared here
[8.558s]   386 |     class [01;36m[Kvector[m[K : protected _Vector_base<_Tp, _Alloc>
[8.558s]       |           [01;36m[K^~~~~~[m[K
[8.560s] [01m[K/home/isopodin-time/ros2_ws/src/muuv_ros/src/muuv_ros/imu_repub.cpp:112:55:[m[K [01;31m[Kerror: [m[K‘[01m[Kmsg_out[m[K’ was not declared in this scope
[8.560s]   112 |         vector<custom_msg_srv::msg::Float64Stamped()> [01;31m[Kmsg_out[m[K;
[8.561s]       |                                                       [01;31m[K^~~~~~~[m[K
[8.562s] [01m[K/home/isopodin-time/ros2_ws/src/muuv_ros/src/muuv_ros/imu_repub.cpp:124:36:[m[K [01;31m[Kerror: [m[Kno match for ‘[01m[Koperator=[m[K’ (operand types are ‘[01m[Kcustom_msg_srv::msg::Float64Stamped_<std::allocator<void> >::_header_type[m[K’ {aka ‘[01m[Kstd_msgs::msg::Header_<std::allocator<void> >[m[K’} and ‘[01m[Kstd_msgs::msg::Header_<std::allocator<void> >::_stamp_type[m[K’ {aka ‘[01m[Kbuiltin_interfaces::msg::Time_<std::allocator<void> >[m[K’})
[8.562s]   124 |         msg_x.header = msg->header.[01;31m[Kstamp[m[K;
[8.562s]       |                                    [01;31m[K^~~~~[m[K
[8.562s] In file included from [01m[K/opt/ros/foxy/include/sensor_msgs/msg/detail/imu__struct.hpp:19[m[K,
[8.562s]                  from [01m[K/opt/ros/foxy/include/sensor_msgs/msg/imu.hpp:7[m[K,
[8.562s]                  from [01m[K/home/isopodin-time/ros2_ws/src/muuv_ros/src/muuv_ros/imu_repub.cpp:5[m[K:
[8.562s] [01m[K/opt/ros/foxy/include/std_msgs/msg/detail/header__struct.hpp:35:8:[m[K [01;36m[Knote: [m[Kcandidate: ‘[01m[Kstd_msgs::msg::Header_<std::allocator<void> >& std_msgs::msg::Header_<std::allocator<void> >::operator=(const std_msgs::msg::Header_<std::allocator<void> >&)[m[K’
[8.562s]    35 | struct [01;36m[KHeader_[m[K
[8.563s]       |        [01;36m[K^~~~~~~[m[K
[8.563s] [01m[K/opt/ros/foxy/include/std_msgs/msg/detail/header__struct.hpp:35:8:[m[K [01;36m[Knote: [m[K  no known conversion for argument 1 from ‘[01m[Kstd_msgs::msg::Header_<std::allocator<void> >::_stamp_type[m[K’ {aka ‘[01m[Kbuiltin_interfaces::msg::Time_<std::allocator<void> >[m[K’} to ‘[01m[Kconst std_msgs::msg::Header_<std::allocator<void> >&[m[K’
[8.563s] [01m[K/opt/ros/foxy/include/std_msgs/msg/detail/header__struct.hpp:35:8:[m[K [01;36m[Knote: [m[Kcandidate: ‘[01m[Kstd_msgs::msg::Header_<std::allocator<void> >& std_msgs::msg::Header_<std::allocator<void> >::operator=(std_msgs::msg::Header_<std::allocator<void> >&&)[m[K’
[8.563s] [01m[K/opt/ros/foxy/include/std_msgs/msg/detail/header__struct.hpp:35:8:[m[K [01;36m[Knote: [m[K  no known conversion for argument 1 from ‘[01m[Kstd_msgs::msg::Header_<std::allocator<void> >::_stamp_type[m[K’ {aka ‘[01m[Kbuiltin_interfaces::msg::Time_<std::allocator<void> >[m[K’} to ‘[01m[Kstd_msgs::msg::Header_<std::allocator<void> >&&[m[K’
[8.563s] [01m[K/home/isopodin-time/ros2_ws/src/muuv_ros/src/muuv_ros/imu_repub.cpp:125:36:[m[K [01;31m[Kerror: [m[Kno match for ‘[01m[Koperator=[m[K’ (operand types are ‘[01m[Kcustom_msg_srv::msg::Float64Stamped_<std::allocator<void> >::_header_type[m[K’ {aka ‘[01m[Kstd_msgs::msg::Header_<std::allocator<void> >[m[K’} and ‘[01m[Kstd_msgs::msg::Header_<std::allocator<void> >::_stamp_type[m[K’ {aka ‘[01m[Kbuiltin_interfaces::msg::Time_<std::allocator<void> >[m[K’})
[8.563s]   125 |         msg_y.header = msg->header.[01;31m[Kstamp[m[K;
[8.563s]       |                                    [01;31m[K^~~~~[m[K
[8.563s] In file included from [01m[K/opt/ros/foxy/include/sensor_msgs/msg/detail/imu__struct.hpp:19[m[K,
[8.563s]                  from [01m[K/opt/ros/foxy/include/sensor_msgs/msg/imu.hpp:7[m[K,
[8.563s]                  from [01m[K/home/isopodin-time/ros2_ws/src/muuv_ros/src/muuv_ros/imu_repub.cpp:5[m[K:
[8.563s] [01m[K/opt/ros/foxy/include/std_msgs/msg/detail/header__struct.hpp:35:8:[m[K [01;36m[Knote: [m[Kcandidate: ‘[01m[Kstd_msgs::msg::Header_<std::allocator<void> >& std_msgs::msg::Header_<std::allocator<void> >::operator=(const std_msgs::msg::Header_<std::allocator<void> >&)[m[K’
[8.564s]    35 | struct [01;36m[KHeader_[m[K
[8.564s]       |        [01;36m[K^~~~~~~[m[K
[8.564s] [01m[K/opt/ros/foxy/include/std_msgs/msg/detail/header__struct.hpp:35:8:[m[K [01;36m[Knote: [m[K  no known conversion for argument 1 from ‘[01m[Kstd_msgs::msg::Header_<std::allocator<void> >::_stamp_type[m[K’ {aka ‘[01m[Kbuiltin_interfaces::msg::Time_<std::allocator<void> >[m[K’} to ‘[01m[Kconst std_msgs::msg::Header_<std::allocator<void> >&[m[K’
[8.564s] [01m[K/opt/ros/foxy/include/std_msgs/msg/detail/header__struct.hpp:35:8:[m[K [01;36m[Knote: [m[Kcandidate: ‘[01m[Kstd_msgs::msg::Header_<std::allocator<void> >& std_msgs::msg::Header_<std::allocator<void> >::operator=(std_msgs::msg::Header_<std::allocator<void> >&&)[m[K’
[8.564s] [01m[K/opt/ros/foxy/include/std_msgs/msg/detail/header__struct.hpp:35:8:[m[K [01;36m[Knote: [m[K  no known conversion for argument 1 from ‘[01m[Kstd_msgs::msg::Header_<std::allocator<void> >::_stamp_type[m[K’ {aka ‘[01m[Kbuiltin_interfaces::msg::Time_<std::allocator<void> >[m[K’} to ‘[01m[Kstd_msgs::msg::Header_<std::allocator<void> >&&[m[K’
[8.564s] [01m[K/home/isopodin-time/ros2_ws/src/muuv_ros/src/muuv_ros/imu_repub.cpp:126:36:[m[K [01;31m[Kerror: [m[Kno match for ‘[01m[Koperator=[m[K’ (operand types are ‘[01m[Kcustom_msg_srv::msg::Float64Stamped_<std::allocator<void> >::_header_type[m[K’ {aka ‘[01m[Kstd_msgs::msg::Header_<std::allocator<void> >[m[K’} and ‘[01m[Kstd_msgs::msg::Header_<std::allocator<void> >::_stamp_type[m[K’ {aka ‘[01m[Kbuiltin_interfaces::msg::Time_<std::allocator<void> >[m[K’})
[8.564s]   126 |         msg_z.header = msg->header.[01;31m[Kstamp[m[K;
[8.564s]       |                                    [01;31m[K^~~~~[m[K
[8.564s] In file included from [01m[K/opt/ros/foxy/include/sensor_msgs/msg/detail/imu__struct.hpp:19[m[K,
[8.564s]                  from [01m[K/opt/ros/foxy/include/sensor_msgs/msg/imu.hpp:7[m[K,
[8.564s]                  from [01m[K/home/isopodin-time/ros2_ws/src/muuv_ros/src/muuv_ros/imu_repub.cpp:5[m[K:
[8.564s] [01m[K/opt/ros/foxy/include/std_msgs/msg/detail/header__struct.hpp:35:8:[m[K [01;36m[Knote: [m[Kcandidate: ‘[01m[Kstd_msgs::msg::Header_<std::allocator<void> >& std_msgs::msg::Header_<std::allocator<void> >::operator=(const std_msgs::msg::Header_<std::allocator<void> >&)[m[K’
[8.564s]    35 | struct [01;36m[KHeader_[m[K
[8.564s]       |        [01;36m[K^~~~~~~[m[K
[8.565s] [01m[K/opt/ros/foxy/include/std_msgs/msg/detail/header__struct.hpp:35:8:[m[K [01;36m[Knote: [m[K  no known conversion for argument 1 from ‘[01m[Kstd_msgs::msg::Header_<std::allocator<void> >::_stamp_type[m[K’ {aka ‘[01m[Kbuiltin_interfaces::msg::Time_<std::allocator<void> >[m[K’} to ‘[01m[Kconst std_msgs::msg::Header_<std::allocator<void> >&[m[K’
[8.565s] [01m[K/opt/ros/foxy/include/std_msgs/msg/detail/header__struct.hpp:35:8:[m[K [01;36m[Knote: [m[Kcandidate: ‘[01m[Kstd_msgs::msg::Header_<std::allocator<void> >& std_msgs::msg::Header_<std::allocator<void> >::operator=(std_msgs::msg::Header_<std::allocator<void> >&&)[m[K’
[8.565s] [01m[K/opt/ros/foxy/include/std_msgs/msg/detail/header__struct.hpp:35:8:[m[K [01;36m[Knote: [m[K  no known conversion for argument 1 from ‘[01m[Kstd_msgs::msg::Header_<std::allocator<void> >::_stamp_type[m[K’ {aka ‘[01m[Kbuiltin_interfaces::msg::Time_<std::allocator<void> >[m[K’} to ‘[01m[Kstd_msgs::msg::Header_<std::allocator<void> >&&[m[K’
[8.565s] [01m[K/home/isopodin-time/ros2_ws/src/muuv_ros/src/muuv_ros/imu_repub.cpp:127:37:[m[K [01;31m[Kerror: [m[Kno match for ‘[01m[Koperator=[m[K’ (operand types are ‘[01m[Kcustom_msg_srv::msg::Float64Stamped_<std::allocator<void> >::_header_type[m[K’ {aka ‘[01m[Kstd_msgs::msg::Header_<std::allocator<void> >[m[K’} and ‘[01m[Kstd_msgs::msg::Header_<std::allocator<void> >::_stamp_type[m[K’ {aka ‘[01m[Kbuiltin_interfaces::msg::Time_<std::allocator<void> >[m[K’})
[8.565s]   127 |         msg_rx.header = msg->header.[01;31m[Kstamp[m[K;
[8.565s]       |                                     [01;31m[K^~~~~[m[K
[8.565s] In file included from [01m[K/opt/ros/foxy/include/sensor_msgs/msg/detail/imu__struct.hpp:19[m[K,
[8.565s]                  from [01m[K/opt/ros/foxy/include/sensor_msgs/msg/imu.hpp:7[m[K,
[8.565s]                  from [01m[K/home/isopodin-time/ros2_ws/src/muuv_ros/src/muuv_ros/imu_repub.cpp:5[m[K:
[8.565s] [01m[K/opt/ros/foxy/include/std_msgs/msg/detail/header__struct.hpp:35:8:[m[K [01;36m[Knote: [m[Kcandidate: ‘[01m[Kstd_msgs::msg::Header_<std::allocator<void> >& std_msgs::msg::Header_<std::allocator<void> >::operator=(const std_msgs::msg::Header_<std::allocator<void> >&)[m[K’
[8.565s]    35 | struct [01;36m[KHeader_[m[K
[8.565s]       |        [01;36m[K^~~~~~~[m[K
[8.565s] [01m[K/opt/ros/foxy/include/std_msgs/msg/detail/header__struct.hpp:35:8:[m[K [01;36m[Knote: [m[K  no known conversion for argument 1 from ‘[01m[Kstd_msgs::msg::Header_<std::allocator<void> >::_stamp_type[m[K’ {aka ‘[01m[Kbuiltin_interfaces::msg::Time_<std::allocator<void> >[m[K’} to ‘[01m[Kconst std_msgs::msg::Header_<std::allocator<void> >&[m[K’
[8.565s] [01m[K/opt/ros/foxy/include/std_msgs/msg/detail/header__struct.hpp:35:8:[m[K [01;36m[Knote: [m[Kcandidate: ‘[01m[Kstd_msgs::msg::Header_<std::allocator<void> >& std_msgs::msg::Header_<std::allocator<void> >::operator=(std_msgs::msg::Header_<std::allocator<void> >&&)[m[K’
[8.565s] [01m[K/opt/ros/foxy/include/std_msgs/msg/detail/header__struct.hpp:35:8:[m[K [01;36m[Knote: [m[K  no known conversion for argument 1 from ‘[01m[Kstd_msgs::msg::Header_<std::allocator<void> >::_stamp_type[m[K’ {aka ‘[01m[Kbuiltin_interfaces::msg::Time_<std::allocator<void> >[m[K’} to ‘[01m[Kstd_msgs::msg::Header_<std::allocator<void> >&&[m[K’
[8.566s] [01m[K/home/isopodin-time/ros2_ws/src/muuv_ros/src/muuv_ros/imu_repub.cpp:128:37:[m[K [01;31m[Kerror: [m[Kno match for ‘[01m[Koperator=[m[K’ (operand types are ‘[01m[Kcustom_msg_srv::msg::Float64Stamped_<std::allocator<void> >::_header_type[m[K’ {aka ‘[01m[Kstd_msgs::msg::Header_<std::allocator<void> >[m[K’} and ‘[01m[Kstd_msgs::msg::Header_<std::allocator<void> >::_stamp_type[m[K’ {aka ‘[01m[Kbuiltin_interfaces::msg::Time_<std::allocator<void> >[m[K’})
[8.566s]   128 |         msg_ry.header = msg->header.[01;31m[Kstamp[m[K;
[8.566s]       |                                     [01;31m[K^~~~~[m[K
[8.566s] In file included from [01m[K/opt/ros/foxy/include/sensor_msgs/msg/detail/imu__struct.hpp:19[m[K,
[8.566s]                  from [01m[K/opt/ros/foxy/include/sensor_msgs/msg/imu.hpp:7[m[K,
[8.566s]                  from [01m[K/home/isopodin-time/ros2_ws/src/muuv_ros/src/muuv_ros/imu_repub.cpp:5[m[K:
[8.566s] [01m[K/opt/ros/foxy/include/std_msgs/msg/detail/header__struct.hpp:35:8:[m[K [01;36m[Knote: [m[Kcandidate: ‘[01m[Kstd_msgs::msg::Header_<std::allocator<void> >& std_msgs::msg::Header_<std::allocator<void> >::operator=(const std_msgs::msg::Header_<std::allocator<void> >&)[m[K’
[8.566s]    35 | struct [01;36m[KHeader_[m[K
[8.566s]       |        [01;36m[K^~~~~~~[m[K
[8.566s] [01m[K/opt/ros/foxy/include/std_msgs/msg/detail/header__struct.hpp:35:8:[m[K [01;36m[Knote: [m[K  no known conversion for argument 1 from ‘[01m[Kstd_msgs::msg::Header_<std::allocator<void> >::_stamp_type[m[K’ {aka ‘[01m[Kbuiltin_interfaces::msg::Time_<std::allocator<void> >[m[K’} to ‘[01m[Kconst std_msgs::msg::Header_<std::allocator<void> >&[m[K’
[8.566s] [01m[K/opt/ros/foxy/include/std_msgs/msg/detail/header__struct.hpp:35:8:[m[K [01;36m[Knote: [m[Kcandidate: ‘[01m[Kstd_msgs::msg::Header_<std::allocator<void> >& std_msgs::msg::Header_<std::allocator<void> >::operator=(std_msgs::msg::Header_<std::allocator<void> >&&)[m[K’
[8.566s] [01m[K/opt/ros/foxy/include/std_msgs/msg/detail/header__struct.hpp:35:8:[m[K [01;36m[Knote: [m[K  no known conversion for argument 1 from ‘[01m[Kstd_msgs::msg::Header_<std::allocator<void> >::_stamp_type[m[K’ {aka ‘[01m[Kbuiltin_interfaces::msg::Time_<std::allocator<void> >[m[K’} to ‘[01m[Kstd_msgs::msg::Header_<std::allocator<void> >&&[m[K’
[8.567s] [01m[K/home/isopodin-time/ros2_ws/src/muuv_ros/src/muuv_ros/imu_repub.cpp:129:37:[m[K [01;31m[Kerror: [m[Kno match for ‘[01m[Koperator=[m[K’ (operand types are ‘[01m[Kcustom_msg_srv::msg::Float64Stamped_<std::allocator<void> >::_header_type[m[K’ {aka ‘[01m[Kstd_msgs::msg::Header_<std::allocator<void> >[m[K’} and ‘[01m[Kstd_msgs::msg::Header_<std::allocator<void> >::_stamp_type[m[K’ {aka ‘[01m[Kbuiltin_interfaces::msg::Time_<std::allocator<void> >[m[K’})
[8.567s]   129 |         msg_rz.header = msg->header.[01;31m[Kstamp[m[K;
[8.567s]       |                                     [01;31m[K^~~~~[m[K
[8.567s] In file included from [01m[K/opt/ros/foxy/include/sensor_msgs/msg/detail/imu__struct.hpp:19[m[K,
[8.567s]                  from [01m[K/opt/ros/foxy/include/sensor_msgs/msg/imu.hpp:7[m[K,
[8.567s]                  from [01m[K/home/isopodin-time/ros2_ws/src/muuv_ros/src/muuv_ros/imu_repub.cpp:5[m[K:
[8.567s] [01m[K/opt/ros/foxy/include/std_msgs/msg/detail/header__struct.hpp:35:8:[m[K [01;36m[Knote: [m[Kcandidate: ‘[01m[Kstd_msgs::msg::Header_<std::allocator<void> >& std_msgs::msg::Header_<std::allocator<void> >::operator=(const std_msgs::msg::Header_<std::allocator<void> >&)[m[K’
[8.567s]    35 | struct [01;36m[KHeader_[m[K
[8.567s]       |        [01;36m[K^~~~~~~[m[K
[8.567s] [01m[K/opt/ros/foxy/include/std_msgs/msg/detail/header__struct.hpp:35:8:[m[K [01;36m[Knote: [m[K  no known conversion for argument 1 from ‘[01m[Kstd_msgs::msg::Header_<std::allocator<void> >::_stamp_type[m[K’ {aka ‘[01m[Kbuiltin_interfaces::msg::Time_<std::allocator<void> >[m[K’} to ‘[01m[Kconst std_msgs::msg::Header_<std::allocator<void> >&[m[K’
[8.567s] [01m[K/opt/ros/foxy/include/std_msgs/msg/detail/header__struct.hpp:35:8:[m[K [01;36m[Knote: [m[Kcandidate: ‘[01m[Kstd_msgs::msg::Header_<std::allocator<void> >& std_msgs::msg::Header_<std::allocator<void> >::operator=(std_msgs::msg::Header_<std::allocator<void> >&&)[m[K’
[8.567s] [01m[K/opt/ros/foxy/include/std_msgs/msg/detail/header__struct.hpp:35:8:[m[K [01;36m[Knote: [m[K  no known conversion for argument 1 from ‘[01m[Kstd_msgs::msg::Header_<std::allocator<void> >::_stamp_type[m[K’ {aka ‘[01m[Kbuiltin_interfaces::msg::Time_<std::allocator<void> >[m[K’} to ‘[01m[Kstd_msgs::msg::Header_<std::allocator<void> >&&[m[K’
[10.035s] make[2]: *** [CMakeFiles/imu_repub.dir/build.make:63: CMakeFiles/imu_repub.dir/src/muuv_ros/imu_repub.cpp.o] Error 1
[10.036s] make[1]: *** [CMakeFiles/Makefile2:84: CMakeFiles/imu_repub.dir/all] Error 2
[10.036s] make: *** [Makefile:141: all] Error 2
[10.038s] Invoked command in '/home/isopodin-time/ros2_ws/build/muuv_ros' returned '2': CMAKE_PREFIX_PATH=/home/isopodin-time/ros2_ws/install/custom_msg_srv:/home/isopodin-time/ros2_ws/install/plankton:/home/isopodin-time/ros2_ws/install/uuv_simulator:/home/isopodin-time/ros2_ws/install/uuv_world_ros_plugins:/home/isopodin-time/ros2_ws/install/uuv_tutorials:/home/isopodin-time/ros2_ws/install/uuv_tutorial_dp_controller:/home/isopodin-time/ros2_ws/install/uuv_tutorial_disturbances:/home/isopodin-time/ros2_ws/install/uuv_control_utils:/home/isopodin-time/ros2_ws/install/uuv_world_ros_plugins_msgs:/home/isopodin-time/ros2_ws/install/uuv_world_plugins:/home/isopodin-time/ros2_ws/install/uuv_tutorial_seabed_world:/home/isopodin-time/ros2_ws/install/uuv_trajectory_control:/home/isopodin-time/ros2_ws/install/uuv_teleop:/home/isopodin-time/ros2_ws/install/uuv_thruster_manager:/home/isopodin-time/ros2_ws/install/uuv_descriptions:/home/isopodin-time/ros2_ws/install/uuv_sensor_ros_plugins:/home/isopodin-time/ros2_ws/install/uuv_sensor_ros_plugins_msgs:/home/isopodin-time/ros2_ws/install/uuv_gazebo_worlds:/home/isopodin-time/ros2_ws/install/uuv_gazebo_ros_plugins:/home/isopodin-time/ros2_ws/install/uuv_gazebo_ros_plugins_msgs:/home/isopodin-time/ros2_ws/install/uuv_gazebo_plugins:/home/isopodin-time/ros2_ws/install/uuv_gazebo:/home/isopodin-time/ros2_ws/install/uuv_control_msgs:/home/isopodin-time/ros2_ws/install/uuv_control_cascaded_pid:/home/isopodin-time/ros2_ws/install/uuv_auv_control_allocator:/home/isopodin-time/ros2_ws/install/uuv_assistants:/home/isopodin-time/ros2_ws/install/muuv_sim:/home/isopodin-time/ros2_ws/install/test_sim:/home/isopodin-time/ros2_ws/install/plankton_utils:/home/isopodin-time/ros2_ws/install/pid_component:/home/isopodin-time/ros2_ws/install/muuv_sim_description:/home/isopodin-time/ros2_ws/install/muuv_sim_control:/home/isopodin-time/ros2_ws/install/muuv_ros:/opt/ros/foxy LD_LIBRARY_PATH=/home/isopodin-time/ros2_ws/install/custom_msg_srv/lib:/home/isopodin-time/ros2_ws/install/uuv_world_ros_plugins/lib:/home/isopodin-time/ros2_ws/install/uuv_world_ros_plugins_msgs/lib:/home/isopodin-time/ros2_ws/install/uuv_world_plugins/lib:/home/isopodin-time/ros2_ws/install/uuv_thruster_manager/lib:/home/isopodin-time/ros2_ws/install/uuv_sensor_ros_plugins/lib:/home/isopodin-time/ros2_ws/install/uuv_sensor_ros_plugins_msgs/lib:/home/isopodin-time/ros2_ws/install/uuv_gazebo_ros_plugins/lib:/home/isopodin-time/ros2_ws/install/uuv_gazebo_ros_plugins_msgs/lib:/home/isopodin-time/ros2_ws/install/uuv_gazebo_plugins/lib:/home/isopodin-time/ros2_ws/install/uuv_control_msgs/lib:/home/isopodin-time/ros2_ws/install/uuv_auv_control_allocator/lib:/home/isopodin-time/ros2_ws/install/pid_component/lib:/usr/lib/x86_64-linux-gnu/gazebo-11/plugins:/opt/ros/foxy/opt/yaml_cpp_vendor/lib:/opt/ros/foxy/opt/rviz_ogre_vendor/lib:/opt/ros/foxy/lib/x86_64-linux-gnu:/opt/ros/foxy/lib:/usr/lib/x86_64-linux-gnu/gazebo-11/plugins PYTHONPATH=/home/isopodin-time/ros2_ws/install/custom_msg_srv/lib/python3.8/site-packages:/home/isopodin-time/ros2_ws/install/uuv_world_ros_plugins_msgs/lib/python3.8/site-packages:/home/isopodin-time/ros2_ws/install/uuv_trajectory_control/lib/python3.8/site-packages:/home/isopodin-time/ros2_ws/install/uuv_thruster_manager/lib/python3.8/site-packages:/home/isopodin-time/ros2_ws/install/uuv_sensor_ros_plugins_msgs/lib/python3.8/site-packages:/home/isopodin-time/ros2_ws/install/uuv_gazebo_ros_plugins_msgs/lib/python3.8/site-packages:/home/isopodin-time/ros2_ws/install/uuv_control_msgs/lib/python3.8/site-packages:/home/isopodin-time/ros2_ws/install/uuv_control_cascaded_pid/lib/python3.8/site-packages:/home/isopodin-time/ros2_ws/install/uuv_auv_control_allocator/lib/python3.8/site-packages:/home/isopodin-time/ros2_ws/install/uuv_assistants/lib/python3.8/site-packages:/home/isopodin-time/ros2_ws/install/plankton_utils/lib/python3.8/site-packages:/opt/ros/foxy/lib/python3.8/site-packages /usr/bin/cmake --build /home/isopodin-time/ros2_ws/build/muuv_ros -- -j8 -l8
