[0.209s] Invoking command in '/home/isopodin-time/ros2_ws/build/plankton_utils': CMAKE_PREFIX_PATH=${CMAKE_PREFIX_PATH}:/opt/ros/foxy /usr/bin/cmake --build /home/isopodin-time/ros2_ws/build/plankton_utils -- -j8 -l8
[0.411s] [100%] Built target plankton_global_sim_time
[0.475s] Invoked command in '/home/isopodin-time/ros2_ws/build/plankton_utils' returned '0': CMAKE_PREFIX_PATH=${CMAKE_PREFIX_PATH}:/opt/ros/foxy /usr/bin/cmake --build /home/isopodin-time/ros2_ws/build/plankton_utils -- -j8 -l8
[0.689s] Invoking command in '/home/isopodin-time/ros2_ws/build/plankton_utils': CMAKE_PREFIX_PATH=${CMAKE_PREFIX_PATH}:/opt/ros/foxy /usr/bin/cmake --install /home/isopodin-time/ros2_ws/build/plankton_utils
[0.710s] -- Install configuration: ""
[0.715s] -- Up-to-date: /home/isopodin-time/ros2_ws/install/plankton_utils/lib/plankton_utils/plankton_global_sim_time
[0.716s] -- Up-to-date: /home/isopodin-time/ros2_ws/install/plankton_utils/share/plankton_utils/environment/pythonpath.sh
[0.716s] -- Up-to-date: /home/isopodin-time/ros2_ws/install/plankton_utils/share/plankton_utils/environment/pythonpath.dsv
[0.716s] -- Up-to-date: /home/isopodin-time/ros2_ws/install/plankton_utils/lib/python3.8/site-packages/plankton_utils
[0.716s] -- Up-to-date: /home/isopodin-time/ros2_ws/install/plankton_utils/lib/python3.8/site-packages/plankton_utils/time.py
[0.716s] -- Up-to-date: /home/isopodin-time/ros2_ws/install/plankton_utils/lib/python3.8/site-packages/plankton_utils/__init__.py
[0.716s] -- Up-to-date: /home/isopodin-time/ros2_ws/install/plankton_utils/lib/python3.8/site-packages/plankton_utils/param_helper.py
[0.807s] Listing '/home/isopodin-time/ros2_ws/install/plankton_utils/lib/python3.8/site-packages/plankton_utils'...
[0.807s] -- Up-to-date: /home/isopodin-time/ros2_ws/install/plankton_utils/share/ament_index/resource_index/package_run_dependencies/plankton_utils
[0.808s] -- Up-to-date: /home/isopodin-time/ros2_ws/install/plankton_utils/share/ament_index/resource_index/parent_prefix_path/plankton_utils
[0.808s] -- Up-to-date: /home/isopodin-time/ros2_ws/install/plankton_utils/share/plankton_utils/environment/ament_prefix_path.sh
[0.808s] -- Up-to-date: /home/isopodin-time/ros2_ws/install/plankton_utils/share/plankton_utils/environment/ament_prefix_path.dsv
[0.809s] -- Up-to-date: /home/isopodin-time/ros2_ws/install/plankton_utils/share/plankton_utils/environment/path.sh
[0.809s] -- Up-to-date: /home/isopodin-time/ros2_ws/install/plankton_utils/share/plankton_utils/environment/path.dsv
[0.809s] -- Up-to-date: /home/isopodin-time/ros2_ws/install/plankton_utils/share/plankton_utils/local_setup.bash
[0.809s] -- Up-to-date: /home/isopodin-time/ros2_ws/install/plankton_utils/share/plankton_utils/local_setup.sh
[0.809s] -- Up-to-date: /home/isopodin-time/ros2_ws/install/plankton_utils/share/plankton_utils/local_setup.zsh
[0.810s] -- Up-to-date: /home/isopodin-time/ros2_ws/install/plankton_utils/share/plankton_utils/local_setup.dsv
[0.810s] -- Installing: /home/isopodin-time/ros2_ws/install/plankton_utils/share/plankton_utils/package.dsv
[0.810s] -- Up-to-date: /home/isopodin-time/ros2_ws/install/plankton_utils/share/ament_index/resource_index/packages/plankton_utils
[0.810s] -- Up-to-date: /home/isopodin-time/ros2_ws/install/plankton_utils/share/plankton_utils/cmake/plankton_utilsConfig.cmake
[0.810s] -- Up-to-date: /home/isopodin-time/ros2_ws/install/plankton_utils/share/plankton_utils/cmake/plankton_utilsConfig-version.cmake
[0.810s] -- Up-to-date: /home/isopodin-time/ros2_ws/install/plankton_utils/share/plankton_utils/package.xml
[0.923s] Invoked command in '/home/isopodin-time/ros2_ws/build/plankton_utils' returned '0': CMAKE_PREFIX_PATH=${CMAKE_PREFIX_PATH}:/opt/ros/foxy /usr/bin/cmake --install /home/isopodin-time/ros2_ws/build/plankton_utils
