[0.957s] Invoking command in '/home/isopodin-time/ros2_ws/build/uuv_sensor_ros_plugins': CMAKE_PREFIX_PATH=/home/isopodin-time/ros2_ws/install/uuv_sensor_ros_plugins_msgs:/home/isopodin-time/ros2_ws/install/uuv_gazebo_plugins:/home/isopodin-time/ros2_ws/install/plankton:/home/isopodin-time/ros2_ws/install/uuv_simulator:/home/isopodin-time/ros2_ws/install/uuv_world_ros_plugins:/home/isopodin-time/ros2_ws/install/uuv_control_utils:/home/isopodin-time/ros2_ws/install/uuv_world_ros_plugins_msgs:/home/isopodin-time/ros2_ws/install/uuv_world_plugins:/home/isopodin-time/ros2_ws/install/uuv_trajectory_control:/home/isopodin-time/ros2_ws/install/uuv_teleop:/home/isopodin-time/ros2_ws/install/uuv_thruster_manager:/home/isopodin-time/ros2_ws/install/uuv_descriptions:/home/isopodin-time/ros2_ws/install/uuv_sensor_ros_plugins:/home/isopodin-time/ros2_ws/install/uuv_gazebo_worlds:/home/isopodin-time/ros2_ws/install/uuv_gazebo_ros_plugins:/home/isopodin-time/ros2_ws/install/uuv_gazebo_ros_plugins_msgs:/home/isopodin-time/ros2_ws/install/uuv_gazebo:/home/isopodin-time/ros2_ws/install/uuv_control_msgs:/home/isopodin-time/ros2_ws/install/uuv_control_cascaded_pid:/home/isopodin-time/ros2_ws/install/uuv_auv_control_allocator:/home/isopodin-time/ros2_ws/install/uuv_assistants:/home/isopodin-time/ros2_ws/install/plankton_utils:/home/isopodin-time/ros2_ws/install/muuv_sim:/home/isopodin-time/ros2_ws/install/muuv_ros:/opt/ros/foxy LD_LIBRARY_PATH=/home/isopodin-time/ros2_ws/install/uuv_sensor_ros_plugins_msgs/lib:/home/isopodin-time/ros2_ws/install/uuv_gazebo_plugins/lib:/home/isopodin-time/ros2_ws/install/uuv_world_ros_plugins/lib:/home/isopodin-time/ros2_ws/install/uuv_world_ros_plugins_msgs/lib:/home/isopodin-time/ros2_ws/install/uuv_world_plugins/lib:/home/isopodin-time/ros2_ws/install/uuv_thruster_manager/lib:/home/isopodin-time/ros2_ws/install/uuv_sensor_ros_plugins/lib:/home/isopodin-time/ros2_ws/install/uuv_gazebo_ros_plugins/lib:/home/isopodin-time/ros2_ws/install/uuv_gazebo_ros_plugins_msgs/lib:/home/isopodin-time/ros2_ws/install/uuv_control_msgs/lib:/home/isopodin-time/ros2_ws/install/uuv_auv_control_allocator/lib:/usr/lib/x86_64-linux-gnu/gazebo-11/plugins:/opt/ros/foxy/opt/yaml_cpp_vendor/lib:/opt/ros/foxy/opt/rviz_ogre_vendor/lib:/opt/ros/foxy/lib/x86_64-linux-gnu:/opt/ros/foxy/lib:/usr/lib/x86_64-linux-gnu/gazebo-11/plugins PYTHONPATH=/home/isopodin-time/ros2_ws/install/uuv_sensor_ros_plugins_msgs/lib/python3.8/site-packages:/home/isopodin-time/ros2_ws/install/uuv_world_ros_plugins_msgs/lib/python3.8/site-packages:/home/isopodin-time/ros2_ws/install/uuv_trajectory_control/lib/python3.8/site-packages:/home/isopodin-time/ros2_ws/install/uuv_thruster_manager/lib/python3.8/site-packages:/home/isopodin-time/ros2_ws/install/uuv_gazebo_ros_plugins_msgs/lib/python3.8/site-packages:/home/isopodin-time/ros2_ws/install/uuv_control_msgs/lib/python3.8/site-packages:/home/isopodin-time/ros2_ws/install/uuv_control_cascaded_pid/lib/python3.8/site-packages:/home/isopodin-time/ros2_ws/install/uuv_auv_control_allocator/lib/python3.8/site-packages:/home/isopodin-time/ros2_ws/install/uuv_assistants/lib/python3.8/site-packages:/home/isopodin-time/ros2_ws/install/plankton_utils/lib/python3.8/site-packages:/opt/ros/foxy/lib/python3.8/site-packages /usr/bin/cmake --build /home/isopodin-time/ros2_ws/build/uuv_sensor_ros_plugins -- -j8 -l8
[1.220s] [ 26%] Built target uuv_sensor_gazebo_msgs
[1.232s] [ 29%] Built target uuv_gazebo_ros_camera_plugin
[1.259s] [ 33%] Built target image_sonar_ros_plugin
[1.304s] [35m[1mScanning dependencies of target uuv_gazebo_ros_subsea_pressure_plugin[0m
[1.397s] [35m[1mScanning dependencies of target uuv_gazebo_ros_magnetometer_plugin[0m
[1.398s] [35m[1mScanning dependencies of target uuv_gazebo_ros_dvl_plugin[0m
[1.408s] [ 38%] Built target uuv_gazebo_ros_base_sensor_plugin
[1.424s] [ 45%] Built target uuv_gazebo_ros_gps_plugin
[1.476s] [ 52%] Built target uuv_gazebo_ros_pose_gt_plugin
[1.527s] [35m[1mScanning dependencies of target uuv_gazebo_ros_imu_plugin[0m
[1.566s] [35m[1mScanning dependencies of target uuv_gazebo_ros_rpt_plugin[0m
[1.567s] [ 54%] [32mBuilding CXX object CMakeFiles/uuv_gazebo_ros_base_model_plugin.dir/src/ROSBasePlugin.cpp.o[0m
[1.579s] [ 56%] [32mBuilding CXX object CMakeFiles/uuv_gazebo_ros_base_model_plugin.dir/src/ROSBaseModelPlugin.cpp.o[0m
[1.595s] [ 63%] Built target uuv_gazebo_ros_cpc_plugin
[2.611s] [ 64%] [32mBuilding CXX object CMakeFiles/uuv_gazebo_ros_rpt_plugin.dir/src/RPTROSPlugin.cpp.o[0m
[2.626s] [ 66%] [32mBuilding CXX object CMakeFiles/uuv_gazebo_ros_rpt_plugin.dir/src/ROSBasePlugin.cpp.o[0m
[2.703s] [ 68%] [32mBuilding CXX object CMakeFiles/uuv_gazebo_ros_imu_plugin.dir/src/IMUROSPlugin.cpp.o[0m
[2.716s] [ 70%] [32mBuilding CXX object CMakeFiles/uuv_gazebo_ros_magnetometer_plugin.dir/src/MagnetometerROSPlugin.cpp.o[0m
[2.831s] [ 71%] [32mBuilding CXX object CMakeFiles/uuv_gazebo_ros_subsea_pressure_plugin.dir/src/SubseaPressureROSPlugin.cpp.o[0m
[3.135s] [ 73%] [32mBuilding CXX object CMakeFiles/uuv_gazebo_ros_dvl_plugin.dir/src/DVLROSPlugin.cpp.o[0m
[58.208s] [01m[Kc++:[m[K [01;31m[Kfatal error: [m[KKilled signal terminated program cc1plus
[58.227s] compilation terminated.
[58.227s] make[2]: *** [CMakeFiles/uuv_gazebo_ros_base_model_plugin.dir/build.make:76: CMakeFiles/uuv_gazebo_ros_base_model_plugin.dir/src/ROSBaseModelPlugin.cpp.o] Error 1
[58.228s] make[2]: *** Waiting for unfinished jobs....
[64.077s] [ 75%] [32mBuilding CXX object CMakeFiles/uuv_gazebo_ros_subsea_pressure_plugin.dir/src/ROSBasePlugin.cpp.o[0m
[64.529s] [ 77%] [32mBuilding CXX object CMakeFiles/uuv_gazebo_ros_magnetometer_plugin.dir/src/ROSBaseModelPlugin.cpp.o[0m
[64.555s] [ 78%] [32mBuilding CXX object CMakeFiles/uuv_gazebo_ros_imu_plugin.dir/src/ROSBasePlugin.cpp.o[0m
[70.930s] [ 80%] [32mBuilding CXX object CMakeFiles/uuv_gazebo_ros_rpt_plugin.dir/src/ROSBaseModelPlugin.cpp.o[0m
[71.024s] make[1]: *** [CMakeFiles/Makefile2:210: CMakeFiles/uuv_gazebo_ros_base_model_plugin.dir/all] Error 2
[71.025s] make[1]: *** Waiting for unfinished jobs....
[76.457s] [ 82%] [32mBuilding CXX object CMakeFiles/uuv_gazebo_ros_dvl_plugin.dir/src/ROSBasePlugin.cpp.o[0m
[90.767s] [ 84%] [32mBuilding CXX object CMakeFiles/uuv_gazebo_ros_magnetometer_plugin.dir/src/ROSBasePlugin.cpp.o[0m
[93.714s] [ 85%] [32mBuilding CXX object CMakeFiles/uuv_gazebo_ros_subsea_pressure_plugin.dir/src/ROSBaseModelPlugin.cpp.o[0m
[94.079s] [ 87%] [32mBuilding CXX object CMakeFiles/uuv_gazebo_ros_imu_plugin.dir/src/ROSBaseModelPlugin.cpp.o[0m
[94.407s] [ 89%] [32m[1mLinking CXX shared library libuuv_gazebo_ros_rpt_plugin.so[0m
[104.977s] [ 91%] [32mBuilding CXX object CMakeFiles/uuv_gazebo_ros_dvl_plugin.dir/src/ROSBaseModelPlugin.cpp.o[0m
[116.922s] [ 92%] [32m[1mLinking CXX shared library libuuv_gazebo_ros_subsea_pressure_plugin.so[0m
[118.156s] [ 94%] [32m[1mLinking CXX shared library libuuv_gazebo_ros_imu_plugin.so[0m
[118.476s] [ 96%] [32m[1mLinking CXX shared library libuuv_gazebo_ros_magnetometer_plugin.so[0m
[129.418s] [ 98%] [32m[1mLinking CXX shared library libuuv_gazebo_ros_dvl_plugin.so[0m
[145.375s] [ 98%] Built target uuv_gazebo_ros_rpt_plugin
[166.568s] [ 98%] Built target uuv_gazebo_ros_subsea_pressure_plugin
[167.208s] [ 98%] Built target uuv_gazebo_ros_imu_plugin
[167.484s] [ 98%] Built target uuv_gazebo_ros_magnetometer_plugin
[174.363s] [ 98%] Built target uuv_gazebo_ros_dvl_plugin
[174.373s] make: *** [Makefile:141: all] Error 2
[174.505s] Invoked command in '/home/isopodin-time/ros2_ws/build/uuv_sensor_ros_plugins' returned '2': CMAKE_PREFIX_PATH=/home/isopodin-time/ros2_ws/install/uuv_sensor_ros_plugins_msgs:/home/isopodin-time/ros2_ws/install/uuv_gazebo_plugins:/home/isopodin-time/ros2_ws/install/plankton:/home/isopodin-time/ros2_ws/install/uuv_simulator:/home/isopodin-time/ros2_ws/install/uuv_world_ros_plugins:/home/isopodin-time/ros2_ws/install/uuv_control_utils:/home/isopodin-time/ros2_ws/install/uuv_world_ros_plugins_msgs:/home/isopodin-time/ros2_ws/install/uuv_world_plugins:/home/isopodin-time/ros2_ws/install/uuv_trajectory_control:/home/isopodin-time/ros2_ws/install/uuv_teleop:/home/isopodin-time/ros2_ws/install/uuv_thruster_manager:/home/isopodin-time/ros2_ws/install/uuv_descriptions:/home/isopodin-time/ros2_ws/install/uuv_sensor_ros_plugins:/home/isopodin-time/ros2_ws/install/uuv_gazebo_worlds:/home/isopodin-time/ros2_ws/install/uuv_gazebo_ros_plugins:/home/isopodin-time/ros2_ws/install/uuv_gazebo_ros_plugins_msgs:/home/isopodin-time/ros2_ws/install/uuv_gazebo:/home/isopodin-time/ros2_ws/install/uuv_control_msgs:/home/isopodin-time/ros2_ws/install/uuv_control_cascaded_pid:/home/isopodin-time/ros2_ws/install/uuv_auv_control_allocator:/home/isopodin-time/ros2_ws/install/uuv_assistants:/home/isopodin-time/ros2_ws/install/plankton_utils:/home/isopodin-time/ros2_ws/install/muuv_sim:/home/isopodin-time/ros2_ws/install/muuv_ros:/opt/ros/foxy LD_LIBRARY_PATH=/home/isopodin-time/ros2_ws/install/uuv_sensor_ros_plugins_msgs/lib:/home/isopodin-time/ros2_ws/install/uuv_gazebo_plugins/lib:/home/isopodin-time/ros2_ws/install/uuv_world_ros_plugins/lib:/home/isopodin-time/ros2_ws/install/uuv_world_ros_plugins_msgs/lib:/home/isopodin-time/ros2_ws/install/uuv_world_plugins/lib:/home/isopodin-time/ros2_ws/install/uuv_thruster_manager/lib:/home/isopodin-time/ros2_ws/install/uuv_sensor_ros_plugins/lib:/home/isopodin-time/ros2_ws/install/uuv_gazebo_ros_plugins/lib:/home/isopodin-time/ros2_ws/install/uuv_gazebo_ros_plugins_msgs/lib:/home/isopodin-time/ros2_ws/install/uuv_control_msgs/lib:/home/isopodin-time/ros2_ws/install/uuv_auv_control_allocator/lib:/usr/lib/x86_64-linux-gnu/gazebo-11/plugins:/opt/ros/foxy/opt/yaml_cpp_vendor/lib:/opt/ros/foxy/opt/rviz_ogre_vendor/lib:/opt/ros/foxy/lib/x86_64-linux-gnu:/opt/ros/foxy/lib:/usr/lib/x86_64-linux-gnu/gazebo-11/plugins PYTHONPATH=/home/isopodin-time/ros2_ws/install/uuv_sensor_ros_plugins_msgs/lib/python3.8/site-packages:/home/isopodin-time/ros2_ws/install/uuv_world_ros_plugins_msgs/lib/python3.8/site-packages:/home/isopodin-time/ros2_ws/install/uuv_trajectory_control/lib/python3.8/site-packages:/home/isopodin-time/ros2_ws/install/uuv_thruster_manager/lib/python3.8/site-packages:/home/isopodin-time/ros2_ws/install/uuv_gazebo_ros_plugins_msgs/lib/python3.8/site-packages:/home/isopodin-time/ros2_ws/install/uuv_control_msgs/lib/python3.8/site-packages:/home/isopodin-time/ros2_ws/install/uuv_control_cascaded_pid/lib/python3.8/site-packages:/home/isopodin-time/ros2_ws/install/uuv_auv_control_allocator/lib/python3.8/site-packages:/home/isopodin-time/ros2_ws/install/uuv_assistants/lib/python3.8/site-packages:/home/isopodin-time/ros2_ws/install/plankton_utils/lib/python3.8/site-packages:/opt/ros/foxy/lib/python3.8/site-packages /usr/bin/cmake --build /home/isopodin-time/ros2_ws/build/uuv_sensor_ros_plugins -- -j8 -l8
