[0.045s] Invoking command in '/home/isopodin-time/ros2_ws/build/muuv_ros': CMAKE_PREFIX_PATH=${CMAKE_PREFIX_PATH}:/opt/ros/foxy /usr/bin/cmake --build /home/isopodin-time/ros2_ws/build/muuv_ros -- -j8 -l8
[0.138s] [35m[1mScanning dependencies of target sensors[0m
[0.176s] [ 22%] Built target pid
[0.183s] [ 55%] Built target thrusters
[0.208s] [ 66%] [32mBuilding CXX object CMakeFiles/sensors.dir/src/muuv_ros/sensors.cpp.o[0m
[5.340s] [ 77%] [32m[1mLinking CXX executable sensors[0m
[5.997s] [100%] Built target sensors
[6.039s] Invoked command in '/home/isopodin-time/ros2_ws/build/muuv_ros' returned '0': CMAKE_PREFIX_PATH=${CMAKE_PREFIX_PATH}:/opt/ros/foxy /usr/bin/cmake --build /home/isopodin-time/ros2_ws/build/muuv_ros -- -j8 -l8
[6.186s] Invoking command in '/home/isopodin-time/ros2_ws/build/muuv_ros': CMAKE_PREFIX_PATH=${CMAKE_PREFIX_PATH}:/opt/ros/foxy /usr/bin/cmake --install /home/isopodin-time/ros2_ws/build/muuv_ros
[6.210s] -- Install configuration: ""
[6.211s] -- Up-to-date: /home/isopodin-time/ros2_ws/install/muuv_ros/lib/muuv_ros/pid
[6.212s] -- Up-to-date: /home/isopodin-time/ros2_ws/install/muuv_ros/lib/muuv_ros/thrusters
[6.213s] -- Installing: /home/isopodin-time/ros2_ws/install/muuv_ros/lib/muuv_ros/sensors
[6.217s] -- Set runtime path of "/home/isopodin-time/ros2_ws/install/muuv_ros/lib/muuv_ros/sensors" to ""
[6.218s] -- Up-to-date: /home/isopodin-time/ros2_ws/install/muuv_ros/share/muuv_ros/launch
[6.219s] -- Up-to-date: /home/isopodin-time/ros2_ws/install/muuv_ros/share/muuv_ros/config
[6.219s] -- Up-to-date: /home/isopodin-time/ros2_ws/install/muuv_ros/share/ament_index/resource_index/package_run_dependencies/muuv_ros
[6.220s] -- Up-to-date: /home/isopodin-time/ros2_ws/install/muuv_ros/share/ament_index/resource_index/parent_prefix_path/muuv_ros
[6.221s] -- Up-to-date: /home/isopodin-time/ros2_ws/install/muuv_ros/share/muuv_ros/environment/ament_prefix_path.sh
[6.222s] -- Up-to-date: /home/isopodin-time/ros2_ws/install/muuv_ros/share/muuv_ros/environment/ament_prefix_path.dsv
[6.222s] -- Up-to-date: /home/isopodin-time/ros2_ws/install/muuv_ros/share/muuv_ros/environment/path.sh
[6.223s] -- Up-to-date: /home/isopodin-time/ros2_ws/install/muuv_ros/share/muuv_ros/environment/path.dsv
[6.223s] -- Up-to-date: /home/isopodin-time/ros2_ws/install/muuv_ros/share/muuv_ros/local_setup.bash
[6.223s] -- Up-to-date: /home/isopodin-time/ros2_ws/install/muuv_ros/share/muuv_ros/local_setup.sh
[6.223s] -- Up-to-date: /home/isopodin-time/ros2_ws/install/muuv_ros/share/muuv_ros/local_setup.zsh
[6.224s] -- Up-to-date: /home/isopodin-time/ros2_ws/install/muuv_ros/share/muuv_ros/local_setup.dsv
[6.224s] -- Installing: /home/isopodin-time/ros2_ws/install/muuv_ros/share/muuv_ros/package.dsv
[6.224s] -- Up-to-date: /home/isopodin-time/ros2_ws/install/muuv_ros/share/ament_index/resource_index/packages/muuv_ros
[6.224s] -- Up-to-date: /home/isopodin-time/ros2_ws/install/muuv_ros/share/muuv_ros/cmake/muuv_rosConfig.cmake
[6.224s] -- Up-to-date: /home/isopodin-time/ros2_ws/install/muuv_ros/share/muuv_ros/cmake/muuv_rosConfig-version.cmake
[6.225s] -- Up-to-date: /home/isopodin-time/ros2_ws/install/muuv_ros/share/muuv_ros/package.xml
[6.230s] Invoked command in '/home/isopodin-time/ros2_ws/build/muuv_ros' returned '0': CMAKE_PREFIX_PATH=${CMAKE_PREFIX_PATH}:/opt/ros/foxy /usr/bin/cmake --install /home/isopodin-time/ros2_ws/build/muuv_ros
