[0.316s] Invoking command in '/home/isopodin-time/ros2_ws/build/muuv_ros': CMAKE_PREFIX_PATH=/home/isopodin-time/ros2_ws/install/custom_msg_srv:/home/isopodin-time/ros2_ws/install/plankton:/home/isopodin-time/ros2_ws/install/uuv_simulator:/home/isopodin-time/ros2_ws/install/uuv_world_ros_plugins:/home/isopodin-time/ros2_ws/install/uuv_tutorials:/home/isopodin-time/ros2_ws/install/uuv_tutorial_dp_controller:/home/isopodin-time/ros2_ws/install/uuv_tutorial_disturbances:/home/isopodin-time/ros2_ws/install/uuv_control_utils:/home/isopodin-time/ros2_ws/install/uuv_world_ros_plugins_msgs:/home/isopodin-time/ros2_ws/install/uuv_world_plugins:/home/isopodin-time/ros2_ws/install/uuv_tutorial_seabed_world:/home/isopodin-time/ros2_ws/install/uuv_trajectory_control:/home/isopodin-time/ros2_ws/install/uuv_teleop:/home/isopodin-time/ros2_ws/install/uuv_thruster_manager:/home/isopodin-time/ros2_ws/install/uuv_descriptions:/home/isopodin-time/ros2_ws/install/uuv_sensor_ros_plugins:/home/isopodin-time/ros2_ws/install/uuv_sensor_ros_plugins_msgs:/home/isopodin-time/ros2_ws/install/uuv_gazebo_worlds:/home/isopodin-time/ros2_ws/install/uuv_gazebo_ros_plugins:/home/isopodin-time/ros2_ws/install/uuv_gazebo_ros_plugins_msgs:/home/isopodin-time/ros2_ws/install/uuv_gazebo_plugins:/home/isopodin-time/ros2_ws/install/uuv_gazebo:/home/isopodin-time/ros2_ws/install/uuv_control_msgs:/home/isopodin-time/ros2_ws/install/uuv_control_cascaded_pid:/home/isopodin-time/ros2_ws/install/uuv_auv_control_allocator:/home/isopodin-time/ros2_ws/install/uuv_assistants:/home/isopodin-time/ros2_ws/install/muuv_sim:/home/isopodin-time/ros2_ws/install/test_sim:/home/isopodin-time/ros2_ws/install/plankton_utils:/home/isopodin-time/ros2_ws/install/pid_component:/home/isopodin-time/ros2_ws/install/muuv_sim_description:/home/isopodin-time/ros2_ws/install/muuv_sim_control:/home/isopodin-time/ros2_ws/install/muuv_ros:/opt/ros/foxy LD_LIBRARY_PATH=/home/isopodin-time/ros2_ws/install/custom_msg_srv/lib:/home/isopodin-time/ros2_ws/install/uuv_world_ros_plugins/lib:/home/isopodin-time/ros2_ws/install/uuv_world_ros_plugins_msgs/lib:/home/isopodin-time/ros2_ws/install/uuv_world_plugins/lib:/home/isopodin-time/ros2_ws/install/uuv_thruster_manager/lib:/home/isopodin-time/ros2_ws/install/uuv_sensor_ros_plugins/lib:/home/isopodin-time/ros2_ws/install/uuv_sensor_ros_plugins_msgs/lib:/home/isopodin-time/ros2_ws/install/uuv_gazebo_ros_plugins/lib:/home/isopodin-time/ros2_ws/install/uuv_gazebo_ros_plugins_msgs/lib:/home/isopodin-time/ros2_ws/install/uuv_gazebo_plugins/lib:/home/isopodin-time/ros2_ws/install/uuv_control_msgs/lib:/home/isopodin-time/ros2_ws/install/uuv_auv_control_allocator/lib:/home/isopodin-time/ros2_ws/install/pid_component/lib:/usr/lib/x86_64-linux-gnu/gazebo-11/plugins:/opt/ros/foxy/opt/yaml_cpp_vendor/lib:/opt/ros/foxy/opt/rviz_ogre_vendor/lib:/opt/ros/foxy/lib/x86_64-linux-gnu:/opt/ros/foxy/lib:/usr/lib/x86_64-linux-gnu/gazebo-11/plugins:/usr/lib/x86_64-linux-gnu/gazebo-11/plugins:/usr/lib/x86_64-linux-gnu/gazebo-11/plugins:/usr/lib/x86_64-linux-gnu/gazebo-11/plugins:/usr/lib/x86_64-linux-gnu/gazebo-11/plugins:/usr/lib/x86_64-linux-gnu/gazebo-11/plugins PYTHONPATH=/home/isopodin-time/ros2_ws/install/custom_msg_srv/lib/python3.8/site-packages:/home/isopodin-time/ros2_ws/install/uuv_world_ros_plugins_msgs/lib/python3.8/site-packages:/home/isopodin-time/ros2_ws/install/uuv_trajectory_control/lib/python3.8/site-packages:/home/isopodin-time/ros2_ws/install/uuv_thruster_manager/lib/python3.8/site-packages:/home/isopodin-time/ros2_ws/install/uuv_sensor_ros_plugins_msgs/lib/python3.8/site-packages:/home/isopodin-time/ros2_ws/install/uuv_gazebo_ros_plugins_msgs/lib/python3.8/site-packages:/home/isopodin-time/ros2_ws/install/uuv_control_msgs/lib/python3.8/site-packages:/home/isopodin-time/ros2_ws/install/uuv_control_cascaded_pid/lib/python3.8/site-packages:/home/isopodin-time/ros2_ws/install/uuv_auv_control_allocator/lib/python3.8/site-packages:/home/isopodin-time/ros2_ws/install/uuv_assistants/lib/python3.8/site-packages:/home/isopodin-time/ros2_ws/install/plankton_utils/lib/python3.8/site-packages:/opt/ros/foxy/lib/python3.8/site-packages /usr/bin/cmake --build /home/isopodin-time/ros2_ws/build/muuv_ros -- -j8 -l8
[0.381s] [35m[1mScanning dependencies of target pid_recombiner[0m
[0.418s] [ 30%] Built target sensors
[0.418s] [ 53%] Built target thrusters
[0.419s] [ 69%] Built target pid_recombiner_sync
[0.422s] [ 84%] Built target imu_repub
[0.426s] [ 92%] [32mBuilding CXX object CMakeFiles/pid_recombiner.dir/src/muuv_ros/pid_recombiner.cpp.o[0m
[1.741s] [01m[K/home/isopodin-time/ros2_ws/src/muuv_ros/src/muuv_ros/pid_recombiner.cpp:[m[K In constructor ‘[01m[KPid_recombiner::Pid_recombiner()[m[K’:
[1.741s] [01m[K/home/isopodin-time/ros2_ws/src/muuv_ros/src/muuv_ros/pid_recombiner.cpp:26:42:[m[K [01;31m[Kerror: [m[K‘[01m[Kchrono[m[K’ has not been declared
[1.741s]    26 |         timer_ = this->create_wall_timer([01;31m[Kchrono[m[K::milliseconds(1000 * (1 / hz)), bind(&Pid_recombiner::timer_Callback, this));
[1.742s]       |                                          [01;31m[K^~~~~~[m[K
[1.768s] In file included from [01m[K/usr/include/c++/9/ext/alloc_traits.h:36[m[K,
[1.768s]                  from [01m[K/usr/include/c++/9/bits/basic_string.h:40[m[K,
[1.768s]                  from [01m[K/usr/include/c++/9/string:55[m[K,
[1.768s]                  from [01m[K/usr/include/c++/9/stdexcept:39[m[K,
[1.768s]                  from [01m[K/usr/include/c++/9/array:39[m[K,
[1.768s]                  from [01m[K/usr/include/c++/9/tuple:39[m[K,
[1.768s]                  from [01m[K/usr/include/c++/9/functional:54[m[K,
[1.768s]                  from [01m[K/home/isopodin-time/ros2_ws/src/muuv_ros/src/muuv_ros/pid_recombiner.cpp:2[m[K:
[1.768s] /usr/include/c++/9/bits/alloc_traits.h: In instantiation of ‘[01m[Kstruct std::allocator_traits<std::allocator<const std::shared_ptr<custom_msg_srv::msg::Float64Stamped_<std::allocator<void> > >&> >[m[K’:
[1.768s] [01m[K/opt/ros/foxy/include/rclcpp/message_memory_strategy.hpp:47:9:[m[K   required from ‘[01m[Kclass rclcpp::message_memory_strategy::MessageMemoryStrategy<const std::shared_ptr<custom_msg_srv::msg::Float64Stamped_<std::allocator<void> > >&, std::allocator<void> >[m[K’
[1.768s] [01m[K/opt/ros/foxy/include/rclcpp/node_impl.hpp:91:1:[m[K   required by substitution of ‘[01m[Ktemplate<class MessageT, class CallbackT, class AllocatorT, class CallbackMessageT, class SubscriptionT, class MessageMemoryStrategyT> std::shared_ptr<SubscriptionT> rclcpp::Node::create_subscription(const string&, const rclcpp::QoS&, CallbackT&&, const rclcpp::SubscriptionOptionsWithAllocator<AllocatorT>&, typename MessageMemoryStrategyT::SharedPtr) [with MessageT = custom_msg_srv::msg::Float64Stamped_<std::allocator<void> >; CallbackT = std::_Bind<void (Pid_recombiner::*(Pid_recombiner*, std::_Placeholder<1>))(const std::shared_ptr<custom_msg_srv::msg::Float64Stamped_<std::allocator<void> > >&)>; AllocatorT = std::allocator<void>; CallbackMessageT = const std::shared_ptr<custom_msg_srv::msg::Float64Stamped_<std::allocator<void> > >&; SubscriptionT = rclcpp::Subscription<const std::shared_ptr<custom_msg_srv::msg::Float64Stamped_<std::allocator<void> > >&, std::allocator<void>, rclcpp::message_memory_strategy::MessageMemoryStrategy<const std::shared_ptr<custom_msg_srv::msg::Float64Stamped_<std::allocator<void> > >&, std::allocator<void> > >; MessageMemoryStrategyT = rclcpp::message_memory_strategy::MessageMemoryStrategy<const std::shared_ptr<custom_msg_srv::msg::Float64Stamped_<std::allocator<void> > >&, std::allocator<void> >][m[K’
[1.768s] [01m[K/home/isopodin-time/ros2_ws/src/muuv_ros/src/muuv_ros/pid_recombiner.cpp:39:174:[m[K   required from here
[1.768s] [01m[K/usr/include/c++/9/bits/alloc_traits.h:399:13:[m[K [01;31m[Kerror: [m[Kforming pointer to reference type ‘[01m[Kconst std::shared_ptr<custom_msg_srv::msg::Float64Stamped_<std::allocator<void> > >&[m[K’
[1.769s]   399 |       using [01;31m[Kpointer[m[K = _Tp*;
[1.769s]       |             [01;31m[K^~~~~~~[m[K
[1.769s] [01m[K/usr/include/c++/9/bits/alloc_traits.h:402:13:[m[K [01;31m[Kerror: [m[Kforming pointer to reference type ‘[01m[Kconst std::shared_ptr<custom_msg_srv::msg::Float64Stamped_<std::allocator<void> > >&[m[K’
[1.769s]   402 |       using [01;31m[Kconst_pointer[m[K = const _Tp*;
[1.769s]       |             [01;31m[K^~~~~~~~~~~~~[m[K
[1.771s] In file included from [01m[K/usr/include/c++/9/memory:80[m[K,
[1.771s]                  from [01m[K/home/isopodin-time/ros2_ws/src/muuv_ros/src/muuv_ros/pid_recombiner.cpp:3[m[K:
[1.771s] /usr/include/c++/9/bits/unique_ptr.h: In instantiation of ‘[01m[Kstruct std::default_delete<const std::shared_ptr<custom_msg_srv::msg::Float64Stamped_<std::allocator<void> > >&>[m[K’:
[1.771s] [01m[K/opt/ros/foxy/include/rclcpp/message_memory_strategy.hpp:119:18:[m[K   required from ‘[01m[Kclass rclcpp::message_memory_strategy::MessageMemoryStrategy<const std::shared_ptr<custom_msg_srv::msg::Float64Stamped_<std::allocator<void> > >&, std::allocator<void> >[m[K’
[1.771s] [01m[K/opt/ros/foxy/include/rclcpp/node_impl.hpp:91:1:[m[K   required by substitution of ‘[01m[Ktemplate<class MessageT, class CallbackT, class AllocatorT, class CallbackMessageT, class SubscriptionT, class MessageMemoryStrategyT> std::shared_ptr<SubscriptionT> rclcpp::Node::create_subscription(const string&, const rclcpp::QoS&, CallbackT&&, const rclcpp::SubscriptionOptionsWithAllocator<AllocatorT>&, typename MessageMemoryStrategyT::SharedPtr) [with MessageT = custom_msg_srv::msg::Float64Stamped_<std::allocator<void> >; CallbackT = std::_Bind<void (Pid_recombiner::*(Pid_recombiner*, std::_Placeholder<1>))(const std::shared_ptr<custom_msg_srv::msg::Float64Stamped_<std::allocator<void> > >&)>; AllocatorT = std::allocator<void>; CallbackMessageT = const std::shared_ptr<custom_msg_srv::msg::Float64Stamped_<std::allocator<void> > >&; SubscriptionT = rclcpp::Subscription<const std::shared_ptr<custom_msg_srv::msg::Float64Stamped_<std::allocator<void> > >&, std::allocator<void>, rclcpp::message_memory_strategy::MessageMemoryStrategy<const std::shared_ptr<custom_msg_srv::msg::Float64Stamped_<std::allocator<void> > >&, std::allocator<void> > >; MessageMemoryStrategyT = rclcpp::message_memory_strategy::MessageMemoryStrategy<const std::shared_ptr<custom_msg_srv::msg::Float64Stamped_<std::allocator<void> > >&, std::allocator<void> >][m[K’
[1.771s] [01m[K/home/isopodin-time/ros2_ws/src/muuv_ros/src/muuv_ros/pid_recombiner.cpp:39:174:[m[K   required from here
[1.771s] [01m[K/usr/include/c++/9/bits/unique_ptr.h:71:9:[m[K [01;31m[Kerror: [m[Kforming pointer to reference type ‘[01m[Kconst std::shared_ptr<custom_msg_srv::msg::Float64Stamped_<std::allocator<void> > >&[m[K’
[1.771s]    71 |         [01;31m[Kdefault_delete[m[K(const default_delete<_Up>&) noexcept { }
[1.771s]       |         [01;31m[K^~~~~~~~~~~~~~[m[K
[1.771s] [01m[K/usr/include/c++/9/bits/unique_ptr.h:75:7:[m[K [01;31m[Kerror: [m[Kforming pointer to reference type ‘[01m[Kconst std::shared_ptr<custom_msg_srv::msg::Float64Stamped_<std::allocator<void> > >&[m[K’
[1.771s]    75 |       [01;31m[Koperator[m[K()(_Tp* __ptr) const
[1.771s]       |       [01;31m[K^~~~~~~~[m[K
[1.779s] In file included from [01m[K/opt/ros/foxy/include/rclcpp/subscription_base.hpp:29[m[K,
[1.779s]                  from [01m[K/opt/ros/foxy/include/rclcpp/callback_group.hpp:26[m[K,
[1.779s]                  from [01m[K/opt/ros/foxy/include/rclcpp/any_executable.hpp:20[m[K,
[1.779s]                  from [01m[K/opt/ros/foxy/include/rclcpp/memory_strategy.hpp:24[m[K,
[1.779s]                  from [01m[K/opt/ros/foxy/include/rclcpp/memory_strategies.hpp:18[m[K,
[1.779s]                  from [01m[K/opt/ros/foxy/include/rclcpp/executor_options.hpp:20[m[K,
[1.779s]                  from [01m[K/opt/ros/foxy/include/rclcpp/executor.hpp:33[m[K,
[1.779s]                  from [01m[K/opt/ros/foxy/include/rclcpp/executors/multi_threaded_executor.hpp:26[m[K,
[1.779s]                  from [01m[K/opt/ros/foxy/include/rclcpp/executors.hpp:21[m[K,
[1.779s]                  from [01m[K/opt/ros/foxy/include/rclcpp/rclcpp.hpp:146[m[K,
[1.779s]                  from [01m[K/home/isopodin-time/ros2_ws/src/muuv_ros/src/muuv_ros/pid_recombiner.cpp:4[m[K:
[1.779s] /opt/ros/foxy/include/rclcpp/any_subscription_callback.hpp: In instantiation of ‘[01m[Kclass rclcpp::AnySubscriptionCallback<const std::shared_ptr<custom_msg_srv::msg::Float64Stamped_<std::allocator<void> > >&, std::allocator<void> >[m[K’:
[1.779s] [01m[K/opt/ros/foxy/include/rclcpp/subscription.hpp:347:57:[m[K   required from ‘[01m[Kclass rclcpp::Subscription<const std::shared_ptr<custom_msg_srv::msg::Float64Stamped_<std::allocator<void> > >&, std::allocator<void>, rclcpp::message_memory_strategy::MessageMemoryStrategy<const std::shared_ptr<custom_msg_srv::msg::Float64Stamped_<std::allocator<void> > >&, std::allocator<void> > >[m[K’
[1.779s] [01m[K/usr/include/c++/9/type_traits:1313:45:[m[K   required by substitution of ‘[01m[Ktemplate<class _From1, class _To1, class> static std::true_type std::__is_convertible_helper<rclcpp::Subscription<const std::shared_ptr<custom_msg_srv::msg::Float64Stamped_<std::allocator<void> > >&, std::allocator<void>, rclcpp::message_memory_strategy::MessageMemoryStrategy<const std::shared_ptr<custom_msg_srv::msg::Float64Stamped_<std::allocator<void> > >&, std::allocator<void> > >*, rclcpp::Subscription<custom_msg_srv::msg::Float64Stamped_<std::allocator<void> > >*, false>::__test<_From1, _To1, <template-parameter-1-3> >(int) [with _From1 = rclcpp::Subscription<const std::shared_ptr<custom_msg_srv::msg::Float64Stamped_<std::allocator<void> > >&, std::allocator<void>, rclcpp::message_memory_strategy::MessageMemoryStrategy<const std::shared_ptr<custom_msg_srv::msg::Float64Stamped_<std::allocator<void> > >&, std::allocator<void> > >*; _To1 = rclcpp::Subscription<custom_msg_srv::msg::Float64Stamped_<std::allocator<void> > >*; <template-parameter-1-3> = <missing>][m[K’
[1.779s] [01m[K/usr/include/c++/9/type_traits:1322:42:[m[K   required from ‘[01m[Kstruct std::__is_convertible_helper<rclcpp::Subscription<const std::shared_ptr<custom_msg_srv::msg::Float64Stamped_<std::allocator<void> > >&, std::allocator<void>, rclcpp::message_memory_strategy::MessageMemoryStrategy<const std::shared_ptr<custom_msg_srv::msg::Float64Stamped_<std::allocator<void> > >&, std::allocator<void> > >*, rclcpp::Subscription<custom_msg_srv::msg::Float64Stamped_<std::allocator<void> > >*, false>[m[K’
[1.779s] [01m[K/usr/include/c++/9/type_traits:1328:12:[m[K   required from ‘[01m[Kstruct std::is_convertible<rclcpp::Subscription<const std::shared_ptr<custom_msg_srv::msg::Float64Stamped_<std::allocator<void> > >&, std::allocator<void>, rclcpp::message_memory_strategy::MessageMemoryStrategy<const std::shared_ptr<custom_msg_srv::msg::Float64Stamped_<std::allocator<void> > >&, std::allocator<void> > >*, rclcpp::Subscription<custom_msg_srv::msg::Float64Stamped_<std::allocator<void> > >*>[m[K’
[1.780s] [01m[K/usr/include/c++/9/bits/shared_ptr_base.h:927:12:[m[K   [ skipping 2 instantiation contexts, use -ftemplate-backtrace-limit=0 to disable ]
[1.780s] [01m[K/usr/include/c++/9/bits/shared_ptr_base.h:1099:8:[m[K   required by substitution of ‘[01m[Ktemplate<class _Tp, __gnu_cxx::_Lock_policy _Lp> template<class _Yp> using _Assignable = std::__shared_ptr<_Tp, _Lp>::_Compatible<_Yp, std::__shared_ptr<_Tp, _Lp>&> [with _Yp = rclcpp::Subscription<const std::shared_ptr<custom_msg_srv::msg::Float64Stamped_<std::allocator<void> > >&, std::allocator<void>, rclcpp::message_memory_strategy::MessageMemoryStrategy<const std::shared_ptr<custom_msg_srv::msg::Float64Stamped_<std::allocator<void> > >&, std::allocator<void> > >; _Tp = rclcpp::Subscription<custom_msg_srv::msg::Float64Stamped_<std::allocator<void> > >; __gnu_cxx::_Lock_policy _Lp = __gnu_cxx::_S_atomic][m[K’
[1.780s] [01m[K/usr/include/c++/9/bits/shared_ptr_base.h:1271:2:[m[K   required by substitution of ‘[01m[Ktemplate<class _Yp> std::__shared_ptr<rclcpp::Subscription<custom_msg_srv::msg::Float64Stamped_<std::allocator<void> > >, __gnu_cxx::_S_atomic>::_Assignable<_Yp> std::__shared_ptr<rclcpp::Subscription<custom_msg_srv::msg::Float64Stamped_<std::allocator<void> > >, __gnu_cxx::_S_atomic>::operator=<_Yp>(std::__shared_ptr<_Tp>&&) [with _Yp = rclcpp::Subscription<const std::shared_ptr<custom_msg_srv::msg::Float64Stamped_<std::allocator<void> > >&, std::allocator<void>, rclcpp::message_memory_strategy::MessageMemoryStrategy<const std::shared_ptr<custom_msg_srv::msg::Float64Stamped_<std::allocator<void> > >&, std::allocator<void> > >][m[K’
[1.780s] [01m[K/usr/include/c++/9/type_traits:1010:12:[m[K   required from ‘[01m[Kstruct std::is_assignable<std::__shared_ptr<rclcpp::Subscription<custom_msg_srv::msg::Float64Stamped_<std::allocator<void> > >, __gnu_cxx::_S_atomic>&, std::shared_ptr<rclcpp::Subscription<const std::shared_ptr<custom_msg_srv::msg::Float64Stamped_<std::allocator<void> > >&, std::allocator<void>, rclcpp::message_memory_strategy::MessageMemoryStrategy<const std::shared_ptr<custom_msg_srv::msg::Float64Stamped_<std::allocator<void> > >&, std::allocator<void> > > > >[m[K’
[1.780s] [01m[K/usr/include/c++/9/bits/shared_ptr.h:111:8:[m[K   required by substitution of ‘[01m[Ktemplate<class _Tp> template<class _Arg> using _Assignable = typename std::enable_if<std::is_assignable<std::__shared_ptr<_Tp>&, _Arg>::value, std::shared_ptr<_Tp>&>::type [with _Arg = std::shared_ptr<rclcpp::Subscription<const std::shared_ptr<custom_msg_srv::msg::Float64Stamped_<std::allocator<void> > >&, std::allocator<void>, rclcpp::message_memory_strategy::MessageMemoryStrategy<const std::shared_ptr<custom_msg_srv::msg::Float64Stamped_<std::allocator<void> > >&, std::allocator<void> > > >; _Tp = rclcpp::Subscription<custom_msg_srv::msg::Float64Stamped_<std::allocator<void> > >][m[K’
[1.780s] [01m[K/usr/include/c++/9/bits/shared_ptr.h:341:2:[m[K   required by substitution of ‘[01m[Ktemplate<class _Yp> std::shared_ptr<rclcpp::Subscription<custom_msg_srv::msg::Float64Stamped_<std::allocator<void> > > >::_Assignable<std::shared_ptr<_Tp> > std::shared_ptr<rclcpp::Subscription<custom_msg_srv::msg::Float64Stamped_<std::allocator<void> > > >::operator=<_Yp>(std::shared_ptr<_Tp>&&) [with _Yp = rclcpp::Subscription<const std::shared_ptr<custom_msg_srv::msg::Float64Stamped_<std::allocator<void> > >&, std::allocator<void>, rclcpp::message_memory_strategy::MessageMemoryStrategy<const std::shared_ptr<custom_msg_srv::msg::Float64Stamped_<std::allocator<void> > >&, std::allocator<void> > >][m[K’
[1.780s] [01m[K/home/isopodin-time/ros2_ws/src/muuv_ros/src/muuv_ros/pid_recombiner.cpp:39:174:[m[K   required from here
[1.780s] [01m[K/opt/ros/foxy/include/rclcpp/any_subscription_callback.hpp:111:8:[m[K [01;31m[Kerror: [m[K‘[01m[Ktemplate<class CallbackT, typename std::enable_if<rclcpp::function_traits::same_arguments<CallbackT, std::function<void(std::shared_ptr<const std::shared_ptr<custom_msg_srv::msg::Float64Stamped_<std::allocator<void> > >&>)> >::value, void>::type* <anonymous> > void rclcpp::AnySubscriptionCallback<MessageT, Alloc>::set(CallbackT) [with CallbackT = CallbackT; typename std::enable_if<rclcpp::function_traits::same_arguments<CallbackT, std::function<void(std::shared_ptr<const _Tp>)> >::value>::type* <anonymous> = <enumerator>; MessageT = const std::shared_ptr<custom_msg_srv::msg::Float64Stamped_<std::allocator<void> > >&; Alloc = std::allocator<void>][m[K’ cannot be overloaded with ‘[01m[Ktemplate<class CallbackT, typename std::enable_if<rclcpp::function_traits::same_arguments<CallbackT, std::function<void(std::shared_ptr<const std::shared_ptr<custom_msg_srv::msg::Float64Stamped_<std::allocator<void> > >&>)> >::value, void>::type* <anonymous> > void rclcpp::AnySubscriptionCallback<MessageT, Alloc>::set(CallbackT) [with CallbackT = CallbackT; typename std::enable_if<rclcpp::function_traits::same_arguments<CallbackT, std::function<void(std::shared_ptr<_Tp>)> >::value>::type* <anonymous> = <enumerator>; MessageT = const std::shared_ptr<custom_msg_srv::msg::Float64Stamped_<std::allocator<void> > >&; Alloc = std::allocator<void>][m[K’
[1.780s]   111 |   void [01;31m[Kset[m[K(CallbackT callback)
[1.780s]       |        [01;31m[K^~~[m[K
[1.780s] [01m[K/opt/ros/foxy/include/rclcpp/any_subscription_callback.hpp:83:8:[m[K [01;36m[Knote: [m[Kprevious declaration ‘[01m[Ktemplate<class CallbackT, typename std::enable_if<rclcpp::function_traits::same_arguments<CallbackT, std::function<void(std::shared_ptr<const std::shared_ptr<custom_msg_srv::msg::Float64Stamped_<std::allocator<void> > >&>)> >::value, void>::type* <anonymous> > void rclcpp::AnySubscriptionCallback<MessageT, Alloc>::set(CallbackT) [with CallbackT = CallbackT; typename std::enable_if<rclcpp::function_traits::same_arguments<CallbackT, std::function<void(std::shared_ptr<_Tp>)> >::value>::type* <anonymous> = <enumerator>; MessageT = const std::shared_ptr<custom_msg_srv::msg::Float64Stamped_<std::allocator<void> > >&; Alloc = std::allocator<void>][m[K’
[1.780s]    83 |   void [01;36m[Kset[m[K(CallbackT callback)
[1.780s]       |        [01;36m[K^~~[m[K
[1.780s] [01m[K/opt/ros/foxy/include/rclcpp/any_subscription_callback.hpp:125:8:[m[K [01;31m[Kerror: [m[K‘[01m[Ktemplate<class CallbackT, typename std::enable_if<rclcpp::function_traits::same_arguments<CallbackT, std::function<void(std::shared_ptr<const std::shared_ptr<custom_msg_srv::msg::Float64Stamped_<std::allocator<void> > >&>, const rclcpp::MessageInfo&)> >::value, void>::type* <anonymous> > void rclcpp::AnySubscriptionCallback<MessageT, Alloc>::set(CallbackT) [with CallbackT = CallbackT; typename std::enable_if<rclcpp::function_traits::same_arguments<CallbackT, std::function<void(std::shared_ptr<const _Tp>, const rclcpp::MessageInfo&)> >::value>::type* <anonymous> = <enumerator>; MessageT = const std::shared_ptr<custom_msg_srv::msg::Float64Stamped_<std::allocator<void> > >&; Alloc = std::allocator<void>][m[K’ cannot be overloaded with ‘[01m[Ktemplate<class CallbackT, typename std::enable_if<rclcpp::function_traits::same_arguments<CallbackT, std::function<void(std::shared_ptr<const std::shared_ptr<custom_msg_srv::msg::Float64Stamped_<std::allocator<void> > >&>, const rclcpp::MessageInfo&)> >::value, void>::type* <anonymous> > void rclcpp::AnySubscriptionCallback<MessageT, Alloc>::set(CallbackT) [with CallbackT = CallbackT; typename std::enable_if<rclcpp::function_traits::same_arguments<CallbackT, std::function<void(std::shared_ptr<_Tp>, const rclcpp::MessageInfo&)> >::value>::type* <anonymous> = <enumerator>; MessageT = const std::shared_ptr<custom_msg_srv::msg::Float64Stamped_<std::allocator<void> > >&; Alloc = std::allocator<void>][m[K’
[1.781s]   125 |   void [01;31m[Kset[m[K(CallbackT callback)
[1.781s]       |        [01;31m[K^~~[m[K
[1.781s] [01m[K/opt/ros/foxy/include/rclcpp/any_subscription_callback.hpp:97:8:[m[K [01;36m[Knote: [m[Kprevious declaration ‘[01m[Ktemplate<class CallbackT, typename std::enable_if<rclcpp::function_traits::same_arguments<CallbackT, std::function<void(std::shared_ptr<const std::shared_ptr<custom_msg_srv::msg::Float64Stamped_<std::allocator<void> > >&>, const rclcpp::MessageInfo&)> >::value, void>::type* <anonymous> > void rclcpp::AnySubscriptionCallback<MessageT, Alloc>::set(CallbackT) [with CallbackT = CallbackT; typename std::enable_if<rclcpp::function_traits::same_arguments<CallbackT, std::function<void(std::shared_ptr<_Tp>, const rclcpp::MessageInfo&)> >::value>::type* <anonymous> = <enumerator>; MessageT = const std::shared_ptr<custom_msg_srv::msg::Float64Stamped_<std::allocator<void> > >&; Alloc = std::allocator<void>][m[K’
[1.781s]    97 |   void [01;36m[Kset[m[K(CallbackT callback)
[1.781s]       |        [01;36m[K^~~[m[K
[1.782s] [01m[K/home/isopodin-time/ros2_ws/src/muuv_ros/src/muuv_ros/pid_recombiner.cpp:39:174:[m[K [01;31m[Kerror: [m[Kno match for ‘[01m[Koperator=[m[K’ (operand types are ‘[01m[Krclcpp::Subscription<custom_msg_srv::msg::Float64Stamped_<std::allocator<void> > >::SharedPtr[m[K’ {aka ‘[01m[Kstd::shared_ptr<rclcpp::Subscription<custom_msg_srv::msg::Float64Stamped_<std::allocator<void> > > >[m[K’} and ‘[01m[Kstd::shared_ptr<rclcpp::Subscription<const std::shared_ptr<custom_msg_srv::msg::Float64Stamped_<std::allocator<void> > >&, std::allocator<void>, rclcpp::message_memory_strategy::MessageMemoryStrategy<const std::shared_ptr<custom_msg_srv::msg::Float64Stamped_<std::allocator<void> > >&, std::allocator<void> > > >[m[K’)
[1.783s]    39 |         sub_x = this->create_subscription<StampedFloatMsg>(this->get_parameter("ctrl_effort.x").as_string(), 10, std::bind(&Pid_recombiner::ctrl_effort_x_callback, this, _1)[01;31m[K)[m[K;
[1.783s]       |                                                                                                                                                                              [01;31m[K^[m[K
[1.783s] In file included from [01m[K/usr/include/c++/9/memory:81[m[K,
[1.783s]                  from [01m[K/home/isopodin-time/ros2_ws/src/muuv_ros/src/muuv_ros/pid_recombiner.cpp:3[m[K:
[1.784s] [01m[K/usr/include/c++/9/bits/shared_ptr.h:309:19:[m[K [01;36m[Knote: [m[Kcandidate: ‘[01m[Kstd::shared_ptr<_Tp>& std::shared_ptr<_Tp>::operator=(const std::shared_ptr<_Tp>&) [with _Tp = rclcpp::Subscription<custom_msg_srv::msg::Float64Stamped_<std::allocator<void> > >][m[K’
[1.784s]   309 |       shared_ptr& [01;36m[Koperator[m[K=(const shared_ptr&) noexcept = default;
[1.784s]       |                   [01;36m[K^~~~~~~~[m[K
[1.784s] [01m[K/usr/include/c++/9/bits/shared_ptr.h:309:29:[m[K [01;36m[Knote: [m[K  no known conversion for argument 1 from ‘[01m[Kstd::shared_ptr<rclcpp::Subscription<const std::shared_ptr<custom_msg_srv::msg::Float64Stamped_<std::allocator<void> > >&, std::allocator<void>, rclcpp::message_memory_strategy::MessageMemoryStrategy<const std::shared_ptr<custom_msg_srv::msg::Float64Stamped_<std::allocator<void> > >&, std::allocator<void> > > >[m[K’ to ‘[01m[Kconst std::shared_ptr<rclcpp::Subscription<custom_msg_srv::msg::Float64Stamped_<std::allocator<void> > > >&[m[K’
[1.784s]   309 |       shared_ptr& operator=([01;36m[Kconst shared_ptr&[m[K) noexcept = default;
[1.784s]       |                             [01;36m[K^~~~~~~~~~~~~~~~~[m[K
[1.784s] [01m[K/usr/include/c++/9/bits/shared_ptr.h:313:2:[m[K [01;36m[Knote: [m[Kcandidate: ‘[01m[Ktemplate<class _Yp> std::shared_ptr<_Tp>::_Assignable<const std::shared_ptr<_Yp>&> std::shared_ptr<_Tp>::operator=(const std::shared_ptr<_Yp>&) [with _Yp = _Yp; _Tp = rclcpp::Subscription<custom_msg_srv::msg::Float64Stamped_<std::allocator<void> > >][m[K’
[1.785s]   313 |  [01;36m[Koperator[m[K=(const shared_ptr<_Yp>& __r) noexcept
[1.785s]       |  [01;36m[K^~~~~~~~[m[K
[1.785s] [01m[K/usr/include/c++/9/bits/shared_ptr.h:313:2:[m[K [01;36m[Knote: [m[K  template argument deduction/substitution failed:
[1.785s] /usr/include/c++/9/bits/shared_ptr.h: In substitution of ‘[01m[Ktemplate<class _Tp> template<class _Arg> using _Assignable = typename std::enable_if<std::is_assignable<std::__shared_ptr<_Tp>&, _Arg>::value, std::shared_ptr<_Tp>&>::type [with _Arg = const std::shared_ptr<rclcpp::Subscription<const std::shared_ptr<custom_msg_srv::msg::Float64Stamped_<std::allocator<void> > >&, std::allocator<void>, rclcpp::message_memory_strategy::MessageMemoryStrategy<const std::shared_ptr<custom_msg_srv::msg::Float64Stamped_<std::allocator<void> > >&, std::allocator<void> > > >&; _Tp = rclcpp::Subscription<custom_msg_srv::msg::Float64Stamped_<std::allocator<void> > >][m[K’:
[1.785s] [01m[K/usr/include/c++/9/bits/shared_ptr.h:313:2:[m[K   required by substitution of ‘[01m[Ktemplate<class _Yp> std::shared_ptr<rclcpp::Subscription<custom_msg_srv::msg::Float64Stamped_<std::allocator<void> > > >::_Assignable<const std::shared_ptr<_Tp>&> std::shared_ptr<rclcpp::Subscription<custom_msg_srv::msg::Float64Stamped_<std::allocator<void> > > >::operator=<_Yp>(const std::shared_ptr<_Tp>&) [with _Yp = rclcpp::Subscription<const std::shared_ptr<custom_msg_srv::msg::Float64Stamped_<std::allocator<void> > >&, std::allocator<void>, rclcpp::message_memory_strategy::MessageMemoryStrategy<const std::shared_ptr<custom_msg_srv::msg::Float64Stamped_<std::allocator<void> > >&, std::allocator<void> > >][m[K’
[1.786s] [01m[K/home/isopodin-time/ros2_ws/src/muuv_ros/src/muuv_ros/pid_recombiner.cpp:39:174:[m[K   required from here
[1.786s] [01m[K/usr/include/c++/9/bits/shared_ptr.h:111:8:[m[K [01;31m[Kerror: [m[Kno type named ‘[01m[Ktype[m[K’ in ‘[01m[Kstruct std::enable_if<false, std::shared_ptr<rclcpp::Subscription<custom_msg_srv::msg::Float64Stamped_<std::allocator<void> > > >&>[m[K’
[1.786s]   111 |  using [01;31m[K_Assignable[m[K = typename enable_if<
[1.786s]       |        [01;31m[K^~~~~~~~~~~[m[K
[1.786s] [01m[K/usr/include/c++/9/bits/shared_ptr.h:324:2:[m[K [01;36m[Knote: [m[Kcandidate: ‘[01m[Ktemplate<class _Yp> std::shared_ptr<_Tp>::_Assignable<std::auto_ptr<_Up> > std::shared_ptr<_Tp>::operator=(std::auto_ptr<_Up>&&) [with _Yp = _Yp; _Tp = rclcpp::Subscription<custom_msg_srv::msg::Float64Stamped_<std::allocator<void> > >][m[K’
[1.786s]   324 |  [01;36m[Koperator[m[K=(auto_ptr<_Yp>&& __r)
[1.786s]       |  [01;36m[K^~~~~~~~[m[K
[1.786s] [01m[K/usr/include/c++/9/bits/shared_ptr.h:324:2:[m[K [01;36m[Knote: [m[K  template argument deduction/substitution failed:
[1.787s] [01m[K/home/isopodin-time/ros2_ws/src/muuv_ros/src/muuv_ros/pid_recombiner.cpp:39:174:[m[K [01;36m[Knote: [m[K  ‘[01m[Kstd::shared_ptr<rclcpp::Subscription<const std::shared_ptr<custom_msg_srv::msg::Float64Stamped_<std::allocator<void> > >&, std::allocator<void>, rclcpp::message_memory_strategy::MessageMemoryStrategy<const std::shared_ptr<custom_msg_srv::msg::Float64Stamped_<std::allocator<void> > >&, std::allocator<void> > > >[m[K’ is not derived from ‘[01m[Kstd::auto_ptr<_Up>[m[K’
[1.787s]    39 |         sub_x = this->create_subscription<StampedFloatMsg>(this->get_parameter("ctrl_effort.x").as_string(), 10, std::bind(&Pid_recombiner::ctrl_effort_x_callback, this, _1)[01;36m[K)[m[K;
[1.787s]       |                                                                                                                                                                              [01;36m[K^[m[K
[1.787s] In file included from [01m[K/usr/include/c++/9/memory:81[m[K,
[1.787s]                  from [01m[K/home/isopodin-time/ros2_ws/src/muuv_ros/src/muuv_ros/pid_recombiner.cpp:3[m[K:
[1.787s] [01m[K/usr/include/c++/9/bits/shared_ptr.h:333:7:[m[K [01;36m[Knote: [m[Kcandidate: ‘[01m[Kstd::shared_ptr<_Tp>& std::shared_ptr<_Tp>::operator=(std::shared_ptr<_Tp>&&) [with _Tp = rclcpp::Subscription<custom_msg_srv::msg::Float64Stamped_<std::allocator<void> > >][m[K’
[1.787s]   333 |       [01;36m[Koperator[m[K=(shared_ptr&& __r) noexcept
[1.787s]       |       [01;36m[K^~~~~~~~[m[K
[1.787s] [01m[K/usr/include/c++/9/bits/shared_ptr.h:333:30:[m[K [01;36m[Knote: [m[K  no known conversion for argument 1 from ‘[01m[Kstd::shared_ptr<rclcpp::Subscription<const std::shared_ptr<custom_msg_srv::msg::Float64Stamped_<std::allocator<void> > >&, std::allocator<void>, rclcpp::message_memory_strategy::MessageMemoryStrategy<const std::shared_ptr<custom_msg_srv::msg::Float64Stamped_<std::allocator<void> > >&, std::allocator<void> > > >[m[K’ to ‘[01m[Kstd::shared_ptr<rclcpp::Subscription<custom_msg_srv::msg::Float64Stamped_<std::allocator<void> > > >&&[m[K’
[1.788s]   333 |       operator=([01;36m[Kshared_ptr&& __r[m[K) noexcept
[1.788s]       |                 [01;36m[K~~~~~~~~~~~~~^~~[m[K
[1.788s] [01m[K/usr/include/c++/9/bits/shared_ptr.h:341:2:[m[K [01;36m[Knote: [m[Kcandidate: ‘[01m[Ktemplate<class _Yp> std::shared_ptr<_Tp>::_Assignable<std::shared_ptr<_Yp> > std::shared_ptr<_Tp>::operator=(std::shared_ptr<_Yp>&&) [with _Yp = _Yp; _Tp = rclcpp::Subscription<custom_msg_srv::msg::Float64Stamped_<std::allocator<void> > >][m[K’
[1.788s]   341 |  [01;36m[Koperator[m[K=(shared_ptr<_Yp>&& __r) noexcept
[1.788s]       |  [01;36m[K^~~~~~~~[m[K
[1.788s] [01m[K/usr/include/c++/9/bits/shared_ptr.h:341:2:[m[K [01;36m[Knote: [m[K  substitution of deduced template arguments resulted in errors seen above
[1.788s] [01m[K/usr/include/c++/9/bits/shared_ptr.h:349:2:[m[K [01;36m[Knote: [m[Kcandidate: ‘[01m[Ktemplate<class _Yp, class _Del> std::shared_ptr<_Tp>::_Assignable<std::unique_ptr<_Up, _Ep> > std::shared_ptr<_Tp>::operator=(std::unique_ptr<_Up, _Ep>&&) [with _Yp = _Yp; _Del = _Del; _Tp = rclcpp::Subscription<custom_msg_srv::msg::Float64Stamped_<std::allocator<void> > >][m[K’
[1.788s]   349 |  [01;36m[Koperator[m[K=(unique_ptr<_Yp, _Del>&& __r)
[1.789s]       |  [01;36m[K^~~~~~~~[m[K
[1.789s] [01m[K/usr/include/c++/9/bits/shared_ptr.h:349:2:[m[K [01;36m[Knote: [m[K  template argument deduction/substitution failed:
[1.789s] [01m[K/home/isopodin-time/ros2_ws/src/muuv_ros/src/muuv_ros/pid_recombiner.cpp:39:174:[m[K [01;36m[Knote: [m[K  ‘[01m[Kstd::shared_ptr<rclcpp::Subscription<const std::shared_ptr<custom_msg_srv::msg::Float64Stamped_<std::allocator<void> > >&, std::allocator<void>, rclcpp::message_memory_strategy::MessageMemoryStrategy<const std::shared_ptr<custom_msg_srv::msg::Float64Stamped_<std::allocator<void> > >&, std::allocator<void> > > >[m[K’ is not derived from ‘[01m[Kstd::unique_ptr<_Tp, _Dp>[m[K’
[1.789s]    39 |         sub_x = this->create_subscription<StampedFloatMsg>(this->get_parameter("ctrl_effort.x").as_string(), 10, std::bind(&Pid_recombiner::ctrl_effort_x_callback, this, _1)[01;36m[K)[m[K;
[1.789s]       |                                                                                                                                                                              [01;36m[K^[m[K
[2.098s] In file included from [01m[K/opt/ros/foxy/include/rclcpp/node_interfaces/node_topics_interface.hpp:32[m[K,
[2.098s]                  from [01m[K/opt/ros/foxy/include/rclcpp/node.hpp:55[m[K,
[2.098s]                  from [01m[K/opt/ros/foxy/include/rclcpp/executors/single_threaded_executor.hpp:28[m[K,
[2.098s]                  from [01m[K/opt/ros/foxy/include/rclcpp/executors.hpp:22[m[K,
[2.098s]                  from [01m[K/opt/ros/foxy/include/rclcpp/rclcpp.hpp:146[m[K,
[2.098s]                  from [01m[K/home/isopodin-time/ros2_ws/src/muuv_ros/src/muuv_ros/pid_recombiner.cpp:4[m[K:
[2.098s] /opt/ros/foxy/include/rclcpp/subscription_factory.hpp: In instantiation of ‘[01m[Krclcpp::SubscriptionFactory rclcpp::create_subscription_factory(CallbackT&&, const rclcpp::SubscriptionOptionsWithAllocator<AllocatorT>&, typename MessageMemoryStrategyT::SharedPtr, std::shared_ptr<rclcpp::topic_statistics::SubscriptionTopicStatistics<CallbackMessageT> >) [with MessageT = custom_msg_srv::msg::Float64Stamped_<std::allocator<void> >; CallbackT = std::_Bind<void (Pid_recombiner::*(Pid_recombiner*, std::_Placeholder<1>))(const std::shared_ptr<custom_msg_srv::msg::Float64Stamped_<std::allocator<void> > >&)>; AllocatorT = std::allocator<void>; CallbackMessageT = const std::shared_ptr<custom_msg_srv::msg::Float64Stamped_<std::allocator<void> > >&; SubscriptionT = rclcpp::Subscription<const std::shared_ptr<custom_msg_srv::msg::Float64Stamped_<std::allocator<void> > >&, std::allocator<void>, rclcpp::message_memory_strategy::MessageMemoryStrategy<const std::shared_ptr<custom_msg_srv::msg::Float64Stamped_<std::allocator<void> > >&, std::allocator<void> > >; MessageMemoryStrategyT = rclcpp::message_memory_strategy::MessageMemoryStrategy<const std::shared_ptr<custom_msg_srv::msg::Float64Stamped_<std::allocator<void> > >&, std::allocator<void> >; typename MessageMemoryStrategyT::SharedPtr = std::shared_ptr<rclcpp::message_memory_strategy::MessageMemoryStrategy<const std::shared_ptr<custom_msg_srv::msg::Float64Stamped_<std::allocator<void> > >&, std::allocator<void> > >][m[K’:
[2.098s] [01m[K/opt/ros/foxy/include/rclcpp/create_subscription.hpp:144:63:[m[K   required from ‘[01m[Kstd::shared_ptr<SubscriptionT> rclcpp::create_subscription(NodeT&&, const string&, const rclcpp::QoS&, CallbackT&&, const rclcpp::SubscriptionOptionsWithAllocator<AllocatorT>&, typename MessageMemoryStrategyT::SharedPtr) [with MessageT = custom_msg_srv::msg::Float64Stamped_<std::allocator<void> >; CallbackT = std::_Bind<void (Pid_recombiner::*(Pid_recombiner*, std::_Placeholder<1>))(const std::shared_ptr<custom_msg_srv::msg::Float64Stamped_<std::allocator<void> > >&)>; AllocatorT = std::allocator<void>; CallbackMessageT = const std::shared_ptr<custom_msg_srv::msg::Float64Stamped_<std::allocator<void> > >&; SubscriptionT = rclcpp::Subscription<const std::shared_ptr<custom_msg_srv::msg::Float64Stamped_<std::allocator<void> > >&, std::allocator<void>, rclcpp::message_memory_strategy::MessageMemoryStrategy<const std::shared_ptr<custom_msg_srv::msg::Float64Stamped_<std::allocator<void> > >&, std::allocator<void> > >; MessageMemoryStrategyT = rclcpp::message_memory_strategy::MessageMemoryStrategy<const std::shared_ptr<custom_msg_srv::msg::Float64Stamped_<std::allocator<void> > >&, std::allocator<void> >; NodeT = rclcpp::Node&; std::string = std::__cxx11::basic_string<char>; typename MessageMemoryStrategyT::SharedPtr = std::shared_ptr<rclcpp::message_memory_strategy::MessageMemoryStrategy<const std::shared_ptr<custom_msg_srv::msg::Float64Stamped_<std::allocator<void> > >&, std::allocator<void> > >][m[K’
[2.098s] [01m[K/opt/ros/foxy/include/rclcpp/node_impl.hpp:98:47:[m[K   required from ‘[01m[Kstd::shared_ptr<SubscriptionT> rclcpp::Node::create_subscription(const string&, const rclcpp::QoS&, CallbackT&&, const rclcpp::SubscriptionOptionsWithAllocator<AllocatorT>&, typename MessageMemoryStrategyT::SharedPtr) [with MessageT = custom_msg_srv::msg::Float64Stamped_<std::allocator<void> >; CallbackT = std::_Bind<void (Pid_recombiner::*(Pid_recombiner*, std::_Placeholder<1>))(const std::shared_ptr<custom_msg_srv::msg::Float64Stamped_<std::allocator<void> > >&)>; AllocatorT = std::allocator<void>; CallbackMessageT = const std::shared_ptr<custom_msg_srv::msg::Float64Stamped_<std::allocator<void> > >&; SubscriptionT = rclcpp::Subscription<const std::shared_ptr<custom_msg_srv::msg::Float64Stamped_<std::allocator<void> > >&, std::allocator<void>, rclcpp::message_memory_strategy::MessageMemoryStrategy<const std::shared_ptr<custom_msg_srv::msg::Float64Stamped_<std::allocator<void> > >&, std::allocator<void> > >; MessageMemoryStrategyT = rclcpp::message_memory_strategy::MessageMemoryStrategy<const std::shared_ptr<custom_msg_srv::msg::Float64Stamped_<std::allocator<void> > >&, std::allocator<void> >; std::string = std::__cxx11::basic_string<char>; typename MessageMemoryStrategyT::SharedPtr = std::shared_ptr<rclcpp::message_memory_strategy::MessageMemoryStrategy<const std::shared_ptr<custom_msg_srv::msg::Float64Stamped_<std::allocator<void> > >&, std::allocator<void> > >][m[K’
[2.099s] [01m[K/home/isopodin-time/ros2_ws/src/muuv_ros/src/muuv_ros/pid_recombiner.cpp:39:174:[m[K   required from here
[2.099s] [01m[K/opt/ros/foxy/include/rclcpp/subscription_factory.hpp:97:3:[m[K [01;31m[Kerror: [m[Kno matching function for call to ‘[01m[Krclcpp::AnySubscriptionCallback<const std::shared_ptr<custom_msg_srv::msg::Float64Stamped_<std::allocator<void> > >&, std::allocator<void> >::set(std::_Bind<void (Pid_recombiner::*(Pid_recombiner*, std::_Placeholder<1>))(const std::shared_ptr<custom_msg_srv::msg::Float64Stamped_<std::allocator<void> > >&)>)[m[K’
[2.099s]    97 |   [01;31m[Kany_subscription_callback[m[K.set(std::forward<CallbackT>(callback));
[2.099s]       |   [01;31m[K^~~~~~~~~~~~~~~~~~~~~~~~~[m[K
[2.099s] In file included from [01m[K/opt/ros/foxy/include/rclcpp/subscription_base.hpp:29[m[K,
[2.099s]                  from [01m[K/opt/ros/foxy/include/rclcpp/callback_group.hpp:26[m[K,
[2.099s]                  from [01m[K/opt/ros/foxy/include/rclcpp/any_executable.hpp:20[m[K,
[2.099s]                  from [01m[K/opt/ros/foxy/include/rclcpp/memory_strategy.hpp:24[m[K,
[2.099s]                  from [01m[K/opt/ros/foxy/include/rclcpp/memory_strategies.hpp:18[m[K,
[2.099s]                  from [01m[K/opt/ros/foxy/include/rclcpp/executor_options.hpp:20[m[K,
[2.099s]                  from [01m[K/opt/ros/foxy/include/rclcpp/executor.hpp:33[m[K,
[2.099s]                  from [01m[K/opt/ros/foxy/include/rclcpp/executors/multi_threaded_executor.hpp:26[m[K,
[2.099s]                  from [01m[K/opt/ros/foxy/include/rclcpp/executors.hpp:21[m[K,
[2.099s]                  from [01m[K/opt/ros/foxy/include/rclcpp/rclcpp.hpp:146[m[K,
[2.099s]                  from [01m[K/home/isopodin-time/ros2_ws/src/muuv_ros/src/muuv_ros/pid_recombiner.cpp:4[m[K:
[2.099s] [01m[K/opt/ros/foxy/include/rclcpp/any_subscription_callback.hpp:83:8:[m[K [01;36m[Knote: [m[Kcandidate: ‘[01m[Ktemplate<class CallbackT, typename std::enable_if<rclcpp::function_traits::same_arguments<CallbackT, std::function<void(std::shared_ptr<const std::shared_ptr<custom_msg_srv::msg::Float64Stamped_<std::allocator<void> > >&>)> >::value, void>::type* <anonymous> > void rclcpp::AnySubscriptionCallback<MessageT, Alloc>::set(CallbackT) [with CallbackT = CallbackT; typename std::enable_if<rclcpp::function_traits::same_arguments<CallbackT, std::function<void(std::shared_ptr<_Tp>)> >::value>::type* <anonymous> = <enumerator>; MessageT = const std::shared_ptr<custom_msg_srv::msg::Float64Stamped_<std::allocator<void> > >&; Alloc = std::allocator<void>][m[K’
[2.099s]    83 |   void [01;36m[Kset[m[K(CallbackT callback)
[2.099s]       |        [01;36m[K^~~[m[K
[2.100s] [01m[K/opt/ros/foxy/include/rclcpp/any_subscription_callback.hpp:83:8:[m[K [01;36m[Knote: [m[K  template argument deduction/substitution failed:
[2.100s] [01m[K/opt/ros/foxy/include/rclcpp/any_subscription_callback.hpp:81:17:[m[K [01;31m[Kerror: [m[Kno type named ‘[01m[Ktype[m[K’ in ‘[01m[Kstruct std::enable_if<false, void>[m[K’
[2.100s]    81 |     >::type * = [01;31m[Knullptr[m[K
[2.100s]       |                 [01;31m[K^~~~~~~[m[K
[2.100s] [01m[K/opt/ros/foxy/include/rclcpp/any_subscription_callback.hpp:97:8:[m[K [01;36m[Knote: [m[Kcandidate: ‘[01m[Ktemplate<class CallbackT, typename std::enable_if<rclcpp::function_traits::same_arguments<CallbackT, std::function<void(std::shared_ptr<const std::shared_ptr<custom_msg_srv::msg::Float64Stamped_<std::allocator<void> > >&>, const rclcpp::MessageInfo&)> >::value, void>::type* <anonymous> > void rclcpp::AnySubscriptionCallback<MessageT, Alloc>::set(CallbackT) [with CallbackT = CallbackT; typename std::enable_if<rclcpp::function_traits::same_arguments<CallbackT, std::function<void(std::shared_ptr<_Tp>, const rclcpp::MessageInfo&)> >::value>::type* <anonymous> = <enumerator>; MessageT = const std::shared_ptr<custom_msg_srv::msg::Float64Stamped_<std::allocator<void> > >&; Alloc = std::allocator<void>][m[K’
[2.100s]    97 |   void [01;36m[Kset[m[K(CallbackT callback)
[2.100s]       |        [01;36m[K^~~[m[K
[2.100s] [01m[K/opt/ros/foxy/include/rclcpp/any_subscription_callback.hpp:97:8:[m[K [01;36m[Knote: [m[K  template argument deduction/substitution failed:
[2.100s] [01m[K/opt/ros/foxy/include/rclcpp/any_subscription_callback.hpp:95:17:[m[K [01;31m[Kerror: [m[Kno type named ‘[01m[Ktype[m[K’ in ‘[01m[Kstruct std::enable_if<false, void>[m[K’
[2.100s]    95 |     >::type * = [01;31m[Knullptr[m[K
[2.100s]       |                 [01;31m[K^~~~~~~[m[K
[2.100s] [01m[K/opt/ros/foxy/include/rclcpp/any_subscription_callback.hpp:139:8:[m[K [01;36m[Knote: [m[Kcandidate: ‘[01m[Ktemplate<class CallbackT, typename std::enable_if<rclcpp::function_traits::same_arguments<CallbackT, std::function<void(std::unique_ptr<const std::shared_ptr<custom_msg_srv::msg::Float64Stamped_<std::allocator<void> > >&, std::default_delete<const std::shared_ptr<custom_msg_srv::msg::Float64Stamped_<std::allocator<void> > >&> >)> >::value, void>::type* <anonymous> > void rclcpp::AnySubscriptionCallback<MessageT, Alloc>::set(CallbackT) [with CallbackT = CallbackT; typename std::enable_if<rclcpp::function_traits::same_arguments<CallbackT, std::function<void(std::unique_ptr<MessageT, typename std::conditional<std::is_same<typename std::allocator_traits<typename std::allocator_traits<_Alloc>::rebind_traits<MessageT>::allocator_type>::rebind_alloc<MessageT>, typename std::allocator<void>::rebind<_Tp1>::other>::value, std::default_delete<_Tp>, rclcpp::allocator::AllocatorDeleter<typename std::allocator_traits<_Alloc>::rebind_traits<MessageT>::allocator_type> >::type>)> >::value>::type* <anonymous> = <enumerator>; MessageT = const std::shared_ptr<custom_msg_srv::msg::Float64Stamped_<std::allocator<void> > >&; Alloc = std::allocator<void>][m[K’
[2.100s]   139 |   void [01;36m[Kset[m[K(CallbackT callback)
[2.100s]       |        [01;36m[K^~~[m[K
[2.100s] [01m[K/opt/ros/foxy/include/rclcpp/any_subscription_callback.hpp:139:8:[m[K [01;36m[Knote: [m[K  template argument deduction/substitution failed:
[2.100s] [01m[K/opt/ros/foxy/include/rclcpp/any_subscription_callback.hpp:137:17:[m[K [01;31m[Kerror: [m[Kno type named ‘[01m[Ktype[m[K’ in ‘[01m[Kstruct std::enable_if<false, void>[m[K’
[2.100s]   137 |     >::type * = [01;31m[Knullptr[m[K
[2.100s]       |                 [01;31m[K^~~~~~~[m[K
[2.101s] [01m[K/opt/ros/foxy/include/rclcpp/any_subscription_callback.hpp:153:8:[m[K [01;36m[Knote: [m[Kcandidate: ‘[01m[Ktemplate<class CallbackT, typename std::enable_if<rclcpp::function_traits::same_arguments<CallbackT, std::function<void(std::unique_ptr<const std::shared_ptr<custom_msg_srv::msg::Float64Stamped_<std::allocator<void> > >&, std::default_delete<const std::shared_ptr<custom_msg_srv::msg::Float64Stamped_<std::allocator<void> > >&> >, const rclcpp::MessageInfo&)> >::value, void>::type* <anonymous> > void rclcpp::AnySubscriptionCallback<MessageT, Alloc>::set(CallbackT) [with CallbackT = CallbackT; typename std::enable_if<rclcpp::function_traits::same_arguments<CallbackT, std::function<void(std::unique_ptr<MessageT, typename std::conditional<std::is_same<typename std::allocator_traits<typename std::allocator_traits<_Alloc>::rebind_traits<MessageT>::allocator_type>::rebind_alloc<MessageT>, typename std::allocator<void>::rebind<_Tp1>::other>::value, std::default_delete<_Tp>, rclcpp::allocator::AllocatorDeleter<typename std::allocator_traits<_Alloc>::rebind_traits<MessageT>::allocator_type> >::type>, const rclcpp::MessageInfo&)> >::value>::type* <anonymous> = <enumerator>; MessageT = const std::shared_ptr<custom_msg_srv::msg::Float64Stamped_<std::allocator<void> > >&; Alloc = std::allocator<void>][m[K’
[2.101s]   153 |   void [01;36m[Kset[m[K(CallbackT callback)
[2.101s]       |        [01;36m[K^~~[m[K
[2.101s] [01m[K/opt/ros/foxy/include/rclcpp/any_subscription_callback.hpp:153:8:[m[K [01;36m[Knote: [m[K  template argument deduction/substitution failed:
[2.101s] [01m[K/opt/ros/foxy/include/rclcpp/any_subscription_callback.hpp:151:17:[m[K [01;31m[Kerror: [m[Kno type named ‘[01m[Ktype[m[K’ in ‘[01m[Kstruct std::enable_if<false, void>[m[K’
[2.101s]   151 |     >::type * = [01;31m[Knullptr[m[K
[2.101s]       |                 [01;31m[K^~~~~~~[m[K
[2.581s] In file included from [01m[K/usr/include/x86_64-linux-gnu/c++/9/bits/c++allocator.h:33[m[K,
[2.582s]                  from [01m[K/usr/include/c++/9/bits/allocator.h:46[m[K,
[2.582s]                  from [01m[K/usr/include/c++/9/string:41[m[K,
[2.582s]                  from [01m[K/usr/include/c++/9/stdexcept:39[m[K,
[2.582s]                  from [01m[K/usr/include/c++/9/array:39[m[K,
[2.582s]                  from [01m[K/usr/include/c++/9/tuple:39[m[K,
[2.582s]                  from [01m[K/usr/include/c++/9/functional:54[m[K,
[2.582s]                  from [01m[K/home/isopodin-time/ros2_ws/src/muuv_ros/src/muuv_ros/pid_recombiner.cpp:2[m[K:
[2.582s] /usr/include/c++/9/ext/new_allocator.h: In instantiation of ‘[01m[Kclass __gnu_cxx::new_allocator<const std::shared_ptr<custom_msg_srv::msg::Float64Stamped_<std::allocator<void> > >&>[m[K’:
[2.582s] [01m[K/usr/include/c++/9/bits/allocator.h:111:11:[m[K   required from ‘[01m[Kclass std::allocator<const std::shared_ptr<custom_msg_srv::msg::Float64Stamped_<std::allocator<void> > >&>[m[K’
[2.582s] [01m[K/usr/include/c++/9/bits/shared_ptr_base.h:1365:63:[m[K   required by substitution of ‘[01m[Ktemplate<class _Yp> struct std::__shared_ptr<std::allocator<const std::shared_ptr<custom_msg_srv::msg::Float64Stamped_<std::allocator<void> > >&>, __gnu_cxx::_S_atomic>::__has_esft_base<_Yp, std::__void_t<decltype (__enable_shared_from_this_base(declval<const std::__shared_count<__gnu_cxx::_S_atomic>&>(), declval<_Yp*>()))> > [with _Yp = std::allocator<const std::shared_ptr<custom_msg_srv::msg::Float64Stamped_<std::allocator<void> > >&>][m[K’
[2.582s] [01m[K/usr/include/c++/9/bits/shared_ptr_base.h:1387:21:[m[K   required by substitution of ‘[01m[Ktemplate<class _Yp, class _Yp2> typename std::enable_if<(! std::__shared_ptr<std::allocator<const std::shared_ptr<custom_msg_srv::msg::Float64Stamped_<std::allocator<void> > >&>, __gnu_cxx::_S_atomic>::__has_esft_base<_Yp2, void>::value), void>::type std::__shared_ptr<std::allocator<const std::shared_ptr<custom_msg_srv::msg::Float64Stamped_<std::allocator<void> > >&>, __gnu_cxx::_S_atomic>::_M_enable_shared_from_this_with<_Yp, _Yp2>(_Yp*) [with _Yp = std::allocator<const std::shared_ptr<custom_msg_srv::msg::Float64Stamped_<std::allocator<void> > >&>; _Yp2 = std::allocator<const std::shared_ptr<custom_msg_srv::msg::Float64Stamped_<std::allocator<void> > >&>][m[K’
[2.583s] [01m[K/usr/include/c++/9/bits/shared_ptr_base.h:1345:4:[m[K   required from ‘[01m[Kstd::__shared_ptr<_Tp, _Lp>::__shared_ptr(std::_Sp_alloc_shared_tag<_Tp>, _Args&& ...) [with _Alloc = std::allocator<std::allocator<const std::shared_ptr<custom_msg_srv::msg::Float64Stamped_<std::allocator<void> > >&> >; _Args = {std::allocator<void>&}; _Tp = std::allocator<const std::shared_ptr<custom_msg_srv::msg::Float64Stamped_<std::allocator<void> > >&>; __gnu_cxx::_Lock_policy _Lp = __gnu_cxx::_S_atomic][m[K’
[2.583s] [01m[K/usr/include/c++/9/bits/shared_ptr.h:359:59:[m[K   [ skipping 2 instantiation contexts, use -ftemplate-backtrace-limit=0 to disable ]
[2.583s] [01m[K/usr/include/c++/9/bits/shared_ptr.h:717:39:[m[K   required from ‘[01m[Kstd::shared_ptr<_Tp> std::make_shared(_Args&& ...) [with _Tp = std::allocator<const std::shared_ptr<custom_msg_srv::msg::Float64Stamped_<std::allocator<void> > >&>; _Args = {std::allocator<void>&}][m[K’
[2.583s] [01m[K/opt/ros/foxy/include/rclcpp/any_subscription_callback.hpp:68:56:[m[K   required from ‘[01m[Krclcpp::AnySubscriptionCallback<MessageT, Alloc>::AnySubscriptionCallback(std::shared_ptr<_Tp>) [with MessageT = const std::shared_ptr<custom_msg_srv::msg::Float64Stamped_<std::allocator<void> > >&; Alloc = std::allocator<void>][m[K’
[2.583s] [01m[K/opt/ros/foxy/include/rclcpp/subscription_factory.hpp:96:57:[m[K   required from ‘[01m[Krclcpp::SubscriptionFactory rclcpp::create_subscription_factory(CallbackT&&, const rclcpp::SubscriptionOptionsWithAllocator<AllocatorT>&, typename MessageMemoryStrategyT::SharedPtr, std::shared_ptr<rclcpp::topic_statistics::SubscriptionTopicStatistics<CallbackMessageT> >) [with MessageT = custom_msg_srv::msg::Float64Stamped_<std::allocator<void> >; CallbackT = std::_Bind<void (Pid_recombiner::*(Pid_recombiner*, std::_Placeholder<1>))(const std::shared_ptr<custom_msg_srv::msg::Float64Stamped_<std::allocator<void> > >&)>; AllocatorT = std::allocator<void>; CallbackMessageT = const std::shared_ptr<custom_msg_srv::msg::Float64Stamped_<std::allocator<void> > >&; SubscriptionT = rclcpp::Subscription<const std::shared_ptr<custom_msg_srv::msg::Float64Stamped_<std::allocator<void> > >&, std::allocator<void>, rclcpp::message_memory_strategy::MessageMemoryStrategy<const std::shared_ptr<custom_msg_srv::msg::Float64Stamped_<std::allocator<void> > >&, std::allocator<void> > >; MessageMemoryStrategyT = rclcpp::message_memory_strategy::MessageMemoryStrategy<const std::shared_ptr<custom_msg_srv::msg::Float64Stamped_<std::allocator<void> > >&, std::allocator<void> >; typename MessageMemoryStrategyT::SharedPtr = std::shared_ptr<rclcpp::message_memory_strategy::MessageMemoryStrategy<const std::shared_ptr<custom_msg_srv::msg::Float64Stamped_<std::allocator<void> > >&, std::allocator<void> > >][m[K’
[2.583s] [01m[K/opt/ros/foxy/include/rclcpp/create_subscription.hpp:144:63:[m[K   required from ‘[01m[Kstd::shared_ptr<SubscriptionT> rclcpp::create_subscription(NodeT&&, const string&, const rclcpp::QoS&, CallbackT&&, const rclcpp::SubscriptionOptionsWithAllocator<AllocatorT>&, typename MessageMemoryStrategyT::SharedPtr) [with MessageT = custom_msg_srv::msg::Float64Stamped_<std::allocator<void> >; CallbackT = std::_Bind<void (Pid_recombiner::*(Pid_recombiner*, std::_Placeholder<1>))(const std::shared_ptr<custom_msg_srv::msg::Float64Stamped_<std::allocator<void> > >&)>; AllocatorT = std::allocator<void>; CallbackMessageT = const std::shared_ptr<custom_msg_srv::msg::Float64Stamped_<std::allocator<void> > >&; SubscriptionT = rclcpp::Subscription<const std::shared_ptr<custom_msg_srv::msg::Float64Stamped_<std::allocator<void> > >&, std::allocator<void>, rclcpp::message_memory_strategy::MessageMemoryStrategy<const std::shared_ptr<custom_msg_srv::msg::Float64Stamped_<std::allocator<void> > >&, std::allocator<void> > >; MessageMemoryStrategyT = rclcpp::message_memory_strategy::MessageMemoryStrategy<const std::shared_ptr<custom_msg_srv::msg::Float64Stamped_<std::allocator<void> > >&, std::allocator<void> >; NodeT = rclcpp::Node&; std::string = std::__cxx11::basic_string<char>; typename MessageMemoryStrategyT::SharedPtr = std::shared_ptr<rclcpp::message_memory_strategy::MessageMemoryStrategy<const std::shared_ptr<custom_msg_srv::msg::Float64Stamped_<std::allocator<void> > >&, std::allocator<void> > >][m[K’
[2.583s] [01m[K/opt/ros/foxy/include/rclcpp/node_impl.hpp:98:47:[m[K   required from ‘[01m[Kstd::shared_ptr<SubscriptionT> rclcpp::Node::create_subscription(const string&, const rclcpp::QoS&, CallbackT&&, const rclcpp::SubscriptionOptionsWithAllocator<AllocatorT>&, typename MessageMemoryStrategyT::SharedPtr) [with MessageT = custom_msg_srv::msg::Float64Stamped_<std::allocator<void> >; CallbackT = std::_Bind<void (Pid_recombiner::*(Pid_recombiner*, std::_Placeholder<1>))(const std::shared_ptr<custom_msg_srv::msg::Float64Stamped_<std::allocator<void> > >&)>; AllocatorT = std::allocator<void>; CallbackMessageT = const std::shared_ptr<custom_msg_srv::msg::Float64Stamped_<std::allocator<void> > >&; SubscriptionT = rclcpp::Subscription<const std::shared_ptr<custom_msg_srv::msg::Float64Stamped_<std::allocator<void> > >&, std::allocator<void>, rclcpp::message_memory_strategy::MessageMemoryStrategy<const std::shared_ptr<custom_msg_srv::msg::Float64Stamped_<std::allocator<void> > >&, std::allocator<void> > >; MessageMemoryStrategyT = rclcpp::message_memory_strategy::MessageMemoryStrategy<const std::shared_ptr<custom_msg_srv::msg::Float64Stamped_<std::allocator<void> > >&, std::allocator<void> >; std::string = std::__cxx11::basic_string<char>; typename MessageMemoryStrategyT::SharedPtr = std::shared_ptr<rclcpp::message_memory_strategy::MessageMemoryStrategy<const std::shared_ptr<custom_msg_srv::msg::Float64Stamped_<std::allocator<void> > >&, std::allocator<void> > >][m[K’
[2.583s] [01m[K/home/isopodin-time/ros2_ws/src/muuv_ros/src/muuv_ros/pid_recombiner.cpp:39:174:[m[K   required from here
[2.583s] [01m[K/usr/include/c++/9/ext/new_allocator.h:63:26:[m[K [01;31m[Kerror: [m[Kforming pointer to reference type ‘[01m[Kconst std::shared_ptr<custom_msg_srv::msg::Float64Stamped_<std::allocator<void> > >&[m[K’
[2.583s]    63 |       typedef _Tp*       [01;31m[Kpointer[m[K;
[2.583s]       |                          [01;31m[K^~~~~~~[m[K
[2.583s] [01m[K/usr/include/c++/9/ext/new_allocator.h:64:26:[m[K [01;31m[Kerror: [m[Kforming pointer to reference type ‘[01m[Kconst std::shared_ptr<custom_msg_srv::msg::Float64Stamped_<std::allocator<void> > >&[m[K’
[2.583s]    64 |       typedef const _Tp* [01;31m[Kconst_pointer[m[K;
[2.583s]       |                          [01;31m[K^~~~~~~~~~~~~[m[K
[2.583s] In file included from [01m[K/usr/include/c++/9/string:41[m[K,
[2.583s]                  from [01m[K/usr/include/c++/9/stdexcept:39[m[K,
[2.583s]                  from [01m[K/usr/include/c++/9/array:39[m[K,
[2.584s]                  from [01m[K/usr/include/c++/9/tuple:39[m[K,
[2.584s]                  from [01m[K/usr/include/c++/9/functional:54[m[K,
[2.584s]                  from [01m[K/home/isopodin-time/ros2_ws/src/muuv_ros/src/muuv_ros/pid_recombiner.cpp:2[m[K:
[2.584s] /usr/include/c++/9/bits/allocator.h: In instantiation of ‘[01m[Kclass std::allocator<const std::shared_ptr<custom_msg_srv::msg::Float64Stamped_<std::allocator<void> > >&>[m[K’:
[2.584s] [01m[K/usr/include/c++/9/bits/shared_ptr_base.h:1365:63:[m[K   required by substitution of ‘[01m[Ktemplate<class _Yp> struct std::__shared_ptr<std::allocator<const std::shared_ptr<custom_msg_srv::msg::Float64Stamped_<std::allocator<void> > >&>, __gnu_cxx::_S_atomic>::__has_esft_base<_Yp, std::__void_t<decltype (__enable_shared_from_this_base(declval<const std::__shared_count<__gnu_cxx::_S_atomic>&>(), declval<_Yp*>()))> > [with _Yp = std::allocator<const std::shared_ptr<custom_msg_srv::msg::Float64Stamped_<std::allocator<void> > >&>][m[K’
[2.584s] [01m[K/usr/include/c++/9/bits/shared_ptr_base.h:1387:21:[m[K   required by substitution of ‘[01m[Ktemplate<class _Yp, class _Yp2> typename std::enable_if<(! std::__shared_ptr<std::allocator<const std::shared_ptr<custom_msg_srv::msg::Float64Stamped_<std::allocator<void> > >&>, __gnu_cxx::_S_atomic>::__has_esft_base<_Yp2, void>::value), void>::type std::__shared_ptr<std::allocator<const std::shared_ptr<custom_msg_srv::msg::Float64Stamped_<std::allocator<void> > >&>, __gnu_cxx::_S_atomic>::_M_enable_shared_from_this_with<_Yp, _Yp2>(_Yp*) [with _Yp = std::allocator<const std::shared_ptr<custom_msg_srv::msg::Float64Stamped_<std::allocator<void> > >&>; _Yp2 = std::allocator<const std::shared_ptr<custom_msg_srv::msg::Float64Stamped_<std::allocator<void> > >&>][m[K’
[2.584s] [01m[K/usr/include/c++/9/bits/shared_ptr_base.h:1345:4:[m[K   required from ‘[01m[Kstd::__shared_ptr<_Tp, _Lp>::__shared_ptr(std::_Sp_alloc_shared_tag<_Tp>, _Args&& ...) [with _Alloc = std::allocator<std::allocator<const std::shared_ptr<custom_msg_srv::msg::Float64Stamped_<std::allocator<void> > >&> >; _Args = {std::allocator<void>&}; _Tp = std::allocator<const std::shared_ptr<custom_msg_srv::msg::Float64Stamped_<std::allocator<void> > >&>; __gnu_cxx::_Lock_policy _Lp = __gnu_cxx::_S_atomic][m[K’
[2.584s] [01m[K/usr/include/c++/9/bits/shared_ptr.h:359:59:[m[K   required from ‘[01m[Kstd::shared_ptr<_Tp>::shared_ptr(std::_Sp_alloc_shared_tag<_Tp>, _Args&& ...) [with _Alloc = std::allocator<std::allocator<const std::shared_ptr<custom_msg_srv::msg::Float64Stamped_<std::allocator<void> > >&> >; _Args = {std::allocator<void>&}; _Tp = std::allocator<const std::shared_ptr<custom_msg_srv::msg::Float64Stamped_<std::allocator<void> > >&>][m[K’
[2.584s] [01m[K/usr/include/c++/9/bits/shared_ptr.h:701:14:[m[K   required from ‘[01m[Kstd::shared_ptr<_Tp> std::allocate_shared(const _Alloc&, _Args&& ...) [with _Tp = std::allocator<const std::shared_ptr<custom_msg_srv::msg::Float64Stamped_<std::allocator<void> > >&>; _Alloc = std::allocator<std::allocator<const std::shared_ptr<custom_msg_srv::msg::Float64Stamped_<std::allocator<void> > >&> >; _Args = {std::allocator<void>&}][m[K’
[2.584s] [01m[K/usr/include/c++/9/bits/shared_ptr.h:717:39:[m[K   required from ‘[01m[Kstd::shared_ptr<_Tp> std::make_shared(_Args&& ...) [with _Tp = std::allocator<const std::shared_ptr<custom_msg_srv::msg::Float64Stamped_<std::allocator<void> > >&>; _Args = {std::allocator<void>&}][m[K’
[2.584s] [01m[K/opt/ros/foxy/include/rclcpp/any_subscription_callback.hpp:68:56:[m[K   required from ‘[01m[Krclcpp::AnySubscriptionCallback<MessageT, Alloc>::AnySubscriptionCallback(std::shared_ptr<_Tp>) [with MessageT = const std::shared_ptr<custom_msg_srv::msg::Float64Stamped_<std::allocator<void> > >&; Alloc = std::allocator<void>][m[K’
[2.584s] [01m[K/opt/ros/foxy/include/rclcpp/subscription_factory.hpp:96:57:[m[K   required from ‘[01m[Krclcpp::SubscriptionFactory rclcpp::create_subscription_factory(CallbackT&&, const rclcpp::SubscriptionOptionsWithAllocator<AllocatorT>&, typename MessageMemoryStrategyT::SharedPtr, std::shared_ptr<rclcpp::topic_statistics::SubscriptionTopicStatistics<CallbackMessageT> >) [with MessageT = custom_msg_srv::msg::Float64Stamped_<std::allocator<void> >; CallbackT = std::_Bind<void (Pid_recombiner::*(Pid_recombiner*, std::_Placeholder<1>))(const std::shared_ptr<custom_msg_srv::msg::Float64Stamped_<std::allocator<void> > >&)>; AllocatorT = std::allocator<void>; CallbackMessageT = const std::shared_ptr<custom_msg_srv::msg::Float64Stamped_<std::allocator<void> > >&; SubscriptionT = rclcpp::Subscription<const std::shared_ptr<custom_msg_srv::msg::Float64Stamped_<std::allocator<void> > >&, std::allocator<void>, rclcpp::message_memory_strategy::MessageMemoryStrategy<const std::shared_ptr<custom_msg_srv::msg::Float64Stamped_<std::allocator<void> > >&, std::allocator<void> > >; MessageMemoryStrategyT = rclcpp::message_memory_strategy::MessageMemoryStrategy<const std::shared_ptr<custom_msg_srv::msg::Float64Stamped_<std::allocator<void> > >&, std::allocator<void> >; typename MessageMemoryStrategyT::SharedPtr = std::shared_ptr<rclcpp::message_memory_strategy::MessageMemoryStrategy<const std::shared_ptr<custom_msg_srv::msg::Float64Stamped_<std::allocator<void> > >&, std::allocator<void> > >][m[K’
[2.584s] [01m[K/opt/ros/foxy/include/rclcpp/create_subscription.hpp:144:63:[m[K   required from ‘[01m[Kstd::shared_ptr<SubscriptionT> rclcpp::create_subscription(NodeT&&, const string&, const rclcpp::QoS&, CallbackT&&, const rclcpp::SubscriptionOptionsWithAllocator<AllocatorT>&, typename MessageMemoryStrategyT::SharedPtr) [with MessageT = custom_msg_srv::msg::Float64Stamped_<std::allocator<void> >; CallbackT = std::_Bind<void (Pid_recombiner::*(Pid_recombiner*, std::_Placeholder<1>))(const std::shared_ptr<custom_msg_srv::msg::Float64Stamped_<std::allocator<void> > >&)>; AllocatorT = std::allocator<void>; CallbackMessageT = const std::shared_ptr<custom_msg_srv::msg::Float64Stamped_<std::allocator<void> > >&; SubscriptionT = rclcpp::Subscription<const std::shared_ptr<custom_msg_srv::msg::Float64Stamped_<std::allocator<void> > >&, std::allocator<void>, rclcpp::message_memory_strategy::MessageMemoryStrategy<const std::shared_ptr<custom_msg_srv::msg::Float64Stamped_<std::allocator<void> > >&, std::allocator<void> > >; MessageMemoryStrategyT = rclcpp::message_memory_strategy::MessageMemoryStrategy<const std::shared_ptr<custom_msg_srv::msg::Float64Stamped_<std::allocator<void> > >&, std::allocator<void> >; NodeT = rclcpp::Node&; std::string = std::__cxx11::basic_string<char>; typename MessageMemoryStrategyT::SharedPtr = std::shared_ptr<rclcpp::message_memory_strategy::MessageMemoryStrategy<const std::shared_ptr<custom_msg_srv::msg::Float64Stamped_<std::allocator<void> > >&, std::allocator<void> > >][m[K’
[2.584s] [01m[K/opt/ros/foxy/include/rclcpp/node_impl.hpp:98:47:[m[K   required from ‘[01m[Kstd::shared_ptr<SubscriptionT> rclcpp::Node::create_subscription(const string&, const rclcpp::QoS&, CallbackT&&, const rclcpp::SubscriptionOptionsWithAllocator<AllocatorT>&, typename MessageMemoryStrategyT::SharedPtr) [with MessageT = custom_msg_srv::msg::Float64Stamped_<std::allocator<void> >; CallbackT = std::_Bind<void (Pid_recombiner::*(Pid_recombiner*, std::_Placeholder<1>))(const std::shared_ptr<custom_msg_srv::msg::Float64Stamped_<std::allocator<void> > >&)>; AllocatorT = std::allocator<void>; CallbackMessageT = const std::shared_ptr<custom_msg_srv::msg::Float64Stamped_<std::allocator<void> > >&; SubscriptionT = rclcpp::Subscription<const std::shared_ptr<custom_msg_srv::msg::Float64Stamped_<std::allocator<void> > >&, std::allocator<void>, rclcpp::message_memory_strategy::MessageMemoryStrategy<const std::shared_ptr<custom_msg_srv::msg::Float64Stamped_<std::allocator<void> > >&, std::allocator<void> > >; MessageMemoryStrategyT = rclcpp::message_memory_strategy::MessageMemoryStrategy<const std::shared_ptr<custom_msg_srv::msg::Float64Stamped_<std::allocator<void> > >&, std::allocator<void> >; std::string = std::__cxx11::basic_string<char>; typename MessageMemoryStrategyT::SharedPtr = std::shared_ptr<rclcpp::message_memory_strategy::MessageMemoryStrategy<const std::shared_ptr<custom_msg_srv::msg::Float64Stamped_<std::allocator<void> > >&, std::allocator<void> > >][m[K’
[2.584s] [01m[K/home/isopodin-time/ros2_ws/src/muuv_ros/src/muuv_ros/pid_recombiner.cpp:39:174:[m[K   required from here
[2.584s] [01m[K/usr/include/c++/9/bits/allocator.h:116:26:[m[K [01;31m[Kerror: [m[Kforming pointer to reference type ‘[01m[Kconst std::shared_ptr<custom_msg_srv::msg::Float64Stamped_<std::allocator<void> > >&[m[K’
[2.584s]   116 |       typedef _Tp*       [01;31m[Kpointer[m[K;
[2.585s]       |                          [01;31m[K^~~~~~~[m[K
[2.585s] [01m[K/usr/include/c++/9/bits/allocator.h:117:26:[m[K [01;31m[Kerror: [m[Kforming pointer to reference type ‘[01m[Kconst std::shared_ptr<custom_msg_srv::msg::Float64Stamped_<std::allocator<void> > >&[m[K’
[2.585s]   117 |       typedef const _Tp* [01;31m[Kconst_pointer[m[K;
[2.585s]       |                          [01;31m[K^~~~~~~~~~~~~[m[K
[2.838s] In file included from [01m[K/usr/include/c++/9/bits/shared_ptr.h:52[m[K,
[2.838s]                  from [01m[K/usr/include/c++/9/memory:81[m[K,
[2.838s]                  from [01m[K/home/isopodin-time/ros2_ws/src/muuv_ros/src/muuv_ros/pid_recombiner.cpp:3[m[K:
[2.838s] /usr/include/c++/9/bits/shared_ptr_base.h: In instantiation of ‘[01m[Kclass std::__shared_ptr_access<const std::shared_ptr<custom_msg_srv::msg::Float64Stamped_<std::allocator<void> > >&, __gnu_cxx::_S_atomic, false, false>[m[K’:
[2.838s] [01m[K/usr/include/c++/9/bits/shared_ptr_base.h:1080:11:[m[K   required from ‘[01m[Kclass std::__shared_ptr<const std::shared_ptr<custom_msg_srv::msg::Float64Stamped_<std::allocator<void> > >&, __gnu_cxx::_S_atomic>[m[K’
[2.839s] [01m[K/opt/ros/foxy/include/rclcpp/message_memory_strategy.hpp:85:37:[m[K   recursively required from ‘[01m[Kstd::shared_ptr<_Tp> rclcpp::message_memory_strategy::MessageMemoryStrategy<MessageT, Alloc>::borrow_message() [with MessageT = const std::shared_ptr<custom_msg_srv::msg::Float64Stamped_<std::allocator<void> > >&; Alloc = std::allocator<void>][m[K’
[2.839s] [01m[K/opt/ros/foxy/include/rclcpp/message_memory_strategy.hpp:85:37:[m[K   required from here
[2.839s] [01m[K/usr/include/c++/9/bits/shared_ptr_base.h:1012:7:[m[K [01;31m[Kerror: [m[Kforming pointer to reference type ‘[01m[Kstd::__shared_ptr_access<const std::shared_ptr<custom_msg_srv::msg::Float64Stamped_<std::allocator<void> > >&, __gnu_cxx::_S_atomic, false, false>::element_type[m[K’ {aka ‘[01m[Kconst std::shared_ptr<custom_msg_srv::msg::Float64Stamped_<std::allocator<void> > >&[m[K’}
[2.839s]  1012 |       [01;31m[Koperator[m[K->() const noexcept
[2.839s]       |       [01;31m[K^~~~~~~~[m[K
[2.839s] [01m[K/usr/include/c++/9/bits/shared_ptr_base.h:1020:7:[m[K [01;31m[Kerror: [m[Kforming pointer to reference type ‘[01m[Kstd::__shared_ptr_access<const std::shared_ptr<custom_msg_srv::msg::Float64Stamped_<std::allocator<void> > >&, __gnu_cxx::_S_atomic, false, false>::element_type[m[K’ {aka ‘[01m[Kconst std::shared_ptr<custom_msg_srv::msg::Float64Stamped_<std::allocator<void> > >&[m[K’}
[2.839s]  1020 |       [01;31m[K_M_get[m[K() const noexcept
[2.839s]       |       [01;31m[K^~~~~~[m[K
[2.839s] /usr/include/c++/9/bits/shared_ptr_base.h: In instantiation of ‘[01m[Kclass std::__shared_ptr<const std::shared_ptr<custom_msg_srv::msg::Float64Stamped_<std::allocator<void> > >&, __gnu_cxx::_S_atomic>[m[K’:
[2.839s] [01m[K/opt/ros/foxy/include/rclcpp/message_memory_strategy.hpp:85:37:[m[K   recursively required from ‘[01m[Kstd::shared_ptr<_Tp> rclcpp::message_memory_strategy::MessageMemoryStrategy<MessageT, Alloc>::borrow_message() [with MessageT = const std::shared_ptr<custom_msg_srv::msg::Float64Stamped_<std::allocator<void> > >&; Alloc = std::allocator<void>][m[K’
[2.839s] [01m[K/opt/ros/foxy/include/rclcpp/message_memory_strategy.hpp:85:37:[m[K   required from here
[2.840s] [01m[K/usr/include/c++/9/bits/shared_ptr_base.h:1094:8:[m[K [01;31m[Kerror: [m[Kforming pointer to reference type ‘[01m[Kconst std::shared_ptr<custom_msg_srv::msg::Float64Stamped_<std::allocator<void> > >&[m[K’
[2.840s]  1094 |  using [01;31m[K_Compatible[m[K = typename
[2.840s]       |        [01;31m[K^~~~~~~~~~~[m[K
[2.840s] [01m[K/usr/include/c++/9/bits/shared_ptr_base.h:1104:8:[m[K [01;31m[Kerror: [m[Kforming pointer to reference type ‘[01m[Kconst std::shared_ptr<custom_msg_srv::msg::Float64Stamped_<std::allocator<void> > >&[m[K’
[2.840s]  1104 |  using [01;31m[K_UniqCompatible[m[K = typename enable_if<__and_<
[2.840s]       |        [01;31m[K^~~~~~~~~~~~~~~[m[K
[2.840s] [01m[K/usr/include/c++/9/bits/shared_ptr_base.h:1162:2:[m[K [01;31m[Kerror: [m[Kforming pointer to reference type ‘[01m[Kstd::__shared_ptr<const std::shared_ptr<custom_msg_srv::msg::Float64Stamped_<std::allocator<void> > >&, __gnu_cxx::_S_atomic>::element_type[m[K’ {aka ‘[01m[Kconst std::shared_ptr<custom_msg_srv::msg::Float64Stamped_<std::allocator<void> > >&[m[K’}
[2.840s]  1162 |  [01;31m[K__shared_ptr[m[K(const __shared_ptr<_Yp, _Lp>& __r,
[2.840s]       |  [01;31m[K^~~~~~~~~~~~[m[K
[2.840s] /usr/include/c++/9/bits/shared_ptr_base.h: In substitution of ‘[01m[Ktemplate<class _Tp, __gnu_cxx::_Lock_policy _Lp> template<class _Yp, class _Res> using _Compatible = typename std::enable_if<std::__sp_compatible_with<_Yp*, _Tp*>::value, _Res>::type [with _Yp = _Yp; _Res = void; _Tp = const std::shared_ptr<custom_msg_srv::msg::Float64Stamped_<std::allocator<void> > >&; __gnu_cxx::_Lock_policy _Lp = __gnu_cxx::_S_atomic][m[K’:
[2.841s] [01m[K/usr/include/c++/9/bits/shared_ptr_base.h:1172:2:[m[K   required from ‘[01m[Kclass std::__shared_ptr<const std::shared_ptr<custom_msg_srv::msg::Float64Stamped_<std::allocator<void> > >&, __gnu_cxx::_S_atomic>[m[K’
[2.841s] [01m[K/opt/ros/foxy/include/rclcpp/message_memory_strategy.hpp:85:37:[m[K   recursively required from ‘[01m[Kstd::shared_ptr<_Tp> rclcpp::message_memory_strategy::MessageMemoryStrategy<MessageT, Alloc>::borrow_message() [with MessageT = const std::shared_ptr<custom_msg_srv::msg::Float64Stamped_<std::allocator<void> > >&; Alloc = std::allocator<void>][m[K’
[2.841s] [01m[K/opt/ros/foxy/include/rclcpp/message_memory_strategy.hpp:85:37:[m[K   required from here
[2.841s] [01m[K/usr/include/c++/9/bits/shared_ptr_base.h:1094:8:[m[K [01;31m[Kerror: [m[Kforming pointer to reference type ‘[01m[Kconst std::shared_ptr<custom_msg_srv::msg::Float64Stamped_<std::allocator<void> > >&[m[K’
[2.841s]  1094 |  using [01;31m[K_Compatible[m[K = typename
[2.841s]       |        [01;31m[K^~~~~~~~~~~[m[K
[2.841s] /usr/include/c++/9/bits/shared_ptr_base.h: In substitution of ‘[01m[Ktemplate<class _Tp, __gnu_cxx::_Lock_policy _Lp> template<class _Yp, class _Del, class _Res, class _Ptr> using _UniqCompatible = typename std::enable_if<std::__and_<std::__sp_compatible_with<_Yp*, _Tp*>, std::is_convertible<_Ptr, typename std::remove_extent<_Up>::type*> >::value, _Res>::type [with _Yp = _Yp; _Del = _Del; _Res = void; _Ptr = typename std::unique_ptr<_Tp, _Dp>::pointer; _Tp = const std::shared_ptr<custom_msg_srv::msg::Float64Stamped_<std::allocator<void> > >&; __gnu_cxx::_Lock_policy _Lp = __gnu_cxx::_S_atomic][m[K’:
[2.842s] [01m[K/usr/include/c++/9/bits/shared_ptr_base.h:1203:2:[m[K   required from ‘[01m[Kclass std::__shared_ptr<const std::shared_ptr<custom_msg_srv::msg::Float64Stamped_<std::allocator<void> > >&, __gnu_cxx::_S_atomic>[m[K’
[2.842s] [01m[K/opt/ros/foxy/include/rclcpp/message_memory_strategy.hpp:85:37:[m[K   recursively required from ‘[01m[Kstd::shared_ptr<_Tp> rclcpp::message_memory_strategy::MessageMemoryStrategy<MessageT, Alloc>::borrow_message() [with MessageT = const std::shared_ptr<custom_msg_srv::msg::Float64Stamped_<std::allocator<void> > >&; Alloc = std::allocator<void>][m[K’
[2.842s] [01m[K/opt/ros/foxy/include/rclcpp/message_memory_strategy.hpp:85:37:[m[K   required from here
[2.842s] [01m[K/usr/include/c++/9/bits/shared_ptr_base.h:1104:8:[m[K [01;31m[Kerror: [m[Kforming pointer to reference type ‘[01m[Kconst std::shared_ptr<custom_msg_srv::msg::Float64Stamped_<std::allocator<void> > >&[m[K’
[2.842s]  1104 |  using [01;31m[K_UniqCompatible[m[K = typename enable_if<__and_<
[2.842s]       |        [01;31m[K^~~~~~~~~~~~~~~[m[K
[2.843s] /usr/include/c++/9/bits/shared_ptr_base.h: In instantiation of ‘[01m[Kclass std::__shared_ptr<const std::shared_ptr<custom_msg_srv::msg::Float64Stamped_<std::allocator<void> > >&, __gnu_cxx::_S_atomic>[m[K’:
[2.843s] [01m[K/opt/ros/foxy/include/rclcpp/message_memory_strategy.hpp:85:37:[m[K   recursively required from ‘[01m[Kstd::shared_ptr<_Tp> rclcpp::message_memory_strategy::MessageMemoryStrategy<MessageT, Alloc>::borrow_message() [with MessageT = const std::shared_ptr<custom_msg_srv::msg::Float64Stamped_<std::allocator<void> > >&; Alloc = std::allocator<void>][m[K’
[2.843s] [01m[K/opt/ros/foxy/include/rclcpp/message_memory_strategy.hpp:85:37:[m[K   required from here
[2.843s] [01m[K/usr/include/c++/9/bits/shared_ptr_base.h:1219:2:[m[K [01;31m[Kerror: [m[Kforming pointer to reference type ‘[01m[Kconst std::shared_ptr<custom_msg_srv::msg::Float64Stamped_<std::allocator<void> > >&[m[K’
[2.843s]  1219 |  [01;31m[K__shared_ptr[m[K(unique_ptr<_Tp1, _Del>&& __r, __sp_array_delete)
[2.844s]       |  [01;31m[K^~~~~~~~~~~~[m[K
[2.844s] [01m[K/usr/include/c++/9/bits/shared_ptr_base.h:1309:7:[m[K [01;31m[Kerror: [m[Kforming pointer to reference type ‘[01m[Kstd::__shared_ptr<const std::shared_ptr<custom_msg_srv::msg::Float64Stamped_<std::allocator<void> > >&, __gnu_cxx::_S_atomic>::element_type[m[K’ {aka ‘[01m[Kconst std::shared_ptr<custom_msg_srv::msg::Float64Stamped_<std::allocator<void> > >&[m[K’}
[2.844s]  1309 |       [01;31m[Kget[m[K() const noexcept
[2.844s]       |       [01;31m[K^~~[m[K
[2.844s] [01m[K/usr/include/c++/9/bits/shared_ptr_base.h:1404:24:[m[K [01;31m[Kerror: [m[Kforming pointer to reference type ‘[01m[Kstd::__shared_ptr<const std::shared_ptr<custom_msg_srv::msg::Float64Stamped_<std::allocator<void> > >&, __gnu_cxx::_S_atomic>::element_type[m[K’ {aka ‘[01m[Kconst std::shared_ptr<custom_msg_srv::msg::Float64Stamped_<std::allocator<void> > >&[m[K’}
[2.844s]  1404 |       element_type*    [01;31m[K_M_ptr[m[K;         // Contained pointer.
[2.844s]       |                        [01;31m[K^~~~~~[m[K
[2.844s] In file included from [01m[K/usr/include/c++/9/memory:81[m[K,
[2.845s]                  from [01m[K/home/isopodin-time/ros2_ws/src/muuv_ros/src/muuv_ros/pid_recombiner.cpp:3[m[K:
[2.845s] /usr/include/c++/9/bits/shared_ptr.h: In instantiation of ‘[01m[Kclass std::shared_ptr<const std::shared_ptr<custom_msg_srv::msg::Float64Stamped_<std::allocator<void> > >&>[m[K’:
[2.845s] [01m[K/opt/ros/foxy/include/rclcpp/message_memory_strategy.hpp:85:37:[m[K   recursively required from ‘[01m[Kstd::shared_ptr<_Tp> rclcpp::message_memory_strategy::MessageMemoryStrategy<MessageT, Alloc>::borrow_message() [with MessageT = const std::shared_ptr<custom_msg_srv::msg::Float64Stamped_<std::allocator<void> > >&; Alloc = std::allocator<void>][m[K’
[2.845s] [01m[K/opt/ros/foxy/include/rclcpp/message_memory_strategy.hpp:85:37:[m[K   required from here
[2.845s] [01m[K/usr/include/c++/9/bits/shared_ptr.h:234:2:[m[K [01;31m[Kerror: [m[Kforming pointer to reference type ‘[01m[Kstd::shared_ptr<const std::shared_ptr<custom_msg_srv::msg::Float64Stamped_<std::allocator<void> > >&>::element_type[m[K’ {aka ‘[01m[Kconst std::shared_ptr<custom_msg_srv::msg::Float64Stamped_<std::allocator<void> > >&[m[K’}
[2.845s]   234 |  [01;31m[Kshared_ptr[m[K(const shared_ptr<_Yp>& __r, element_type* __p) noexcept
[2.845s]       |  [01;31m[K^~~~~~~~~~[m[K
[2.851s] In file included from [01m[K/usr/include/c++/9/bits/shared_ptr.h:52[m[K,
[2.851s]                  from [01m[K/usr/include/c++/9/memory:81[m[K,
[2.851s]                  from [01m[K/home/isopodin-time/ros2_ws/src/muuv_ros/src/muuv_ros/pid_recombiner.cpp:3[m[K:
[2.852s] /usr/include/c++/9/bits/shared_ptr_base.h: In instantiation of ‘[01m[Kconstexpr std::__shared_ptr<_Tp, _Lp>::__shared_ptr() [with _Tp = const std::shared_ptr<custom_msg_srv::msg::Float64Stamped_<std::allocator<void> > >&; __gnu_cxx::_Lock_policy _Lp = __gnu_cxx::_S_atomic][m[K’:
[2.852s] [01m[K/usr/include/c++/9/bits/shared_ptr_base.h:1287:9:[m[K   required from ‘[01m[Kvoid std::__shared_ptr<_Tp, _Lp>::reset() [with _Tp = const std::shared_ptr<custom_msg_srv::msg::Float64Stamped_<std::allocator<void> > >&; __gnu_cxx::_Lock_policy _Lp = __gnu_cxx::_S_atomic][m[K’
[2.852s] [01m[K/opt/ros/foxy/include/rclcpp/message_memory_strategy.hpp:109:5:[m[K   required from ‘[01m[Kvoid rclcpp::message_memory_strategy::MessageMemoryStrategy<MessageT, Alloc>::return_message(std::shared_ptr<_Tp>&) [with MessageT = const std::shared_ptr<custom_msg_srv::msg::Float64Stamped_<std::allocator<void> > >&; Alloc = std::allocator<void>][m[K’
[2.852s] [01m[K/opt/ros/foxy/include/rclcpp/message_memory_strategy.hpp:107:16:[m[K   required from here
[2.852s] [01m[K/usr/include/c++/9/bits/shared_ptr_base.h:1119:32:[m[K [01;31m[Kerror: [m[Kusing invalid field ‘[01m[Kstd::__shared_ptr<_Tp, _Lp>::_M_ptr[m[K’
[2.852s]  1119 |       : _M_ptr(0), _M_refcount([01;31m[K)[m[K
[2.852s]       |                                [01;31m[K^[m[K
[2.852s] /usr/include/c++/9/bits/shared_ptr_base.h: In instantiation of ‘[01m[Kvoid std::__shared_ptr<_Tp, _Lp>::swap(std::__shared_ptr<_Tp, _Lp>&) [with _Tp = const std::shared_ptr<custom_msg_srv::msg::Float64Stamped_<std::allocator<void> > >&; __gnu_cxx::_Lock_policy _Lp = __gnu_cxx::_S_atomic][m[K’:
[2.852s] [01m[K/usr/include/c++/9/bits/shared_ptr_base.h:1287:24:[m[K   required from ‘[01m[Kvoid std::__shared_ptr<_Tp, _Lp>::reset() [with _Tp = const std::shared_ptr<custom_msg_srv::msg::Float64Stamped_<std::allocator<void> > >&; __gnu_cxx::_Lock_policy _Lp = __gnu_cxx::_S_atomic][m[K’
[2.852s] [01m[K/opt/ros/foxy/include/rclcpp/message_memory_strategy.hpp:109:5:[m[K   required from ‘[01m[Kvoid rclcpp::message_memory_strategy::MessageMemoryStrategy<MessageT, Alloc>::return_message(std::shared_ptr<_Tp>&) [with MessageT = const std::shared_ptr<custom_msg_srv::msg::Float64Stamped_<std::allocator<void> > >&; Alloc = std::allocator<void>][m[K’
[2.852s] [01m[K/opt/ros/foxy/include/rclcpp/message_memory_strategy.hpp:107:16:[m[K   required from here
[2.852s] [01m[K/usr/include/c++/9/bits/shared_ptr_base.h:1326:12:[m[K [01;31m[Kerror: [m[Kusing invalid field ‘[01m[Kstd::__shared_ptr<_Tp, _Lp>::_M_ptr[m[K’
[2.853s]  1326 |  std::swap([01;31m[K_M_ptr[m[K, __other._M_ptr);
[2.853s]       |            [01;31m[K^~~~~~[m[K
[2.853s] [01m[K/usr/include/c++/9/bits/shared_ptr_base.h:1326:28:[m[K [01;31m[Kerror: [m[K‘[01m[Kclass std::__shared_ptr<const std::shared_ptr<custom_msg_srv::msg::Float64Stamped_<std::allocator<void> > >&, __gnu_cxx::_S_atomic>[m[K’ has no member named ‘[01m[K_M_ptr[m[K’
[2.853s]  1326 |  std::swap(_M_ptr, [01;31m[K__other._M_ptr[m[K);
[2.853s]       |                    [01;31m[K~~~~~~~~^~~~~~[m[K
[2.868s] In file included from [01m[K/usr/include/c++/9/functional:59[m[K,
[2.868s]                  from [01m[K/home/isopodin-time/ros2_ws/src/muuv_ros/src/muuv_ros/pid_recombiner.cpp:2[m[K:
[2.868s] [01m[K/usr/include/c++/9/bits/std_function.h:[m[K At global scope:
[2.868s] [01m[K/usr/include/c++/9/bits/std_function.h:667:7:[m[K [01;31m[Kerror: [m[K‘[01m[Kstd::function<_Res(_ArgTypes ...)>::function(_Functor) [with _Functor = rclcpp::create_subscription_factory(CallbackT&&, const rclcpp::SubscriptionOptionsWithAllocator<AllocatorT>&, typename MessageMemoryStrategyT::SharedPtr, std::shared_ptr<rclcpp::topic_statistics::SubscriptionTopicStatistics<CallbackMessageT> >) [with MessageT = custom_msg_srv::msg::Float64Stamped_<std::allocator<void> >; CallbackT = std::_Bind<void (Pid_recombiner::*(Pid_recombiner*, std::_Placeholder<1>))(const std::shared_ptr<custom_msg_srv::msg::Float64Stamped_<std::allocator<void> > >&)>; AllocatorT = std::allocator<void>; CallbackMessageT = const std::shared_ptr<custom_msg_srv::msg::Float64Stamped_<std::allocator<void> > >&; SubscriptionT = rclcpp::Subscription<const std::shared_ptr<custom_msg_srv::msg::Float64Stamped_<std::allocator<void> > >&, std::allocator<void>, rclcpp::message_memory_strategy::MessageMemoryStrategy<const std::shared_ptr<custom_msg_srv::msg::Float64Stamped_<std::allocator<void> > >&, std::allocator<void> > >; MessageMemoryStrategyT = rclcpp::message_memory_strategy::MessageMemoryStrategy<const std::shared_ptr<custom_msg_srv::msg::Float64Stamped_<std::allocator<void> > >&, std::allocator<void> >; typename MessageMemoryStrategyT::SharedPtr = std::shared_ptr<rclcpp::message_memory_strategy::MessageMemoryStrategy<const std::shared_ptr<custom_msg_srv::msg::Float64Stamped_<std::allocator<void> > >&, std::allocator<void> > >]::<lambda(rclcpp::node_interfaces::NodeBaseInterface*, const string&, const rclcpp::QoS&)>; <template-parameter-2-2> = void; <template-parameter-2-3> = void; _Res = std::shared_ptr<rclcpp::SubscriptionBase>; _ArgTypes = {rclcpp::node_interfaces::NodeBaseInterface*, const std::__cxx11::basic_string<char, std::char_traits<char>, std::allocator<char> >&, const rclcpp::QoS&}][m[K’, declared using local type ‘[01m[Krclcpp::create_subscription_factory(CallbackT&&, const rclcpp::SubscriptionOptionsWithAllocator<AllocatorT>&, typename MessageMemoryStrategyT::SharedPtr, std::shared_ptr<rclcpp::topic_statistics::SubscriptionTopicStatistics<CallbackMessageT> >) [with MessageT = custom_msg_srv::msg::Float64Stamped_<std::allocator<void> >; CallbackT = std::_Bind<void (Pid_recombiner::*(Pid_recombiner*, std::_Placeholder<1>))(const std::shared_ptr<custom_msg_srv::msg::Float64Stamped_<std::allocator<void> > >&)>; AllocatorT = std::allocator<void>; CallbackMessageT = const std::shared_ptr<custom_msg_srv::msg::Float64Stamped_<std::allocator<void> > >&; SubscriptionT = rclcpp::Subscription<const std::shared_ptr<custom_msg_srv::msg::Float64Stamped_<std::allocator<void> > >&, std::allocator<void>, rclcpp::message_memory_strategy::MessageMemoryStrategy<const std::shared_ptr<custom_msg_srv::msg::Float64Stamped_<std::allocator<void> > >&, std::allocator<void> > >; MessageMemoryStrategyT = rclcpp::message_memory_strategy::MessageMemoryStrategy<const std::shared_ptr<custom_msg_srv::msg::Float64Stamped_<std::allocator<void> > >&, std::allocator<void> >; typename MessageMemoryStrategyT::SharedPtr = std::shared_ptr<rclcpp::message_memory_strategy::MessageMemoryStrategy<const std::shared_ptr<custom_msg_srv::msg::Float64Stamped_<std::allocator<void> > >&, std::allocator<void> > >]::<lambda(rclcpp::node_interfaces::NodeBaseInterface*, const string&, const rclcpp::QoS&)>[m[K’, is used but never defined [[01;31m[K-fpermissive[m[K]
[2.868s]   667 |       [01;31m[Kfunction<_Res(_ArgTypes...)>[m[K::
[2.868s]       |       [01;31m[K^~~~~~~~~~~~~~~~~~~~~~~~~~~~[m[K
[2.990s] make[2]: *** [CMakeFiles/pid_recombiner.dir/build.make:63: CMakeFiles/pid_recombiner.dir/src/muuv_ros/pid_recombiner.cpp.o] Error 1
[2.990s] make[1]: *** [CMakeFiles/Makefile2:140: CMakeFiles/pid_recombiner.dir/all] Error 2
[2.991s] make: *** [Makefile:141: all] Error 2
[2.996s] Invoked command in '/home/isopodin-time/ros2_ws/build/muuv_ros' returned '2': CMAKE_PREFIX_PATH=/home/isopodin-time/ros2_ws/install/custom_msg_srv:/home/isopodin-time/ros2_ws/install/plankton:/home/isopodin-time/ros2_ws/install/uuv_simulator:/home/isopodin-time/ros2_ws/install/uuv_world_ros_plugins:/home/isopodin-time/ros2_ws/install/uuv_tutorials:/home/isopodin-time/ros2_ws/install/uuv_tutorial_dp_controller:/home/isopodin-time/ros2_ws/install/uuv_tutorial_disturbances:/home/isopodin-time/ros2_ws/install/uuv_control_utils:/home/isopodin-time/ros2_ws/install/uuv_world_ros_plugins_msgs:/home/isopodin-time/ros2_ws/install/uuv_world_plugins:/home/isopodin-time/ros2_ws/install/uuv_tutorial_seabed_world:/home/isopodin-time/ros2_ws/install/uuv_trajectory_control:/home/isopodin-time/ros2_ws/install/uuv_teleop:/home/isopodin-time/ros2_ws/install/uuv_thruster_manager:/home/isopodin-time/ros2_ws/install/uuv_descriptions:/home/isopodin-time/ros2_ws/install/uuv_sensor_ros_plugins:/home/isopodin-time/ros2_ws/install/uuv_sensor_ros_plugins_msgs:/home/isopodin-time/ros2_ws/install/uuv_gazebo_worlds:/home/isopodin-time/ros2_ws/install/uuv_gazebo_ros_plugins:/home/isopodin-time/ros2_ws/install/uuv_gazebo_ros_plugins_msgs:/home/isopodin-time/ros2_ws/install/uuv_gazebo_plugins:/home/isopodin-time/ros2_ws/install/uuv_gazebo:/home/isopodin-time/ros2_ws/install/uuv_control_msgs:/home/isopodin-time/ros2_ws/install/uuv_control_cascaded_pid:/home/isopodin-time/ros2_ws/install/uuv_auv_control_allocator:/home/isopodin-time/ros2_ws/install/uuv_assistants:/home/isopodin-time/ros2_ws/install/muuv_sim:/home/isopodin-time/ros2_ws/install/test_sim:/home/isopodin-time/ros2_ws/install/plankton_utils:/home/isopodin-time/ros2_ws/install/pid_component:/home/isopodin-time/ros2_ws/install/muuv_sim_description:/home/isopodin-time/ros2_ws/install/muuv_sim_control:/home/isopodin-time/ros2_ws/install/muuv_ros:/opt/ros/foxy LD_LIBRARY_PATH=/home/isopodin-time/ros2_ws/install/custom_msg_srv/lib:/home/isopodin-time/ros2_ws/install/uuv_world_ros_plugins/lib:/home/isopodin-time/ros2_ws/install/uuv_world_ros_plugins_msgs/lib:/home/isopodin-time/ros2_ws/install/uuv_world_plugins/lib:/home/isopodin-time/ros2_ws/install/uuv_thruster_manager/lib:/home/isopodin-time/ros2_ws/install/uuv_sensor_ros_plugins/lib:/home/isopodin-time/ros2_ws/install/uuv_sensor_ros_plugins_msgs/lib:/home/isopodin-time/ros2_ws/install/uuv_gazebo_ros_plugins/lib:/home/isopodin-time/ros2_ws/install/uuv_gazebo_ros_plugins_msgs/lib:/home/isopodin-time/ros2_ws/install/uuv_gazebo_plugins/lib:/home/isopodin-time/ros2_ws/install/uuv_control_msgs/lib:/home/isopodin-time/ros2_ws/install/uuv_auv_control_allocator/lib:/home/isopodin-time/ros2_ws/install/pid_component/lib:/usr/lib/x86_64-linux-gnu/gazebo-11/plugins:/opt/ros/foxy/opt/yaml_cpp_vendor/lib:/opt/ros/foxy/opt/rviz_ogre_vendor/lib:/opt/ros/foxy/lib/x86_64-linux-gnu:/opt/ros/foxy/lib:/usr/lib/x86_64-linux-gnu/gazebo-11/plugins:/usr/lib/x86_64-linux-gnu/gazebo-11/plugins:/usr/lib/x86_64-linux-gnu/gazebo-11/plugins:/usr/lib/x86_64-linux-gnu/gazebo-11/plugins:/usr/lib/x86_64-linux-gnu/gazebo-11/plugins:/usr/lib/x86_64-linux-gnu/gazebo-11/plugins PYTHONPATH=/home/isopodin-time/ros2_ws/install/custom_msg_srv/lib/python3.8/site-packages:/home/isopodin-time/ros2_ws/install/uuv_world_ros_plugins_msgs/lib/python3.8/site-packages:/home/isopodin-time/ros2_ws/install/uuv_trajectory_control/lib/python3.8/site-packages:/home/isopodin-time/ros2_ws/install/uuv_thruster_manager/lib/python3.8/site-packages:/home/isopodin-time/ros2_ws/install/uuv_sensor_ros_plugins_msgs/lib/python3.8/site-packages:/home/isopodin-time/ros2_ws/install/uuv_gazebo_ros_plugins_msgs/lib/python3.8/site-packages:/home/isopodin-time/ros2_ws/install/uuv_control_msgs/lib/python3.8/site-packages:/home/isopodin-time/ros2_ws/install/uuv_control_cascaded_pid/lib/python3.8/site-packages:/home/isopodin-time/ros2_ws/install/uuv_auv_control_allocator/lib/python3.8/site-packages:/home/isopodin-time/ros2_ws/install/uuv_assistants/lib/python3.8/site-packages:/home/isopodin-time/ros2_ws/install/plankton_utils/lib/python3.8/site-packages:/opt/ros/foxy/lib/python3.8/site-packages /usr/bin/cmake --build /home/isopodin-time/ros2_ws/build/muuv_ros -- -j8 -l8
