[0.368s] Invoking command in '/home/isopodin-time/ros2_ws/build/muuv_sim_description': CMAKE_PREFIX_PATH=${CMAKE_PREFIX_PATH}:/opt/ros/foxy /usr/bin/cmake --build /home/isopodin-time/ros2_ws/build/muuv_sim_description -- -j8 -l8
[0.635s] Invoked command in '/home/isopodin-time/ros2_ws/build/muuv_sim_description' returned '0': CMAKE_PREFIX_PATH=${CMAKE_PREFIX_PATH}:/opt/ros/foxy /usr/bin/cmake --build /home/isopodin-time/ros2_ws/build/muuv_sim_description -- -j8 -l8
[1.014s] Invoking command in '/home/isopodin-time/ros2_ws/build/muuv_sim_description': CMAKE_PREFIX_PATH=${CMAKE_PREFIX_PATH}:/opt/ros/foxy /usr/bin/cmake --install /home/isopodin-time/ros2_ws/build/muuv_sim_description
[1.150s] -- Install configuration: ""
[1.150s] -- Up-to-date: /home/isopodin-time/ros2_ws/install/muuv_sim_description/share/ament_index/resource_index/package_run_dependencies/muuv_sim_description
[1.151s] -- Up-to-date: /home/isopodin-time/ros2_ws/install/muuv_sim_description/share/ament_index/resource_index/parent_prefix_path/muuv_sim_description
[1.152s] -- Up-to-date: /home/isopodin-time/ros2_ws/install/muuv_sim_description/share/muuv_sim_description/environment/ament_prefix_path.sh
[1.152s] -- Up-to-date: /home/isopodin-time/ros2_ws/install/muuv_sim_description/share/muuv_sim_description/environment/ament_prefix_path.dsv
[1.152s] -- Up-to-date: /home/isopodin-time/ros2_ws/install/muuv_sim_description/share/muuv_sim_description/environment/path.sh
[1.153s] -- Up-to-date: /home/isopodin-time/ros2_ws/install/muuv_sim_description/share/muuv_sim_description/environment/path.dsv
[1.153s] -- Up-to-date: /home/isopodin-time/ros2_ws/install/muuv_sim_description/share/muuv_sim_description/local_setup.bash
[1.155s] -- Up-to-date: /home/isopodin-time/ros2_ws/install/muuv_sim_description/share/muuv_sim_description/local_setup.sh
[1.155s] -- Up-to-date: /home/isopodin-time/ros2_ws/install/muuv_sim_description/share/muuv_sim_description/local_setup.zsh
[1.156s] -- Up-to-date: /home/isopodin-time/ros2_ws/install/muuv_sim_description/share/muuv_sim_description/local_setup.dsv
[1.159s] -- Installing: /home/isopodin-time/ros2_ws/install/muuv_sim_description/share/muuv_sim_description/package.dsv
[1.160s] -- Up-to-date: /home/isopodin-time/ros2_ws/install/muuv_sim_description/share/ament_index/resource_index/packages/muuv_sim_description
[1.160s] -- Up-to-date: /home/isopodin-time/ros2_ws/install/muuv_sim_description/share/muuv_sim_description/cmake/muuv_sim_descriptionConfig.cmake
[1.160s] -- Up-to-date: /home/isopodin-time/ros2_ws/install/muuv_sim_description/share/muuv_sim_description/cmake/muuv_sim_descriptionConfig-version.cmake
[1.161s] -- Up-to-date: /home/isopodin-time/ros2_ws/install/muuv_sim_description/share/muuv_sim_description/package.xml
[1.200s] Invoked command in '/home/isopodin-time/ros2_ws/build/muuv_sim_description' returned '0': CMAKE_PREFIX_PATH=${CMAKE_PREFIX_PATH}:/opt/ros/foxy /usr/bin/cmake --install /home/isopodin-time/ros2_ws/build/muuv_sim_description
