[0.032s] Invoking command in '/home/isopodin-time/ros2_ws/build/muuv_ros': CMAKE_PREFIX_PATH=${CMAKE_PREFIX_PATH}:/opt/ros/foxy /usr/bin/cmake --build /home/isopodin-time/ros2_ws/build/muuv_ros -- -j8 -l8
[0.073s] -- Found ament_cmake: 0.9.12 (/opt/ros/foxy/share/ament_cmake/cmake)
[0.099s] -- Using PYTHON_EXECUTABLE: /usr/bin/python3
[0.285s] -- Found rclcpp: 2.4.3 (/opt/ros/foxy/share/rclcpp/cmake)
[0.538s] -- Using all available rosidl_typesupport_c: rosidl_typesupport_fastrtps_c;rosidl_typesupport_introspection_c
[0.541s] -- Found rosidl_adapter: 1.3.1 (/opt/ros/foxy/share/rosidl_adapter/cmake)
[6.082s] -- Using all available rosidl_typesupport_cpp: rosidl_typesupport_fastrtps_cpp;rosidl_typesupport_introspection_cpp
[6.131s] -- Found rmw_implementation_cmake: 1.0.4 (/opt/ros/foxy/share/rmw_implementation_cmake/cmake)
[6.134s] -- Using RMW implementation 'rmw_fastrtps_cpp' as default
[6.277s] -- Found geometry_msgs: 2.0.5 (/opt/ros/foxy/share/geometry_msgs/cmake)
[6.311s] -- Found sensor_msgs: 2.0.5 (/opt/ros/foxy/share/sensor_msgs/cmake)
[6.382s] -- Found control_toolbox: 2.2.0 (/opt/ros/foxy/share/control_toolbox/cmake)
[6.948s] -- Found rclcpp_components: 2.4.3 (/opt/ros/foxy/share/rclcpp_components/cmake)
[7.010s] CMake Error at CMakeLists.txt:53 (install):
[7.010s]   install TARGETS given target "pid" which does not exist.
[7.010s] 
[7.010s] 
[7.071s] -- Configuring incomplete, errors occurred!
[7.071s] See also "/home/isopodin-time/ros2_ws/build/muuv_ros/CMakeFiles/CMakeOutput.log".
[7.071s] See also "/home/isopodin-time/ros2_ws/build/muuv_ros/CMakeFiles/CMakeError.log".
[7.079s] make: *** [Makefile:444: cmake_check_build_system] Error 1
[7.081s] Invoked command in '/home/isopodin-time/ros2_ws/build/muuv_ros' returned '2': CMAKE_PREFIX_PATH=${CMAKE_PREFIX_PATH}:/opt/ros/foxy /usr/bin/cmake --build /home/isopodin-time/ros2_ws/build/muuv_ros -- -j8 -l8
