[01m[K/home/isopodin-time/ros2_ws/src/muuv_ros/src/muuv_ros/sensors.cpp:[m[K In member function ‘[01m[Kvoid Sensors::timer_Callback()[m[K’:
[01m[K/home/isopodin-time/ros2_ws/src/muuv_ros/src/muuv_ros/sensors.cpp:44:40:[m[K [01;31m[Kerror: [m[Kexpected identifier before numeric constant
   44 |     msg.angular_velocity_covariance = [[01;31m[K0[m[K, 0, 0, 0, 0, 0, 0, 0, 0];
      |                                        [01;31m[K^[m[K
[01m[K/home/isopodin-time/ros2_ws/src/muuv_ros/src/muuv_ros/sensors.cpp:44:41:[m[K [01;31m[Kerror: [m[Kexpected ‘[01m[K][m[K’ before ‘[01m[K,[m[K’ token
   44 |     msg.angular_velocity_covariance = [0[01;31m[K,[m[K 0, 0, 0, 0, 0, 0, 0, 0];
      |                                         [01;31m[K^[m[K
      |                                         [32m[K][m[K
[01m[K/home/isopodin-time/ros2_ws/src/muuv_ros/src/muuv_ros/sensors.cpp:[m[K In lambda function:
[01m[K/home/isopodin-time/ros2_ws/src/muuv_ros/src/muuv_ros/sensors.cpp:44:41:[m[K [01;31m[Kerror: [m[Kexpected ‘[01m[K{[m[K’ before ‘[01m[K,[m[K’ token
[01m[K/home/isopodin-time/ros2_ws/src/muuv_ros/src/muuv_ros/sensors.cpp:[m[K In member function ‘[01m[Kvoid Sensors::timer_Callback()[m[K’:
[01m[K/home/isopodin-time/ros2_ws/src/muuv_ros/src/muuv_ros/sensors.cpp:44:41:[m[K [01;31m[Kerror: [m[Kno match for ‘[01m[Koperator=[m[K’ (operand types are ‘[01m[Ksensor_msgs::msg::Imu_<std::allocator<void> >::_angular_velocity_covariance_type[m[K’ {aka ‘[01m[Kstd::array<double, 9>[m[K’} and ‘[01m[KSensors::timer_Callback()::<lambda()>[m[K’)
In file included from [01m[K/usr/include/c++/9/tuple:39[m[K,
                 from [01m[K/usr/include/c++/9/bits/unique_ptr.h:37[m[K,
                 from [01m[K/usr/include/c++/9/memory:80[m[K,
                 from [01m[K/opt/ros/foxy/include/rclcpp/rclcpp.hpp:144[m[K,
                 from [01m[K/home/isopodin-time/ros2_ws/src/muuv_ros/include/muuv_ros/sensors.hpp:4[m[K,
                 from [01m[K/home/isopodin-time/ros2_ws/src/muuv_ros/src/muuv_ros/sensors.cpp:1[m[K:
[01m[K/usr/include/c++/9/array:94:12:[m[K [01;36m[Knote: [m[Kcandidate: ‘[01m[Kconstexpr std::array<double, 9>& std::array<double, 9>::operator=(const std::array<double, 9>&)[m[K’
   94 |     struct [01;36m[Karray[m[K
      |            [01;36m[K^~~~~[m[K
[01m[K/usr/include/c++/9/array:94:12:[m[K [01;36m[Knote: [m[K  no known conversion for argument 1 from ‘[01m[KSensors::timer_Callback()::<lambda()>[m[K’ to ‘[01m[Kconst std::array<double, 9>&[m[K’
[01m[K/usr/include/c++/9/array:94:12:[m[K [01;36m[Knote: [m[Kcandidate: ‘[01m[Kconstexpr std::array<double, 9>& std::array<double, 9>::operator=(std::array<double, 9>&&)[m[K’
[01m[K/usr/include/c++/9/array:94:12:[m[K [01;36m[Knote: [m[K  no known conversion for argument 1 from ‘[01m[KSensors::timer_Callback()::<lambda()>[m[K’ to ‘[01m[Kstd::array<double, 9>&&[m[K’
[01m[K/home/isopodin-time/ros2_ws/src/muuv_ros/src/muuv_ros/sensors.cpp:45:35:[m[K [01;31m[Kerror: [m[Kexpected identifier before numeric constant
   45 |     msg.orientation_covariance = [[01;31m[K0[m[K, 0, 0, 0, 0, 0, 0, 0, 0];
      |                                   [01;31m[K^[m[K
[01m[K/home/isopodin-time/ros2_ws/src/muuv_ros/src/muuv_ros/sensors.cpp:45:36:[m[K [01;31m[Kerror: [m[Kexpected ‘[01m[K][m[K’ before ‘[01m[K,[m[K’ token
   45 |     msg.orientation_covariance = [0[01;31m[K,[m[K 0, 0, 0, 0, 0, 0, 0, 0];
      |                                    [01;31m[K^[m[K
      |                                    [32m[K][m[K
[01m[K/home/isopodin-time/ros2_ws/src/muuv_ros/src/muuv_ros/sensors.cpp:[m[K In lambda function:
[01m[K/home/isopodin-time/ros2_ws/src/muuv_ros/src/muuv_ros/sensors.cpp:45:36:[m[K [01;31m[Kerror: [m[Kexpected ‘[01m[K{[m[K’ before ‘[01m[K,[m[K’ token
[01m[K/home/isopodin-time/ros2_ws/src/muuv_ros/src/muuv_ros/sensors.cpp:[m[K In member function ‘[01m[Kvoid Sensors::timer_Callback()[m[K’:
[01m[K/home/isopodin-time/ros2_ws/src/muuv_ros/src/muuv_ros/sensors.cpp:45:36:[m[K [01;31m[Kerror: [m[Kno match for ‘[01m[Koperator=[m[K’ (operand types are ‘[01m[Ksensor_msgs::msg::Imu_<std::allocator<void> >::_orientation_covariance_type[m[K’ {aka ‘[01m[Kstd::array<double, 9>[m[K’} and ‘[01m[KSensors::timer_Callback()::<lambda()>[m[K’)
In file included from [01m[K/usr/include/c++/9/tuple:39[m[K,
                 from [01m[K/usr/include/c++/9/bits/unique_ptr.h:37[m[K,
                 from [01m[K/usr/include/c++/9/memory:80[m[K,
                 from [01m[K/opt/ros/foxy/include/rclcpp/rclcpp.hpp:144[m[K,
                 from [01m[K/home/isopodin-time/ros2_ws/src/muuv_ros/include/muuv_ros/sensors.hpp:4[m[K,
                 from [01m[K/home/isopodin-time/ros2_ws/src/muuv_ros/src/muuv_ros/sensors.cpp:1[m[K:
[01m[K/usr/include/c++/9/array:94:12:[m[K [01;36m[Knote: [m[Kcandidate: ‘[01m[Kconstexpr std::array<double, 9>& std::array<double, 9>::operator=(const std::array<double, 9>&)[m[K’
   94 |     struct [01;36m[Karray[m[K
      |            [01;36m[K^~~~~[m[K
[01m[K/usr/include/c++/9/array:94:12:[m[K [01;36m[Knote: [m[K  no known conversion for argument 1 from ‘[01m[KSensors::timer_Callback()::<lambda()>[m[K’ to ‘[01m[Kconst std::array<double, 9>&[m[K’
[01m[K/usr/include/c++/9/array:94:12:[m[K [01;36m[Knote: [m[Kcandidate: ‘[01m[Kconstexpr std::array<double, 9>& std::array<double, 9>::operator=(std::array<double, 9>&&)[m[K’
[01m[K/usr/include/c++/9/array:94:12:[m[K [01;36m[Knote: [m[K  no known conversion for argument 1 from ‘[01m[KSensors::timer_Callback()::<lambda()>[m[K’ to ‘[01m[Kstd::array<double, 9>&&[m[K’
[01m[K/home/isopodin-time/ros2_ws/src/muuv_ros/src/muuv_ros/sensors.cpp:46:43:[m[K [01;31m[Kerror: [m[Kexpected identifier before numeric constant
   46 |     msg.linear_acceleration_covariance = [[01;31m[K0[m[K, 0, 0, 0, 0, 0, 0, 0, 0];
      |                                           [01;31m[K^[m[K
[01m[K/home/isopodin-time/ros2_ws/src/muuv_ros/src/muuv_ros/sensors.cpp:46:44:[m[K [01;31m[Kerror: [m[Kexpected ‘[01m[K][m[K’ before ‘[01m[K,[m[K’ token
   46 |     msg.linear_acceleration_covariance = [0[01;31m[K,[m[K 0, 0, 0, 0, 0, 0, 0, 0];
      |                                            [01;31m[K^[m[K
      |                                            [32m[K][m[K
[01m[K/home/isopodin-time/ros2_ws/src/muuv_ros/src/muuv_ros/sensors.cpp:[m[K In lambda function:
[01m[K/home/isopodin-time/ros2_ws/src/muuv_ros/src/muuv_ros/sensors.cpp:46:44:[m[K [01;31m[Kerror: [m[Kexpected ‘[01m[K{[m[K’ before ‘[01m[K,[m[K’ token
[01m[K/home/isopodin-time/ros2_ws/src/muuv_ros/src/muuv_ros/sensors.cpp:[m[K In member function ‘[01m[Kvoid Sensors::timer_Callback()[m[K’:
[01m[K/home/isopodin-time/ros2_ws/src/muuv_ros/src/muuv_ros/sensors.cpp:46:44:[m[K [01;31m[Kerror: [m[Kno match for ‘[01m[Koperator=[m[K’ (operand types are ‘[01m[Ksensor_msgs::msg::Imu_<std::allocator<void> >::_linear_acceleration_covariance_type[m[K’ {aka ‘[01m[Kstd::array<double, 9>[m[K’} and ‘[01m[KSensors::timer_Callback()::<lambda()>[m[K’)
In file included from [01m[K/usr/include/c++/9/tuple:39[m[K,
                 from [01m[K/usr/include/c++/9/bits/unique_ptr.h:37[m[K,
                 from [01m[K/usr/include/c++/9/memory:80[m[K,
                 from [01m[K/opt/ros/foxy/include/rclcpp/rclcpp.hpp:144[m[K,
                 from [01m[K/home/isopodin-time/ros2_ws/src/muuv_ros/include/muuv_ros/sensors.hpp:4[m[K,
                 from [01m[K/home/isopodin-time/ros2_ws/src/muuv_ros/src/muuv_ros/sensors.cpp:1[m[K:
[01m[K/usr/include/c++/9/array:94:12:[m[K [01;36m[Knote: [m[Kcandidate: ‘[01m[Kconstexpr std::array<double, 9>& std::array<double, 9>::operator=(const std::array<double, 9>&)[m[K’
   94 |     struct [01;36m[Karray[m[K
      |            [01;36m[K^~~~~[m[K
[01m[K/usr/include/c++/9/array:94:12:[m[K [01;36m[Knote: [m[K  no known conversion for argument 1 from ‘[01m[KSensors::timer_Callback()::<lambda()>[m[K’ to ‘[01m[Kconst std::array<double, 9>&[m[K’
[01m[K/usr/include/c++/9/array:94:12:[m[K [01;36m[Knote: [m[Kcandidate: ‘[01m[Kconstexpr std::array<double, 9>& std::array<double, 9>::operator=(std::array<double, 9>&&)[m[K’
[01m[K/usr/include/c++/9/array:94:12:[m[K [01;36m[Knote: [m[K  no known conversion for argument 1 from ‘[01m[KSensors::timer_Callback()::<lambda()>[m[K’ to ‘[01m[Kstd::array<double, 9>&&[m[K’
make[2]: *** [CMakeFiles/sensors.dir/build.make:63: CMakeFiles/sensors.dir/src/muuv_ros/sensors.cpp.o] Error 1
make[1]: *** [CMakeFiles/Makefile2:80: CMakeFiles/sensors.dir/all] Error 2
make: *** [Makefile:141: all] Error 2
