[0.028s] Invoking command in '/home/isopodin-time/ros2_ws/build/custom_msg_srv': CMAKE_PREFIX_PATH=${CMAKE_PREFIX_PATH}:/opt/ros/foxy /usr/bin/cmake --build /home/isopodin-time/ros2_ws/build/custom_msg_srv -- -j8 -l8
[0.064s] -- Found ament_cmake: 0.9.12 (/opt/ros/foxy/share/ament_cmake/cmake)
[0.090s] -- Found PythonInterp: /usr/bin/python3 (found suitable version "3.8.10", minimum required is "3") 
[0.090s] -- Using PYTHON_EXECUTABLE: /usr/bin/python3
[0.294s] -- Found std_msgs: 2.0.5 (/opt/ros/foxy/share/std_msgs/cmake)
[0.577s] -- Using all available rosidl_typesupport_c: rosidl_typesupport_fastrtps_c;rosidl_typesupport_introspection_c
[0.582s] -- Found rosidl_adapter: 1.3.1 (/opt/ros/foxy/share/rosidl_adapter/cmake)
[7.041s] -- Using all available rosidl_typesupport_cpp: rosidl_typesupport_fastrtps_cpp;rosidl_typesupport_introspection_cpp
[7.113s] -- Found rosidl_default_generators: 1.0.1 (/opt/ros/foxy/share/rosidl_default_generators/cmake)
[7.162s] -- Found PythonInterp: /usr/bin/python3 (found version "3.8.10") 
[7.316s] -- Found ament_cmake_ros: 0.9.2 (/opt/ros/foxy/share/ament_cmake_ros/cmake)
[13.279s] -- Using all available rosidl_typesupport_c: rosidl_typesupport_fastrtps_c;rosidl_typesupport_introspection_c
[13.349s] -- Using all available rosidl_typesupport_cpp: rosidl_typesupport_fastrtps_cpp;rosidl_typesupport_introspection_cpp
[13.383s] -- Found PythonInterp: /usr/bin/python3 (found suitable version "3.8.10", minimum required is "3.5") 
[13.383s] -- Found python_cmake_module: 0.8.1 (/opt/ros/foxy/share/python_cmake_module/cmake)
[13.408s] -- Using PYTHON_EXECUTABLE: /usr/bin/python3
[13.408s] -- Using PYTHON_INCLUDE_DIRS: /usr/include/python3.8
[13.408s] -- Using PYTHON_LIBRARIES: /usr/lib/x86_64-linux-gnu/libpython3.8.so
[13.453s] -- Found ament_lint_auto: 0.9.8 (/opt/ros/foxy/share/ament_lint_auto/cmake)
[13.466s] -- Added test 'copyright' to check source files copyright and LICENSE
[13.468s] -- Added test 'lint_cmake' to check CMake code style
[13.469s] -- Added test 'xmllint' to check XML markup files
[13.473s] -- Configuring done
[13.520s] -- Generating done
[13.523s] -- Build files have been written to: /home/isopodin-time/ros2_ws/build/custom_msg_srv
[13.567s] [  3%] Built target custom_msg_srv__cpp
[13.573s] [ 12%] Built target custom_msg_srv__rosidl_generator_c
[13.601s] [ 22%] Built target custom_msg_srv__rosidl_typesupport_fastrtps_cpp
[13.602s] [ 32%] Built target custom_msg_srv__rosidl_typesupport_cpp
[13.607s] [ 41%] Built target custom_msg_srv__rosidl_typesupport_introspection_cpp
[13.609s] [ 51%] Built target custom_msg_srv__rosidl_typesupport_c
[13.611s] [ 61%] Built target custom_msg_srv__rosidl_typesupport_introspection_c
[13.631s] [ 70%] Built target custom_msg_srv__rosidl_typesupport_fastrtps_c
[13.654s] [ 70%] Built target custom_msg_srv
[13.679s] [ 74%] Built target custom_msg_srv__py
[13.709s] [ 80%] Built target custom_msg_srv__python
[13.742s] [100%] Built target custom_msg_srv__rosidl_typesupport_fastrtps_c__pyext
[13.742s] [100%] Built target custom_msg_srv__rosidl_typesupport_c__pyext
[13.743s] [100%] Built target custom_msg_srv__rosidl_typesupport_introspection_c__pyext
[13.757s] Invoked command in '/home/isopodin-time/ros2_ws/build/custom_msg_srv' returned '0': CMAKE_PREFIX_PATH=${CMAKE_PREFIX_PATH}:/opt/ros/foxy /usr/bin/cmake --build /home/isopodin-time/ros2_ws/build/custom_msg_srv -- -j8 -l8
[13.848s] Invoking command in '/home/isopodin-time/ros2_ws/build/custom_msg_srv': CMAKE_PREFIX_PATH=${CMAKE_PREFIX_PATH}:/opt/ros/foxy /usr/bin/cmake --install /home/isopodin-time/ros2_ws/build/custom_msg_srv
[13.861s] -- Install configuration: ""
[13.861s] -- Up-to-date: /home/isopodin-time/ros2_ws/install/custom_msg_srv/share/ament_index/resource_index/rosidl_interfaces/custom_msg_srv
[13.862s] -- Up-to-date: /home/isopodin-time/ros2_ws/install/custom_msg_srv/include/custom_msg_srv
[13.862s] -- Up-to-date: /home/isopodin-time/ros2_ws/install/custom_msg_srv/include/custom_msg_srv/msg
[13.862s] -- Up-to-date: /home/isopodin-time/ros2_ws/install/custom_msg_srv/include/custom_msg_srv/msg/detail
[13.862s] -- Up-to-date: /home/isopodin-time/ros2_ws/install/custom_msg_srv/include/custom_msg_srv/msg/detail/float64_stamped__struct.h
[13.863s] -- Up-to-date: /home/isopodin-time/ros2_ws/install/custom_msg_srv/include/custom_msg_srv/msg/detail/float64_stamped__type_support.h
[13.863s] -- Up-to-date: /home/isopodin-time/ros2_ws/install/custom_msg_srv/include/custom_msg_srv/msg/detail/float64_stamped__functions.h
[13.864s] -- Up-to-date: /home/isopodin-time/ros2_ws/install/custom_msg_srv/include/custom_msg_srv/msg/detail/float64_stamped__functions.c
[13.864s] -- Up-to-date: /home/isopodin-time/ros2_ws/install/custom_msg_srv/include/custom_msg_srv/msg/float64_stamped.h
[13.864s] -- Up-to-date: /home/isopodin-time/ros2_ws/install/custom_msg_srv/include/custom_msg_srv/msg/rosidl_generator_c__visibility_control.h
[13.864s] -- Up-to-date: /home/isopodin-time/ros2_ws/install/custom_msg_srv/share/custom_msg_srv/environment/library_path.sh
[13.864s] -- Installing: /home/isopodin-time/ros2_ws/install/custom_msg_srv/share/custom_msg_srv/environment/library_path.dsv
[13.865s] -- Up-to-date: /home/isopodin-time/ros2_ws/install/custom_msg_srv/lib/libcustom_msg_srv__rosidl_generator_c.so
[13.865s] -- Up-to-date: /home/isopodin-time/ros2_ws/install/custom_msg_srv/include/custom_msg_srv
[13.865s] -- Up-to-date: /home/isopodin-time/ros2_ws/install/custom_msg_srv/include/custom_msg_srv/msg
[13.866s] -- Up-to-date: /home/isopodin-time/ros2_ws/install/custom_msg_srv/include/custom_msg_srv/msg/rosidl_typesupport_fastrtps_c__visibility_control.h
[13.866s] -- Up-to-date: /home/isopodin-time/ros2_ws/install/custom_msg_srv/include/custom_msg_srv/msg/detail
[13.866s] -- Up-to-date: /home/isopodin-time/ros2_ws/install/custom_msg_srv/include/custom_msg_srv/msg/detail/float64_stamped__rosidl_typesupport_fastrtps_c.h
[13.866s] -- Up-to-date: /home/isopodin-time/ros2_ws/install/custom_msg_srv/lib/libcustom_msg_srv__rosidl_typesupport_fastrtps_c.so
[13.866s] -- Up-to-date: /home/isopodin-time/ros2_ws/install/custom_msg_srv/include/custom_msg_srv
[13.867s] -- Up-to-date: /home/isopodin-time/ros2_ws/install/custom_msg_srv/include/custom_msg_srv/msg
[13.867s] -- Up-to-date: /home/isopodin-time/ros2_ws/install/custom_msg_srv/include/custom_msg_srv/msg/detail
[13.867s] -- Up-to-date: /home/isopodin-time/ros2_ws/install/custom_msg_srv/include/custom_msg_srv/msg/detail/dds_fastrtps
[13.867s] -- Up-to-date: /home/isopodin-time/ros2_ws/install/custom_msg_srv/include/custom_msg_srv/msg/detail/float64_stamped__rosidl_typesupport_fastrtps_cpp.hpp
[13.868s] -- Up-to-date: /home/isopodin-time/ros2_ws/install/custom_msg_srv/include/custom_msg_srv/msg/rosidl_typesupport_fastrtps_cpp__visibility_control.h
[13.868s] -- Up-to-date: /home/isopodin-time/ros2_ws/install/custom_msg_srv/lib/libcustom_msg_srv__rosidl_typesupport_fastrtps_cpp.so
[13.868s] -- Up-to-date: /home/isopodin-time/ros2_ws/install/custom_msg_srv/include/custom_msg_srv
[13.868s] -- Up-to-date: /home/isopodin-time/ros2_ws/install/custom_msg_srv/include/custom_msg_srv/msg
[13.869s] -- Up-to-date: /home/isopodin-time/ros2_ws/install/custom_msg_srv/include/custom_msg_srv/msg/detail
[13.869s] -- Up-to-date: /home/isopodin-time/ros2_ws/install/custom_msg_srv/include/custom_msg_srv/msg/detail/float64_stamped__rosidl_typesupport_introspection_c.h
[13.869s] -- Up-to-date: /home/isopodin-time/ros2_ws/install/custom_msg_srv/include/custom_msg_srv/msg/detail/float64_stamped__type_support.c
[13.869s] -- Up-to-date: /home/isopodin-time/ros2_ws/install/custom_msg_srv/include/custom_msg_srv/msg/rosidl_typesupport_introspection_c__visibility_control.h
[13.870s] -- Up-to-date: /home/isopodin-time/ros2_ws/install/custom_msg_srv/lib/libcustom_msg_srv__rosidl_typesupport_introspection_c.so
[13.870s] -- Up-to-date: /home/isopodin-time/ros2_ws/install/custom_msg_srv/lib/libcustom_msg_srv__rosidl_typesupport_c.so
[13.870s] -- Up-to-date: /home/isopodin-time/ros2_ws/install/custom_msg_srv/include/custom_msg_srv
[13.870s] -- Up-to-date: /home/isopodin-time/ros2_ws/install/custom_msg_srv/include/custom_msg_srv/msg
[13.870s] -- Up-to-date: /home/isopodin-time/ros2_ws/install/custom_msg_srv/include/custom_msg_srv/msg/float64_stamped.hpp
[13.870s] -- Up-to-date: /home/isopodin-time/ros2_ws/install/custom_msg_srv/include/custom_msg_srv/msg/detail
[13.870s] -- Up-to-date: /home/isopodin-time/ros2_ws/install/custom_msg_srv/include/custom_msg_srv/msg/detail/float64_stamped__traits.hpp
[13.871s] -- Up-to-date: /home/isopodin-time/ros2_ws/install/custom_msg_srv/include/custom_msg_srv/msg/detail/float64_stamped__builder.hpp
[13.871s] -- Up-to-date: /home/isopodin-time/ros2_ws/install/custom_msg_srv/include/custom_msg_srv/msg/detail/float64_stamped__type_support.hpp
[13.871s] -- Up-to-date: /home/isopodin-time/ros2_ws/install/custom_msg_srv/include/custom_msg_srv/msg/detail/float64_stamped__struct.hpp
[13.871s] -- Up-to-date: /home/isopodin-time/ros2_ws/install/custom_msg_srv/include/custom_msg_srv/msg/rosidl_generator_cpp__visibility_control.hpp
[13.871s] -- Up-to-date: /home/isopodin-time/ros2_ws/install/custom_msg_srv/include/custom_msg_srv
[13.871s] -- Up-to-date: /home/isopodin-time/ros2_ws/install/custom_msg_srv/include/custom_msg_srv/msg
[13.871s] -- Up-to-date: /home/isopodin-time/ros2_ws/install/custom_msg_srv/include/custom_msg_srv/msg/detail
[13.872s] -- Up-to-date: /home/isopodin-time/ros2_ws/install/custom_msg_srv/include/custom_msg_srv/msg/detail/float64_stamped__type_support.cpp
[13.872s] -- Up-to-date: /home/isopodin-time/ros2_ws/install/custom_msg_srv/include/custom_msg_srv/msg/detail/float64_stamped__rosidl_typesupport_introspection_cpp.hpp
[13.872s] -- Up-to-date: /home/isopodin-time/ros2_ws/install/custom_msg_srv/lib/libcustom_msg_srv__rosidl_typesupport_introspection_cpp.so
[13.872s] -- Up-to-date: /home/isopodin-time/ros2_ws/install/custom_msg_srv/lib/libcustom_msg_srv__rosidl_typesupport_cpp.so
[13.872s] -- Up-to-date: /home/isopodin-time/ros2_ws/install/custom_msg_srv/share/custom_msg_srv/environment/pythonpath.sh
[13.872s] -- Installing: /home/isopodin-time/ros2_ws/install/custom_msg_srv/share/custom_msg_srv/environment/pythonpath.dsv
[13.872s] -- Installing: /home/isopodin-time/ros2_ws/install/custom_msg_srv/lib/python3.8/site-packages/custom_msg_srv/__init__.py
[13.909s] Compiling '/home/isopodin-time/ros2_ws/install/custom_msg_srv/lib/python3.8/site-packages/custom_msg_srv/__init__.py'...
[13.918s] -- Up-to-date: /home/isopodin-time/ros2_ws/install/custom_msg_srv/lib/python3.8/site-packages/custom_msg_srv/msg
[13.918s] -- Up-to-date: /home/isopodin-time/ros2_ws/install/custom_msg_srv/lib/python3.8/site-packages/custom_msg_srv/msg/__init__.py
[13.918s] -- Up-to-date: /home/isopodin-time/ros2_ws/install/custom_msg_srv/lib/python3.8/site-packages/custom_msg_srv/msg/_float64_stamped_s.c
[13.919s] -- Up-to-date: /home/isopodin-time/ros2_ws/install/custom_msg_srv/lib/python3.8/site-packages/custom_msg_srv/msg/_float64_stamped.py
[13.919s] -- Up-to-date: /home/isopodin-time/ros2_ws/install/custom_msg_srv/lib/python3.8/site-packages/custom_msg_srv/custom_msg_srv_s__rosidl_typesupport_fastrtps_c.cpython-38-x86_64-linux-gnu.so
[13.919s] -- Up-to-date: /home/isopodin-time/ros2_ws/install/custom_msg_srv/lib/python3.8/site-packages/custom_msg_srv/custom_msg_srv_s__rosidl_typesupport_introspection_c.cpython-38-x86_64-linux-gnu.so
[13.920s] -- Up-to-date: /home/isopodin-time/ros2_ws/install/custom_msg_srv/lib/python3.8/site-packages/custom_msg_srv/custom_msg_srv_s__rosidl_typesupport_c.cpython-38-x86_64-linux-gnu.so
[13.920s] -- Up-to-date: /home/isopodin-time/ros2_ws/install/custom_msg_srv/lib/libcustom_msg_srv__python.so
[13.921s] -- Up-to-date: /home/isopodin-time/ros2_ws/install/custom_msg_srv/share/custom_msg_srv/msg/Float64Stamped.idl
[13.921s] -- Installing: /home/isopodin-time/ros2_ws/install/custom_msg_srv/share/custom_msg_srv/msg/Float64Stamped.msg
[13.921s] -- Up-to-date: /home/isopodin-time/ros2_ws/install/custom_msg_srv/share/ament_index/resource_index/package_run_dependencies/custom_msg_srv
[13.922s] -- Up-to-date: /home/isopodin-time/ros2_ws/install/custom_msg_srv/share/ament_index/resource_index/parent_prefix_path/custom_msg_srv
[13.922s] -- Up-to-date: /home/isopodin-time/ros2_ws/install/custom_msg_srv/share/custom_msg_srv/environment/ament_prefix_path.sh
[13.922s] -- Installing: /home/isopodin-time/ros2_ws/install/custom_msg_srv/share/custom_msg_srv/environment/ament_prefix_path.dsv
[13.922s] -- Up-to-date: /home/isopodin-time/ros2_ws/install/custom_msg_srv/share/custom_msg_srv/environment/path.sh
[13.923s] -- Installing: /home/isopodin-time/ros2_ws/install/custom_msg_srv/share/custom_msg_srv/environment/path.dsv
[13.923s] -- Up-to-date: /home/isopodin-time/ros2_ws/install/custom_msg_srv/share/custom_msg_srv/local_setup.bash
[13.923s] -- Up-to-date: /home/isopodin-time/ros2_ws/install/custom_msg_srv/share/custom_msg_srv/local_setup.sh
[13.924s] -- Up-to-date: /home/isopodin-time/ros2_ws/install/custom_msg_srv/share/custom_msg_srv/local_setup.zsh
[13.924s] -- Installing: /home/isopodin-time/ros2_ws/install/custom_msg_srv/share/custom_msg_srv/local_setup.dsv
[13.924s] -- Installing: /home/isopodin-time/ros2_ws/install/custom_msg_srv/share/custom_msg_srv/package.dsv
[13.924s] -- Up-to-date: /home/isopodin-time/ros2_ws/install/custom_msg_srv/share/ament_index/resource_index/packages/custom_msg_srv
[13.924s] -- Up-to-date: /home/isopodin-time/ros2_ws/install/custom_msg_srv/share/custom_msg_srv/cmake/custom_msg_srv__rosidl_generator_cExport.cmake
[13.924s] -- Installing: /home/isopodin-time/ros2_ws/install/custom_msg_srv/share/custom_msg_srv/cmake/custom_msg_srv__rosidl_generator_cExport-noconfig.cmake
[13.925s] -- Up-to-date: /home/isopodin-time/ros2_ws/install/custom_msg_srv/share/custom_msg_srv/cmake/custom_msg_srv__rosidl_typesupport_introspection_cExport.cmake
[13.925s] -- Installing: /home/isopodin-time/ros2_ws/install/custom_msg_srv/share/custom_msg_srv/cmake/custom_msg_srv__rosidl_typesupport_introspection_cExport-noconfig.cmake
[13.925s] -- Up-to-date: /home/isopodin-time/ros2_ws/install/custom_msg_srv/share/custom_msg_srv/cmake/custom_msg_srv__rosidl_typesupport_cExport.cmake
[13.925s] -- Installing: /home/isopodin-time/ros2_ws/install/custom_msg_srv/share/custom_msg_srv/cmake/custom_msg_srv__rosidl_typesupport_cExport-noconfig.cmake
[13.925s] -- Up-to-date: /home/isopodin-time/ros2_ws/install/custom_msg_srv/share/custom_msg_srv/cmake/custom_msg_srv__rosidl_generator_cppExport.cmake
[13.926s] -- Up-to-date: /home/isopodin-time/ros2_ws/install/custom_msg_srv/share/custom_msg_srv/cmake/custom_msg_srv__rosidl_typesupport_introspection_cppExport.cmake
[13.926s] -- Installing: /home/isopodin-time/ros2_ws/install/custom_msg_srv/share/custom_msg_srv/cmake/custom_msg_srv__rosidl_typesupport_introspection_cppExport-noconfig.cmake
[13.926s] -- Up-to-date: /home/isopodin-time/ros2_ws/install/custom_msg_srv/share/custom_msg_srv/cmake/custom_msg_srv__rosidl_typesupport_cppExport.cmake
[13.926s] -- Installing: /home/isopodin-time/ros2_ws/install/custom_msg_srv/share/custom_msg_srv/cmake/custom_msg_srv__rosidl_typesupport_cppExport-noconfig.cmake
[13.926s] -- Up-to-date: /home/isopodin-time/ros2_ws/install/custom_msg_srv/share/custom_msg_srv/cmake/rosidl_cmake-extras.cmake
[13.927s] -- Up-to-date: /home/isopodin-time/ros2_ws/install/custom_msg_srv/share/custom_msg_srv/cmake/ament_cmake_export_dependencies-extras.cmake
[13.927s] -- Up-to-date: /home/isopodin-time/ros2_ws/install/custom_msg_srv/share/custom_msg_srv/cmake/ament_cmake_export_libraries-extras.cmake
[13.927s] -- Up-to-date: /home/isopodin-time/ros2_ws/install/custom_msg_srv/share/custom_msg_srv/cmake/ament_cmake_export_targets-extras.cmake
[13.927s] -- Up-to-date: /home/isopodin-time/ros2_ws/install/custom_msg_srv/share/custom_msg_srv/cmake/ament_cmake_export_include_directories-extras.cmake
[13.927s] -- Up-to-date: /home/isopodin-time/ros2_ws/install/custom_msg_srv/share/custom_msg_srv/cmake/rosidl_cmake_export_typesupport_libraries-extras.cmake
[13.928s] -- Up-to-date: /home/isopodin-time/ros2_ws/install/custom_msg_srv/share/custom_msg_srv/cmake/rosidl_cmake_export_typesupport_targets-extras.cmake
[13.928s] -- Up-to-date: /home/isopodin-time/ros2_ws/install/custom_msg_srv/share/custom_msg_srv/cmake/custom_msg_srvConfig.cmake
[13.929s] -- Up-to-date: /home/isopodin-time/ros2_ws/install/custom_msg_srv/share/custom_msg_srv/cmake/custom_msg_srvConfig-version.cmake
[13.929s] -- Up-to-date: /home/isopodin-time/ros2_ws/install/custom_msg_srv/share/custom_msg_srv/package.xml
[13.933s] Invoked command in '/home/isopodin-time/ros2_ws/build/custom_msg_srv' returned '0': CMAKE_PREFIX_PATH=${CMAKE_PREFIX_PATH}:/opt/ros/foxy /usr/bin/cmake --install /home/isopodin-time/ros2_ws/build/custom_msg_srv
