[01m[K/home/isopodin-time/ros2_ws/src/muuv_ros/src/muuv_ros/sensors.cpp:[m[K In constructor ‘[01m[KSensors::Sensors()[m[K’:
[01m[K/home/isopodin-time/ros2_ws/src/muuv_ros/src/muuv_ros/sensors.cpp:5:55:[m[K [01;31m[Kerror: [m[Kno matching function for call to ‘[01m[KMTi::MTi()[m[K’
    5 | Sensors::Sensors() : rclcpp::Node("sensors"), count_(0[01;31m[K)[m[K
      |                                                       [01;31m[K^[m[K
In file included from [01m[K/home/isopodin-time/ros2_ws/src/muuv_ros/include/muuv_ros/sensors.hpp:6[m[K,
                 from [01m[K/home/isopodin-time/ros2_ws/src/muuv_ros/src/muuv_ros/sensors.cpp:1[m[K:
[01m[K/home/isopodin-time/ros2_ws/src/muuv_ros/src/xsens_mti_i2c/MTi.h:18:3:[m[K [01;36m[Knote: [m[Kcandidate: ‘[01m[KMTi::MTi(int, uint8_t, uint8_t)[m[K’
   18 |   [01;36m[KMTi[m[K(int pigpio_id, uint8_t I2C_ADDR=0x6B, uint8_t I2C_BUS=1);
      |   [01;36m[K^~~[m[K
[01m[K/home/isopodin-time/ros2_ws/src/muuv_ros/src/xsens_mti_i2c/MTi.h:18:3:[m[K [01;36m[Knote: [m[K  candidate expects 3 arguments, 0 provided
[01m[K/home/isopodin-time/ros2_ws/src/muuv_ros/src/xsens_mti_i2c/MTi.h:15:7:[m[K [01;36m[Knote: [m[Kcandidate: ‘[01m[Kconstexpr MTi::MTi(const MTi&)[m[K’
   15 | class [01;36m[KMTi[m[K
      |       [01;36m[K^~~[m[K
[01m[K/home/isopodin-time/ros2_ws/src/muuv_ros/src/xsens_mti_i2c/MTi.h:15:7:[m[K [01;36m[Knote: [m[K  candidate expects 1 argument, 0 provided
[01m[K/home/isopodin-time/ros2_ws/src/muuv_ros/src/muuv_ros/sensors.cpp:16:11:[m[K [01;31m[Kerror: [m[Kno match for call to ‘[01m[K(MTi) (int&)[m[K’
   16 |     imu(pi[01;31m[K)[m[K;
      |           [01;31m[K^[m[K
[01m[K/home/isopodin-time/ros2_ws/src/muuv_ros/src/muuv_ros/sensors.cpp:18:12:[m[K [01;31m[Kerror: [m[Kbase operand of ‘[01m[K->[m[K’ has non-pointer type ‘[01m[KMTi[m[K’
   18 |     if (imu[01;31m[K->[m[Kdetect(1000))
      |            [01;31m[K^~[m[K
[01m[K/home/isopodin-time/ros2_ws/src/muuv_ros/src/muuv_ros/sensors.cpp:22:12:[m[K [01;31m[Kerror: [m[Kbase operand of ‘[01m[K->[m[K’ has non-pointer type ‘[01m[KMTi[m[K’
   22 |         imu[01;31m[K->[m[KconfigureOutputs(modes, hz, 3);
      |            [01;31m[K^~[m[K
[01m[K/home/isopodin-time/ros2_ws/src/muuv_ros/src/muuv_ros/sensors.cpp:23:12:[m[K [01;31m[Kerror: [m[Kbase operand of ‘[01m[K->[m[K’ has non-pointer type ‘[01m[KMTi[m[K’
   23 |         imu[01;31m[K->[m[KgoToMeasurement();
      |            [01;31m[K^~[m[K
[01m[K/home/isopodin-time/ros2_ws/src/muuv_ros/src/muuv_ros/sensors.cpp:[m[K In destructor ‘[01m[Kvirtual Sensors::~Sensors()[m[K’:
[01m[K/home/isopodin-time/ros2_ws/src/muuv_ros/src/muuv_ros/sensors.cpp:39:8:[m[K [01;31m[Kerror: [m[Kbase operand of ‘[01m[K->[m[K’ has non-pointer type ‘[01m[KMTi[m[K’
   39 |     imu[01;31m[K->[m[K~MTi();
      |        [01;31m[K^~[m[K
[01m[K/home/isopodin-time/ros2_ws/src/muuv_ros/src/muuv_ros/sensors.cpp:40:12:[m[K [01;31m[Kerror: [m[Ktype ‘[01m[Kclass MTi[m[K’ argument given to ‘[01m[Kdelete[m[K’, expected pointer
   40 |     delete [01;31m[Kimu[m[K;
      |            [01;31m[K^~~[m[K
[01m[K/home/isopodin-time/ros2_ws/src/muuv_ros/src/muuv_ros/sensors.cpp:[m[K In member function ‘[01m[Kvoid Sensors::timer_Callback()[m[K’:
[01m[K/home/isopodin-time/ros2_ws/src/muuv_ros/src/muuv_ros/sensors.cpp:49:28:[m[K [01;31m[Kerror: [m[Kbase operand of ‘[01m[K->[m[K’ has non-pointer type ‘[01m[KMTi[m[K’
   49 |     msg.orientation.x = imu[01;31m[K->[m[KgetQuat()[0];
      |                            [01;31m[K^~[m[K
[01m[K/home/isopodin-time/ros2_ws/src/muuv_ros/src/muuv_ros/sensors.cpp:50:28:[m[K [01;31m[Kerror: [m[Kbase operand of ‘[01m[K->[m[K’ has non-pointer type ‘[01m[KMTi[m[K’
   50 |     msg.orientation.y = imu[01;31m[K->[m[KgetQuat()[1];
      |                            [01;31m[K^~[m[K
[01m[K/home/isopodin-time/ros2_ws/src/muuv_ros/src/muuv_ros/sensors.cpp:51:28:[m[K [01;31m[Kerror: [m[Kbase operand of ‘[01m[K->[m[K’ has non-pointer type ‘[01m[KMTi[m[K’
   51 |     msg.orientation.z = imu[01;31m[K->[m[KgetQuat()[2];
      |                            [01;31m[K^~[m[K
[01m[K/home/isopodin-time/ros2_ws/src/muuv_ros/src/muuv_ros/sensors.cpp:52:28:[m[K [01;31m[Kerror: [m[Kbase operand of ‘[01m[K->[m[K’ has non-pointer type ‘[01m[KMTi[m[K’
   52 |     msg.orientation.w = imu[01;31m[K->[m[KgetQuat()[3];
      |                            [01;31m[K^~[m[K
[01m[K/home/isopodin-time/ros2_ws/src/muuv_ros/src/muuv_ros/sensors.cpp:55:33:[m[K [01;31m[Kerror: [m[Kbase operand of ‘[01m[K->[m[K’ has non-pointer type ‘[01m[KMTi[m[K’
   55 |     msg.angular_velocity.x = imu[01;31m[K->[m[KgetRateOfTurn()[0];
      |                                 [01;31m[K^~[m[K
[01m[K/home/isopodin-time/ros2_ws/src/muuv_ros/src/muuv_ros/sensors.cpp:56:33:[m[K [01;31m[Kerror: [m[Kbase operand of ‘[01m[K->[m[K’ has non-pointer type ‘[01m[KMTi[m[K’
   56 |     msg.angular_velocity.y = imu[01;31m[K->[m[KgetRateOfTurn()[1];
      |                                 [01;31m[K^~[m[K
[01m[K/home/isopodin-time/ros2_ws/src/muuv_ros/src/muuv_ros/sensors.cpp:57:33:[m[K [01;31m[Kerror: [m[Kbase operand of ‘[01m[K->[m[K’ has non-pointer type ‘[01m[KMTi[m[K’
   57 |     msg.angular_velocity.z = imu[01;31m[K->[m[KgetRateOfTurn()[2];
      |                                 [01;31m[K^~[m[K
[01m[K/home/isopodin-time/ros2_ws/src/muuv_ros/src/muuv_ros/sensors.cpp:60:36:[m[K [01;31m[Kerror: [m[Kbase operand of ‘[01m[K->[m[K’ has non-pointer type ‘[01m[KMTi[m[K’
   60 |     msg.linear_acceleration.x = imu[01;31m[K->[m[KgetAcceleration()[0];
      |                                    [01;31m[K^~[m[K
[01m[K/home/isopodin-time/ros2_ws/src/muuv_ros/src/muuv_ros/sensors.cpp:61:36:[m[K [01;31m[Kerror: [m[Kbase operand of ‘[01m[K->[m[K’ has non-pointer type ‘[01m[KMTi[m[K’
   61 |     msg.linear_acceleration.y = imu[01;31m[K->[m[KgetAcceleration()[1];
      |                                    [01;31m[K^~[m[K
[01m[K/home/isopodin-time/ros2_ws/src/muuv_ros/src/muuv_ros/sensors.cpp:62:36:[m[K [01;31m[Kerror: [m[Kbase operand of ‘[01m[K->[m[K’ has non-pointer type ‘[01m[KMTi[m[K’
   62 |     msg.linear_acceleration.z = imu[01;31m[K->[m[KgetAcceleration()[2];
      |                                    [01;31m[K^~[m[K
make[2]: *** [CMakeFiles/sensors.dir/build.make:63: CMakeFiles/sensors.dir/src/muuv_ros/sensors.cpp.o] Error 1
make[1]: *** [CMakeFiles/Makefile2:111: CMakeFiles/sensors.dir/all] Error 2
make: *** [Makefile:141: all] Error 2
