[0.026s] Invoking command in '/home/isopodin-time/ros2_ws/build/pid_component': CMAKE_PREFIX_PATH=${CMAKE_PREFIX_PATH}:/opt/ros/foxy /usr/bin/cmake --build /home/isopodin-time/ros2_ws/build/pid_component -- -j8 -l8
[0.063s] -- Found ament_cmake: 0.9.12 (/opt/ros/foxy/share/ament_cmake/cmake)
[0.085s] -- Using PYTHON_EXECUTABLE: /usr/bin/python3
[0.267s] -- Override CMake install command with custom implementation using symlinks instead of copying resources
[0.274s] -- Found rclcpp: 2.4.3 (/opt/ros/foxy/share/rclcpp/cmake)
[0.508s] -- Using all available rosidl_typesupport_c: rosidl_typesupport_fastrtps_c;rosidl_typesupport_introspection_c
[0.511s] -- Found rosidl_adapter: 1.3.1 (/opt/ros/foxy/share/rosidl_adapter/cmake)
[6.105s] -- Using all available rosidl_typesupport_cpp: rosidl_typesupport_fastrtps_cpp;rosidl_typesupport_introspection_cpp
[6.154s] -- Found rmw_implementation_cmake: 1.0.4 (/opt/ros/foxy/share/rmw_implementation_cmake/cmake)
[6.156s] -- Using RMW implementation 'rmw_fastrtps_cpp' as default
[6.290s] -- Found control_toolbox: 2.2.0 (/opt/ros/foxy/share/control_toolbox/cmake)
[6.744s] -- Found rclcpp_components: 2.4.3 (/opt/ros/foxy/share/rclcpp_components/cmake)
[6.863s] -- Configuring done
[6.878s] -- Generating done
[6.879s] -- Build files have been written to: /home/isopodin-time/ros2_ws/build/pid_component
[6.928s] [100%] Built target pid_component
[6.945s] Invoked command in '/home/isopodin-time/ros2_ws/build/pid_component' returned '0': CMAKE_PREFIX_PATH=${CMAKE_PREFIX_PATH}:/opt/ros/foxy /usr/bin/cmake --build /home/isopodin-time/ros2_ws/build/pid_component -- -j8 -l8
[6.990s] Invoking command in '/home/isopodin-time/ros2_ws/build/pid_component': CMAKE_PREFIX_PATH=${CMAKE_PREFIX_PATH}:/opt/ros/foxy /usr/bin/cmake --install /home/isopodin-time/ros2_ws/build/pid_component
[6.998s] -- Install configuration: ""
[6.999s] -- Execute custom install script
[6.999s] -- Symlinking: /home/isopodin-time/ros2_ws/install/pid_component/lib/pid_component/libpid_component.so
[7.010s] -- Up-to-date symlink: /home/isopodin-time/ros2_ws/install/pid_component/share/pid_component/launch/pid.launch.py
[7.010s] -- Up-to-date symlink: /home/isopodin-time/ros2_ws/install/pid_component/share/ament_index/resource_index/package_run_dependencies/pid_component
[7.011s] -- Up-to-date symlink: /home/isopodin-time/ros2_ws/install/pid_component/share/ament_index/resource_index/parent_prefix_path/pid_component
[7.011s] -- Up-to-date symlink: /home/isopodin-time/ros2_ws/install/pid_component/share/pid_component/environment/ament_prefix_path.sh
[7.011s] -- Up-to-date symlink: /home/isopodin-time/ros2_ws/install/pid_component/share/pid_component/environment/ament_prefix_path.dsv
[7.012s] -- Up-to-date symlink: /home/isopodin-time/ros2_ws/install/pid_component/share/pid_component/environment/path.sh
[7.012s] -- Up-to-date symlink: /home/isopodin-time/ros2_ws/install/pid_component/share/pid_component/environment/path.dsv
[7.013s] -- Up-to-date symlink: /home/isopodin-time/ros2_ws/install/pid_component/share/pid_component/local_setup.bash
[7.013s] -- Up-to-date symlink: /home/isopodin-time/ros2_ws/install/pid_component/share/pid_component/local_setup.sh
[7.013s] -- Up-to-date symlink: /home/isopodin-time/ros2_ws/install/pid_component/share/pid_component/local_setup.zsh
[7.014s] -- Up-to-date symlink: /home/isopodin-time/ros2_ws/install/pid_component/share/pid_component/local_setup.dsv
[7.014s] -- Symlinking: /home/isopodin-time/ros2_ws/install/pid_component/share/pid_component/package.dsv
[7.024s] -- Up-to-date symlink: /home/isopodin-time/ros2_ws/install/pid_component/share/ament_index/resource_index/packages/pid_component
[7.025s] -- Up-to-date symlink: /home/isopodin-time/ros2_ws/install/pid_component/share/ament_index/resource_index/rclcpp_components/pid_component
[7.026s] -- Up-to-date symlink: /home/isopodin-time/ros2_ws/install/pid_component/share/pid_component/cmake/pid_componentConfig.cmake
[7.026s] -- Up-to-date symlink: /home/isopodin-time/ros2_ws/install/pid_component/share/pid_component/cmake/pid_componentConfig-version.cmake
[7.026s] -- Up-to-date symlink: /home/isopodin-time/ros2_ws/install/pid_component/share/pid_component/package.xml
[7.029s] Invoked command in '/home/isopodin-time/ros2_ws/build/pid_component' returned '0': CMAKE_PREFIX_PATH=${CMAKE_PREFIX_PATH}:/opt/ros/foxy /usr/bin/cmake --install /home/isopodin-time/ros2_ws/build/pid_component
