[0.296s] Invoking command in '/home/isopodin-time/ros2_ws/build/muuv_ros': CMAKE_PREFIX_PATH=/home/isopodin-time/ros2_ws/install/custom_msg_srv:/home/isopodin-time/ros2_ws/install/plankton:/home/isopodin-time/ros2_ws/install/uuv_simulator:/home/isopodin-time/ros2_ws/install/uuv_world_ros_plugins:/home/isopodin-time/ros2_ws/install/uuv_tutorials:/home/isopodin-time/ros2_ws/install/uuv_tutorial_dp_controller:/home/isopodin-time/ros2_ws/install/uuv_tutorial_disturbances:/home/isopodin-time/ros2_ws/install/uuv_control_utils:/home/isopodin-time/ros2_ws/install/uuv_world_ros_plugins_msgs:/home/isopodin-time/ros2_ws/install/uuv_world_plugins:/home/isopodin-time/ros2_ws/install/uuv_tutorial_seabed_world:/home/isopodin-time/ros2_ws/install/uuv_trajectory_control:/home/isopodin-time/ros2_ws/install/uuv_teleop:/home/isopodin-time/ros2_ws/install/uuv_thruster_manager:/home/isopodin-time/ros2_ws/install/uuv_descriptions:/home/isopodin-time/ros2_ws/install/uuv_sensor_ros_plugins:/home/isopodin-time/ros2_ws/install/uuv_sensor_ros_plugins_msgs:/home/isopodin-time/ros2_ws/install/uuv_gazebo_worlds:/home/isopodin-time/ros2_ws/install/uuv_gazebo_ros_plugins:/home/isopodin-time/ros2_ws/install/uuv_gazebo_ros_plugins_msgs:/home/isopodin-time/ros2_ws/install/uuv_gazebo_plugins:/home/isopodin-time/ros2_ws/install/uuv_gazebo:/home/isopodin-time/ros2_ws/install/uuv_control_msgs:/home/isopodin-time/ros2_ws/install/uuv_control_cascaded_pid:/home/isopodin-time/ros2_ws/install/uuv_auv_control_allocator:/home/isopodin-time/ros2_ws/install/uuv_assistants:/home/isopodin-time/ros2_ws/install/muuv_sim:/home/isopodin-time/ros2_ws/install/test_sim:/home/isopodin-time/ros2_ws/install/plankton_utils:/home/isopodin-time/ros2_ws/install/pid_component:/home/isopodin-time/ros2_ws/install/muuv_sim_description:/home/isopodin-time/ros2_ws/install/muuv_sim_control:/home/isopodin-time/ros2_ws/install/muuv_ros:/opt/ros/foxy LD_LIBRARY_PATH=/home/isopodin-time/ros2_ws/install/custom_msg_srv/lib:/home/isopodin-time/ros2_ws/install/uuv_world_ros_plugins/lib:/home/isopodin-time/ros2_ws/install/uuv_world_ros_plugins_msgs/lib:/home/isopodin-time/ros2_ws/install/uuv_world_plugins/lib:/home/isopodin-time/ros2_ws/install/uuv_thruster_manager/lib:/home/isopodin-time/ros2_ws/install/uuv_sensor_ros_plugins/lib:/home/isopodin-time/ros2_ws/install/uuv_sensor_ros_plugins_msgs/lib:/home/isopodin-time/ros2_ws/install/uuv_gazebo_ros_plugins/lib:/home/isopodin-time/ros2_ws/install/uuv_gazebo_ros_plugins_msgs/lib:/home/isopodin-time/ros2_ws/install/uuv_gazebo_plugins/lib:/home/isopodin-time/ros2_ws/install/uuv_control_msgs/lib:/home/isopodin-time/ros2_ws/install/uuv_auv_control_allocator/lib:/home/isopodin-time/ros2_ws/install/pid_component/lib:/usr/lib/x86_64-linux-gnu/gazebo-11/plugins:/opt/ros/foxy/opt/yaml_cpp_vendor/lib:/opt/ros/foxy/opt/rviz_ogre_vendor/lib:/opt/ros/foxy/lib/x86_64-linux-gnu:/opt/ros/foxy/lib:/usr/lib/x86_64-linux-gnu/gazebo-11/plugins PYTHONPATH=/home/isopodin-time/ros2_ws/install/custom_msg_srv/lib/python3.8/site-packages:/home/isopodin-time/ros2_ws/install/uuv_world_ros_plugins_msgs/lib/python3.8/site-packages:/home/isopodin-time/ros2_ws/install/uuv_trajectory_control/lib/python3.8/site-packages:/home/isopodin-time/ros2_ws/install/uuv_thruster_manager/lib/python3.8/site-packages:/home/isopodin-time/ros2_ws/install/uuv_sensor_ros_plugins_msgs/lib/python3.8/site-packages:/home/isopodin-time/ros2_ws/install/uuv_gazebo_ros_plugins_msgs/lib/python3.8/site-packages:/home/isopodin-time/ros2_ws/install/uuv_control_msgs/lib/python3.8/site-packages:/home/isopodin-time/ros2_ws/install/uuv_control_cascaded_pid/lib/python3.8/site-packages:/home/isopodin-time/ros2_ws/install/uuv_auv_control_allocator/lib/python3.8/site-packages:/home/isopodin-time/ros2_ws/install/uuv_assistants/lib/python3.8/site-packages:/home/isopodin-time/ros2_ws/install/plankton_utils/lib/python3.8/site-packages:/opt/ros/foxy/lib/python3.8/site-packages /usr/bin/cmake --build /home/isopodin-time/ros2_ws/build/muuv_ros -- -j8 -l8
[0.365s] [35m[1mScanning dependencies of target imu_repub[0m
[0.394s] [ 18%] Built target pid_recombiner
[0.398s] [ 45%] Built target thrusters
[0.399s] [ 81%] Built target sensors
[0.417s] [ 90%] [32mBuilding CXX object CMakeFiles/imu_repub.dir/src/muuv_ros/imu_repub.cpp.o[0m
[1.843s] [01m[K/home/isopodin-time/ros2_ws/src/muuv_ros/src/muuv_ros/imu_repub.cpp:104:54:[m[K [01;31m[Kerror: [m[K‘[01m[KTransformStamped[m[K’ in namespace ‘[01m[Kgeometry_msgs::msg[m[K’ does not name a type
[1.843s]   104 |     void setpoint_callback(const geometry_msgs::msg::[01;31m[KTransformStamped[m[K::SharedPtr msg) const
[1.843s]       |                                                      [01;31m[K^~~~~~~~~~~~~~~~[m[K
[1.843s] [01m[K/home/isopodin-time/ros2_ws/src/muuv_ros/src/muuv_ros/imu_repub.cpp:104:82:[m[K [01;31m[Kerror: [m[Kexpected unqualified-id before ‘[01m[Kmsg[m[K’
[1.844s]   104 |     void setpoint_callback(const geometry_msgs::msg::TransformStamped::SharedPtr [01;31m[Kmsg[m[K) const
[1.844s]       |                                                                                  [01;31m[K^~~[m[K
[1.844s] [01m[K/home/isopodin-time/ros2_ws/src/muuv_ros/src/muuv_ros/imu_repub.cpp:104:81:[m[K [01;31m[Kerror: [m[Kexpected ‘[01m[K)[m[K’ before ‘[01m[Kmsg[m[K’
[1.844s]   104 |     void setpoint_callback[34m[K([m[Kconst geometry_msgs::msg::TransformStamped::SharedPtr[01;31m[K [m[K[32m[Kmsg[m[K) const
[1.844s]       |                           [34m[K~[m[K                                                     [01;31m[K^[m[K[32m[K~~~[m[K
[1.844s]       |                                                                                 [32m[K)[m[K
[1.844s] [01m[K/home/isopodin-time/ros2_ws/src/muuv_ros/src/muuv_ros/imu_repub.cpp:104:72:[m[K [01;31m[Kerror: [m[Kexpected ‘[01m[K;[m[K’ at end of member declaration
[1.844s]   104 |     void setpoint_callback(const geometry_msgs::msg::TransformStamped::[01;31m[KSharedPtr[m[K msg) const
[1.844s]       |                                                                        [01;31m[K^~~~~~~~~[m[K
[1.845s]       |                                                                                 [32m[K;[m[K
[1.845s] [01m[K/home/isopodin-time/ros2_ws/src/muuv_ros/src/muuv_ros/imu_repub.cpp:104:82:[m[K [01;31m[Kerror: [m[K‘[01m[Kmsg[m[K’ does not name a type
[1.845s]   104 |     void setpoint_callback(const geometry_msgs::msg::TransformStamped::SharedPtr [01;31m[Kmsg[m[K) const
[1.845s]       |                                                                                  [01;31m[K^~~[m[K
[1.876s] [01m[K/home/isopodin-time/ros2_ws/src/muuv_ros/src/muuv_ros/imu_repub.cpp:[m[K In constructor ‘[01m[KImu_repub::Imu_repub()[m[K’:
[1.876s] [01m[K/home/isopodin-time/ros2_ws/src/muuv_ros/src/muuv_ros/imu_repub.cpp:53:70:[m[K [01;31m[Kerror: [m[K‘[01m[KTransform[m[K’ is not a member of ‘[01m[Kgeometry_msgs::msg[m[K’
[1.876s]    53 |         setpoint_sub = this->create_subscription<geometry_msgs::msg::[01;31m[KTransform[m[K>(
[1.876s]       |                                                                      [01;31m[K^~~~~~~~~[m[K
[1.876s] [01m[K/home/isopodin-time/ros2_ws/src/muuv_ros/src/muuv_ros/imu_repub.cpp:53:70:[m[K [01;31m[Kerror: [m[K‘[01m[KTransform[m[K’ is not a member of ‘[01m[Kgeometry_msgs::msg[m[K’
[1.879s] [01m[K/home/isopodin-time/ros2_ws/src/muuv_ros/src/muuv_ros/imu_repub.cpp:54:79:[m[K [01;31m[Kerror: [m[Kno matching function for call to ‘[01m[KImu_repub::create_subscription<<expression error> >(const char [9], int, std::_Bind_helper<false, void (Imu_repub::*)(...), Imu_repub*, const std::_Placeholder<1>&>::type)[m[K’
[1.880s]    54 |             "setpoint", 10, std::bind(&Imu_repub::setpoint_callback, this, _1)[01;31m[K)[m[K;
[1.880s]       |                                                                               [01;31m[K^[m[K
[1.880s] In file included from [01m[K/opt/ros/foxy/include/rclcpp/node.hpp:1224[m[K,
[1.880s]                  from [01m[K/opt/ros/foxy/include/rclcpp/executors/single_threaded_executor.hpp:28[m[K,
[1.880s]                  from [01m[K/opt/ros/foxy/include/rclcpp/executors.hpp:22[m[K,
[1.880s]                  from [01m[K/opt/ros/foxy/include/rclcpp/rclcpp.hpp:146[m[K,
[1.880s]                  from [01m[K/home/isopodin-time/ros2_ws/src/muuv_ros/src/muuv_ros/imu_repub.cpp:3[m[K:
[1.881s] [01m[K/opt/ros/foxy/include/rclcpp/node_impl.hpp:91:1:[m[K [01;36m[Knote: [m[Kcandidate: ‘[01m[Ktemplate<class MessageT, class CallbackT, class AllocatorT, class CallbackMessageT, class SubscriptionT, class MessageMemoryStrategyT> std::shared_ptr<SubscriptionT> rclcpp::Node::create_subscription(const string&, const rclcpp::QoS&, CallbackT&&, const rclcpp::SubscriptionOptionsWithAllocator<AllocatorT>&, typename MessageMemoryStrategyT::SharedPtr)[m[K’
[1.881s]    91 | [01;36m[KNode[m[K::create_subscription(
[1.881s]       | [01;36m[K^~~~[m[K
[1.881s] [01m[K/opt/ros/foxy/include/rclcpp/node_impl.hpp:91:1:[m[K [01;36m[Knote: [m[K  template argument deduction/substitution failed:
[1.881s] [01m[K/home/isopodin-time/ros2_ws/src/muuv_ros/src/muuv_ros/imu_repub.cpp:54:79:[m[K [01;31m[Kerror: [m[Ktemplate argument 1 is invalid
[1.881s]    54 |             "setpoint", 10, std::bind(&Imu_repub::setpoint_callback, this, _1)[01;31m[K)[m[K;
[1.881s]       |                                                                               [01;31m[K^[m[K
[3.467s] make[2]: *** [CMakeFiles/imu_repub.dir/build.make:63: CMakeFiles/imu_repub.dir/src/muuv_ros/imu_repub.cpp.o] Error 1
[3.468s] make[1]: *** [CMakeFiles/Makefile2:84: CMakeFiles/imu_repub.dir/all] Error 2
[3.468s] make: *** [Makefile:141: all] Error 2
[3.471s] Invoked command in '/home/isopodin-time/ros2_ws/build/muuv_ros' returned '2': CMAKE_PREFIX_PATH=/home/isopodin-time/ros2_ws/install/custom_msg_srv:/home/isopodin-time/ros2_ws/install/plankton:/home/isopodin-time/ros2_ws/install/uuv_simulator:/home/isopodin-time/ros2_ws/install/uuv_world_ros_plugins:/home/isopodin-time/ros2_ws/install/uuv_tutorials:/home/isopodin-time/ros2_ws/install/uuv_tutorial_dp_controller:/home/isopodin-time/ros2_ws/install/uuv_tutorial_disturbances:/home/isopodin-time/ros2_ws/install/uuv_control_utils:/home/isopodin-time/ros2_ws/install/uuv_world_ros_plugins_msgs:/home/isopodin-time/ros2_ws/install/uuv_world_plugins:/home/isopodin-time/ros2_ws/install/uuv_tutorial_seabed_world:/home/isopodin-time/ros2_ws/install/uuv_trajectory_control:/home/isopodin-time/ros2_ws/install/uuv_teleop:/home/isopodin-time/ros2_ws/install/uuv_thruster_manager:/home/isopodin-time/ros2_ws/install/uuv_descriptions:/home/isopodin-time/ros2_ws/install/uuv_sensor_ros_plugins:/home/isopodin-time/ros2_ws/install/uuv_sensor_ros_plugins_msgs:/home/isopodin-time/ros2_ws/install/uuv_gazebo_worlds:/home/isopodin-time/ros2_ws/install/uuv_gazebo_ros_plugins:/home/isopodin-time/ros2_ws/install/uuv_gazebo_ros_plugins_msgs:/home/isopodin-time/ros2_ws/install/uuv_gazebo_plugins:/home/isopodin-time/ros2_ws/install/uuv_gazebo:/home/isopodin-time/ros2_ws/install/uuv_control_msgs:/home/isopodin-time/ros2_ws/install/uuv_control_cascaded_pid:/home/isopodin-time/ros2_ws/install/uuv_auv_control_allocator:/home/isopodin-time/ros2_ws/install/uuv_assistants:/home/isopodin-time/ros2_ws/install/muuv_sim:/home/isopodin-time/ros2_ws/install/test_sim:/home/isopodin-time/ros2_ws/install/plankton_utils:/home/isopodin-time/ros2_ws/install/pid_component:/home/isopodin-time/ros2_ws/install/muuv_sim_description:/home/isopodin-time/ros2_ws/install/muuv_sim_control:/home/isopodin-time/ros2_ws/install/muuv_ros:/opt/ros/foxy LD_LIBRARY_PATH=/home/isopodin-time/ros2_ws/install/custom_msg_srv/lib:/home/isopodin-time/ros2_ws/install/uuv_world_ros_plugins/lib:/home/isopodin-time/ros2_ws/install/uuv_world_ros_plugins_msgs/lib:/home/isopodin-time/ros2_ws/install/uuv_world_plugins/lib:/home/isopodin-time/ros2_ws/install/uuv_thruster_manager/lib:/home/isopodin-time/ros2_ws/install/uuv_sensor_ros_plugins/lib:/home/isopodin-time/ros2_ws/install/uuv_sensor_ros_plugins_msgs/lib:/home/isopodin-time/ros2_ws/install/uuv_gazebo_ros_plugins/lib:/home/isopodin-time/ros2_ws/install/uuv_gazebo_ros_plugins_msgs/lib:/home/isopodin-time/ros2_ws/install/uuv_gazebo_plugins/lib:/home/isopodin-time/ros2_ws/install/uuv_control_msgs/lib:/home/isopodin-time/ros2_ws/install/uuv_auv_control_allocator/lib:/home/isopodin-time/ros2_ws/install/pid_component/lib:/usr/lib/x86_64-linux-gnu/gazebo-11/plugins:/opt/ros/foxy/opt/yaml_cpp_vendor/lib:/opt/ros/foxy/opt/rviz_ogre_vendor/lib:/opt/ros/foxy/lib/x86_64-linux-gnu:/opt/ros/foxy/lib:/usr/lib/x86_64-linux-gnu/gazebo-11/plugins PYTHONPATH=/home/isopodin-time/ros2_ws/install/custom_msg_srv/lib/python3.8/site-packages:/home/isopodin-time/ros2_ws/install/uuv_world_ros_plugins_msgs/lib/python3.8/site-packages:/home/isopodin-time/ros2_ws/install/uuv_trajectory_control/lib/python3.8/site-packages:/home/isopodin-time/ros2_ws/install/uuv_thruster_manager/lib/python3.8/site-packages:/home/isopodin-time/ros2_ws/install/uuv_sensor_ros_plugins_msgs/lib/python3.8/site-packages:/home/isopodin-time/ros2_ws/install/uuv_gazebo_ros_plugins_msgs/lib/python3.8/site-packages:/home/isopodin-time/ros2_ws/install/uuv_control_msgs/lib/python3.8/site-packages:/home/isopodin-time/ros2_ws/install/uuv_control_cascaded_pid/lib/python3.8/site-packages:/home/isopodin-time/ros2_ws/install/uuv_auv_control_allocator/lib/python3.8/site-packages:/home/isopodin-time/ros2_ws/install/uuv_assistants/lib/python3.8/site-packages:/home/isopodin-time/ros2_ws/install/plankton_utils/lib/python3.8/site-packages:/opt/ros/foxy/lib/python3.8/site-packages /usr/bin/cmake --build /home/isopodin-time/ros2_ws/build/muuv_ros -- -j8 -l8
