[0.212s] Invoking command in '/home/isopodin-time/ros2_ws/build/uuv_gazebo_plugins': CMAKE_PREFIX_PATH=${CMAKE_PREFIX_PATH}:/opt/ros/foxy /usr/bin/cmake --build /home/isopodin-time/ros2_ws/build/uuv_gazebo_plugins -- -j8 -l8
[0.440s] [ 17%] Built target uuv_gazebo_plugins_msgs
[0.474s] [ 28%] Built target uuv_dynamics
[0.475s] [ 32%] Built target gtest
[0.489s] [ 46%] Built target uuv_underwater_object_plugin
[0.499s] [ 53%] Built target gtest_main
[0.530s] [ 64%] Built target umbilical_plugin
[0.702s] [ 75%] Built target uuv_fin_plugin
[0.720s] [ 82%] Built target UNIT_ThrusterDynamics_TEST
[0.759s] [ 92%] Built target uuv_thruster_plugin
[0.825s] [100%] Built target UNIT_ThrusterConversionFcn_TEST
[0.925s] Invoked command in '/home/isopodin-time/ros2_ws/build/uuv_gazebo_plugins' returned '0': CMAKE_PREFIX_PATH=${CMAKE_PREFIX_PATH}:/opt/ros/foxy /usr/bin/cmake --build /home/isopodin-time/ros2_ws/build/uuv_gazebo_plugins -- -j8 -l8
[1.295s] Invoking command in '/home/isopodin-time/ros2_ws/build/uuv_gazebo_plugins': CMAKE_PREFIX_PATH=${CMAKE_PREFIX_PATH}:/opt/ros/foxy /usr/bin/cmake --install /home/isopodin-time/ros2_ws/build/uuv_gazebo_plugins
[1.313s] -- Install configuration: ""
[1.313s] -- Up-to-date: /home/isopodin-time/ros2_ws/install/uuv_gazebo_plugins/lib/libuuv_gazebo_plugins_msgs.so
[1.314s] -- Up-to-date: /home/isopodin-time/ros2_ws/install/uuv_gazebo_plugins/lib/libuuv_dynamics.so
[1.314s] -- Up-to-date: /home/isopodin-time/ros2_ws/install/uuv_gazebo_plugins/lib/libuuv_fin_plugin.so
[1.314s] -- Up-to-date: /home/isopodin-time/ros2_ws/install/uuv_gazebo_plugins/lib/libuuv_underwater_object_plugin.so
[1.315s] -- Up-to-date: /home/isopodin-time/ros2_ws/install/uuv_gazebo_plugins/lib/libuuv_thruster_plugin.so
[1.316s] -- Up-to-date: /home/isopodin-time/ros2_ws/install/uuv_gazebo_plugins/lib/libumbilical_plugin.so
[1.317s] -- Up-to-date: /home/isopodin-time/ros2_ws/install/uuv_gazebo_plugins/include/uuv_gazebo_plugins
[1.317s] -- Up-to-date: /home/isopodin-time/ros2_ws/install/uuv_gazebo_plugins/include/uuv_gazebo_plugins/FinPlugin.h
[1.317s] -- Up-to-date: /home/isopodin-time/ros2_ws/install/uuv_gazebo_plugins/include/uuv_gazebo_plugins/Dynamics.h
[1.318s] -- Up-to-date: /home/isopodin-time/ros2_ws/install/uuv_gazebo_plugins/include/uuv_gazebo_plugins/UmbilicalPlugin.h
[1.318s] -- Up-to-date: /home/isopodin-time/ros2_ws/install/uuv_gazebo_plugins/include/uuv_gazebo_plugins/UmbilicalModel.h
[1.318s] -- Up-to-date: /home/isopodin-time/ros2_ws/install/uuv_gazebo_plugins/include/uuv_gazebo_plugins/HydrodynamicModel.h
[1.319s] -- Up-to-date: /home/isopodin-time/ros2_ws/install/uuv_gazebo_plugins/include/uuv_gazebo_plugins/Def.h
[1.320s] -- Up-to-date: /home/isopodin-time/ros2_ws/install/uuv_gazebo_plugins/include/uuv_gazebo_plugins/LiftDragModel.h
[1.325s] -- Up-to-date: /home/isopodin-time/ros2_ws/install/uuv_gazebo_plugins/include/uuv_gazebo_plugins/UnderwaterObjectPlugin.h
[1.326s] -- Up-to-date: /home/isopodin-time/ros2_ws/install/uuv_gazebo_plugins/include/uuv_gazebo_plugins/ThrusterConversionFcn.h
[1.326s] -- Up-to-date: /home/isopodin-time/ros2_ws/install/uuv_gazebo_plugins/include/uuv_gazebo_plugins/ThrusterPlugin.h
[1.327s] -- Up-to-date: /home/isopodin-time/ros2_ws/install/uuv_gazebo_plugins/include/uuv_gazebo_plugins/BuoyantObject.h
[1.327s] -- Up-to-date: /home/isopodin-time/ros2_ws/install/uuv_gazebo_plugins/include
[1.327s] -- Up-to-date: /home/isopodin-time/ros2_ws/install/uuv_gazebo_plugins/include/uuv_gazebo_plugins
[1.328s] -- Up-to-date: /home/isopodin-time/ros2_ws/install/uuv_gazebo_plugins/include/uuv_gazebo_plugins
[1.328s] -- Up-to-date: /home/isopodin-time/ros2_ws/install/uuv_gazebo_plugins/include/uuv_gazebo_plugins/ament_cmake_export_include_directories
[1.329s] -- Up-to-date: /home/isopodin-time/ros2_ws/install/uuv_gazebo_plugins/include/uuv_gazebo_plugins/ament_cmake_environment_hooks
[1.329s] -- Up-to-date: /home/isopodin-time/ros2_ws/install/uuv_gazebo_plugins/include/uuv_gazebo_plugins/msgs
[1.334s] -- Up-to-date: /home/isopodin-time/ros2_ws/install/uuv_gazebo_plugins/include/uuv_gazebo_plugins/ament_cmake_export_dependencies
[1.335s] -- Up-to-date: /home/isopodin-time/ros2_ws/install/uuv_gazebo_plugins/include/uuv_gazebo_plugins/ament_cmake_export_libraries
[1.335s] -- Up-to-date: /home/isopodin-time/ros2_ws/install/uuv_gazebo_plugins/include/uuv_gazebo_plugins/Accel.pb.h
[1.336s] -- Up-to-date: /home/isopodin-time/ros2_ws/install/uuv_gazebo_plugins/include/uuv_gazebo_plugins/Accel.pb.cc
[1.336s] -- Up-to-date: /home/isopodin-time/ros2_ws/install/uuv_gazebo_plugins/include/uuv_gazebo_plugins/ament_cmake_uninstall_target
[1.344s] -- Up-to-date: /home/isopodin-time/ros2_ws/install/uuv_gazebo_plugins/include/uuv_gazebo_plugins/CMakeFiles
[1.346s] -- Up-to-date: /home/isopodin-time/ros2_ws/install/uuv_gazebo_plugins/include/uuv_gazebo_plugins/CMakeFiles/umbilical_plugin.dir
[1.347s] -- Up-to-date: /home/isopodin-time/ros2_ws/install/uuv_gazebo_plugins/include/uuv_gazebo_plugins/CMakeFiles/umbilical_plugin.dir/src
[1.348s] -- Up-to-date: /home/isopodin-time/ros2_ws/install/uuv_gazebo_plugins/include/uuv_gazebo_plugins/CMakeFiles/uuv_thruster_plugin.dir
[1.349s] -- Up-to-date: /home/isopodin-time/ros2_ws/install/uuv_gazebo_plugins/include/uuv_gazebo_plugins/CMakeFiles/uuv_thruster_plugin.dir/src
[1.351s] -- Up-to-date: /home/isopodin-time/ros2_ws/install/uuv_gazebo_plugins/include/uuv_gazebo_plugins/CMakeFiles/UNIT_ThrusterConversionFcn_TEST.dir
[1.352s] -- Up-to-date: /home/isopodin-time/ros2_ws/install/uuv_gazebo_plugins/include/uuv_gazebo_plugins/CMakeFiles/UNIT_ThrusterConversionFcn_TEST.dir/src
[1.353s] -- Up-to-date: /home/isopodin-time/ros2_ws/install/uuv_gazebo_plugins/include/uuv_gazebo_plugins/CMakeFiles/uninstall.dir
[1.354s] -- Up-to-date: /home/isopodin-time/ros2_ws/install/uuv_gazebo_plugins/include/uuv_gazebo_plugins/CMakeFiles/3.16.3
[1.354s] -- Up-to-date: /home/isopodin-time/ros2_ws/install/uuv_gazebo_plugins/include/uuv_gazebo_plugins/CMakeFiles/3.16.3/CompilerIdC
[1.354s] -- Up-to-date: /home/isopodin-time/ros2_ws/install/uuv_gazebo_plugins/include/uuv_gazebo_plugins/CMakeFiles/3.16.3/CompilerIdC/tmp
[1.355s] -- Up-to-date: /home/isopodin-time/ros2_ws/install/uuv_gazebo_plugins/include/uuv_gazebo_plugins/CMakeFiles/3.16.3/CompilerIdCXX
[1.355s] -- Up-to-date: /home/isopodin-time/ros2_ws/install/uuv_gazebo_plugins/include/uuv_gazebo_plugins/CMakeFiles/3.16.3/CompilerIdCXX/tmp
[1.355s] -- Up-to-date: /home/isopodin-time/ros2_ws/install/uuv_gazebo_plugins/include/uuv_gazebo_plugins/CMakeFiles/uuv_underwater_object_plugin.dir
[1.356s] -- Up-to-date: /home/isopodin-time/ros2_ws/install/uuv_gazebo_plugins/include/uuv_gazebo_plugins/CMakeFiles/uuv_underwater_object_plugin.dir/src
[1.356s] -- Up-to-date: /home/isopodin-time/ros2_ws/install/uuv_gazebo_plugins/include/uuv_gazebo_plugins/CMakeFiles/uuv_gazebo_plugins_msgs.dir
[1.356s] -- Up-to-date: /home/isopodin-time/ros2_ws/install/uuv_gazebo_plugins/include/uuv_gazebo_plugins/CMakeFiles/uuv_gazebo_plugins_msgs.dir/Double.pb.cc.o
[1.357s] -- Up-to-date: /home/isopodin-time/ros2_ws/install/uuv_gazebo_plugins/include/uuv_gazebo_plugins/CMakeFiles/uuv_gazebo_plugins_msgs.dir/Accel.pb.cc.o
[1.357s] -- Up-to-date: /home/isopodin-time/ros2_ws/install/uuv_gazebo_plugins/include/uuv_gazebo_plugins/CMakeFiles/CMakeTmp
[1.358s] -- Up-to-date: /home/isopodin-time/ros2_ws/install/uuv_gazebo_plugins/include/uuv_gazebo_plugins/CMakeFiles/uuv_fin_plugin.dir
[1.358s] -- Up-to-date: /home/isopodin-time/ros2_ws/install/uuv_gazebo_plugins/include/uuv_gazebo_plugins/CMakeFiles/uuv_fin_plugin.dir/src
[1.358s] -- Up-to-date: /home/isopodin-time/ros2_ws/install/uuv_gazebo_plugins/include/uuv_gazebo_plugins/CMakeFiles/uuv_dynamics.dir
[1.359s] -- Up-to-date: /home/isopodin-time/ros2_ws/install/uuv_gazebo_plugins/include/uuv_gazebo_plugins/CMakeFiles/uuv_dynamics.dir/src
[1.360s] -- Up-to-date: /home/isopodin-time/ros2_ws/install/uuv_gazebo_plugins/include/uuv_gazebo_plugins/CMakeFiles/UNIT_ThrusterDynamics_TEST.dir
[1.360s] -- Up-to-date: /home/isopodin-time/ros2_ws/install/uuv_gazebo_plugins/include/uuv_gazebo_plugins/CMakeFiles/UNIT_ThrusterDynamics_TEST.dir/src
[1.360s] -- Up-to-date: /home/isopodin-time/ros2_ws/install/uuv_gazebo_plugins/include/uuv_gazebo_plugins/CMakeFiles/uuv_gazebo_plugins_uninstall.dir
[1.361s] -- Up-to-date: /home/isopodin-time/ros2_ws/install/uuv_gazebo_plugins/include/uuv_gazebo_plugins/ament_cmake_package_templates
[1.361s] -- Up-to-date: /home/isopodin-time/ros2_ws/install/uuv_gazebo_plugins/include/uuv_gazebo_plugins/Double.pb.cc
[1.365s] -- Up-to-date: /home/isopodin-time/ros2_ws/install/uuv_gazebo_plugins/include/uuv_gazebo_plugins/Double.pb.h
[1.365s] -- Up-to-date: /home/isopodin-time/ros2_ws/install/uuv_gazebo_plugins/include/uuv_gazebo_plugins/ament_cmake_core
[1.366s] -- Up-to-date: /home/isopodin-time/ros2_ws/install/uuv_gazebo_plugins/include/uuv_gazebo_plugins/ament_cmake_core/stamps
[1.366s] -- Up-to-date: /home/isopodin-time/ros2_ws/install/uuv_gazebo_plugins/include/uuv_gazebo_plugins/gtest
[1.368s] -- Up-to-date: /home/isopodin-time/ros2_ws/install/uuv_gazebo_plugins/include/uuv_gazebo_plugins/gtest/CMakeFiles
[1.375s] -- Up-to-date: /home/isopodin-time/ros2_ws/install/uuv_gazebo_plugins/include/uuv_gazebo_plugins/gtest/CMakeFiles/gtest.dir
[1.376s] -- Up-to-date: /home/isopodin-time/ros2_ws/install/uuv_gazebo_plugins/include/uuv_gazebo_plugins/gtest/CMakeFiles/gtest.dir/src
[1.377s] -- Up-to-date: /home/isopodin-time/ros2_ws/install/uuv_gazebo_plugins/include/uuv_gazebo_plugins/gtest/CMakeFiles/gtest_main.dir
[1.379s] -- Up-to-date: /home/isopodin-time/ros2_ws/install/uuv_gazebo_plugins/include/uuv_gazebo_plugins/gtest/CMakeFiles/gtest_main.dir/src
[1.380s] -- Up-to-date: /home/isopodin-time/ros2_ws/install/uuv_gazebo_plugins/include/uuv_gazebo_plugins/ament_cmake_index
[1.380s] -- Up-to-date: /home/isopodin-time/ros2_ws/install/uuv_gazebo_plugins/include/uuv_gazebo_plugins/ament_cmake_index/share
[1.380s] -- Up-to-date: /home/isopodin-time/ros2_ws/install/uuv_gazebo_plugins/include/uuv_gazebo_plugins/ament_cmake_index/share/ament_index
[1.380s] -- Up-to-date: /home/isopodin-time/ros2_ws/install/uuv_gazebo_plugins/include/uuv_gazebo_plugins/ament_cmake_index/share/ament_index/resource_index
[1.381s] -- Up-to-date: /home/isopodin-time/ros2_ws/install/uuv_gazebo_plugins/include/uuv_gazebo_plugins/ament_cmake_index/share/ament_index/resource_index/parent_prefix_path
[1.381s] -- Up-to-date: /home/isopodin-time/ros2_ws/install/uuv_gazebo_plugins/include/uuv_gazebo_plugins/ament_cmake_index/share/ament_index/resource_index/package_run_dependencies
[1.381s] -- Up-to-date: /home/isopodin-time/ros2_ws/install/uuv_gazebo_plugins/include/uuv_gazebo_plugins/ament_cmake_index/share/ament_index/resource_index/packages
[1.381s] -- Up-to-date: /home/isopodin-time/ros2_ws/install/uuv_gazebo_plugins/share/uuv_gazebo_plugins/environment/library_path.sh
[1.382s] -- Up-to-date: /home/isopodin-time/ros2_ws/install/uuv_gazebo_plugins/share/uuv_gazebo_plugins/environment/library_path.dsv
[1.382s] -- Up-to-date: /home/isopodin-time/ros2_ws/install/uuv_gazebo_plugins/share/ament_index/resource_index/package_run_dependencies/uuv_gazebo_plugins
[1.382s] -- Up-to-date: /home/isopodin-time/ros2_ws/install/uuv_gazebo_plugins/share/ament_index/resource_index/parent_prefix_path/uuv_gazebo_plugins
[1.382s] -- Up-to-date: /home/isopodin-time/ros2_ws/install/uuv_gazebo_plugins/share/uuv_gazebo_plugins/environment/ament_prefix_path.sh
[1.382s] -- Up-to-date: /home/isopodin-time/ros2_ws/install/uuv_gazebo_plugins/share/uuv_gazebo_plugins/environment/ament_prefix_path.dsv
[1.383s] -- Up-to-date: /home/isopodin-time/ros2_ws/install/uuv_gazebo_plugins/share/uuv_gazebo_plugins/environment/path.sh
[1.383s] -- Up-to-date: /home/isopodin-time/ros2_ws/install/uuv_gazebo_plugins/share/uuv_gazebo_plugins/environment/path.dsv
[1.384s] -- Up-to-date: /home/isopodin-time/ros2_ws/install/uuv_gazebo_plugins/share/uuv_gazebo_plugins/local_setup.bash
[1.384s] -- Up-to-date: /home/isopodin-time/ros2_ws/install/uuv_gazebo_plugins/share/uuv_gazebo_plugins/local_setup.sh
[1.384s] -- Up-to-date: /home/isopodin-time/ros2_ws/install/uuv_gazebo_plugins/share/uuv_gazebo_plugins/local_setup.zsh
[1.385s] -- Up-to-date: /home/isopodin-time/ros2_ws/install/uuv_gazebo_plugins/share/uuv_gazebo_plugins/local_setup.dsv
[1.389s] -- Installing: /home/isopodin-time/ros2_ws/install/uuv_gazebo_plugins/share/uuv_gazebo_plugins/package.dsv
[1.390s] -- Up-to-date: /home/isopodin-time/ros2_ws/install/uuv_gazebo_plugins/share/ament_index/resource_index/packages/uuv_gazebo_plugins
[1.391s] -- Up-to-date: /home/isopodin-time/ros2_ws/install/uuv_gazebo_plugins/share/uuv_gazebo_plugins/cmake/ament_cmake_export_dependencies-extras.cmake
[1.391s] -- Up-to-date: /home/isopodin-time/ros2_ws/install/uuv_gazebo_plugins/share/uuv_gazebo_plugins/cmake/ament_cmake_export_include_directories-extras.cmake
[1.391s] -- Up-to-date: /home/isopodin-time/ros2_ws/install/uuv_gazebo_plugins/share/uuv_gazebo_plugins/cmake/ament_cmake_export_libraries-extras.cmake
[1.391s] -- Up-to-date: /home/isopodin-time/ros2_ws/install/uuv_gazebo_plugins/share/uuv_gazebo_plugins/cmake/uuv_gazebo_pluginsConfig.cmake
[1.391s] -- Up-to-date: /home/isopodin-time/ros2_ws/install/uuv_gazebo_plugins/share/uuv_gazebo_plugins/cmake/uuv_gazebo_pluginsConfig-version.cmake
[1.392s] -- Up-to-date: /home/isopodin-time/ros2_ws/install/uuv_gazebo_plugins/share/uuv_gazebo_plugins/package.xml
[1.478s] Invoked command in '/home/isopodin-time/ros2_ws/build/uuv_gazebo_plugins' returned '0': CMAKE_PREFIX_PATH=${CMAKE_PREFIX_PATH}:/opt/ros/foxy /usr/bin/cmake --install /home/isopodin-time/ros2_ws/build/uuv_gazebo_plugins
