[0.030s] Invoking command in '/home/isopodin-time/ros2_ws/build/custom_msg_srv': CMAKE_PREFIX_PATH=${CMAKE_PREFIX_PATH}:/opt/ros/foxy /usr/bin/cmake /home/isopodin-time/ros2_ws/src/custom_msg_srv -DCMAKE_INSTALL_PREFIX=/home/isopodin-time/ros2_ws/install/custom_msg_srv
[0.049s] -- Found ament_cmake: 0.9.12 (/opt/ros/foxy/share/ament_cmake/cmake)
[0.071s] -- Found PythonInterp: /usr/bin/python3 (found suitable version "3.8.10", minimum required is "3") 
[0.071s] -- Using PYTHON_EXECUTABLE: /usr/bin/python3
[0.256s] -- Found std_msgs: 2.0.5 (/opt/ros/foxy/share/std_msgs/cmake)
[0.481s] -- Using all available rosidl_typesupport_c: rosidl_typesupport_fastrtps_c;rosidl_typesupport_introspection_c
[0.484s] -- Found rosidl_adapter: 1.3.1 (/opt/ros/foxy/share/rosidl_adapter/cmake)
[6.551s] -- Using all available rosidl_typesupport_cpp: rosidl_typesupport_fastrtps_cpp;rosidl_typesupport_introspection_cpp
[6.594s] -- Found rosidl_default_generators: 1.0.1 (/opt/ros/foxy/share/rosidl_default_generators/cmake)
[6.629s] -- Found PythonInterp: /usr/bin/python3 (found version "3.8.10") 
[6.815s] CMake Error at /opt/ros/foxy/share/rosidl_adapter/cmake/rosidl_adapt_interfaces.cmake:60 (message):
[6.815s]   execute_process(/usr/bin/python3 -m rosidl_adapter --package-name
[6.815s]   custom_msg_srv --arguments-file
[6.816s]   /home/isopodin-time/ros2_ws/build/custom_msg_srv/rosidl_adapter__arguments__custom_msg_srv.json
[6.816s]   --output-dir
[6.816s]   /home/isopodin-time/ros2_ws/build/custom_msg_srv/rosidl_adapter/custom_msg_srv
[6.816s]   --output-file
[6.816s]   /home/isopodin-time/ros2_ws/build/custom_msg_srv/rosidl_adapter/custom_msg_srv.idls)
[6.816s]   returned error code 1:
[6.817s] 
[6.817s]   Error with: custom_msg_srv Float64Stamped std_msgs/msg/Header
[6.817s] 
[6.817s]   Traceback (most recent call last):
[6.817s] 
[6.818s]     File "/usr/lib/python3.8/runpy.py", line 194, in _run_module_as_main
[6.818s]       return _run_code(code, main_globals, None,
[6.818s]     File "/usr/lib/python3.8/runpy.py", line 87, in _run_code
[6.818s]       exec(code, run_globals)
[6.819s]     File "/opt/ros/foxy/lib/python3.8/site-packages/rosidl_adapter/__main__.py", line 19, in <module>
[6.819s]       sys.exit(main())
[6.819s]     File "/opt/ros/foxy/lib/python3.8/site-packages/rosidl_adapter/main.py", line 53, in main
[6.819s]       abs_idl_file = convert_to_idl(
[6.819s]     File "/opt/ros/foxy/lib/python3.8/site-packages/rosidl_adapter/__init__.py", line 19, in convert_to_idl
[6.820s]       return convert_msg_to_idl(
[6.822s]     File "/opt/ros/foxy/lib/python3.8/site-packages/rosidl_adapter/msg/__init__.py", line 28, in convert_msg_to_idl
[6.824s]       msg = parse_message_string(package_name, input_file.stem, content)
[6.826s]     File "/opt/ros/foxy/lib/python3.8/site-packages/rosidl_adapter/parser.py", line 506, in parse_message_string
[6.826s]       raise InvalidFieldDefinition(line)
[6.827s] 
[6.827s]   rosidl_adapter.parser.InvalidFieldDefinition: std_msgs/msg/Header
[6.827s] 
[6.827s] Call Stack (most recent call first):
[6.827s]   /opt/ros/foxy/share/rosidl_cmake/cmake/rosidl_generate_interfaces.cmake:130 (rosidl_adapt_interfaces)
[6.828s]   CMakeLists.txt:26 (rosidl_generate_interfaces)
[6.828s] 
[6.828s] 
[6.830s] -- Configuring incomplete, errors occurred!
[6.831s] See also "/home/isopodin-time/ros2_ws/build/custom_msg_srv/CMakeFiles/CMakeOutput.log".
[6.850s] Invoked command in '/home/isopodin-time/ros2_ws/build/custom_msg_srv' returned '1': CMAKE_PREFIX_PATH=${CMAKE_PREFIX_PATH}:/opt/ros/foxy /usr/bin/cmake /home/isopodin-time/ros2_ws/src/custom_msg_srv -DCMAKE_INSTALL_PREFIX=/home/isopodin-time/ros2_ws/install/custom_msg_srv
