[0.301s] Invoking command in '/home/isopodin-time/ros2_ws/build/muuv_ros': CMAKE_PREFIX_PATH=/home/isopodin-time/ros2_ws/install/custom_msg_srv:/home/isopodin-time/ros2_ws/install/plankton:/home/isopodin-time/ros2_ws/install/uuv_simulator:/home/isopodin-time/ros2_ws/install/uuv_world_ros_plugins:/home/isopodin-time/ros2_ws/install/uuv_tutorials:/home/isopodin-time/ros2_ws/install/uuv_tutorial_dp_controller:/home/isopodin-time/ros2_ws/install/uuv_tutorial_disturbances:/home/isopodin-time/ros2_ws/install/uuv_control_utils:/home/isopodin-time/ros2_ws/install/uuv_world_ros_plugins_msgs:/home/isopodin-time/ros2_ws/install/uuv_world_plugins:/home/isopodin-time/ros2_ws/install/uuv_tutorial_seabed_world:/home/isopodin-time/ros2_ws/install/uuv_trajectory_control:/home/isopodin-time/ros2_ws/install/uuv_teleop:/home/isopodin-time/ros2_ws/install/uuv_thruster_manager:/home/isopodin-time/ros2_ws/install/uuv_descriptions:/home/isopodin-time/ros2_ws/install/uuv_sensor_ros_plugins:/home/isopodin-time/ros2_ws/install/uuv_sensor_ros_plugins_msgs:/home/isopodin-time/ros2_ws/install/uuv_gazebo_worlds:/home/isopodin-time/ros2_ws/install/uuv_gazebo_ros_plugins:/home/isopodin-time/ros2_ws/install/uuv_gazebo_ros_plugins_msgs:/home/isopodin-time/ros2_ws/install/uuv_gazebo_plugins:/home/isopodin-time/ros2_ws/install/uuv_gazebo:/home/isopodin-time/ros2_ws/install/uuv_control_msgs:/home/isopodin-time/ros2_ws/install/uuv_control_cascaded_pid:/home/isopodin-time/ros2_ws/install/uuv_auv_control_allocator:/home/isopodin-time/ros2_ws/install/uuv_assistants:/home/isopodin-time/ros2_ws/install/muuv_sim:/home/isopodin-time/ros2_ws/install/test_sim:/home/isopodin-time/ros2_ws/install/plankton_utils:/home/isopodin-time/ros2_ws/install/pid_component:/home/isopodin-time/ros2_ws/install/muuv_sim_description:/home/isopodin-time/ros2_ws/install/muuv_sim_control:/home/isopodin-time/ros2_ws/install/muuv_ros:/opt/ros/foxy LD_LIBRARY_PATH=/home/isopodin-time/ros2_ws/install/custom_msg_srv/lib:/home/isopodin-time/ros2_ws/install/uuv_world_ros_plugins/lib:/home/isopodin-time/ros2_ws/install/uuv_world_ros_plugins_msgs/lib:/home/isopodin-time/ros2_ws/install/uuv_world_plugins/lib:/home/isopodin-time/ros2_ws/install/uuv_thruster_manager/lib:/home/isopodin-time/ros2_ws/install/uuv_sensor_ros_plugins/lib:/home/isopodin-time/ros2_ws/install/uuv_sensor_ros_plugins_msgs/lib:/home/isopodin-time/ros2_ws/install/uuv_gazebo_ros_plugins/lib:/home/isopodin-time/ros2_ws/install/uuv_gazebo_ros_plugins_msgs/lib:/home/isopodin-time/ros2_ws/install/uuv_gazebo_plugins/lib:/home/isopodin-time/ros2_ws/install/uuv_control_msgs/lib:/home/isopodin-time/ros2_ws/install/uuv_auv_control_allocator/lib:/home/isopodin-time/ros2_ws/install/pid_component/lib:/usr/lib/x86_64-linux-gnu/gazebo-11/plugins:/opt/ros/foxy/opt/yaml_cpp_vendor/lib:/opt/ros/foxy/opt/rviz_ogre_vendor/lib:/opt/ros/foxy/lib/x86_64-linux-gnu:/opt/ros/foxy/lib:/usr/lib/x86_64-linux-gnu/gazebo-11/plugins PYTHONPATH=/home/isopodin-time/ros2_ws/install/custom_msg_srv/lib/python3.8/site-packages:/home/isopodin-time/ros2_ws/install/uuv_world_ros_plugins_msgs/lib/python3.8/site-packages:/home/isopodin-time/ros2_ws/install/uuv_trajectory_control/lib/python3.8/site-packages:/home/isopodin-time/ros2_ws/install/uuv_thruster_manager/lib/python3.8/site-packages:/home/isopodin-time/ros2_ws/install/uuv_sensor_ros_plugins_msgs/lib/python3.8/site-packages:/home/isopodin-time/ros2_ws/install/uuv_gazebo_ros_plugins_msgs/lib/python3.8/site-packages:/home/isopodin-time/ros2_ws/install/uuv_control_msgs/lib/python3.8/site-packages:/home/isopodin-time/ros2_ws/install/uuv_control_cascaded_pid/lib/python3.8/site-packages:/home/isopodin-time/ros2_ws/install/uuv_auv_control_allocator/lib/python3.8/site-packages:/home/isopodin-time/ros2_ws/install/uuv_assistants/lib/python3.8/site-packages:/home/isopodin-time/ros2_ws/install/plankton_utils/lib/python3.8/site-packages:/opt/ros/foxy/lib/python3.8/site-packages /usr/bin/cmake --build /home/isopodin-time/ros2_ws/build/muuv_ros -- -j8 -l8
[0.375s] [35m[1mScanning dependencies of target imu_repub[0m
[0.406s] [ 36%] Built target sensors
[0.408s] [ 63%] Built target thrusters
[0.409s] [ 81%] Built target pid_recombiner
[0.453s] [ 90%] [32mBuilding CXX object CMakeFiles/imu_repub.dir/src/muuv_ros/imu_repub.cpp.o[0m
[1.940s] In file included from [01m[K/usr/include/x86_64-linux-gnu/c++/9/bits/c++allocator.h:33[m[K,
[1.940s]                  from [01m[K/usr/include/c++/9/bits/allocator.h:46[m[K,
[1.940s]                  from [01m[K/usr/include/c++/9/memory:63[m[K,
[1.940s]                  from [01m[K/home/isopodin-time/ros2_ws/src/muuv_ros/src/muuv_ros/imu_repub.cpp:1[m[K:
[1.941s] /usr/include/c++/9/ext/new_allocator.h: In instantiation of ‘[01m[Kclass __gnu_cxx::new_allocator<custom_msg_srv::msg::Float64Stamped_<std::allocator<void> >()>[m[K’:
[1.941s] [01m[K/usr/include/c++/9/bits/allocator.h:111:11:[m[K   required from ‘[01m[Kclass std::allocator<custom_msg_srv::msg::Float64Stamped_<std::allocator<void> >()>[m[K’
[1.941s] [01m[K/usr/include/c++/9/bits/stl_vector.h:84:21:[m[K   required from ‘[01m[Kstruct std::_Vector_base<custom_msg_srv::msg::Float64Stamped_<std::allocator<void> >(), std::allocator<custom_msg_srv::msg::Float64Stamped_<std::allocator<void> >()> >[m[K’
[1.941s] [01m[K/usr/include/c++/9/bits/stl_vector.h:386:11:[m[K   required from ‘[01m[Kclass std::vector<custom_msg_srv::msg::Float64Stamped_<std::allocator<void> >()>[m[K’
[1.941s] [01m[K/home/isopodin-time/ros2_ws/src/muuv_ros/src/muuv_ros/imu_repub.cpp:113:60:[m[K   required from here
[1.941s] [01m[K/usr/include/c++/9/ext/new_allocator.h:96:7:[m[K [01;31m[Kerror: [m[K‘[01m[Kconst _Tp* __gnu_cxx::new_allocator<_Tp>::address(__gnu_cxx::new_allocator<_Tp>::const_reference) const [with _Tp = custom_msg_srv::msg::Float64Stamped_<std::allocator<void> >(); __gnu_cxx::new_allocator<_Tp>::const_pointer = custom_msg_srv::msg::Float64Stamped_<std::allocator<void> > (*)(); __gnu_cxx::new_allocator<_Tp>::const_reference = custom_msg_srv::msg::Float64Stamped_<std::allocator<void> > (&)()][m[K’ cannot be overloaded with ‘[01m[K_Tp* __gnu_cxx::new_allocator<_Tp>::address(__gnu_cxx::new_allocator<_Tp>::reference) const [with _Tp = custom_msg_srv::msg::Float64Stamped_<std::allocator<void> >(); __gnu_cxx::new_allocator<_Tp>::pointer = custom_msg_srv::msg::Float64Stamped_<std::allocator<void> > (*)(); __gnu_cxx::new_allocator<_Tp>::reference = custom_msg_srv::msg::Float64Stamped_<std::allocator<void> > (&)()][m[K’
[1.941s]    96 |       [01;31m[Kaddress[m[K(const_reference __x) const _GLIBCXX_NOEXCEPT
[1.941s]       |       [01;31m[K^~~~~~~[m[K
[1.941s] [01m[K/usr/include/c++/9/ext/new_allocator.h:92:7:[m[K [01;36m[Knote: [m[Kprevious declaration ‘[01m[K_Tp* __gnu_cxx::new_allocator<_Tp>::address(__gnu_cxx::new_allocator<_Tp>::reference) const [with _Tp = custom_msg_srv::msg::Float64Stamped_<std::allocator<void> >(); __gnu_cxx::new_allocator<_Tp>::pointer = custom_msg_srv::msg::Float64Stamped_<std::allocator<void> > (*)(); __gnu_cxx::new_allocator<_Tp>::reference = custom_msg_srv::msg::Float64Stamped_<std::allocator<void> > (&)()][m[K’
[1.941s]    92 |       [01;36m[Kaddress[m[K(reference __x) const _GLIBCXX_NOEXCEPT
[1.941s]       |       [01;36m[K^~~~~~~[m[K
[2.032s] In file included from [01m[K/usr/include/c++/9/vector:67[m[K,
[2.032s]                  from [01m[K/opt/ros/foxy/include/rclcpp/executor.hpp:27[m[K,
[2.032s]                  from [01m[K/opt/ros/foxy/include/rclcpp/executors/multi_threaded_executor.hpp:26[m[K,
[2.032s]                  from [01m[K/opt/ros/foxy/include/rclcpp/executors.hpp:21[m[K,
[2.032s]                  from [01m[K/opt/ros/foxy/include/rclcpp/rclcpp.hpp:146[m[K,
[2.032s]                  from [01m[K/home/isopodin-time/ros2_ws/src/muuv_ros/src/muuv_ros/imu_repub.cpp:3[m[K:
[2.032s] /usr/include/c++/9/bits/stl_vector.h: In instantiation of ‘[01m[Kstd::_Vector_base<_Tp, _Alloc>::~_Vector_base() [with _Tp = custom_msg_srv::msg::Float64Stamped_<std::allocator<void> >(); _Alloc = std::allocator<custom_msg_srv::msg::Float64Stamped_<std::allocator<void> >()>][m[K’:
[2.032s] [01m[K/usr/include/c++/9/bits/stl_vector.h:484:7:[m[K   required from here
[2.033s] [01m[K/usr/include/c++/9/bits/stl_vector.h:333:35:[m[K [01;31m[Kerror: [m[KISO C++ forbids using pointer to a function in subtraction [[01;31m[K-fpermissive[m[K]
[2.033s]   333 |         [01;31m[K_M_impl._M_end_of_storage - _M_impl._M_start[m[K);
[2.033s]       |         [01;31m[K~~~~~~~~~~~~~~~~~~~~~~~~~~^~~~~~~~~~~~~~~~~~[m[K
[2.242s] In file included from [01m[K/usr/include/c++/9/memory:64[m[K,
[2.242s]                  from [01m[K/home/isopodin-time/ros2_ws/src/muuv_ros/src/muuv_ros/imu_repub.cpp:1[m[K:
[2.243s] /usr/include/c++/9/bits/stl_construct.h: In instantiation of ‘[01m[Kvoid std::_Destroy(_ForwardIterator, _ForwardIterator) [with _ForwardIterator = custom_msg_srv::msg::Float64Stamped_<std::allocator<void> > (*)()][m[K’:
[2.243s] [01m[K/usr/include/c++/9/bits/stl_construct.h:206:15:[m[K   required from ‘[01m[Kvoid std::_Destroy(_ForwardIterator, _ForwardIterator, std::allocator<_T2>&) [with _ForwardIterator = custom_msg_srv::msg::Float64Stamped_<std::allocator<void> > (*)(); _Tp = custom_msg_srv::msg::Float64Stamped_<std::allocator<void> >()][m[K’
[2.243s] [01m[K/usr/include/c++/9/bits/stl_vector.h:677:15:[m[K   required from ‘[01m[Kstd::vector<_Tp, _Alloc>::~vector() [with _Tp = custom_msg_srv::msg::Float64Stamped_<std::allocator<void> >(); _Alloc = std::allocator<custom_msg_srv::msg::Float64Stamped_<std::allocator<void> >()>][m[K’
[2.243s] [01m[K/home/isopodin-time/ros2_ws/src/muuv_ros/src/muuv_ros/imu_repub.cpp:113:60:[m[K   required from here
[2.243s] [01m[K/usr/include/c++/9/bits/stl_construct.h:133:51:[m[K [01;31m[Kerror: [m[Kstatic assertion failed: value type is destructible
[2.243s]   133 |       static_assert(is_destructible<_Value_type>::[01;31m[Kvalue[m[K,
[2.243s]       |                                                   [01;31m[K^~~~~[m[K
[2.309s] In file included from [01m[K/usr/include/x86_64-linux-gnu/c++/9/bits/c++allocator.h:33[m[K,
[2.310s]                  from [01m[K/usr/include/c++/9/bits/allocator.h:46[m[K,
[2.310s]                  from [01m[K/usr/include/c++/9/memory:63[m[K,
[2.310s]                  from [01m[K/home/isopodin-time/ros2_ws/src/muuv_ros/src/muuv_ros/imu_repub.cpp:1[m[K:
[2.310s] /usr/include/c++/9/ext/new_allocator.h: In instantiation of ‘[01m[Kvoid __gnu_cxx::new_allocator<_Tp>::deallocate(__gnu_cxx::new_allocator<_Tp>::pointer, __gnu_cxx::new_allocator<_Tp>::size_type) [with _Tp = custom_msg_srv::msg::Float64Stamped_<std::allocator<void> >(); __gnu_cxx::new_allocator<_Tp>::pointer = custom_msg_srv::msg::Float64Stamped_<std::allocator<void> > (*)(); __gnu_cxx::new_allocator<_Tp>::size_type = long unsigned int][m[K’:
[2.310s] [01m[K/usr/include/c++/9/bits/alloc_traits.h:469:9:[m[K   required from ‘[01m[Kstatic void std::allocator_traits<std::allocator<_Tp1> >::deallocate(std::allocator_traits<std::allocator<_Tp1> >::allocator_type&, std::allocator_traits<std::allocator<_Tp1> >::pointer, std::allocator_traits<std::allocator<_Tp1> >::size_type) [with _Tp = custom_msg_srv::msg::Float64Stamped_<std::allocator<void> >(); std::allocator_traits<std::allocator<_Tp1> >::allocator_type = std::allocator<custom_msg_srv::msg::Float64Stamped_<std::allocator<void> >()>; std::allocator_traits<std::allocator<_Tp1> >::pointer = custom_msg_srv::msg::Float64Stamped_<std::allocator<void> > (*)(); std::allocator_traits<std::allocator<_Tp1> >::size_type = long unsigned int][m[K’
[2.310s] [01m[K/usr/include/c++/9/bits/stl_vector.h:351:19:[m[K   required from ‘[01m[Kvoid std::_Vector_base<_Tp, _Alloc>::_M_deallocate(std::_Vector_base<_Tp, _Alloc>::pointer, std::size_t) [with _Tp = custom_msg_srv::msg::Float64Stamped_<std::allocator<void> >(); _Alloc = std::allocator<custom_msg_srv::msg::Float64Stamped_<std::allocator<void> >()>; std::_Vector_base<_Tp, _Alloc>::pointer = custom_msg_srv::msg::Float64Stamped_<std::allocator<void> > (*)(); std::size_t = long unsigned int][m[K’
[2.310s] [01m[K/usr/include/c++/9/bits/stl_vector.h:332:2:[m[K   required from ‘[01m[Kstd::_Vector_base<_Tp, _Alloc>::~_Vector_base() [with _Tp = custom_msg_srv::msg::Float64Stamped_<std::allocator<void> >(); _Alloc = std::allocator<custom_msg_srv::msg::Float64Stamped_<std::allocator<void> >()>][m[K’
[2.310s] [01m[K/usr/include/c++/9/bits/stl_vector.h:484:7:[m[K   required from here
[2.310s] [01m[K/usr/include/c++/9/ext/new_allocator.h:128:20:[m[K [01;31m[Kerror: [m[Kinvalid conversion from ‘[01m[K__gnu_cxx::new_allocator<custom_msg_srv::msg::Float64Stamped_<std::allocator<void> >()>::pointer[m[K’ {aka ‘[01m[Kcustom_msg_srv::msg::Float64Stamped_<std::allocator<void> > (*)()[m[K’} to ‘[01m[Kvoid*[m[K’ [[01;31m[K-fpermissive[m[K]
[2.310s]   128 |  ::operator delete([01;31m[K__p[m[K);
[2.310s]       |                    [01;31m[K^~~[m[K
[2.311s]       |                    [01;31m[K|[m[K
[2.311s]       |                    [01;31m[K__gnu_cxx::new_allocator<custom_msg_srv::msg::Float64Stamped_<std::allocator<void> >()>::pointer {aka custom_msg_srv::msg::Float64Stamped_<std::allocator<void> > (*)()}[m[K
[2.311s] In file included from [01m[K/usr/include/c++/9/ext/new_allocator.h:33[m[K,
[2.311s]                  from [01m[K/usr/include/x86_64-linux-gnu/c++/9/bits/c++allocator.h:33[m[K,
[2.311s]                  from [01m[K/usr/include/c++/9/bits/allocator.h:46[m[K,
[2.311s]                  from [01m[K/usr/include/c++/9/memory:63[m[K,
[2.311s]                  from [01m[K/home/isopodin-time/ros2_ws/src/muuv_ros/src/muuv_ros/imu_repub.cpp:1[m[K:
[2.311s] [01m[K/usr/include/c++/9/new:129:22:[m[K [01;36m[Knote: [m[K  initializing argument 1 of ‘[01m[Kvoid operator delete(void*)[m[K’
[2.311s]   129 | void operator delete([01;36m[Kvoid*[m[K) _GLIBCXX_USE_NOEXCEPT
[2.311s]       |                      [01;36m[K^~~~~[m[K
[3.509s] make[2]: *** [CMakeFiles/imu_repub.dir/build.make:63: CMakeFiles/imu_repub.dir/src/muuv_ros/imu_repub.cpp.o] Error 1
[3.510s] make[1]: *** [CMakeFiles/Makefile2:84: CMakeFiles/imu_repub.dir/all] Error 2
[3.510s] make: *** [Makefile:141: all] Error 2
[3.512s] Invoked command in '/home/isopodin-time/ros2_ws/build/muuv_ros' returned '2': CMAKE_PREFIX_PATH=/home/isopodin-time/ros2_ws/install/custom_msg_srv:/home/isopodin-time/ros2_ws/install/plankton:/home/isopodin-time/ros2_ws/install/uuv_simulator:/home/isopodin-time/ros2_ws/install/uuv_world_ros_plugins:/home/isopodin-time/ros2_ws/install/uuv_tutorials:/home/isopodin-time/ros2_ws/install/uuv_tutorial_dp_controller:/home/isopodin-time/ros2_ws/install/uuv_tutorial_disturbances:/home/isopodin-time/ros2_ws/install/uuv_control_utils:/home/isopodin-time/ros2_ws/install/uuv_world_ros_plugins_msgs:/home/isopodin-time/ros2_ws/install/uuv_world_plugins:/home/isopodin-time/ros2_ws/install/uuv_tutorial_seabed_world:/home/isopodin-time/ros2_ws/install/uuv_trajectory_control:/home/isopodin-time/ros2_ws/install/uuv_teleop:/home/isopodin-time/ros2_ws/install/uuv_thruster_manager:/home/isopodin-time/ros2_ws/install/uuv_descriptions:/home/isopodin-time/ros2_ws/install/uuv_sensor_ros_plugins:/home/isopodin-time/ros2_ws/install/uuv_sensor_ros_plugins_msgs:/home/isopodin-time/ros2_ws/install/uuv_gazebo_worlds:/home/isopodin-time/ros2_ws/install/uuv_gazebo_ros_plugins:/home/isopodin-time/ros2_ws/install/uuv_gazebo_ros_plugins_msgs:/home/isopodin-time/ros2_ws/install/uuv_gazebo_plugins:/home/isopodin-time/ros2_ws/install/uuv_gazebo:/home/isopodin-time/ros2_ws/install/uuv_control_msgs:/home/isopodin-time/ros2_ws/install/uuv_control_cascaded_pid:/home/isopodin-time/ros2_ws/install/uuv_auv_control_allocator:/home/isopodin-time/ros2_ws/install/uuv_assistants:/home/isopodin-time/ros2_ws/install/muuv_sim:/home/isopodin-time/ros2_ws/install/test_sim:/home/isopodin-time/ros2_ws/install/plankton_utils:/home/isopodin-time/ros2_ws/install/pid_component:/home/isopodin-time/ros2_ws/install/muuv_sim_description:/home/isopodin-time/ros2_ws/install/muuv_sim_control:/home/isopodin-time/ros2_ws/install/muuv_ros:/opt/ros/foxy LD_LIBRARY_PATH=/home/isopodin-time/ros2_ws/install/custom_msg_srv/lib:/home/isopodin-time/ros2_ws/install/uuv_world_ros_plugins/lib:/home/isopodin-time/ros2_ws/install/uuv_world_ros_plugins_msgs/lib:/home/isopodin-time/ros2_ws/install/uuv_world_plugins/lib:/home/isopodin-time/ros2_ws/install/uuv_thruster_manager/lib:/home/isopodin-time/ros2_ws/install/uuv_sensor_ros_plugins/lib:/home/isopodin-time/ros2_ws/install/uuv_sensor_ros_plugins_msgs/lib:/home/isopodin-time/ros2_ws/install/uuv_gazebo_ros_plugins/lib:/home/isopodin-time/ros2_ws/install/uuv_gazebo_ros_plugins_msgs/lib:/home/isopodin-time/ros2_ws/install/uuv_gazebo_plugins/lib:/home/isopodin-time/ros2_ws/install/uuv_control_msgs/lib:/home/isopodin-time/ros2_ws/install/uuv_auv_control_allocator/lib:/home/isopodin-time/ros2_ws/install/pid_component/lib:/usr/lib/x86_64-linux-gnu/gazebo-11/plugins:/opt/ros/foxy/opt/yaml_cpp_vendor/lib:/opt/ros/foxy/opt/rviz_ogre_vendor/lib:/opt/ros/foxy/lib/x86_64-linux-gnu:/opt/ros/foxy/lib:/usr/lib/x86_64-linux-gnu/gazebo-11/plugins PYTHONPATH=/home/isopodin-time/ros2_ws/install/custom_msg_srv/lib/python3.8/site-packages:/home/isopodin-time/ros2_ws/install/uuv_world_ros_plugins_msgs/lib/python3.8/site-packages:/home/isopodin-time/ros2_ws/install/uuv_trajectory_control/lib/python3.8/site-packages:/home/isopodin-time/ros2_ws/install/uuv_thruster_manager/lib/python3.8/site-packages:/home/isopodin-time/ros2_ws/install/uuv_sensor_ros_plugins_msgs/lib/python3.8/site-packages:/home/isopodin-time/ros2_ws/install/uuv_gazebo_ros_plugins_msgs/lib/python3.8/site-packages:/home/isopodin-time/ros2_ws/install/uuv_control_msgs/lib/python3.8/site-packages:/home/isopodin-time/ros2_ws/install/uuv_control_cascaded_pid/lib/python3.8/site-packages:/home/isopodin-time/ros2_ws/install/uuv_auv_control_allocator/lib/python3.8/site-packages:/home/isopodin-time/ros2_ws/install/uuv_assistants/lib/python3.8/site-packages:/home/isopodin-time/ros2_ws/install/plankton_utils/lib/python3.8/site-packages:/opt/ros/foxy/lib/python3.8/site-packages /usr/bin/cmake --build /home/isopodin-time/ros2_ws/build/muuv_ros -- -j8 -l8
