[01m[K/home/isopodin-time/ros2_ws/src/muuv_ros/src/muuv_ros/pid_recombiner.cpp:[m[K In constructor ‘[01m[KPid_recombiner::Pid_recombiner()[m[K’:
[01m[K/home/isopodin-time/ros2_ws/src/muuv_ros/src/muuv_ros/pid_recombiner.cpp:48:22:[m[K [01;31m[Kerror: [m[Kno match for ‘[01m[Koperator=[m[K’ (operand types are ‘[01m[Kstd::shared_ptr<message_filters::Synchronizer<message_filters::sync_policies::ApproximateTime<custom_msg_srv::msg::Float64Stamped_<std::allocator<void> >, custom_msg_srv::msg::Float64Stamped_<std::allocator<void> >, custom_msg_srv::msg::Float64Stamped_<std::allocator<void> >, custom_msg_srv::msg::Float64Stamped_<std::allocator<void> >, custom_msg_srv::msg::Float64Stamped_<std::allocator<void> >, custom_msg_srv::msg::Float64Stamped_<std::allocator<void> > > > >[m[K’ and ‘[01m[K<unresolved overloaded function type>[m[K’)
   48 |         sync_ = std::[01;31m[Kmake_shared<message_filters::Synchronizer<approximate_policy>>[m[K syncApproximate(approximate_policy(10), sub_x, sub_y, sub_z,
      |                      [01;31m[K^~~~~~~~~~~~~~~~~~~~~~~~~~~~~~~~~~~~~~~~~~~~~~~~~~~~~~~~~~~~~~[m[K
In file included from [01m[K/usr/include/c++/9/memory:81[m[K,
                 from [01m[K/home/isopodin-time/ros2_ws/src/muuv_ros/src/muuv_ros/pid_recombiner.cpp:3[m[K:
[01m[K/usr/include/c++/9/bits/shared_ptr.h:309:19:[m[K [01;36m[Knote: [m[Kcandidate: ‘[01m[Kstd::shared_ptr<_Tp>& std::shared_ptr<_Tp>::operator=(const std::shared_ptr<_Tp>&) [with _Tp = message_filters::Synchronizer<message_filters::sync_policies::ApproximateTime<custom_msg_srv::msg::Float64Stamped_<std::allocator<void> >, custom_msg_srv::msg::Float64Stamped_<std::allocator<void> >, custom_msg_srv::msg::Float64Stamped_<std::allocator<void> >, custom_msg_srv::msg::Float64Stamped_<std::allocator<void> >, custom_msg_srv::msg::Float64Stamped_<std::allocator<void> >, custom_msg_srv::msg::Float64Stamped_<std::allocator<void> > > >][m[K’
  309 |       shared_ptr& [01;36m[Koperator[m[K=(const shared_ptr&) noexcept = default;
      |                   [01;36m[K^~~~~~~~[m[K
[01m[K/usr/include/c++/9/bits/shared_ptr.h:309:29:[m[K [01;36m[Knote: [m[K  no known conversion for argument 1 from ‘[01m[K<unresolved overloaded function type>[m[K’ to ‘[01m[Kconst std::shared_ptr<message_filters::Synchronizer<message_filters::sync_policies::ApproximateTime<custom_msg_srv::msg::Float64Stamped_<std::allocator<void> >, custom_msg_srv::msg::Float64Stamped_<std::allocator<void> >, custom_msg_srv::msg::Float64Stamped_<std::allocator<void> >, custom_msg_srv::msg::Float64Stamped_<std::allocator<void> >, custom_msg_srv::msg::Float64Stamped_<std::allocator<void> >, custom_msg_srv::msg::Float64Stamped_<std::allocator<void> > > > >&[m[K’
  309 |       shared_ptr& operator=([01;36m[Kconst shared_ptr&[m[K) noexcept = default;
      |                             [01;36m[K^~~~~~~~~~~~~~~~~[m[K
[01m[K/usr/include/c++/9/bits/shared_ptr.h:313:2:[m[K [01;36m[Knote: [m[Kcandidate: ‘[01m[Ktemplate<class _Yp> std::shared_ptr<_Tp>::_Assignable<const std::shared_ptr<_Yp>&> std::shared_ptr<_Tp>::operator=(const std::shared_ptr<_Yp>&) [with _Yp = _Yp; _Tp = message_filters::Synchronizer<message_filters::sync_policies::ApproximateTime<custom_msg_srv::msg::Float64Stamped_<std::allocator<void> >, custom_msg_srv::msg::Float64Stamped_<std::allocator<void> >, custom_msg_srv::msg::Float64Stamped_<std::allocator<void> >, custom_msg_srv::msg::Float64Stamped_<std::allocator<void> >, custom_msg_srv::msg::Float64Stamped_<std::allocator<void> >, custom_msg_srv::msg::Float64Stamped_<std::allocator<void> > > >][m[K’
  313 |  [01;36m[Koperator[m[K=(const shared_ptr<_Yp>& __r) noexcept
      |  [01;36m[K^~~~~~~~[m[K
[01m[K/usr/include/c++/9/bits/shared_ptr.h:313:2:[m[K [01;36m[Knote: [m[K  template argument deduction/substitution failed:
[01m[K/home/isopodin-time/ros2_ws/src/muuv_ros/src/muuv_ros/pid_recombiner.cpp:48:22:[m[K [01;36m[Knote: [m[K  mismatched types ‘[01m[Kconst std::shared_ptr<_Tp>[m[K’ and ‘[01m[Kstd::shared_ptr<message_filters::Synchronizer<message_filters::sync_policies::ApproximateTime<custom_msg_srv::msg::Float64Stamped_<std::allocator<void> >, custom_msg_srv::msg::Float64Stamped_<std::allocator<void> >, custom_msg_srv::msg::Float64Stamped_<std::allocator<void> >, custom_msg_srv::msg::Float64Stamped_<std::allocator<void> >, custom_msg_srv::msg::Float64Stamped_<std::allocator<void> >, custom_msg_srv::msg::Float64Stamped_<std::allocator<void> > > > >()[m[K’
   48 |         sync_ = std::[01;36m[Kmake_shared<message_filters::Synchronizer<approximate_policy>>[m[K syncApproximate(approximate_policy(10), sub_x, sub_y, sub_z,
      |                      [01;36m[K^~~~~~~~~~~~~~~~~~~~~~~~~~~~~~~~~~~~~~~~~~~~~~~~~~~~~~~~~~~~~~[m[K
[01m[K/home/isopodin-time/ros2_ws/src/muuv_ros/src/muuv_ros/pid_recombiner.cpp:48:22:[m[K [01;36m[Knote: [m[K  couldn’t deduce template parameter ‘[01m[K_Yp[m[K’
In file included from [01m[K/usr/include/c++/9/memory:81[m[K,
                 from [01m[K/home/isopodin-time/ros2_ws/src/muuv_ros/src/muuv_ros/pid_recombiner.cpp:3[m[K:
[01m[K/usr/include/c++/9/bits/shared_ptr.h:324:2:[m[K [01;36m[Knote: [m[Kcandidate: ‘[01m[Ktemplate<class _Yp> std::shared_ptr<_Tp>::_Assignable<std::auto_ptr<_Up> > std::shared_ptr<_Tp>::operator=(std::auto_ptr<_Up>&&) [with _Yp = _Yp; _Tp = message_filters::Synchronizer<message_filters::sync_policies::ApproximateTime<custom_msg_srv::msg::Float64Stamped_<std::allocator<void> >, custom_msg_srv::msg::Float64Stamped_<std::allocator<void> >, custom_msg_srv::msg::Float64Stamped_<std::allocator<void> >, custom_msg_srv::msg::Float64Stamped_<std::allocator<void> >, custom_msg_srv::msg::Float64Stamped_<std::allocator<void> >, custom_msg_srv::msg::Float64Stamped_<std::allocator<void> > > >][m[K’
  324 |  [01;36m[Koperator[m[K=(auto_ptr<_Yp>&& __r)
      |  [01;36m[K^~~~~~~~[m[K
[01m[K/usr/include/c++/9/bits/shared_ptr.h:324:2:[m[K [01;36m[Knote: [m[K  template argument deduction/substitution failed:
[01m[K/home/isopodin-time/ros2_ws/src/muuv_ros/src/muuv_ros/pid_recombiner.cpp:48:22:[m[K [01;36m[Knote: [m[K  mismatched types ‘[01m[Kstd::auto_ptr<_Up>[m[K’ and ‘[01m[Kstd::shared_ptr<message_filters::Synchronizer<message_filters::sync_policies::ApproximateTime<custom_msg_srv::msg::Float64Stamped_<std::allocator<void> >, custom_msg_srv::msg::Float64Stamped_<std::allocator<void> >, custom_msg_srv::msg::Float64Stamped_<std::allocator<void> >, custom_msg_srv::msg::Float64Stamped_<std::allocator<void> >, custom_msg_srv::msg::Float64Stamped_<std::allocator<void> >, custom_msg_srv::msg::Float64Stamped_<std::allocator<void> > > > >()[m[K’
   48 |         sync_ = std::[01;36m[Kmake_shared<message_filters::Synchronizer<approximate_policy>>[m[K syncApproximate(approximate_policy(10), sub_x, sub_y, sub_z,
      |                      [01;36m[K^~~~~~~~~~~~~~~~~~~~~~~~~~~~~~~~~~~~~~~~~~~~~~~~~~~~~~~~~~~~~~[m[K
[01m[K/home/isopodin-time/ros2_ws/src/muuv_ros/src/muuv_ros/pid_recombiner.cpp:48:22:[m[K [01;36m[Knote: [m[K  couldn’t deduce template parameter ‘[01m[K_Yp[m[K’
In file included from [01m[K/usr/include/c++/9/memory:81[m[K,
                 from [01m[K/home/isopodin-time/ros2_ws/src/muuv_ros/src/muuv_ros/pid_recombiner.cpp:3[m[K:
[01m[K/usr/include/c++/9/bits/shared_ptr.h:333:7:[m[K [01;36m[Knote: [m[Kcandidate: ‘[01m[Kstd::shared_ptr<_Tp>& std::shared_ptr<_Tp>::operator=(std::shared_ptr<_Tp>&&) [with _Tp = message_filters::Synchronizer<message_filters::sync_policies::ApproximateTime<custom_msg_srv::msg::Float64Stamped_<std::allocator<void> >, custom_msg_srv::msg::Float64Stamped_<std::allocator<void> >, custom_msg_srv::msg::Float64Stamped_<std::allocator<void> >, custom_msg_srv::msg::Float64Stamped_<std::allocator<void> >, custom_msg_srv::msg::Float64Stamped_<std::allocator<void> >, custom_msg_srv::msg::Float64Stamped_<std::allocator<void> > > >][m[K’
  333 |       [01;36m[Koperator[m[K=(shared_ptr&& __r) noexcept
      |       [01;36m[K^~~~~~~~[m[K
[01m[K/usr/include/c++/9/bits/shared_ptr.h:333:30:[m[K [01;36m[Knote: [m[K  no known conversion for argument 1 from ‘[01m[K<unresolved overloaded function type>[m[K’ to ‘[01m[Kstd::shared_ptr<message_filters::Synchronizer<message_filters::sync_policies::ApproximateTime<custom_msg_srv::msg::Float64Stamped_<std::allocator<void> >, custom_msg_srv::msg::Float64Stamped_<std::allocator<void> >, custom_msg_srv::msg::Float64Stamped_<std::allocator<void> >, custom_msg_srv::msg::Float64Stamped_<std::allocator<void> >, custom_msg_srv::msg::Float64Stamped_<std::allocator<void> >, custom_msg_srv::msg::Float64Stamped_<std::allocator<void> > > > >&&[m[K’
  333 |       operator=([01;36m[Kshared_ptr&& __r[m[K) noexcept
      |                 [01;36m[K~~~~~~~~~~~~~^~~[m[K
[01m[K/usr/include/c++/9/bits/shared_ptr.h:341:2:[m[K [01;36m[Knote: [m[Kcandidate: ‘[01m[Ktemplate<class _Yp> std::shared_ptr<_Tp>::_Assignable<std::shared_ptr<_Yp> > std::shared_ptr<_Tp>::operator=(std::shared_ptr<_Yp>&&) [with _Yp = _Yp; _Tp = message_filters::Synchronizer<message_filters::sync_policies::ApproximateTime<custom_msg_srv::msg::Float64Stamped_<std::allocator<void> >, custom_msg_srv::msg::Float64Stamped_<std::allocator<void> >, custom_msg_srv::msg::Float64Stamped_<std::allocator<void> >, custom_msg_srv::msg::Float64Stamped_<std::allocator<void> >, custom_msg_srv::msg::Float64Stamped_<std::allocator<void> >, custom_msg_srv::msg::Float64Stamped_<std::allocator<void> > > >][m[K’
  341 |  [01;36m[Koperator[m[K=(shared_ptr<_Yp>&& __r) noexcept
      |  [01;36m[K^~~~~~~~[m[K
[01m[K/usr/include/c++/9/bits/shared_ptr.h:341:2:[m[K [01;36m[Knote: [m[K  template argument deduction/substitution failed:
[01m[K/home/isopodin-time/ros2_ws/src/muuv_ros/src/muuv_ros/pid_recombiner.cpp:48:22:[m[K [01;36m[Knote: [m[K  mismatched types ‘[01m[Kstd::shared_ptr<_Tp>[m[K’ and ‘[01m[Kstd::shared_ptr<message_filters::Synchronizer<message_filters::sync_policies::ApproximateTime<custom_msg_srv::msg::Float64Stamped_<std::allocator<void> >, custom_msg_srv::msg::Float64Stamped_<std::allocator<void> >, custom_msg_srv::msg::Float64Stamped_<std::allocator<void> >, custom_msg_srv::msg::Float64Stamped_<std::allocator<void> >, custom_msg_srv::msg::Float64Stamped_<std::allocator<void> >, custom_msg_srv::msg::Float64Stamped_<std::allocator<void> > > > >()[m[K’
   48 |         sync_ = std::[01;36m[Kmake_shared<message_filters::Synchronizer<approximate_policy>>[m[K syncApproximate(approximate_policy(10), sub_x, sub_y, sub_z,
      |                      [01;36m[K^~~~~~~~~~~~~~~~~~~~~~~~~~~~~~~~~~~~~~~~~~~~~~~~~~~~~~~~~~~~~~[m[K
[01m[K/home/isopodin-time/ros2_ws/src/muuv_ros/src/muuv_ros/pid_recombiner.cpp:48:22:[m[K [01;36m[Knote: [m[K  couldn’t deduce template parameter ‘[01m[K_Yp[m[K’
In file included from [01m[K/usr/include/c++/9/memory:81[m[K,
                 from [01m[K/home/isopodin-time/ros2_ws/src/muuv_ros/src/muuv_ros/pid_recombiner.cpp:3[m[K:
[01m[K/usr/include/c++/9/bits/shared_ptr.h:349:2:[m[K [01;36m[Knote: [m[Kcandidate: ‘[01m[Ktemplate<class _Yp, class _Del> std::shared_ptr<_Tp>::_Assignable<std::unique_ptr<_Up, _Ep> > std::shared_ptr<_Tp>::operator=(std::unique_ptr<_Up, _Ep>&&) [with _Yp = _Yp; _Del = _Del; _Tp = message_filters::Synchronizer<message_filters::sync_policies::ApproximateTime<custom_msg_srv::msg::Float64Stamped_<std::allocator<void> >, custom_msg_srv::msg::Float64Stamped_<std::allocator<void> >, custom_msg_srv::msg::Float64Stamped_<std::allocator<void> >, custom_msg_srv::msg::Float64Stamped_<std::allocator<void> >, custom_msg_srv::msg::Float64Stamped_<std::allocator<void> >, custom_msg_srv::msg::Float64Stamped_<std::allocator<void> > > >][m[K’
  349 |  [01;36m[Koperator[m[K=(unique_ptr<_Yp, _Del>&& __r)
      |  [01;36m[K^~~~~~~~[m[K
[01m[K/usr/include/c++/9/bits/shared_ptr.h:349:2:[m[K [01;36m[Knote: [m[K  template argument deduction/substitution failed:
[01m[K/home/isopodin-time/ros2_ws/src/muuv_ros/src/muuv_ros/pid_recombiner.cpp:48:22:[m[K [01;36m[Knote: [m[K  mismatched types ‘[01m[Kstd::unique_ptr<_Tp, _Dp>[m[K’ and ‘[01m[Kstd::shared_ptr<message_filters::Synchronizer<message_filters::sync_policies::ApproximateTime<custom_msg_srv::msg::Float64Stamped_<std::allocator<void> >, custom_msg_srv::msg::Float64Stamped_<std::allocator<void> >, custom_msg_srv::msg::Float64Stamped_<std::allocator<void> >, custom_msg_srv::msg::Float64Stamped_<std::allocator<void> >, custom_msg_srv::msg::Float64Stamped_<std::allocator<void> >, custom_msg_srv::msg::Float64Stamped_<std::allocator<void> > > > >()[m[K’
   48 |         sync_ = std::[01;36m[Kmake_shared<message_filters::Synchronizer<approximate_policy>>[m[K syncApproximate(approximate_policy(10), sub_x, sub_y, sub_z,
      |                      [01;36m[K^~~~~~~~~~~~~~~~~~~~~~~~~~~~~~~~~~~~~~~~~~~~~~~~~~~~~~~~~~~~~~[m[K
[01m[K/home/isopodin-time/ros2_ws/src/muuv_ros/src/muuv_ros/pid_recombiner.cpp:48:22:[m[K [01;36m[Knote: [m[K  couldn’t deduce template parameter ‘[01m[K_Yp[m[K’
In file included from [01m[K/opt/ros/foxy/include/message_filters/sync_policies/approximate_time.h:52[m[K,
                 from [01m[K/home/isopodin-time/ros2_ws/src/muuv_ros/src/muuv_ros/pid_recombiner.cpp:11[m[K:
/opt/ros/foxy/include/message_filters/signal9.h: In instantiation of ‘[01m[Kmessage_filters::Connection message_filters::Signal9<M0, M1, M2, M3, M4, M5, M6, M7, M8>::addCallback(C&) [with C = const std::_Bind<void (Pid_recombiner::*(Pid_recombiner*, std::_Placeholder<1>, std::_Placeholder<2>, std::_Placeholder<3>, std::_Placeholder<4>, std::_Placeholder<5>, std::_Placeholder<6>))(std::shared_ptr<custom_msg_srv::msg::Float64Stamped_<std::allocator<void> > >, std::shared_ptr<custom_msg_srv::msg::Float64Stamped_<std::allocator<void> > >, std::shared_ptr<custom_msg_srv::msg::Float64Stamped_<std::allocator<void> > >, std::shared_ptr<custom_msg_srv::msg::Float64Stamped_<std::allocator<void> > >, std::shared_ptr<custom_msg_srv::msg::Float64Stamped_<std::allocator<void> > >, std::shared_ptr<custom_msg_srv::msg::Float64Stamped_<std::allocator<void> > >) const>; M0 = custom_msg_srv::msg::Float64Stamped_<std::allocator<void> >; M1 = custom_msg_srv::msg::Float64Stamped_<std::allocator<void> >; M2 = custom_msg_srv::msg::Float64Stamped_<std::allocator<void> >; M3 = custom_msg_srv::msg::Float64Stamped_<std::allocator<void> >; M4 = custom_msg_srv::msg::Float64Stamped_<std::allocator<void> >; M5 = custom_msg_srv::msg::Float64Stamped_<std::allocator<void> >; M6 = message_filters::NullType; M7 = message_filters::NullType; M8 = message_filters::NullType][m[K’:
[01m[K/opt/ros/foxy/include/message_filters/synchronizer.h:298:40:[m[K   required from ‘[01m[Kmessage_filters::Connection message_filters::Synchronizer<Policy>::registerCallback(const C&) [with C = std::_Bind<void (Pid_recombiner::*(Pid_recombiner*, std::_Placeholder<1>, std::_Placeholder<2>, std::_Placeholder<3>, std::_Placeholder<4>, std::_Placeholder<5>, std::_Placeholder<6>))(std::shared_ptr<custom_msg_srv::msg::Float64Stamped_<std::allocator<void> > >, std::shared_ptr<custom_msg_srv::msg::Float64Stamped_<std::allocator<void> > >, std::shared_ptr<custom_msg_srv::msg::Float64Stamped_<std::allocator<void> > >, std::shared_ptr<custom_msg_srv::msg::Float64Stamped_<std::allocator<void> > >, std::shared_ptr<custom_msg_srv::msg::Float64Stamped_<std::allocator<void> > >, std::shared_ptr<custom_msg_srv::msg::Float64Stamped_<std::allocator<void> > >) const>; Policy = message_filters::sync_policies::ApproximateTime<custom_msg_srv::msg::Float64Stamped_<std::allocator<void> >, custom_msg_srv::msg::Float64Stamped_<std::allocator<void> >, custom_msg_srv::msg::Float64Stamped_<std::allocator<void> >, custom_msg_srv::msg::Float64Stamped_<std::allocator<void> >, custom_msg_srv::msg::Float64Stamped_<std::allocator<void> >, custom_msg_srv::msg::Float64Stamped_<std::allocator<void> > >][m[K’
[01m[K/home/isopodin-time/ros2_ws/src/muuv_ros/src/muuv_ros/pid_recombiner.cpp:50:111:[m[K   required from here
[01m[K/opt/ros/foxy/include/message_filters/signal9.h:280:267:[m[K [01;31m[Kerror: [m[Kno matching function for call to ‘[01m[Kmessage_filters::Signal9<custom_msg_srv::msg::Float64Stamped_<std::allocator<void> >, custom_msg_srv::msg::Float64Stamped_<std::allocator<void> >, custom_msg_srv::msg::Float64Stamped_<std::allocator<void> >, custom_msg_srv::msg::Float64Stamped_<std::allocator<void> >, custom_msg_srv::msg::Float64Stamped_<std::allocator<void> >, custom_msg_srv::msg::Float64Stamped_<std::allocator<void> >, message_filters::NullType, message_filters::NullType, message_filters::NullType>::addCallback<const M0ConstPtr&, const M1ConstPtr&, const M2ConstPtr&, const M3ConstPtr&, const M4ConstPtr&, const M5ConstPtr&, const M6ConstPtr&, const M7ConstPtr&, const M8ConstPtr&>(std::_Bind_helper<false, const std::_Bind<void (Pid_recombiner::*(Pid_recombiner*, std::_Placeholder<1>, std::_Placeholder<2>, std::_Placeholder<3>, std::_Placeholder<4>, std::_Placeholder<5>, std::_Placeholder<6>))(std::shared_ptr<custom_msg_srv::msg::Float64Stamped_<std::allocator<void> > >, std::shared_ptr<custom_msg_srv::msg::Float64Stamped_<std::allocator<void> > >, std::shared_ptr<custom_msg_srv::msg::Float64Stamped_<std::allocator<void> > >, std::shared_ptr<custom_msg_srv::msg::Float64Stamped_<std::allocator<void> > >, std::shared_ptr<custom_msg_srv::msg::Float64Stamped_<std::allocator<void> > >, std::shared_ptr<custom_msg_srv::msg::Float64Stamped_<std::allocator<void> > >) const>&, const std::_Placeholder<1>&, const std::_Placeholder<2>&, const std::_Placeholder<3>&, const std::_Placeholder<4>&, const std::_Placeholder<5>&, const std::_Placeholder<6>&, const std::_Placeholder<7>&, const std::_Placeholder<8>&, const std::_Placeholder<9>&>::type)[m[K’
  280 |                      const M8ConstPtr&>(std::bind(callback, std::placeholders::_1, std::placeholders::_2, std::placeholders::_3, std::placeholders::_4, std::placeholders::_5, std::placeholders::_6, std::placeholders::_7, std::placeholders::_8, std::placeholders::_9)[01;31m[K)[m[K;
      |                                                                                                                                                                                                                                                                           [01;31m[K^[m[K
In file included from [01m[K/opt/ros/foxy/include/message_filters/sync_policies/approximate_time.h:52[m[K,
                 from [01m[K/home/isopodin-time/ros2_ws/src/muuv_ros/src/muuv_ros/pid_recombiner.cpp:11[m[K:
[01m[K/opt/ros/foxy/include/message_filters/signal9.h:170:14:[m[K [01;36m[Knote: [m[Kcandidate: ‘[01m[Kmessage_filters::Connection message_filters::Signal9<M0, M1, M2, M3, M4, M5, M6, M7, M8>::addCallback(const std::function<void(P0, P1, P2, P3, P4, P5, P6, P7, P8)>&) [with P0 = const std::shared_ptr<const custom_msg_srv::msg::Float64Stamped_<std::allocator<void> > >&; P1 = const std::shared_ptr<const custom_msg_srv::msg::Float64Stamped_<std::allocator<void> > >&; P2 = const std::shared_ptr<const custom_msg_srv::msg::Float64Stamped_<std::allocator<void> > >&; P3 = const std::shared_ptr<const custom_msg_srv::msg::Float64Stamped_<std::allocator<void> > >&; P4 = const std::shared_ptr<const custom_msg_srv::msg::Float64Stamped_<std::allocator<void> > >&; P5 = const std::shared_ptr<const custom_msg_srv::msg::Float64Stamped_<std::allocator<void> > >&; P6 = const std::shared_ptr<const message_filters::NullType>&; P7 = const std::shared_ptr<const message_filters::NullType>&; P8 = const std::shared_ptr<const message_filters::NullType>&; M0 = custom_msg_srv::msg::Float64Stamped_<std::allocator<void> >; M1 = custom_msg_srv::msg::Float64Stamped_<std::allocator<void> >; M2 = custom_msg_srv::msg::Float64Stamped_<std::allocator<void> >; M3 = custom_msg_srv::msg::Float64Stamped_<std::allocator<void> >; M4 = custom_msg_srv::msg::Float64Stamped_<std::allocator<void> >; M5 = custom_msg_srv::msg::Float64Stamped_<std::allocator<void> >; M6 = message_filters::NullType; M7 = message_filters::NullType; M8 = message_filters::NullType][m[K’
  170 |   Connection [01;36m[KaddCallback[m[K(const std::function<void(P0, P1, P2, P3, P4, P5, P6, P7, P8)>& callback)
      |              [01;36m[K^~~~~~~~~~~[m[K
[01m[K/opt/ros/foxy/include/message_filters/signal9.h:170:89:[m[K [01;36m[Knote: [m[K  no known conversion for argument 1 from ‘[01m[Kstd::_Bind_helper<false, const std::_Bind<void (Pid_recombiner::*(Pid_recombiner*, std::_Placeholder<1>, std::_Placeholder<2>, std::_Placeholder<3>, std::_Placeholder<4>, std::_Placeholder<5>, std::_Placeholder<6>))(std::shared_ptr<custom_msg_srv::msg::Float64Stamped_<std::allocator<void> > >, std::shared_ptr<custom_msg_srv::msg::Float64Stamped_<std::allocator<void> > >, std::shared_ptr<custom_msg_srv::msg::Float64Stamped_<std::allocator<void> > >, std::shared_ptr<custom_msg_srv::msg::Float64Stamped_<std::allocator<void> > >, std::shared_ptr<custom_msg_srv::msg::Float64Stamped_<std::allocator<void> > >, std::shared_ptr<custom_msg_srv::msg::Float64Stamped_<std::allocator<void> > >) const>&, const std::_Placeholder<1>&, const std::_Placeholder<2>&, const std::_Placeholder<3>&, const std::_Placeholder<4>&, const std::_Placeholder<5>&, const std::_Placeholder<6>&, const std::_Placeholder<7>&, const std::_Placeholder<8>&, const std::_Placeholder<9>&>::type[m[K’ {aka ‘[01m[Kstd::_Bind<std::_Bind<void (Pid_recombiner::*(Pid_recombiner*, std::_Placeholder<1>, std::_Placeholder<2>, std::_Placeholder<3>, std::_Placeholder<4>, std::_Placeholder<5>, std::_Placeholder<6>))(std::shared_ptr<custom_msg_srv::msg::Float64Stamped_<std::allocator<void> > >, std::shared_ptr<custom_msg_srv::msg::Float64Stamped_<std::allocator<void> > >, std::shared_ptr<custom_msg_srv::msg::Float64Stamped_<std::allocator<void> > >, std::shared_ptr<custom_msg_srv::msg::Float64Stamped_<std::allocator<void> > >, std::shared_ptr<custom_msg_srv::msg::Float64Stamped_<std::allocator<void> > >, std::shared_ptr<custom_msg_srv::msg::Float64Stamped_<std::allocator<void> > >) const>(std::_Placeholder<1>, std::_Placeholder<2>, std::_Placeholder<3>, std::_Placeholder<4>, std::_Placeholder<5>, std::_Placeholder<6>, std::_Placeholder<7>, std::_Placeholder<8>, std::_Placeholder<9>)>[m[K’} to ‘[01m[Kconst std::function<void(const std::shared_ptr<const custom_msg_srv::msg::Float64Stamped_<std::allocator<void> > >&, const std::shared_ptr<const custom_msg_srv::msg::Float64Stamped_<std::allocator<void> > >&, const std::shared_ptr<const custom_msg_srv::msg::Float64Stamped_<std::allocator<void> > >&, const std::shared_ptr<const custom_msg_srv::msg::Float64Stamped_<std::allocator<void> > >&, const std::shared_ptr<const custom_msg_srv::msg::Float64Stamped_<std::allocator<void> > >&, const std::shared_ptr<const custom_msg_srv::msg::Float64Stamped_<std::allocator<void> > >&, const std::shared_ptr<const message_filters::NullType>&, const std::shared_ptr<const message_filters::NullType>&, const std::shared_ptr<const message_filters::NullType>&)>&[m[K’
  170 |   Connection addCallback([01;36m[Kconst std::function<void(P0, P1, P2, P3, P4, P5, P6, P7, P8)>& callback[m[K)
      |                          [01;36m[K~~~~~~~~~~~~~~~~~~~~~~~~~~~~~~~~~~~~~~~~~~~~~~~~~~~~~~~~~~~~~~~^~~~~~~~[m[K
[01m[K/opt/ros/foxy/include/message_filters/signal9.h:180:14:[m[K [01;36m[Knote: [m[Kcandidate: ‘[01m[Ktemplate<class P0, class P1> message_filters::Connection message_filters::Signal9<M0, M1, M2, M3, M4, M5, M6, M7, M8>::addCallback(void (*)(P0, P1)) [with P0 = P0; P1 = P1; M0 = custom_msg_srv::msg::Float64Stamped_<std::allocator<void> >; M1 = custom_msg_srv::msg::Float64Stamped_<std::allocator<void> >; M2 = custom_msg_srv::msg::Float64Stamped_<std::allocator<void> >; M3 = custom_msg_srv::msg::Float64Stamped_<std::allocator<void> >; M4 = custom_msg_srv::msg::Float64Stamped_<std::allocator<void> >; M5 = custom_msg_srv::msg::Float64Stamped_<std::allocator<void> >; M6 = message_filters::NullType; M7 = message_filters::NullType; M8 = message_filters::NullType][m[K’
  180 |   Connection [01;36m[KaddCallback[m[K(void(*callback)(P0, P1))
      |              [01;36m[K^~~~~~~~~~~[m[K
[01m[K/opt/ros/foxy/include/message_filters/signal9.h:180:14:[m[K [01;36m[Knote: [m[K  template argument deduction/substitution failed:
In file included from [01m[K/opt/ros/foxy/include/message_filters/sync_policies/approximate_time.h:52[m[K,
                 from [01m[K/home/isopodin-time/ros2_ws/src/muuv_ros/src/muuv_ros/pid_recombiner.cpp:11[m[K:
[01m[K/opt/ros/foxy/include/message_filters/signal9.h:280:267:[m[K [01;31m[Kerror: [m[Kwrong number of template arguments (9, should be 2)
  280 |                      const M8ConstPtr&>(std::bind(callback, std::placeholders::_1, std::placeholders::_2, std::placeholders::_3, std::placeholders::_4, std::placeholders::_5, std::placeholders::_6, std::placeholders::_7, std::placeholders::_8, std::placeholders::_9)[01;31m[K)[m[K;
      |                                                                                                                                                                                                                                                                           [01;31m[K^[m[K
In file included from [01m[K/opt/ros/foxy/include/message_filters/sync_policies/approximate_time.h:52[m[K,
                 from [01m[K/home/isopodin-time/ros2_ws/src/muuv_ros/src/muuv_ros/pid_recombiner.cpp:11[m[K:
[01m[K/opt/ros/foxy/include/message_filters/signal9.h:186:14:[m[K [01;36m[Knote: [m[Kcandidate: ‘[01m[Ktemplate<class P0, class P1, class P2> message_filters::Connection message_filters::Signal9<M0, M1, M2, M3, M4, M5, M6, M7, M8>::addCallback(void (*)(P0, P1, P2)) [with P0 = P0; P1 = P1; P2 = P2; M0 = custom_msg_srv::msg::Float64Stamped_<std::allocator<void> >; M1 = custom_msg_srv::msg::Float64Stamped_<std::allocator<void> >; M2 = custom_msg_srv::msg::Float64Stamped_<std::allocator<void> >; M3 = custom_msg_srv::msg::Float64Stamped_<std::allocator<void> >; M4 = custom_msg_srv::msg::Float64Stamped_<std::allocator<void> >; M5 = custom_msg_srv::msg::Float64Stamped_<std::allocator<void> >; M6 = message_filters::NullType; M7 = message_filters::NullType; M8 = message_filters::NullType][m[K’
  186 |   Connection [01;36m[KaddCallback[m[K(void(*callback)(P0, P1, P2))
      |              [01;36m[K^~~~~~~~~~~[m[K
[01m[K/opt/ros/foxy/include/message_filters/signal9.h:186:14:[m[K [01;36m[Knote: [m[K  template argument deduction/substitution failed:
In file included from [01m[K/opt/ros/foxy/include/message_filters/sync_policies/approximate_time.h:52[m[K,
                 from [01m[K/home/isopodin-time/ros2_ws/src/muuv_ros/src/muuv_ros/pid_recombiner.cpp:11[m[K:
[01m[K/opt/ros/foxy/include/message_filters/signal9.h:280:267:[m[K [01;31m[Kerror: [m[Kwrong number of template arguments (9, should be 3)
  280 |                      const M8ConstPtr&>(std::bind(callback, std::placeholders::_1, std::placeholders::_2, std::placeholders::_3, std::placeholders::_4, std::placeholders::_5, std::placeholders::_6, std::placeholders::_7, std::placeholders::_8, std::placeholders::_9)[01;31m[K)[m[K;
      |                                                                                                                                                                                                                                                                           [01;31m[K^[m[K
In file included from [01m[K/opt/ros/foxy/include/message_filters/sync_policies/approximate_time.h:52[m[K,
                 from [01m[K/home/isopodin-time/ros2_ws/src/muuv_ros/src/muuv_ros/pid_recombiner.cpp:11[m[K:
[01m[K/opt/ros/foxy/include/message_filters/signal9.h:192:14:[m[K [01;36m[Knote: [m[Kcandidate: ‘[01m[Ktemplate<class P0, class P1, class P2, class P3> message_filters::Connection message_filters::Signal9<M0, M1, M2, M3, M4, M5, M6, M7, M8>::addCallback(void (*)(P0, P1, P2, P3)) [with P0 = P0; P1 = P1; P2 = P2; P3 = P3; M0 = custom_msg_srv::msg::Float64Stamped_<std::allocator<void> >; M1 = custom_msg_srv::msg::Float64Stamped_<std::allocator<void> >; M2 = custom_msg_srv::msg::Float64Stamped_<std::allocator<void> >; M3 = custom_msg_srv::msg::Float64Stamped_<std::allocator<void> >; M4 = custom_msg_srv::msg::Float64Stamped_<std::allocator<void> >; M5 = custom_msg_srv::msg::Float64Stamped_<std::allocator<void> >; M6 = message_filters::NullType; M7 = message_filters::NullType; M8 = message_filters::NullType][m[K’
  192 |   Connection [01;36m[KaddCallback[m[K(void(*callback)(P0, P1, P2, P3))
      |              [01;36m[K^~~~~~~~~~~[m[K
[01m[K/opt/ros/foxy/include/message_filters/signal9.h:192:14:[m[K [01;36m[Knote: [m[K  template argument deduction/substitution failed:
In file included from [01m[K/opt/ros/foxy/include/message_filters/sync_policies/approximate_time.h:52[m[K,
                 from [01m[K/home/isopodin-time/ros2_ws/src/muuv_ros/src/muuv_ros/pid_recombiner.cpp:11[m[K:
[01m[K/opt/ros/foxy/include/message_filters/signal9.h:280:267:[m[K [01;31m[Kerror: [m[Kwrong number of template arguments (9, should be 4)
  280 |                      const M8ConstPtr&>(std::bind(callback, std::placeholders::_1, std::placeholders::_2, std::placeholders::_3, std::placeholders::_4, std::placeholders::_5, std::placeholders::_6, std::placeholders::_7, std::placeholders::_8, std::placeholders::_9)[01;31m[K)[m[K;
      |                                                                                                                                                                                                                                                                           [01;31m[K^[m[K
In file included from [01m[K/opt/ros/foxy/include/message_filters/sync_policies/approximate_time.h:52[m[K,
                 from [01m[K/home/isopodin-time/ros2_ws/src/muuv_ros/src/muuv_ros/pid_recombiner.cpp:11[m[K:
[01m[K/opt/ros/foxy/include/message_filters/signal9.h:198:14:[m[K [01;36m[Knote: [m[Kcandidate: ‘[01m[Ktemplate<class P0, class P1, class P2, class P3, class P4> message_filters::Connection message_filters::Signal9<M0, M1, M2, M3, M4, M5, M6, M7, M8>::addCallback(void (*)(P0, P1, P2, P3, P4)) [with P0 = P0; P1 = P1; P2 = P2; P3 = P3; P4 = P4; M0 = custom_msg_srv::msg::Float64Stamped_<std::allocator<void> >; M1 = custom_msg_srv::msg::Float64Stamped_<std::allocator<void> >; M2 = custom_msg_srv::msg::Float64Stamped_<std::allocator<void> >; M3 = custom_msg_srv::msg::Float64Stamped_<std::allocator<void> >; M4 = custom_msg_srv::msg::Float64Stamped_<std::allocator<void> >; M5 = custom_msg_srv::msg::Float64Stamped_<std::allocator<void> >; M6 = message_filters::NullType; M7 = message_filters::NullType; M8 = message_filters::NullType][m[K’
  198 |   Connection [01;36m[KaddCallback[m[K(void(*callback)(P0, P1, P2, P3, P4))
      |              [01;36m[K^~~~~~~~~~~[m[K
[01m[K/opt/ros/foxy/include/message_filters/signal9.h:198:14:[m[K [01;36m[Knote: [m[K  template argument deduction/substitution failed:
In file included from [01m[K/opt/ros/foxy/include/message_filters/sync_policies/approximate_time.h:52[m[K,
                 from [01m[K/home/isopodin-time/ros2_ws/src/muuv_ros/src/muuv_ros/pid_recombiner.cpp:11[m[K:
[01m[K/opt/ros/foxy/include/message_filters/signal9.h:280:267:[m[K [01;31m[Kerror: [m[Kwrong number of template arguments (9, should be 5)
  280 |                      const M8ConstPtr&>(std::bind(callback, std::placeholders::_1, std::placeholders::_2, std::placeholders::_3, std::placeholders::_4, std::placeholders::_5, std::placeholders::_6, std::placeholders::_7, std::placeholders::_8, std::placeholders::_9)[01;31m[K)[m[K;
      |                                                                                                                                                                                                                                                                           [01;31m[K^[m[K
In file included from [01m[K/opt/ros/foxy/include/message_filters/sync_policies/approximate_time.h:52[m[K,
                 from [01m[K/home/isopodin-time/ros2_ws/src/muuv_ros/src/muuv_ros/pid_recombiner.cpp:11[m[K:
[01m[K/opt/ros/foxy/include/message_filters/signal9.h:204:14:[m[K [01;36m[Knote: [m[Kcandidate: ‘[01m[Ktemplate<class P0, class P1, class P2, class P3, class P4, class P5> message_filters::Connection message_filters::Signal9<M0, M1, M2, M3, M4, M5, M6, M7, M8>::addCallback(void (*)(P0, P1, P2, P3, P4, P5)) [with P0 = P0; P1 = P1; P2 = P2; P3 = P3; P4 = P4; P5 = P5; M0 = custom_msg_srv::msg::Float64Stamped_<std::allocator<void> >; M1 = custom_msg_srv::msg::Float64Stamped_<std::allocator<void> >; M2 = custom_msg_srv::msg::Float64Stamped_<std::allocator<void> >; M3 = custom_msg_srv::msg::Float64Stamped_<std::allocator<void> >; M4 = custom_msg_srv::msg::Float64Stamped_<std::allocator<void> >; M5 = custom_msg_srv::msg::Float64Stamped_<std::allocator<void> >; M6 = message_filters::NullType; M7 = message_filters::NullType; M8 = message_filters::NullType][m[K’
  204 |   Connection [01;36m[KaddCallback[m[K(void(*callback)(P0, P1, P2, P3, P4, P5))
      |              [01;36m[K^~~~~~~~~~~[m[K
[01m[K/opt/ros/foxy/include/message_filters/signal9.h:204:14:[m[K [01;36m[Knote: [m[K  template argument deduction/substitution failed:
In file included from [01m[K/opt/ros/foxy/include/message_filters/sync_policies/approximate_time.h:52[m[K,
                 from [01m[K/home/isopodin-time/ros2_ws/src/muuv_ros/src/muuv_ros/pid_recombiner.cpp:11[m[K:
[01m[K/opt/ros/foxy/include/message_filters/signal9.h:280:267:[m[K [01;31m[Kerror: [m[Kwrong number of template arguments (9, should be 6)
  280 |                      const M8ConstPtr&>(std::bind(callback, std::placeholders::_1, std::placeholders::_2, std::placeholders::_3, std::placeholders::_4, std::placeholders::_5, std::placeholders::_6, std::placeholders::_7, std::placeholders::_8, std::placeholders::_9)[01;31m[K)[m[K;
      |                                                                                                                                                                                                                                                                           [01;31m[K^[m[K
In file included from [01m[K/opt/ros/foxy/include/message_filters/sync_policies/approximate_time.h:52[m[K,
                 from [01m[K/home/isopodin-time/ros2_ws/src/muuv_ros/src/muuv_ros/pid_recombiner.cpp:11[m[K:
[01m[K/opt/ros/foxy/include/message_filters/signal9.h:210:14:[m[K [01;36m[Knote: [m[Kcandidate: ‘[01m[Ktemplate<class P0, class P1, class P2, class P3, class P4, class P5, class P6> message_filters::Connection message_filters::Signal9<M0, M1, M2, M3, M4, M5, M6, M7, M8>::addCallback(void (*)(P0, P1, P2, P3, P4, P5, P6)) [with P0 = P0; P1 = P1; P2 = P2; P3 = P3; P4 = P4; P5 = P5; P6 = P6; M0 = custom_msg_srv::msg::Float64Stamped_<std::allocator<void> >; M1 = custom_msg_srv::msg::Float64Stamped_<std::allocator<void> >; M2 = custom_msg_srv::msg::Float64Stamped_<std::allocator<void> >; M3 = custom_msg_srv::msg::Float64Stamped_<std::allocator<void> >; M4 = custom_msg_srv::msg::Float64Stamped_<std::allocator<void> >; M5 = custom_msg_srv::msg::Float64Stamped_<std::allocator<void> >; M6 = message_filters::NullType; M7 = message_filters::NullType; M8 = message_filters::NullType][m[K’
  210 |   Connection [01;36m[KaddCallback[m[K(void(*callback)(P0, P1, P2, P3, P4, P5, P6))
      |              [01;36m[K^~~~~~~~~~~[m[K
[01m[K/opt/ros/foxy/include/message_filters/signal9.h:210:14:[m[K [01;36m[Knote: [m[K  template argument deduction/substitution failed:
In file included from [01m[K/opt/ros/foxy/include/message_filters/sync_policies/approximate_time.h:52[m[K,
                 from [01m[K/home/isopodin-time/ros2_ws/src/muuv_ros/src/muuv_ros/pid_recombiner.cpp:11[m[K:
[01m[K/opt/ros/foxy/include/message_filters/signal9.h:280:267:[m[K [01;31m[Kerror: [m[Kwrong number of template arguments (9, should be 7)
  280 |                      const M8ConstPtr&>(std::bind(callback, std::placeholders::_1, std::placeholders::_2, std::placeholders::_3, std::placeholders::_4, std::placeholders::_5, std::placeholders::_6, std::placeholders::_7, std::placeholders::_8, std::placeholders::_9)[01;31m[K)[m[K;
      |                                                                                                                                                                                                                                                                           [01;31m[K^[m[K
[01m[K/opt/ros/foxy/include/message_filters/signal9.h:216:14:[m[K [01;36m[Knote: [m[Kcandidate: ‘[01m[Ktemplate<class P0, class P1, class P2, class P3, class P4, class P5, class P6, class P7> message_filters::Connection message_filters::Signal9<M0, M1, M2, M3, M4, M5, M6, M7, M8>::addCallback(void (*)(P0, P1, P2, P3, P4, P5, P6, P7)) [with P0 = P0; P1 = P1; P2 = P2; P3 = P3; P4 = P4; P5 = P5; P6 = P6; P7 = P7; M0 = custom_msg_srv::msg::Float64Stamped_<std::allocator<void> >; M1 = custom_msg_srv::msg::Float64Stamped_<std::allocator<void> >; M2 = custom_msg_srv::msg::Float64Stamped_<std::allocator<void> >; M3 = custom_msg_srv::msg::Float64Stamped_<std::allocator<void> >; M4 = custom_msg_srv::msg::Float64Stamped_<std::allocator<void> >; M5 = custom_msg_srv::msg::Float64Stamped_<std::allocator<void> >; M6 = message_filters::NullType; M7 = message_filters::NullType; M8 = message_filters::NullType][m[K’
  216 |   Connection [01;36m[KaddCallback[m[K(void(*callback)(P0, P1, P2, P3, P4, P5, P6, P7))
      |              [01;36m[K^~~~~~~~~~~[m[K
[01m[K/opt/ros/foxy/include/message_filters/signal9.h:216:14:[m[K [01;36m[Knote: [m[K  template argument deduction/substitution failed:
[01m[K/opt/ros/foxy/include/message_filters/signal9.h:280:267:[m[K [01;31m[Kerror: [m[Kwrong number of template arguments (9, should be 8)
  280 |                      const M8ConstPtr&>(std::bind(callback, std::placeholders::_1, std::placeholders::_2, std::placeholders::_3, std::placeholders::_4, std::placeholders::_5, std::placeholders::_6, std::placeholders::_7, std::placeholders::_8, std::placeholders::_9)[01;31m[K)[m[K;
      |                                                                                                                                                                                                                                                                           [01;31m[K^[m[K
[01m[K/opt/ros/foxy/include/message_filters/signal9.h:222:14:[m[K [01;36m[Knote: [m[Kcandidate: ‘[01m[Kmessage_filters::Connection message_filters::Signal9<M0, M1, M2, M3, M4, M5, M6, M7, M8>::addCallback(void (*)(P0, P1, P2, P3, P4, P5, P6, P7, P8)) [with P0 = const std::shared_ptr<const custom_msg_srv::msg::Float64Stamped_<std::allocator<void> > >&; P1 = const std::shared_ptr<const custom_msg_srv::msg::Float64Stamped_<std::allocator<void> > >&; P2 = const std::shared_ptr<const custom_msg_srv::msg::Float64Stamped_<std::allocator<void> > >&; P3 = const std::shared_ptr<const custom_msg_srv::msg::Float64Stamped_<std::allocator<void> > >&; P4 = const std::shared_ptr<const custom_msg_srv::msg::Float64Stamped_<std::allocator<void> > >&; P5 = const std::shared_ptr<const custom_msg_srv::msg::Float64Stamped_<std::allocator<void> > >&; P6 = const std::shared_ptr<const message_filters::NullType>&; P7 = const std::shared_ptr<const message_filters::NullType>&; P8 = const std::shared_ptr<const message_filters::NullType>&; M0 = custom_msg_srv::msg::Float64Stamped_<std::allocator<void> >; M1 = custom_msg_srv::msg::Float64Stamped_<std::allocator<void> >; M2 = custom_msg_srv::msg::Float64Stamped_<std::allocator<void> >; M3 = custom_msg_srv::msg::Float64Stamped_<std::allocator<void> >; M4 = custom_msg_srv::msg::Float64Stamped_<std::allocator<void> >; M5 = custom_msg_srv::msg::Float64Stamped_<std::allocator<void> >; M6 = message_filters::NullType; M7 = message_filters::NullType; M8 = message_filters::NullType][m[K’
  222 |   Connection [01;36m[KaddCallback[m[K(void(*callback)(P0, P1, P2, P3, P4, P5, P6, P7, P8))
      |              [01;36m[K^~~~~~~~~~~[m[K
[01m[K/opt/ros/foxy/include/message_filters/signal9.h:222:32:[m[K [01;36m[Knote: [m[K  no known conversion for argument 1 from ‘[01m[Kstd::_Bind_helper<false, const std::_Bind<void (Pid_recombiner::*(Pid_recombiner*, std::_Placeholder<1>, std::_Placeholder<2>, std::_Placeholder<3>, std::_Placeholder<4>, std::_Placeholder<5>, std::_Placeholder<6>))(std::shared_ptr<custom_msg_srv::msg::Float64Stamped_<std::allocator<void> > >, std::shared_ptr<custom_msg_srv::msg::Float64Stamped_<std::allocator<void> > >, std::shared_ptr<custom_msg_srv::msg::Float64Stamped_<std::allocator<void> > >, std::shared_ptr<custom_msg_srv::msg::Float64Stamped_<std::allocator<void> > >, std::shared_ptr<custom_msg_srv::msg::Float64Stamped_<std::allocator<void> > >, std::shared_ptr<custom_msg_srv::msg::Float64Stamped_<std::allocator<void> > >) const>&, const std::_Placeholder<1>&, const std::_Placeholder<2>&, const std::_Placeholder<3>&, const std::_Placeholder<4>&, const std::_Placeholder<5>&, const std::_Placeholder<6>&, const std::_Placeholder<7>&, const std::_Placeholder<8>&, const std::_Placeholder<9>&>::type[m[K’ {aka ‘[01m[Kstd::_Bind<std::_Bind<void (Pid_recombiner::*(Pid_recombiner*, std::_Placeholder<1>, std::_Placeholder<2>, std::_Placeholder<3>, std::_Placeholder<4>, std::_Placeholder<5>, std::_Placeholder<6>))(std::shared_ptr<custom_msg_srv::msg::Float64Stamped_<std::allocator<void> > >, std::shared_ptr<custom_msg_srv::msg::Float64Stamped_<std::allocator<void> > >, std::shared_ptr<custom_msg_srv::msg::Float64Stamped_<std::allocator<void> > >, std::shared_ptr<custom_msg_srv::msg::Float64Stamped_<std::allocator<void> > >, std::shared_ptr<custom_msg_srv::msg::Float64Stamped_<std::allocator<void> > >, std::shared_ptr<custom_msg_srv::msg::Float64Stamped_<std::allocator<void> > >) const>(std::_Placeholder<1>, std::_Placeholder<2>, std::_Placeholder<3>, std::_Placeholder<4>, std::_Placeholder<5>, std::_Placeholder<6>, std::_Placeholder<7>, std::_Placeholder<8>, std::_Placeholder<9>)>[m[K’} to ‘[01m[Kvoid (*)(const std::shared_ptr<const custom_msg_srv::msg::Float64Stamped_<std::allocator<void> > >&, const std::shared_ptr<const custom_msg_srv::msg::Float64Stamped_<std::allocator<void> > >&, const std::shared_ptr<const custom_msg_srv::msg::Float64Stamped_<std::allocator<void> > >&, const std::shared_ptr<const custom_msg_srv::msg::Float64Stamped_<std::allocator<void> > >&, const std::shared_ptr<const custom_msg_srv::msg::Float64Stamped_<std::allocator<void> > >&, const std::shared_ptr<const custom_msg_srv::msg::Float64Stamped_<std::allocator<void> > >&, const std::shared_ptr<const message_filters::NullType>&, const std::shared_ptr<const message_filters::NullType>&, const std::shared_ptr<const message_filters::NullType>&)[m[K’
  222 |   Connection addCallback([01;36m[Kvoid(*callback)(P0, P1, P2, P3, P4, P5, P6, P7, P8)[m[K)
      |                          [01;36m[K~~~~~~^~~~~~~~~~~~~~~~~~~~~~~~~~~~~~~~~~~~~~~~~~~~~[m[K
[01m[K/opt/ros/foxy/include/message_filters/signal9.h:228:14:[m[K [01;36m[Knote: [m[Kcandidate: ‘[01m[Ktemplate<class T, class P0, class P1> message_filters::Connection message_filters::Signal9<M0, M1, M2, M3, M4, M5, M6, M7, M8>::addCallback(void (T::*)(P0, P1), T*) [with T = T; P0 = P0; P1 = P1; M0 = custom_msg_srv::msg::Float64Stamped_<std::allocator<void> >; M1 = custom_msg_srv::msg::Float64Stamped_<std::allocator<void> >; M2 = custom_msg_srv::msg::Float64Stamped_<std::allocator<void> >; M3 = custom_msg_srv::msg::Float64Stamped_<std::allocator<void> >; M4 = custom_msg_srv::msg::Float64Stamped_<std::allocator<void> >; M5 = custom_msg_srv::msg::Float64Stamped_<std::allocator<void> >; M6 = message_filters::NullType; M7 = message_filters::NullType; M8 = message_filters::NullType][m[K’
  228 |   Connection [01;36m[KaddCallback[m[K(void(T::*callback)(P0, P1), T* t)
      |              [01;36m[K^~~~~~~~~~~[m[K
[01m[K/opt/ros/foxy/include/message_filters/signal9.h:228:14:[m[K [01;36m[Knote: [m[K  template argument deduction/substitution failed:
[01m[K/opt/ros/foxy/include/message_filters/signal9.h:280:267:[m[K [01;31m[Kerror: [m[Kwrong number of template arguments (9, should be 3)
  280 |                      const M8ConstPtr&>(std::bind(callback, std::placeholders::_1, std::placeholders::_2, std::placeholders::_3, std::placeholders::_4, std::placeholders::_5, std::placeholders::_6, std::placeholders::_7, std::placeholders::_8, std::placeholders::_9)[01;31m[K)[m[K;
      |                                                                                                                                                                                                                                                                           [01;31m[K^[m[K
[01m[K/opt/ros/foxy/include/message_filters/signal9.h:234:14:[m[K [01;36m[Knote: [m[Kcandidate: ‘[01m[Ktemplate<class T, class P0, class P1, class P2> message_filters::Connection message_filters::Signal9<M0, M1, M2, M3, M4, M5, M6, M7, M8>::addCallback(void (T::*)(P0, P1, P2), T*) [with T = T; P0 = P0; P1 = P1; P2 = P2; M0 = custom_msg_srv::msg::Float64Stamped_<std::allocator<void> >; M1 = custom_msg_srv::msg::Float64Stamped_<std::allocator<void> >; M2 = custom_msg_srv::msg::Float64Stamped_<std::allocator<void> >; M3 = custom_msg_srv::msg::Float64Stamped_<std::allocator<void> >; M4 = custom_msg_srv::msg::Float64Stamped_<std::allocator<void> >; M5 = custom_msg_srv::msg::Float64Stamped_<std::allocator<void> >; M6 = message_filters::NullType; M7 = message_filters::NullType; M8 = message_filters::NullType][m[K’
  234 |   Connection [01;36m[KaddCallback[m[K(void(T::*callback)(P0, P1, P2), T* t)
      |              [01;36m[K^~~~~~~~~~~[m[K
[01m[K/opt/ros/foxy/include/message_filters/signal9.h:234:14:[m[K [01;36m[Knote: [m[K  template argument deduction/substitution failed:
[01m[K/opt/ros/foxy/include/message_filters/signal9.h:280:267:[m[K [01;31m[Kerror: [m[Kwrong number of template arguments (9, should be 4)
  280 |                      const M8ConstPtr&>(std::bind(callback, std::placeholders::_1, std::placeholders::_2, std::placeholders::_3, std::placeholders::_4, std::placeholders::_5, std::placeholders::_6, std::placeholders::_7, std::placeholders::_8, std::placeholders::_9)[01;31m[K)[m[K;
      |                                                                                                                                                                                                                                                                           [01;31m[K^[m[K
[01m[K/opt/ros/foxy/include/message_filters/signal9.h:240:14:[m[K [01;36m[Knote: [m[Kcandidate: ‘[01m[Ktemplate<class T, class P0, class P1, class P2, class P3> message_filters::Connection message_filters::Signal9<M0, M1, M2, M3, M4, M5, M6, M7, M8>::addCallback(void (T::*)(P0, P1, P2, P3), T*) [with T = T; P0 = P0; P1 = P1; P2 = P2; P3 = P3; M0 = custom_msg_srv::msg::Float64Stamped_<std::allocator<void> >; M1 = custom_msg_srv::msg::Float64Stamped_<std::allocator<void> >; M2 = custom_msg_srv::msg::Float64Stamped_<std::allocator<void> >; M3 = custom_msg_srv::msg::Float64Stamped_<std::allocator<void> >; M4 = custom_msg_srv::msg::Float64Stamped_<std::allocator<void> >; M5 = custom_msg_srv::msg::Float64Stamped_<std::allocator<void> >; M6 = message_filters::NullType; M7 = message_filters::NullType; M8 = message_filters::NullType][m[K’
  240 |   Connection [01;36m[KaddCallback[m[K(void(T::*callback)(P0, P1, P2, P3), T* t)
      |              [01;36m[K^~~~~~~~~~~[m[K
[01m[K/opt/ros/foxy/include/message_filters/signal9.h:240:14:[m[K [01;36m[Knote: [m[K  template argument deduction/substitution failed:
[01m[K/opt/ros/foxy/include/message_filters/signal9.h:280:267:[m[K [01;31m[Kerror: [m[Kwrong number of template arguments (9, should be 5)
  280 |                      const M8ConstPtr&>(std::bind(callback, std::placeholders::_1, std::placeholders::_2, std::placeholders::_3, std::placeholders::_4, std::placeholders::_5, std::placeholders::_6, std::placeholders::_7, std::placeholders::_8, std::placeholders::_9)[01;31m[K)[m[K;
      |                                                                                                                                                                                                                                                                           [01;31m[K^[m[K
[01m[K/opt/ros/foxy/include/message_filters/signal9.h:246:14:[m[K [01;36m[Knote: [m[Kcandidate: ‘[01m[Ktemplate<class T, class P0, class P1, class P2, class P3, class P4> message_filters::Connection message_filters::Signal9<M0, M1, M2, M3, M4, M5, M6, M7, M8>::addCallback(void (T::*)(P0, P1, P2, P3, P4), T*) [with T = T; P0 = P0; P1 = P1; P2 = P2; P3 = P3; P4 = P4; M0 = custom_msg_srv::msg::Float64Stamped_<std::allocator<void> >; M1 = custom_msg_srv::msg::Float64Stamped_<std::allocator<void> >; M2 = custom_msg_srv::msg::Float64Stamped_<std::allocator<void> >; M3 = custom_msg_srv::msg::Float64Stamped_<std::allocator<void> >; M4 = custom_msg_srv::msg::Float64Stamped_<std::allocator<void> >; M5 = custom_msg_srv::msg::Float64Stamped_<std::allocator<void> >; M6 = message_filters::NullType; M7 = message_filters::NullType; M8 = message_filters::NullType][m[K’
  246 |   Connection [01;36m[KaddCallback[m[K(void(T::*callback)(P0, P1, P2, P3, P4), T* t)
      |              [01;36m[K^~~~~~~~~~~[m[K
[01m[K/opt/ros/foxy/include/message_filters/signal9.h:246:14:[m[K [01;36m[Knote: [m[K  template argument deduction/substitution failed:
[01m[K/opt/ros/foxy/include/message_filters/signal9.h:280:267:[m[K [01;31m[Kerror: [m[Kwrong number of template arguments (9, should be 6)
  280 |                      const M8ConstPtr&>(std::bind(callback, std::placeholders::_1, std::placeholders::_2, std::placeholders::_3, std::placeholders::_4, std::placeholders::_5, std::placeholders::_6, std::placeholders::_7, std::placeholders::_8, std::placeholders::_9)[01;31m[K)[m[K;
      |                                                                                                                                                                                                                                                                           [01;31m[K^[m[K
[01m[K/opt/ros/foxy/include/message_filters/signal9.h:252:14:[m[K [01;36m[Knote: [m[Kcandidate: ‘[01m[Ktemplate<class T, class P0, class P1, class P2, class P3, class P4, class P5> message_filters::Connection message_filters::Signal9<M0, M1, M2, M3, M4, M5, M6, M7, M8>::addCallback(void (T::*)(P0, P1, P2, P3, P4, P5), T*) [with T = T; P0 = P0; P1 = P1; P2 = P2; P3 = P3; P4 = P4; P5 = P5; M0 = custom_msg_srv::msg::Float64Stamped_<std::allocator<void> >; M1 = custom_msg_srv::msg::Float64Stamped_<std::allocator<void> >; M2 = custom_msg_srv::msg::Float64Stamped_<std::allocator<void> >; M3 = custom_msg_srv::msg::Float64Stamped_<std::allocator<void> >; M4 = custom_msg_srv::msg::Float64Stamped_<std::allocator<void> >; M5 = custom_msg_srv::msg::Float64Stamped_<std::allocator<void> >; M6 = message_filters::NullType; M7 = message_filters::NullType; M8 = message_filters::NullType][m[K’
  252 |   Connection [01;36m[KaddCallback[m[K(void(T::*callback)(P0, P1, P2, P3, P4, P5), T* t)
      |              [01;36m[K^~~~~~~~~~~[m[K
[01m[K/opt/ros/foxy/include/message_filters/signal9.h:252:14:[m[K [01;36m[Knote: [m[K  template argument deduction/substitution failed:
[01m[K/opt/ros/foxy/include/message_filters/signal9.h:280:267:[m[K [01;31m[Kerror: [m[Kwrong number of template arguments (9, should be 7)
  280 |                      const M8ConstPtr&>(std::bind(callback, std::placeholders::_1, std::placeholders::_2, std::placeholders::_3, std::placeholders::_4, std::placeholders::_5, std::placeholders::_6, std::placeholders::_7, std::placeholders::_8, std::placeholders::_9)[01;31m[K)[m[K;
      |                                                                                                                                                                                                                                                                           [01;31m[K^[m[K
[01m[K/opt/ros/foxy/include/message_filters/signal9.h:258:14:[m[K [01;36m[Knote: [m[Kcandidate: ‘[01m[Ktemplate<class T, class P0, class P1, class P2, class P3, class P4, class P5, class P6> message_filters::Connection message_filters::Signal9<M0, M1, M2, M3, M4, M5, M6, M7, M8>::addCallback(void (T::*)(P0, P1, P2, P3, P4, P5, P6), T*) [with T = T; P0 = P0; P1 = P1; P2 = P2; P3 = P3; P4 = P4; P5 = P5; P6 = P6; M0 = custom_msg_srv::msg::Float64Stamped_<std::allocator<void> >; M1 = custom_msg_srv::msg::Float64Stamped_<std::allocator<void> >; M2 = custom_msg_srv::msg::Float64Stamped_<std::allocator<void> >; M3 = custom_msg_srv::msg::Float64Stamped_<std::allocator<void> >; M4 = custom_msg_srv::msg::Float64Stamped_<std::allocator<void> >; M5 = custom_msg_srv::msg::Float64Stamped_<std::allocator<void> >; M6 = message_filters::NullType; M7 = message_filters::NullType; M8 = message_filters::NullType][m[K’
  258 |   Connection [01;36m[KaddCallback[m[K(void(T::*callback)(P0, P1, P2, P3, P4, P5, P6), T* t)
      |              [01;36m[K^~~~~~~~~~~[m[K
[01m[K/opt/ros/foxy/include/message_filters/signal9.h:258:14:[m[K [01;36m[Knote: [m[K  template argument deduction/substitution failed:
[01m[K/opt/ros/foxy/include/message_filters/signal9.h:280:267:[m[K [01;31m[Kerror: [m[Kwrong number of template arguments (9, should be 8)
  280 |                      const M8ConstPtr&>(std::bind(callback, std::placeholders::_1, std::placeholders::_2, std::placeholders::_3, std::placeholders::_4, std::placeholders::_5, std::placeholders::_6, std::placeholders::_7, std::placeholders::_8, std::placeholders::_9)[01;31m[K)[m[K;
      |                                                                                                                                                                                                                                                                           [01;31m[K^[m[K
[01m[K/opt/ros/foxy/include/message_filters/signal9.h:264:14:[m[K [01;36m[Knote: [m[Kcandidate: ‘[01m[Ktemplate<class T, class P0, class P1, class P2, class P3, class P4, class P5, class P6, class P7> message_filters::Connection message_filters::Signal9<M0, M1, M2, M3, M4, M5, M6, M7, M8>::addCallback(void (T::*)(P0, P1, P2, P3, P4, P5, P6, P7), T*) [with T = T; P0 = P0; P1 = P1; P2 = P2; P3 = P3; P4 = P4; P5 = P5; P6 = P6; P7 = P7; M0 = custom_msg_srv::msg::Float64Stamped_<std::allocator<void> >; M1 = custom_msg_srv::msg::Float64Stamped_<std::allocator<void> >; M2 = custom_msg_srv::msg::Float64Stamped_<std::allocator<void> >; M3 = custom_msg_srv::msg::Float64Stamped_<std::allocator<void> >; M4 = custom_msg_srv::msg::Float64Stamped_<std::allocator<void> >; M5 = custom_msg_srv::msg::Float64Stamped_<std::allocator<void> >; M6 = message_filters::NullType; M7 = message_filters::NullType; M8 = message_filters::NullType][m[K’
  264 |   Connection [01;36m[KaddCallback[m[K(void(T::*callback)(P0, P1, P2, P3, P4, P5, P6, P7), T* t)
      |              [01;36m[K^~~~~~~~~~~[m[K
[01m[K/opt/ros/foxy/include/message_filters/signal9.h:264:14:[m[K [01;36m[Knote: [m[K  template argument deduction/substitution failed:
/opt/ros/foxy/include/message_filters/signal9.h: In substitution of ‘[01m[Ktemplate<class T, class P0, class P1, class P2, class P3, class P4, class P5, class P6, class P7> message_filters::Connection message_filters::Signal9<custom_msg_srv::msg::Float64Stamped_<std::allocator<void> >, custom_msg_srv::msg::Float64Stamped_<std::allocator<void> >, custom_msg_srv::msg::Float64Stamped_<std::allocator<void> >, custom_msg_srv::msg::Float64Stamped_<std::allocator<void> >, custom_msg_srv::msg::Float64Stamped_<std::allocator<void> >, custom_msg_srv::msg::Float64Stamped_<std::allocator<void> >, message_filters::NullType, message_filters::NullType, message_filters::NullType>::addCallback<T, P0, P1, P2, P3, P4, P5, P6, P7>(void (T::*)(P0, P1, P2, P3, P4, P5, P6, P7), T*) [with T = const std::shared_ptr<const custom_msg_srv::msg::Float64Stamped_<std::allocator<void> > >&; P0 = const std::shared_ptr<const custom_msg_srv::msg::Float64Stamped_<std::allocator<void> > >&; P1 = const std::shared_ptr<const custom_msg_srv::msg::Float64Stamped_<std::allocator<void> > >&; P2 = const std::shared_ptr<const custom_msg_srv::msg::Float64Stamped_<std::allocator<void> > >&; P3 = const std::shared_ptr<const custom_msg_srv::msg::Float64Stamped_<std::allocator<void> > >&; P4 = const std::shared_ptr<const custom_msg_srv::msg::Float64Stamped_<std::allocator<void> > >&; P5 = const std::shared_ptr<const message_filters::NullType>&; P6 = const std::shared_ptr<const message_filters::NullType>&; P7 = const std::shared_ptr<const message_filters::NullType>&][m[K’:
[01m[K/opt/ros/foxy/include/message_filters/signal9.h:280:267:[m[K   required from ‘[01m[Kmessage_filters::Connection message_filters::Signal9<M0, M1, M2, M3, M4, M5, M6, M7, M8>::addCallback(C&) [with C = const std::_Bind<void (Pid_recombiner::*(Pid_recombiner*, std::_Placeholder<1>, std::_Placeholder<2>, std::_Placeholder<3>, std::_Placeholder<4>, std::_Placeholder<5>, std::_Placeholder<6>))(std::shared_ptr<custom_msg_srv::msg::Float64Stamped_<std::allocator<void> > >, std::shared_ptr<custom_msg_srv::msg::Float64Stamped_<std::allocator<void> > >, std::shared_ptr<custom_msg_srv::msg::Float64Stamped_<std::allocator<void> > >, std::shared_ptr<custom_msg_srv::msg::Float64Stamped_<std::allocator<void> > >, std::shared_ptr<custom_msg_srv::msg::Float64Stamped_<std::allocator<void> > >, std::shared_ptr<custom_msg_srv::msg::Float64Stamped_<std::allocator<void> > >) const>; M0 = custom_msg_srv::msg::Float64Stamped_<std::allocator<void> >; M1 = custom_msg_srv::msg::Float64Stamped_<std::allocator<void> >; M2 = custom_msg_srv::msg::Float64Stamped_<std::allocator<void> >; M3 = custom_msg_srv::msg::Float64Stamped_<std::allocator<void> >; M4 = custom_msg_srv::msg::Float64Stamped_<std::allocator<void> >; M5 = custom_msg_srv::msg::Float64Stamped_<std::allocator<void> >; M6 = message_filters::NullType; M7 = message_filters::NullType; M8 = message_filters::NullType][m[K’
[01m[K/opt/ros/foxy/include/message_filters/synchronizer.h:298:40:[m[K   required from ‘[01m[Kmessage_filters::Connection message_filters::Synchronizer<Policy>::registerCallback(const C&) [with C = std::_Bind<void (Pid_recombiner::*(Pid_recombiner*, std::_Placeholder<1>, std::_Placeholder<2>, std::_Placeholder<3>, std::_Placeholder<4>, std::_Placeholder<5>, std::_Placeholder<6>))(std::shared_ptr<custom_msg_srv::msg::Float64Stamped_<std::allocator<void> > >, std::shared_ptr<custom_msg_srv::msg::Float64Stamped_<std::allocator<void> > >, std::shared_ptr<custom_msg_srv::msg::Float64Stamped_<std::allocator<void> > >, std::shared_ptr<custom_msg_srv::msg::Float64Stamped_<std::allocator<void> > >, std::shared_ptr<custom_msg_srv::msg::Float64Stamped_<std::allocator<void> > >, std::shared_ptr<custom_msg_srv::msg::Float64Stamped_<std::allocator<void> > >) const>; Policy = message_filters::sync_policies::ApproximateTime<custom_msg_srv::msg::Float64Stamped_<std::allocator<void> >, custom_msg_srv::msg::Float64Stamped_<std::allocator<void> >, custom_msg_srv::msg::Float64Stamped_<std::allocator<void> >, custom_msg_srv::msg::Float64Stamped_<std::allocator<void> >, custom_msg_srv::msg::Float64Stamped_<std::allocator<void> >, custom_msg_srv::msg::Float64Stamped_<std::allocator<void> > >][m[K’
[01m[K/home/isopodin-time/ros2_ws/src/muuv_ros/src/muuv_ros/pid_recombiner.cpp:50:111:[m[K   required from here
[01m[K/opt/ros/foxy/include/message_filters/signal9.h:264:14:[m[K [01;31m[Kerror: [m[Kforming pointer to reference type ‘[01m[Kconst std::shared_ptr<const custom_msg_srv::msg::Float64Stamped_<std::allocator<void> > >&[m[K’
/opt/ros/foxy/include/message_filters/signal9.h: In instantiation of ‘[01m[Kmessage_filters::Connection message_filters::Signal9<M0, M1, M2, M3, M4, M5, M6, M7, M8>::addCallback(C&) [with C = const std::_Bind<void (Pid_recombiner::*(Pid_recombiner*, std::_Placeholder<1>, std::_Placeholder<2>, std::_Placeholder<3>, std::_Placeholder<4>, std::_Placeholder<5>, std::_Placeholder<6>))(std::shared_ptr<custom_msg_srv::msg::Float64Stamped_<std::allocator<void> > >, std::shared_ptr<custom_msg_srv::msg::Float64Stamped_<std::allocator<void> > >, std::shared_ptr<custom_msg_srv::msg::Float64Stamped_<std::allocator<void> > >, std::shared_ptr<custom_msg_srv::msg::Float64Stamped_<std::allocator<void> > >, std::shared_ptr<custom_msg_srv::msg::Float64Stamped_<std::allocator<void> > >, std::shared_ptr<custom_msg_srv::msg::Float64Stamped_<std::allocator<void> > >) const>; M0 = custom_msg_srv::msg::Float64Stamped_<std::allocator<void> >; M1 = custom_msg_srv::msg::Float64Stamped_<std::allocator<void> >; M2 = custom_msg_srv::msg::Float64Stamped_<std::allocator<void> >; M3 = custom_msg_srv::msg::Float64Stamped_<std::allocator<void> >; M4 = custom_msg_srv::msg::Float64Stamped_<std::allocator<void> >; M5 = custom_msg_srv::msg::Float64Stamped_<std::allocator<void> >; M6 = message_filters::NullType; M7 = message_filters::NullType; M8 = message_filters::NullType][m[K’:
[01m[K/opt/ros/foxy/include/message_filters/synchronizer.h:298:40:[m[K   required from ‘[01m[Kmessage_filters::Connection message_filters::Synchronizer<Policy>::registerCallback(const C&) [with C = std::_Bind<void (Pid_recombiner::*(Pid_recombiner*, std::_Placeholder<1>, std::_Placeholder<2>, std::_Placeholder<3>, std::_Placeholder<4>, std::_Placeholder<5>, std::_Placeholder<6>))(std::shared_ptr<custom_msg_srv::msg::Float64Stamped_<std::allocator<void> > >, std::shared_ptr<custom_msg_srv::msg::Float64Stamped_<std::allocator<void> > >, std::shared_ptr<custom_msg_srv::msg::Float64Stamped_<std::allocator<void> > >, std::shared_ptr<custom_msg_srv::msg::Float64Stamped_<std::allocator<void> > >, std::shared_ptr<custom_msg_srv::msg::Float64Stamped_<std::allocator<void> > >, std::shared_ptr<custom_msg_srv::msg::Float64Stamped_<std::allocator<void> > >) const>; Policy = message_filters::sync_policies::ApproximateTime<custom_msg_srv::msg::Float64Stamped_<std::allocator<void> >, custom_msg_srv::msg::Float64Stamped_<std::allocator<void> >, custom_msg_srv::msg::Float64Stamped_<std::allocator<void> >, custom_msg_srv::msg::Float64Stamped_<std::allocator<void> >, custom_msg_srv::msg::Float64Stamped_<std::allocator<void> >, custom_msg_srv::msg::Float64Stamped_<std::allocator<void> > >][m[K’
[01m[K/home/isopodin-time/ros2_ws/src/muuv_ros/src/muuv_ros/pid_recombiner.cpp:50:111:[m[K   required from here
[01m[K/opt/ros/foxy/include/message_filters/signal9.h:270:14:[m[K [01;36m[Knote: [m[Kcandidate: ‘[01m[Ktemplate<class C> message_filters::Connection message_filters::Signal9<M0, M1, M2, M3, M4, M5, M6, M7, M8>::addCallback(C&) [with C = C; M0 = custom_msg_srv::msg::Float64Stamped_<std::allocator<void> >; M1 = custom_msg_srv::msg::Float64Stamped_<std::allocator<void> >; M2 = custom_msg_srv::msg::Float64Stamped_<std::allocator<void> >; M3 = custom_msg_srv::msg::Float64Stamped_<std::allocator<void> >; M4 = custom_msg_srv::msg::Float64Stamped_<std::allocator<void> >; M5 = custom_msg_srv::msg::Float64Stamped_<std::allocator<void> >; M6 = message_filters::NullType; M7 = message_filters::NullType; M8 = message_filters::NullType][m[K’
  270 |   Connection [01;36m[KaddCallback[m[K( C& callback)
      |              [01;36m[K^~~~~~~~~~~[m[K
[01m[K/opt/ros/foxy/include/message_filters/signal9.h:270:14:[m[K [01;36m[Knote: [m[K  template argument deduction/substitution failed:
[01m[K/opt/ros/foxy/include/message_filters/signal9.h:280:267:[m[K [01;31m[Kerror: [m[Kwrong number of template arguments (9, should be 1)
  280 |                      const M8ConstPtr&>(std::bind(callback, std::placeholders::_1, std::placeholders::_2, std::placeholders::_3, std::placeholders::_4, std::placeholders::_5, std::placeholders::_6, std::placeholders::_7, std::placeholders::_8, std::placeholders::_9)[01;31m[K)[m[K;
      |                                                                                                                                                                                                                                                                           [01;31m[K^[m[K
make[2]: *** [CMakeFiles/pid_recombiner.dir/build.make:63: CMakeFiles/pid_recombiner.dir/src/muuv_ros/pid_recombiner.cpp.o] Error 1
make[1]: *** [CMakeFiles/Makefile2:109: CMakeFiles/pid_recombiner.dir/all] Error 2
make: *** [Makefile:141: all] Error 2
