[0.182s] Invoking command in '/home/isopodin-time/ros2_ws/build/uuv_control_msgs': CMAKE_PREFIX_PATH=${CMAKE_PREFIX_PATH}:/opt/ros/foxy /usr/bin/cmake --build /home/isopodin-time/ros2_ws/build/uuv_control_msgs -- -j8 -l8
[0.355s] [  0%] Built target uuv_control_msgs__cpp
[0.437s] [ 12%] Built target uuv_control_msgs__rosidl_generator_c
[0.572s] [ 25%] Built target uuv_control_msgs__rosidl_typesupport_introspection_cpp
[0.589s] [ 37%] Built target uuv_control_msgs__rosidl_typesupport_cpp
[0.596s] [ 49%] Built target uuv_control_msgs__rosidl_typesupport_fastrtps_cpp
[0.605s] [ 61%] Built target uuv_control_msgs__rosidl_typesupport_c
[0.636s] [ 74%] Built target uuv_control_msgs__rosidl_typesupport_introspection_c
[0.709s] [ 86%] Built target uuv_control_msgs__rosidl_typesupport_fastrtps_c
[0.752s] [ 86%] Built target uuv_control_msgs
[0.798s] [ 86%] Built target uuv_control_msgs__py
[0.909s] [ 98%] Built target uuv_control_msgs__python
[0.981s] [ 99%] Built target uuv_control_msgs__rosidl_typesupport_c__pyext
[0.987s] [ 99%] Built target uuv_control_msgs__rosidl_typesupport_introspection_c__pyext
[0.988s] [100%] Built target uuv_control_msgs__rosidl_typesupport_fastrtps_c__pyext
[1.122s] Invoked command in '/home/isopodin-time/ros2_ws/build/uuv_control_msgs' returned '0': CMAKE_PREFIX_PATH=${CMAKE_PREFIX_PATH}:/opt/ros/foxy /usr/bin/cmake --build /home/isopodin-time/ros2_ws/build/uuv_control_msgs -- -j8 -l8
[2.431s] Invoking command in '/home/isopodin-time/ros2_ws/build/uuv_control_msgs': CMAKE_PREFIX_PATH=${CMAKE_PREFIX_PATH}:/opt/ros/foxy /usr/bin/cmake --install /home/isopodin-time/ros2_ws/build/uuv_control_msgs
[2.452s] -- Install configuration: ""
[2.454s] -- Up-to-date: /home/isopodin-time/ros2_ws/install/uuv_control_msgs/share/ament_index/resource_index/rosidl_interfaces/uuv_control_msgs
[2.454s] -- Up-to-date: /home/isopodin-time/ros2_ws/install/uuv_control_msgs/include/uuv_control_msgs
[2.455s] -- Up-to-date: /home/isopodin-time/ros2_ws/install/uuv_control_msgs/include/uuv_control_msgs/msg
[2.455s] -- Up-to-date: /home/isopodin-time/ros2_ws/install/uuv_control_msgs/include/uuv_control_msgs/msg/waypoint.h
[2.455s] -- Up-to-date: /home/isopodin-time/ros2_ws/install/uuv_control_msgs/include/uuv_control_msgs/msg/trajectory_point.h
[2.455s] -- Up-to-date: /home/isopodin-time/ros2_ws/install/uuv_control_msgs/include/uuv_control_msgs/msg/detail
[2.455s] -- Up-to-date: /home/isopodin-time/ros2_ws/install/uuv_control_msgs/include/uuv_control_msgs/msg/detail/waypoint_set__functions.c
[2.455s] -- Up-to-date: /home/isopodin-time/ros2_ws/install/uuv_control_msgs/include/uuv_control_msgs/msg/detail/waypoint__functions.c
[2.456s] -- Up-to-date: /home/isopodin-time/ros2_ws/install/uuv_control_msgs/include/uuv_control_msgs/msg/detail/trajectory__functions.h
[2.456s] -- Up-to-date: /home/isopodin-time/ros2_ws/install/uuv_control_msgs/include/uuv_control_msgs/msg/detail/trajectory_point__type_support.h
[2.456s] -- Up-to-date: /home/isopodin-time/ros2_ws/install/uuv_control_msgs/include/uuv_control_msgs/msg/detail/waypoint_set__type_support.h
[2.456s] -- Up-to-date: /home/isopodin-time/ros2_ws/install/uuv_control_msgs/include/uuv_control_msgs/msg/detail/waypoint__functions.h
[2.459s] -- Up-to-date: /home/isopodin-time/ros2_ws/install/uuv_control_msgs/include/uuv_control_msgs/msg/detail/waypoint__type_support.h
[2.460s] -- Up-to-date: /home/isopodin-time/ros2_ws/install/uuv_control_msgs/include/uuv_control_msgs/msg/detail/trajectory_point__struct.h
[2.460s] -- Up-to-date: /home/isopodin-time/ros2_ws/install/uuv_control_msgs/include/uuv_control_msgs/msg/detail/trajectory__struct.h
[2.460s] -- Up-to-date: /home/isopodin-time/ros2_ws/install/uuv_control_msgs/include/uuv_control_msgs/msg/detail/trajectory_point__functions.c
[2.460s] -- Up-to-date: /home/isopodin-time/ros2_ws/install/uuv_control_msgs/include/uuv_control_msgs/msg/detail/trajectory_point__functions.h
[2.460s] -- Up-to-date: /home/isopodin-time/ros2_ws/install/uuv_control_msgs/include/uuv_control_msgs/msg/detail/waypoint__struct.h
[2.460s] -- Up-to-date: /home/isopodin-time/ros2_ws/install/uuv_control_msgs/include/uuv_control_msgs/msg/detail/trajectory__type_support.h
[2.461s] -- Up-to-date: /home/isopodin-time/ros2_ws/install/uuv_control_msgs/include/uuv_control_msgs/msg/detail/waypoint_set__struct.h
[2.461s] -- Up-to-date: /home/isopodin-time/ros2_ws/install/uuv_control_msgs/include/uuv_control_msgs/msg/detail/trajectory__functions.c
[2.461s] -- Up-to-date: /home/isopodin-time/ros2_ws/install/uuv_control_msgs/include/uuv_control_msgs/msg/detail/waypoint_set__functions.h
[2.461s] -- Up-to-date: /home/isopodin-time/ros2_ws/install/uuv_control_msgs/include/uuv_control_msgs/msg/waypoint_set.h
[2.461s] -- Up-to-date: /home/isopodin-time/ros2_ws/install/uuv_control_msgs/include/uuv_control_msgs/msg/trajectory.h
[2.461s] -- Up-to-date: /home/isopodin-time/ros2_ws/install/uuv_control_msgs/include/uuv_control_msgs/msg/rosidl_generator_c__visibility_control.h
[2.461s] -- Up-to-date: /home/isopodin-time/ros2_ws/install/uuv_control_msgs/include/uuv_control_msgs/srv
[2.462s] -- Up-to-date: /home/isopodin-time/ros2_ws/install/uuv_control_msgs/include/uuv_control_msgs/srv/switch_to_automatic.h
[2.462s] -- Up-to-date: /home/isopodin-time/ros2_ws/install/uuv_control_msgs/include/uuv_control_msgs/srv/start_trajectory.h
[2.462s] -- Up-to-date: /home/isopodin-time/ros2_ws/install/uuv_control_msgs/include/uuv_control_msgs/srv/init_waypoints_from_file.h
[2.462s] -- Up-to-date: /home/isopodin-time/ros2_ws/install/uuv_control_msgs/include/uuv_control_msgs/srv/get_sm_controller_params.h
[2.462s] -- Up-to-date: /home/isopodin-time/ros2_ws/install/uuv_control_msgs/include/uuv_control_msgs/srv/is_running_trajectory.h
[2.462s] -- Up-to-date: /home/isopodin-time/ros2_ws/install/uuv_control_msgs/include/uuv_control_msgs/srv/reset_controller.h
[2.463s] -- Up-to-date: /home/isopodin-time/ros2_ws/install/uuv_control_msgs/include/uuv_control_msgs/srv/set_sm_controller_params.h
[2.463s] -- Up-to-date: /home/isopodin-time/ros2_ws/install/uuv_control_msgs/include/uuv_control_msgs/srv/clear_waypoints.h
[2.463s] -- Up-to-date: /home/isopodin-time/ros2_ws/install/uuv_control_msgs/include/uuv_control_msgs/srv/get_pid_params.h
[2.463s] -- Up-to-date: /home/isopodin-time/ros2_ws/install/uuv_control_msgs/include/uuv_control_msgs/srv/detail
[2.464s] -- Up-to-date: /home/isopodin-time/ros2_ws/install/uuv_control_msgs/include/uuv_control_msgs/srv/detail/get_waypoints__functions.c
[2.464s] -- Up-to-date: /home/isopodin-time/ros2_ws/install/uuv_control_msgs/include/uuv_control_msgs/srv/detail/reset_controller__functions.c
[2.473s] -- Up-to-date: /home/isopodin-time/ros2_ws/install/uuv_control_msgs/include/uuv_control_msgs/srv/detail/get_pid_params__struct.h
[2.473s] -- Up-to-date: /home/isopodin-time/ros2_ws/install/uuv_control_msgs/include/uuv_control_msgs/srv/detail/start_trajectory__struct.h
[2.474s] -- Up-to-date: /home/isopodin-time/ros2_ws/install/uuv_control_msgs/include/uuv_control_msgs/srv/detail/switch_to_manual__functions.h
[2.474s] -- Up-to-date: /home/isopodin-time/ros2_ws/install/uuv_control_msgs/include/uuv_control_msgs/srv/detail/get_waypoints__functions.h
[2.474s] -- Up-to-date: /home/isopodin-time/ros2_ws/install/uuv_control_msgs/include/uuv_control_msgs/srv/detail/init_rect_trajectory__functions.h
[2.474s] -- Up-to-date: /home/isopodin-time/ros2_ws/install/uuv_control_msgs/include/uuv_control_msgs/srv/detail/is_running_trajectory__functions.c
[2.474s] -- Up-to-date: /home/isopodin-time/ros2_ws/install/uuv_control_msgs/include/uuv_control_msgs/srv/detail/add_waypoint__functions.h
[2.474s] -- Up-to-date: /home/isopodin-time/ros2_ws/install/uuv_control_msgs/include/uuv_control_msgs/srv/detail/go_to_incremental__functions.c
[2.474s] -- Up-to-date: /home/isopodin-time/ros2_ws/install/uuv_control_msgs/include/uuv_control_msgs/srv/detail/reset_controller__functions.h
[2.475s] -- Up-to-date: /home/isopodin-time/ros2_ws/install/uuv_control_msgs/include/uuv_control_msgs/srv/detail/get_mbsm_controller_params__functions.h
[2.475s] -- Up-to-date: /home/isopodin-time/ros2_ws/install/uuv_control_msgs/include/uuv_control_msgs/srv/detail/get_waypoints__struct.h
[2.475s] -- Up-to-date: /home/isopodin-time/ros2_ws/install/uuv_control_msgs/include/uuv_control_msgs/srv/detail/hold__type_support.h
[2.475s] -- Up-to-date: /home/isopodin-time/ros2_ws/install/uuv_control_msgs/include/uuv_control_msgs/srv/detail/add_waypoint__functions.c
[2.475s] -- Up-to-date: /home/isopodin-time/ros2_ws/install/uuv_control_msgs/include/uuv_control_msgs/srv/detail/set_mbsm_controller_params__struct.h
[2.475s] -- Up-to-date: /home/isopodin-time/ros2_ws/install/uuv_control_msgs/include/uuv_control_msgs/srv/detail/clear_waypoints__struct.h
[2.475s] -- Up-to-date: /home/isopodin-time/ros2_ws/install/uuv_control_msgs/include/uuv_control_msgs/srv/detail/go_to__functions.h
[2.475s] -- Up-to-date: /home/isopodin-time/ros2_ws/install/uuv_control_msgs/include/uuv_control_msgs/srv/detail/set_sm_controller_params__struct.h
[2.476s] -- Up-to-date: /home/isopodin-time/ros2_ws/install/uuv_control_msgs/include/uuv_control_msgs/srv/detail/init_waypoints_from_file__functions.c
[2.476s] -- Up-to-date: /home/isopodin-time/ros2_ws/install/uuv_control_msgs/include/uuv_control_msgs/srv/detail/init_helical_trajectory__functions.h
[2.476s] -- Up-to-date: /home/isopodin-time/ros2_ws/install/uuv_control_msgs/include/uuv_control_msgs/srv/detail/set_mbsm_controller_params__functions.h
[2.476s] -- Up-to-date: /home/isopodin-time/ros2_ws/install/uuv_control_msgs/include/uuv_control_msgs/srv/detail/set_sm_controller_params__type_support.h
[2.476s] -- Up-to-date: /home/isopodin-time/ros2_ws/install/uuv_control_msgs/include/uuv_control_msgs/srv/detail/switch_to_automatic__functions.c
[2.476s] -- Up-to-date: /home/isopodin-time/ros2_ws/install/uuv_control_msgs/include/uuv_control_msgs/srv/detail/init_rect_trajectory__type_support.h
[2.476s] -- Up-to-date: /home/isopodin-time/ros2_ws/install/uuv_control_msgs/include/uuv_control_msgs/srv/detail/set_mbsm_controller_params__type_support.h
[2.476s] -- Up-to-date: /home/isopodin-time/ros2_ws/install/uuv_control_msgs/include/uuv_control_msgs/srv/detail/set_sm_controller_params__functions.h
[2.477s] -- Up-to-date: /home/isopodin-time/ros2_ws/install/uuv_control_msgs/include/uuv_control_msgs/srv/detail/get_pid_params__functions.c
[2.477s] -- Up-to-date: /home/isopodin-time/ros2_ws/install/uuv_control_msgs/include/uuv_control_msgs/srv/detail/get_mbsm_controller_params__struct.h
[2.477s] -- Up-to-date: /home/isopodin-time/ros2_ws/install/uuv_control_msgs/include/uuv_control_msgs/srv/detail/get_sm_controller_params__functions.h
[2.477s] -- Up-to-date: /home/isopodin-time/ros2_ws/install/uuv_control_msgs/include/uuv_control_msgs/srv/detail/init_waypoints_from_file__struct.h
[2.477s] -- Up-to-date: /home/isopodin-time/ros2_ws/install/uuv_control_msgs/include/uuv_control_msgs/srv/detail/is_running_trajectory__type_support.h
[2.477s] -- Up-to-date: /home/isopodin-time/ros2_ws/install/uuv_control_msgs/include/uuv_control_msgs/srv/detail/start_trajectory__functions.c
[2.477s] -- Up-to-date: /home/isopodin-time/ros2_ws/install/uuv_control_msgs/include/uuv_control_msgs/srv/detail/get_mbsm_controller_params__functions.c
[2.477s] -- Up-to-date: /home/isopodin-time/ros2_ws/install/uuv_control_msgs/include/uuv_control_msgs/srv/detail/switch_to_automatic__type_support.h
[2.478s] -- Up-to-date: /home/isopodin-time/ros2_ws/install/uuv_control_msgs/include/uuv_control_msgs/srv/detail/reset_controller__struct.h
[2.478s] -- Up-to-date: /home/isopodin-time/ros2_ws/install/uuv_control_msgs/include/uuv_control_msgs/srv/detail/get_pid_params__type_support.h
[2.478s] -- Up-to-date: /home/isopodin-time/ros2_ws/install/uuv_control_msgs/include/uuv_control_msgs/srv/detail/go_to_incremental__functions.h
[2.478s] -- Up-to-date: /home/isopodin-time/ros2_ws/install/uuv_control_msgs/include/uuv_control_msgs/srv/detail/go_to_incremental__struct.h
[2.478s] -- Up-to-date: /home/isopodin-time/ros2_ws/install/uuv_control_msgs/include/uuv_control_msgs/srv/detail/init_circular_trajectory__struct.h
[2.478s] -- Up-to-date: /home/isopodin-time/ros2_ws/install/uuv_control_msgs/include/uuv_control_msgs/srv/detail/get_pid_params__functions.h
[2.478s] -- Up-to-date: /home/isopodin-time/ros2_ws/install/uuv_control_msgs/include/uuv_control_msgs/srv/detail/get_waypoints__type_support.h
[2.478s] -- Up-to-date: /home/isopodin-time/ros2_ws/install/uuv_control_msgs/include/uuv_control_msgs/srv/detail/is_running_trajectory__functions.h
[2.479s] -- Up-to-date: /home/isopodin-time/ros2_ws/install/uuv_control_msgs/include/uuv_control_msgs/srv/detail/init_waypoints_from_file__type_support.h
[2.479s] -- Up-to-date: /home/isopodin-time/ros2_ws/install/uuv_control_msgs/include/uuv_control_msgs/srv/detail/set_pid_params__functions.h
[2.479s] -- Up-to-date: /home/isopodin-time/ros2_ws/install/uuv_control_msgs/include/uuv_control_msgs/srv/detail/init_circular_trajectory__type_support.h
[2.479s] -- Up-to-date: /home/isopodin-time/ros2_ws/install/uuv_control_msgs/include/uuv_control_msgs/srv/detail/switch_to_manual__functions.c
[2.479s] -- Up-to-date: /home/isopodin-time/ros2_ws/install/uuv_control_msgs/include/uuv_control_msgs/srv/detail/set_sm_controller_params__functions.c
[2.479s] -- Up-to-date: /home/isopodin-time/ros2_ws/install/uuv_control_msgs/include/uuv_control_msgs/srv/detail/init_helical_trajectory__type_support.h
[2.479s] -- Up-to-date: /home/isopodin-time/ros2_ws/install/uuv_control_msgs/include/uuv_control_msgs/srv/detail/init_rect_trajectory__functions.c
[2.479s] -- Up-to-date: /home/isopodin-time/ros2_ws/install/uuv_control_msgs/include/uuv_control_msgs/srv/detail/reset_controller__type_support.h
[2.479s] -- Up-to-date: /home/isopodin-time/ros2_ws/install/uuv_control_msgs/include/uuv_control_msgs/srv/detail/get_sm_controller_params__functions.c
[2.480s] -- Up-to-date: /home/isopodin-time/ros2_ws/install/uuv_control_msgs/include/uuv_control_msgs/srv/detail/set_pid_params__struct.h
[2.480s] -- Up-to-date: /home/isopodin-time/ros2_ws/install/uuv_control_msgs/include/uuv_control_msgs/srv/detail/clear_waypoints__type_support.h
[2.480s] -- Up-to-date: /home/isopodin-time/ros2_ws/install/uuv_control_msgs/include/uuv_control_msgs/srv/detail/switch_to_manual__type_support.h
[2.480s] -- Up-to-date: /home/isopodin-time/ros2_ws/install/uuv_control_msgs/include/uuv_control_msgs/srv/detail/go_to__type_support.h
[2.480s] -- Up-to-date: /home/isopodin-time/ros2_ws/install/uuv_control_msgs/include/uuv_control_msgs/srv/detail/is_running_trajectory__struct.h
[2.480s] -- Up-to-date: /home/isopodin-time/ros2_ws/install/uuv_control_msgs/include/uuv_control_msgs/srv/detail/get_sm_controller_params__struct.h
[2.480s] -- Up-to-date: /home/isopodin-time/ros2_ws/install/uuv_control_msgs/include/uuv_control_msgs/srv/detail/init_waypoint_set__functions.h
[2.480s] -- Up-to-date: /home/isopodin-time/ros2_ws/install/uuv_control_msgs/include/uuv_control_msgs/srv/detail/set_pid_params__functions.c
[2.481s] -- Up-to-date: /home/isopodin-time/ros2_ws/install/uuv_control_msgs/include/uuv_control_msgs/srv/detail/set_mbsm_controller_params__functions.c
[2.481s] -- Up-to-date: /home/isopodin-time/ros2_ws/install/uuv_control_msgs/include/uuv_control_msgs/srv/detail/add_waypoint__type_support.h
[2.481s] -- Up-to-date: /home/isopodin-time/ros2_ws/install/uuv_control_msgs/include/uuv_control_msgs/srv/detail/init_rect_trajectory__struct.h
[2.481s] -- Up-to-date: /home/isopodin-time/ros2_ws/install/uuv_control_msgs/include/uuv_control_msgs/srv/detail/get_sm_controller_params__type_support.h
[2.481s] -- Up-to-date: /home/isopodin-time/ros2_ws/install/uuv_control_msgs/include/uuv_control_msgs/srv/detail/init_waypoint_set__struct.h
[2.481s] -- Up-to-date: /home/isopodin-time/ros2_ws/install/uuv_control_msgs/include/uuv_control_msgs/srv/detail/start_trajectory__functions.h
[2.481s] -- Up-to-date: /home/isopodin-time/ros2_ws/install/uuv_control_msgs/include/uuv_control_msgs/srv/detail/set_pid_params__type_support.h
[2.482s] -- Up-to-date: /home/isopodin-time/ros2_ws/install/uuv_control_msgs/include/uuv_control_msgs/srv/detail/hold__functions.c
[2.482s] -- Up-to-date: /home/isopodin-time/ros2_ws/install/uuv_control_msgs/include/uuv_control_msgs/srv/detail/go_to__functions.c
[2.482s] -- Up-to-date: /home/isopodin-time/ros2_ws/install/uuv_control_msgs/include/uuv_control_msgs/srv/detail/switch_to_automatic__functions.h
[2.482s] -- Up-to-date: /home/isopodin-time/ros2_ws/install/uuv_control_msgs/include/uuv_control_msgs/srv/detail/clear_waypoints__functions.c
[2.482s] -- Up-to-date: /home/isopodin-time/ros2_ws/install/uuv_control_msgs/include/uuv_control_msgs/srv/detail/clear_waypoints__functions.h
[2.482s] -- Up-to-date: /home/isopodin-time/ros2_ws/install/uuv_control_msgs/include/uuv_control_msgs/srv/detail/hold__struct.h
[2.482s] -- Up-to-date: /home/isopodin-time/ros2_ws/install/uuv_control_msgs/include/uuv_control_msgs/srv/detail/start_trajectory__type_support.h
[2.483s] -- Up-to-date: /home/isopodin-time/ros2_ws/install/uuv_control_msgs/include/uuv_control_msgs/srv/detail/get_mbsm_controller_params__type_support.h
[2.483s] -- Up-to-date: /home/isopodin-time/ros2_ws/install/uuv_control_msgs/include/uuv_control_msgs/srv/detail/init_waypoint_set__functions.c
[2.483s] -- Up-to-date: /home/isopodin-time/ros2_ws/install/uuv_control_msgs/include/uuv_control_msgs/srv/detail/init_waypoints_from_file__functions.h
[2.483s] -- Up-to-date: /home/isopodin-time/ros2_ws/install/uuv_control_msgs/include/uuv_control_msgs/srv/detail/go_to_incremental__type_support.h
[2.483s] -- Up-to-date: /home/isopodin-time/ros2_ws/install/uuv_control_msgs/include/uuv_control_msgs/srv/detail/add_waypoint__struct.h
[2.483s] -- Up-to-date: /home/isopodin-time/ros2_ws/install/uuv_control_msgs/include/uuv_control_msgs/srv/detail/init_circular_trajectory__functions.h
[2.483s] -- Up-to-date: /home/isopodin-time/ros2_ws/install/uuv_control_msgs/include/uuv_control_msgs/srv/detail/init_circular_trajectory__functions.c
[2.483s] -- Up-to-date: /home/isopodin-time/ros2_ws/install/uuv_control_msgs/include/uuv_control_msgs/srv/detail/init_helical_trajectory__functions.c
[2.484s] -- Up-to-date: /home/isopodin-time/ros2_ws/install/uuv_control_msgs/include/uuv_control_msgs/srv/detail/switch_to_automatic__struct.h
[2.484s] -- Up-to-date: /home/isopodin-time/ros2_ws/install/uuv_control_msgs/include/uuv_control_msgs/srv/detail/init_waypoint_set__type_support.h
[2.484s] -- Up-to-date: /home/isopodin-time/ros2_ws/install/uuv_control_msgs/include/uuv_control_msgs/srv/detail/switch_to_manual__struct.h
[2.484s] -- Up-to-date: /home/isopodin-time/ros2_ws/install/uuv_control_msgs/include/uuv_control_msgs/srv/detail/hold__functions.h
[2.484s] -- Up-to-date: /home/isopodin-time/ros2_ws/install/uuv_control_msgs/include/uuv_control_msgs/srv/detail/init_helical_trajectory__struct.h
[2.484s] -- Up-to-date: /home/isopodin-time/ros2_ws/install/uuv_control_msgs/include/uuv_control_msgs/srv/detail/go_to__struct.h
[2.484s] -- Up-to-date: /home/isopodin-time/ros2_ws/install/uuv_control_msgs/include/uuv_control_msgs/srv/init_helical_trajectory.h
[2.485s] -- Up-to-date: /home/isopodin-time/ros2_ws/install/uuv_control_msgs/include/uuv_control_msgs/srv/init_circular_trajectory.h
[2.493s] -- Up-to-date: /home/isopodin-time/ros2_ws/install/uuv_control_msgs/include/uuv_control_msgs/srv/set_pid_params.h
[2.495s] -- Up-to-date: /home/isopodin-time/ros2_ws/install/uuv_control_msgs/include/uuv_control_msgs/srv/init_waypoint_set.h
[2.495s] -- Up-to-date: /home/isopodin-time/ros2_ws/install/uuv_control_msgs/include/uuv_control_msgs/srv/hold.h
[2.496s] -- Up-to-date: /home/isopodin-time/ros2_ws/install/uuv_control_msgs/include/uuv_control_msgs/srv/add_waypoint.h
[2.496s] -- Up-to-date: /home/isopodin-time/ros2_ws/install/uuv_control_msgs/include/uuv_control_msgs/srv/go_to.h
[2.497s] -- Up-to-date: /home/isopodin-time/ros2_ws/install/uuv_control_msgs/include/uuv_control_msgs/srv/go_to_incremental.h
[2.497s] -- Up-to-date: /home/isopodin-time/ros2_ws/install/uuv_control_msgs/include/uuv_control_msgs/srv/set_mbsm_controller_params.h
[2.498s] -- Up-to-date: /home/isopodin-time/ros2_ws/install/uuv_control_msgs/include/uuv_control_msgs/srv/init_rect_trajectory.h
[2.498s] -- Up-to-date: /home/isopodin-time/ros2_ws/install/uuv_control_msgs/include/uuv_control_msgs/srv/switch_to_manual.h
[2.498s] -- Up-to-date: /home/isopodin-time/ros2_ws/install/uuv_control_msgs/include/uuv_control_msgs/srv/get_mbsm_controller_params.h
[2.498s] -- Up-to-date: /home/isopodin-time/ros2_ws/install/uuv_control_msgs/include/uuv_control_msgs/srv/get_waypoints.h
[2.498s] -- Up-to-date: /home/isopodin-time/ros2_ws/install/uuv_control_msgs/share/uuv_control_msgs/environment/library_path.sh
[2.498s] -- Up-to-date: /home/isopodin-time/ros2_ws/install/uuv_control_msgs/share/uuv_control_msgs/environment/library_path.dsv
[2.499s] -- Up-to-date: /home/isopodin-time/ros2_ws/install/uuv_control_msgs/lib/libuuv_control_msgs__rosidl_generator_c.so
[2.499s] -- Up-to-date: /home/isopodin-time/ros2_ws/install/uuv_control_msgs/include/uuv_control_msgs
[2.499s] -- Up-to-date: /home/isopodin-time/ros2_ws/install/uuv_control_msgs/include/uuv_control_msgs/msg
[2.499s] -- Up-to-date: /home/isopodin-time/ros2_ws/install/uuv_control_msgs/include/uuv_control_msgs/msg/rosidl_typesupport_fastrtps_c__visibility_control.h
[2.499s] -- Up-to-date: /home/isopodin-time/ros2_ws/install/uuv_control_msgs/include/uuv_control_msgs/msg/detail
[2.499s] -- Up-to-date: /home/isopodin-time/ros2_ws/install/uuv_control_msgs/include/uuv_control_msgs/msg/detail/waypoint__rosidl_typesupport_fastrtps_c.h
[2.499s] -- Up-to-date: /home/isopodin-time/ros2_ws/install/uuv_control_msgs/include/uuv_control_msgs/msg/detail/waypoint_set__rosidl_typesupport_fastrtps_c.h
[2.499s] -- Up-to-date: /home/isopodin-time/ros2_ws/install/uuv_control_msgs/include/uuv_control_msgs/msg/detail/trajectory__rosidl_typesupport_fastrtps_c.h
[2.500s] -- Up-to-date: /home/isopodin-time/ros2_ws/install/uuv_control_msgs/include/uuv_control_msgs/msg/detail/trajectory_point__rosidl_typesupport_fastrtps_c.h
[2.500s] -- Up-to-date: /home/isopodin-time/ros2_ws/install/uuv_control_msgs/include/uuv_control_msgs/srv
[2.500s] -- Up-to-date: /home/isopodin-time/ros2_ws/install/uuv_control_msgs/include/uuv_control_msgs/srv/detail
[2.500s] -- Up-to-date: /home/isopodin-time/ros2_ws/install/uuv_control_msgs/include/uuv_control_msgs/srv/detail/set_pid_params__rosidl_typesupport_fastrtps_c.h
[2.500s] -- Up-to-date: /home/isopodin-time/ros2_ws/install/uuv_control_msgs/include/uuv_control_msgs/srv/detail/get_sm_controller_params__rosidl_typesupport_fastrtps_c.h
[2.500s] -- Up-to-date: /home/isopodin-time/ros2_ws/install/uuv_control_msgs/include/uuv_control_msgs/srv/detail/init_waypoints_from_file__rosidl_typesupport_fastrtps_c.h
[2.501s] -- Up-to-date: /home/isopodin-time/ros2_ws/install/uuv_control_msgs/include/uuv_control_msgs/srv/detail/hold__rosidl_typesupport_fastrtps_c.h
[2.501s] -- Up-to-date: /home/isopodin-time/ros2_ws/install/uuv_control_msgs/include/uuv_control_msgs/srv/detail/go_to_incremental__rosidl_typesupport_fastrtps_c.h
[2.501s] -- Up-to-date: /home/isopodin-time/ros2_ws/install/uuv_control_msgs/include/uuv_control_msgs/srv/detail/clear_waypoints__rosidl_typesupport_fastrtps_c.h
[2.501s] -- Up-to-date: /home/isopodin-time/ros2_ws/install/uuv_control_msgs/include/uuv_control_msgs/srv/detail/set_mbsm_controller_params__rosidl_typesupport_fastrtps_c.h
[2.501s] -- Up-to-date: /home/isopodin-time/ros2_ws/install/uuv_control_msgs/include/uuv_control_msgs/srv/detail/get_waypoints__rosidl_typesupport_fastrtps_c.h
[2.501s] -- Up-to-date: /home/isopodin-time/ros2_ws/install/uuv_control_msgs/include/uuv_control_msgs/srv/detail/init_rect_trajectory__rosidl_typesupport_fastrtps_c.h
[2.501s] -- Up-to-date: /home/isopodin-time/ros2_ws/install/uuv_control_msgs/include/uuv_control_msgs/srv/detail/go_to__rosidl_typesupport_fastrtps_c.h
[2.502s] -- Up-to-date: /home/isopodin-time/ros2_ws/install/uuv_control_msgs/include/uuv_control_msgs/srv/detail/set_sm_controller_params__rosidl_typesupport_fastrtps_c.h
[2.502s] -- Up-to-date: /home/isopodin-time/ros2_ws/install/uuv_control_msgs/include/uuv_control_msgs/srv/detail/start_trajectory__rosidl_typesupport_fastrtps_c.h
[2.502s] -- Up-to-date: /home/isopodin-time/ros2_ws/install/uuv_control_msgs/include/uuv_control_msgs/srv/detail/is_running_trajectory__rosidl_typesupport_fastrtps_c.h
[2.502s] -- Up-to-date: /home/isopodin-time/ros2_ws/install/uuv_control_msgs/include/uuv_control_msgs/srv/detail/switch_to_manual__rosidl_typesupport_fastrtps_c.h
[2.502s] -- Up-to-date: /home/isopodin-time/ros2_ws/install/uuv_control_msgs/include/uuv_control_msgs/srv/detail/get_mbsm_controller_params__rosidl_typesupport_fastrtps_c.h
[2.502s] -- Up-to-date: /home/isopodin-time/ros2_ws/install/uuv_control_msgs/include/uuv_control_msgs/srv/detail/reset_controller__rosidl_typesupport_fastrtps_c.h
[2.503s] -- Up-to-date: /home/isopodin-time/ros2_ws/install/uuv_control_msgs/include/uuv_control_msgs/srv/detail/add_waypoint__rosidl_typesupport_fastrtps_c.h
[2.503s] -- Up-to-date: /home/isopodin-time/ros2_ws/install/uuv_control_msgs/include/uuv_control_msgs/srv/detail/switch_to_automatic__rosidl_typesupport_fastrtps_c.h
[2.503s] -- Up-to-date: /home/isopodin-time/ros2_ws/install/uuv_control_msgs/include/uuv_control_msgs/srv/detail/init_circular_trajectory__rosidl_typesupport_fastrtps_c.h
[2.503s] -- Up-to-date: /home/isopodin-time/ros2_ws/install/uuv_control_msgs/include/uuv_control_msgs/srv/detail/init_helical_trajectory__rosidl_typesupport_fastrtps_c.h
[2.503s] -- Up-to-date: /home/isopodin-time/ros2_ws/install/uuv_control_msgs/include/uuv_control_msgs/srv/detail/init_waypoint_set__rosidl_typesupport_fastrtps_c.h
[2.504s] -- Up-to-date: /home/isopodin-time/ros2_ws/install/uuv_control_msgs/include/uuv_control_msgs/srv/detail/get_pid_params__rosidl_typesupport_fastrtps_c.h
[2.504s] -- Up-to-date: /home/isopodin-time/ros2_ws/install/uuv_control_msgs/lib/libuuv_control_msgs__rosidl_typesupport_fastrtps_c.so
[2.514s] -- Up-to-date: /home/isopodin-time/ros2_ws/install/uuv_control_msgs/include/uuv_control_msgs
[2.514s] -- Up-to-date: /home/isopodin-time/ros2_ws/install/uuv_control_msgs/include/uuv_control_msgs/msg
[2.515s] -- Up-to-date: /home/isopodin-time/ros2_ws/install/uuv_control_msgs/include/uuv_control_msgs/msg/detail
[2.517s] -- Up-to-date: /home/isopodin-time/ros2_ws/install/uuv_control_msgs/include/uuv_control_msgs/msg/detail/dds_fastrtps
[2.526s] -- Up-to-date: /home/isopodin-time/ros2_ws/install/uuv_control_msgs/include/uuv_control_msgs/msg/detail/trajectory__rosidl_typesupport_fastrtps_cpp.hpp
[2.527s] -- Up-to-date: /home/isopodin-time/ros2_ws/install/uuv_control_msgs/include/uuv_control_msgs/msg/detail/waypoint__rosidl_typesupport_fastrtps_cpp.hpp
[2.527s] -- Up-to-date: /home/isopodin-time/ros2_ws/install/uuv_control_msgs/include/uuv_control_msgs/msg/detail/trajectory_point__rosidl_typesupport_fastrtps_cpp.hpp
[2.527s] -- Up-to-date: /home/isopodin-time/ros2_ws/install/uuv_control_msgs/include/uuv_control_msgs/msg/detail/waypoint_set__rosidl_typesupport_fastrtps_cpp.hpp
[2.529s] -- Up-to-date: /home/isopodin-time/ros2_ws/install/uuv_control_msgs/include/uuv_control_msgs/msg/rosidl_typesupport_fastrtps_cpp__visibility_control.h
[2.529s] -- Up-to-date: /home/isopodin-time/ros2_ws/install/uuv_control_msgs/include/uuv_control_msgs/srv
[2.529s] -- Up-to-date: /home/isopodin-time/ros2_ws/install/uuv_control_msgs/include/uuv_control_msgs/srv/detail
[2.529s] -- Up-to-date: /home/isopodin-time/ros2_ws/install/uuv_control_msgs/include/uuv_control_msgs/srv/detail/init_rect_trajectory__rosidl_typesupport_fastrtps_cpp.hpp
[2.530s] -- Up-to-date: /home/isopodin-time/ros2_ws/install/uuv_control_msgs/include/uuv_control_msgs/srv/detail/get_mbsm_controller_params__rosidl_typesupport_fastrtps_cpp.hpp
[2.530s] -- Up-to-date: /home/isopodin-time/ros2_ws/install/uuv_control_msgs/include/uuv_control_msgs/srv/detail/reset_controller__rosidl_typesupport_fastrtps_cpp.hpp
[2.530s] -- Up-to-date: /home/isopodin-time/ros2_ws/install/uuv_control_msgs/include/uuv_control_msgs/srv/detail/go_to__rosidl_typesupport_fastrtps_cpp.hpp
[2.530s] -- Up-to-date: /home/isopodin-time/ros2_ws/install/uuv_control_msgs/include/uuv_control_msgs/srv/detail/set_mbsm_controller_params__rosidl_typesupport_fastrtps_cpp.hpp
[2.530s] -- Up-to-date: /home/isopodin-time/ros2_ws/install/uuv_control_msgs/include/uuv_control_msgs/srv/detail/is_running_trajectory__rosidl_typesupport_fastrtps_cpp.hpp
[2.530s] -- Up-to-date: /home/isopodin-time/ros2_ws/install/uuv_control_msgs/include/uuv_control_msgs/srv/detail/hold__rosidl_typesupport_fastrtps_cpp.hpp
[2.530s] -- Up-to-date: /home/isopodin-time/ros2_ws/install/uuv_control_msgs/include/uuv_control_msgs/srv/detail/init_circular_trajectory__rosidl_typesupport_fastrtps_cpp.hpp
[2.531s] -- Up-to-date: /home/isopodin-time/ros2_ws/install/uuv_control_msgs/include/uuv_control_msgs/srv/detail/dds_fastrtps
[2.531s] -- Up-to-date: /home/isopodin-time/ros2_ws/install/uuv_control_msgs/include/uuv_control_msgs/srv/detail/init_waypoint_set__rosidl_typesupport_fastrtps_cpp.hpp
[2.531s] -- Up-to-date: /home/isopodin-time/ros2_ws/install/uuv_control_msgs/include/uuv_control_msgs/srv/detail/get_sm_controller_params__rosidl_typesupport_fastrtps_cpp.hpp
[2.531s] -- Up-to-date: /home/isopodin-time/ros2_ws/install/uuv_control_msgs/include/uuv_control_msgs/srv/detail/clear_waypoints__rosidl_typesupport_fastrtps_cpp.hpp
[2.531s] -- Up-to-date: /home/isopodin-time/ros2_ws/install/uuv_control_msgs/include/uuv_control_msgs/srv/detail/init_helical_trajectory__rosidl_typesupport_fastrtps_cpp.hpp
[2.531s] -- Up-to-date: /home/isopodin-time/ros2_ws/install/uuv_control_msgs/include/uuv_control_msgs/srv/detail/init_waypoints_from_file__rosidl_typesupport_fastrtps_cpp.hpp
[2.531s] -- Up-to-date: /home/isopodin-time/ros2_ws/install/uuv_control_msgs/include/uuv_control_msgs/srv/detail/get_waypoints__rosidl_typesupport_fastrtps_cpp.hpp
[2.531s] -- Up-to-date: /home/isopodin-time/ros2_ws/install/uuv_control_msgs/include/uuv_control_msgs/srv/detail/switch_to_automatic__rosidl_typesupport_fastrtps_cpp.hpp
[2.532s] -- Up-to-date: /home/isopodin-time/ros2_ws/install/uuv_control_msgs/include/uuv_control_msgs/srv/detail/set_sm_controller_params__rosidl_typesupport_fastrtps_cpp.hpp
[2.532s] -- Up-to-date: /home/isopodin-time/ros2_ws/install/uuv_control_msgs/include/uuv_control_msgs/srv/detail/add_waypoint__rosidl_typesupport_fastrtps_cpp.hpp
[2.532s] -- Up-to-date: /home/isopodin-time/ros2_ws/install/uuv_control_msgs/include/uuv_control_msgs/srv/detail/set_pid_params__rosidl_typesupport_fastrtps_cpp.hpp
[2.532s] -- Up-to-date: /home/isopodin-time/ros2_ws/install/uuv_control_msgs/include/uuv_control_msgs/srv/detail/get_pid_params__rosidl_typesupport_fastrtps_cpp.hpp
[2.532s] -- Up-to-date: /home/isopodin-time/ros2_ws/install/uuv_control_msgs/include/uuv_control_msgs/srv/detail/start_trajectory__rosidl_typesupport_fastrtps_cpp.hpp
[2.532s] -- Up-to-date: /home/isopodin-time/ros2_ws/install/uuv_control_msgs/include/uuv_control_msgs/srv/detail/go_to_incremental__rosidl_typesupport_fastrtps_cpp.hpp
[2.532s] -- Up-to-date: /home/isopodin-time/ros2_ws/install/uuv_control_msgs/include/uuv_control_msgs/srv/detail/switch_to_manual__rosidl_typesupport_fastrtps_cpp.hpp
[2.532s] -- Up-to-date: /home/isopodin-time/ros2_ws/install/uuv_control_msgs/lib/libuuv_control_msgs__rosidl_typesupport_fastrtps_cpp.so
[2.533s] -- Up-to-date: /home/isopodin-time/ros2_ws/install/uuv_control_msgs/include/uuv_control_msgs
[2.533s] -- Up-to-date: /home/isopodin-time/ros2_ws/install/uuv_control_msgs/include/uuv_control_msgs/msg
[2.533s] -- Up-to-date: /home/isopodin-time/ros2_ws/install/uuv_control_msgs/include/uuv_control_msgs/msg/detail
[2.533s] -- Up-to-date: /home/isopodin-time/ros2_ws/install/uuv_control_msgs/include/uuv_control_msgs/msg/detail/waypoint__rosidl_typesupport_introspection_c.h
[2.533s] -- Up-to-date: /home/isopodin-time/ros2_ws/install/uuv_control_msgs/include/uuv_control_msgs/msg/detail/trajectory_point__rosidl_typesupport_introspection_c.h
[2.533s] -- Up-to-date: /home/isopodin-time/ros2_ws/install/uuv_control_msgs/include/uuv_control_msgs/msg/detail/trajectory__rosidl_typesupport_introspection_c.h
[2.533s] -- Up-to-date: /home/isopodin-time/ros2_ws/install/uuv_control_msgs/include/uuv_control_msgs/msg/detail/trajectory_point__type_support.c
[2.534s] -- Up-to-date: /home/isopodin-time/ros2_ws/install/uuv_control_msgs/include/uuv_control_msgs/msg/detail/trajectory__type_support.c
[2.534s] -- Up-to-date: /home/isopodin-time/ros2_ws/install/uuv_control_msgs/include/uuv_control_msgs/msg/detail/waypoint__type_support.c
[2.534s] -- Up-to-date: /home/isopodin-time/ros2_ws/install/uuv_control_msgs/include/uuv_control_msgs/msg/detail/waypoint_set__type_support.c
[2.534s] -- Up-to-date: /home/isopodin-time/ros2_ws/install/uuv_control_msgs/include/uuv_control_msgs/msg/detail/waypoint_set__rosidl_typesupport_introspection_c.h
[2.534s] -- Up-to-date: /home/isopodin-time/ros2_ws/install/uuv_control_msgs/include/uuv_control_msgs/msg/rosidl_typesupport_introspection_c__visibility_control.h
[2.534s] -- Up-to-date: /home/isopodin-time/ros2_ws/install/uuv_control_msgs/include/uuv_control_msgs/srv
[2.535s] -- Up-to-date: /home/isopodin-time/ros2_ws/install/uuv_control_msgs/include/uuv_control_msgs/srv/detail
[2.535s] -- Up-to-date: /home/isopodin-time/ros2_ws/install/uuv_control_msgs/include/uuv_control_msgs/srv/detail/set_sm_controller_params__type_support.c
[2.535s] -- Up-to-date: /home/isopodin-time/ros2_ws/install/uuv_control_msgs/include/uuv_control_msgs/srv/detail/init_waypoint_set__type_support.c
[2.535s] -- Up-to-date: /home/isopodin-time/ros2_ws/install/uuv_control_msgs/include/uuv_control_msgs/srv/detail/get_pid_params__type_support.c
[2.535s] -- Up-to-date: /home/isopodin-time/ros2_ws/install/uuv_control_msgs/include/uuv_control_msgs/srv/detail/set_mbsm_controller_params__rosidl_typesupport_introspection_c.h
[2.535s] -- Up-to-date: /home/isopodin-time/ros2_ws/install/uuv_control_msgs/include/uuv_control_msgs/srv/detail/init_waypoints_from_file__rosidl_typesupport_introspection_c.h
[2.536s] -- Up-to-date: /home/isopodin-time/ros2_ws/install/uuv_control_msgs/include/uuv_control_msgs/srv/detail/go_to_incremental__type_support.c
[2.536s] -- Up-to-date: /home/isopodin-time/ros2_ws/install/uuv_control_msgs/include/uuv_control_msgs/srv/detail/hold__type_support.c
[2.536s] -- Up-to-date: /home/isopodin-time/ros2_ws/install/uuv_control_msgs/include/uuv_control_msgs/srv/detail/init_circular_trajectory__rosidl_typesupport_introspection_c.h
[2.536s] -- Up-to-date: /home/isopodin-time/ros2_ws/install/uuv_control_msgs/include/uuv_control_msgs/srv/detail/init_helical_trajectory__rosidl_typesupport_introspection_c.h
[2.536s] -- Up-to-date: /home/isopodin-time/ros2_ws/install/uuv_control_msgs/include/uuv_control_msgs/srv/detail/set_sm_controller_params__rosidl_typesupport_introspection_c.h
[2.536s] -- Up-to-date: /home/isopodin-time/ros2_ws/install/uuv_control_msgs/include/uuv_control_msgs/srv/detail/hold__rosidl_typesupport_introspection_c.h
[2.536s] -- Up-to-date: /home/isopodin-time/ros2_ws/install/uuv_control_msgs/include/uuv_control_msgs/srv/detail/switch_to_automatic__type_support.c
[2.536s] -- Up-to-date: /home/isopodin-time/ros2_ws/install/uuv_control_msgs/include/uuv_control_msgs/srv/detail/is_running_trajectory__type_support.c
[2.537s] -- Up-to-date: /home/isopodin-time/ros2_ws/install/uuv_control_msgs/include/uuv_control_msgs/srv/detail/start_trajectory__type_support.c
[2.537s] -- Up-to-date: /home/isopodin-time/ros2_ws/install/uuv_control_msgs/include/uuv_control_msgs/srv/detail/init_rect_trajectory__rosidl_typesupport_introspection_c.h
[2.537s] -- Up-to-date: /home/isopodin-time/ros2_ws/install/uuv_control_msgs/include/uuv_control_msgs/srv/detail/switch_to_manual__rosidl_typesupport_introspection_c.h
[2.538s] -- Up-to-date: /home/isopodin-time/ros2_ws/install/uuv_control_msgs/include/uuv_control_msgs/srv/detail/set_pid_params__type_support.c
[2.538s] -- Up-to-date: /home/isopodin-time/ros2_ws/install/uuv_control_msgs/include/uuv_control_msgs/srv/detail/clear_waypoints__type_support.c
[2.538s] -- Up-to-date: /home/isopodin-time/ros2_ws/install/uuv_control_msgs/include/uuv_control_msgs/srv/detail/get_pid_params__rosidl_typesupport_introspection_c.h
[2.538s] -- Up-to-date: /home/isopodin-time/ros2_ws/install/uuv_control_msgs/include/uuv_control_msgs/srv/detail/init_helical_trajectory__type_support.c
[2.538s] -- Up-to-date: /home/isopodin-time/ros2_ws/install/uuv_control_msgs/include/uuv_control_msgs/srv/detail/set_pid_params__rosidl_typesupport_introspection_c.h
[2.538s] -- Up-to-date: /home/isopodin-time/ros2_ws/install/uuv_control_msgs/include/uuv_control_msgs/srv/detail/go_to_incremental__rosidl_typesupport_introspection_c.h
[2.538s] -- Up-to-date: /home/isopodin-time/ros2_ws/install/uuv_control_msgs/include/uuv_control_msgs/srv/detail/go_to__type_support.c
[2.539s] -- Up-to-date: /home/isopodin-time/ros2_ws/install/uuv_control_msgs/include/uuv_control_msgs/srv/detail/get_waypoints__type_support.c
[2.539s] -- Up-to-date: /home/isopodin-time/ros2_ws/install/uuv_control_msgs/include/uuv_control_msgs/srv/detail/reset_controller__rosidl_typesupport_introspection_c.h
[2.557s] -- Up-to-date: /home/isopodin-time/ros2_ws/install/uuv_control_msgs/include/uuv_control_msgs/srv/detail/get_mbsm_controller_params__type_support.c
[2.558s] -- Up-to-date: /home/isopodin-time/ros2_ws/install/uuv_control_msgs/include/uuv_control_msgs/srv/detail/set_mbsm_controller_params__type_support.c
[2.558s] -- Up-to-date: /home/isopodin-time/ros2_ws/install/uuv_control_msgs/include/uuv_control_msgs/srv/detail/get_sm_controller_params__rosidl_typesupport_introspection_c.h
[2.558s] -- Up-to-date: /home/isopodin-time/ros2_ws/install/uuv_control_msgs/include/uuv_control_msgs/srv/detail/init_circular_trajectory__type_support.c
[2.558s] -- Up-to-date: /home/isopodin-time/ros2_ws/install/uuv_control_msgs/include/uuv_control_msgs/srv/detail/clear_waypoints__rosidl_typesupport_introspection_c.h
[2.558s] -- Up-to-date: /home/isopodin-time/ros2_ws/install/uuv_control_msgs/include/uuv_control_msgs/srv/detail/add_waypoint__rosidl_typesupport_introspection_c.h
[2.558s] -- Up-to-date: /home/isopodin-time/ros2_ws/install/uuv_control_msgs/include/uuv_control_msgs/srv/detail/init_waypoint_set__rosidl_typesupport_introspection_c.h
[2.559s] -- Up-to-date: /home/isopodin-time/ros2_ws/install/uuv_control_msgs/include/uuv_control_msgs/srv/detail/init_waypoints_from_file__type_support.c
[2.559s] -- Up-to-date: /home/isopodin-time/ros2_ws/install/uuv_control_msgs/include/uuv_control_msgs/srv/detail/switch_to_automatic__rosidl_typesupport_introspection_c.h
[2.559s] -- Up-to-date: /home/isopodin-time/ros2_ws/install/uuv_control_msgs/include/uuv_control_msgs/srv/detail/switch_to_manual__type_support.c
[2.559s] -- Up-to-date: /home/isopodin-time/ros2_ws/install/uuv_control_msgs/include/uuv_control_msgs/srv/detail/init_rect_trajectory__type_support.c
[2.559s] -- Up-to-date: /home/isopodin-time/ros2_ws/install/uuv_control_msgs/include/uuv_control_msgs/srv/detail/get_mbsm_controller_params__rosidl_typesupport_introspection_c.h
[2.559s] -- Up-to-date: /home/isopodin-time/ros2_ws/install/uuv_control_msgs/include/uuv_control_msgs/srv/detail/get_sm_controller_params__type_support.c
[2.559s] -- Up-to-date: /home/isopodin-time/ros2_ws/install/uuv_control_msgs/include/uuv_control_msgs/srv/detail/reset_controller__type_support.c
[2.559s] -- Up-to-date: /home/isopodin-time/ros2_ws/install/uuv_control_msgs/include/uuv_control_msgs/srv/detail/go_to__rosidl_typesupport_introspection_c.h
[2.560s] -- Up-to-date: /home/isopodin-time/ros2_ws/install/uuv_control_msgs/include/uuv_control_msgs/srv/detail/start_trajectory__rosidl_typesupport_introspection_c.h
[2.560s] -- Up-to-date: /home/isopodin-time/ros2_ws/install/uuv_control_msgs/include/uuv_control_msgs/srv/detail/is_running_trajectory__rosidl_typesupport_introspection_c.h
[2.560s] -- Up-to-date: /home/isopodin-time/ros2_ws/install/uuv_control_msgs/include/uuv_control_msgs/srv/detail/get_waypoints__rosidl_typesupport_introspection_c.h
[2.560s] -- Up-to-date: /home/isopodin-time/ros2_ws/install/uuv_control_msgs/include/uuv_control_msgs/srv/detail/add_waypoint__type_support.c
[2.560s] -- Up-to-date: /home/isopodin-time/ros2_ws/install/uuv_control_msgs/lib/libuuv_control_msgs__rosidl_typesupport_introspection_c.so
[2.560s] -- Up-to-date: /home/isopodin-time/ros2_ws/install/uuv_control_msgs/lib/libuuv_control_msgs__rosidl_typesupport_c.so
[2.560s] -- Up-to-date: /home/isopodin-time/ros2_ws/install/uuv_control_msgs/include/uuv_control_msgs
[2.561s] -- Up-to-date: /home/isopodin-time/ros2_ws/install/uuv_control_msgs/include/uuv_control_msgs/msg
[2.561s] -- Up-to-date: /home/isopodin-time/ros2_ws/install/uuv_control_msgs/include/uuv_control_msgs/msg/waypoint_set.hpp
[2.561s] -- Up-to-date: /home/isopodin-time/ros2_ws/install/uuv_control_msgs/include/uuv_control_msgs/msg/waypoint.hpp
[2.561s] -- Up-to-date: /home/isopodin-time/ros2_ws/install/uuv_control_msgs/include/uuv_control_msgs/msg/trajectory_point.hpp
[2.561s] -- Up-to-date: /home/isopodin-time/ros2_ws/install/uuv_control_msgs/include/uuv_control_msgs/msg/detail
[2.561s] -- Up-to-date: /home/isopodin-time/ros2_ws/install/uuv_control_msgs/include/uuv_control_msgs/msg/detail/waypoint_set__struct.hpp
[2.561s] -- Up-to-date: /home/isopodin-time/ros2_ws/install/uuv_control_msgs/include/uuv_control_msgs/msg/detail/trajectory_point__type_support.hpp
[2.562s] -- Up-to-date: /home/isopodin-time/ros2_ws/install/uuv_control_msgs/include/uuv_control_msgs/msg/detail/trajectory__traits.hpp
[2.562s] -- Up-to-date: /home/isopodin-time/ros2_ws/install/uuv_control_msgs/include/uuv_control_msgs/msg/detail/waypoint__struct.hpp
[2.562s] -- Up-to-date: /home/isopodin-time/ros2_ws/install/uuv_control_msgs/include/uuv_control_msgs/msg/detail/trajectory__struct.hpp
[2.562s] -- Up-to-date: /home/isopodin-time/ros2_ws/install/uuv_control_msgs/include/uuv_control_msgs/msg/detail/trajectory__type_support.hpp
[2.562s] -- Up-to-date: /home/isopodin-time/ros2_ws/install/uuv_control_msgs/include/uuv_control_msgs/msg/detail/waypoint_set__traits.hpp
[2.562s] -- Up-to-date: /home/isopodin-time/ros2_ws/install/uuv_control_msgs/include/uuv_control_msgs/msg/detail/trajectory_point__traits.hpp
[2.562s] -- Up-to-date: /home/isopodin-time/ros2_ws/install/uuv_control_msgs/include/uuv_control_msgs/msg/detail/waypoint__traits.hpp
[2.563s] -- Up-to-date: /home/isopodin-time/ros2_ws/install/uuv_control_msgs/include/uuv_control_msgs/msg/detail/waypoint__builder.hpp
[2.563s] -- Up-to-date: /home/isopodin-time/ros2_ws/install/uuv_control_msgs/include/uuv_control_msgs/msg/detail/trajectory_point__struct.hpp
[2.563s] -- Up-to-date: /home/isopodin-time/ros2_ws/install/uuv_control_msgs/include/uuv_control_msgs/msg/detail/waypoint_set__builder.hpp
[2.563s] -- Up-to-date: /home/isopodin-time/ros2_ws/install/uuv_control_msgs/include/uuv_control_msgs/msg/detail/trajectory__builder.hpp
[2.563s] -- Up-to-date: /home/isopodin-time/ros2_ws/install/uuv_control_msgs/include/uuv_control_msgs/msg/detail/waypoint__type_support.hpp
[2.563s] -- Up-to-date: /home/isopodin-time/ros2_ws/install/uuv_control_msgs/include/uuv_control_msgs/msg/detail/waypoint_set__type_support.hpp
[2.563s] -- Up-to-date: /home/isopodin-time/ros2_ws/install/uuv_control_msgs/include/uuv_control_msgs/msg/detail/trajectory_point__builder.hpp
[2.564s] -- Up-to-date: /home/isopodin-time/ros2_ws/install/uuv_control_msgs/include/uuv_control_msgs/msg/rosidl_generator_cpp__visibility_control.hpp
[2.564s] -- Up-to-date: /home/isopodin-time/ros2_ws/install/uuv_control_msgs/include/uuv_control_msgs/msg/trajectory.hpp
[2.564s] -- Up-to-date: /home/isopodin-time/ros2_ws/install/uuv_control_msgs/include/uuv_control_msgs/srv
[2.564s] -- Up-to-date: /home/isopodin-time/ros2_ws/install/uuv_control_msgs/include/uuv_control_msgs/srv/hold.hpp
[2.564s] -- Up-to-date: /home/isopodin-time/ros2_ws/install/uuv_control_msgs/include/uuv_control_msgs/srv/set_sm_controller_params.hpp
[2.564s] -- Up-to-date: /home/isopodin-time/ros2_ws/install/uuv_control_msgs/include/uuv_control_msgs/srv/set_pid_params.hpp
[2.564s] -- Up-to-date: /home/isopodin-time/ros2_ws/install/uuv_control_msgs/include/uuv_control_msgs/srv/clear_waypoints.hpp
[2.565s] -- Up-to-date: /home/isopodin-time/ros2_ws/install/uuv_control_msgs/include/uuv_control_msgs/srv/get_mbsm_controller_params.hpp
[2.565s] -- Up-to-date: /home/isopodin-time/ros2_ws/install/uuv_control_msgs/include/uuv_control_msgs/srv/set_mbsm_controller_params.hpp
[2.565s] -- Up-to-date: /home/isopodin-time/ros2_ws/install/uuv_control_msgs/include/uuv_control_msgs/srv/init_waypoints_from_file.hpp
[2.565s] -- Up-to-date: /home/isopodin-time/ros2_ws/install/uuv_control_msgs/include/uuv_control_msgs/srv/get_waypoints.hpp
[2.565s] -- Up-to-date: /home/isopodin-time/ros2_ws/install/uuv_control_msgs/include/uuv_control_msgs/srv/init_rect_trajectory.hpp
[2.565s] -- Up-to-date: /home/isopodin-time/ros2_ws/install/uuv_control_msgs/include/uuv_control_msgs/srv/detail
[2.565s] -- Up-to-date: /home/isopodin-time/ros2_ws/install/uuv_control_msgs/include/uuv_control_msgs/srv/detail/get_mbsm_controller_params__type_support.hpp
[2.566s] -- Up-to-date: /home/isopodin-time/ros2_ws/install/uuv_control_msgs/include/uuv_control_msgs/srv/detail/init_waypoint_set__struct.hpp
[2.566s] -- Up-to-date: /home/isopodin-time/ros2_ws/install/uuv_control_msgs/include/uuv_control_msgs/srv/detail/init_circular_trajectory__struct.hpp
[2.566s] -- Up-to-date: /home/isopodin-time/ros2_ws/install/uuv_control_msgs/include/uuv_control_msgs/srv/detail/set_sm_controller_params__traits.hpp
[2.566s] -- Up-to-date: /home/isopodin-time/ros2_ws/install/uuv_control_msgs/include/uuv_control_msgs/srv/detail/get_sm_controller_params__struct.hpp
[2.566s] -- Up-to-date: /home/isopodin-time/ros2_ws/install/uuv_control_msgs/include/uuv_control_msgs/srv/detail/clear_waypoints__type_support.hpp
[2.566s] -- Up-to-date: /home/isopodin-time/ros2_ws/install/uuv_control_msgs/include/uuv_control_msgs/srv/detail/get_waypoints__struct.hpp
[2.566s] -- Up-to-date: /home/isopodin-time/ros2_ws/install/uuv_control_msgs/include/uuv_control_msgs/srv/detail/init_waypoint_set__builder.hpp
[2.567s] -- Up-to-date: /home/isopodin-time/ros2_ws/install/uuv_control_msgs/include/uuv_control_msgs/srv/detail/init_helical_trajectory__traits.hpp
[2.567s] -- Up-to-date: /home/isopodin-time/ros2_ws/install/uuv_control_msgs/include/uuv_control_msgs/srv/detail/set_pid_params__type_support.hpp
[2.567s] -- Up-to-date: /home/isopodin-time/ros2_ws/install/uuv_control_msgs/include/uuv_control_msgs/srv/detail/add_waypoint__type_support.hpp
[2.567s] -- Up-to-date: /home/isopodin-time/ros2_ws/install/uuv_control_msgs/include/uuv_control_msgs/srv/detail/set_pid_params__struct.hpp
[2.567s] -- Up-to-date: /home/isopodin-time/ros2_ws/install/uuv_control_msgs/include/uuv_control_msgs/srv/detail/init_waypoint_set__traits.hpp
[2.567s] -- Up-to-date: /home/isopodin-time/ros2_ws/install/uuv_control_msgs/include/uuv_control_msgs/srv/detail/go_to__struct.hpp
[2.568s] -- Up-to-date: /home/isopodin-time/ros2_ws/install/uuv_control_msgs/include/uuv_control_msgs/srv/detail/set_pid_params__builder.hpp
[2.568s] -- Up-to-date: /home/isopodin-time/ros2_ws/install/uuv_control_msgs/include/uuv_control_msgs/srv/detail/start_trajectory__struct.hpp
[2.568s] -- Up-to-date: /home/isopodin-time/ros2_ws/install/uuv_control_msgs/include/uuv_control_msgs/srv/detail/add_waypoint__traits.hpp
[2.568s] -- Up-to-date: /home/isopodin-time/ros2_ws/install/uuv_control_msgs/include/uuv_control_msgs/srv/detail/get_waypoints__traits.hpp
[2.568s] -- Up-to-date: /home/isopodin-time/ros2_ws/install/uuv_control_msgs/include/uuv_control_msgs/srv/detail/hold__struct.hpp
[2.568s] -- Up-to-date: /home/isopodin-time/ros2_ws/install/uuv_control_msgs/include/uuv_control_msgs/srv/detail/is_running_trajectory__builder.hpp
[2.568s] -- Up-to-date: /home/isopodin-time/ros2_ws/install/uuv_control_msgs/include/uuv_control_msgs/srv/detail/reset_controller__type_support.hpp
[2.569s] -- Up-to-date: /home/isopodin-time/ros2_ws/install/uuv_control_msgs/include/uuv_control_msgs/srv/detail/init_rect_trajectory__builder.hpp
[2.569s] -- Up-to-date: /home/isopodin-time/ros2_ws/install/uuv_control_msgs/include/uuv_control_msgs/srv/detail/get_pid_params__traits.hpp
[2.569s] -- Up-to-date: /home/isopodin-time/ros2_ws/install/uuv_control_msgs/include/uuv_control_msgs/srv/detail/set_mbsm_controller_params__traits.hpp
[2.569s] -- Up-to-date: /home/isopodin-time/ros2_ws/install/uuv_control_msgs/include/uuv_control_msgs/srv/detail/init_waypoints_from_file__type_support.hpp
[2.569s] -- Up-to-date: /home/isopodin-time/ros2_ws/install/uuv_control_msgs/include/uuv_control_msgs/srv/detail/go_to__traits.hpp
[2.569s] -- Up-to-date: /home/isopodin-time/ros2_ws/install/uuv_control_msgs/include/uuv_control_msgs/srv/detail/get_sm_controller_params__type_support.hpp
[2.569s] -- Up-to-date: /home/isopodin-time/ros2_ws/install/uuv_control_msgs/include/uuv_control_msgs/srv/detail/init_circular_trajectory__traits.hpp
[2.569s] -- Up-to-date: /home/isopodin-time/ros2_ws/install/uuv_control_msgs/include/uuv_control_msgs/srv/detail/is_running_trajectory__traits.hpp
[2.570s] -- Up-to-date: /home/isopodin-time/ros2_ws/install/uuv_control_msgs/include/uuv_control_msgs/srv/detail/init_waypoints_from_file__builder.hpp
[2.570s] -- Up-to-date: /home/isopodin-time/ros2_ws/install/uuv_control_msgs/include/uuv_control_msgs/srv/detail/init_rect_trajectory__type_support.hpp
[2.570s] -- Up-to-date: /home/isopodin-time/ros2_ws/install/uuv_control_msgs/include/uuv_control_msgs/srv/detail/get_pid_params__builder.hpp
[2.570s] -- Up-to-date: /home/isopodin-time/ros2_ws/install/uuv_control_msgs/include/uuv_control_msgs/srv/detail/init_waypoint_set__type_support.hpp
[2.570s] -- Up-to-date: /home/isopodin-time/ros2_ws/install/uuv_control_msgs/include/uuv_control_msgs/srv/detail/get_pid_params__struct.hpp
[2.570s] -- Up-to-date: /home/isopodin-time/ros2_ws/install/uuv_control_msgs/include/uuv_control_msgs/srv/detail/switch_to_automatic__struct.hpp
[2.570s] -- Up-to-date: /home/isopodin-time/ros2_ws/install/uuv_control_msgs/include/uuv_control_msgs/srv/detail/get_waypoints__builder.hpp
[2.571s] -- Up-to-date: /home/isopodin-time/ros2_ws/install/uuv_control_msgs/include/uuv_control_msgs/srv/detail/get_mbsm_controller_params__traits.hpp
[2.571s] -- Up-to-date: /home/isopodin-time/ros2_ws/install/uuv_control_msgs/include/uuv_control_msgs/srv/detail/get_pid_params__type_support.hpp
[2.571s] -- Up-to-date: /home/isopodin-time/ros2_ws/install/uuv_control_msgs/include/uuv_control_msgs/srv/detail/init_helical_trajectory__builder.hpp
[2.571s] -- Up-to-date: /home/isopodin-time/ros2_ws/install/uuv_control_msgs/include/uuv_control_msgs/srv/detail/go_to_incremental__struct.hpp
[2.571s] -- Up-to-date: /home/isopodin-time/ros2_ws/install/uuv_control_msgs/include/uuv_control_msgs/srv/detail/go_to__type_support.hpp
[2.571s] -- Up-to-date: /home/isopodin-time/ros2_ws/install/uuv_control_msgs/include/uuv_control_msgs/srv/detail/init_helical_trajectory__struct.hpp
[2.571s] -- Up-to-date: /home/isopodin-time/ros2_ws/install/uuv_control_msgs/include/uuv_control_msgs/srv/detail/switch_to_manual__struct.hpp
[2.571s] -- Up-to-date: /home/isopodin-time/ros2_ws/install/uuv_control_msgs/include/uuv_control_msgs/srv/detail/set_sm_controller_params__struct.hpp
[2.572s] -- Up-to-date: /home/isopodin-time/ros2_ws/install/uuv_control_msgs/include/uuv_control_msgs/srv/detail/switch_to_manual__traits.hpp
[2.572s] -- Up-to-date: /home/isopodin-time/ros2_ws/install/uuv_control_msgs/include/uuv_control_msgs/srv/detail/get_sm_controller_params__builder.hpp
[2.572s] -- Up-to-date: /home/isopodin-time/ros2_ws/install/uuv_control_msgs/include/uuv_control_msgs/srv/detail/hold__type_support.hpp
[2.572s] -- Up-to-date: /home/isopodin-time/ros2_ws/install/uuv_control_msgs/include/uuv_control_msgs/srv/detail/go_to_incremental__builder.hpp
[2.572s] -- Up-to-date: /home/isopodin-time/ros2_ws/install/uuv_control_msgs/include/uuv_control_msgs/srv/detail/go_to_incremental__traits.hpp
[2.572s] -- Up-to-date: /home/isopodin-time/ros2_ws/install/uuv_control_msgs/include/uuv_control_msgs/srv/detail/set_pid_params__traits.hpp
[2.572s] -- Up-to-date: /home/isopodin-time/ros2_ws/install/uuv_control_msgs/include/uuv_control_msgs/srv/detail/add_waypoint__struct.hpp
[2.573s] -- Up-to-date: /home/isopodin-time/ros2_ws/install/uuv_control_msgs/include/uuv_control_msgs/srv/detail/reset_controller__struct.hpp
[2.573s] -- Up-to-date: /home/isopodin-time/ros2_ws/install/uuv_control_msgs/include/uuv_control_msgs/srv/detail/set_sm_controller_params__type_support.hpp
[2.573s] -- Up-to-date: /home/isopodin-time/ros2_ws/install/uuv_control_msgs/include/uuv_control_msgs/srv/detail/init_helical_trajectory__type_support.hpp
[2.573s] -- Up-to-date: /home/isopodin-time/ros2_ws/install/uuv_control_msgs/include/uuv_control_msgs/srv/detail/init_waypoints_from_file__traits.hpp
[2.573s] -- Up-to-date: /home/isopodin-time/ros2_ws/install/uuv_control_msgs/include/uuv_control_msgs/srv/detail/switch_to_manual__builder.hpp
[2.573s] -- Up-to-date: /home/isopodin-time/ros2_ws/install/uuv_control_msgs/include/uuv_control_msgs/srv/detail/is_running_trajectory__struct.hpp
[2.573s] -- Up-to-date: /home/isopodin-time/ros2_ws/install/uuv_control_msgs/include/uuv_control_msgs/srv/detail/init_circular_trajectory__type_support.hpp
[2.574s] -- Up-to-date: /home/isopodin-time/ros2_ws/install/uuv_control_msgs/include/uuv_control_msgs/srv/detail/reset_controller__traits.hpp
[2.574s] -- Up-to-date: /home/isopodin-time/ros2_ws/install/uuv_control_msgs/include/uuv_control_msgs/srv/detail/set_mbsm_controller_params__struct.hpp
[2.575s] -- Up-to-date: /home/isopodin-time/ros2_ws/install/uuv_control_msgs/include/uuv_control_msgs/srv/detail/init_circular_trajectory__builder.hpp
[2.576s] -- Up-to-date: /home/isopodin-time/ros2_ws/install/uuv_control_msgs/include/uuv_control_msgs/srv/detail/switch_to_automatic__builder.hpp
[2.576s] -- Up-to-date: /home/isopodin-time/ros2_ws/install/uuv_control_msgs/include/uuv_control_msgs/srv/detail/switch_to_automatic__type_support.hpp
[2.577s] -- Up-to-date: /home/isopodin-time/ros2_ws/install/uuv_control_msgs/include/uuv_control_msgs/srv/detail/get_waypoints__type_support.hpp
[2.578s] -- Up-to-date: /home/isopodin-time/ros2_ws/install/uuv_control_msgs/include/uuv_control_msgs/srv/detail/init_rect_trajectory__traits.hpp
[2.578s] -- Up-to-date: /home/isopodin-time/ros2_ws/install/uuv_control_msgs/include/uuv_control_msgs/srv/detail/init_waypoints_from_file__struct.hpp
[2.579s] -- Up-to-date: /home/isopodin-time/ros2_ws/install/uuv_control_msgs/include/uuv_control_msgs/srv/detail/hold__traits.hpp
[2.580s] -- Up-to-date: /home/isopodin-time/ros2_ws/install/uuv_control_msgs/include/uuv_control_msgs/srv/detail/start_trajectory__traits.hpp
[2.581s] -- Up-to-date: /home/isopodin-time/ros2_ws/install/uuv_control_msgs/include/uuv_control_msgs/srv/detail/clear_waypoints__builder.hpp
[2.582s] -- Up-to-date: /home/isopodin-time/ros2_ws/install/uuv_control_msgs/include/uuv_control_msgs/srv/detail/set_sm_controller_params__builder.hpp
[2.583s] -- Up-to-date: /home/isopodin-time/ros2_ws/install/uuv_control_msgs/include/uuv_control_msgs/srv/detail/clear_waypoints__struct.hpp
[2.583s] -- Up-to-date: /home/isopodin-time/ros2_ws/install/uuv_control_msgs/include/uuv_control_msgs/srv/detail/switch_to_automatic__traits.hpp
[2.583s] -- Up-to-date: /home/isopodin-time/ros2_ws/install/uuv_control_msgs/include/uuv_control_msgs/srv/detail/get_sm_controller_params__traits.hpp
[2.583s] -- Up-to-date: /home/isopodin-time/ros2_ws/install/uuv_control_msgs/include/uuv_control_msgs/srv/detail/switch_to_manual__type_support.hpp
[2.584s] -- Up-to-date: /home/isopodin-time/ros2_ws/install/uuv_control_msgs/include/uuv_control_msgs/srv/detail/add_waypoint__builder.hpp
[2.584s] -- Up-to-date: /home/isopodin-time/ros2_ws/install/uuv_control_msgs/include/uuv_control_msgs/srv/detail/get_mbsm_controller_params__builder.hpp
[2.584s] -- Up-to-date: /home/isopodin-time/ros2_ws/install/uuv_control_msgs/include/uuv_control_msgs/srv/detail/reset_controller__builder.hpp
[2.585s] -- Up-to-date: /home/isopodin-time/ros2_ws/install/uuv_control_msgs/include/uuv_control_msgs/srv/detail/start_trajectory__builder.hpp
[2.585s] -- Up-to-date: /home/isopodin-time/ros2_ws/install/uuv_control_msgs/include/uuv_control_msgs/srv/detail/go_to_incremental__type_support.hpp
[2.586s] -- Up-to-date: /home/isopodin-time/ros2_ws/install/uuv_control_msgs/include/uuv_control_msgs/srv/detail/set_mbsm_controller_params__type_support.hpp
[2.587s] -- Up-to-date: /home/isopodin-time/ros2_ws/install/uuv_control_msgs/include/uuv_control_msgs/srv/detail/go_to__builder.hpp
[2.588s] -- Up-to-date: /home/isopodin-time/ros2_ws/install/uuv_control_msgs/include/uuv_control_msgs/srv/detail/start_trajectory__type_support.hpp
[2.588s] -- Up-to-date: /home/isopodin-time/ros2_ws/install/uuv_control_msgs/include/uuv_control_msgs/srv/detail/set_mbsm_controller_params__builder.hpp
[2.588s] -- Up-to-date: /home/isopodin-time/ros2_ws/install/uuv_control_msgs/include/uuv_control_msgs/srv/detail/hold__builder.hpp
[2.588s] -- Up-to-date: /home/isopodin-time/ros2_ws/install/uuv_control_msgs/include/uuv_control_msgs/srv/detail/get_mbsm_controller_params__struct.hpp
[2.588s] -- Up-to-date: /home/isopodin-time/ros2_ws/install/uuv_control_msgs/include/uuv_control_msgs/srv/detail/init_rect_trajectory__struct.hpp
[2.588s] -- Up-to-date: /home/isopodin-time/ros2_ws/install/uuv_control_msgs/include/uuv_control_msgs/srv/detail/clear_waypoints__traits.hpp
[2.588s] -- Up-to-date: /home/isopodin-time/ros2_ws/install/uuv_control_msgs/include/uuv_control_msgs/srv/detail/is_running_trajectory__type_support.hpp
[2.589s] -- Up-to-date: /home/isopodin-time/ros2_ws/install/uuv_control_msgs/include/uuv_control_msgs/srv/init_helical_trajectory.hpp
[2.589s] -- Up-to-date: /home/isopodin-time/ros2_ws/install/uuv_control_msgs/include/uuv_control_msgs/srv/switch_to_manual.hpp
[2.589s] -- Up-to-date: /home/isopodin-time/ros2_ws/install/uuv_control_msgs/include/uuv_control_msgs/srv/init_circular_trajectory.hpp
[2.589s] -- Up-to-date: /home/isopodin-time/ros2_ws/install/uuv_control_msgs/include/uuv_control_msgs/srv/reset_controller.hpp
[2.589s] -- Up-to-date: /home/isopodin-time/ros2_ws/install/uuv_control_msgs/include/uuv_control_msgs/srv/switch_to_automatic.hpp
[2.589s] -- Up-to-date: /home/isopodin-time/ros2_ws/install/uuv_control_msgs/include/uuv_control_msgs/srv/go_to.hpp
[2.589s] -- Up-to-date: /home/isopodin-time/ros2_ws/install/uuv_control_msgs/include/uuv_control_msgs/srv/get_sm_controller_params.hpp
[2.589s] -- Up-to-date: /home/isopodin-time/ros2_ws/install/uuv_control_msgs/include/uuv_control_msgs/srv/is_running_trajectory.hpp
[2.589s] -- Up-to-date: /home/isopodin-time/ros2_ws/install/uuv_control_msgs/include/uuv_control_msgs/srv/get_pid_params.hpp
[2.590s] -- Up-to-date: /home/isopodin-time/ros2_ws/install/uuv_control_msgs/include/uuv_control_msgs/srv/add_waypoint.hpp
[2.590s] -- Up-to-date: /home/isopodin-time/ros2_ws/install/uuv_control_msgs/include/uuv_control_msgs/srv/init_waypoint_set.hpp
[2.590s] -- Up-to-date: /home/isopodin-time/ros2_ws/install/uuv_control_msgs/include/uuv_control_msgs/srv/start_trajectory.hpp
[2.590s] -- Up-to-date: /home/isopodin-time/ros2_ws/install/uuv_control_msgs/include/uuv_control_msgs/srv/go_to_incremental.hpp
[2.590s] -- Up-to-date: /home/isopodin-time/ros2_ws/install/uuv_control_msgs/include/uuv_control_msgs
[2.590s] -- Up-to-date: /home/isopodin-time/ros2_ws/install/uuv_control_msgs/include/uuv_control_msgs/msg
[2.590s] -- Up-to-date: /home/isopodin-time/ros2_ws/install/uuv_control_msgs/include/uuv_control_msgs/msg/detail
[2.590s] -- Up-to-date: /home/isopodin-time/ros2_ws/install/uuv_control_msgs/include/uuv_control_msgs/msg/detail/trajectory_point__rosidl_typesupport_introspection_cpp.hpp
[2.591s] -- Up-to-date: /home/isopodin-time/ros2_ws/install/uuv_control_msgs/include/uuv_control_msgs/msg/detail/trajectory__type_support.cpp
[2.591s] -- Up-to-date: /home/isopodin-time/ros2_ws/install/uuv_control_msgs/include/uuv_control_msgs/msg/detail/waypoint_set__rosidl_typesupport_introspection_cpp.hpp
[2.591s] -- Up-to-date: /home/isopodin-time/ros2_ws/install/uuv_control_msgs/include/uuv_control_msgs/msg/detail/waypoint__rosidl_typesupport_introspection_cpp.hpp
[2.591s] -- Up-to-date: /home/isopodin-time/ros2_ws/install/uuv_control_msgs/include/uuv_control_msgs/msg/detail/waypoint__type_support.cpp
[2.591s] -- Up-to-date: /home/isopodin-time/ros2_ws/install/uuv_control_msgs/include/uuv_control_msgs/msg/detail/trajectory_point__type_support.cpp
[2.591s] -- Up-to-date: /home/isopodin-time/ros2_ws/install/uuv_control_msgs/include/uuv_control_msgs/msg/detail/waypoint_set__type_support.cpp
[2.591s] -- Up-to-date: /home/isopodin-time/ros2_ws/install/uuv_control_msgs/include/uuv_control_msgs/msg/detail/trajectory__rosidl_typesupport_introspection_cpp.hpp
[2.591s] -- Up-to-date: /home/isopodin-time/ros2_ws/install/uuv_control_msgs/include/uuv_control_msgs/srv
[2.592s] -- Up-to-date: /home/isopodin-time/ros2_ws/install/uuv_control_msgs/include/uuv_control_msgs/srv/detail
[2.592s] -- Up-to-date: /home/isopodin-time/ros2_ws/install/uuv_control_msgs/include/uuv_control_msgs/srv/detail/hold__type_support.cpp
[2.592s] -- Up-to-date: /home/isopodin-time/ros2_ws/install/uuv_control_msgs/include/uuv_control_msgs/srv/detail/add_waypoint__rosidl_typesupport_introspection_cpp.hpp
[2.592s] -- Up-to-date: /home/isopodin-time/ros2_ws/install/uuv_control_msgs/include/uuv_control_msgs/srv/detail/reset_controller__type_support.cpp
[2.592s] -- Up-to-date: /home/isopodin-time/ros2_ws/install/uuv_control_msgs/include/uuv_control_msgs/srv/detail/go_to_incremental__rosidl_typesupport_introspection_cpp.hpp
[2.592s] -- Up-to-date: /home/isopodin-time/ros2_ws/install/uuv_control_msgs/include/uuv_control_msgs/srv/detail/set_pid_params__rosidl_typesupport_introspection_cpp.hpp
[2.592s] -- Up-to-date: /home/isopodin-time/ros2_ws/install/uuv_control_msgs/include/uuv_control_msgs/srv/detail/add_waypoint__type_support.cpp
[2.592s] -- Up-to-date: /home/isopodin-time/ros2_ws/install/uuv_control_msgs/include/uuv_control_msgs/srv/detail/set_pid_params__type_support.cpp
[2.593s] -- Up-to-date: /home/isopodin-time/ros2_ws/install/uuv_control_msgs/include/uuv_control_msgs/srv/detail/switch_to_automatic__rosidl_typesupport_introspection_cpp.hpp
[2.593s] -- Up-to-date: /home/isopodin-time/ros2_ws/install/uuv_control_msgs/include/uuv_control_msgs/srv/detail/get_mbsm_controller_params__type_support.cpp
[2.593s] -- Up-to-date: /home/isopodin-time/ros2_ws/install/uuv_control_msgs/include/uuv_control_msgs/srv/detail/get_pid_params__rosidl_typesupport_introspection_cpp.hpp
[2.593s] -- Up-to-date: /home/isopodin-time/ros2_ws/install/uuv_control_msgs/include/uuv_control_msgs/srv/detail/get_pid_params__type_support.cpp
[2.593s] -- Up-to-date: /home/isopodin-time/ros2_ws/install/uuv_control_msgs/include/uuv_control_msgs/srv/detail/set_mbsm_controller_params__rosidl_typesupport_introspection_cpp.hpp
[2.597s] -- Up-to-date: /home/isopodin-time/ros2_ws/install/uuv_control_msgs/include/uuv_control_msgs/srv/detail/init_circular_trajectory__rosidl_typesupport_introspection_cpp.hpp
[2.597s] -- Up-to-date: /home/isopodin-time/ros2_ws/install/uuv_control_msgs/include/uuv_control_msgs/srv/detail/init_rect_trajectory__rosidl_typesupport_introspection_cpp.hpp
[2.598s] -- Up-to-date: /home/isopodin-time/ros2_ws/install/uuv_control_msgs/include/uuv_control_msgs/srv/detail/start_trajectory__rosidl_typesupport_introspection_cpp.hpp
[2.598s] -- Up-to-date: /home/isopodin-time/ros2_ws/install/uuv_control_msgs/include/uuv_control_msgs/srv/detail/init_helical_trajectory__rosidl_typesupport_introspection_cpp.hpp
[2.598s] -- Up-to-date: /home/isopodin-time/ros2_ws/install/uuv_control_msgs/include/uuv_control_msgs/srv/detail/get_sm_controller_params__rosidl_typesupport_introspection_cpp.hpp
[2.598s] -- Up-to-date: /home/isopodin-time/ros2_ws/install/uuv_control_msgs/include/uuv_control_msgs/srv/detail/go_to__type_support.cpp
[2.599s] -- Up-to-date: /home/isopodin-time/ros2_ws/install/uuv_control_msgs/include/uuv_control_msgs/srv/detail/get_waypoints__type_support.cpp
[2.599s] -- Up-to-date: /home/isopodin-time/ros2_ws/install/uuv_control_msgs/include/uuv_control_msgs/srv/detail/go_to__rosidl_typesupport_introspection_cpp.hpp
[2.599s] -- Up-to-date: /home/isopodin-time/ros2_ws/install/uuv_control_msgs/include/uuv_control_msgs/srv/detail/set_sm_controller_params__rosidl_typesupport_introspection_cpp.hpp
[2.599s] -- Up-to-date: /home/isopodin-time/ros2_ws/install/uuv_control_msgs/include/uuv_control_msgs/srv/detail/init_waypoint_set__rosidl_typesupport_introspection_cpp.hpp
[2.599s] -- Up-to-date: /home/isopodin-time/ros2_ws/install/uuv_control_msgs/include/uuv_control_msgs/srv/detail/go_to_incremental__type_support.cpp
[2.599s] -- Up-to-date: /home/isopodin-time/ros2_ws/install/uuv_control_msgs/include/uuv_control_msgs/srv/detail/switch_to_automatic__type_support.cpp
[2.604s] -- Up-to-date: /home/isopodin-time/ros2_ws/install/uuv_control_msgs/include/uuv_control_msgs/srv/detail/switch_to_manual__rosidl_typesupport_introspection_cpp.hpp
[2.605s] -- Up-to-date: /home/isopodin-time/ros2_ws/install/uuv_control_msgs/include/uuv_control_msgs/srv/detail/init_rect_trajectory__type_support.cpp
[2.605s] -- Up-to-date: /home/isopodin-time/ros2_ws/install/uuv_control_msgs/include/uuv_control_msgs/srv/detail/init_waypoint_set__type_support.cpp
[2.606s] -- Up-to-date: /home/isopodin-time/ros2_ws/install/uuv_control_msgs/include/uuv_control_msgs/srv/detail/init_helical_trajectory__type_support.cpp
[2.606s] -- Up-to-date: /home/isopodin-time/ros2_ws/install/uuv_control_msgs/include/uuv_control_msgs/srv/detail/init_waypoints_from_file__rosidl_typesupport_introspection_cpp.hpp
[2.606s] -- Up-to-date: /home/isopodin-time/ros2_ws/install/uuv_control_msgs/include/uuv_control_msgs/srv/detail/init_circular_trajectory__type_support.cpp
[2.606s] -- Up-to-date: /home/isopodin-time/ros2_ws/install/uuv_control_msgs/include/uuv_control_msgs/srv/detail/clear_waypoints__rosidl_typesupport_introspection_cpp.hpp
[2.606s] -- Up-to-date: /home/isopodin-time/ros2_ws/install/uuv_control_msgs/include/uuv_control_msgs/srv/detail/get_mbsm_controller_params__rosidl_typesupport_introspection_cpp.hpp
[2.606s] -- Up-to-date: /home/isopodin-time/ros2_ws/install/uuv_control_msgs/include/uuv_control_msgs/srv/detail/init_waypoints_from_file__type_support.cpp
[2.607s] -- Up-to-date: /home/isopodin-time/ros2_ws/install/uuv_control_msgs/include/uuv_control_msgs/srv/detail/get_sm_controller_params__type_support.cpp
[2.607s] -- Up-to-date: /home/isopodin-time/ros2_ws/install/uuv_control_msgs/include/uuv_control_msgs/srv/detail/set_mbsm_controller_params__type_support.cpp
[2.607s] -- Up-to-date: /home/isopodin-time/ros2_ws/install/uuv_control_msgs/include/uuv_control_msgs/srv/detail/set_sm_controller_params__type_support.cpp
[2.607s] -- Up-to-date: /home/isopodin-time/ros2_ws/install/uuv_control_msgs/include/uuv_control_msgs/srv/detail/is_running_trajectory__rosidl_typesupport_introspection_cpp.hpp
[2.607s] -- Up-to-date: /home/isopodin-time/ros2_ws/install/uuv_control_msgs/include/uuv_control_msgs/srv/detail/start_trajectory__type_support.cpp
[2.608s] -- Up-to-date: /home/isopodin-time/ros2_ws/install/uuv_control_msgs/include/uuv_control_msgs/srv/detail/get_waypoints__rosidl_typesupport_introspection_cpp.hpp
[2.608s] -- Up-to-date: /home/isopodin-time/ros2_ws/install/uuv_control_msgs/include/uuv_control_msgs/srv/detail/is_running_trajectory__type_support.cpp
[2.608s] -- Up-to-date: /home/isopodin-time/ros2_ws/install/uuv_control_msgs/include/uuv_control_msgs/srv/detail/switch_to_manual__type_support.cpp
[2.608s] -- Up-to-date: /home/isopodin-time/ros2_ws/install/uuv_control_msgs/include/uuv_control_msgs/srv/detail/reset_controller__rosidl_typesupport_introspection_cpp.hpp
[2.608s] -- Up-to-date: /home/isopodin-time/ros2_ws/install/uuv_control_msgs/include/uuv_control_msgs/srv/detail/hold__rosidl_typesupport_introspection_cpp.hpp
[2.608s] -- Up-to-date: /home/isopodin-time/ros2_ws/install/uuv_control_msgs/include/uuv_control_msgs/srv/detail/clear_waypoints__type_support.cpp
[2.609s] -- Up-to-date: /home/isopodin-time/ros2_ws/install/uuv_control_msgs/lib/libuuv_control_msgs__rosidl_typesupport_introspection_cpp.so
[2.609s] -- Up-to-date: /home/isopodin-time/ros2_ws/install/uuv_control_msgs/lib/libuuv_control_msgs__rosidl_typesupport_cpp.so
[2.609s] -- Up-to-date: /home/isopodin-time/ros2_ws/install/uuv_control_msgs/share/uuv_control_msgs/environment/pythonpath.sh
[2.609s] -- Up-to-date: /home/isopodin-time/ros2_ws/install/uuv_control_msgs/share/uuv_control_msgs/environment/pythonpath.dsv
[2.609s] -- Up-to-date: /home/isopodin-time/ros2_ws/install/uuv_control_msgs/lib/python3.8/site-packages/uuv_control_msgs/__init__.py
[2.634s] -- Up-to-date: /home/isopodin-time/ros2_ws/install/uuv_control_msgs/lib/python3.8/site-packages/uuv_control_msgs/msg
[2.635s] -- Up-to-date: /home/isopodin-time/ros2_ws/install/uuv_control_msgs/lib/python3.8/site-packages/uuv_control_msgs/msg/_waypoint_s.c
[2.635s] -- Up-to-date: /home/isopodin-time/ros2_ws/install/uuv_control_msgs/lib/python3.8/site-packages/uuv_control_msgs/msg/_waypoint_set_s.c
[2.635s] -- Up-to-date: /home/isopodin-time/ros2_ws/install/uuv_control_msgs/lib/python3.8/site-packages/uuv_control_msgs/msg/_trajectory_point_s.c
[2.635s] -- Up-to-date: /home/isopodin-time/ros2_ws/install/uuv_control_msgs/lib/python3.8/site-packages/uuv_control_msgs/msg/__init__.py
[2.636s] -- Up-to-date: /home/isopodin-time/ros2_ws/install/uuv_control_msgs/lib/python3.8/site-packages/uuv_control_msgs/msg/_trajectory_point.py
[2.636s] -- Up-to-date: /home/isopodin-time/ros2_ws/install/uuv_control_msgs/lib/python3.8/site-packages/uuv_control_msgs/msg/_trajectory.py
[2.636s] -- Up-to-date: /home/isopodin-time/ros2_ws/install/uuv_control_msgs/lib/python3.8/site-packages/uuv_control_msgs/msg/_waypoint.py
[2.636s] -- Up-to-date: /home/isopodin-time/ros2_ws/install/uuv_control_msgs/lib/python3.8/site-packages/uuv_control_msgs/msg/_waypoint_set.py
[2.636s] -- Up-to-date: /home/isopodin-time/ros2_ws/install/uuv_control_msgs/lib/python3.8/site-packages/uuv_control_msgs/msg/_trajectory_s.c
[2.637s] -- Up-to-date: /home/isopodin-time/ros2_ws/install/uuv_control_msgs/lib/python3.8/site-packages/uuv_control_msgs/srv
[2.637s] -- Up-to-date: /home/isopodin-time/ros2_ws/install/uuv_control_msgs/lib/python3.8/site-packages/uuv_control_msgs/srv/_init_waypoints_from_file.py
[2.637s] -- Up-to-date: /home/isopodin-time/ros2_ws/install/uuv_control_msgs/lib/python3.8/site-packages/uuv_control_msgs/srv/_get_pid_params.py
[2.638s] -- Up-to-date: /home/isopodin-time/ros2_ws/install/uuv_control_msgs/lib/python3.8/site-packages/uuv_control_msgs/srv/_set_sm_controller_params_s.c
[2.650s] -- Up-to-date: /home/isopodin-time/ros2_ws/install/uuv_control_msgs/lib/python3.8/site-packages/uuv_control_msgs/srv/_switch_to_automatic_s.c
[2.651s] -- Up-to-date: /home/isopodin-time/ros2_ws/install/uuv_control_msgs/lib/python3.8/site-packages/uuv_control_msgs/srv/_get_pid_params_s.c
[2.651s] -- Up-to-date: /home/isopodin-time/ros2_ws/install/uuv_control_msgs/lib/python3.8/site-packages/uuv_control_msgs/srv/_go_to.py
[2.651s] -- Up-to-date: /home/isopodin-time/ros2_ws/install/uuv_control_msgs/lib/python3.8/site-packages/uuv_control_msgs/srv/_init_waypoints_from_file_s.c
[2.651s] -- Up-to-date: /home/isopodin-time/ros2_ws/install/uuv_control_msgs/lib/python3.8/site-packages/uuv_control_msgs/srv/_switch_to_manual.py
[2.652s] -- Up-to-date: /home/isopodin-time/ros2_ws/install/uuv_control_msgs/lib/python3.8/site-packages/uuv_control_msgs/srv/_go_to_incremental_s.c
[2.652s] -- Up-to-date: /home/isopodin-time/ros2_ws/install/uuv_control_msgs/lib/python3.8/site-packages/uuv_control_msgs/srv/__init__.py
[2.652s] -- Up-to-date: /home/isopodin-time/ros2_ws/install/uuv_control_msgs/lib/python3.8/site-packages/uuv_control_msgs/srv/_get_mbsm_controller_params.py
[2.652s] -- Up-to-date: /home/isopodin-time/ros2_ws/install/uuv_control_msgs/lib/python3.8/site-packages/uuv_control_msgs/srv/_set_sm_controller_params.py
[2.652s] -- Up-to-date: /home/isopodin-time/ros2_ws/install/uuv_control_msgs/lib/python3.8/site-packages/uuv_control_msgs/srv/_add_waypoint_s.c
[2.652s] -- Up-to-date: /home/isopodin-time/ros2_ws/install/uuv_control_msgs/lib/python3.8/site-packages/uuv_control_msgs/srv/_set_pid_params_s.c
[2.653s] -- Up-to-date: /home/isopodin-time/ros2_ws/install/uuv_control_msgs/lib/python3.8/site-packages/uuv_control_msgs/srv/_hold_s.c
[2.653s] -- Up-to-date: /home/isopodin-time/ros2_ws/install/uuv_control_msgs/lib/python3.8/site-packages/uuv_control_msgs/srv/_go_to_s.c
[2.653s] -- Up-to-date: /home/isopodin-time/ros2_ws/install/uuv_control_msgs/lib/python3.8/site-packages/uuv_control_msgs/srv/_get_waypoints.py
[2.653s] -- Up-to-date: /home/isopodin-time/ros2_ws/install/uuv_control_msgs/lib/python3.8/site-packages/uuv_control_msgs/srv/_get_sm_controller_params_s.c
[2.654s] -- Up-to-date: /home/isopodin-time/ros2_ws/install/uuv_control_msgs/lib/python3.8/site-packages/uuv_control_msgs/srv/_get_waypoints_s.c
[2.655s] -- Up-to-date: /home/isopodin-time/ros2_ws/install/uuv_control_msgs/lib/python3.8/site-packages/uuv_control_msgs/srv/_init_rect_trajectory.py
[2.655s] -- Up-to-date: /home/isopodin-time/ros2_ws/install/uuv_control_msgs/lib/python3.8/site-packages/uuv_control_msgs/srv/_clear_waypoints.py
[2.655s] -- Up-to-date: /home/isopodin-time/ros2_ws/install/uuv_control_msgs/lib/python3.8/site-packages/uuv_control_msgs/srv/_is_running_trajectory.py
[2.655s] -- Up-to-date: /home/isopodin-time/ros2_ws/install/uuv_control_msgs/lib/python3.8/site-packages/uuv_control_msgs/srv/_get_mbsm_controller_params_s.c
[2.655s] -- Up-to-date: /home/isopodin-time/ros2_ws/install/uuv_control_msgs/lib/python3.8/site-packages/uuv_control_msgs/srv/_init_waypoint_set.py
[2.655s] -- Up-to-date: /home/isopodin-time/ros2_ws/install/uuv_control_msgs/lib/python3.8/site-packages/uuv_control_msgs/srv/_init_circular_trajectory.py
[2.655s] -- Up-to-date: /home/isopodin-time/ros2_ws/install/uuv_control_msgs/lib/python3.8/site-packages/uuv_control_msgs/srv/_reset_controller.py
[2.656s] -- Up-to-date: /home/isopodin-time/ros2_ws/install/uuv_control_msgs/lib/python3.8/site-packages/uuv_control_msgs/srv/_go_to_incremental.py
[2.656s] -- Up-to-date: /home/isopodin-time/ros2_ws/install/uuv_control_msgs/lib/python3.8/site-packages/uuv_control_msgs/srv/_init_circular_trajectory_s.c
[2.656s] -- Up-to-date: /home/isopodin-time/ros2_ws/install/uuv_control_msgs/lib/python3.8/site-packages/uuv_control_msgs/srv/_clear_waypoints_s.c
[2.656s] -- Up-to-date: /home/isopodin-time/ros2_ws/install/uuv_control_msgs/lib/python3.8/site-packages/uuv_control_msgs/srv/_start_trajectory.py
[2.656s] -- Up-to-date: /home/isopodin-time/ros2_ws/install/uuv_control_msgs/lib/python3.8/site-packages/uuv_control_msgs/srv/_switch_to_manual_s.c
[2.657s] -- Up-to-date: /home/isopodin-time/ros2_ws/install/uuv_control_msgs/lib/python3.8/site-packages/uuv_control_msgs/srv/_start_trajectory_s.c
[2.657s] -- Up-to-date: /home/isopodin-time/ros2_ws/install/uuv_control_msgs/lib/python3.8/site-packages/uuv_control_msgs/srv/_reset_controller_s.c
[2.657s] -- Up-to-date: /home/isopodin-time/ros2_ws/install/uuv_control_msgs/lib/python3.8/site-packages/uuv_control_msgs/srv/_is_running_trajectory_s.c
[2.657s] -- Up-to-date: /home/isopodin-time/ros2_ws/install/uuv_control_msgs/lib/python3.8/site-packages/uuv_control_msgs/srv/_hold.py
[2.657s] -- Up-to-date: /home/isopodin-time/ros2_ws/install/uuv_control_msgs/lib/python3.8/site-packages/uuv_control_msgs/srv/_init_helical_trajectory_s.c
[2.657s] -- Up-to-date: /home/isopodin-time/ros2_ws/install/uuv_control_msgs/lib/python3.8/site-packages/uuv_control_msgs/srv/_set_pid_params.py
[2.658s] -- Up-to-date: /home/isopodin-time/ros2_ws/install/uuv_control_msgs/lib/python3.8/site-packages/uuv_control_msgs/srv/_get_sm_controller_params.py
[2.658s] -- Up-to-date: /home/isopodin-time/ros2_ws/install/uuv_control_msgs/lib/python3.8/site-packages/uuv_control_msgs/srv/_init_waypoint_set_s.c
[2.658s] -- Up-to-date: /home/isopodin-time/ros2_ws/install/uuv_control_msgs/lib/python3.8/site-packages/uuv_control_msgs/srv/_set_mbsm_controller_params_s.c
[2.659s] -- Up-to-date: /home/isopodin-time/ros2_ws/install/uuv_control_msgs/lib/python3.8/site-packages/uuv_control_msgs/srv/_switch_to_automatic.py
[2.659s] -- Up-to-date: /home/isopodin-time/ros2_ws/install/uuv_control_msgs/lib/python3.8/site-packages/uuv_control_msgs/srv/_init_helical_trajectory.py
[2.659s] -- Up-to-date: /home/isopodin-time/ros2_ws/install/uuv_control_msgs/lib/python3.8/site-packages/uuv_control_msgs/srv/_add_waypoint.py
[2.659s] -- Up-to-date: /home/isopodin-time/ros2_ws/install/uuv_control_msgs/lib/python3.8/site-packages/uuv_control_msgs/srv/_init_rect_trajectory_s.c
[2.659s] -- Up-to-date: /home/isopodin-time/ros2_ws/install/uuv_control_msgs/lib/python3.8/site-packages/uuv_control_msgs/srv/_set_mbsm_controller_params.py
[2.660s] -- Up-to-date: /home/isopodin-time/ros2_ws/install/uuv_control_msgs/lib/python3.8/site-packages/uuv_control_msgs/uuv_control_msgs_s__rosidl_typesupport_fastrtps_c.cpython-38-x86_64-linux-gnu.so
[2.660s] -- Up-to-date: /home/isopodin-time/ros2_ws/install/uuv_control_msgs/lib/python3.8/site-packages/uuv_control_msgs/uuv_control_msgs_s__rosidl_typesupport_introspection_c.cpython-38-x86_64-linux-gnu.so
[2.660s] -- Up-to-date: /home/isopodin-time/ros2_ws/install/uuv_control_msgs/lib/python3.8/site-packages/uuv_control_msgs/uuv_control_msgs_s__rosidl_typesupport_c.cpython-38-x86_64-linux-gnu.so
[2.660s] -- Up-to-date: /home/isopodin-time/ros2_ws/install/uuv_control_msgs/lib/libuuv_control_msgs__python.so
[2.660s] -- Up-to-date: /home/isopodin-time/ros2_ws/install/uuv_control_msgs/share/uuv_control_msgs/msg/Trajectory.idl
[2.661s] -- Up-to-date: /home/isopodin-time/ros2_ws/install/uuv_control_msgs/share/uuv_control_msgs/msg/TrajectoryPoint.idl
[2.661s] -- Up-to-date: /home/isopodin-time/ros2_ws/install/uuv_control_msgs/share/uuv_control_msgs/msg/Waypoint.idl
[2.662s] -- Up-to-date: /home/isopodin-time/ros2_ws/install/uuv_control_msgs/share/uuv_control_msgs/msg/WaypointSet.idl
[2.662s] -- Up-to-date: /home/isopodin-time/ros2_ws/install/uuv_control_msgs/share/uuv_control_msgs/srv/AddWaypoint.idl
[2.662s] -- Up-to-date: /home/isopodin-time/ros2_ws/install/uuv_control_msgs/share/uuv_control_msgs/srv/ClearWaypoints.idl
[2.663s] -- Up-to-date: /home/isopodin-time/ros2_ws/install/uuv_control_msgs/share/uuv_control_msgs/srv/InitCircularTrajectory.idl
[2.664s] -- Up-to-date: /home/isopodin-time/ros2_ws/install/uuv_control_msgs/share/uuv_control_msgs/srv/InitHelicalTrajectory.idl
[2.664s] -- Up-to-date: /home/isopodin-time/ros2_ws/install/uuv_control_msgs/share/uuv_control_msgs/srv/InitWaypointsFromFile.idl
[2.664s] -- Up-to-date: /home/isopodin-time/ros2_ws/install/uuv_control_msgs/share/uuv_control_msgs/srv/GetWaypoints.idl
[2.664s] -- Up-to-date: /home/isopodin-time/ros2_ws/install/uuv_control_msgs/share/uuv_control_msgs/srv/GoTo.idl
[2.665s] -- Up-to-date: /home/isopodin-time/ros2_ws/install/uuv_control_msgs/share/uuv_control_msgs/srv/GoToIncremental.idl
[2.665s] -- Up-to-date: /home/isopodin-time/ros2_ws/install/uuv_control_msgs/share/uuv_control_msgs/srv/Hold.idl
[2.665s] -- Up-to-date: /home/isopodin-time/ros2_ws/install/uuv_control_msgs/share/uuv_control_msgs/srv/IsRunningTrajectory.idl
[2.665s] -- Up-to-date: /home/isopodin-time/ros2_ws/install/uuv_control_msgs/share/uuv_control_msgs/srv/InitWaypointSet.idl
[2.666s] -- Up-to-date: /home/isopodin-time/ros2_ws/install/uuv_control_msgs/share/uuv_control_msgs/srv/InitRectTrajectory.idl
[2.666s] -- Up-to-date: /home/isopodin-time/ros2_ws/install/uuv_control_msgs/share/uuv_control_msgs/srv/StartTrajectory.idl
[2.666s] -- Up-to-date: /home/isopodin-time/ros2_ws/install/uuv_control_msgs/share/uuv_control_msgs/srv/SwitchToAutomatic.idl
[2.667s] -- Up-to-date: /home/isopodin-time/ros2_ws/install/uuv_control_msgs/share/uuv_control_msgs/srv/SwitchToManual.idl
[2.668s] -- Up-to-date: /home/isopodin-time/ros2_ws/install/uuv_control_msgs/share/uuv_control_msgs/srv/SetPIDParams.idl
[2.669s] -- Up-to-date: /home/isopodin-time/ros2_ws/install/uuv_control_msgs/share/uuv_control_msgs/srv/GetPIDParams.idl
[2.669s] -- Up-to-date: /home/isopodin-time/ros2_ws/install/uuv_control_msgs/share/uuv_control_msgs/srv/SetSMControllerParams.idl
[2.672s] -- Up-to-date: /home/isopodin-time/ros2_ws/install/uuv_control_msgs/share/uuv_control_msgs/srv/GetSMControllerParams.idl
[2.675s] -- Up-to-date: /home/isopodin-time/ros2_ws/install/uuv_control_msgs/share/uuv_control_msgs/srv/SetMBSMControllerParams.idl
[2.678s] -- Up-to-date: /home/isopodin-time/ros2_ws/install/uuv_control_msgs/share/uuv_control_msgs/srv/GetMBSMControllerParams.idl
[2.678s] -- Up-to-date: /home/isopodin-time/ros2_ws/install/uuv_control_msgs/share/uuv_control_msgs/srv/ResetController.idl
[2.679s] -- Up-to-date: /home/isopodin-time/ros2_ws/install/uuv_control_msgs/share/uuv_control_msgs/msg/Trajectory.msg
[2.679s] -- Up-to-date: /home/isopodin-time/ros2_ws/install/uuv_control_msgs/share/uuv_control_msgs/msg/TrajectoryPoint.msg
[2.680s] -- Up-to-date: /home/isopodin-time/ros2_ws/install/uuv_control_msgs/share/uuv_control_msgs/msg/Waypoint.msg
[2.680s] -- Up-to-date: /home/isopodin-time/ros2_ws/install/uuv_control_msgs/share/uuv_control_msgs/msg/WaypointSet.msg
[2.680s] -- Up-to-date: /home/isopodin-time/ros2_ws/install/uuv_control_msgs/share/uuv_control_msgs/srv/AddWaypoint.srv
[2.680s] -- Up-to-date: /home/isopodin-time/ros2_ws/install/uuv_control_msgs/share/uuv_control_msgs/srv/AddWaypoint_Request.msg
[2.681s] -- Up-to-date: /home/isopodin-time/ros2_ws/install/uuv_control_msgs/share/uuv_control_msgs/srv/AddWaypoint_Response.msg
[2.683s] -- Up-to-date: /home/isopodin-time/ros2_ws/install/uuv_control_msgs/share/uuv_control_msgs/srv/ClearWaypoints.srv
[2.684s] -- Up-to-date: /home/isopodin-time/ros2_ws/install/uuv_control_msgs/share/uuv_control_msgs/srv/ClearWaypoints_Request.msg
[2.685s] -- Up-to-date: /home/isopodin-time/ros2_ws/install/uuv_control_msgs/share/uuv_control_msgs/srv/ClearWaypoints_Response.msg
[2.685s] -- Up-to-date: /home/isopodin-time/ros2_ws/install/uuv_control_msgs/share/uuv_control_msgs/srv/InitCircularTrajectory.srv
[2.690s] -- Up-to-date: /home/isopodin-time/ros2_ws/install/uuv_control_msgs/share/uuv_control_msgs/srv/InitCircularTrajectory_Request.msg
[2.691s] -- Up-to-date: /home/isopodin-time/ros2_ws/install/uuv_control_msgs/share/uuv_control_msgs/srv/InitCircularTrajectory_Response.msg
[2.691s] -- Up-to-date: /home/isopodin-time/ros2_ws/install/uuv_control_msgs/share/uuv_control_msgs/srv/InitHelicalTrajectory.srv
[2.691s] -- Up-to-date: /home/isopodin-time/ros2_ws/install/uuv_control_msgs/share/uuv_control_msgs/srv/InitHelicalTrajectory_Request.msg
[2.692s] -- Up-to-date: /home/isopodin-time/ros2_ws/install/uuv_control_msgs/share/uuv_control_msgs/srv/InitHelicalTrajectory_Response.msg
[2.692s] -- Up-to-date: /home/isopodin-time/ros2_ws/install/uuv_control_msgs/share/uuv_control_msgs/srv/InitWaypointsFromFile.srv
[2.693s] -- Up-to-date: /home/isopodin-time/ros2_ws/install/uuv_control_msgs/share/uuv_control_msgs/srv/InitWaypointsFromFile_Request.msg
[2.693s] -- Up-to-date: /home/isopodin-time/ros2_ws/install/uuv_control_msgs/share/uuv_control_msgs/srv/InitWaypointsFromFile_Response.msg
[2.693s] -- Up-to-date: /home/isopodin-time/ros2_ws/install/uuv_control_msgs/share/uuv_control_msgs/srv/GetWaypoints.srv
[2.693s] -- Up-to-date: /home/isopodin-time/ros2_ws/install/uuv_control_msgs/share/uuv_control_msgs/srv/GetWaypoints_Request.msg
[2.693s] -- Up-to-date: /home/isopodin-time/ros2_ws/install/uuv_control_msgs/share/uuv_control_msgs/srv/GetWaypoints_Response.msg
[2.697s] -- Up-to-date: /home/isopodin-time/ros2_ws/install/uuv_control_msgs/share/uuv_control_msgs/srv/GoTo.srv
[2.710s] -- Up-to-date: /home/isopodin-time/ros2_ws/install/uuv_control_msgs/share/uuv_control_msgs/srv/GoTo_Request.msg
[2.716s] -- Up-to-date: /home/isopodin-time/ros2_ws/install/uuv_control_msgs/share/uuv_control_msgs/srv/GoTo_Response.msg
[2.717s] -- Up-to-date: /home/isopodin-time/ros2_ws/install/uuv_control_msgs/share/uuv_control_msgs/srv/GoToIncremental.srv
[2.717s] -- Up-to-date: /home/isopodin-time/ros2_ws/install/uuv_control_msgs/share/uuv_control_msgs/srv/GoToIncremental_Request.msg
[2.718s] -- Up-to-date: /home/isopodin-time/ros2_ws/install/uuv_control_msgs/share/uuv_control_msgs/srv/GoToIncremental_Response.msg
[2.718s] -- Up-to-date: /home/isopodin-time/ros2_ws/install/uuv_control_msgs/share/uuv_control_msgs/srv/Hold.srv
[2.718s] -- Up-to-date: /home/isopodin-time/ros2_ws/install/uuv_control_msgs/share/uuv_control_msgs/srv/Hold_Request.msg
[2.719s] -- Up-to-date: /home/isopodin-time/ros2_ws/install/uuv_control_msgs/share/uuv_control_msgs/srv/Hold_Response.msg
[2.719s] -- Up-to-date: /home/isopodin-time/ros2_ws/install/uuv_control_msgs/share/uuv_control_msgs/srv/IsRunningTrajectory.srv
[2.720s] -- Up-to-date: /home/isopodin-time/ros2_ws/install/uuv_control_msgs/share/uuv_control_msgs/srv/IsRunningTrajectory_Request.msg
[2.720s] -- Up-to-date: /home/isopodin-time/ros2_ws/install/uuv_control_msgs/share/uuv_control_msgs/srv/IsRunningTrajectory_Response.msg
[2.720s] -- Up-to-date: /home/isopodin-time/ros2_ws/install/uuv_control_msgs/share/uuv_control_msgs/srv/InitWaypointSet.srv
[2.720s] -- Up-to-date: /home/isopodin-time/ros2_ws/install/uuv_control_msgs/share/uuv_control_msgs/srv/InitWaypointSet_Request.msg
[2.720s] -- Up-to-date: /home/isopodin-time/ros2_ws/install/uuv_control_msgs/share/uuv_control_msgs/srv/InitWaypointSet_Response.msg
[2.720s] -- Up-to-date: /home/isopodin-time/ros2_ws/install/uuv_control_msgs/share/uuv_control_msgs/srv/InitRectTrajectory.srv
[2.720s] -- Up-to-date: /home/isopodin-time/ros2_ws/install/uuv_control_msgs/share/uuv_control_msgs/srv/InitRectTrajectory_Request.msg
[2.720s] -- Up-to-date: /home/isopodin-time/ros2_ws/install/uuv_control_msgs/share/uuv_control_msgs/srv/InitRectTrajectory_Response.msg
[2.721s] -- Up-to-date: /home/isopodin-time/ros2_ws/install/uuv_control_msgs/share/uuv_control_msgs/srv/StartTrajectory.srv
[2.721s] -- Up-to-date: /home/isopodin-time/ros2_ws/install/uuv_control_msgs/share/uuv_control_msgs/srv/StartTrajectory_Request.msg
[2.721s] -- Up-to-date: /home/isopodin-time/ros2_ws/install/uuv_control_msgs/share/uuv_control_msgs/srv/StartTrajectory_Response.msg
[2.722s] -- Up-to-date: /home/isopodin-time/ros2_ws/install/uuv_control_msgs/share/uuv_control_msgs/srv/SwitchToAutomatic.srv
[2.723s] -- Up-to-date: /home/isopodin-time/ros2_ws/install/uuv_control_msgs/share/uuv_control_msgs/srv/SwitchToAutomatic_Request.msg
[2.723s] -- Up-to-date: /home/isopodin-time/ros2_ws/install/uuv_control_msgs/share/uuv_control_msgs/srv/SwitchToAutomatic_Response.msg
[2.724s] -- Up-to-date: /home/isopodin-time/ros2_ws/install/uuv_control_msgs/share/uuv_control_msgs/srv/SwitchToManual.srv
[2.724s] -- Up-to-date: /home/isopodin-time/ros2_ws/install/uuv_control_msgs/share/uuv_control_msgs/srv/SwitchToManual_Request.msg
[2.725s] -- Up-to-date: /home/isopodin-time/ros2_ws/install/uuv_control_msgs/share/uuv_control_msgs/srv/SwitchToManual_Response.msg
[2.725s] -- Up-to-date: /home/isopodin-time/ros2_ws/install/uuv_control_msgs/share/uuv_control_msgs/srv/SetPIDParams.srv
[2.725s] -- Up-to-date: /home/isopodin-time/ros2_ws/install/uuv_control_msgs/share/uuv_control_msgs/srv/SetPIDParams_Request.msg
[2.726s] -- Up-to-date: /home/isopodin-time/ros2_ws/install/uuv_control_msgs/share/uuv_control_msgs/srv/SetPIDParams_Response.msg
[2.726s] -- Up-to-date: /home/isopodin-time/ros2_ws/install/uuv_control_msgs/share/uuv_control_msgs/srv/GetPIDParams.srv
[2.727s] -- Up-to-date: /home/isopodin-time/ros2_ws/install/uuv_control_msgs/share/uuv_control_msgs/srv/GetPIDParams_Request.msg
[2.727s] -- Up-to-date: /home/isopodin-time/ros2_ws/install/uuv_control_msgs/share/uuv_control_msgs/srv/GetPIDParams_Response.msg
[2.727s] -- Up-to-date: /home/isopodin-time/ros2_ws/install/uuv_control_msgs/share/uuv_control_msgs/srv/SetSMControllerParams.srv
[2.727s] -- Up-to-date: /home/isopodin-time/ros2_ws/install/uuv_control_msgs/share/uuv_control_msgs/srv/SetSMControllerParams_Request.msg
[2.727s] -- Up-to-date: /home/isopodin-time/ros2_ws/install/uuv_control_msgs/share/uuv_control_msgs/srv/SetSMControllerParams_Response.msg
[2.728s] -- Up-to-date: /home/isopodin-time/ros2_ws/install/uuv_control_msgs/share/uuv_control_msgs/srv/GetSMControllerParams.srv
[2.728s] -- Up-to-date: /home/isopodin-time/ros2_ws/install/uuv_control_msgs/share/uuv_control_msgs/srv/GetSMControllerParams_Request.msg
[2.728s] -- Up-to-date: /home/isopodin-time/ros2_ws/install/uuv_control_msgs/share/uuv_control_msgs/srv/GetSMControllerParams_Response.msg
[2.729s] -- Up-to-date: /home/isopodin-time/ros2_ws/install/uuv_control_msgs/share/uuv_control_msgs/srv/SetMBSMControllerParams.srv
[2.729s] -- Up-to-date: /home/isopodin-time/ros2_ws/install/uuv_control_msgs/share/uuv_control_msgs/srv/SetMBSMControllerParams_Request.msg
[2.729s] -- Up-to-date: /home/isopodin-time/ros2_ws/install/uuv_control_msgs/share/uuv_control_msgs/srv/SetMBSMControllerParams_Response.msg
[2.730s] -- Up-to-date: /home/isopodin-time/ros2_ws/install/uuv_control_msgs/share/uuv_control_msgs/srv/GetMBSMControllerParams.srv
[2.730s] -- Up-to-date: /home/isopodin-time/ros2_ws/install/uuv_control_msgs/share/uuv_control_msgs/srv/GetMBSMControllerParams_Request.msg
[2.730s] -- Up-to-date: /home/isopodin-time/ros2_ws/install/uuv_control_msgs/share/uuv_control_msgs/srv/GetMBSMControllerParams_Response.msg
[2.731s] -- Up-to-date: /home/isopodin-time/ros2_ws/install/uuv_control_msgs/share/uuv_control_msgs/srv/ResetController.srv
[2.731s] -- Up-to-date: /home/isopodin-time/ros2_ws/install/uuv_control_msgs/share/uuv_control_msgs/srv/ResetController_Request.msg
[2.731s] -- Up-to-date: /home/isopodin-time/ros2_ws/install/uuv_control_msgs/share/uuv_control_msgs/srv/ResetController_Response.msg
[2.731s] -- Up-to-date: /home/isopodin-time/ros2_ws/install/uuv_control_msgs/share/ament_index/resource_index/package_run_dependencies/uuv_control_msgs
[2.731s] -- Up-to-date: /home/isopodin-time/ros2_ws/install/uuv_control_msgs/share/ament_index/resource_index/parent_prefix_path/uuv_control_msgs
[2.731s] -- Up-to-date: /home/isopodin-time/ros2_ws/install/uuv_control_msgs/share/uuv_control_msgs/environment/ament_prefix_path.sh
[2.732s] -- Up-to-date: /home/isopodin-time/ros2_ws/install/uuv_control_msgs/share/uuv_control_msgs/environment/ament_prefix_path.dsv
[2.732s] -- Up-to-date: /home/isopodin-time/ros2_ws/install/uuv_control_msgs/share/uuv_control_msgs/environment/path.sh
[2.732s] -- Up-to-date: /home/isopodin-time/ros2_ws/install/uuv_control_msgs/share/uuv_control_msgs/environment/path.dsv
[2.732s] -- Up-to-date: /home/isopodin-time/ros2_ws/install/uuv_control_msgs/share/uuv_control_msgs/local_setup.bash
[2.732s] -- Up-to-date: /home/isopodin-time/ros2_ws/install/uuv_control_msgs/share/uuv_control_msgs/local_setup.sh
[2.732s] -- Up-to-date: /home/isopodin-time/ros2_ws/install/uuv_control_msgs/share/uuv_control_msgs/local_setup.zsh
[2.732s] -- Up-to-date: /home/isopodin-time/ros2_ws/install/uuv_control_msgs/share/uuv_control_msgs/local_setup.dsv
[2.732s] -- Installing: /home/isopodin-time/ros2_ws/install/uuv_control_msgs/share/uuv_control_msgs/package.dsv
[2.732s] -- Up-to-date: /home/isopodin-time/ros2_ws/install/uuv_control_msgs/share/ament_index/resource_index/packages/uuv_control_msgs
[2.733s] -- Up-to-date: /home/isopodin-time/ros2_ws/install/uuv_control_msgs/share/uuv_control_msgs/cmake/uuv_control_msgs__rosidl_generator_cExport.cmake
[2.733s] -- Up-to-date: /home/isopodin-time/ros2_ws/install/uuv_control_msgs/share/uuv_control_msgs/cmake/uuv_control_msgs__rosidl_generator_cExport-noconfig.cmake
[2.733s] -- Up-to-date: /home/isopodin-time/ros2_ws/install/uuv_control_msgs/share/uuv_control_msgs/cmake/uuv_control_msgs__rosidl_typesupport_introspection_cExport.cmake
[2.733s] -- Up-to-date: /home/isopodin-time/ros2_ws/install/uuv_control_msgs/share/uuv_control_msgs/cmake/uuv_control_msgs__rosidl_typesupport_introspection_cExport-noconfig.cmake
[2.733s] -- Up-to-date: /home/isopodin-time/ros2_ws/install/uuv_control_msgs/share/uuv_control_msgs/cmake/uuv_control_msgs__rosidl_typesupport_cExport.cmake
[2.733s] -- Up-to-date: /home/isopodin-time/ros2_ws/install/uuv_control_msgs/share/uuv_control_msgs/cmake/uuv_control_msgs__rosidl_typesupport_cExport-noconfig.cmake
[2.733s] -- Up-to-date: /home/isopodin-time/ros2_ws/install/uuv_control_msgs/share/uuv_control_msgs/cmake/uuv_control_msgs__rosidl_generator_cppExport.cmake
[2.733s] -- Up-to-date: /home/isopodin-time/ros2_ws/install/uuv_control_msgs/share/uuv_control_msgs/cmake/uuv_control_msgs__rosidl_typesupport_introspection_cppExport.cmake
[2.734s] -- Up-to-date: /home/isopodin-time/ros2_ws/install/uuv_control_msgs/share/uuv_control_msgs/cmake/uuv_control_msgs__rosidl_typesupport_introspection_cppExport-noconfig.cmake
[2.734s] -- Up-to-date: /home/isopodin-time/ros2_ws/install/uuv_control_msgs/share/uuv_control_msgs/cmake/uuv_control_msgs__rosidl_typesupport_cppExport.cmake
[2.734s] -- Up-to-date: /home/isopodin-time/ros2_ws/install/uuv_control_msgs/share/uuv_control_msgs/cmake/uuv_control_msgs__rosidl_typesupport_cppExport-noconfig.cmake
[2.734s] -- Up-to-date: /home/isopodin-time/ros2_ws/install/uuv_control_msgs/share/uuv_control_msgs/cmake/rosidl_cmake-extras.cmake
[2.734s] -- Up-to-date: /home/isopodin-time/ros2_ws/install/uuv_control_msgs/share/uuv_control_msgs/cmake/ament_cmake_export_dependencies-extras.cmake
[2.734s] -- Up-to-date: /home/isopodin-time/ros2_ws/install/uuv_control_msgs/share/uuv_control_msgs/cmake/ament_cmake_export_libraries-extras.cmake
[2.734s] -- Up-to-date: /home/isopodin-time/ros2_ws/install/uuv_control_msgs/share/uuv_control_msgs/cmake/ament_cmake_export_targets-extras.cmake
[2.734s] -- Up-to-date: /home/isopodin-time/ros2_ws/install/uuv_control_msgs/share/uuv_control_msgs/cmake/ament_cmake_export_include_directories-extras.cmake
[2.734s] -- Up-to-date: /home/isopodin-time/ros2_ws/install/uuv_control_msgs/share/uuv_control_msgs/cmake/rosidl_cmake_export_typesupport_libraries-extras.cmake
[2.735s] -- Up-to-date: /home/isopodin-time/ros2_ws/install/uuv_control_msgs/share/uuv_control_msgs/cmake/rosidl_cmake_export_typesupport_targets-extras.cmake
[2.735s] -- Up-to-date: /home/isopodin-time/ros2_ws/install/uuv_control_msgs/share/uuv_control_msgs/cmake/uuv_control_msgsConfig.cmake
[2.735s] -- Up-to-date: /home/isopodin-time/ros2_ws/install/uuv_control_msgs/share/uuv_control_msgs/cmake/uuv_control_msgsConfig-version.cmake
[2.735s] -- Up-to-date: /home/isopodin-time/ros2_ws/install/uuv_control_msgs/share/uuv_control_msgs/package.xml
[2.818s] Invoked command in '/home/isopodin-time/ros2_ws/build/uuv_control_msgs' returned '0': CMAKE_PREFIX_PATH=${CMAKE_PREFIX_PATH}:/opt/ros/foxy /usr/bin/cmake --install /home/isopodin-time/ros2_ws/build/uuv_control_msgs
