[0.253s] Invoking command in '/home/isopodin-time/ros2_ws/build/uuv_tutorial_seabed_world': CMAKE_PREFIX_PATH=${CMAKE_PREFIX_PATH}:/opt/ros/foxy /usr/bin/cmake --build /home/isopodin-time/ros2_ws/build/uuv_tutorial_seabed_world -- -j8 -l8
[0.468s] Invoked command in '/home/isopodin-time/ros2_ws/build/uuv_tutorial_seabed_world' returned '0': CMAKE_PREFIX_PATH=${CMAKE_PREFIX_PATH}:/opt/ros/foxy /usr/bin/cmake --build /home/isopodin-time/ros2_ws/build/uuv_tutorial_seabed_world -- -j8 -l8
[0.913s] Invoking command in '/home/isopodin-time/ros2_ws/build/uuv_tutorial_seabed_world': CMAKE_PREFIX_PATH=${CMAKE_PREFIX_PATH}:/opt/ros/foxy /usr/bin/cmake --install /home/isopodin-time/ros2_ws/build/uuv_tutorial_seabed_world
[1.059s] -- Install configuration: ""
[1.059s] -- Up-to-date: /home/isopodin-time/ros2_ws/install/uuv_tutorial_seabed_world/share/uuv_tutorial_seabed_world/launch
[1.059s] -- Up-to-date: /home/isopodin-time/ros2_ws/install/uuv_tutorial_seabed_world/share/uuv_tutorial_seabed_world/launch/tutorial_seabed_world.launch
[1.059s] -- Up-to-date: /home/isopodin-time/ros2_ws/install/uuv_tutorial_seabed_world/share/uuv_tutorial_seabed_world/worlds
[1.060s] -- Up-to-date: /home/isopodin-time/ros2_ws/install/uuv_tutorial_seabed_world/share/uuv_tutorial_seabed_world/worlds/example_underwater.world
[1.060s] -- Up-to-date: /home/isopodin-time/ros2_ws/install/uuv_tutorial_seabed_world/share/uuv_tutorial_seabed_world/models
[1.060s] -- Up-to-date: /home/isopodin-time/ros2_ws/install/uuv_tutorial_seabed_world/share/uuv_tutorial_seabed_world/models/tutorial_seabed
[1.060s] -- Up-to-date: /home/isopodin-time/ros2_ws/install/uuv_tutorial_seabed_world/share/uuv_tutorial_seabed_world/models/tutorial_seabed/model.sdf
[1.066s] -- Up-to-date: /home/isopodin-time/ros2_ws/install/uuv_tutorial_seabed_world/share/uuv_tutorial_seabed_world/models/tutorial_seabed/model.config
[1.067s] -- Up-to-date: /home/isopodin-time/ros2_ws/install/uuv_tutorial_seabed_world/share/uuv_tutorial_seabed_world/models/tutorial_seabed/meshes
[1.067s] -- Up-to-date: /home/isopodin-time/ros2_ws/install/uuv_tutorial_seabed_world/share/uuv_tutorial_seabed_world/models/tutorial_seabed/meshes/seabed.stl
[1.067s] -- Up-to-date: /home/isopodin-time/ros2_ws/install/uuv_tutorial_seabed_world/share/ament_index/resource_index/package_run_dependencies/uuv_tutorial_seabed_world
[1.068s] -- Up-to-date: /home/isopodin-time/ros2_ws/install/uuv_tutorial_seabed_world/share/ament_index/resource_index/parent_prefix_path/uuv_tutorial_seabed_world
[1.068s] -- Up-to-date: /home/isopodin-time/ros2_ws/install/uuv_tutorial_seabed_world/share/uuv_tutorial_seabed_world/environment/ament_prefix_path.sh
[1.068s] -- Up-to-date: /home/isopodin-time/ros2_ws/install/uuv_tutorial_seabed_world/share/uuv_tutorial_seabed_world/environment/ament_prefix_path.dsv
[1.068s] -- Up-to-date: /home/isopodin-time/ros2_ws/install/uuv_tutorial_seabed_world/share/uuv_tutorial_seabed_world/environment/path.sh
[1.068s] -- Up-to-date: /home/isopodin-time/ros2_ws/install/uuv_tutorial_seabed_world/share/uuv_tutorial_seabed_world/environment/path.dsv
[1.068s] -- Up-to-date: /home/isopodin-time/ros2_ws/install/uuv_tutorial_seabed_world/share/uuv_tutorial_seabed_world/local_setup.bash
[1.069s] -- Up-to-date: /home/isopodin-time/ros2_ws/install/uuv_tutorial_seabed_world/share/uuv_tutorial_seabed_world/local_setup.sh
[1.069s] -- Up-to-date: /home/isopodin-time/ros2_ws/install/uuv_tutorial_seabed_world/share/uuv_tutorial_seabed_world/local_setup.zsh
[1.076s] -- Up-to-date: /home/isopodin-time/ros2_ws/install/uuv_tutorial_seabed_world/share/uuv_tutorial_seabed_world/local_setup.dsv
[1.076s] -- Installing: /home/isopodin-time/ros2_ws/install/uuv_tutorial_seabed_world/share/uuv_tutorial_seabed_world/package.dsv
[1.076s] -- Up-to-date: /home/isopodin-time/ros2_ws/install/uuv_tutorial_seabed_world/share/ament_index/resource_index/packages/uuv_tutorial_seabed_world
[1.076s] -- Up-to-date: /home/isopodin-time/ros2_ws/install/uuv_tutorial_seabed_world/share/uuv_tutorial_seabed_world/cmake/uuv_tutorial_seabed_worldConfig.cmake
[1.077s] -- Up-to-date: /home/isopodin-time/ros2_ws/install/uuv_tutorial_seabed_world/share/uuv_tutorial_seabed_world/cmake/uuv_tutorial_seabed_worldConfig-version.cmake
[1.077s] -- Up-to-date: /home/isopodin-time/ros2_ws/install/uuv_tutorial_seabed_world/share/uuv_tutorial_seabed_world/package.xml
[1.092s] Invoked command in '/home/isopodin-time/ros2_ws/build/uuv_tutorial_seabed_world' returned '0': CMAKE_PREFIX_PATH=${CMAKE_PREFIX_PATH}:/opt/ros/foxy /usr/bin/cmake --install /home/isopodin-time/ros2_ws/build/uuv_tutorial_seabed_world
