[0.063s] Invoking command in '/home/isopodin-time/ros2_ws/build/muuv_sim_control': CMAKE_PREFIX_PATH=${CMAKE_PREFIX_PATH}:/opt/ros/foxy /usr/bin/cmake --build /home/isopodin-time/ros2_ws/build/muuv_sim_control -- -j8 -l8
[0.107s] -- Found ament_cmake: 0.9.12 (/opt/ros/foxy/share/ament_cmake/cmake)
[0.140s] -- Using PYTHON_EXECUTABLE: /usr/bin/python3
[0.369s] -- Found ament_lint_auto: 0.9.8 (/opt/ros/foxy/share/ament_lint_auto/cmake)
[0.453s] -- Added test 'copyright' to check source files copyright and LICENSE
[0.455s] -- Added test 'lint_cmake' to check CMake code style
[0.456s] -- Added test 'xmllint' to check XML markup files
[0.457s] -- Configuring done
[0.460s] -- Generating done
[0.464s] -- Build files have been written to: /home/isopodin-time/ros2_ws/build/muuv_sim_control
[0.492s] Invoked command in '/home/isopodin-time/ros2_ws/build/muuv_sim_control' returned '0': CMAKE_PREFIX_PATH=${CMAKE_PREFIX_PATH}:/opt/ros/foxy /usr/bin/cmake --build /home/isopodin-time/ros2_ws/build/muuv_sim_control -- -j8 -l8
[0.522s] Invoking command in '/home/isopodin-time/ros2_ws/build/muuv_sim_control': CMAKE_PREFIX_PATH=${CMAKE_PREFIX_PATH}:/opt/ros/foxy /usr/bin/cmake --install /home/isopodin-time/ros2_ws/build/muuv_sim_control
[0.533s] -- Install configuration: ""
[0.533s] -- Installing: /home/isopodin-time/ros2_ws/install/muuv_sim_control/share/muuv_sim_control/config
[0.534s] -- Installing: /home/isopodin-time/ros2_ws/install/muuv_sim_control/share/muuv_sim_control/config/thruster_manager.yaml
[0.534s] -- Installing: /home/isopodin-time/ros2_ws/install/muuv_sim_control/share/muuv_sim_control/launch
[0.534s] -- Installing: /home/isopodin-time/ros2_ws/install/muuv_sim_control/share/muuv_sim_control/launch/start_thruster_manager.launch
[0.534s] -- Up-to-date: /home/isopodin-time/ros2_ws/install/muuv_sim_control/share/ament_index/resource_index/package_run_dependencies/muuv_sim_control
[0.535s] -- Up-to-date: /home/isopodin-time/ros2_ws/install/muuv_sim_control/share/ament_index/resource_index/parent_prefix_path/muuv_sim_control
[0.535s] -- Up-to-date: /home/isopodin-time/ros2_ws/install/muuv_sim_control/share/muuv_sim_control/environment/ament_prefix_path.sh
[0.535s] -- Installing: /home/isopodin-time/ros2_ws/install/muuv_sim_control/share/muuv_sim_control/environment/ament_prefix_path.dsv
[0.535s] -- Up-to-date: /home/isopodin-time/ros2_ws/install/muuv_sim_control/share/muuv_sim_control/environment/path.sh
[0.535s] -- Installing: /home/isopodin-time/ros2_ws/install/muuv_sim_control/share/muuv_sim_control/environment/path.dsv
[0.536s] -- Up-to-date: /home/isopodin-time/ros2_ws/install/muuv_sim_control/share/muuv_sim_control/local_setup.bash
[0.536s] -- Up-to-date: /home/isopodin-time/ros2_ws/install/muuv_sim_control/share/muuv_sim_control/local_setup.sh
[0.536s] -- Up-to-date: /home/isopodin-time/ros2_ws/install/muuv_sim_control/share/muuv_sim_control/local_setup.zsh
[0.536s] -- Installing: /home/isopodin-time/ros2_ws/install/muuv_sim_control/share/muuv_sim_control/local_setup.dsv
[0.536s] -- Installing: /home/isopodin-time/ros2_ws/install/muuv_sim_control/share/muuv_sim_control/package.dsv
[0.536s] -- Up-to-date: /home/isopodin-time/ros2_ws/install/muuv_sim_control/share/ament_index/resource_index/packages/muuv_sim_control
[0.536s] -- Up-to-date: /home/isopodin-time/ros2_ws/install/muuv_sim_control/share/muuv_sim_control/cmake/muuv_sim_controlConfig.cmake
[0.536s] -- Up-to-date: /home/isopodin-time/ros2_ws/install/muuv_sim_control/share/muuv_sim_control/cmake/muuv_sim_controlConfig-version.cmake
[0.536s] -- Up-to-date: /home/isopodin-time/ros2_ws/install/muuv_sim_control/share/muuv_sim_control/package.xml
[0.544s] Invoked command in '/home/isopodin-time/ros2_ws/build/muuv_sim_control' returned '0': CMAKE_PREFIX_PATH=${CMAKE_PREFIX_PATH}:/opt/ros/foxy /usr/bin/cmake --install /home/isopodin-time/ros2_ws/build/muuv_sim_control
