[0.451s] Invoking command in '/home/isopodin-time/ros2_ws/build/muuv_ros': CMAKE_PREFIX_PATH=${CMAKE_PREFIX_PATH}:/opt/ros/foxy LD_LIBRARY_PATH=/home/isopodin-time/ros2_ws/install/custom_msg_srv/lib:/home/isopodin-time/ros2_ws/install/pid_component/lib:/home/isopodin-time/ros2_ws/install/uuv_world_ros_plugins/lib:/home/isopodin-time/ros2_ws/install/uuv_world_ros_plugins_msgs/lib:/home/isopodin-time/ros2_ws/install/uuv_world_plugins/lib:/home/isopodin-time/ros2_ws/install/uuv_thruster_manager/lib:/home/isopodin-time/ros2_ws/install/uuv_sensor_ros_plugins/lib:/home/isopodin-time/ros2_ws/install/uuv_sensor_ros_plugins_msgs/lib:/home/isopodin-time/ros2_ws/install/uuv_gazebo_ros_plugins/lib:/home/isopodin-time/ros2_ws/install/uuv_gazebo_ros_plugins_msgs/lib:/home/isopodin-time/ros2_ws/install/uuv_gazebo_plugins/lib:/home/isopodin-time/ros2_ws/install/uuv_control_msgs/lib:/home/isopodin-time/ros2_ws/install/uuv_auv_control_allocator/lib:/usr/lib/x86_64-linux-gnu/gazebo-11/plugins:/opt/ros/foxy/opt/yaml_cpp_vendor/lib:/opt/ros/foxy/opt/rviz_ogre_vendor/lib:/opt/ros/foxy/lib/x86_64-linux-gnu:/opt/ros/foxy/lib:/usr/lib/x86_64-linux-gnu/gazebo-11/plugins:/usr/lib/x86_64-linux-gnu/gazebo-11/plugins:/usr/lib/x86_64-linux-gnu/gazebo-11/plugins:/usr/lib/x86_64-linux-gnu/gazebo-11/plugins:/usr/lib/x86_64-linux-gnu/gazebo-11/plugins:/usr/lib/x86_64-linux-gnu/gazebo-11/plugins:/usr/lib/x86_64-linux-gnu/gazebo-11/plugins:/usr/lib/x86_64-linux-gnu/gazebo-11/plugins:/usr/lib/x86_64-linux-gnu/gazebo-11/plugins:/usr/lib/x86_64-linux-gnu/gazebo-11/plugins:/usr/lib/x86_64-linux-gnu/gazebo-11/plugins:/usr/lib/x86_64-linux-gnu/gazebo-11/plugins:/usr/lib/x86_64-linux-gnu/gazebo-11/plugins:/usr/lib/x86_64-linux-gnu/gazebo-11/plugins:/usr/lib/x86_64-linux-gnu/gazebo-11/plugins /usr/bin/cmake --build /home/isopodin-time/ros2_ws/build/muuv_ros -- -j8 -l8
[0.545s] [35m[1mScanning dependencies of target pid_recombiner[0m
[0.587s] [ 44%] Built target sensors
[0.587s] [ 77%] Built target thrusters
[0.624s] [ 88%] [32mBuilding CXX object CMakeFiles/pid_recombiner.dir/src/muuv_ros/pid_recombiner.cpp.o[0m
[3.441s] In file included from [01m[K/opt/ros/foxy/include/message_filters/sync_policies/approximate_time.h:52[m[K,
[3.442s]                  from [01m[K/home/isopodin-time/ros2_ws/src/muuv_ros/src/muuv_ros/pid_recombiner.cpp:11[m[K:
[3.442s] /opt/ros/foxy/include/message_filters/signal9.h: In instantiation of ‘[01m[Kmessage_filters::Connection message_filters::Signal9<M0, M1, M2, M3, M4, M5, M6, M7, M8>::addCallback(C&) [with C = const std::_Bind<void (Pid_recombiner::*(Pid_recombiner*, std::_Placeholder<1>, std::_Placeholder<2>, std::_Placeholder<3>, std::_Placeholder<4>, std::_Placeholder<5>, std::_Placeholder<6>))(std::shared_ptr<custom_msg_srv::msg::Float64Stamped_<std::allocator<void> > >, std::shared_ptr<custom_msg_srv::msg::Float64Stamped_<std::allocator<void> > >, std::shared_ptr<custom_msg_srv::msg::Float64Stamped_<std::allocator<void> > >, std::shared_ptr<custom_msg_srv::msg::Float64Stamped_<std::allocator<void> > >, std::shared_ptr<custom_msg_srv::msg::Float64Stamped_<std::allocator<void> > >, std::shared_ptr<custom_msg_srv::msg::Float64Stamped_<std::allocator<void> > >) const>; M0 = custom_msg_srv::msg::Float64Stamped_<std::allocator<void> >; M1 = custom_msg_srv::msg::Float64Stamped_<std::allocator<void> >; M2 = custom_msg_srv::msg::Float64Stamped_<std::allocator<void> >; M3 = custom_msg_srv::msg::Float64Stamped_<std::allocator<void> >; M4 = custom_msg_srv::msg::Float64Stamped_<std::allocator<void> >; M5 = custom_msg_srv::msg::Float64Stamped_<std::allocator<void> >; M6 = message_filters::NullType; M7 = message_filters::NullType; M8 = message_filters::NullType][m[K’:
[3.443s] [01m[K/opt/ros/foxy/include/message_filters/synchronizer.h:298:40:[m[K   required from ‘[01m[Kmessage_filters::Connection message_filters::Synchronizer<Policy>::registerCallback(const C&) [with C = std::_Bind<void (Pid_recombiner::*(Pid_recombiner*, std::_Placeholder<1>, std::_Placeholder<2>, std::_Placeholder<3>, std::_Placeholder<4>, std::_Placeholder<5>, std::_Placeholder<6>))(std::shared_ptr<custom_msg_srv::msg::Float64Stamped_<std::allocator<void> > >, std::shared_ptr<custom_msg_srv::msg::Float64Stamped_<std::allocator<void> > >, std::shared_ptr<custom_msg_srv::msg::Float64Stamped_<std::allocator<void> > >, std::shared_ptr<custom_msg_srv::msg::Float64Stamped_<std::allocator<void> > >, std::shared_ptr<custom_msg_srv::msg::Float64Stamped_<std::allocator<void> > >, std::shared_ptr<custom_msg_srv::msg::Float64Stamped_<std::allocator<void> > >) const>; Policy = message_filters::sync_policies::ApproximateTime<custom_msg_srv::msg::Float64Stamped_<std::allocator<void> >, custom_msg_srv::msg::Float64Stamped_<std::allocator<void> >, custom_msg_srv::msg::Float64Stamped_<std::allocator<void> >, custom_msg_srv::msg::Float64Stamped_<std::allocator<void> >, custom_msg_srv::msg::Float64Stamped_<std::allocator<void> >, custom_msg_srv::msg::Float64Stamped_<std::allocator<void> > >][m[K’
[3.443s] [01m[K/home/isopodin-time/ros2_ws/src/muuv_ros/src/muuv_ros/pid_recombiner.cpp:49:120:[m[K   required from here
[3.443s] [01m[K/opt/ros/foxy/include/message_filters/signal9.h:280:267:[m[K [01;31m[Kerror: [m[Kno matching function for call to ‘[01m[Kmessage_filters::Signal9<custom_msg_srv::msg::Float64Stamped_<std::allocator<void> >, custom_msg_srv::msg::Float64Stamped_<std::allocator<void> >, custom_msg_srv::msg::Float64Stamped_<std::allocator<void> >, custom_msg_srv::msg::Float64Stamped_<std::allocator<void> >, custom_msg_srv::msg::Float64Stamped_<std::allocator<void> >, custom_msg_srv::msg::Float64Stamped_<std::allocator<void> >, message_filters::NullType, message_filters::NullType, message_filters::NullType>::addCallback<const M0ConstPtr&, const M1ConstPtr&, const M2ConstPtr&, const M3ConstPtr&, const M4ConstPtr&, const M5ConstPtr&, const M6ConstPtr&, const M7ConstPtr&, const M8ConstPtr&>(std::_Bind_helper<false, const std::_Bind<void (Pid_recombiner::*(Pid_recombiner*, std::_Placeholder<1>, std::_Placeholder<2>, std::_Placeholder<3>, std::_Placeholder<4>, std::_Placeholder<5>, std::_Placeholder<6>))(std::shared_ptr<custom_msg_srv::msg::Float64Stamped_<std::allocator<void> > >, std::shared_ptr<custom_msg_srv::msg::Float64Stamped_<std::allocator<void> > >, std::shared_ptr<custom_msg_srv::msg::Float64Stamped_<std::allocator<void> > >, std::shared_ptr<custom_msg_srv::msg::Float64Stamped_<std::allocator<void> > >, std::shared_ptr<custom_msg_srv::msg::Float64Stamped_<std::allocator<void> > >, std::shared_ptr<custom_msg_srv::msg::Float64Stamped_<std::allocator<void> > >) const>&, const std::_Placeholder<1>&, const std::_Placeholder<2>&, const std::_Placeholder<3>&, const std::_Placeholder<4>&, const std::_Placeholder<5>&, const std::_Placeholder<6>&, const std::_Placeholder<7>&, const std::_Placeholder<8>&, const std::_Placeholder<9>&>::type)[m[K’
[3.443s]   280 | ders::_5, std::placeholders::_6, std::placeholders::_7, std::placeholders::_8, std::placeholders::_9)[01;31m[K)[m[K;
[3.443s]       |                                                                                                      [01;31m[K^[m[K
[3.443s] 
[3.443s] In file included from [01m[K/opt/ros/foxy/include/message_filters/sync_policies/approximate_time.h:52[m[K,
[3.443s]                  from [01m[K/home/isopodin-time/ros2_ws/src/muuv_ros/src/muuv_ros/pid_recombiner.cpp:11[m[K:
[3.444s] [01m[K/opt/ros/foxy/include/message_filters/signal9.h:170:14:[m[K [01;36m[Knote: [m[Kcandidate: ‘[01m[Kmessage_filters::Connection message_filters::Signal9<M0, M1, M2, M3, M4, M5, M6, M7, M8>::addCallback(const std::function<void(P0, P1, P2, P3, P4, P5, P6, P7, P8)>&) [with P0 = const std::shared_ptr<const custom_msg_srv::msg::Float64Stamped_<std::allocator<void> > >&; P1 = const std::shared_ptr<const custom_msg_srv::msg::Float64Stamped_<std::allocator<void> > >&; P2 = const std::shared_ptr<const custom_msg_srv::msg::Float64Stamped_<std::allocator<void> > >&; P3 = const std::shared_ptr<const custom_msg_srv::msg::Float64Stamped_<std::allocator<void> > >&; P4 = const std::shared_ptr<const custom_msg_srv::msg::Float64Stamped_<std::allocator<void> > >&; P5 = const std::shared_ptr<const custom_msg_srv::msg::Float64Stamped_<std::allocator<void> > >&; P6 = const std::shared_ptr<const message_filters::NullType>&; P7 = const std::shared_ptr<const message_filters::NullType>&; P8 = const std::shared_ptr<const message_filters::NullType>&; M0 = custom_msg_srv::msg::Float64Stamped_<std::allocator<void> >; M1 = custom_msg_srv::msg::Float64Stamped_<std::allocator<void> >; M2 = custom_msg_srv::msg::Float64Stamped_<std::allocator<void> >; M3 = custom_msg_srv::msg::Float64Stamped_<std::allocator<void> >; M4 = custom_msg_srv::msg::Float64Stamped_<std::allocator<void> >; M5 = custom_msg_srv::msg::Float64Stamped_<std::allocator<void> >; M6 = message_filters::NullType; M7 = message_filters::NullType; M8 = message_filters::NullType][m[K’
[3.444s]   170 |   Connection [01;36m[KaddCallback[m[K(const std::function<void(P0, P1, P2, P3, P4, P5, P6, P7, P8)>& callback)
[3.444s]       |              [01;36m[K^~~~~~~~~~~[m[K
[3.444s] [01m[K/opt/ros/foxy/include/message_filters/signal9.h:170:89:[m[K [01;36m[Knote: [m[K  no known conversion for argument 1 from ‘[01m[Kstd::_Bind_helper<false, const std::_Bind<void (Pid_recombiner::*(Pid_recombiner*, std::_Placeholder<1>, std::_Placeholder<2>, std::_Placeholder<3>, std::_Placeholder<4>, std::_Placeholder<5>, std::_Placeholder<6>))(std::shared_ptr<custom_msg_srv::msg::Float64Stamped_<std::allocator<void> > >, std::shared_ptr<custom_msg_srv::msg::Float64Stamped_<std::allocator<void> > >, std::shared_ptr<custom_msg_srv::msg::Float64Stamped_<std::allocator<void> > >, std::shared_ptr<custom_msg_srv::msg::Float64Stamped_<std::allocator<void> > >, std::shared_ptr<custom_msg_srv::msg::Float64Stamped_<std::allocator<void> > >, std::shared_ptr<custom_msg_srv::msg::Float64Stamped_<std::allocator<void> > >) const>&, const std::_Placeholder<1>&, const std::_Placeholder<2>&, const std::_Placeholder<3>&, const std::_Placeholder<4>&, const std::_Placeholder<5>&, const std::_Placeholder<6>&, const std::_Placeholder<7>&, const std::_Placeholder<8>&, const std::_Placeholder<9>&>::type[m[K’ {aka ‘[01m[Kstd::_Bind<std::_Bind<void (Pid_recombiner::*(Pid_recombiner*, std::_Placeholder<1>, std::_Placeholder<2>, std::_Placeholder<3>, std::_Placeholder<4>, std::_Placeholder<5>, std::_Placeholder<6>))(std::shared_ptr<custom_msg_srv::msg::Float64Stamped_<std::allocator<void> > >, std::shared_ptr<custom_msg_srv::msg::Float64Stamped_<std::allocator<void> > >, std::shared_ptr<custom_msg_srv::msg::Float64Stamped_<std::allocator<void> > >, std::shared_ptr<custom_msg_srv::msg::Float64Stamped_<std::allocator<void> > >, std::shared_ptr<custom_msg_srv::msg::Float64Stamped_<std::allocator<void> > >, std::shared_ptr<custom_msg_srv::msg::Float64Stamped_<std::allocator<void> > >) const>(std::_Placeholder<1>, std::_Placeholder<2>, std::_Placeholder<3>, std::_Placeholder<4>, std::_Placeholder<5>, std::_Placeholder<6>, std::_Placeholder<7>, std::_Placeholder<8>, std::_Placeholder<9>)>[m[K’} to ‘[01m[Kconst std::function<void(const std::shared_ptr<const custom_msg_srv::msg::Float64Stamped_<std::allocator<void> > >&, const std::shared_ptr<const custom_msg_srv::msg::Float64Stamped_<std::allocator<void> > >&, const std::shared_ptr<const custom_msg_srv::msg::Float64Stamped_<std::allocator<void> > >&, const std::shared_ptr<const custom_msg_srv::msg::Float64Stamped_<std::allocator<void> > >&, const std::shared_ptr<const custom_msg_srv::msg::Float64Stamped_<std::allocator<void> > >&, const std::shared_ptr<const custom_msg_srv::msg::Float64Stamped_<std::allocator<void> > >&, const std::shared_ptr<const message_filters::NullType>&, const std::shared_ptr<const message_filters::NullType>&, const std::shared_ptr<const message_filters::NullType>&)>&[m[K’
[3.444s]   170 |   Connection addCallback([01;36m[Kconst std::function<void(P0, P1, P2, P3, P4, P5, P6, P7, P8)>& callback[m[K)
[3.444s]       |                          [01;36m[K~~~~~~~~~~~~~~~~~~~~~~~~~~~~~~~~~~~~~~~~~~~~~~~~~~~~~~~~~~~~~~~^~~~~~~~[m[K
[3.444s] [01m[K/opt/ros/foxy/include/message_filters/signal9.h:180:14:[m[K [01;36m[Knote: [m[Kcandidate: ‘[01m[Ktemplate<class P0, class P1> message_filters::Connection message_filters::Signal9<M0, M1, M2, M3, M4, M5, M6, M7, M8>::addCallback(void (*)(P0, P1)) [with P0 = P0; P1 = P1; M0 = custom_msg_srv::msg::Float64Stamped_<std::allocator<void> >; M1 = custom_msg_srv::msg::Float64Stamped_<std::allocator<void> >; M2 = custom_msg_srv::msg::Float64Stamped_<std::allocator<void> >; M3 = custom_msg_srv::msg::Float64Stamped_<std::allocator<void> >; M4 = custom_msg_srv::msg::Float64Stamped_<std::allocator<void> >; M5 = custom_msg_srv::msg::Float64Stamped_<std::allocator<void> >; M6 = message_filters::NullType; M7 = message_filters::NullType; M8 = message_filters::NullType][m[K’
[3.444s]   180 |   Connection [01;36m[KaddCallback[m[K(void(*callback)(P0, P1))
[3.444s]       |              [01;36m[K^~~~~~~~~~~[m[K
[3.444s] [01m[K/opt/ros/foxy/include/message_filters/signal9.h:180:14:[m[K [01;36m[Knote: [m[K  template argument deduction/substitution failed:
[3.445s] In file included from [01m[K/opt/ros/foxy/include/message_filters/sync_policies/approximate_time.h:52[m[K,
[3.445s]                  from [01m[K/home/isopodin-time/ros2_ws/src/muuv_ros/src/muuv_ros/pid_recombiner.cpp:11[m[K:
[3.445s] [01m[K/opt/ros/foxy/include/message_filters/signal9.h:280:267:[m[K [01;31m[Kerror: [m[Kwrong number of template arguments (9, should be 2)
[3.445s]   280 | ders::_5, std::placeholders::_6, std::placeholders::_7, std::placeholders::_8, std::placeholders::_9)[01;31m[K)[m[K;
[3.445s]       |                                                                                                      [01;31m[K^[m[K
[3.445s] 
[3.445s] In file included from [01m[K/opt/ros/foxy/include/message_filters/sync_policies/approximate_time.h:52[m[K,
[3.445s]                  from [01m[K/home/isopodin-time/ros2_ws/src/muuv_ros/src/muuv_ros/pid_recombiner.cpp:11[m[K:
[3.445s] [01m[K/opt/ros/foxy/include/message_filters/signal9.h:186:14:[m[K [01;36m[Knote: [m[Kcandidate: ‘[01m[Ktemplate<class P0, class P1, class P2> message_filters::Connection message_filters::Signal9<M0, M1, M2, M3, M4, M5, M6, M7, M8>::addCallback(void (*)(P0, P1, P2)) [with P0 = P0; P1 = P1; P2 = P2; M0 = custom_msg_srv::msg::Float64Stamped_<std::allocator<void> >; M1 = custom_msg_srv::msg::Float64Stamped_<std::allocator<void> >; M2 = custom_msg_srv::msg::Float64Stamped_<std::allocator<void> >; M3 = custom_msg_srv::msg::Float64Stamped_<std::allocator<void> >; M4 = custom_msg_srv::msg::Float64Stamped_<std::allocator<void> >; M5 = custom_msg_srv::msg::Float64Stamped_<std::allocator<void> >; M6 = message_filters::NullType; M7 = message_filters::NullType; M8 = message_filters::NullType][m[K’
[3.445s]   186 |   Connection [01;36m[KaddCallback[m[K(void(*callback)(P0, P1, P2))
[3.445s]       |              [01;36m[K^~~~~~~~~~~[m[K
[3.445s] [01m[K/opt/ros/foxy/include/message_filters/signal9.h:186:14:[m[K [01;36m[Knote: [m[K  template argument deduction/substitution failed:
[3.446s] In file included from [01m[K/opt/ros/foxy/include/message_filters/sync_policies/approximate_time.h:52[m[K,
[3.446s]                  from [01m[K/home/isopodin-time/ros2_ws/src/muuv_ros/src/muuv_ros/pid_recombiner.cpp:11[m[K:
[3.446s] [01m[K/opt/ros/foxy/include/message_filters/signal9.h:280:267:[m[K [01;31m[Kerror: [m[Kwrong number of template arguments (9, should be 3)
[3.446s]   280 | ders::_5, std::placeholders::_6, std::placeholders::_7, std::placeholders::_8, std::placeholders::_9)[01;31m[K)[m[K;
[3.446s]       |                                                                                                      [01;31m[K^[m[K
[3.446s] 
[3.446s] In file included from [01m[K/opt/ros/foxy/include/message_filters/sync_policies/approximate_time.h:52[m[K,
[3.446s]                  from [01m[K/home/isopodin-time/ros2_ws/src/muuv_ros/src/muuv_ros/pid_recombiner.cpp:11[m[K:
[3.446s] [01m[K/opt/ros/foxy/include/message_filters/signal9.h:192:14:[m[K [01;36m[Knote: [m[Kcandidate: ‘[01m[Ktemplate<class P0, class P1, class P2, class P3> message_filters::Connection message_filters::Signal9<M0, M1, M2, M3, M4, M5, M6, M7, M8>::addCallback(void (*)(P0, P1, P2, P3)) [with P0 = P0; P1 = P1; P2 = P2; P3 = P3; M0 = custom_msg_srv::msg::Float64Stamped_<std::allocator<void> >; M1 = custom_msg_srv::msg::Float64Stamped_<std::allocator<void> >; M2 = custom_msg_srv::msg::Float64Stamped_<std::allocator<void> >; M3 = custom_msg_srv::msg::Float64Stamped_<std::allocator<void> >; M4 = custom_msg_srv::msg::Float64Stamped_<std::allocator<void> >; M5 = custom_msg_srv::msg::Float64Stamped_<std::allocator<void> >; M6 = message_filters::NullType; M7 = message_filters::NullType; M8 = message_filters::NullType][m[K’
[3.446s]   192 |   Connection [01;36m[KaddCallback[m[K(void(*callback)(P0, P1, P2, P3))
[3.447s]       |              [01;36m[K^~~~~~~~~~~[m[K
[3.447s] [01m[K/opt/ros/foxy/include/message_filters/signal9.h:192:14:[m[K [01;36m[Knote: [m[K  template argument deduction/substitution failed:
[3.447s] In file included from [01m[K/opt/ros/foxy/include/message_filters/sync_policies/approximate_time.h:52[m[K,
[3.447s]                  from [01m[K/home/isopodin-time/ros2_ws/src/muuv_ros/src/muuv_ros/pid_recombiner.cpp:11[m[K:
[3.447s] [01m[K/opt/ros/foxy/include/message_filters/signal9.h:280:267:[m[K [01;31m[Kerror: [m[Kwrong number of template arguments (9, should be 4)
[3.447s]   280 | ders::_5, std::placeholders::_6, std::placeholders::_7, std::placeholders::_8, std::placeholders::_9)[01;31m[K)[m[K;
[3.447s]       |                                                                                                      [01;31m[K^[m[K
[3.447s] 
[3.447s] In file included from [01m[K/opt/ros/foxy/include/message_filters/sync_policies/approximate_time.h:52[m[K,
[3.447s]                  from [01m[K/home/isopodin-time/ros2_ws/src/muuv_ros/src/muuv_ros/pid_recombiner.cpp:11[m[K:
[3.447s] [01m[K/opt/ros/foxy/include/message_filters/signal9.h:198:14:[m[K [01;36m[Knote: [m[Kcandidate: ‘[01m[Ktemplate<class P0, class P1, class P2, class P3, class P4> message_filters::Connection message_filters::Signal9<M0, M1, M2, M3, M4, M5, M6, M7, M8>::addCallback(void (*)(P0, P1, P2, P3, P4)) [with P0 = P0; P1 = P1; P2 = P2; P3 = P3; P4 = P4; M0 = custom_msg_srv::msg::Float64Stamped_<std::allocator<void> >; M1 = custom_msg_srv::msg::Float64Stamped_<std::allocator<void> >; M2 = custom_msg_srv::msg::Float64Stamped_<std::allocator<void> >; M3 = custom_msg_srv::msg::Float64Stamped_<std::allocator<void> >; M4 = custom_msg_srv::msg::Float64Stamped_<std::allocator<void> >; M5 = custom_msg_srv::msg::Float64Stamped_<std::allocator<void> >; M6 = message_filters::NullType; M7 = message_filters::NullType; M8 = message_filters::NullType][m[K’
[3.448s]   198 |   Connection [01;36m[KaddCallback[m[K(void(*callback)(P0, P1, P2, P3, P4))
[3.448s]       |              [01;36m[K^~~~~~~~~~~[m[K
[3.448s] [01m[K/opt/ros/foxy/include/message_filters/signal9.h:198:14:[m[K [01;36m[Knote: [m[K  template argument deduction/substitution failed:
[3.448s] In file included from [01m[K/opt/ros/foxy/include/message_filters/sync_policies/approximate_time.h:52[m[K,
[3.448s]                  from [01m[K/home/isopodin-time/ros2_ws/src/muuv_ros/src/muuv_ros/pid_recombiner.cpp:11[m[K:
[3.448s] [01m[K/opt/ros/foxy/include/message_filters/signal9.h:280:267:[m[K [01;31m[Kerror: [m[Kwrong number of template arguments (9, should be 5)
[3.448s]   280 | ders::_5, std::placeholders::_6, std::placeholders::_7, std::placeholders::_8, std::placeholders::_9)[01;31m[K)[m[K;
[3.448s]       |                                                                                                      [01;31m[K^[m[K
[3.448s] 
[3.448s] In file included from [01m[K/opt/ros/foxy/include/message_filters/sync_policies/approximate_time.h:52[m[K,
[3.448s]                  from [01m[K/home/isopodin-time/ros2_ws/src/muuv_ros/src/muuv_ros/pid_recombiner.cpp:11[m[K:
[3.448s] [01m[K/opt/ros/foxy/include/message_filters/signal9.h:204:14:[m[K [01;36m[Knote: [m[Kcandidate: ‘[01m[Ktemplate<class P0, class P1, class P2, class P3, class P4, class P5> message_filters::Connection message_filters::Signal9<M0, M1, M2, M3, M4, M5, M6, M7, M8>::addCallback(void (*)(P0, P1, P2, P3, P4, P5)) [with P0 = P0; P1 = P1; P2 = P2; P3 = P3; P4 = P4; P5 = P5; M0 = custom_msg_srv::msg::Float64Stamped_<std::allocator<void> >; M1 = custom_msg_srv::msg::Float64Stamped_<std::allocator<void> >; M2 = custom_msg_srv::msg::Float64Stamped_<std::allocator<void> >; M3 = custom_msg_srv::msg::Float64Stamped_<std::allocator<void> >; M4 = custom_msg_srv::msg::Float64Stamped_<std::allocator<void> >; M5 = custom_msg_srv::msg::Float64Stamped_<std::allocator<void> >; M6 = message_filters::NullType; M7 = message_filters::NullType; M8 = message_filters::NullType][m[K’
[3.449s]   204 |   Connection [01;36m[KaddCallback[m[K(void(*callback)(P0, P1, P2, P3, P4, P5))
[3.449s]       |              [01;36m[K^~~~~~~~~~~[m[K
[3.449s] [01m[K/opt/ros/foxy/include/message_filters/signal9.h:204:14:[m[K [01;36m[Knote: [m[K  template argument deduction/substitution failed:
[3.449s] In file included from [01m[K/opt/ros/foxy/include/message_filters/sync_policies/approximate_time.h:52[m[K,
[3.449s]                  from [01m[K/home/isopodin-time/ros2_ws/src/muuv_ros/src/muuv_ros/pid_recombiner.cpp:11[m[K:
[3.449s] [01m[K/opt/ros/foxy/include/message_filters/signal9.h:280:267:[m[K [01;31m[Kerror: [m[Kwrong number of template arguments (9, should be 6)
[3.449s]   280 | ders::_5, std::placeholders::_6, std::placeholders::_7, std::placeholders::_8, std::placeholders::_9)[01;31m[K)[m[K;
[3.449s]       |                                                                                                      [01;31m[K^[m[K
[3.449s] 
[3.449s] In file included from [01m[K/opt/ros/foxy/include/message_filters/sync_policies/approximate_time.h:52[m[K,
[3.449s]                  from [01m[K/home/isopodin-time/ros2_ws/src/muuv_ros/src/muuv_ros/pid_recombiner.cpp:11[m[K:
[3.450s] [01m[K/opt/ros/foxy/include/message_filters/signal9.h:210:14:[m[K [01;36m[Knote: [m[Kcandidate: ‘[01m[Ktemplate<class P0, class P1, class P2, class P3, class P4, class P5, class P6> message_filters::Connection message_filters::Signal9<M0, M1, M2, M3, M4, M5, M6, M7, M8>::addCallback(void (*)(P0, P1, P2, P3, P4, P5, P6)) [with P0 = P0; P1 = P1; P2 = P2; P3 = P3; P4 = P4; P5 = P5; P6 = P6; M0 = custom_msg_srv::msg::Float64Stamped_<std::allocator<void> >; M1 = custom_msg_srv::msg::Float64Stamped_<std::allocator<void> >; M2 = custom_msg_srv::msg::Float64Stamped_<std::allocator<void> >; M3 = custom_msg_srv::msg::Float64Stamped_<std::allocator<void> >; M4 = custom_msg_srv::msg::Float64Stamped_<std::allocator<void> >; M5 = custom_msg_srv::msg::Float64Stamped_<std::allocator<void> >; M6 = message_filters::NullType; M7 = message_filters::NullType; M8 = message_filters::NullType][m[K’
[3.450s]   210 |   Connection [01;36m[KaddCallback[m[K(void(*callback)(P0, P1, P2, P3, P4, P5, P6))
[3.450s]       |              [01;36m[K^~~~~~~~~~~[m[K
[3.450s] [01m[K/opt/ros/foxy/include/message_filters/signal9.h:210:14:[m[K [01;36m[Knote: [m[K  template argument deduction/substitution failed:
[3.450s] In file included from [01m[K/opt/ros/foxy/include/message_filters/sync_policies/approximate_time.h:52[m[K,
[3.450s]                  from [01m[K/home/isopodin-time/ros2_ws/src/muuv_ros/src/muuv_ros/pid_recombiner.cpp:11[m[K:
[3.450s] [01m[K/opt/ros/foxy/include/message_filters/signal9.h:280:267:[m[K [01;31m[Kerror: [m[Kwrong number of template arguments (9, should be 7)
[3.450s]   280 | ders::_5, std::placeholders::_6, std::placeholders::_7, std::placeholders::_8, std::placeholders::_9)[01;31m[K)[m[K;
[3.450s]       |                                                                                                      [01;31m[K^[m[K
[3.450s] 
[3.450s] [01m[K/opt/ros/foxy/include/message_filters/signal9.h:216:14:[m[K [01;36m[Knote: [m[Kcandidate: ‘[01m[Ktemplate<class P0, class P1, class P2, class P3, class P4, class P5, class P6, class P7> message_filters::Connection message_filters::Signal9<M0, M1, M2, M3, M4, M5, M6, M7, M8>::addCallback(void (*)(P0, P1, P2, P3, P4, P5, P6, P7)) [with P0 = P0; P1 = P1; P2 = P2; P3 = P3; P4 = P4; P5 = P5; P6 = P6; P7 = P7; M0 = custom_msg_srv::msg::Float64Stamped_<std::allocator<void> >; M1 = custom_msg_srv::msg::Float64Stamped_<std::allocator<void> >; M2 = custom_msg_srv::msg::Float64Stamped_<std::allocator<void> >; M3 = custom_msg_srv::msg::Float64Stamped_<std::allocator<void> >; M4 = custom_msg_srv::msg::Float64Stamped_<std::allocator<void> >; M5 = custom_msg_srv::msg::Float64Stamped_<std::allocator<void> >; M6 = message_filters::NullType; M7 = message_filters::NullType; M8 = message_filters::NullType][m[K’
[3.450s]   216 |   Connection [01;36m[KaddCallback[m[K(void(*callback)(P0, P1, P2, P3, P4, P5, P6, P7))
[3.451s]       |              [01;36m[K^~~~~~~~~~~[m[K
[3.451s] [01m[K/opt/ros/foxy/include/message_filters/signal9.h:216:14:[m[K [01;36m[Knote: [m[K  template argument deduction/substitution failed:
[3.451s] [01m[K/opt/ros/foxy/include/message_filters/signal9.h:280:267:[m[K [01;31m[Kerror: [m[Kwrong number of template arguments (9, should be 8)
[3.451s]   280 | ders::_5, std::placeholders::_6, std::placeholders::_7, std::placeholders::_8, std::placeholders::_9)[01;31m[K)[m[K;
[3.451s]       |                                                                                                      [01;31m[K^[m[K
[3.451s] 
[3.451s] [01m[K/opt/ros/foxy/include/message_filters/signal9.h:222:14:[m[K [01;36m[Knote: [m[Kcandidate: ‘[01m[Kmessage_filters::Connection message_filters::Signal9<M0, M1, M2, M3, M4, M5, M6, M7, M8>::addCallback(void (*)(P0, P1, P2, P3, P4, P5, P6, P7, P8)) [with P0 = const std::shared_ptr<const custom_msg_srv::msg::Float64Stamped_<std::allocator<void> > >&; P1 = const std::shared_ptr<const custom_msg_srv::msg::Float64Stamped_<std::allocator<void> > >&; P2 = const std::shared_ptr<const custom_msg_srv::msg::Float64Stamped_<std::allocator<void> > >&; P3 = const std::shared_ptr<const custom_msg_srv::msg::Float64Stamped_<std::allocator<void> > >&; P4 = const std::shared_ptr<const custom_msg_srv::msg::Float64Stamped_<std::allocator<void> > >&; P5 = const std::shared_ptr<const custom_msg_srv::msg::Float64Stamped_<std::allocator<void> > >&; P6 = const std::shared_ptr<const message_filters::NullType>&; P7 = const std::shared_ptr<const message_filters::NullType>&; P8 = const std::shared_ptr<const message_filters::NullType>&; M0 = custom_msg_srv::msg::Float64Stamped_<std::allocator<void> >; M1 = custom_msg_srv::msg::Float64Stamped_<std::allocator<void> >; M2 = custom_msg_srv::msg::Float64Stamped_<std::allocator<void> >; M3 = custom_msg_srv::msg::Float64Stamped_<std::allocator<void> >; M4 = custom_msg_srv::msg::Float64Stamped_<std::allocator<void> >; M5 = custom_msg_srv::msg::Float64Stamped_<std::allocator<void> >; M6 = message_filters::NullType; M7 = message_filters::NullType; M8 = message_filters::NullType][m[K’
[3.451s]   222 |   Connection [01;36m[KaddCallback[m[K(void(*callback)(P0, P1, P2, P3, P4, P5, P6, P7, P8))
[3.451s]       |              [01;36m[K^~~~~~~~~~~[m[K
[3.452s] [01m[K/opt/ros/foxy/include/message_filters/signal9.h:222:32:[m[K [01;36m[Knote: [m[K  no known conversion for argument 1 from ‘[01m[Kstd::_Bind_helper<false, const std::_Bind<void (Pid_recombiner::*(Pid_recombiner*, std::_Placeholder<1>, std::_Placeholder<2>, std::_Placeholder<3>, std::_Placeholder<4>, std::_Placeholder<5>, std::_Placeholder<6>))(std::shared_ptr<custom_msg_srv::msg::Float64Stamped_<std::allocator<void> > >, std::shared_ptr<custom_msg_srv::msg::Float64Stamped_<std::allocator<void> > >, std::shared_ptr<custom_msg_srv::msg::Float64Stamped_<std::allocator<void> > >, std::shared_ptr<custom_msg_srv::msg::Float64Stamped_<std::allocator<void> > >, std::shared_ptr<custom_msg_srv::msg::Float64Stamped_<std::allocator<void> > >, std::shared_ptr<custom_msg_srv::msg::Float64Stamped_<std::allocator<void> > >) const>&, const std::_Placeholder<1>&, const std::_Placeholder<2>&, const std::_Placeholder<3>&, const std::_Placeholder<4>&, const std::_Placeholder<5>&, const std::_Placeholder<6>&, const std::_Placeholder<7>&, const std::_Placeholder<8>&, const std::_Placeholder<9>&>::type[m[K’ {aka ‘[01m[Kstd::_Bind<std::_Bind<void (Pid_recombiner::*(Pid_recombiner*, std::_Placeholder<1>, std::_Placeholder<2>, std::_Placeholder<3>, std::_Placeholder<4>, std::_Placeholder<5>, std::_Placeholder<6>))(std::shared_ptr<custom_msg_srv::msg::Float64Stamped_<std::allocator<void> > >, std::shared_ptr<custom_msg_srv::msg::Float64Stamped_<std::allocator<void> > >, std::shared_ptr<custom_msg_srv::msg::Float64Stamped_<std::allocator<void> > >, std::shared_ptr<custom_msg_srv::msg::Float64Stamped_<std::allocator<void> > >, std::shared_ptr<custom_msg_srv::msg::Float64Stamped_<std::allocator<void> > >, std::shared_ptr<custom_msg_srv::msg::Float64Stamped_<std::allocator<void> > >) const>(std::_Placeholder<1>, std::_Placeholder<2>, std::_Placeholder<3>, std::_Placeholder<4>, std::_Placeholder<5>, std::_Placeholder<6>, std::_Placeholder<7>, std::_Placeholder<8>, std::_Placeholder<9>)>[m[K’} to ‘[01m[Kvoid (*)(const std::shared_ptr<const custom_msg_srv::msg::Float64Stamped_<std::allocator<void> > >&, const std::shared_ptr<const custom_msg_srv::msg::Float64Stamped_<std::allocator<void> > >&, const std::shared_ptr<const custom_msg_srv::msg::Float64Stamped_<std::allocator<void> > >&, const std::shared_ptr<const custom_msg_srv::msg::Float64Stamped_<std::allocator<void> > >&, const std::shared_ptr<const custom_msg_srv::msg::Float64Stamped_<std::allocator<void> > >&, const std::shared_ptr<const custom_msg_srv::msg::Float64Stamped_<std::allocator<void> > >&, const std::shared_ptr<const message_filters::NullType>&, const std::shared_ptr<const message_filters::NullType>&, const std::shared_ptr<const message_filters::NullType>&)[m[K’
[3.452s]   222 |   Connection addCallback([01;36m[Kvoid(*callback)(P0, P1, P2, P3, P4, P5, P6, P7, P8)[m[K)
[3.452s]       |                          [01;36m[K~~~~~~^~~~~~~~~~~~~~~~~~~~~~~~~~~~~~~~~~~~~~~~~~~~~[m[K
[3.452s] [01m[K/opt/ros/foxy/include/message_filters/signal9.h:228:14:[m[K [01;36m[Knote: [m[Kcandidate: ‘[01m[Ktemplate<class T, class P0, class P1> message_filters::Connection message_filters::Signal9<M0, M1, M2, M3, M4, M5, M6, M7, M8>::addCallback(void (T::*)(P0, P1), T*) [with T = T; P0 = P0; P1 = P1; M0 = custom_msg_srv::msg::Float64Stamped_<std::allocator<void> >; M1 = custom_msg_srv::msg::Float64Stamped_<std::allocator<void> >; M2 = custom_msg_srv::msg::Float64Stamped_<std::allocator<void> >; M3 = custom_msg_srv::msg::Float64Stamped_<std::allocator<void> >; M4 = custom_msg_srv::msg::Float64Stamped_<std::allocator<void> >; M5 = custom_msg_srv::msg::Float64Stamped_<std::allocator<void> >; M6 = message_filters::NullType; M7 = message_filters::NullType; M8 = message_filters::NullType][m[K’
[3.452s]   228 |   Connection [01;36m[KaddCallback[m[K(void(T::*callback)(P0, P1), T* t)
[3.452s]       |              [01;36m[K^~~~~~~~~~~[m[K
[3.452s] [01m[K/opt/ros/foxy/include/message_filters/signal9.h:228:14:[m[K [01;36m[Knote: [m[K  template argument deduction/substitution failed:
[3.452s] [01m[K/opt/ros/foxy/include/message_filters/signal9.h:280:267:[m[K [01;31m[Kerror: [m[Kwrong number of template arguments (9, should be 3)
[3.452s]   280 | ders::_5, std::placeholders::_6, std::placeholders::_7, std::placeholders::_8, std::placeholders::_9)[01;31m[K)[m[K;
[3.453s]       |                                                                                                      [01;31m[K^[m[K
[3.453s] 
[3.453s] [01m[K/opt/ros/foxy/include/message_filters/signal9.h:234:14:[m[K [01;36m[Knote: [m[Kcandidate: ‘[01m[Ktemplate<class T, class P0, class P1, class P2> message_filters::Connection message_filters::Signal9<M0, M1, M2, M3, M4, M5, M6, M7, M8>::addCallback(void (T::*)(P0, P1, P2), T*) [with T = T; P0 = P0; P1 = P1; P2 = P2; M0 = custom_msg_srv::msg::Float64Stamped_<std::allocator<void> >; M1 = custom_msg_srv::msg::Float64Stamped_<std::allocator<void> >; M2 = custom_msg_srv::msg::Float64Stamped_<std::allocator<void> >; M3 = custom_msg_srv::msg::Float64Stamped_<std::allocator<void> >; M4 = custom_msg_srv::msg::Float64Stamped_<std::allocator<void> >; M5 = custom_msg_srv::msg::Float64Stamped_<std::allocator<void> >; M6 = message_filters::NullType; M7 = message_filters::NullType; M8 = message_filters::NullType][m[K’
[3.453s]   234 |   Connection [01;36m[KaddCallback[m[K(void(T::*callback)(P0, P1, P2), T* t)
[3.453s]       |              [01;36m[K^~~~~~~~~~~[m[K
[3.453s] [01m[K/opt/ros/foxy/include/message_filters/signal9.h:234:14:[m[K [01;36m[Knote: [m[K  template argument deduction/substitution failed:
[3.453s] [01m[K/opt/ros/foxy/include/message_filters/signal9.h:280:267:[m[K [01;31m[Kerror: [m[Kwrong number of template arguments (9, should be 4)
[3.453s]   280 | ders::_5, std::placeholders::_6, std::placeholders::_7, std::placeholders::_8, std::placeholders::_9)[01;31m[K)[m[K;
[3.454s]       |                                                                                                      [01;31m[K^[m[K
[3.454s] 
[3.454s] [01m[K/opt/ros/foxy/include/message_filters/signal9.h:240:14:[m[K [01;36m[Knote: [m[Kcandidate: ‘[01m[Ktemplate<class T, class P0, class P1, class P2, class P3> message_filters::Connection message_filters::Signal9<M0, M1, M2, M3, M4, M5, M6, M7, M8>::addCallback(void (T::*)(P0, P1, P2, P3), T*) [with T = T; P0 = P0; P1 = P1; P2 = P2; P3 = P3; M0 = custom_msg_srv::msg::Float64Stamped_<std::allocator<void> >; M1 = custom_msg_srv::msg::Float64Stamped_<std::allocator<void> >; M2 = custom_msg_srv::msg::Float64Stamped_<std::allocator<void> >; M3 = custom_msg_srv::msg::Float64Stamped_<std::allocator<void> >; M4 = custom_msg_srv::msg::Float64Stamped_<std::allocator<void> >; M5 = custom_msg_srv::msg::Float64Stamped_<std::allocator<void> >; M6 = message_filters::NullType; M7 = message_filters::NullType; M8 = message_filters::NullType][m[K’
[3.454s]   240 |   Connection [01;36m[KaddCallback[m[K(void(T::*callback)(P0, P1, P2, P3), T* t)
[3.454s]       |              [01;36m[K^~~~~~~~~~~[m[K
[3.454s] [01m[K/opt/ros/foxy/include/message_filters/signal9.h:240:14:[m[K [01;36m[Knote: [m[K  template argument deduction/substitution failed:
[3.454s] [01m[K/opt/ros/foxy/include/message_filters/signal9.h:280:267:[m[K [01;31m[Kerror: [m[Kwrong number of template arguments (9, should be 5)
[3.454s]   280 | ders::_5, std::placeholders::_6, std::placeholders::_7, std::placeholders::_8, std::placeholders::_9)[01;31m[K)[m[K;
[3.454s]       |                                                                                                      [01;31m[K^[m[K
[3.454s] 
[3.455s] [01m[K/opt/ros/foxy/include/message_filters/signal9.h:246:14:[m[K [01;36m[Knote: [m[Kcandidate: ‘[01m[Ktemplate<class T, class P0, class P1, class P2, class P3, class P4> message_filters::Connection message_filters::Signal9<M0, M1, M2, M3, M4, M5, M6, M7, M8>::addCallback(void (T::*)(P0, P1, P2, P3, P4), T*) [with T = T; P0 = P0; P1 = P1; P2 = P2; P3 = P3; P4 = P4; M0 = custom_msg_srv::msg::Float64Stamped_<std::allocator<void> >; M1 = custom_msg_srv::msg::Float64Stamped_<std::allocator<void> >; M2 = custom_msg_srv::msg::Float64Stamped_<std::allocator<void> >; M3 = custom_msg_srv::msg::Float64Stamped_<std::allocator<void> >; M4 = custom_msg_srv::msg::Float64Stamped_<std::allocator<void> >; M5 = custom_msg_srv::msg::Float64Stamped_<std::allocator<void> >; M6 = message_filters::NullType; M7 = message_filters::NullType; M8 = message_filters::NullType][m[K’
[3.455s]   246 |   Connection [01;36m[KaddCallback[m[K(void(T::*callback)(P0, P1, P2, P3, P4), T* t)
[3.455s]       |              [01;36m[K^~~~~~~~~~~[m[K
[3.455s] [01m[K/opt/ros/foxy/include/message_filters/signal9.h:246:14:[m[K [01;36m[Knote: [m[K  template argument deduction/substitution failed:
[3.455s] [01m[K/opt/ros/foxy/include/message_filters/signal9.h:280:267:[m[K [01;31m[Kerror: [m[Kwrong number of template arguments (9, should be 6)
[3.455s]   280 | ders::_5, std::placeholders::_6, std::placeholders::_7, std::placeholders::_8, std::placeholders::_9)[01;31m[K)[m[K;
[3.455s]       |                                                                                                      [01;31m[K^[m[K
[3.455s] 
[3.455s] [01m[K/opt/ros/foxy/include/message_filters/signal9.h:252:14:[m[K [01;36m[Knote: [m[Kcandidate: ‘[01m[Ktemplate<class T, class P0, class P1, class P2, class P3, class P4, class P5> message_filters::Connection message_filters::Signal9<M0, M1, M2, M3, M4, M5, M6, M7, M8>::addCallback(void (T::*)(P0, P1, P2, P3, P4, P5), T*) [with T = T; P0 = P0; P1 = P1; P2 = P2; P3 = P3; P4 = P4; P5 = P5; M0 = custom_msg_srv::msg::Float64Stamped_<std::allocator<void> >; M1 = custom_msg_srv::msg::Float64Stamped_<std::allocator<void> >; M2 = custom_msg_srv::msg::Float64Stamped_<std::allocator<void> >; M3 = custom_msg_srv::msg::Float64Stamped_<std::allocator<void> >; M4 = custom_msg_srv::msg::Float64Stamped_<std::allocator<void> >; M5 = custom_msg_srv::msg::Float64Stamped_<std::allocator<void> >; M6 = message_filters::NullType; M7 = message_filters::NullType; M8 = message_filters::NullType][m[K’
[3.455s]   252 |   Connection [01;36m[KaddCallback[m[K(void(T::*callback)(P0, P1, P2, P3, P4, P5), T* t)
[3.455s]       |              [01;36m[K^~~~~~~~~~~[m[K
[3.456s] [01m[K/opt/ros/foxy/include/message_filters/signal9.h:252:14:[m[K [01;36m[Knote: [m[K  template argument deduction/substitution failed:
[3.456s] [01m[K/opt/ros/foxy/include/message_filters/signal9.h:280:267:[m[K [01;31m[Kerror: [m[Kwrong number of template arguments (9, should be 7)
[3.456s]   280 | ders::_5, std::placeholders::_6, std::placeholders::_7, std::placeholders::_8, std::placeholders::_9)[01;31m[K)[m[K;
[3.456s]       |                                                                                                      [01;31m[K^[m[K
[3.456s] 
[3.456s] [01m[K/opt/ros/foxy/include/message_filters/signal9.h:258:14:[m[K [01;36m[Knote: [m[Kcandidate: ‘[01m[Ktemplate<class T, class P0, class P1, class P2, class P3, class P4, class P5, class P6> message_filters::Connection message_filters::Signal9<M0, M1, M2, M3, M4, M5, M6, M7, M8>::addCallback(void (T::*)(P0, P1, P2, P3, P4, P5, P6), T*) [with T = T; P0 = P0; P1 = P1; P2 = P2; P3 = P3; P4 = P4; P5 = P5; P6 = P6; M0 = custom_msg_srv::msg::Float64Stamped_<std::allocator<void> >; M1 = custom_msg_srv::msg::Float64Stamped_<std::allocator<void> >; M2 = custom_msg_srv::msg::Float64Stamped_<std::allocator<void> >; M3 = custom_msg_srv::msg::Float64Stamped_<std::allocator<void> >; M4 = custom_msg_srv::msg::Float64Stamped_<std::allocator<void> >; M5 = custom_msg_srv::msg::Float64Stamped_<std::allocator<void> >; M6 = message_filters::NullType; M7 = message_filters::NullType; M8 = message_filters::NullType][m[K’
[3.456s]   258 |   Connection [01;36m[KaddCallback[m[K(void(T::*callback)(P0, P1, P2, P3, P4, P5, P6), T* t)
[3.456s]       |              [01;36m[K^~~~~~~~~~~[m[K
[3.456s] [01m[K/opt/ros/foxy/include/message_filters/signal9.h:258:14:[m[K [01;36m[Knote: [m[K  template argument deduction/substitution failed:
[3.456s] [01m[K/opt/ros/foxy/include/message_filters/signal9.h:280:267:[m[K [01;31m[Kerror: [m[Kwrong number of template arguments (9, should be 8)
[3.456s]   280 | ders::_5, std::placeholders::_6, std::placeholders::_7, std::placeholders::_8, std::placeholders::_9)[01;31m[K)[m[K;
[3.457s]       |                                                                                                      [01;31m[K^[m[K
[3.457s] 
[3.457s] [01m[K/opt/ros/foxy/include/message_filters/signal9.h:264:14:[m[K [01;36m[Knote: [m[Kcandidate: ‘[01m[Ktemplate<class T, class P0, class P1, class P2, class P3, class P4, class P5, class P6, class P7> message_filters::Connection message_filters::Signal9<M0, M1, M2, M3, M4, M5, M6, M7, M8>::addCallback(void (T::*)(P0, P1, P2, P3, P4, P5, P6, P7), T*) [with T = T; P0 = P0; P1 = P1; P2 = P2; P3 = P3; P4 = P4; P5 = P5; P6 = P6; P7 = P7; M0 = custom_msg_srv::msg::Float64Stamped_<std::allocator<void> >; M1 = custom_msg_srv::msg::Float64Stamped_<std::allocator<void> >; M2 = custom_msg_srv::msg::Float64Stamped_<std::allocator<void> >; M3 = custom_msg_srv::msg::Float64Stamped_<std::allocator<void> >; M4 = custom_msg_srv::msg::Float64Stamped_<std::allocator<void> >; M5 = custom_msg_srv::msg::Float64Stamped_<std::allocator<void> >; M6 = message_filters::NullType; M7 = message_filters::NullType; M8 = message_filters::NullType][m[K’
[3.457s]   264 |   Connection [01;36m[KaddCallback[m[K(void(T::*callback)(P0, P1, P2, P3, P4, P5, P6, P7), T* t)
[3.457s]       |              [01;36m[K^~~~~~~~~~~[m[K
[3.457s] [01m[K/opt/ros/foxy/include/message_filters/signal9.h:264:14:[m[K [01;36m[Knote: [m[K  template argument deduction/substitution failed:
[3.457s] /opt/ros/foxy/include/message_filters/signal9.h: In substitution of ‘[01m[Ktemplate<class T, class P0, class P1, class P2, class P3, class P4, class P5, class P6, class P7> message_filters::Connection message_filters::Signal9<custom_msg_srv::msg::Float64Stamped_<std::allocator<void> >, custom_msg_srv::msg::Float64Stamped_<std::allocator<void> >, custom_msg_srv::msg::Float64Stamped_<std::allocator<void> >, custom_msg_srv::msg::Float64Stamped_<std::allocator<void> >, custom_msg_srv::msg::Float64Stamped_<std::allocator<void> >, custom_msg_srv::msg::Float64Stamped_<std::allocator<void> >, message_filters::NullType, message_filters::NullType, message_filters::NullType>::addCallback<T, P0, P1, P2, P3, P4, P5, P6, P7>(void (T::*)(P0, P1, P2, P3, P4, P5, P6, P7), T*) [with T = const std::shared_ptr<const custom_msg_srv::msg::Float64Stamped_<std::allocator<void> > >&; P0 = const std::shared_ptr<const custom_msg_srv::msg::Float64Stamped_<std::allocator<void> > >&; P1 = const std::shared_ptr<const custom_msg_srv::msg::Float64Stamped_<std::allocator<void> > >&; P2 = const std::shared_ptr<const custom_msg_srv::msg::Float64Stamped_<std::allocator<void> > >&; P3 = const std::shared_ptr<const custom_msg_srv::msg::Float64Stamped_<std::allocator<void> > >&; P4 = const std::shared_ptr<const custom_msg_srv::msg::Float64Stamped_<std::allocator<void> > >&; P5 = const std::shared_ptr<const message_filters::NullType>&; P6 = const std::shared_ptr<const message_filters::NullType>&; P7 = const std::shared_ptr<const message_filters::NullType>&][m[K’:
[3.457s] [01m[K/opt/ros/foxy/include/message_filters/signal9.h:280:267:[m[K   required from ‘[01m[Kmessage_filters::Connection message_filters::Signal9<M0, M1, M2, M3, M4, M5, M6, M7, M8>::addCallback(C&) [with C = const std::_Bind<void (Pid_recombiner::*(Pid_recombiner*, std::_Placeholder<1>, std::_Placeholder<2>, std::_Placeholder<3>, std::_Placeholder<4>, std::_Placeholder<5>, std::_Placeholder<6>))(std::shared_ptr<custom_msg_srv::msg::Float64Stamped_<std::allocator<void> > >, std::shared_ptr<custom_msg_srv::msg::Float64Stamped_<std::allocator<void> > >, std::shared_ptr<custom_msg_srv::msg::Float64Stamped_<std::allocator<void> > >, std::shared_ptr<custom_msg_srv::msg::Float64Stamped_<std::allocator<void> > >, std::shared_ptr<custom_msg_srv::msg::Float64Stamped_<std::allocator<void> > >, std::shared_ptr<custom_msg_srv::msg::Float64Stamped_<std::allocator<void> > >) const>; M0 = custom_msg_srv::msg::Float64Stamped_<std::allocator<void> >; M1 = custom_msg_srv::msg::Float64Stamped_<std::allocator<void> >; M2 = custom_msg_srv::msg::Float64Stamped_<std::allocator<void> >; M3 = custom_msg_srv::msg::Float64Stamped_<std::allocator<void> >; M4 = custom_msg_srv::msg::Float64Stamped_<std::allocator<void> >; M5 = custom_msg_srv::msg::Float64Stamped_<std::allocator<void> >; M6 = message_filters::NullType; M7 = message_filters::NullType; M8 = message_filters::NullType][m[K’
[3.457s] [01m[K/opt/ros/foxy/include/message_filters/synchronizer.h:298:40:[m[K   required from ‘[01m[Kmessage_filters::Connection message_filters::Synchronizer<Policy>::registerCallback(const C&) [with C = std::_Bind<void (Pid_recombiner::*(Pid_recombiner*, std::_Placeholder<1>, std::_Placeholder<2>, std::_Placeholder<3>, std::_Placeholder<4>, std::_Placeholder<5>, std::_Placeholder<6>))(std::shared_ptr<custom_msg_srv::msg::Float64Stamped_<std::allocator<void> > >, std::shared_ptr<custom_msg_srv::msg::Float64Stamped_<std::allocator<void> > >, std::shared_ptr<custom_msg_srv::msg::Float64Stamped_<std::allocator<void> > >, std::shared_ptr<custom_msg_srv::msg::Float64Stamped_<std::allocator<void> > >, std::shared_ptr<custom_msg_srv::msg::Float64Stamped_<std::allocator<void> > >, std::shared_ptr<custom_msg_srv::msg::Float64Stamped_<std::allocator<void> > >) const>; Policy = message_filters::sync_policies::ApproximateTime<custom_msg_srv::msg::Float64Stamped_<std::allocator<void> >, custom_msg_srv::msg::Float64Stamped_<std::allocator<void> >, custom_msg_srv::msg::Float64Stamped_<std::allocator<void> >, custom_msg_srv::msg::Float64Stamped_<std::allocator<void> >, custom_msg_srv::msg::Float64Stamped_<std::allocator<void> >, custom_msg_srv::msg::Float64Stamped_<std::allocator<void> > >][m[K’
[3.457s] [01m[K/home/isopodin-time/ros2_ws/src/muuv_ros/src/muuv_ros/pid_recombiner.cpp:49:120:[m[K   required from here
[3.457s] [01m[K/opt/ros/foxy/include/message_filters/signal9.h:264:14:[m[K [01;31m[Kerror: [m[Kforming pointer to reference type ‘[01m[Kconst std::shared_ptr<const custom_msg_srv::msg::Float64Stamped_<std::allocator<void> > >&[m[K’
[3.458s] /opt/ros/foxy/include/message_filters/signal9.h: In instantiation of ‘[01m[Kmessage_filters::Connection message_filters::Signal9<M0, M1, M2, M3, M4, M5, M6, M7, M8>::addCallback(C&) [with C = const std::_Bind<void (Pid_recombiner::*(Pid_recombiner*, std::_Placeholder<1>, std::_Placeholder<2>, std::_Placeholder<3>, std::_Placeholder<4>, std::_Placeholder<5>, std::_Placeholder<6>))(std::shared_ptr<custom_msg_srv::msg::Float64Stamped_<std::allocator<void> > >, std::shared_ptr<custom_msg_srv::msg::Float64Stamped_<std::allocator<void> > >, std::shared_ptr<custom_msg_srv::msg::Float64Stamped_<std::allocator<void> > >, std::shared_ptr<custom_msg_srv::msg::Float64Stamped_<std::allocator<void> > >, std::shared_ptr<custom_msg_srv::msg::Float64Stamped_<std::allocator<void> > >, std::shared_ptr<custom_msg_srv::msg::Float64Stamped_<std::allocator<void> > >) const>; M0 = custom_msg_srv::msg::Float64Stamped_<std::allocator<void> >; M1 = custom_msg_srv::msg::Float64Stamped_<std::allocator<void> >; M2 = custom_msg_srv::msg::Float64Stamped_<std::allocator<void> >; M3 = custom_msg_srv::msg::Float64Stamped_<std::allocator<void> >; M4 = custom_msg_srv::msg::Float64Stamped_<std::allocator<void> >; M5 = custom_msg_srv::msg::Float64Stamped_<std::allocator<void> >; M6 = message_filters::NullType; M7 = message_filters::NullType; M8 = message_filters::NullType][m[K’:
[3.458s] [01m[K/opt/ros/foxy/include/message_filters/synchronizer.h:298:40:[m[K   required from ‘[01m[Kmessage_filters::Connection message_filters::Synchronizer<Policy>::registerCallback(const C&) [with C = std::_Bind<void (Pid_recombiner::*(Pid_recombiner*, std::_Placeholder<1>, std::_Placeholder<2>, std::_Placeholder<3>, std::_Placeholder<4>, std::_Placeholder<5>, std::_Placeholder<6>))(std::shared_ptr<custom_msg_srv::msg::Float64Stamped_<std::allocator<void> > >, std::shared_ptr<custom_msg_srv::msg::Float64Stamped_<std::allocator<void> > >, std::shared_ptr<custom_msg_srv::msg::Float64Stamped_<std::allocator<void> > >, std::shared_ptr<custom_msg_srv::msg::Float64Stamped_<std::allocator<void> > >, std::shared_ptr<custom_msg_srv::msg::Float64Stamped_<std::allocator<void> > >, std::shared_ptr<custom_msg_srv::msg::Float64Stamped_<std::allocator<void> > >) const>; Policy = message_filters::sync_policies::ApproximateTime<custom_msg_srv::msg::Float64Stamped_<std::allocator<void> >, custom_msg_srv::msg::Float64Stamped_<std::allocator<void> >, custom_msg_srv::msg::Float64Stamped_<std::allocator<void> >, custom_msg_srv::msg::Float64Stamped_<std::allocator<void> >, custom_msg_srv::msg::Float64Stamped_<std::allocator<void> >, custom_msg_srv::msg::Float64Stamped_<std::allocator<void> > >][m[K’
[3.458s] [01m[K/home/isopodin-time/ros2_ws/src/muuv_ros/src/muuv_ros/pid_recombiner.cpp:49:120:[m[K   required from here
[3.458s] [01m[K/opt/ros/foxy/include/message_filters/signal9.h:270:14:[m[K [01;36m[Knote: [m[Kcandidate: ‘[01m[Ktemplate<class C> message_filters::Connection message_filters::Signal9<M0, M1, M2, M3, M4, M5, M6, M7, M8>::addCallback(C&) [with C = C; M0 = custom_msg_srv::msg::Float64Stamped_<std::allocator<void> >; M1 = custom_msg_srv::msg::Float64Stamped_<std::allocator<void> >; M2 = custom_msg_srv::msg::Float64Stamped_<std::allocator<void> >; M3 = custom_msg_srv::msg::Float64Stamped_<std::allocator<void> >; M4 = custom_msg_srv::msg::Float64Stamped_<std::allocator<void> >; M5 = custom_msg_srv::msg::Float64Stamped_<std::allocator<void> >; M6 = message_filters::NullType; M7 = message_filters::NullType; M8 = message_filters::NullType][m[K’
[3.458s]   270 |   Connection [01;36m[KaddCallback[m[K( C& callback)
[3.458s]       |              [01;36m[K^~~~~~~~~~~[m[K
[3.458s] [01m[K/opt/ros/foxy/include/message_filters/signal9.h:270:14:[m[K [01;36m[Knote: [m[K  template argument deduction/substitution failed:
[3.458s] [01m[K/opt/ros/foxy/include/message_filters/signal9.h:280:267:[m[K [01;31m[Kerror: [m[Kwrong number of template arguments (9, should be 1)
[3.458s]   280 | ders::_5, std::placeholders::_6, std::placeholders::_7, std::placeholders::_8, std::placeholders::_9)[01;31m[K)[m[K;
[3.458s]       |                                                                                                      [01;31m[K^[m[K
[3.458s] 
[6.134s] make[2]: *** [CMakeFiles/pid_recombiner.dir/build.make:63: CMakeFiles/pid_recombiner.dir/src/muuv_ros/pid_recombiner.cpp.o] Error 1
[6.134s] make[1]: *** [CMakeFiles/Makefile2:109: CMakeFiles/pid_recombiner.dir/all] Error 2
[6.134s] make: *** [Makefile:141: all] Error 2
[6.138s] Invoked command in '/home/isopodin-time/ros2_ws/build/muuv_ros' returned '2': CMAKE_PREFIX_PATH=${CMAKE_PREFIX_PATH}:/opt/ros/foxy LD_LIBRARY_PATH=/home/isopodin-time/ros2_ws/install/custom_msg_srv/lib:/home/isopodin-time/ros2_ws/install/pid_component/lib:/home/isopodin-time/ros2_ws/install/uuv_world_ros_plugins/lib:/home/isopodin-time/ros2_ws/install/uuv_world_ros_plugins_msgs/lib:/home/isopodin-time/ros2_ws/install/uuv_world_plugins/lib:/home/isopodin-time/ros2_ws/install/uuv_thruster_manager/lib:/home/isopodin-time/ros2_ws/install/uuv_sensor_ros_plugins/lib:/home/isopodin-time/ros2_ws/install/uuv_sensor_ros_plugins_msgs/lib:/home/isopodin-time/ros2_ws/install/uuv_gazebo_ros_plugins/lib:/home/isopodin-time/ros2_ws/install/uuv_gazebo_ros_plugins_msgs/lib:/home/isopodin-time/ros2_ws/install/uuv_gazebo_plugins/lib:/home/isopodin-time/ros2_ws/install/uuv_control_msgs/lib:/home/isopodin-time/ros2_ws/install/uuv_auv_control_allocator/lib:/usr/lib/x86_64-linux-gnu/gazebo-11/plugins:/opt/ros/foxy/opt/yaml_cpp_vendor/lib:/opt/ros/foxy/opt/rviz_ogre_vendor/lib:/opt/ros/foxy/lib/x86_64-linux-gnu:/opt/ros/foxy/lib:/usr/lib/x86_64-linux-gnu/gazebo-11/plugins:/usr/lib/x86_64-linux-gnu/gazebo-11/plugins:/usr/lib/x86_64-linux-gnu/gazebo-11/plugins:/usr/lib/x86_64-linux-gnu/gazebo-11/plugins:/usr/lib/x86_64-linux-gnu/gazebo-11/plugins:/usr/lib/x86_64-linux-gnu/gazebo-11/plugins:/usr/lib/x86_64-linux-gnu/gazebo-11/plugins:/usr/lib/x86_64-linux-gnu/gazebo-11/plugins:/usr/lib/x86_64-linux-gnu/gazebo-11/plugins:/usr/lib/x86_64-linux-gnu/gazebo-11/plugins:/usr/lib/x86_64-linux-gnu/gazebo-11/plugins:/usr/lib/x86_64-linux-gnu/gazebo-11/plugins:/usr/lib/x86_64-linux-gnu/gazebo-11/plugins:/usr/lib/x86_64-linux-gnu/gazebo-11/plugins:/usr/lib/x86_64-linux-gnu/gazebo-11/plugins /usr/bin/cmake --build /home/isopodin-time/ros2_ws/build/muuv_ros -- -j8 -l8
