-- Found ament_cmake: 0.9.12 (/opt/ros/foxy/share/ament_cmake/cmake)
-- Using PYTHON_EXECUTABLE: /usr/bin/python3
-- Found rclcpp: 2.4.3 (/opt/ros/foxy/share/rclcpp/cmake)
-- Using all available rosidl_typesupport_c: rosidl_typesupport_fastrtps_c;rosidl_typesupport_introspection_c
-- Found rosidl_adapter: 1.3.1 (/opt/ros/foxy/share/rosidl_adapter/cmake)
-- Using all available rosidl_typesupport_cpp: rosidl_typesupport_fastrtps_cpp;rosidl_typesupport_introspection_cpp
-- Found rmw_implementation_cmake: 1.0.4 (/opt/ros/foxy/share/rmw_implementation_cmake/cmake)
-- Using RMW implementation 'rmw_fastrtps_cpp' as default
-- Found geometry_msgs: 2.0.5 (/opt/ros/foxy/share/geometry_msgs/cmake)
-- Found sensor_msgs: 2.0.5 (/opt/ros/foxy/share/sensor_msgs/cmake)
-- Found control_toolbox: 2.2.0 (/opt/ros/foxy/share/control_toolbox/cmake)
-- Found rclcpp_components: 2.4.3 (/opt/ros/foxy/share/rclcpp_components/cmake)
-- Configuring done
-- Generating done
-- Build files have been written to: /home/isopodin-time/ros2_ws/build/muuv_ros
[35m[1mScanning dependencies of target pid_component[0m
[35m[1mScanning dependencies of target component_container[0m
[35m[1mScanning dependencies of target sensors[0m
[ 27%] Built target thrusters
[ 36%] [32mBuilding CXX object CMakeFiles/sensors.dir/src/muuv_ros/sensors.cpp.o[0m
[ 45%] [32mBuilding CXX object CMakeFiles/pid_component.dir/src/muuv_ros/pid_component.cpp.o[0m
[ 54%] [32mBuilding CXX object CMakeFiles/component_container.dir/src/muuv_ros/component_container.cpp.o[0m
[ 63%] [32m[1mLinking CXX executable component_container[0m
[ 72%] [32m[1mLinking CXX executable sensors[0m
[ 90%] Built target sensors
[100%] [32m[1mLinking CXX shared library libpid_component.so[0m
[100%] Built target pid_component
