-- Found ament_cmake: 0.9.12 (/opt/ros/foxy/share/ament_cmake/cmake)
-- Using PYTHON_EXECUTABLE: /usr/bin/python3
-- Override CMake install command with custom implementation using symlinks instead of copying resources
-- Configuring done
-- Generating done
-- Build files have been written to: /home/isopodin-time/ros2_ws/build/muuv_sim
-- Install configuration: ""
-- Execute custom install script
-- Symlinking: /home/isopodin-time/ros2_ws/install/muuv_sim/share/ament_index/resource_index/package_run_dependencies/muuv_sim
-- Symlinking: /home/isopodin-time/ros2_ws/install/muuv_sim/share/ament_index/resource_index/parent_prefix_path/muuv_sim
-- Symlinking: /home/isopodin-time/ros2_ws/install/muuv_sim/share/muuv_sim/environment/ament_prefix_path.sh
-- Symlinking: /home/isopodin-time/ros2_ws/install/muuv_sim/share/muuv_sim/environment/ament_prefix_path.dsv
-- Symlinking: /home/isopodin-time/ros2_ws/install/muuv_sim/share/muuv_sim/environment/path.sh
-- Symlinking: /home/isopodin-time/ros2_ws/install/muuv_sim/share/muuv_sim/environment/path.dsv
-- Symlinking: /home/isopodin-time/ros2_ws/install/muuv_sim/share/muuv_sim/local_setup.bash
-- Symlinking: /home/isopodin-time/ros2_ws/install/muuv_sim/share/muuv_sim/local_setup.sh
-- Symlinking: /home/isopodin-time/ros2_ws/install/muuv_sim/share/muuv_sim/local_setup.zsh
-- Symlinking: /home/isopodin-time/ros2_ws/install/muuv_sim/share/muuv_sim/local_setup.dsv
-- Symlinking: /home/isopodin-time/ros2_ws/install/muuv_sim/share/muuv_sim/package.dsv
-- Symlinking: /home/isopodin-time/ros2_ws/install/muuv_sim/share/ament_index/resource_index/packages/muuv_sim
-- Symlinking: /home/isopodin-time/ros2_ws/install/muuv_sim/share/muuv_sim/cmake/muuv_simConfig.cmake
-- Symlinking: /home/isopodin-time/ros2_ws/install/muuv_sim/share/muuv_sim/cmake/muuv_simConfig-version.cmake
-- Symlinking: /home/isopodin-time/ros2_ws/install/muuv_sim/share/muuv_sim/package.xml
