[0.029s] Invoking command in '/home/isopodin-time/ros2_ws/build/muuv_ros': CMAKE_PREFIX_PATH=${CMAKE_PREFIX_PATH}:/opt/ros/foxy /usr/bin/cmake --build /home/isopodin-time/ros2_ws/build/muuv_ros -- -j8 -l8
[0.063s] -- Found ament_cmake: 0.9.12 (/opt/ros/foxy/share/ament_cmake/cmake)
[0.086s] -- Using PYTHON_EXECUTABLE: /usr/bin/python3
[0.279s] -- Found rclcpp: 2.4.3 (/opt/ros/foxy/share/rclcpp/cmake)
[0.523s] -- Using all available rosidl_typesupport_c: rosidl_typesupport_fastrtps_c;rosidl_typesupport_introspection_c
[0.528s] -- Found rosidl_adapter: 1.3.1 (/opt/ros/foxy/share/rosidl_adapter/cmake)
[5.761s] -- Using all available rosidl_typesupport_cpp: rosidl_typesupport_fastrtps_cpp;rosidl_typesupport_introspection_cpp
[5.807s] -- Found rmw_implementation_cmake: 1.0.4 (/opt/ros/foxy/share/rmw_implementation_cmake/cmake)
[5.809s] -- Using RMW implementation 'rmw_fastrtps_cpp' as default
[5.947s] -- Found geometry_msgs: 2.0.5 (/opt/ros/foxy/share/geometry_msgs/cmake)
[5.983s] -- Found sensor_msgs: 2.0.5 (/opt/ros/foxy/share/sensor_msgs/cmake)
[6.053s] -- Found control_toolbox: 2.2.0 (/opt/ros/foxy/share/control_toolbox/cmake)
[6.492s] -- Found rclcpp_components: 2.4.3 (/opt/ros/foxy/share/rclcpp_components/cmake)
[6.612s] -- Configuring done
[6.644s] -- Generating done
[6.646s] -- Build files have been written to: /home/isopodin-time/ros2_ws/build/muuv_ros
[6.704s] [ 27%] Built target thrusters
[6.706s] [ 36%] [32m[1mLinking CXX executable component_container[0m
[6.709s] [ 45%] [32m[1mLinking CXX shared library libpid_component.so[0m
[6.715s] [ 81%] Built target sensors
[6.930s] /usr/bin/ld: CMakeFiles/component_container.dir/src/muuv_ros/component_container.cpp.o: in function `void __gnu_cxx::new_allocator<rclcpp_components::ComponentManager>::construct<rclcpp_components::ComponentManager, std::shared_ptr<rclcpp::executors::SingleThreadedExecutor>&>(rclcpp_components::ComponentManager*, std::shared_ptr<rclcpp::executors::SingleThreadedExecutor>&)':
[6.930s] component_container.cpp:(.text._ZN9__gnu_cxx13new_allocatorIN17rclcpp_components16ComponentManagerEE9constructIS2_JRSt10shared_ptrIN6rclcpp9executors22SingleThreadedExecutorEEEEEvPT_DpOT0_[_ZN9__gnu_cxx13new_allocatorIN17rclcpp_components16ComponentManagerEE9constructIS2_JRSt10shared_ptrIN6rclcpp9executors22SingleThreadedExecutorEEEEEvPT_DpOT0_]+0x109): undefined reference to `rclcpp_components::ComponentManager::ComponentManager(std::weak_ptr<rclcpp::Executor>, std::__cxx11::basic_string<char, std::char_traits<char>, std::allocator<char> >, rclcpp::NodeOptions const&)'
[6.930s] collect2: error: ld returned 1 exit status
[6.933s] make[2]: *** [CMakeFiles/component_container.dir/build.make:131: component_container] Error 1
[6.933s] make[1]: *** [CMakeFiles/Makefile2:111: CMakeFiles/component_container.dir/all] Error 2
[6.933s] make[1]: *** Waiting for unfinished jobs....
[7.088s] [ 90%] Built target pid_component
[7.089s] make: *** [Makefile:141: all] Error 2
[7.094s] Invoked command in '/home/isopodin-time/ros2_ws/build/muuv_ros' returned '2': CMAKE_PREFIX_PATH=${CMAKE_PREFIX_PATH}:/opt/ros/foxy /usr/bin/cmake --build /home/isopodin-time/ros2_ws/build/muuv_ros -- -j8 -l8
