[35m[1mScanning dependencies of target pid_recombiner[0m
[ 33%] Built target thrusters
[ 77%] Built target sensors
[ 88%] [32mBuilding CXX object CMakeFiles/pid_recombiner.dir/src/muuv_ros/pid_recombiner.cpp.o[0m
[01m[K/home/isopodin-time/ros2_ws/src/muuv_ros/src/muuv_ros/pid_recombiner.cpp:52:51:[m[K [01;31m[Kerror: [m[K‘[01m[KSharedPtr[m[K’ in ‘[01m[Kclass message_filters::Subscriber<custom_msg_srv::msg::Float64Stamped_<std::allocator<void> > >[m[K’ does not name a type
   52 |     message_filters::Subscriber<StampedFloatMsg>::[01;31m[KSharedPtr[m[K sub_x;
      |                                                   [01;31m[K^~~~~~~~~[m[K
[01m[K/home/isopodin-time/ros2_ws/src/muuv_ros/src/muuv_ros/pid_recombiner.cpp:53:51:[m[K [01;31m[Kerror: [m[K‘[01m[KSharedPtr[m[K’ in ‘[01m[Kclass message_filters::Subscriber<custom_msg_srv::msg::Float64Stamped_<std::allocator<void> > >[m[K’ does not name a type
   53 |     message_filters::Subscriber<StampedFloatMsg>::[01;31m[KSharedPtr[m[K sub_y;
      |                                                   [01;31m[K^~~~~~~~~[m[K
[01m[K/home/isopodin-time/ros2_ws/src/muuv_ros/src/muuv_ros/pid_recombiner.cpp:54:51:[m[K [01;31m[Kerror: [m[K‘[01m[KSharedPtr[m[K’ in ‘[01m[Kclass message_filters::Subscriber<custom_msg_srv::msg::Float64Stamped_<std::allocator<void> > >[m[K’ does not name a type
   54 |     message_filters::Subscriber<StampedFloatMsg>::[01;31m[KSharedPtr[m[K sub_z;
      |                                                   [01;31m[K^~~~~~~~~[m[K
[01m[K/home/isopodin-time/ros2_ws/src/muuv_ros/src/muuv_ros/pid_recombiner.cpp:55:51:[m[K [01;31m[Kerror: [m[K‘[01m[KSharedPtr[m[K’ in ‘[01m[Kclass message_filters::Subscriber<custom_msg_srv::msg::Float64Stamped_<std::allocator<void> > >[m[K’ does not name a type
   55 |     message_filters::Subscriber<StampedFloatMsg>::[01;31m[KSharedPtr[m[K sub_rx;
      |                                                   [01;31m[K^~~~~~~~~[m[K
[01m[K/home/isopodin-time/ros2_ws/src/muuv_ros/src/muuv_ros/pid_recombiner.cpp:56:51:[m[K [01;31m[Kerror: [m[K‘[01m[KSharedPtr[m[K’ in ‘[01m[Kclass message_filters::Subscriber<custom_msg_srv::msg::Float64Stamped_<std::allocator<void> > >[m[K’ does not name a type
   56 |     message_filters::Subscriber<StampedFloatMsg>::[01;31m[KSharedPtr[m[K sub_ry;
      |                                                   [01;31m[K^~~~~~~~~[m[K
[01m[K/home/isopodin-time/ros2_ws/src/muuv_ros/src/muuv_ros/pid_recombiner.cpp:57:51:[m[K [01;31m[Kerror: [m[K‘[01m[KSharedPtr[m[K’ in ‘[01m[Kclass message_filters::Subscriber<custom_msg_srv::msg::Float64Stamped_<std::allocator<void> > >[m[K’ does not name a type
   57 |     message_filters::Subscriber<StampedFloatMsg>::[01;31m[KSharedPtr[m[K sub_rz;
      |                                                   [01;31m[K^~~~~~~~~[m[K
[01m[K/home/isopodin-time/ros2_ws/src/muuv_ros/src/muuv_ros/pid_recombiner.cpp:60:5:[m[K [01;31m[Kerror: [m[K‘[01m[Kcustom_qos_profile[m[K’ does not name a type
   60 |     [01;31m[Kcustom_qos_profile[m[K.depth = 1;
      |     [01;31m[K^~~~~~~~~~~~~~~~~~[m[K
[01m[K/home/isopodin-time/ros2_ws/src/muuv_ros/src/muuv_ros/pid_recombiner.cpp:61:5:[m[K [01;31m[Kerror: [m[K‘[01m[Kcustom_qos_profile[m[K’ does not name a type
   61 |     [01;31m[Kcustom_qos_profile[m[K.reliability = rmw_qos_reliability_policy_t::RMW_QOS_POLICY_RELIABILITY_BEST_EFFORT;
      |     [01;31m[K^~~~~~~~~~~~~~~~~~[m[K
[01m[K/home/isopodin-time/ros2_ws/src/muuv_ros/src/muuv_ros/pid_recombiner.cpp:62:5:[m[K [01;31m[Kerror: [m[K‘[01m[Kcustom_qos_profile[m[K’ does not name a type
   62 |     [01;31m[Kcustom_qos_profile[m[K.history = rmw_qos_history_policy_t::RMW_QOS_POLICY_HISTORY_KEEP_LAST;
      |     [01;31m[K^~~~~~~~~~~~~~~~~~[m[K
[01m[K/home/isopodin-time/ros2_ws/src/muuv_ros/src/muuv_ros/pid_recombiner.cpp:63:5:[m[K [01;31m[Kerror: [m[K‘[01m[Kcustom_qos_profile[m[K’ does not name a type
   63 |     [01;31m[Kcustom_qos_profile[m[K.durability = rmw_qos_durability_policy_t::RMW_QOS_POLICY_DURABILITY_TRANSIENT_LOCAL;
      |     [01;31m[K^~~~~~~~~~~~~~~~~~[m[K
[01m[K/home/isopodin-time/ros2_ws/src/muuv_ros/src/muuv_ros/pid_recombiner.cpp:66:76:[m[K [01;31m[Kerror: [m[Kwrong number of template arguments (1, should be at least 2)
   66 |     typedef message_filters::sync_policies::ApproximateTime<StampedFloatMsg[01;31m[K>[m[K approximate_policy;
      |                                                                            [01;31m[K^[m[K
In file included from [01m[K/home/isopodin-time/ros2_ws/src/muuv_ros/src/muuv_ros/pid_recombiner.cpp:8[m[K:
[01m[K/opt/ros/foxy/include/message_filters/sync_policies/approximate_time.h:77:8:[m[K [01;36m[Knote: [m[Kprovided for ‘[01m[Ktemplate<class M0, class M1, class M2, class M3, class M4, class M5, class M6, class M7, class M8> struct message_filters::sync_policies::ApproximateTime[m[K’
   77 | struct [01;36m[KApproximateTime[m[K : public PolicyBase<M0, M1, M2, M3, M4, M5, M6, M7, M8>
      |        [01;36m[K^~~~~~~~~~~~~~~[m[K
[01m[K/home/isopodin-time/ros2_ws/src/muuv_ros/src/muuv_ros/pid_recombiner.cpp:67:90:[m[K [01;31m[Kerror: [m[Kexpected ‘[01m[K)[m[K’ before numeric constant
   67 |     message_filters::Synchronizer<approximate_policy> syncApproximate(approximate_policy[34m[K([m[K[01;31m[K1[m[K[32m[K0[m[K), sub_x, sub_y, sub_z,
      |                                                                                         [34m[K~[m[K[01;31m[K^[m[K[32m[K~[m[K
      |                                                                                          [32m[K)[m[K
[01m[K/home/isopodin-time/ros2_ws/src/muuv_ros/src/muuv_ros/pid_recombiner.cpp:67:90:[m[K [01;31m[Kerror: [m[Kexpected ‘[01m[K)[m[K’ before numeric constant
   67 |     message_filters::Synchronizer<approximate_policy> syncApproximate[34m[K([m[Kapproximate_policy([01;31m[K1[m[K[32m[K0[m[K), sub_x, sub_y, sub_z,
      |                                                                      [34m[K~[m[K                   [01;31m[K^[m[K[32m[K~[m[K
      |                                                                                          [32m[K)[m[K
[01m[K/home/isopodin-time/ros2_ws/src/muuv_ros/src/muuv_ros/pid_recombiner.cpp:67:89:[m[K [01;31m[Kerror: [m[Kexpected ‘[01m[K;[m[K’ at end of member declaration
   67 |     message_filters::Synchronizer<approximate_policy> syncApproximate(approximate_policy[01;31m[K([m[K10), sub_x, sub_y, sub_z,
      |                                                                                         [01;31m[K^[m[K
      |                                                                                          [32m[K;[m[K
[01m[K/home/isopodin-time/ros2_ws/src/muuv_ros/src/muuv_ros/pid_recombiner.cpp:67:90:[m[K [01;31m[Kerror: [m[Kexpected unqualified-id before numeric constant
   67 |     message_filters::Synchronizer<approximate_policy> syncApproximate(approximate_policy([01;31m[K10[m[K), sub_x, sub_y, sub_z,
      |                                                                                          [01;31m[K^~[m[K
[01m[K/home/isopodin-time/ros2_ws/src/muuv_ros/src/muuv_ros/pid_recombiner.cpp:[m[K In constructor ‘[01m[KPid_recombiner::Pid_recombiner()[m[K’:
[01m[K/home/isopodin-time/ros2_ws/src/muuv_ros/src/muuv_ros/pid_recombiner.cpp:23:28:[m[K [01;31m[Kerror: [m[Kexpected class-name before ‘[01m[K([m[K’ token
   23 |         : Node::make_shared[01;31m[K([m[K"pid_recombiner")
      |                            [01;31m[K^[m[K
[01m[K/home/isopodin-time/ros2_ws/src/muuv_ros/src/muuv_ros/pid_recombiner.cpp:23:28:[m[K [01;31m[Kerror: [m[Kno matching function for call to ‘[01m[Krclcpp::Node::Node()[m[K’
In file included from [01m[K/opt/ros/foxy/include/rclcpp/executors/single_threaded_executor.hpp:28[m[K,
                 from [01m[K/opt/ros/foxy/include/rclcpp/executors.hpp:22[m[K,
                 from [01m[K/opt/ros/foxy/include/rclcpp/rclcpp.hpp:146[m[K,
                 from [01m[K/home/isopodin-time/ros2_ws/src/muuv_ros/src/muuv_ros/pid_recombiner.cpp:5[m[K:
[01m[K/opt/ros/foxy/include/rclcpp/node.hpp:1193:3:[m[K [01;36m[Knote: [m[Kcandidate: ‘[01m[Krclcpp::Node::Node(const rclcpp::Node&, const string&)[m[K’
 1193 |   [01;36m[KNode[m[K(
      |   [01;36m[K^~~~[m[K
[01m[K/opt/ros/foxy/include/rclcpp/node.hpp:1193:3:[m[K [01;36m[Knote: [m[K  candidate expects 2 arguments, 0 provided
[01m[K/opt/ros/foxy/include/rclcpp/node.hpp:98:12:[m[K [01;36m[Knote: [m[Kcandidate: ‘[01m[Krclcpp::Node::Node(const string&, const string&, const rclcpp::NodeOptions&)[m[K’
   98 |   explicit [01;36m[KNode[m[K(
      |            [01;36m[K^~~~[m[K
[01m[K/opt/ros/foxy/include/rclcpp/node.hpp:98:12:[m[K [01;36m[Knote: [m[K  candidate expects 3 arguments, 0 provided
[01m[K/opt/ros/foxy/include/rclcpp/node.hpp:86:12:[m[K [01;36m[Knote: [m[Kcandidate: ‘[01m[Krclcpp::Node::Node(const string&, const rclcpp::NodeOptions&)[m[K’
   86 |   explicit [01;36m[KNode[m[K(
      |            [01;36m[K^~~~[m[K
[01m[K/opt/ros/foxy/include/rclcpp/node.hpp:86:12:[m[K [01;36m[Knote: [m[K  candidate expects 2 arguments, 0 provided
[01m[K/home/isopodin-time/ros2_ws/src/muuv_ros/src/muuv_ros/pid_recombiner.cpp:23:28:[m[K [01;31m[Kerror: [m[Kexpected ‘[01m[K{[m[K’ before ‘[01m[K([m[K’ token
   23 |         : Node::make_shared[01;31m[K([m[K"pid_recombiner")
      |                            [01;31m[K^[m[K
[01m[K/home/isopodin-time/ros2_ws/src/muuv_ros/src/muuv_ros/pid_recombiner.cpp:[m[K In member function ‘[01m[Kvoid Pid_recombiner::ctrl_effort_callback(custom_msg_srv::msg::Float64Stamped_<std::allocator<void> >::SharedPtr, custom_msg_srv::msg::Float64Stamped_<std::allocator<void> >::SharedPtr, custom_msg_srv::msg::Float64Stamped_<std::allocator<void> >::SharedPtr, custom_msg_srv::msg::Float64Stamped_<std::allocator<void> >::SharedPtr, custom_msg_srv::msg::Float64Stamped_<std::allocator<void> >::SharedPtr, custom_msg_srv::msg::Float64Stamped_<std::allocator<void> >::SharedPtr)[m[K’:
[01m[K/home/isopodin-time/ros2_ws/src/muuv_ros/src/muuv_ros/pid_recombiner.cpp:43:30:[m[K [01;31m[Kerror: [m[K‘[01m[Kconst SharedPtr[m[K’ {aka ‘[01m[Kconst class std::shared_ptr<custom_msg_srv::msg::Float64Stamped_<std::allocator<void> > >[m[K’} has no member named ‘[01m[Kdata[m[K’
   43 |         msg.linear.x = msg_x.[01;31m[Kdata[m[K;
      |                              [01;31m[K^~~~[m[K
[01m[K/home/isopodin-time/ros2_ws/src/muuv_ros/src/muuv_ros/pid_recombiner.cpp:44:30:[m[K [01;31m[Kerror: [m[K‘[01m[Kconst SharedPtr[m[K’ {aka ‘[01m[Kconst class std::shared_ptr<custom_msg_srv::msg::Float64Stamped_<std::allocator<void> > >[m[K’} has no member named ‘[01m[Kdata[m[K’
   44 |         msg.linear.y = msg_y.[01;31m[Kdata[m[K;
      |                              [01;31m[K^~~~[m[K
[01m[K/home/isopodin-time/ros2_ws/src/muuv_ros/src/muuv_ros/pid_recombiner.cpp:45:30:[m[K [01;31m[Kerror: [m[K‘[01m[Kconst SharedPtr[m[K’ {aka ‘[01m[Kconst class std::shared_ptr<custom_msg_srv::msg::Float64Stamped_<std::allocator<void> > >[m[K’} has no member named ‘[01m[Kdata[m[K’
   45 |         msg.linear.z = msg_z.[01;31m[Kdata[m[K;
      |                              [01;31m[K^~~~[m[K
[01m[K/home/isopodin-time/ros2_ws/src/muuv_ros/src/muuv_ros/pid_recombiner.cpp:46:32:[m[K [01;31m[Kerror: [m[K‘[01m[Kconst SharedPtr[m[K’ {aka ‘[01m[Kconst class std::shared_ptr<custom_msg_srv::msg::Float64Stamped_<std::allocator<void> > >[m[K’} has no member named ‘[01m[Kdata[m[K’
   46 |         msg.angular.x = msg_rx.[01;31m[Kdata[m[K;
      |                                [01;31m[K^~~~[m[K
[01m[K/home/isopodin-time/ros2_ws/src/muuv_ros/src/muuv_ros/pid_recombiner.cpp:47:32:[m[K [01;31m[Kerror: [m[K‘[01m[Kconst SharedPtr[m[K’ {aka ‘[01m[Kconst class std::shared_ptr<custom_msg_srv::msg::Float64Stamped_<std::allocator<void> > >[m[K’} has no member named ‘[01m[Kdata[m[K’
   47 |         msg.angular.y = msg_ry.[01;31m[Kdata[m[K;
      |                                [01;31m[K^~~~[m[K
[01m[K/home/isopodin-time/ros2_ws/src/muuv_ros/src/muuv_ros/pid_recombiner.cpp:48:32:[m[K [01;31m[Kerror: [m[K‘[01m[Kconst SharedPtr[m[K’ {aka ‘[01m[Kconst class std::shared_ptr<custom_msg_srv::msg::Float64Stamped_<std::allocator<void> > >[m[K’} has no member named ‘[01m[Kdata[m[K’
   48 |         msg.angular.z = msg_rz.[01;31m[Kdata[m[K;
      |                                [01;31m[K^~~~[m[K
[01m[K/home/isopodin-time/ros2_ws/src/muuv_ros/src/muuv_ros/pid_recombiner.cpp:[m[K At global scope:
[01m[K/home/isopodin-time/ros2_ws/src/muuv_ros/src/muuv_ros/pid_recombiner.cpp:79:5:[m[K [01;31m[Kerror: [m[Kredefinition of ‘[01m[Kint main(int, char**)[m[K’
   79 | int [01;31m[Kmain[m[K(int argc, char **argv)
      |     [01;31m[K^~~~[m[K
[01m[K/home/isopodin-time/ros2_ws/src/muuv_ros/src/muuv_ros/pid_recombiner.cpp:71:5:[m[K [01;36m[Knote: [m[K‘[01m[Kint main(int, char**)[m[K’ previously defined here
   71 | int [01;36m[Kmain[m[K(int argc, char *argv[])
      |     [01;36m[K^~~~[m[K
[01m[K/home/isopodin-time/ros2_ws/src/muuv_ros/src/muuv_ros/pid_recombiner.cpp:[m[K In function ‘[01m[Kint main(int, char**)[m[K’:
[01m[K/home/isopodin-time/ros2_ws/src/muuv_ros/src/muuv_ros/pid_recombiner.cpp:83:5:[m[K [01;31m[Kerror: [m[K‘[01m[Kg_node[m[K’ was not declared in this scope
   83 |     [01;31m[Kg_node[m[K = rclcpp::Node::make_shared("simple_time_sync");
      |     [01;31m[K^~~~~~[m[K
[01m[K/home/isopodin-time/ros2_ws/src/muuv_ros/src/muuv_ros/pid_recombiner.cpp:93:33:[m[K [01;31m[Kerror: [m[K‘[01m[KStampedStringMsg[m[K’ was not declared in this scope
   93 |     message_filters::Subscriber<[01;31m[KStampedStringMsg[m[K> string_sub(g_node, "stamped_string_topic", custom_qos_profile);
      |                                 [01;31m[K^~~~~~~~~~~~~~~~[m[K
[01m[K/home/isopodin-time/ros2_ws/src/muuv_ros/src/muuv_ros/pid_recombiner.cpp:93:49:[m[K [01;31m[Kerror: [m[Ktemplate argument 1 is invalid
   93 |     message_filters::Subscriber<StampedStringMsg[01;31m[K>[m[K string_sub(g_node, "stamped_string_topic", custom_qos_profile);
      |                                                 [01;31m[K^[m[K
[01m[K/home/isopodin-time/ros2_ws/src/muuv_ros/src/muuv_ros/pid_recombiner.cpp:93:112:[m[K [01;31m[Kerror: [m[Kexpression list treated as compound expression in initializer [[01;31m[K-fpermissive[m[K]
   93 |     message_filters::Subscriber<StampedStringMsg> string_sub(g_node, "stamped_string_topic", custom_qos_profile[01;31m[K)[m[K;
      |                                                                                                                [01;31m[K^[m[K
[01m[K/home/isopodin-time/ros2_ws/src/muuv_ros/src/muuv_ros/pid_recombiner.cpp:94:33:[m[K [01;31m[Kerror: [m[K‘[01m[KStampedBooleanMsg[m[K’ was not declared in this scope; did you mean ‘[01m[KStampedFloatMsg[m[K’?
   94 |     message_filters::Subscriber<[01;31m[KStampedBooleanMsg[m[K> bool_sub(g_node, "stamped_boolean_topic", custom_qos_profile);
      |                                 [01;31m[K^~~~~~~~~~~~~~~~~[m[K
      |                                 [32m[KStampedFloatMsg[m[K
[01m[K/home/isopodin-time/ros2_ws/src/muuv_ros/src/muuv_ros/pid_recombiner.cpp:94:50:[m[K [01;31m[Kerror: [m[Ktemplate argument 1 is invalid
   94 |     message_filters::Subscriber<StampedBooleanMsg[01;31m[K>[m[K bool_sub(g_node, "stamped_boolean_topic", custom_qos_profile);
      |                                                  [01;31m[K^[m[K
[01m[K/home/isopodin-time/ros2_ws/src/muuv_ros/src/muuv_ros/pid_recombiner.cpp:94:112:[m[K [01;31m[Kerror: [m[Kexpression list treated as compound expression in initializer [[01;31m[K-fpermissive[m[K]
   94 |     message_filters::Subscriber<StampedBooleanMsg> bool_sub(g_node, "stamped_boolean_topic", custom_qos_profile[01;31m[K)[m[K;
      |                                                                                                                [01;31m[K^[m[K
In file included from [01m[K/opt/ros/foxy/include/message_filters/time_synchronizer.h:41[m[K,
                 from [01m[K/home/isopodin-time/ros2_ws/src/muuv_ros/src/muuv_ros/pid_recombiner.cpp:7[m[K:
/opt/ros/foxy/include/message_filters/synchronizer.h: In instantiation of ‘[01m[Kclass message_filters::Synchronizer<int>[m[K’:
[01m[K/home/isopodin-time/ros2_ws/src/muuv_ros/src/muuv_ros/pid_recombiner.cpp:106:71:[m[K   required from here
[01m[K/opt/ros/foxy/include/message_filters/synchronizer.h:53:7:[m[K [01;31m[Kerror: [m[Kbase type ‘[01m[Kint[m[K’ fails to be a struct or class type
   53 | class [01;31m[KSynchronizer[m[K : public noncopyable, public Policy
      |       [01;31m[K^~~~~~~~~~~~[m[K
[01m[K/opt/ros/foxy/include/message_filters/synchronizer.h:56:37:[m[K [01;31m[Kerror: [m[K‘[01m[Kint[m[K’ is not a class, struct, or union type
   56 |   typedef typename Policy::Messages [01;31m[KMessages[m[K;
      |                                     [01;31m[K^~~~~~~~[m[K
[01m[K/opt/ros/foxy/include/message_filters/synchronizer.h:57:35:[m[K [01;31m[Kerror: [m[K‘[01m[Kint[m[K’ is not a class, struct, or union type
   57 |   typedef typename Policy::Events [01;31m[KEvents[m[K;
      |                                   [01;31m[K^~~~~~[m[K
[01m[K/opt/ros/foxy/include/message_filters/synchronizer.h:58:35:[m[K [01;31m[Kerror: [m[K‘[01m[Kint[m[K’ is not a class, struct, or union type
   58 |   typedef typename Policy::Signal [01;31m[KSignal[m[K;
      |                                   [01;31m[K^~~~~~[m[K
[01m[K/opt/ros/foxy/include/message_filters/synchronizer.h:60:58:[m[K [01;31m[Kerror: [m[K‘[01m[Kint[m[K’ is not a class, struct, or union type
   60 |   typedef typename std::tuple_element<0, Messages>::type [01;31m[KM0[m[K;
      |                                                          [01;31m[K^~[m[K
[01m[K/opt/ros/foxy/include/message_filters/synchronizer.h:61:58:[m[K [01;31m[Kerror: [m[K‘[01m[Kint[m[K’ is not a class, struct, or union type
   61 |   typedef typename std::tuple_element<1, Messages>::type [01;31m[KM1[m[K;
      |                                                          [01;31m[K^~[m[K
[01m[K/opt/ros/foxy/include/message_filters/synchronizer.h:62:58:[m[K [01;31m[Kerror: [m[K‘[01m[Kint[m[K’ is not a class, struct, or union type
   62 |   typedef typename std::tuple_element<2, Messages>::type [01;31m[KM2[m[K;
      |                                                          [01;31m[K^~[m[K
[01m[K/opt/ros/foxy/include/message_filters/synchronizer.h:63:58:[m[K [01;31m[Kerror: [m[K‘[01m[Kint[m[K’ is not a class, struct, or union type
   63 |   typedef typename std::tuple_element<3, Messages>::type [01;31m[KM3[m[K;
      |                                                          [01;31m[K^~[m[K
[01m[K/opt/ros/foxy/include/message_filters/synchronizer.h:64:58:[m[K [01;31m[Kerror: [m[K‘[01m[Kint[m[K’ is not a class, struct, or union type
   64 |   typedef typename std::tuple_element<4, Messages>::type [01;31m[KM4[m[K;
      |                                                          [01;31m[K^~[m[K
[01m[K/opt/ros/foxy/include/message_filters/synchronizer.h:65:58:[m[K [01;31m[Kerror: [m[K‘[01m[Kint[m[K’ is not a class, struct, or union type
   65 |   typedef typename std::tuple_element<5, Messages>::type [01;31m[KM5[m[K;
      |                                                          [01;31m[K^~[m[K
[01m[K/opt/ros/foxy/include/message_filters/synchronizer.h:66:58:[m[K [01;31m[Kerror: [m[K‘[01m[Kint[m[K’ is not a class, struct, or union type
   66 |   typedef typename std::tuple_element<6, Messages>::type [01;31m[KM6[m[K;
      |                                                          [01;31m[K^~[m[K
[01m[K/opt/ros/foxy/include/message_filters/synchronizer.h:67:58:[m[K [01;31m[Kerror: [m[K‘[01m[Kint[m[K’ is not a class, struct, or union type
   67 |   typedef typename std::tuple_element<7, Messages>::type [01;31m[KM7[m[K;
      |                                                          [01;31m[K^~[m[K
[01m[K/opt/ros/foxy/include/message_filters/synchronizer.h:68:58:[m[K [01;31m[Kerror: [m[K‘[01m[Kint[m[K’ is not a class, struct, or union type
   68 |   typedef typename std::tuple_element<8, Messages>::type [01;31m[KM8[m[K;
      |                                                          [01;31m[K^~[m[K
[01m[K/opt/ros/foxy/include/message_filters/synchronizer.h:71:56:[m[K [01;31m[Kerror: [m[K‘[01m[Kint[m[K’ is not a class, struct, or union type
   71 |   typedef typename std::tuple_element<0, Events>::type [01;31m[KM0Event[m[K;
      |                                                        [01;31m[K^~~~~~~[m[K
[01m[K/opt/ros/foxy/include/message_filters/synchronizer.h:72:56:[m[K [01;31m[Kerror: [m[K‘[01m[Kint[m[K’ is not a class, struct, or union type
   72 |   typedef typename std::tuple_element<1, Events>::type [01;31m[KM1Event[m[K;
      |                                                        [01;31m[K^~~~~~~[m[K
[01m[K/opt/ros/foxy/include/message_filters/synchronizer.h:73:56:[m[K [01;31m[Kerror: [m[K‘[01m[Kint[m[K’ is not a class, struct, or union type
   73 |   typedef typename std::tuple_element<2, Events>::type [01;31m[KM2Event[m[K;
      |                                                        [01;31m[K^~~~~~~[m[K
[01m[K/opt/ros/foxy/include/message_filters/synchronizer.h:74:56:[m[K [01;31m[Kerror: [m[K‘[01m[Kint[m[K’ is not a class, struct, or union type
   74 |   typedef typename std::tuple_element<3, Events>::type [01;31m[KM3Event[m[K;
      |                                                        [01;31m[K^~~~~~~[m[K
[01m[K/opt/ros/foxy/include/message_filters/synchronizer.h:75:56:[m[K [01;31m[Kerror: [m[K‘[01m[Kint[m[K’ is not a class, struct, or union type
   75 |   typedef typename std::tuple_element<4, Events>::type [01;31m[KM4Event[m[K;
      |                                                        [01;31m[K^~~~~~~[m[K
[01m[K/opt/ros/foxy/include/message_filters/synchronizer.h:76:56:[m[K [01;31m[Kerror: [m[K‘[01m[Kint[m[K’ is not a class, struct, or union type
   76 |   typedef typename std::tuple_element<5, Events>::type [01;31m[KM5Event[m[K;
      |                                                        [01;31m[K^~~~~~~[m[K
[01m[K/opt/ros/foxy/include/message_filters/synchronizer.h:77:56:[m[K [01;31m[Kerror: [m[K‘[01m[Kint[m[K’ is not a class, struct, or union type
   77 |   typedef typename std::tuple_element<6, Events>::type [01;31m[KM6Event[m[K;
      |                                                        [01;31m[K^~~~~~~[m[K
[01m[K/opt/ros/foxy/include/message_filters/synchronizer.h:78:56:[m[K [01;31m[Kerror: [m[K‘[01m[Kint[m[K’ is not a class, struct, or union type
   78 |   typedef typename std::tuple_element<7, Events>::type [01;31m[KM7Event[m[K;
      |                                                        [01;31m[K^~~~~~~[m[K
[01m[K/opt/ros/foxy/include/message_filters/synchronizer.h:79:56:[m[K [01;31m[Kerror: [m[K‘[01m[Kint[m[K’ is not a class, struct, or union type
   79 |   typedef typename std::tuple_element<8, Events>::type [01;31m[KM8Event[m[K;
      |                                                        [01;31m[K^~~~~~~[m[K
In file included from [01m[K/opt/ros/foxy/include/message_filters/time_synchronizer.h:41[m[K,
                 from [01m[K/home/isopodin-time/ros2_ws/src/muuv_ros/src/muuv_ros/pid_recombiner.cpp:7[m[K:
[01m[K/opt/ros/foxy/include/message_filters/synchronizer.h:325:17:[m[K [01;31m[Kerror: [m[Ktype ‘[01m[Kint[m[K’ is not a base type for type ‘[01m[Kmessage_filters::Synchronizer<int>[m[K’
  325 |   using Policy::[01;31m[Kadd[m[K;
      |                 [01;31m[K^~~[m[K
[01m[K/opt/ros/foxy/include/message_filters/synchronizer.h:328:8:[m[K [01;31m[Kerror: [m[K‘[01m[Kint[m[K’ is not a class, struct, or union type
  328 |   void [01;31m[Kadd[m[K(const std::shared_ptr<typename std::tuple_element<i, Messages>::type const>& msg)
      |        [01;31m[K^~~[m[K
[01m[K/opt/ros/foxy/include/message_filters/synchronizer.h:344:8:[m[K [01;31m[Kerror: [m[K‘[01m[Kint[m[K’ is not a class, struct, or union type
  344 |   void [01;31m[Kcb[m[K(const typename std::tuple_element<i, Events>::type& evt)
      |        [01;31m[K^~[m[K
[01m[K/home/isopodin-time/ros2_ws/src/muuv_ros/src/muuv_ros/pid_recombiner.cpp:109:32:[m[K [01;31m[Kerror: [m[K‘[01m[Kexact_sync_callback[m[K’ was not declared in this scope
  109 |     syncExact.registerCallback([01;31m[Kexact_sync_callback[m[K);
      |                                [01;31m[K^~~~~~~~~~~~~~~~~~~[m[K
[01m[K/home/isopodin-time/ros2_ws/src/muuv_ros/src/muuv_ros/pid_recombiner.cpp:119:38:[m[K [01;31m[Kerror: [m[K‘[01m[Kapproximate_sync_callback[m[K’ was not declared in this scope
  119 |     syncApproximate.registerCallback([01;31m[Kapproximate_sync_callback[m[K);
      |                                      [01;31m[K^~~~~~~~~~~~~~~~~~~~~~~~~[m[K
In file included from [01m[K/opt/ros/foxy/include/message_filters/time_synchronizer.h:41[m[K,
                 from [01m[K/home/isopodin-time/ros2_ws/src/muuv_ros/src/muuv_ros/pid_recombiner.cpp:7[m[K:
/opt/ros/foxy/include/message_filters/synchronizer.h: In instantiation of ‘[01m[Kmessage_filters::Synchronizer<Policy>::Synchronizer(const Policy&, F0&, F1&) [with F0 = int; F1 = int; Policy = int][m[K’:
[01m[K/home/isopodin-time/ros2_ws/src/muuv_ros/src/muuv_ros/pid_recombiner.cpp:106:97:[m[K   required from here
[01m[K/opt/ros/foxy/include/message_filters/synchronizer.h:146:18:[m[K [01;31m[Kerror: [m[Ktype ‘[01m[Kint[m[K’ is not a direct base of ‘[01m[Kmessage_filters::Synchronizer<int>[m[K’
  146 |   : Policy(policy[01;31m[K)[m[K
      |                  [01;31m[K^[m[K
make[2]: *** [CMakeFiles/pid_recombiner.dir/build.make:63: CMakeFiles/pid_recombiner.dir/src/muuv_ros/pid_recombiner.cpp.o] Error 1
make[1]: *** [CMakeFiles/Makefile2:109: CMakeFiles/pid_recombiner.dir/all] Error 2
make: *** [Makefile:141: all] Error 2
