[0.330s] Invoking command in '/home/isopodin-time/ros2_ws/build/uuv_auv_control_allocator': CMAKE_PREFIX_PATH=/home/isopodin-time/ros2_ws/install/plankton_utils:/home/isopodin-time/ros2_ws/install/plankton:/home/isopodin-time/ros2_ws/install/uuv_simulator:/home/isopodin-time/ros2_ws/install/uuv_world_ros_plugins:/home/isopodin-time/ros2_ws/install/uuv_control_utils:/home/isopodin-time/ros2_ws/install/uuv_world_ros_plugins_msgs:/home/isopodin-time/ros2_ws/install/uuv_world_plugins:/home/isopodin-time/ros2_ws/install/uuv_trajectory_control:/home/isopodin-time/ros2_ws/install/uuv_teleop:/home/isopodin-time/ros2_ws/install/uuv_thruster_manager:/home/isopodin-time/ros2_ws/install/uuv_descriptions:/home/isopodin-time/ros2_ws/install/uuv_sensor_ros_plugins:/home/isopodin-time/ros2_ws/install/uuv_sensor_ros_plugins_msgs:/home/isopodin-time/ros2_ws/install/uuv_gazebo_worlds:/home/isopodin-time/ros2_ws/install/uuv_gazebo_ros_plugins:/home/isopodin-time/ros2_ws/install/uuv_gazebo_ros_plugins_msgs:/home/isopodin-time/ros2_ws/install/uuv_gazebo_plugins:/home/isopodin-time/ros2_ws/install/uuv_gazebo:/home/isopodin-time/ros2_ws/install/uuv_control_msgs:/home/isopodin-time/ros2_ws/install/uuv_control_cascaded_pid:/home/isopodin-time/ros2_ws/install/uuv_auv_control_allocator:/home/isopodin-time/ros2_ws/install/uuv_assistants:/home/isopodin-time/ros2_ws/install/muuv_sim:/home/isopodin-time/ros2_ws/install/muuv_ros:/opt/ros/foxy PYTHONPATH=/home/isopodin-time/ros2_ws/install/plankton_utils/lib/python3.8/site-packages:/home/isopodin-time/ros2_ws/install/uuv_world_ros_plugins_msgs/lib/python3.8/site-packages:/home/isopodin-time/ros2_ws/install/uuv_trajectory_control/lib/python3.8/site-packages:/home/isopodin-time/ros2_ws/install/uuv_thruster_manager/lib/python3.8/site-packages:/home/isopodin-time/ros2_ws/install/uuv_sensor_ros_plugins_msgs/lib/python3.8/site-packages:/home/isopodin-time/ros2_ws/install/uuv_gazebo_ros_plugins_msgs/lib/python3.8/site-packages:/home/isopodin-time/ros2_ws/install/uuv_control_msgs/lib/python3.8/site-packages:/home/isopodin-time/ros2_ws/install/uuv_control_cascaded_pid/lib/python3.8/site-packages:/home/isopodin-time/ros2_ws/install/uuv_auv_control_allocator/lib/python3.8/site-packages:/home/isopodin-time/ros2_ws/install/uuv_assistants/lib/python3.8/site-packages:/opt/ros/foxy/lib/python3.8/site-packages /usr/bin/cmake --build /home/isopodin-time/ros2_ws/build/uuv_auv_control_allocator -- -j8 -l8
[0.591s] [  3%] Built target uuv_auv_control_allocator__cpp
[0.596s] [ 12%] Built target uuv_auv_control_allocator__rosidl_generator_c
[0.600s] [ 22%] Built target uuv_auv_control_allocator__rosidl_typesupport_introspection_cpp
[0.616s] [ 32%] Built target uuv_auv_control_allocator__rosidl_typesupport_cpp
[0.630s] [ 41%] Built target uuv_auv_control_allocator__rosidl_typesupport_fastrtps_cpp
[0.632s] [ 51%] Built target uuv_auv_control_allocator__rosidl_typesupport_introspection_c
[0.653s] [ 61%] Built target uuv_auv_control_allocator__rosidl_typesupport_c
[0.690s] [ 70%] Built target uuv_auv_control_allocator__rosidl_typesupport_fastrtps_c
[0.744s] [ 70%] Built target uuv_auv_control_allocator
[0.793s] [ 74%] Built target uuv_auv_control_allocator__py
[0.894s] [ 80%] Built target uuv_auv_control_allocator__python
[0.940s] [ 87%] Built target uuv_auv_control_allocator__rosidl_typesupport_introspection_c__pyext
[0.948s] [ 93%] Built target uuv_auv_control_allocator__rosidl_typesupport_c__pyext
[0.988s] [100%] Built target uuv_auv_control_allocator__rosidl_typesupport_fastrtps_c__pyext
[1.018s] Invoked command in '/home/isopodin-time/ros2_ws/build/uuv_auv_control_allocator' returned '0': CMAKE_PREFIX_PATH=/home/isopodin-time/ros2_ws/install/plankton_utils:/home/isopodin-time/ros2_ws/install/plankton:/home/isopodin-time/ros2_ws/install/uuv_simulator:/home/isopodin-time/ros2_ws/install/uuv_world_ros_plugins:/home/isopodin-time/ros2_ws/install/uuv_control_utils:/home/isopodin-time/ros2_ws/install/uuv_world_ros_plugins_msgs:/home/isopodin-time/ros2_ws/install/uuv_world_plugins:/home/isopodin-time/ros2_ws/install/uuv_trajectory_control:/home/isopodin-time/ros2_ws/install/uuv_teleop:/home/isopodin-time/ros2_ws/install/uuv_thruster_manager:/home/isopodin-time/ros2_ws/install/uuv_descriptions:/home/isopodin-time/ros2_ws/install/uuv_sensor_ros_plugins:/home/isopodin-time/ros2_ws/install/uuv_sensor_ros_plugins_msgs:/home/isopodin-time/ros2_ws/install/uuv_gazebo_worlds:/home/isopodin-time/ros2_ws/install/uuv_gazebo_ros_plugins:/home/isopodin-time/ros2_ws/install/uuv_gazebo_ros_plugins_msgs:/home/isopodin-time/ros2_ws/install/uuv_gazebo_plugins:/home/isopodin-time/ros2_ws/install/uuv_gazebo:/home/isopodin-time/ros2_ws/install/uuv_control_msgs:/home/isopodin-time/ros2_ws/install/uuv_control_cascaded_pid:/home/isopodin-time/ros2_ws/install/uuv_auv_control_allocator:/home/isopodin-time/ros2_ws/install/uuv_assistants:/home/isopodin-time/ros2_ws/install/muuv_sim:/home/isopodin-time/ros2_ws/install/muuv_ros:/opt/ros/foxy PYTHONPATH=/home/isopodin-time/ros2_ws/install/plankton_utils/lib/python3.8/site-packages:/home/isopodin-time/ros2_ws/install/uuv_world_ros_plugins_msgs/lib/python3.8/site-packages:/home/isopodin-time/ros2_ws/install/uuv_trajectory_control/lib/python3.8/site-packages:/home/isopodin-time/ros2_ws/install/uuv_thruster_manager/lib/python3.8/site-packages:/home/isopodin-time/ros2_ws/install/uuv_sensor_ros_plugins_msgs/lib/python3.8/site-packages:/home/isopodin-time/ros2_ws/install/uuv_gazebo_ros_plugins_msgs/lib/python3.8/site-packages:/home/isopodin-time/ros2_ws/install/uuv_control_msgs/lib/python3.8/site-packages:/home/isopodin-time/ros2_ws/install/uuv_control_cascaded_pid/lib/python3.8/site-packages:/home/isopodin-time/ros2_ws/install/uuv_auv_control_allocator/lib/python3.8/site-packages:/home/isopodin-time/ros2_ws/install/uuv_assistants/lib/python3.8/site-packages:/opt/ros/foxy/lib/python3.8/site-packages /usr/bin/cmake --build /home/isopodin-time/ros2_ws/build/uuv_auv_control_allocator -- -j8 -l8
[1.260s] Invoking command in '/home/isopodin-time/ros2_ws/build/uuv_auv_control_allocator': CMAKE_PREFIX_PATH=/home/isopodin-time/ros2_ws/install/plankton_utils:/home/isopodin-time/ros2_ws/install/plankton:/home/isopodin-time/ros2_ws/install/uuv_simulator:/home/isopodin-time/ros2_ws/install/uuv_world_ros_plugins:/home/isopodin-time/ros2_ws/install/uuv_control_utils:/home/isopodin-time/ros2_ws/install/uuv_world_ros_plugins_msgs:/home/isopodin-time/ros2_ws/install/uuv_world_plugins:/home/isopodin-time/ros2_ws/install/uuv_trajectory_control:/home/isopodin-time/ros2_ws/install/uuv_teleop:/home/isopodin-time/ros2_ws/install/uuv_thruster_manager:/home/isopodin-time/ros2_ws/install/uuv_descriptions:/home/isopodin-time/ros2_ws/install/uuv_sensor_ros_plugins:/home/isopodin-time/ros2_ws/install/uuv_sensor_ros_plugins_msgs:/home/isopodin-time/ros2_ws/install/uuv_gazebo_worlds:/home/isopodin-time/ros2_ws/install/uuv_gazebo_ros_plugins:/home/isopodin-time/ros2_ws/install/uuv_gazebo_ros_plugins_msgs:/home/isopodin-time/ros2_ws/install/uuv_gazebo_plugins:/home/isopodin-time/ros2_ws/install/uuv_gazebo:/home/isopodin-time/ros2_ws/install/uuv_control_msgs:/home/isopodin-time/ros2_ws/install/uuv_control_cascaded_pid:/home/isopodin-time/ros2_ws/install/uuv_auv_control_allocator:/home/isopodin-time/ros2_ws/install/uuv_assistants:/home/isopodin-time/ros2_ws/install/muuv_sim:/home/isopodin-time/ros2_ws/install/muuv_ros:/opt/ros/foxy PYTHONPATH=/home/isopodin-time/ros2_ws/install/plankton_utils/lib/python3.8/site-packages:/home/isopodin-time/ros2_ws/install/uuv_world_ros_plugins_msgs/lib/python3.8/site-packages:/home/isopodin-time/ros2_ws/install/uuv_trajectory_control/lib/python3.8/site-packages:/home/isopodin-time/ros2_ws/install/uuv_thruster_manager/lib/python3.8/site-packages:/home/isopodin-time/ros2_ws/install/uuv_sensor_ros_plugins_msgs/lib/python3.8/site-packages:/home/isopodin-time/ros2_ws/install/uuv_gazebo_ros_plugins_msgs/lib/python3.8/site-packages:/home/isopodin-time/ros2_ws/install/uuv_control_msgs/lib/python3.8/site-packages:/home/isopodin-time/ros2_ws/install/uuv_control_cascaded_pid/lib/python3.8/site-packages:/home/isopodin-time/ros2_ws/install/uuv_auv_control_allocator/lib/python3.8/site-packages:/home/isopodin-time/ros2_ws/install/uuv_assistants/lib/python3.8/site-packages:/opt/ros/foxy/lib/python3.8/site-packages /usr/bin/cmake --install /home/isopodin-time/ros2_ws/build/uuv_auv_control_allocator
[1.310s] -- Install configuration: ""
[1.311s] -- Up-to-date: /home/isopodin-time/ros2_ws/install/uuv_auv_control_allocator/share/ament_index/resource_index/rosidl_interfaces/uuv_auv_control_allocator
[1.312s] -- Up-to-date: /home/isopodin-time/ros2_ws/install/uuv_auv_control_allocator/include/uuv_auv_control_allocator
[1.312s] -- Up-to-date: /home/isopodin-time/ros2_ws/install/uuv_auv_control_allocator/include/uuv_auv_control_allocator/msg
[1.312s] -- Up-to-date: /home/isopodin-time/ros2_ws/install/uuv_auv_control_allocator/include/uuv_auv_control_allocator/msg/detail
[1.312s] -- Up-to-date: /home/isopodin-time/ros2_ws/install/uuv_auv_control_allocator/include/uuv_auv_control_allocator/msg/detail/auv_command__functions.h
[1.312s] -- Up-to-date: /home/isopodin-time/ros2_ws/install/uuv_auv_control_allocator/include/uuv_auv_control_allocator/msg/detail/auv_command__struct.h
[1.313s] -- Up-to-date: /home/isopodin-time/ros2_ws/install/uuv_auv_control_allocator/include/uuv_auv_control_allocator/msg/detail/auv_command__type_support.h
[1.313s] -- Up-to-date: /home/isopodin-time/ros2_ws/install/uuv_auv_control_allocator/include/uuv_auv_control_allocator/msg/detail/auv_command__functions.c
[1.313s] -- Up-to-date: /home/isopodin-time/ros2_ws/install/uuv_auv_control_allocator/include/uuv_auv_control_allocator/msg/auv_command.h
[1.313s] -- Up-to-date: /home/isopodin-time/ros2_ws/install/uuv_auv_control_allocator/include/uuv_auv_control_allocator/msg/rosidl_generator_c__visibility_control.h
[1.313s] -- Up-to-date: /home/isopodin-time/ros2_ws/install/uuv_auv_control_allocator/share/uuv_auv_control_allocator/environment/library_path.sh
[1.313s] -- Up-to-date: /home/isopodin-time/ros2_ws/install/uuv_auv_control_allocator/share/uuv_auv_control_allocator/environment/library_path.dsv
[1.313s] -- Up-to-date: /home/isopodin-time/ros2_ws/install/uuv_auv_control_allocator/lib/libuuv_auv_control_allocator__rosidl_generator_c.so
[1.313s] -- Up-to-date: /home/isopodin-time/ros2_ws/install/uuv_auv_control_allocator/include/uuv_auv_control_allocator
[1.314s] -- Up-to-date: /home/isopodin-time/ros2_ws/install/uuv_auv_control_allocator/include/uuv_auv_control_allocator/msg
[1.314s] -- Up-to-date: /home/isopodin-time/ros2_ws/install/uuv_auv_control_allocator/include/uuv_auv_control_allocator/msg/rosidl_typesupport_fastrtps_c__visibility_control.h
[1.314s] -- Up-to-date: /home/isopodin-time/ros2_ws/install/uuv_auv_control_allocator/include/uuv_auv_control_allocator/msg/detail
[1.314s] -- Up-to-date: /home/isopodin-time/ros2_ws/install/uuv_auv_control_allocator/include/uuv_auv_control_allocator/msg/detail/auv_command__rosidl_typesupport_fastrtps_c.h
[1.314s] -- Up-to-date: /home/isopodin-time/ros2_ws/install/uuv_auv_control_allocator/lib/libuuv_auv_control_allocator__rosidl_typesupport_fastrtps_c.so
[1.314s] -- Up-to-date: /home/isopodin-time/ros2_ws/install/uuv_auv_control_allocator/include/uuv_auv_control_allocator
[1.314s] -- Up-to-date: /home/isopodin-time/ros2_ws/install/uuv_auv_control_allocator/include/uuv_auv_control_allocator/msg
[1.314s] -- Up-to-date: /home/isopodin-time/ros2_ws/install/uuv_auv_control_allocator/include/uuv_auv_control_allocator/msg/detail
[1.315s] -- Up-to-date: /home/isopodin-time/ros2_ws/install/uuv_auv_control_allocator/include/uuv_auv_control_allocator/msg/detail/dds_fastrtps
[1.315s] -- Up-to-date: /home/isopodin-time/ros2_ws/install/uuv_auv_control_allocator/include/uuv_auv_control_allocator/msg/detail/auv_command__rosidl_typesupport_fastrtps_cpp.hpp
[1.315s] -- Up-to-date: /home/isopodin-time/ros2_ws/install/uuv_auv_control_allocator/include/uuv_auv_control_allocator/msg/rosidl_typesupport_fastrtps_cpp__visibility_control.h
[1.315s] -- Up-to-date: /home/isopodin-time/ros2_ws/install/uuv_auv_control_allocator/lib/libuuv_auv_control_allocator__rosidl_typesupport_fastrtps_cpp.so
[1.315s] -- Up-to-date: /home/isopodin-time/ros2_ws/install/uuv_auv_control_allocator/include/uuv_auv_control_allocator
[1.315s] -- Up-to-date: /home/isopodin-time/ros2_ws/install/uuv_auv_control_allocator/include/uuv_auv_control_allocator/msg
[1.315s] -- Up-to-date: /home/isopodin-time/ros2_ws/install/uuv_auv_control_allocator/include/uuv_auv_control_allocator/msg/detail
[1.315s] -- Up-to-date: /home/isopodin-time/ros2_ws/install/uuv_auv_control_allocator/include/uuv_auv_control_allocator/msg/detail/auv_command__type_support.c
[1.315s] -- Up-to-date: /home/isopodin-time/ros2_ws/install/uuv_auv_control_allocator/include/uuv_auv_control_allocator/msg/detail/auv_command__rosidl_typesupport_introspection_c.h
[1.316s] -- Up-to-date: /home/isopodin-time/ros2_ws/install/uuv_auv_control_allocator/include/uuv_auv_control_allocator/msg/rosidl_typesupport_introspection_c__visibility_control.h
[1.318s] -- Up-to-date: /home/isopodin-time/ros2_ws/install/uuv_auv_control_allocator/lib/libuuv_auv_control_allocator__rosidl_typesupport_introspection_c.so
[1.321s] -- Up-to-date: /home/isopodin-time/ros2_ws/install/uuv_auv_control_allocator/lib/libuuv_auv_control_allocator__rosidl_typesupport_c.so
[1.322s] -- Up-to-date: /home/isopodin-time/ros2_ws/install/uuv_auv_control_allocator/include/uuv_auv_control_allocator
[1.322s] -- Up-to-date: /home/isopodin-time/ros2_ws/install/uuv_auv_control_allocator/include/uuv_auv_control_allocator/msg
[1.323s] -- Up-to-date: /home/isopodin-time/ros2_ws/install/uuv_auv_control_allocator/include/uuv_auv_control_allocator/msg/detail
[1.323s] -- Up-to-date: /home/isopodin-time/ros2_ws/install/uuv_auv_control_allocator/include/uuv_auv_control_allocator/msg/detail/auv_command__type_support.hpp
[1.325s] -- Up-to-date: /home/isopodin-time/ros2_ws/install/uuv_auv_control_allocator/include/uuv_auv_control_allocator/msg/detail/auv_command__builder.hpp
[1.325s] -- Up-to-date: /home/isopodin-time/ros2_ws/install/uuv_auv_control_allocator/include/uuv_auv_control_allocator/msg/detail/auv_command__struct.hpp
[1.325s] -- Up-to-date: /home/isopodin-time/ros2_ws/install/uuv_auv_control_allocator/include/uuv_auv_control_allocator/msg/detail/auv_command__traits.hpp
[1.325s] -- Up-to-date: /home/isopodin-time/ros2_ws/install/uuv_auv_control_allocator/include/uuv_auv_control_allocator/msg/rosidl_generator_cpp__visibility_control.hpp
[1.326s] -- Up-to-date: /home/isopodin-time/ros2_ws/install/uuv_auv_control_allocator/include/uuv_auv_control_allocator/msg/auv_command.hpp
[1.326s] -- Up-to-date: /home/isopodin-time/ros2_ws/install/uuv_auv_control_allocator/include/uuv_auv_control_allocator
[1.326s] -- Up-to-date: /home/isopodin-time/ros2_ws/install/uuv_auv_control_allocator/include/uuv_auv_control_allocator/msg
[1.327s] -- Up-to-date: /home/isopodin-time/ros2_ws/install/uuv_auv_control_allocator/include/uuv_auv_control_allocator/msg/detail
[1.327s] -- Up-to-date: /home/isopodin-time/ros2_ws/install/uuv_auv_control_allocator/include/uuv_auv_control_allocator/msg/detail/auv_command__type_support.cpp
[1.327s] -- Up-to-date: /home/isopodin-time/ros2_ws/install/uuv_auv_control_allocator/include/uuv_auv_control_allocator/msg/detail/auv_command__rosidl_typesupport_introspection_cpp.hpp
[1.328s] -- Up-to-date: /home/isopodin-time/ros2_ws/install/uuv_auv_control_allocator/lib/libuuv_auv_control_allocator__rosidl_typesupport_introspection_cpp.so
[1.328s] -- Up-to-date: /home/isopodin-time/ros2_ws/install/uuv_auv_control_allocator/lib/libuuv_auv_control_allocator__rosidl_typesupport_cpp.so
[1.328s] -- Up-to-date: /home/isopodin-time/ros2_ws/install/uuv_auv_control_allocator/share/uuv_auv_control_allocator/environment/pythonpath.sh
[1.328s] -- Up-to-date: /home/isopodin-time/ros2_ws/install/uuv_auv_control_allocator/share/uuv_auv_control_allocator/environment/pythonpath.dsv
[1.329s] -- Up-to-date: /home/isopodin-time/ros2_ws/install/uuv_auv_control_allocator/lib/python3.8/site-packages/uuv_auv_control_allocator/__init__.py
[1.405s] -- Up-to-date: /home/isopodin-time/ros2_ws/install/uuv_auv_control_allocator/lib/python3.8/site-packages/uuv_auv_control_allocator/msg
[1.407s] -- Up-to-date: /home/isopodin-time/ros2_ws/install/uuv_auv_control_allocator/lib/python3.8/site-packages/uuv_auv_control_allocator/msg/__init__.py
[1.408s] -- Up-to-date: /home/isopodin-time/ros2_ws/install/uuv_auv_control_allocator/lib/python3.8/site-packages/uuv_auv_control_allocator/msg/_auv_command.py
[1.410s] -- Up-to-date: /home/isopodin-time/ros2_ws/install/uuv_auv_control_allocator/lib/python3.8/site-packages/uuv_auv_control_allocator/msg/_auv_command_s.c
[1.410s] -- Up-to-date: /home/isopodin-time/ros2_ws/install/uuv_auv_control_allocator/lib/python3.8/site-packages/uuv_auv_control_allocator/uuv_auv_control_allocator_s__rosidl_typesupport_fastrtps_c.cpython-38-x86_64-linux-gnu.so
[1.411s] -- Up-to-date: /home/isopodin-time/ros2_ws/install/uuv_auv_control_allocator/lib/python3.8/site-packages/uuv_auv_control_allocator/uuv_auv_control_allocator_s__rosidl_typesupport_introspection_c.cpython-38-x86_64-linux-gnu.so
[1.412s] -- Up-to-date: /home/isopodin-time/ros2_ws/install/uuv_auv_control_allocator/lib/python3.8/site-packages/uuv_auv_control_allocator/uuv_auv_control_allocator_s__rosidl_typesupport_c.cpython-38-x86_64-linux-gnu.so
[1.419s] -- Up-to-date: /home/isopodin-time/ros2_ws/install/uuv_auv_control_allocator/lib/libuuv_auv_control_allocator__python.so
[1.427s] -- Up-to-date: /home/isopodin-time/ros2_ws/install/uuv_auv_control_allocator/share/uuv_auv_control_allocator/msg/AUVCommand.idl
[1.427s] -- Up-to-date: /home/isopodin-time/ros2_ws/install/uuv_auv_control_allocator/share/uuv_auv_control_allocator/msg/AUVCommand.msg
[1.432s] -- Up-to-date: /home/isopodin-time/ros2_ws/install/uuv_auv_control_allocator/lib/python3.8/site-packages/uuv_auv_actuator_interface
[1.435s] -- Up-to-date: /home/isopodin-time/ros2_ws/install/uuv_auv_control_allocator/lib/python3.8/site-packages/uuv_auv_actuator_interface/__init__.py
[1.435s] -- Up-to-date: /home/isopodin-time/ros2_ws/install/uuv_auv_control_allocator/lib/python3.8/site-packages/uuv_auv_actuator_interface/fin_model.py
[1.435s] -- Up-to-date: /home/isopodin-time/ros2_ws/install/uuv_auv_control_allocator/lib/python3.8/site-packages/uuv_auv_actuator_interface/actuator_manager.py
[1.519s] Listing '/home/isopodin-time/ros2_ws/install/uuv_auv_control_allocator/lib/python3.8/site-packages/uuv_auv_actuator_interface'...
[1.519s] Compiling '/home/isopodin-time/ros2_ws/install/uuv_auv_control_allocator/lib/python3.8/site-packages/uuv_auv_actuator_interface/actuator_manager.py'...
[1.520s] ***   File "/home/isopodin-time/ros2_ws/install/uuv_auv_control_allocator/lib/python3.8/site-packages/uuv_auv_actuator_interface/actuator_manager.py", line 237
[1.520s]     def build_topic_name(self, namespace, topic_prefix, id, topic_prefix):
[1.520s]     ^
[1.520s] SyntaxError: duplicate argument 'topic_prefix' in function definition
[1.520s] 
[1.540s] -- Up-to-date: /home/isopodin-time/ros2_ws/install/uuv_auv_control_allocator/share/uuv_auv_control_allocator/launch
[1.542s] -- Up-to-date: /home/isopodin-time/ros2_ws/install/uuv_auv_control_allocator/share/uuv_auv_control_allocator/launch/start_control_allocator.launch
[1.552s] -- Up-to-date: /home/isopodin-time/ros2_ws/install/uuv_auv_control_allocator/lib/uuv_auv_control_allocator/control_allocator
[1.553s] -- Up-to-date: /home/isopodin-time/ros2_ws/install/uuv_auv_control_allocator/share/ament_index/resource_index/package_run_dependencies/uuv_auv_control_allocator
[1.553s] -- Up-to-date: /home/isopodin-time/ros2_ws/install/uuv_auv_control_allocator/share/ament_index/resource_index/parent_prefix_path/uuv_auv_control_allocator
[1.553s] -- Up-to-date: /home/isopodin-time/ros2_ws/install/uuv_auv_control_allocator/share/uuv_auv_control_allocator/environment/ament_prefix_path.sh
[1.553s] -- Up-to-date: /home/isopodin-time/ros2_ws/install/uuv_auv_control_allocator/share/uuv_auv_control_allocator/environment/ament_prefix_path.dsv
[1.553s] -- Up-to-date: /home/isopodin-time/ros2_ws/install/uuv_auv_control_allocator/share/uuv_auv_control_allocator/environment/path.sh
[1.554s] -- Up-to-date: /home/isopodin-time/ros2_ws/install/uuv_auv_control_allocator/share/uuv_auv_control_allocator/environment/path.dsv
[1.555s] -- Up-to-date: /home/isopodin-time/ros2_ws/install/uuv_auv_control_allocator/share/uuv_auv_control_allocator/local_setup.bash
[1.555s] -- Up-to-date: /home/isopodin-time/ros2_ws/install/uuv_auv_control_allocator/share/uuv_auv_control_allocator/local_setup.sh
[1.557s] -- Up-to-date: /home/isopodin-time/ros2_ws/install/uuv_auv_control_allocator/share/uuv_auv_control_allocator/local_setup.zsh
[1.558s] -- Up-to-date: /home/isopodin-time/ros2_ws/install/uuv_auv_control_allocator/share/uuv_auv_control_allocator/local_setup.dsv
[1.558s] -- Installing: /home/isopodin-time/ros2_ws/install/uuv_auv_control_allocator/share/uuv_auv_control_allocator/package.dsv
[1.559s] -- Up-to-date: /home/isopodin-time/ros2_ws/install/uuv_auv_control_allocator/share/ament_index/resource_index/packages/uuv_auv_control_allocator
[1.560s] -- Up-to-date: /home/isopodin-time/ros2_ws/install/uuv_auv_control_allocator/share/uuv_auv_control_allocator/cmake/uuv_auv_control_allocator__rosidl_generator_cExport.cmake
[1.561s] -- Up-to-date: /home/isopodin-time/ros2_ws/install/uuv_auv_control_allocator/share/uuv_auv_control_allocator/cmake/uuv_auv_control_allocator__rosidl_generator_cExport-noconfig.cmake
[1.562s] -- Up-to-date: /home/isopodin-time/ros2_ws/install/uuv_auv_control_allocator/share/uuv_auv_control_allocator/cmake/uuv_auv_control_allocator__rosidl_typesupport_introspection_cExport.cmake
[1.563s] -- Up-to-date: /home/isopodin-time/ros2_ws/install/uuv_auv_control_allocator/share/uuv_auv_control_allocator/cmake/uuv_auv_control_allocator__rosidl_typesupport_introspection_cExport-noconfig.cmake
[1.565s] -- Up-to-date: /home/isopodin-time/ros2_ws/install/uuv_auv_control_allocator/share/uuv_auv_control_allocator/cmake/uuv_auv_control_allocator__rosidl_typesupport_cExport.cmake
[1.565s] -- Up-to-date: /home/isopodin-time/ros2_ws/install/uuv_auv_control_allocator/share/uuv_auv_control_allocator/cmake/uuv_auv_control_allocator__rosidl_typesupport_cExport-noconfig.cmake
[1.567s] -- Up-to-date: /home/isopodin-time/ros2_ws/install/uuv_auv_control_allocator/share/uuv_auv_control_allocator/cmake/uuv_auv_control_allocator__rosidl_generator_cppExport.cmake
[1.567s] -- Up-to-date: /home/isopodin-time/ros2_ws/install/uuv_auv_control_allocator/share/uuv_auv_control_allocator/cmake/uuv_auv_control_allocator__rosidl_typesupport_introspection_cppExport.cmake
[1.568s] -- Up-to-date: /home/isopodin-time/ros2_ws/install/uuv_auv_control_allocator/share/uuv_auv_control_allocator/cmake/uuv_auv_control_allocator__rosidl_typesupport_introspection_cppExport-noconfig.cmake
[1.569s] -- Up-to-date: /home/isopodin-time/ros2_ws/install/uuv_auv_control_allocator/share/uuv_auv_control_allocator/cmake/uuv_auv_control_allocator__rosidl_typesupport_cppExport.cmake
[1.569s] -- Up-to-date: /home/isopodin-time/ros2_ws/install/uuv_auv_control_allocator/share/uuv_auv_control_allocator/cmake/uuv_auv_control_allocator__rosidl_typesupport_cppExport-noconfig.cmake
[1.570s] -- Up-to-date: /home/isopodin-time/ros2_ws/install/uuv_auv_control_allocator/share/uuv_auv_control_allocator/cmake/rosidl_cmake-extras.cmake
[1.573s] -- Up-to-date: /home/isopodin-time/ros2_ws/install/uuv_auv_control_allocator/share/uuv_auv_control_allocator/cmake/ament_cmake_export_dependencies-extras.cmake
[1.575s] -- Up-to-date: /home/isopodin-time/ros2_ws/install/uuv_auv_control_allocator/share/uuv_auv_control_allocator/cmake/ament_cmake_export_libraries-extras.cmake
[1.575s] -- Up-to-date: /home/isopodin-time/ros2_ws/install/uuv_auv_control_allocator/share/uuv_auv_control_allocator/cmake/ament_cmake_export_targets-extras.cmake
[1.575s] -- Up-to-date: /home/isopodin-time/ros2_ws/install/uuv_auv_control_allocator/share/uuv_auv_control_allocator/cmake/ament_cmake_export_include_directories-extras.cmake
[1.575s] -- Up-to-date: /home/isopodin-time/ros2_ws/install/uuv_auv_control_allocator/share/uuv_auv_control_allocator/cmake/rosidl_cmake_export_typesupport_libraries-extras.cmake
[1.576s] -- Up-to-date: /home/isopodin-time/ros2_ws/install/uuv_auv_control_allocator/share/uuv_auv_control_allocator/cmake/rosidl_cmake_export_typesupport_targets-extras.cmake
[1.579s] -- Up-to-date: /home/isopodin-time/ros2_ws/install/uuv_auv_control_allocator/share/uuv_auv_control_allocator/cmake/uuv_auv_control_allocatorConfig.cmake
[1.581s] -- Up-to-date: /home/isopodin-time/ros2_ws/install/uuv_auv_control_allocator/share/uuv_auv_control_allocator/cmake/uuv_auv_control_allocatorConfig-version.cmake
[1.589s] -- Up-to-date: /home/isopodin-time/ros2_ws/install/uuv_auv_control_allocator/share/uuv_auv_control_allocator/package.xml
[1.645s] Invoked command in '/home/isopodin-time/ros2_ws/build/uuv_auv_control_allocator' returned '0': CMAKE_PREFIX_PATH=/home/isopodin-time/ros2_ws/install/plankton_utils:/home/isopodin-time/ros2_ws/install/plankton:/home/isopodin-time/ros2_ws/install/uuv_simulator:/home/isopodin-time/ros2_ws/install/uuv_world_ros_plugins:/home/isopodin-time/ros2_ws/install/uuv_control_utils:/home/isopodin-time/ros2_ws/install/uuv_world_ros_plugins_msgs:/home/isopodin-time/ros2_ws/install/uuv_world_plugins:/home/isopodin-time/ros2_ws/install/uuv_trajectory_control:/home/isopodin-time/ros2_ws/install/uuv_teleop:/home/isopodin-time/ros2_ws/install/uuv_thruster_manager:/home/isopodin-time/ros2_ws/install/uuv_descriptions:/home/isopodin-time/ros2_ws/install/uuv_sensor_ros_plugins:/home/isopodin-time/ros2_ws/install/uuv_sensor_ros_plugins_msgs:/home/isopodin-time/ros2_ws/install/uuv_gazebo_worlds:/home/isopodin-time/ros2_ws/install/uuv_gazebo_ros_plugins:/home/isopodin-time/ros2_ws/install/uuv_gazebo_ros_plugins_msgs:/home/isopodin-time/ros2_ws/install/uuv_gazebo_plugins:/home/isopodin-time/ros2_ws/install/uuv_gazebo:/home/isopodin-time/ros2_ws/install/uuv_control_msgs:/home/isopodin-time/ros2_ws/install/uuv_control_cascaded_pid:/home/isopodin-time/ros2_ws/install/uuv_auv_control_allocator:/home/isopodin-time/ros2_ws/install/uuv_assistants:/home/isopodin-time/ros2_ws/install/muuv_sim:/home/isopodin-time/ros2_ws/install/muuv_ros:/opt/ros/foxy PYTHONPATH=/home/isopodin-time/ros2_ws/install/plankton_utils/lib/python3.8/site-packages:/home/isopodin-time/ros2_ws/install/uuv_world_ros_plugins_msgs/lib/python3.8/site-packages:/home/isopodin-time/ros2_ws/install/uuv_trajectory_control/lib/python3.8/site-packages:/home/isopodin-time/ros2_ws/install/uuv_thruster_manager/lib/python3.8/site-packages:/home/isopodin-time/ros2_ws/install/uuv_sensor_ros_plugins_msgs/lib/python3.8/site-packages:/home/isopodin-time/ros2_ws/install/uuv_gazebo_ros_plugins_msgs/lib/python3.8/site-packages:/home/isopodin-time/ros2_ws/install/uuv_control_msgs/lib/python3.8/site-packages:/home/isopodin-time/ros2_ws/install/uuv_control_cascaded_pid/lib/python3.8/site-packages:/home/isopodin-time/ros2_ws/install/uuv_auv_control_allocator/lib/python3.8/site-packages:/home/isopodin-time/ros2_ws/install/uuv_assistants/lib/python3.8/site-packages:/opt/ros/foxy/lib/python3.8/site-packages /usr/bin/cmake --install /home/isopodin-time/ros2_ws/build/uuv_auv_control_allocator
