[35m[1mScanning dependencies of target sensors[0m
[ 27%] Built target thrusters
[ 45%] Built target imu_repub
[ 63%] Built target pid_recombiner
[ 72%] [32mBuilding CXX object CMakeFiles/sensors.dir/src/xsens_mti_i2c/MTi.cpp.o[0m
[ 81%] [32mBuilding CXX object CMakeFiles/sensors.dir/src/xsens_mti_i2c/Xbus.cpp.o[0m
[ 90%] [32mBuilding CXX object CMakeFiles/sensors.dir/src/muuv_ros/sensors.cpp.o[0m
[01m[K/home/isopodin-time/ros2_ws/src/muuv_ros/src/xsens_mti_i2c/Xbus.cpp:[m[K In member function ‘[01m[Kbool Xbus::setPi(int)[m[K’:
[01m[K/home/isopodin-time/ros2_ws/src/muuv_ros/src/xsens_mti_i2c/Xbus.cpp:32:1:[m[K [01;35m[Kwarning: [m[Kno return statement in function returning non-void [[01;35m[K-Wreturn-type[m[K]
   32 | [01;35m[K}[m[K
      | [01;35m[K^[m[K
[01m[K/home/isopodin-time/ros2_ws/src/muuv_ros/src/xsens_mti_i2c/Xbus.cpp:[m[K In member function ‘[01m[Kvoid Xbus::dataswapendian(char*, uint8_t)[m[K’:
[01m[K/home/isopodin-time/ros2_ws/src/muuv_ros/src/xsens_mti_i2c/Xbus.cpp:258:11:[m[K [01;35m[Kwarning: [m[KISO C++ forbids variable length array ‘[01m[Kcpy[m[K’ [[01;35m[K-Wvla[m[K]
  258 |   uint8_t [01;35m[Kcpy[m[K[length];       // Create a copy of the data
      |           [01;35m[K^~~[m[K
[01m[K/home/isopodin-time/ros2_ws/src/muuv_ros/src/xsens_mti_i2c/MTi.cpp:[m[K In member function ‘[01m[Kbool MTi::setPi(int)[m[K’:
[01m[K/home/isopodin-time/ros2_ws/src/muuv_ros/src/xsens_mti_i2c/MTi.cpp:30:1:[m[K [01;35m[Kwarning: [m[Kno return statement in function returning non-void [[01;35m[K-Wreturn-type[m[K]
   30 | [01;35m[K}[m[K
      | [01;35m[K^[m[K
[01m[K/home/isopodin-time/ros2_ws/src/muuv_ros/src/muuv_ros/sensors.cpp:[m[K In destructor ‘[01m[Kvirtual Sensors::~Sensors()[m[K’:
[01m[K/home/isopodin-time/ros2_ws/src/muuv_ros/src/muuv_ros/sensors.cpp:39:8:[m[K [01;31m[Kerror: [m[Kbase operand of ‘[01m[K->[m[K’ has non-pointer type ‘[01m[KMTi[m[K’
   39 |     imu[01;31m[K->[m[K~MTi();
      |        [01;31m[K^~[m[K
[01m[K/home/isopodin-time/ros2_ws/src/muuv_ros/src/muuv_ros/sensors.cpp:40:12:[m[K [01;31m[Kerror: [m[Ktype ‘[01m[Kclass MTi[m[K’ argument given to ‘[01m[Kdelete[m[K’, expected pointer
   40 |     delete [01;31m[Kimu[m[K;
      |            [01;31m[K^~~[m[K
make[2]: *** [CMakeFiles/sensors.dir/build.make:63: CMakeFiles/sensors.dir/src/muuv_ros/sensors.cpp.o] Error 1
make[1]: *** [CMakeFiles/Makefile2:111: CMakeFiles/sensors.dir/all] Error 2
make: *** [Makefile:141: all] Error 2
